[2023-11-01T19:55:01.274+0000] {taskinstance.py:1165} INFO - Dependencies all met for <TaskInstance: xcom_dag.t2 scheduled__2023-10-31T00:00:00+00:00 [queued]>
[2023-11-01T19:55:01.289+0000] {taskinstance.py:1165} INFO - Dependencies all met for <TaskInstance: xcom_dag.t2 scheduled__2023-10-31T00:00:00+00:00 [queued]>
[2023-11-01T19:55:01.290+0000] {taskinstance.py:1362} INFO - 
--------------------------------------------------------------------------------
[2023-11-01T19:55:01.290+0000] {taskinstance.py:1363} INFO - Starting attempt 1 of 1
[2023-11-01T19:55:01.291+0000] {taskinstance.py:1364} INFO - 
--------------------------------------------------------------------------------
[2023-11-01T19:55:01.312+0000] {taskinstance.py:1383} INFO - Executing <Task(PythonOperator): t2> on 2023-10-31 00:00:00+00:00
[2023-11-01T19:55:01.319+0000] {standard_task_runner.py:55} INFO - Started process 1476 to run task
[2023-11-01T19:55:01.322+0000] {standard_task_runner.py:82} INFO - Running: ['***', 'tasks', 'run', 'xcom_dag', 't2', 'scheduled__2023-10-31T00:00:00+00:00', '--job-id', '12', '--raw', '--subdir', 'DAGS_FOLDER/xcom_dag.py', '--cfg-path', '/tmp/tmp9rwt7lqb']
[2023-11-01T19:55:01.323+0000] {standard_task_runner.py:83} INFO - Job 12: Subtask t2
[2023-11-01T19:55:01.389+0000] {task_command.py:376} INFO - Running <TaskInstance: xcom_dag.t2 scheduled__2023-10-31T00:00:00+00:00 [running]> on host 3779655fe886
[2023-11-01T19:55:01.546+0000] {taskinstance.py:1592} INFO - Exporting the following env vars:
AIRFLOW_CTX_DAG_OWNER=***
AIRFLOW_CTX_DAG_ID=xcom_dag
AIRFLOW_CTX_TASK_ID=t2
AIRFLOW_CTX_EXECUTION_DATE=2023-10-31T00:00:00+00:00
AIRFLOW_CTX_TRY_NUMBER=1
AIRFLOW_CTX_DAG_RUN_ID=scheduled__2023-10-31T00:00:00+00:00
[2023-11-01T19:55:01.549+0000] {python.py:177} INFO - Done. Returned value was: None
[2023-11-01T19:55:01.564+0000] {taskinstance.py:1406} INFO - Marking task as SUCCESS. dag_id=xcom_dag, task_id=t2, execution_date=20231031T000000, start_date=20231101T195501, end_date=20231101T195501
[2023-11-01T19:55:01.615+0000] {local_task_job.py:164} INFO - Task exited with return code 0
[2023-11-01T19:55:01.644+0000] {local_task_job.py:273} INFO - 1 downstream tasks scheduled from follow-on schedule check
