[2023-11-10T09:17:05.543+0000] {taskinstance.py:1087} INFO - Dependencies all met for <TaskInstance: customers.create_customers_table manual__2023-11-10T09:17:02.929355+00:00 [queued]>
[2023-11-10T09:17:05.560+0000] {taskinstance.py:1087} INFO - Dependencies all met for <TaskInstance: customers.create_customers_table manual__2023-11-10T09:17:02.929355+00:00 [queued]>
[2023-11-10T09:17:05.561+0000] {taskinstance.py:1283} INFO - 
--------------------------------------------------------------------------------
[2023-11-10T09:17:05.562+0000] {taskinstance.py:1284} INFO - Starting attempt 1 of 1
[2023-11-10T09:17:05.564+0000] {taskinstance.py:1285} INFO - 
--------------------------------------------------------------------------------
[2023-11-10T09:17:05.586+0000] {taskinstance.py:1304} INFO - Executing <Task(PostgresOperator): create_customers_table> on 2023-11-10 09:17:02.929355+00:00
[2023-11-10T09:17:05.594+0000] {standard_task_runner.py:55} INFO - Started process 1687 to run task
[2023-11-10T09:17:05.598+0000] {standard_task_runner.py:82} INFO - Running: ['***', 'tasks', 'run', 'customers', 'create_customers_table', 'manual__2023-11-10T09:17:02.929355+00:00', '--job-id', '442', '--raw', '--subdir', 'DAGS_FOLDER/customer_1.py', '--cfg-path', '/tmp/tmpvr8njltk']
[2023-11-10T09:17:05.603+0000] {standard_task_runner.py:83} INFO - Job 442: Subtask create_customers_table
[2023-11-10T09:17:05.679+0000] {task_command.py:389} INFO - Running <TaskInstance: customers.create_customers_table manual__2023-11-10T09:17:02.929355+00:00 [running]> on host e9f864b40c90
[2023-11-10T09:17:05.972+0000] {taskinstance.py:1513} INFO - Exporting the following env vars:
AIRFLOW_CTX_DAG_OWNER=***
AIRFLOW_CTX_DAG_ID=customers
AIRFLOW_CTX_TASK_ID=create_customers_table
AIRFLOW_CTX_EXECUTION_DATE=2023-11-10T09:17:02.929355+00:00
AIRFLOW_CTX_TRY_NUMBER=1
AIRFLOW_CTX_DAG_RUN_ID=manual__2023-11-10T09:17:02.929355+00:00
[2023-11-10T09:17:05.973+0000] {sql.py:253} INFO - Executing: 
        CREATE TABLE IF NOT EXISTS customers (
            Index INT NOT NULL primary key,
            Customer_Id varchar(100),
            First_Name varchar(100),
            Last_Name varchar(100),
            Company varchar(100),
            City varchar(100),
            Country varchar(100),
            Phone_1 varchar(100),
            Phone_2 varchar(100),
            Email varchar(100),
            Subscription Date,
            Website varchar(100)
        );
    
[2023-11-10T09:17:05.984+0000] {base.py:73} INFO - Using connection ID 'postgres' for task execution.
[2023-11-10T09:17:06.259+0000] {base.py:73} INFO - Using connection ID 'postgres' for task execution.
[2023-11-10T09:17:06.264+0000] {sql.py:364} INFO - Running statement: 
        CREATE TABLE IF NOT EXISTS customers (
            Index INT NOT NULL primary key,
            Customer_Id varchar(100),
            First_Name varchar(100),
            Last_Name varchar(100),
            Company varchar(100),
            City varchar(100),
            Country varchar(100),
            Phone_1 varchar(100),
            Phone_2 varchar(100),
            Email varchar(100),
            Subscription Date,
            Website varchar(100)
        );
    , parameters: None
[2023-11-10T09:17:06.279+0000] {taskinstance.py:1327} INFO - Marking task as SUCCESS. dag_id=customers, task_id=create_customers_table, execution_date=20231110T091702, start_date=20231110T091705, end_date=20231110T091706
[2023-11-10T09:17:06.336+0000] {local_task_job.py:159} INFO - Task exited with return code 0
[2023-11-10T09:17:06.375+0000] {taskinstance.py:2582} INFO - 1 downstream tasks scheduled from follow-on schedule check
