[2023-11-03T18:00:16.159+0000] {taskinstance.py:1165} INFO - Dependencies all met for <TaskInstance: people.read_people manual__2023-11-03T18:00:12.338774+00:00 [queued]>
[2023-11-03T18:00:16.172+0000] {taskinstance.py:1165} INFO - Dependencies all met for <TaskInstance: people.read_people manual__2023-11-03T18:00:12.338774+00:00 [queued]>
[2023-11-03T18:00:16.173+0000] {taskinstance.py:1362} INFO - 
--------------------------------------------------------------------------------
[2023-11-03T18:00:16.174+0000] {taskinstance.py:1363} INFO - Starting attempt 1 of 1
[2023-11-03T18:00:16.175+0000] {taskinstance.py:1364} INFO - 
--------------------------------------------------------------------------------
[2023-11-03T18:00:16.194+0000] {taskinstance.py:1383} INFO - Executing <Task(PythonOperator): read_people> on 2023-11-03 18:00:12.338774+00:00
[2023-11-03T18:00:16.200+0000] {standard_task_runner.py:55} INFO - Started process 7261 to run task
[2023-11-03T18:00:16.203+0000] {standard_task_runner.py:82} INFO - Running: ['***', 'tasks', 'run', 'people', 'read_people', 'manual__2023-11-03T18:00:12.338774+00:00', '--job-id', '97', '--raw', '--subdir', 'DAGS_FOLDER/people.py', '--cfg-path', '/tmp/tmpx64u2rpk']
[2023-11-03T18:00:16.205+0000] {standard_task_runner.py:83} INFO - Job 97: Subtask read_people
[2023-11-03T18:00:16.270+0000] {task_command.py:376} INFO - Running <TaskInstance: people.read_people manual__2023-11-03T18:00:12.338774+00:00 [running]> on host 113d79be32ee
[2023-11-03T18:00:16.349+0000] {taskinstance.py:1592} INFO - Exporting the following env vars:
AIRFLOW_CTX_DAG_OWNER=***
AIRFLOW_CTX_DAG_ID=people
AIRFLOW_CTX_TASK_ID=read_people
AIRFLOW_CTX_EXECUTION_DATE=2023-11-03T18:00:12.338774+00:00
AIRFLOW_CTX_TRY_NUMBER=1
AIRFLOW_CTX_DAG_RUN_ID=manual__2023-11-03T18:00:12.338774+00:00
[2023-11-03T18:00:16.353+0000] {logging_mixin.py:120} INFO - Skipping row with invalid 'Index' value: "10
[2023-11-03T18:00:16.354+0000] {logging_mixin.py:120} INFO - Skipping row with invalid 'Index' value: "13
[2023-11-03T18:00:16.354+0000] {logging_mixin.py:120} INFO - Skipping row with invalid 'Index' value: "19
[2023-11-03T18:00:16.355+0000] {logging_mixin.py:120} INFO - Skipping row with invalid 'Index' value: "21
[2023-11-03T18:00:16.355+0000] {logging_mixin.py:120} INFO - Skipping row with invalid 'Index' value: "26
[2023-11-03T18:00:16.356+0000] {logging_mixin.py:120} INFO - Skipping row with invalid 'Index' value: "34
[2023-11-03T18:00:16.356+0000] {logging_mixin.py:120} INFO - Skipping row with invalid 'Index' value: "37
[2023-11-03T18:00:16.357+0000] {logging_mixin.py:120} INFO - Skipping row with invalid 'Index' value: "38
[2023-11-03T18:00:16.357+0000] {logging_mixin.py:120} INFO - Skipping row with invalid 'Index' value: "41
[2023-11-03T18:00:16.358+0000] {logging_mixin.py:120} INFO - Skipping row with invalid 'Index' value: "47
[2023-11-03T18:00:16.358+0000] {logging_mixin.py:120} INFO - Skipping row with invalid 'Index' value: "50
[2023-11-03T18:00:16.359+0000] {logging_mixin.py:120} INFO - Skipping row with invalid 'Index' value: "65
[2023-11-03T18:00:16.360+0000] {logging_mixin.py:120} INFO - Skipping row with invalid 'Index' value: "66
[2023-11-03T18:00:16.360+0000] {logging_mixin.py:120} INFO - Skipping row with invalid 'Index' value: "68
[2023-11-03T18:00:16.361+0000] {logging_mixin.py:120} INFO - Skipping row with invalid 'Index' value: "75
[2023-11-03T18:00:16.362+0000] {logging_mixin.py:120} INFO - Skipping row with invalid 'Index' value: "77
[2023-11-03T18:00:16.362+0000] {logging_mixin.py:120} INFO - Skipping row with invalid 'Index' value: "85
[2023-11-03T18:00:16.363+0000] {logging_mixin.py:120} INFO - Skipping row with invalid 'Index' value: "87
[2023-11-03T18:00:16.363+0000] {logging_mixin.py:120} INFO - Skipping row with invalid 'Index' value: "92
[2023-11-03T18:00:16.364+0000] {logging_mixin.py:120} INFO - [[1, '88F7B33d2bcf9f5', 'Shelby', 'Terrell', 'Male', 'elijah57@example.net'], [2, 'f90cD3E76f1A9b9', 'Phillip', 'Summers', 'Female', 'bethany14@example.com'], [3, 'DbeAb8CcdfeFC2c', 'Kristine', 'Travis', 'Male', 'bthompson@example.com'], [4, 'A31Bee3c201ef58', 'Yesenia', 'Martinez', 'Male', 'kaitlinkaiser@example.com'], [5, '1bA7A3dc874da3c', 'Lori', 'Todd', 'Male', 'buchananmanuel@example.net'], [6, 'bfDD7CDEF5D865B', 'Erin', 'Day', 'Male', 'tconner@example.org'], [7, 'bE9EEf34cB72AF7', 'Katherine', 'Buck', 'Female', 'conniecowan@example.com'], [8, '2EFC6A4e77FaEaC', 'Ricardo', 'Hinton', 'Male', 'wyattbishop@example.com'], [9, 'baDcC4DeefD8dEB', 'Dave', 'Farrell', 'Male', 'nmccann@example.net'], [11, 'BF0BbA03C29Bb3b', 'Sheila', 'Ross', 'Female', 'huangcathy@example.com'], [12, 'F738c69fB34E62E', 'Stacy', 'Newton', 'Male', 'rayleroy@example.org'], [14, 'b759b74BD1dE80d', 'Bridget', 'Nash', 'Female', 'mercedes44@example.com'], [15, '1F0B7D65A00DAF9', 'Crystal', 'Farmer', 'Male', 'pmiranda@example.org'], [16, '50Bb061cB30B461', 'Thomas', 'Knight', 'Female', 'braunpriscilla@example.net'], [17, 'D6dbA5308fEC4BC', 'Maurice', 'Rangel', 'Male', 'sheenabanks@example.com'], [18, '311D775990f066d', 'Frank', 'Meadows', 'Male', 'gbrewer@example.org'], [20, '88473e15D5c3cD0', 'Jared', 'Mitchell', 'Female', 'jcortez@example.com'], [22, '42F4BdA841aBadC', 'Colleen', 'Hatfield', 'Female', 'fknox@example.org'], [23, 'cBbBcA0FCA3C4Bc', 'Randy', 'Barnes', 'Male', 'huangbill@example.org'], [24, 'f1f89173353aD90', 'Janice', 'Rhodes', 'Female', 'juarezdominique@example.net'], [25, 'c5B09fb33e8bA0A', 'Alfred', 'Mcneil', 'Female', 'cassandramorris@example.com'], [27, '9c1bc7EC53Fb7cE', 'Louis', 'Payne', 'Male', 'bsullivan@example.net'], [28, 'ddEc50e2A2e3a2B', 'Brittney', 'Vega', 'Female', 'ayalajose@example.net'], [29, '66F096D36Ebae11', 'Judy', 'Buckley', 'Male', 'irosales@example.net'], [30, 'F0fE2faAd78F8b5', 'Norman', 'Weber', 'Male', 'mconrad@example.com'], [31, '5d2feAfbdCAA6B5', 'Isaiah', 'Camacho', 'Female', 'jimblake@example.org'], [32, 'cDa5F303fCd6dEa', 'Jacqueline', 'Gallagher', 'Male', 'nsampson@example.net'], [33, '8Ef7DBfcaB02b6B', 'Bonnie', 'Andrews', 'Female', 'caitlin24@example.net'], [35, '3Fb8a7f68e12784', 'Jackson', 'Sparks', 'Female', 'reynoldsdarryl@example.net'], [36, '035eff50B9A0F24', 'Melody', 'Cook', 'Male', 'jeannovak@example.org'], [39, 'b6a35de5CB6fc25', 'Cynthia', 'Wiggins', 'Female', 'rosariodave@example.org'], [40, 'e92A191E345fA3A', 'Tanya', 'Mckinney', 'Female', 'vickihouston@example.com'], [42, 'CEFA7BBCef013AE', 'Kirk', 'Walsh', 'Female', 'stephenfuller@example.org'], [43, '9edBC94aE7cA22a', 'Willie', 'Vang', 'Female', 'haleymathews@example.net'], [44, 'fFe7BAA737aDbe2', 'Miguel', 'Hill', 'Female', 'tyrone56@example.org'], [45, '5F2f3fAca8B0946', 'Darren', 'Andrews', 'Male', 'lhernandez@example.com'], [46, '6bFcfc3cc1BC6B4', 'Haley', 'Pugh', 'Female', 'molly03@example.org'], [48, 'Ee4eB129dC7913A', 'Becky', 'Brady', 'Male', 'erikmueller@example.org'], [49, 'dBCEf340C3657Eb', 'Caitlyn', 'Frey', 'Male', 'rivasdominique@example.org'], [51, 'eA3fDd79BE9f0E7', 'Heidi', 'Escobar', 'Female', 'staffordtravis@example.net'], [52, 'aF0eE4547Bc025c', 'Brian', 'Oconnell', 'Female', 'saralong@example.net'], [53, '9F5DeD7aD228F5a', 'Beverly', 'Esparza', 'Female', 'iphelps@example.net'], [54, 'D3Fa0220dDE4d36', 'Nathaniel', 'Rivas', 'Female', 'roberto29@example.com'], [55, '60FdBFd5e7BE8fF', 'Debra', 'Payne', 'Female', 'yolanda07@example.org'], [56, 'D8bF5Ab2b98caff', 'Mackenzie', 'Rocha', 'Female', 'abbottyvette@example.net'], [57, 'CD8d33aA25bc8BB', 'Courtney', 'Watkins', 'Female', 'ochang@example.org'], [58, 'Fac3BfFf0A3d03c', 'Fred', 'Olsen', 'Female', 'amyanderson@example.com'], [59, 'e552D7ddafe1FFb', 'Ryan', 'Nelson', 'Female', 'qnorman@example.org'], [60, '0f8deedb629A5f6', 'Grace', 'Phelps', 'Male', 'clarkeangela@example.net'], [61, 'bB9e49E506F65ed', 'Shari', 'Daugherty', 'Male', 'kalvarado@example.org'], [62, 'Ed724605A403D91', 'Kelli', 'Garner', 'Male', 'jodyvincent@example.org'], [63, '0aBE5ACb18E0c10', 'Jackie', 'Bennett', 'Male', 'hutchinsonkirk@example.com'], [64, '5D2cb63CaAF53f6', 'Leslie', 'Conway', 'Female', 'floreschristina@example.org'], [67, '9Df5Ba591bF3EFf', 'Mike', 'Ward', 'Female', 'imccullough@example.com'], [69, 'Ebcefdf75eCb0a9', 'Frank', 'Pineda', 'Male', 'daltoncalvin@example.net'], [70, 'e75e5DBfcb68887', 'Sandra', 'Wu', 'Male', 'ubanks@example.com'], [71, '6a53a8D41dDF6de', 'Ryan', 'Benton', 'Male', 'lopezdebbie@example.org'], [72, 'F0d3bD1aaf9E3Bc', 'Tamara', 'Hull', 'Male', 'meagan39@example.net'], [73, '5bC87340799FBD0', 'Jean', 'Ritter', 'Female', 'kristina76@example.com'], [74, 'dBfA17Aaf16b4ab', 'Veronica', 'Briggs', 'Female', 'weissbridget@example.com'], [76, 'b3e15e65Ca2CcBf', 'Tina', 'Cunningham', 'Male', 'wongmary@example.org'], [78, 'AdEd6cfD85DeC46', 'Jermaine', 'Reid', 'Female', 'vpaul@example.com'], [79, 'DAf111987098ae4', 'Regina', 'Stevens', 'Male', 'xpoole@example.net'], [80, '6e6a5b885F6496d', 'Terrence', 'Huff', 'Male', 'cassandra80@example.org'], [81, '12DCb4ED8E01D5C', 'Tyler', 'Foley', 'Female', 'johnathan72@example.org'], [82, 'E1cB5cA8CA7CC0a', 'Andrew', 'Waters', 'Male', 'nhall@example.net'], [83, 'AedDfaE8Cf49F07', 'Reginald', 'Stephenson', 'Male', 'erikaball@example.net'], [84, 'bff9853aFAeF772', 'Douglas', 'Reese', 'Female', 'nixonvanessa@example.net'], [86, 'CB19EafEbBfF9eC', 'Mario', 'Vaughn', 'Male', 'oblake@example.com'], [88, '2b0Ab1Dc9E01D7E', 'Dustin', 'Bailey', 'Male', 'pbarron@example.net'], [89, '3f3a3D89ad042Dd', 'Harry', 'Medina', 'Female', 'olsenmalik@example.net'], [90, '9425E2F38C408ef', 'Kathy', 'Haney', 'Female', 'teresa37@example.com'], [91, 'F0aeC9c2759F3C6', 'Alison', 'Nixon', 'Female', 'zmiles@example.net'], [93, '2A33E7Cad1bb0F5', 'Melody', 'Cox', 'Female', 'evan90@example.org'], [94, 'd181FFB7d3E68bb', 'Xavier', 'Cole', 'Male', 'nicolas90@example.org'], [95, 'feaBf8dAE0C0d6F', 'Dillon', 'Guzman', 'Female', 'angelanavarro@example.net'], [96, '5eFda7caAeB260E', 'Dennis', 'Barnes', 'Female', 'bmartin@example.org'], [97, 'CCbFce93d3720bE', 'Steve', 'Patterson', 'Female', 'latasha46@example.net'], [98, '2fEc528aFAF0b69', 'Wesley', 'Bray', 'Male', 'regina11@example.org'], [99, 'Adc7ad9B6e4A1Fe', 'Summer', 'Oconnell', 'Female', 'alexiscantrell@example.org'], [100, 'b8D0aD3490FC7e1', 'Mariah', 'Bernard', 'Male', 'pcopeland@example.org']]
[2023-11-03T18:00:16.374+0000] {base.py:71} INFO - Using connection ID 'postgres' for task execution.
[2023-11-03T18:00:16.380+0000] {taskinstance.py:1851} ERROR - Task failed with exception
Traceback (most recent call last):
  File "/home/airflow/.local/lib/python3.7/site-packages/airflow/operators/python.py", line 175, in execute
    return_value = self.execute_callable()
  File "/home/airflow/.local/lib/python3.7/site-packages/airflow/operators/python.py", line 193, in execute_callable
    return self.python_callable(*self.op_args, **self.op_kwargs)
  File "/opt/airflow/dags/people.py", line 40, in _read_people
    commit_every=1000, replace=True, replace_index="Index")
  File "/home/airflow/.local/lib/python3.7/site-packages/airflow/providers/common/sql/hooks/sql.py", line 409, in insert_rows
    cur.execute(sql, values)
psycopg2.errors.UndefinedColumn: column "last_name" of relation "people" does not exist
LINE 1: INSERT INTO people (Index, User_Id, First_Name, Last_Name, S...
                                                        ^

[2023-11-03T18:00:16.394+0000] {taskinstance.py:1406} INFO - Marking task as FAILED. dag_id=people, task_id=read_people, execution_date=20231103T180012, start_date=20231103T180016, end_date=20231103T180016
[2023-11-03T18:00:16.416+0000] {standard_task_runner.py:105} ERROR - Failed to execute job 97 for task read_people (column "last_name" of relation "people" does not exist
LINE 1: INSERT INTO people (Index, User_Id, First_Name, Last_Name, S...
                                                        ^
; 7261)
[2023-11-03T18:00:16.455+0000] {local_task_job.py:164} INFO - Task exited with return code 1
[2023-11-03T18:00:16.492+0000] {local_task_job.py:273} INFO - 0 downstream tasks scheduled from follow-on schedule check
