[2023-11-10T11:13:00.673+0000] {taskinstance.py:1087} INFO - Dependencies all met for <TaskInstance: people.read_people manual__2023-11-10T11:12:53.776623+00:00 [queued]>
[2023-11-10T11:13:00.689+0000] {taskinstance.py:1087} INFO - Dependencies all met for <TaskInstance: people.read_people manual__2023-11-10T11:12:53.776623+00:00 [queued]>
[2023-11-10T11:13:00.694+0000] {taskinstance.py:1283} INFO - 
--------------------------------------------------------------------------------
[2023-11-10T11:13:00.695+0000] {taskinstance.py:1284} INFO - Starting attempt 1 of 1
[2023-11-10T11:13:00.696+0000] {taskinstance.py:1285} INFO - 
--------------------------------------------------------------------------------
[2023-11-10T11:13:00.718+0000] {taskinstance.py:1304} INFO - Executing <Task(PythonOperator): read_people> on 2023-11-10 11:12:53.776623+00:00
[2023-11-10T11:13:00.726+0000] {standard_task_runner.py:55} INFO - Started process 3922 to run task
[2023-11-10T11:13:00.729+0000] {standard_task_runner.py:82} INFO - Running: ['***', 'tasks', 'run', 'people', 'read_people', 'manual__2023-11-10T11:12:53.776623+00:00', '--job-id', '481', '--raw', '--subdir', 'DAGS_FOLDER/people.py', '--cfg-path', '/tmp/tmpipv03ue2']
[2023-11-10T11:13:00.731+0000] {standard_task_runner.py:83} INFO - Job 481: Subtask read_people
[2023-11-10T11:13:00.810+0000] {task_command.py:389} INFO - Running <TaskInstance: people.read_people manual__2023-11-10T11:12:53.776623+00:00 [running]> on host ccf8e59e32fe
[2023-11-10T11:13:01.144+0000] {taskinstance.py:1513} INFO - Exporting the following env vars:
AIRFLOW_CTX_DAG_OWNER=Tetiana
AIRFLOW_CTX_DAG_ID=people
AIRFLOW_CTX_TASK_ID=read_people
AIRFLOW_CTX_EXECUTION_DATE=2023-11-10T11:12:53.776623+00:00
AIRFLOW_CTX_TRY_NUMBER=1
AIRFLOW_CTX_DAG_RUN_ID=manual__2023-11-10T11:12:53.776623+00:00
[2023-11-10T11:13:01.173+0000] {base.py:73} INFO - Using connection ID 'postgres' for task execution.
[2023-11-10T11:13:01.218+0000] {sql.py:462} INFO - Done loading. Loaded a total of 113 rows into people
[2023-11-10T11:13:01.220+0000] {python.py:177} INFO - Done. Returned value was: None
[2023-11-10T11:13:01.232+0000] {taskinstance.py:1327} INFO - Marking task as SUCCESS. dag_id=people, task_id=read_people, execution_date=20231110T111253, start_date=20231110T111300, end_date=20231110T111301
[2023-11-10T11:13:01.302+0000] {local_task_job.py:159} INFO - Task exited with return code 0
[2023-11-10T11:13:01.340+0000] {taskinstance.py:2582} INFO - 0 downstream tasks scheduled from follow-on schedule check
