[2023-11-01T18:52:32.395+0000] {taskinstance.py:1165} INFO - Dependencies all met for <TaskInstance: parallel_dag.load_b scheduled__2023-10-31T00:00:00+00:00 [queued]>
[2023-11-01T18:52:32.415+0000] {taskinstance.py:1165} INFO - Dependencies all met for <TaskInstance: parallel_dag.load_b scheduled__2023-10-31T00:00:00+00:00 [queued]>
[2023-11-01T18:52:32.416+0000] {taskinstance.py:1362} INFO - 
--------------------------------------------------------------------------------
[2023-11-01T18:52:32.417+0000] {taskinstance.py:1363} INFO - Starting attempt 1 of 1
[2023-11-01T18:52:32.418+0000] {taskinstance.py:1364} INFO - 
--------------------------------------------------------------------------------
[2023-11-01T18:52:32.457+0000] {taskinstance.py:1383} INFO - Executing <Task(BashOperator): load_b> on 2023-10-31 00:00:00+00:00
[2023-11-01T18:52:32.465+0000] {standard_task_runner.py:55} INFO - Started process 197 to run task
[2023-11-01T18:52:32.468+0000] {standard_task_runner.py:82} INFO - Running: ['***', 'tasks', 'run', 'parallel_dag', 'load_b', 'scheduled__2023-10-31T00:00:00+00:00', '--job-id', '14', '--raw', '--subdir', 'DAGS_FOLDER/parallel_dag.py', '--cfg-path', '/tmp/tmpe7oyhiy3']
[2023-11-01T18:52:32.469+0000] {standard_task_runner.py:83} INFO - Job 14: Subtask load_b
[2023-11-01T18:52:32.562+0000] {task_command.py:376} INFO - Running <TaskInstance: parallel_dag.load_b scheduled__2023-10-31T00:00:00+00:00 [running]> on host 0afe12bce7c8
[2023-11-01T18:52:32.735+0000] {taskinstance.py:1592} INFO - Exporting the following env vars:
AIRFLOW_CTX_DAG_OWNER=***
AIRFLOW_CTX_DAG_ID=parallel_dag
AIRFLOW_CTX_TASK_ID=load_b
AIRFLOW_CTX_EXECUTION_DATE=2023-10-31T00:00:00+00:00
AIRFLOW_CTX_TRY_NUMBER=1
AIRFLOW_CTX_DAG_RUN_ID=scheduled__2023-10-31T00:00:00+00:00
[2023-11-01T18:52:32.736+0000] {subprocess.py:63} INFO - Tmp dir root location: 
 /tmp
[2023-11-01T18:52:32.738+0000] {subprocess.py:75} INFO - Running command: ['/bin/bash', '-c', 'sleep 10']
[2023-11-01T18:52:32.757+0000] {subprocess.py:86} INFO - Output:
[2023-11-01T18:52:42.759+0000] {subprocess.py:97} INFO - Command exited with return code 0
[2023-11-01T18:52:42.792+0000] {taskinstance.py:1406} INFO - Marking task as SUCCESS. dag_id=parallel_dag, task_id=load_b, execution_date=20231031T000000, start_date=20231101T185232, end_date=20231101T185242
[2023-11-01T18:52:42.846+0000] {local_task_job.py:164} INFO - Task exited with return code 0
[2023-11-01T18:52:42.877+0000] {local_task_job.py:273} INFO - 0 downstream tasks scheduled from follow-on schedule check
