[2023-11-05T15:39:07.242+0000] {taskinstance.py:1165} INFO - Dependencies all met for <TaskInstance: customers.read_customers manual__2023-11-05T15:39:00.661672+00:00 [queued]>
[2023-11-05T15:39:07.258+0000] {taskinstance.py:1165} INFO - Dependencies all met for <TaskInstance: customers.read_customers manual__2023-11-05T15:39:00.661672+00:00 [queued]>
[2023-11-05T15:39:07.259+0000] {taskinstance.py:1362} INFO - 
--------------------------------------------------------------------------------
[2023-11-05T15:39:07.260+0000] {taskinstance.py:1363} INFO - Starting attempt 1 of 1
[2023-11-05T15:39:07.260+0000] {taskinstance.py:1364} INFO - 
--------------------------------------------------------------------------------
[2023-11-05T15:39:07.278+0000] {taskinstance.py:1383} INFO - Executing <Task(PythonOperator): read_customers> on 2023-11-05 15:39:00.661672+00:00
[2023-11-05T15:39:07.285+0000] {standard_task_runner.py:55} INFO - Started process 15639 to run task
[2023-11-05T15:39:07.288+0000] {standard_task_runner.py:82} INFO - Running: ['***', 'tasks', 'run', 'customers', 'read_customers', 'manual__2023-11-05T15:39:00.661672+00:00', '--job-id', '424', '--raw', '--subdir', 'DAGS_FOLDER/customers.py', '--cfg-path', '/tmp/tmpbt7t2pnq']
[2023-11-05T15:39:07.291+0000] {standard_task_runner.py:83} INFO - Job 424: Subtask read_customers
[2023-11-05T15:39:07.359+0000] {task_command.py:376} INFO - Running <TaskInstance: customers.read_customers manual__2023-11-05T15:39:00.661672+00:00 [running]> on host 9d85c6014d6e
[2023-11-05T15:39:07.626+0000] {taskinstance.py:1592} INFO - Exporting the following env vars:
AIRFLOW_CTX_DAG_OWNER=***
AIRFLOW_CTX_DAG_ID=customers
AIRFLOW_CTX_TASK_ID=read_customers
AIRFLOW_CTX_EXECUTION_DATE=2023-11-05T15:39:00.661672+00:00
AIRFLOW_CTX_TRY_NUMBER=1
AIRFLOW_CTX_DAG_RUN_ID=manual__2023-11-05T15:39:00.661672+00:00
[2023-11-05T15:39:07.630+0000] {taskinstance.py:1851} ERROR - Task failed with exception
Traceback (most recent call last):
  File "/home/airflow/.local/lib/python3.7/site-packages/airflow/operators/python.py", line 175, in execute
    return_value = self.execute_callable()
  File "/home/airflow/.local/lib/python3.7/site-packages/airflow/operators/python.py", line 193, in execute_callable
    return self.python_callable(*self.op_args, **self.op_kwargs)
  File "/opt/airflow/dags/customers.py", line 22, in _read_customers
    header.capitalize() for header in headers
UnboundLocalError: local variable 'headers' referenced before assignment
[2023-11-05T15:39:07.646+0000] {taskinstance.py:1406} INFO - Marking task as FAILED. dag_id=customers, task_id=read_customers, execution_date=20231105T153900, start_date=20231105T153907, end_date=20231105T153907
[2023-11-05T15:39:07.662+0000] {standard_task_runner.py:105} ERROR - Failed to execute job 424 for task read_customers (local variable 'headers' referenced before assignment; 15639)
[2023-11-05T15:39:07.700+0000] {local_task_job.py:164} INFO - Task exited with return code 1
[2023-11-05T15:39:07.739+0000] {local_task_job.py:273} INFO - 0 downstream tasks scheduled from follow-on schedule check
