[2023-11-03T18:06:53.728+0000] {taskinstance.py:1165} INFO - Dependencies all met for <TaskInstance: people.read_people manual__2023-11-03T18:06:49.823461+00:00 [queued]>
[2023-11-03T18:06:53.742+0000] {taskinstance.py:1165} INFO - Dependencies all met for <TaskInstance: people.read_people manual__2023-11-03T18:06:49.823461+00:00 [queued]>
[2023-11-03T18:06:53.743+0000] {taskinstance.py:1362} INFO - 
--------------------------------------------------------------------------------
[2023-11-03T18:06:53.744+0000] {taskinstance.py:1363} INFO - Starting attempt 1 of 1
[2023-11-03T18:06:53.745+0000] {taskinstance.py:1364} INFO - 
--------------------------------------------------------------------------------
[2023-11-03T18:06:53.764+0000] {taskinstance.py:1383} INFO - Executing <Task(PythonOperator): read_people> on 2023-11-03 18:06:49.823461+00:00
[2023-11-03T18:06:53.771+0000] {standard_task_runner.py:55} INFO - Started process 206 to run task
[2023-11-03T18:06:53.774+0000] {standard_task_runner.py:82} INFO - Running: ['***', 'tasks', 'run', 'people', 'read_people', 'manual__2023-11-03T18:06:49.823461+00:00', '--job-id', '103', '--raw', '--subdir', 'DAGS_FOLDER/people.py', '--cfg-path', '/tmp/tmp0uxfdie3']
[2023-11-03T18:06:53.776+0000] {standard_task_runner.py:83} INFO - Job 103: Subtask read_people
[2023-11-03T18:06:53.843+0000] {task_command.py:376} INFO - Running <TaskInstance: people.read_people manual__2023-11-03T18:06:49.823461+00:00 [running]> on host 6b65bc8eaea5
[2023-11-03T18:06:53.932+0000] {taskinstance.py:1592} INFO - Exporting the following env vars:
AIRFLOW_CTX_DAG_OWNER=***
AIRFLOW_CTX_DAG_ID=people
AIRFLOW_CTX_TASK_ID=read_people
AIRFLOW_CTX_EXECUTION_DATE=2023-11-03T18:06:49.823461+00:00
AIRFLOW_CTX_TRY_NUMBER=1
AIRFLOW_CTX_DAG_RUN_ID=manual__2023-11-03T18:06:49.823461+00:00
[2023-11-03T18:06:53.936+0000] {logging_mixin.py:120} INFO - Skipping row with invalid 'Index' value: "10
[2023-11-03T18:06:53.937+0000] {logging_mixin.py:120} INFO - Skipping row with invalid 'Index' value: "13
[2023-11-03T18:06:53.937+0000] {logging_mixin.py:120} INFO - Skipping row with invalid 'Index' value: "19
[2023-11-03T18:06:53.938+0000] {logging_mixin.py:120} INFO - Skipping row with invalid 'Index' value: "21
[2023-11-03T18:06:53.938+0000] {logging_mixin.py:120} INFO - Skipping row with invalid 'Index' value: "26
[2023-11-03T18:06:53.939+0000] {logging_mixin.py:120} INFO - Skipping row with invalid 'Index' value: "34
[2023-11-03T18:06:53.940+0000] {logging_mixin.py:120} INFO - Skipping row with invalid 'Index' value: "37
[2023-11-03T18:06:53.940+0000] {logging_mixin.py:120} INFO - Skipping row with invalid 'Index' value: "38
[2023-11-03T18:06:53.941+0000] {logging_mixin.py:120} INFO - Skipping row with invalid 'Index' value: "41
[2023-11-03T18:06:53.941+0000] {logging_mixin.py:120} INFO - Skipping row with invalid 'Index' value: "47
[2023-11-03T18:06:53.942+0000] {logging_mixin.py:120} INFO - Skipping row with invalid 'Index' value: "50
[2023-11-03T18:06:53.942+0000] {logging_mixin.py:120} INFO - Skipping row with invalid 'Index' value: "65
[2023-11-03T18:06:53.943+0000] {logging_mixin.py:120} INFO - Skipping row with invalid 'Index' value: "66
[2023-11-03T18:06:53.943+0000] {logging_mixin.py:120} INFO - Skipping row with invalid 'Index' value: "68
[2023-11-03T18:06:53.944+0000] {logging_mixin.py:120} INFO - Skipping row with invalid 'Index' value: "75
[2023-11-03T18:06:53.945+0000] {logging_mixin.py:120} INFO - Skipping row with invalid 'Index' value: "77
[2023-11-03T18:06:53.945+0000] {logging_mixin.py:120} INFO - Skipping row with invalid 'Index' value: "85
[2023-11-03T18:06:53.946+0000] {logging_mixin.py:120} INFO - Skipping row with invalid 'Index' value: "87
[2023-11-03T18:06:53.946+0000] {logging_mixin.py:120} INFO - Skipping row with invalid 'Index' value: "92
[2023-11-03T18:06:53.947+0000] {logging_mixin.py:120} INFO - [['88F7B33d2bcf9f5', 'Shelby', 'Terrell', 'Male', 'elijah57@example.net'], ['f90cD3E76f1A9b9', 'Phillip', 'Summers', 'Female', 'bethany14@example.com'], ['DbeAb8CcdfeFC2c', 'Kristine', 'Travis', 'Male', 'bthompson@example.com'], ['A31Bee3c201ef58', 'Yesenia', 'Martinez', 'Male', 'kaitlinkaiser@example.com'], ['1bA7A3dc874da3c', 'Lori', 'Todd', 'Male', 'buchananmanuel@example.net'], ['bfDD7CDEF5D865B', 'Erin', 'Day', 'Male', 'tconner@example.org'], ['bE9EEf34cB72AF7', 'Katherine', 'Buck', 'Female', 'conniecowan@example.com'], ['2EFC6A4e77FaEaC', 'Ricardo', 'Hinton', 'Male', 'wyattbishop@example.com'], ['baDcC4DeefD8dEB', 'Dave', 'Farrell', 'Male', 'nmccann@example.net'], ['BF0BbA03C29Bb3b', 'Sheila', 'Ross', 'Female', 'huangcathy@example.com'], ['F738c69fB34E62E', 'Stacy', 'Newton', 'Male', 'rayleroy@example.org'], ['b759b74BD1dE80d', 'Bridget', 'Nash', 'Female', 'mercedes44@example.com'], ['1F0B7D65A00DAF9', 'Crystal', 'Farmer', 'Male', 'pmiranda@example.org'], ['50Bb061cB30B461', 'Thomas', 'Knight', 'Female', 'braunpriscilla@example.net'], ['D6dbA5308fEC4BC', 'Maurice', 'Rangel', 'Male', 'sheenabanks@example.com'], ['311D775990f066d', 'Frank', 'Meadows', 'Male', 'gbrewer@example.org'], ['88473e15D5c3cD0', 'Jared', 'Mitchell', 'Female', 'jcortez@example.com'], ['42F4BdA841aBadC', 'Colleen', 'Hatfield', 'Female', 'fknox@example.org'], ['cBbBcA0FCA3C4Bc', 'Randy', 'Barnes', 'Male', 'huangbill@example.org'], ['f1f89173353aD90', 'Janice', 'Rhodes', 'Female', 'juarezdominique@example.net'], ['c5B09fb33e8bA0A', 'Alfred', 'Mcneil', 'Female', 'cassandramorris@example.com'], ['9c1bc7EC53Fb7cE', 'Louis', 'Payne', 'Male', 'bsullivan@example.net'], ['ddEc50e2A2e3a2B', 'Brittney', 'Vega', 'Female', 'ayalajose@example.net'], ['66F096D36Ebae11', 'Judy', 'Buckley', 'Male', 'irosales@example.net'], ['F0fE2faAd78F8b5', 'Norman', 'Weber', 'Male', 'mconrad@example.com'], ['5d2feAfbdCAA6B5', 'Isaiah', 'Camacho', 'Female', 'jimblake@example.org'], ['cDa5F303fCd6dEa', 'Jacqueline', 'Gallagher', 'Male', 'nsampson@example.net'], ['8Ef7DBfcaB02b6B', 'Bonnie', 'Andrews', 'Female', 'caitlin24@example.net'], ['3Fb8a7f68e12784', 'Jackson', 'Sparks', 'Female', 'reynoldsdarryl@example.net'], ['035eff50B9A0F24', 'Melody', 'Cook', 'Male', 'jeannovak@example.org'], ['b6a35de5CB6fc25', 'Cynthia', 'Wiggins', 'Female', 'rosariodave@example.org'], ['e92A191E345fA3A', 'Tanya', 'Mckinney', 'Female', 'vickihouston@example.com'], ['CEFA7BBCef013AE', 'Kirk', 'Walsh', 'Female', 'stephenfuller@example.org'], ['9edBC94aE7cA22a', 'Willie', 'Vang', 'Female', 'haleymathews@example.net'], ['fFe7BAA737aDbe2', 'Miguel', 'Hill', 'Female', 'tyrone56@example.org'], ['5F2f3fAca8B0946', 'Darren', 'Andrews', 'Male', 'lhernandez@example.com'], ['6bFcfc3cc1BC6B4', 'Haley', 'Pugh', 'Female', 'molly03@example.org'], ['Ee4eB129dC7913A', 'Becky', 'Brady', 'Male', 'erikmueller@example.org'], ['dBCEf340C3657Eb', 'Caitlyn', 'Frey', 'Male', 'rivasdominique@example.org'], ['eA3fDd79BE9f0E7', 'Heidi', 'Escobar', 'Female', 'staffordtravis@example.net'], ['aF0eE4547Bc025c', 'Brian', 'Oconnell', 'Female', 'saralong@example.net'], ['9F5DeD7aD228F5a', 'Beverly', 'Esparza', 'Female', 'iphelps@example.net'], ['D3Fa0220dDE4d36', 'Nathaniel', 'Rivas', 'Female', 'roberto29@example.com'], ['60FdBFd5e7BE8fF', 'Debra', 'Payne', 'Female', 'yolanda07@example.org'], ['D8bF5Ab2b98caff', 'Mackenzie', 'Rocha', 'Female', 'abbottyvette@example.net'], ['CD8d33aA25bc8BB', 'Courtney', 'Watkins', 'Female', 'ochang@example.org'], ['Fac3BfFf0A3d03c', 'Fred', 'Olsen', 'Female', 'amyanderson@example.com'], ['e552D7ddafe1FFb', 'Ryan', 'Nelson', 'Female', 'qnorman@example.org'], ['0f8deedb629A5f6', 'Grace', 'Phelps', 'Male', 'clarkeangela@example.net'], ['bB9e49E506F65ed', 'Shari', 'Daugherty', 'Male', 'kalvarado@example.org'], ['Ed724605A403D91', 'Kelli', 'Garner', 'Male', 'jodyvincent@example.org'], ['0aBE5ACb18E0c10', 'Jackie', 'Bennett', 'Male', 'hutchinsonkirk@example.com'], ['5D2cb63CaAF53f6', 'Leslie', 'Conway', 'Female', 'floreschristina@example.org'], ['9Df5Ba591bF3EFf', 'Mike', 'Ward', 'Female', 'imccullough@example.com'], ['Ebcefdf75eCb0a9', 'Frank', 'Pineda', 'Male', 'daltoncalvin@example.net'], ['e75e5DBfcb68887', 'Sandra', 'Wu', 'Male', 'ubanks@example.com'], ['6a53a8D41dDF6de', 'Ryan', 'Benton', 'Male', 'lopezdebbie@example.org'], ['F0d3bD1aaf9E3Bc', 'Tamara', 'Hull', 'Male', 'meagan39@example.net'], ['5bC87340799FBD0', 'Jean', 'Ritter', 'Female', 'kristina76@example.com'], ['dBfA17Aaf16b4ab', 'Veronica', 'Briggs', 'Female', 'weissbridget@example.com'], ['b3e15e65Ca2CcBf', 'Tina', 'Cunningham', 'Male', 'wongmary@example.org'], ['AdEd6cfD85DeC46', 'Jermaine', 'Reid', 'Female', 'vpaul@example.com'], ['DAf111987098ae4', 'Regina', 'Stevens', 'Male', 'xpoole@example.net'], ['6e6a5b885F6496d', 'Terrence', 'Huff', 'Male', 'cassandra80@example.org'], ['12DCb4ED8E01D5C', 'Tyler', 'Foley', 'Female', 'johnathan72@example.org'], ['E1cB5cA8CA7CC0a', 'Andrew', 'Waters', 'Male', 'nhall@example.net'], ['AedDfaE8Cf49F07', 'Reginald', 'Stephenson', 'Male', 'erikaball@example.net'], ['bff9853aFAeF772', 'Douglas', 'Reese', 'Female', 'nixonvanessa@example.net'], ['CB19EafEbBfF9eC', 'Mario', 'Vaughn', 'Male', 'oblake@example.com'], ['2b0Ab1Dc9E01D7E', 'Dustin', 'Bailey', 'Male', 'pbarron@example.net'], ['3f3a3D89ad042Dd', 'Harry', 'Medina', 'Female', 'olsenmalik@example.net'], ['9425E2F38C408ef', 'Kathy', 'Haney', 'Female', 'teresa37@example.com'], ['F0aeC9c2759F3C6', 'Alison', 'Nixon', 'Female', 'zmiles@example.net'], ['2A33E7Cad1bb0F5', 'Melody', 'Cox', 'Female', 'evan90@example.org'], ['d181FFB7d3E68bb', 'Xavier', 'Cole', 'Male', 'nicolas90@example.org'], ['feaBf8dAE0C0d6F', 'Dillon', 'Guzman', 'Female', 'angelanavarro@example.net'], ['5eFda7caAeB260E', 'Dennis', 'Barnes', 'Female', 'bmartin@example.org'], ['CCbFce93d3720bE', 'Steve', 'Patterson', 'Female', 'latasha46@example.net'], ['2fEc528aFAF0b69', 'Wesley', 'Bray', 'Male', 'regina11@example.org'], ['Adc7ad9B6e4A1Fe', 'Summer', 'Oconnell', 'Female', 'alexiscantrell@example.org'], ['b8D0aD3490FC7e1', 'Mariah', 'Bernard', 'Male', 'pcopeland@example.org']]
[2023-11-03T18:06:53.957+0000] {base.py:71} INFO - Using connection ID 'postgres' for task execution.
[2023-11-03T18:06:53.962+0000] {taskinstance.py:1851} ERROR - Task failed with exception
Traceback (most recent call last):
  File "/home/airflow/.local/lib/python3.7/site-packages/airflow/operators/python.py", line 175, in execute
    return_value = self.execute_callable()
  File "/home/airflow/.local/lib/python3.7/site-packages/airflow/operators/python.py", line 193, in execute_callable
    return self.python_callable(*self.op_args, **self.op_kwargs)
  File "/opt/airflow/dags/people.py", line 39, in _read_people
    commit_every=1000, replace=True, replace_index="Index")
  File "/home/airflow/.local/lib/python3.7/site-packages/airflow/providers/common/sql/hooks/sql.py", line 409, in insert_rows
    cur.execute(sql, values)
psycopg2.errors.UndefinedColumn: column "last_name" of relation "people" does not exist
LINE 1: INSERT INTO people (User_Id, First_Name, Last_Name, Sex, Ema...
                                                 ^

[2023-11-03T18:06:53.977+0000] {taskinstance.py:1406} INFO - Marking task as FAILED. dag_id=people, task_id=read_people, execution_date=20231103T180649, start_date=20231103T180653, end_date=20231103T180653
[2023-11-03T18:06:53.994+0000] {standard_task_runner.py:105} ERROR - Failed to execute job 103 for task read_people (column "last_name" of relation "people" does not exist
LINE 1: INSERT INTO people (User_Id, First_Name, Last_Name, Sex, Ema...
                                                 ^
; 206)
[2023-11-03T18:06:54.026+0000] {local_task_job.py:164} INFO - Task exited with return code 1
[2023-11-03T18:06:54.049+0000] {local_task_job.py:273} INFO - 0 downstream tasks scheduled from follow-on schedule check
