[2023-11-08T14:20:53.178+0000] {taskinstance.py:1087} INFO - Dependencies all met for <TaskInstance: elastic_dag.print_es_info manual__2023-11-08T14:20:46.985547+00:00 [queued]>
[2023-11-08T14:20:53.192+0000] {taskinstance.py:1087} INFO - Dependencies all met for <TaskInstance: elastic_dag.print_es_info manual__2023-11-08T14:20:46.985547+00:00 [queued]>
[2023-11-08T14:20:53.193+0000] {taskinstance.py:1283} INFO - 
--------------------------------------------------------------------------------
[2023-11-08T14:20:53.196+0000] {taskinstance.py:1284} INFO - Starting attempt 1 of 1
[2023-11-08T14:20:53.196+0000] {taskinstance.py:1285} INFO - 
--------------------------------------------------------------------------------
[2023-11-08T14:20:53.217+0000] {taskinstance.py:1304} INFO - Executing <Task(PythonOperator): print_es_info> on 2023-11-08 14:20:46.985547+00:00
[2023-11-08T14:20:53.223+0000] {standard_task_runner.py:55} INFO - Started process 179 to run task
[2023-11-08T14:20:53.227+0000] {standard_task_runner.py:82} INFO - Running: ['***', 'tasks', 'run', 'elastic_dag', 'print_es_info', 'manual__2023-11-08T14:20:46.985547+00:00', '--job-id', '35', '--raw', '--subdir', 'DAGS_FOLDER/elastic_dag.py', '--cfg-path', '/tmp/tmpp5u0u6r8']
[2023-11-08T14:20:53.229+0000] {standard_task_runner.py:83} INFO - Job 35: Subtask print_es_info
[2023-11-08T14:20:53.307+0000] {task_command.py:389} INFO - Running <TaskInstance: elastic_dag.print_es_info manual__2023-11-08T14:20:46.985547+00:00 [running]> on host 1ca66c4fb7ea
[2023-11-08T14:20:53.397+0000] {taskinstance.py:1513} INFO - Exporting the following env vars:
AIRFLOW_CTX_DAG_OWNER=***
AIRFLOW_CTX_DAG_ID=elastic_dag
AIRFLOW_CTX_TASK_ID=print_es_info
AIRFLOW_CTX_EXECUTION_DATE=2023-11-08T14:20:46.985547+00:00
AIRFLOW_CTX_TRY_NUMBER=1
AIRFLOW_CTX_DAG_RUN_ID=manual__2023-11-08T14:20:46.985547+00:00
[2023-11-08T14:20:53.507+0000] {base.py:271} INFO - POST http://elastic:9200/_all/_search [status:200 request:0.107s]
[2023-11-08T14:20:53.508+0000] {logging_mixin.py:137} INFO - {'total': {'value': 0, 'relation': 'eq'}, 'max_score': 0.0, 'hits': []}
[2023-11-08T14:20:53.509+0000] {python.py:177} INFO - Done. Returned value was: None
[2023-11-08T14:20:53.523+0000] {taskinstance.py:1327} INFO - Marking task as SUCCESS. dag_id=elastic_dag, task_id=print_es_info, execution_date=20231108T142046, start_date=20231108T142053, end_date=20231108T142053
[2023-11-08T14:20:53.559+0000] {local_task_job.py:159} INFO - Task exited with return code 0
[2023-11-08T14:20:53.582+0000] {taskinstance.py:2582} INFO - 0 downstream tasks scheduled from follow-on schedule check
