[2023-11-11T11:32:19.431+0000] {taskinstance.py:1087} INFO - Dependencies all met for <TaskInstance: people.read_people scheduled__2023-11-10T00:00:00+00:00 [queued]>
[2023-11-11T11:32:19.449+0000] {taskinstance.py:1087} INFO - Dependencies all met for <TaskInstance: people.read_people scheduled__2023-11-10T00:00:00+00:00 [queued]>
[2023-11-11T11:32:19.450+0000] {taskinstance.py:1283} INFO - 
--------------------------------------------------------------------------------
[2023-11-11T11:32:19.451+0000] {taskinstance.py:1284} INFO - Starting attempt 1 of 1
[2023-11-11T11:32:19.453+0000] {taskinstance.py:1285} INFO - 
--------------------------------------------------------------------------------
[2023-11-11T11:32:19.477+0000] {taskinstance.py:1304} INFO - Executing <Task(PythonOperator): read_people> on 2023-11-10 00:00:00+00:00
[2023-11-11T11:32:19.486+0000] {standard_task_runner.py:55} INFO - Started process 6498 to run task
[2023-11-11T11:32:19.488+0000] {standard_task_runner.py:82} INFO - Running: ['***', 'tasks', 'run', 'people', 'read_people', 'scheduled__2023-11-10T00:00:00+00:00', '--job-id', '521', '--raw', '--subdir', 'DAGS_FOLDER/people.py', '--cfg-path', '/tmp/tmpjlp7d45s']
[2023-11-11T11:32:19.496+0000] {standard_task_runner.py:83} INFO - Job 521: Subtask read_people
[2023-11-11T11:32:19.647+0000] {task_command.py:389} INFO - Running <TaskInstance: people.read_people scheduled__2023-11-10T00:00:00+00:00 [running]> on host ae05fe974d8d
[2023-11-11T11:32:20.056+0000] {taskinstance.py:1513} INFO - Exporting the following env vars:
AIRFLOW_CTX_DAG_OWNER=Tetiana
AIRFLOW_CTX_DAG_ID=people
AIRFLOW_CTX_TASK_ID=read_people
AIRFLOW_CTX_EXECUTION_DATE=2023-11-10T00:00:00+00:00
AIRFLOW_CTX_TRY_NUMBER=1
AIRFLOW_CTX_DAG_RUN_ID=scheduled__2023-11-10T00:00:00+00:00
[2023-11-11T11:32:20.100+0000] {base.py:73} INFO - Using connection ID 'postgres' for task execution.
[2023-11-11T11:32:20.155+0000] {sql.py:462} INFO - Done loading. Loaded a total of 113 rows into people
[2023-11-11T11:32:20.157+0000] {python.py:177} INFO - Done. Returned value was: None
[2023-11-11T11:32:20.175+0000] {taskinstance.py:1327} INFO - Marking task as SUCCESS. dag_id=people, task_id=read_people, execution_date=20231110T000000, start_date=20231111T113219, end_date=20231111T113220
[2023-11-11T11:32:20.260+0000] {local_task_job.py:159} INFO - Task exited with return code 0
[2023-11-11T11:32:20.400+0000] {taskinstance.py:2582} INFO - 0 downstream tasks scheduled from follow-on schedule check
