[2023-11-09T18:38:58.086+0000] {taskinstance.py:1087} INFO - Dependencies all met for <TaskInstance: customers.save_customers_to_excel manual__2023-11-09T18:38:51.058750+00:00 [queued]>
[2023-11-09T18:38:58.103+0000] {taskinstance.py:1087} INFO - Dependencies all met for <TaskInstance: customers.save_customers_to_excel manual__2023-11-09T18:38:51.058750+00:00 [queued]>
[2023-11-09T18:38:58.104+0000] {taskinstance.py:1283} INFO - 
--------------------------------------------------------------------------------
[2023-11-09T18:38:58.105+0000] {taskinstance.py:1284} INFO - Starting attempt 1 of 1
[2023-11-09T18:38:58.106+0000] {taskinstance.py:1285} INFO - 
--------------------------------------------------------------------------------
[2023-11-09T18:38:58.127+0000] {taskinstance.py:1304} INFO - Executing <Task(PythonOperator): save_customers_to_excel> on 2023-11-09 18:38:51.058750+00:00
[2023-11-09T18:38:58.138+0000] {standard_task_runner.py:55} INFO - Started process 11648 to run task
[2023-11-09T18:38:58.143+0000] {standard_task_runner.py:82} INFO - Running: ['***', 'tasks', 'run', 'customers', 'save_customers_to_excel', 'manual__2023-11-09T18:38:51.058750+00:00', '--job-id', '178', '--raw', '--subdir', 'DAGS_FOLDER/customer_1.py', '--cfg-path', '/tmp/tmp2zfqge0j']
[2023-11-09T18:38:58.146+0000] {standard_task_runner.py:83} INFO - Job 178: Subtask save_customers_to_excel
[2023-11-09T18:38:58.249+0000] {task_command.py:389} INFO - Running <TaskInstance: customers.save_customers_to_excel manual__2023-11-09T18:38:51.058750+00:00 [running]> on host 9dcc097b8292
[2023-11-09T18:38:58.556+0000] {taskinstance.py:1513} INFO - Exporting the following env vars:
AIRFLOW_CTX_DAG_OWNER=***
AIRFLOW_CTX_DAG_ID=customers
AIRFLOW_CTX_TASK_ID=save_customers_to_excel
AIRFLOW_CTX_EXECUTION_DATE=2023-11-09T18:38:51.058750+00:00
AIRFLOW_CTX_TRY_NUMBER=1
AIRFLOW_CTX_DAG_RUN_ID=manual__2023-11-09T18:38:51.058750+00:00
[2023-11-09T18:38:58.571+0000] {base.py:73} INFO - Using connection ID 'postgres' for task execution.
[2023-11-09T18:38:58.682+0000] {base.py:73} INFO - Using connection ID 'postgres' for task execution.
[2023-11-09T18:38:58.755+0000] {python.py:177} INFO - Done. Returned value was: None
[2023-11-09T18:38:58.772+0000] {taskinstance.py:1327} INFO - Marking task as SUCCESS. dag_id=customers, task_id=save_customers_to_excel, execution_date=20231109T183851, start_date=20231109T183858, end_date=20231109T183858
[2023-11-09T18:38:58.841+0000] {local_task_job.py:159} INFO - Task exited with return code 0
[2023-11-09T18:38:58.865+0000] {taskinstance.py:2582} INFO - 0 downstream tasks scheduled from follow-on schedule check
