[2023-11-10T09:24:09.142+0000] {taskinstance.py:1087} INFO - Dependencies all met for <TaskInstance: customers.read_customers manual__2023-11-10T09:24:05.141697+00:00 [queued]>
[2023-11-10T09:24:09.156+0000] {taskinstance.py:1087} INFO - Dependencies all met for <TaskInstance: customers.read_customers manual__2023-11-10T09:24:05.141697+00:00 [queued]>
[2023-11-10T09:24:09.157+0000] {taskinstance.py:1283} INFO - 
--------------------------------------------------------------------------------
[2023-11-10T09:24:09.158+0000] {taskinstance.py:1284} INFO - Starting attempt 1 of 1
[2023-11-10T09:24:09.158+0000] {taskinstance.py:1285} INFO - 
--------------------------------------------------------------------------------
[2023-11-10T09:24:09.176+0000] {taskinstance.py:1304} INFO - Executing <Task(PythonOperator): read_customers> on 2023-11-10 09:24:05.141697+00:00
[2023-11-10T09:24:09.183+0000] {standard_task_runner.py:55} INFO - Started process 2095 to run task
[2023-11-10T09:24:09.186+0000] {standard_task_runner.py:82} INFO - Running: ['***', 'tasks', 'run', 'customers', 'read_customers', 'manual__2023-11-10T09:24:05.141697+00:00', '--job-id', '445', '--raw', '--subdir', 'DAGS_FOLDER/customers_.py', '--cfg-path', '/tmp/tmplxc72f5h']
[2023-11-10T09:24:09.188+0000] {standard_task_runner.py:83} INFO - Job 445: Subtask read_customers
[2023-11-10T09:24:09.256+0000] {task_command.py:389} INFO - Running <TaskInstance: customers.read_customers manual__2023-11-10T09:24:05.141697+00:00 [running]> on host e9f864b40c90
[2023-11-10T09:24:09.500+0000] {taskinstance.py:1513} INFO - Exporting the following env vars:
AIRFLOW_CTX_DAG_OWNER=Tetiana
AIRFLOW_CTX_DAG_ID=customers
AIRFLOW_CTX_TASK_ID=read_customers
AIRFLOW_CTX_EXECUTION_DATE=2023-11-10T09:24:05.141697+00:00
AIRFLOW_CTX_TRY_NUMBER=1
AIRFLOW_CTX_DAG_RUN_ID=manual__2023-11-10T09:24:05.141697+00:00
[2023-11-10T09:24:09.519+0000] {logging_mixin.py:137} INFO - An error occurred for country Pitcairn Islands: (0) Missing or invalid default region.. Adding '+' to the phone number.
[2023-11-10T09:24:09.526+0000] {logging_mixin.py:137} INFO - An error occurred for country Vietnam: (0) Missing or invalid default region.. Adding '+' to the phone number.
[2023-11-10T09:24:09.546+0000] {logging_mixin.py:137} INFO - An error occurred for country Tanzania: (0) Missing or invalid default region.. Adding '+' to the phone number.
[2023-11-10T09:24:09.557+0000] {logging_mixin.py:137} INFO - An error occurred for country Bolivia: (0) Missing or invalid default region.. Adding '+' to the phone number.
[2023-11-10T09:24:09.565+0000] {logging_mixin.py:137} INFO - An error occurred for country Swaziland: (0) Missing or invalid default region.. Adding '+' to the phone number.
[2023-11-10T09:24:09.567+0000] {logging_mixin.py:137} INFO - An error occurred for country Palestinian Territory: (0) Missing or invalid default region.. Adding '+' to the phone number.
[2023-11-10T09:24:09.568+0000] {logging_mixin.py:137} INFO - An error occurred for country Saint Barthelemy: (0) Missing or invalid default region.. Adding '+' to the phone number.
[2023-11-10T09:24:09.574+0000] {logging_mixin.py:137} INFO - An error occurred for country French Southern Territories: (0) Missing or invalid default region.. Adding '+' to the phone number.
[2023-11-10T09:24:09.575+0000] {logging_mixin.py:137} INFO - An error occurred for country Iran: (0) Missing or invalid default region.. Adding '+' to the phone number.
[2023-11-10T09:24:09.579+0000] {logging_mixin.py:137} INFO - An error occurred for country United States Virgin Islands: (0) Missing or invalid default region.. Adding '+' to the phone number.
[2023-11-10T09:24:09.580+0000] {logging_mixin.py:137} INFO - An error occurred for country Kyrgyz Republic: (0) Missing or invalid default region.. Adding '+' to the phone number.
[2023-11-10T09:24:09.584+0000] {logging_mixin.py:137} INFO - An error occurred for country Micronesia: (0) Missing or invalid default region.. Adding '+' to the phone number.
[2023-11-10T09:24:09.608+0000] {base.py:73} INFO - Using connection ID 'postgres' for task execution.
[2023-11-10T09:24:09.644+0000] {sql.py:462} INFO - Done loading. Loaded a total of 106 rows into customers
[2023-11-10T09:24:09.646+0000] {python.py:177} INFO - Done. Returned value was: None
[2023-11-10T09:24:09.658+0000] {taskinstance.py:1327} INFO - Marking task as SUCCESS. dag_id=customers, task_id=read_customers, execution_date=20231110T092405, start_date=20231110T092409, end_date=20231110T092409
[2023-11-10T09:24:09.720+0000] {local_task_job.py:159} INFO - Task exited with return code 0
[2023-11-10T09:24:09.748+0000] {taskinstance.py:2582} INFO - 1 downstream tasks scheduled from follow-on schedule check
