[2023-11-13T07:46:58.168+0000] {taskinstance.py:1087} INFO - Dependencies all met for <TaskInstance: people.save_people_to_excel scheduled__2023-11-12T00:00:00+00:00 [queued]>
[2023-11-13T07:46:58.185+0000] {taskinstance.py:1087} INFO - Dependencies all met for <TaskInstance: people.save_people_to_excel scheduled__2023-11-12T00:00:00+00:00 [queued]>
[2023-11-13T07:46:58.186+0000] {taskinstance.py:1283} INFO - 
--------------------------------------------------------------------------------
[2023-11-13T07:46:58.187+0000] {taskinstance.py:1284} INFO - Starting attempt 1 of 1
[2023-11-13T07:46:58.188+0000] {taskinstance.py:1285} INFO - 
--------------------------------------------------------------------------------
[2023-11-13T07:46:58.213+0000] {taskinstance.py:1304} INFO - Executing <Task(PythonOperator): save_people_to_excel> on 2023-11-12 00:00:00+00:00
[2023-11-13T07:46:58.223+0000] {standard_task_runner.py:55} INFO - Started process 11962 to run task
[2023-11-13T07:46:58.226+0000] {standard_task_runner.py:82} INFO - Running: ['***', 'tasks', 'run', 'people', 'save_people_to_excel', 'scheduled__2023-11-12T00:00:00+00:00', '--job-id', '557', '--raw', '--subdir', 'DAGS_FOLDER/people.py', '--cfg-path', '/tmp/tmpiaxu6q03']
[2023-11-13T07:46:58.228+0000] {standard_task_runner.py:83} INFO - Job 557: Subtask save_people_to_excel
[2023-11-13T07:46:58.405+0000] {task_command.py:389} INFO - Running <TaskInstance: people.save_people_to_excel scheduled__2023-11-12T00:00:00+00:00 [running]> on host 691b0a4d0de3
[2023-11-13T07:46:58.885+0000] {taskinstance.py:1513} INFO - Exporting the following env vars:
AIRFLOW_CTX_DAG_OWNER=Tetiana
AIRFLOW_CTX_DAG_ID=people
AIRFLOW_CTX_TASK_ID=save_people_to_excel
AIRFLOW_CTX_EXECUTION_DATE=2023-11-12T00:00:00+00:00
AIRFLOW_CTX_TRY_NUMBER=1
AIRFLOW_CTX_DAG_RUN_ID=scheduled__2023-11-12T00:00:00+00:00
[2023-11-13T07:46:59.073+0000] {base.py:73} INFO - Using connection ID 'postgres' for task execution.
[2023-11-13T07:46:59.244+0000] {python.py:177} INFO - Done. Returned value was: None
[2023-11-13T07:46:59.264+0000] {taskinstance.py:1327} INFO - Marking task as SUCCESS. dag_id=people, task_id=save_people_to_excel, execution_date=20231112T000000, start_date=20231113T074658, end_date=20231113T074659
[2023-11-13T07:46:59.337+0000] {local_task_job.py:159} INFO - Task exited with return code 0
[2023-11-13T07:46:59.366+0000] {taskinstance.py:2582} INFO - 0 downstream tasks scheduled from follow-on schedule check
[2023-11-13T08:43:51.858+0000] {taskinstance.py:1087} INFO - Dependencies all met for <TaskInstance: people.save_people_to_excel scheduled__2023-11-12T00:00:00+00:00 [queued]>
[2023-11-13T08:43:51.904+0000] {taskinstance.py:1087} INFO - Dependencies all met for <TaskInstance: people.save_people_to_excel scheduled__2023-11-12T00:00:00+00:00 [queued]>
[2023-11-13T08:43:51.910+0000] {taskinstance.py:1283} INFO - 
--------------------------------------------------------------------------------
[2023-11-13T08:43:51.920+0000] {taskinstance.py:1284} INFO - Starting attempt 1 of 1
[2023-11-13T08:43:51.922+0000] {taskinstance.py:1285} INFO - 
--------------------------------------------------------------------------------
[2023-11-13T08:43:51.985+0000] {taskinstance.py:1304} INFO - Executing <Task(PythonOperator): save_people_to_excel> on 2023-11-12 00:00:00+00:00
[2023-11-13T08:43:52.004+0000] {standard_task_runner.py:55} INFO - Started process 270 to run task
[2023-11-13T08:43:52.009+0000] {standard_task_runner.py:82} INFO - Running: ['***', 'tasks', 'run', 'people', 'save_people_to_excel', 'scheduled__2023-11-12T00:00:00+00:00', '--job-id', '572', '--raw', '--subdir', 'DAGS_FOLDER/people.py', '--cfg-path', '/tmp/tmpkgix81ic']
[2023-11-13T08:43:52.025+0000] {standard_task_runner.py:83} INFO - Job 572: Subtask save_people_to_excel
[2023-11-13T08:43:52.197+0000] {task_command.py:389} INFO - Running <TaskInstance: people.save_people_to_excel scheduled__2023-11-12T00:00:00+00:00 [running]> on host a1532de0db1a
[2023-11-13T08:43:52.524+0000] {taskinstance.py:1513} INFO - Exporting the following env vars:
AIRFLOW_CTX_DAG_OWNER=Tetiana
AIRFLOW_CTX_DAG_ID=people
AIRFLOW_CTX_TASK_ID=save_people_to_excel
AIRFLOW_CTX_EXECUTION_DATE=2023-11-12T00:00:00+00:00
AIRFLOW_CTX_TRY_NUMBER=1
AIRFLOW_CTX_DAG_RUN_ID=scheduled__2023-11-12T00:00:00+00:00
[2023-11-13T08:43:52.639+0000] {base.py:73} INFO - Using connection ID 'postgres' for task execution.
[2023-11-13T08:43:52.837+0000] {python.py:177} INFO - Done. Returned value was: None
[2023-11-13T08:43:52.857+0000] {taskinstance.py:1327} INFO - Marking task as SUCCESS. dag_id=people, task_id=save_people_to_excel, execution_date=20231112T000000, start_date=20231113T084351, end_date=20231113T084352
[2023-11-13T08:43:52.953+0000] {local_task_job.py:159} INFO - Task exited with return code 0
[2023-11-13T08:43:52.976+0000] {taskinstance.py:2582} INFO - 0 downstream tasks scheduled from follow-on schedule check
[2023-11-13T10:21:08.267+0000] {taskinstance.py:1087} INFO - Dependencies all met for <TaskInstance: people.save_people_to_excel scheduled__2023-11-12T00:00:00+00:00 [queued]>
[2023-11-13T10:21:08.291+0000] {taskinstance.py:1087} INFO - Dependencies all met for <TaskInstance: people.save_people_to_excel scheduled__2023-11-12T00:00:00+00:00 [queued]>
[2023-11-13T10:21:08.292+0000] {taskinstance.py:1283} INFO - 
--------------------------------------------------------------------------------
[2023-11-13T10:21:08.293+0000] {taskinstance.py:1284} INFO - Starting attempt 1 of 1
[2023-11-13T10:21:08.294+0000] {taskinstance.py:1285} INFO - 
--------------------------------------------------------------------------------
[2023-11-13T10:21:08.333+0000] {taskinstance.py:1304} INFO - Executing <Task(PythonOperator): save_people_to_excel> on 2023-11-12 00:00:00+00:00
[2023-11-13T10:21:08.345+0000] {standard_task_runner.py:55} INFO - Started process 3512 to run task
[2023-11-13T10:21:08.354+0000] {standard_task_runner.py:82} INFO - Running: ['***', 'tasks', 'run', 'people', 'save_people_to_excel', 'scheduled__2023-11-12T00:00:00+00:00', '--job-id', '619', '--raw', '--subdir', 'DAGS_FOLDER/people.py', '--cfg-path', '/tmp/tmpzrgmqapi']
[2023-11-13T10:21:08.366+0000] {standard_task_runner.py:83} INFO - Job 619: Subtask save_people_to_excel
[2023-11-13T10:21:08.507+0000] {task_command.py:389} INFO - Running <TaskInstance: people.save_people_to_excel scheduled__2023-11-12T00:00:00+00:00 [running]> on host 06d7566f07d2
[2023-11-13T10:21:09.288+0000] {taskinstance.py:1513} INFO - Exporting the following env vars:
AIRFLOW_CTX_DAG_OWNER=Tetiana
AIRFLOW_CTX_DAG_ID=people
AIRFLOW_CTX_TASK_ID=save_people_to_excel
AIRFLOW_CTX_EXECUTION_DATE=2023-11-12T00:00:00+00:00
AIRFLOW_CTX_TRY_NUMBER=1
AIRFLOW_CTX_DAG_RUN_ID=scheduled__2023-11-12T00:00:00+00:00
[2023-11-13T10:21:09.377+0000] {base.py:73} INFO - Using connection ID 'postgres' for task execution.
[2023-11-13T10:21:09.481+0000] {python.py:177} INFO - Done. Returned value was: None
[2023-11-13T10:21:09.496+0000] {taskinstance.py:1327} INFO - Marking task as SUCCESS. dag_id=people, task_id=save_people_to_excel, execution_date=20231112T000000, start_date=20231113T102108, end_date=20231113T102109
[2023-11-13T10:21:09.542+0000] {local_task_job.py:159} INFO - Task exited with return code 0
[2023-11-13T10:21:09.566+0000] {taskinstance.py:2582} INFO - 0 downstream tasks scheduled from follow-on schedule check
