[2023-11-10T14:34:35.411+0000] {taskinstance.py:1087} INFO - Dependencies all met for <TaskInstance: customers.create_customers_table manual__2023-11-10T14:34:32.262493+00:00 [queued]>
[2023-11-10T14:34:35.428+0000] {taskinstance.py:1087} INFO - Dependencies all met for <TaskInstance: customers.create_customers_table manual__2023-11-10T14:34:32.262493+00:00 [queued]>
[2023-11-10T14:34:35.429+0000] {taskinstance.py:1283} INFO - 
--------------------------------------------------------------------------------
[2023-11-10T14:34:35.430+0000] {taskinstance.py:1284} INFO - Starting attempt 1 of 1
[2023-11-10T14:34:35.430+0000] {taskinstance.py:1285} INFO - 
--------------------------------------------------------------------------------
[2023-11-10T14:34:35.456+0000] {taskinstance.py:1304} INFO - Executing <Task(PostgresOperator): create_customers_table> on 2023-11-10 14:34:32.262493+00:00
[2023-11-10T14:34:35.466+0000] {standard_task_runner.py:82} INFO - Running: ['***', 'tasks', 'run', 'customers', 'create_customers_table', 'manual__2023-11-10T14:34:32.262493+00:00', '--job-id', '513', '--raw', '--subdir', 'DAGS_FOLDER/customer.py', '--cfg-path', '/tmp/tmp7rcxapzu']
[2023-11-10T14:34:35.469+0000] {standard_task_runner.py:83} INFO - Job 513: Subtask create_customers_table
[2023-11-10T14:34:35.469+0000] {standard_task_runner.py:55} INFO - Started process 1542 to run task
[2023-11-10T14:34:35.554+0000] {task_command.py:389} INFO - Running <TaskInstance: customers.create_customers_table manual__2023-11-10T14:34:32.262493+00:00 [running]> on host ae05fe974d8d
[2023-11-10T14:34:35.831+0000] {taskinstance.py:1513} INFO - Exporting the following env vars:
AIRFLOW_CTX_DAG_OWNER=Tetiana
AIRFLOW_CTX_DAG_ID=customers
AIRFLOW_CTX_TASK_ID=create_customers_table
AIRFLOW_CTX_EXECUTION_DATE=2023-11-10T14:34:32.262493+00:00
AIRFLOW_CTX_TRY_NUMBER=1
AIRFLOW_CTX_DAG_RUN_ID=manual__2023-11-10T14:34:32.262493+00:00
[2023-11-10T14:34:35.832+0000] {sql.py:253} INFO - Executing: 
        CREATE TABLE IF NOT EXISTS customers (
            Index INT NOT NULL primary key,
            Customer_Id varchar(100),
            First_Name varchar(100),
            Last_Name varchar(100),
            Company varchar(100),
            City varchar(100),
            Country varchar(100),
            Phone_1 varchar(100),
            Email varchar(100),
            "Subscription Date" date,
            Website varchar(100)
        );
    
[2023-11-10T14:34:35.843+0000] {base.py:73} INFO - Using connection ID 'postgres' for task execution.
[2023-11-10T14:34:36.185+0000] {base.py:73} INFO - Using connection ID 'postgres' for task execution.
[2023-11-10T14:34:36.192+0000] {sql.py:364} INFO - Running statement: 
        CREATE TABLE IF NOT EXISTS customers (
            Index INT NOT NULL primary key,
            Customer_Id varchar(100),
            First_Name varchar(100),
            Last_Name varchar(100),
            Company varchar(100),
            City varchar(100),
            Country varchar(100),
            Phone_1 varchar(100),
            Email varchar(100),
            "Subscription Date" date,
            Website varchar(100)
        );
    , parameters: None
[2023-11-10T14:34:36.207+0000] {taskinstance.py:1327} INFO - Marking task as SUCCESS. dag_id=customers, task_id=create_customers_table, execution_date=20231110T143432, start_date=20231110T143435, end_date=20231110T143436
[2023-11-10T14:34:36.248+0000] {local_task_job.py:159} INFO - Task exited with return code 0
[2023-11-10T14:34:36.287+0000] {taskinstance.py:2582} INFO - 1 downstream tasks scheduled from follow-on schedule check
