[2023-11-08T18:05:06.547+0000] {processor.py:153} INFO - Started process (PID=5615) to work on /opt/airflow/dags/is_available.py
[2023-11-08T18:05:06.548+0000] {processor.py:743} INFO - Processing file /opt/airflow/dags/is_available.py for tasks to queue
[2023-11-08T18:05:06.550+0000] {logging_mixin.py:137} INFO - [2023-11-08T18:05:06.550+0000] {dagbag.py:538} INFO - Filling up the DagBag from /opt/airflow/dags/is_available.py
[2023-11-08T18:05:06.617+0000] {logging_mixin.py:137} INFO - [2023-11-08T18:05:06.606+0000] {dagbag.py:343} ERROR - Failed to import: /opt/airflow/dags/is_available.py
Traceback (most recent call last):
  File "/home/airflow/.local/lib/python3.7/site-packages/airflow/models/dagbag.py", line 339, in parse
    loader.exec_module(new_module)
  File "<frozen importlib._bootstrap_external>", line 728, in exec_module
  File "<frozen importlib._bootstrap>", line 219, in _call_with_frames_removed
  File "/opt/airflow/dags/is_available.py", line 2, in <module>
    from airflow.providers.elasticsearch.transfers.http_to_elasticsearch import HttpToElasticsearchOperator
ModuleNotFoundError: No module named 'airflow.providers.elasticsearch.transfers'
[2023-11-08T18:05:06.621+0000] {processor.py:755} WARNING - No viable dags retrieved from /opt/airflow/dags/is_available.py
[2023-11-08T18:05:06.650+0000] {processor.py:175} INFO - Processing /opt/airflow/dags/is_available.py took 0.106 seconds
[2023-11-08T18:05:37.149+0000] {processor.py:153} INFO - Started process (PID=5657) to work on /opt/airflow/dags/is_available.py
[2023-11-08T18:05:37.151+0000] {processor.py:743} INFO - Processing file /opt/airflow/dags/is_available.py for tasks to queue
[2023-11-08T18:05:37.153+0000] {logging_mixin.py:137} INFO - [2023-11-08T18:05:37.152+0000] {dagbag.py:538} INFO - Filling up the DagBag from /opt/airflow/dags/is_available.py
[2023-11-08T18:05:37.213+0000] {logging_mixin.py:137} INFO - [2023-11-08T18:05:37.200+0000] {dagbag.py:343} ERROR - Failed to import: /opt/airflow/dags/is_available.py
Traceback (most recent call last):
  File "/home/airflow/.local/lib/python3.7/site-packages/airflow/models/dagbag.py", line 339, in parse
    loader.exec_module(new_module)
  File "<frozen importlib._bootstrap_external>", line 728, in exec_module
  File "<frozen importlib._bootstrap>", line 219, in _call_with_frames_removed
  File "/opt/airflow/dags/is_available.py", line 2, in <module>
    from airflow.providers.elasticsearch.transfers.http_to_elasticsearch import HttpToElasticsearchOperator
ModuleNotFoundError: No module named 'airflow.providers.elasticsearch.transfers'
[2023-11-08T18:05:37.217+0000] {processor.py:755} WARNING - No viable dags retrieved from /opt/airflow/dags/is_available.py
[2023-11-08T18:05:37.269+0000] {processor.py:175} INFO - Processing /opt/airflow/dags/is_available.py took 0.123 seconds
[2023-11-08T18:06:07.645+0000] {processor.py:153} INFO - Started process (PID=5713) to work on /opt/airflow/dags/is_available.py
[2023-11-08T18:06:07.647+0000] {processor.py:743} INFO - Processing file /opt/airflow/dags/is_available.py for tasks to queue
[2023-11-08T18:06:07.648+0000] {logging_mixin.py:137} INFO - [2023-11-08T18:06:07.648+0000] {dagbag.py:538} INFO - Filling up the DagBag from /opt/airflow/dags/is_available.py
[2023-11-08T18:06:07.705+0000] {logging_mixin.py:137} INFO - [2023-11-08T18:06:07.696+0000] {dagbag.py:343} ERROR - Failed to import: /opt/airflow/dags/is_available.py
Traceback (most recent call last):
  File "/home/airflow/.local/lib/python3.7/site-packages/airflow/models/dagbag.py", line 339, in parse
    loader.exec_module(new_module)
  File "<frozen importlib._bootstrap_external>", line 728, in exec_module
  File "<frozen importlib._bootstrap>", line 219, in _call_with_frames_removed
  File "/opt/airflow/dags/is_available.py", line 2, in <module>
    from airflow.providers.elasticsearch.transfers.http_to_elasticsearch import HttpToElasticsearchOperator
ModuleNotFoundError: No module named 'airflow.providers.elasticsearch.transfers'
[2023-11-08T18:06:07.708+0000] {processor.py:755} WARNING - No viable dags retrieved from /opt/airflow/dags/is_available.py
[2023-11-08T18:06:07.739+0000] {processor.py:175} INFO - Processing /opt/airflow/dags/is_available.py took 0.101 seconds
[2023-11-08T18:06:38.334+0000] {processor.py:153} INFO - Started process (PID=5756) to work on /opt/airflow/dags/is_available.py
[2023-11-08T18:06:38.335+0000] {processor.py:743} INFO - Processing file /opt/airflow/dags/is_available.py for tasks to queue
[2023-11-08T18:06:38.337+0000] {logging_mixin.py:137} INFO - [2023-11-08T18:06:38.336+0000] {dagbag.py:538} INFO - Filling up the DagBag from /opt/airflow/dags/is_available.py
[2023-11-08T18:06:38.381+0000] {logging_mixin.py:137} INFO - [2023-11-08T18:06:38.372+0000] {dagbag.py:343} ERROR - Failed to import: /opt/airflow/dags/is_available.py
Traceback (most recent call last):
  File "/home/airflow/.local/lib/python3.7/site-packages/airflow/models/dagbag.py", line 339, in parse
    loader.exec_module(new_module)
  File "<frozen importlib._bootstrap_external>", line 728, in exec_module
  File "<frozen importlib._bootstrap>", line 219, in _call_with_frames_removed
  File "/opt/airflow/dags/is_available.py", line 2, in <module>
    from airflow.providers.elasticsearch.transfers.http_to_elasticsearch import HttpToElasticsearchOperator
ModuleNotFoundError: No module named 'airflow.providers.elasticsearch.transfers'
[2023-11-08T18:06:38.384+0000] {processor.py:755} WARNING - No viable dags retrieved from /opt/airflow/dags/is_available.py
[2023-11-08T18:06:38.428+0000] {processor.py:175} INFO - Processing /opt/airflow/dags/is_available.py took 0.097 seconds
[2023-11-08T18:07:08.608+0000] {processor.py:153} INFO - Started process (PID=5800) to work on /opt/airflow/dags/is_available.py
[2023-11-08T18:07:08.610+0000] {processor.py:743} INFO - Processing file /opt/airflow/dags/is_available.py for tasks to queue
[2023-11-08T18:07:08.611+0000] {logging_mixin.py:137} INFO - [2023-11-08T18:07:08.611+0000] {dagbag.py:538} INFO - Filling up the DagBag from /opt/airflow/dags/is_available.py
[2023-11-08T18:07:08.652+0000] {logging_mixin.py:137} INFO - [2023-11-08T18:07:08.646+0000] {dagbag.py:343} ERROR - Failed to import: /opt/airflow/dags/is_available.py
Traceback (most recent call last):
  File "/home/airflow/.local/lib/python3.7/site-packages/airflow/models/dagbag.py", line 339, in parse
    loader.exec_module(new_module)
  File "<frozen importlib._bootstrap_external>", line 728, in exec_module
  File "<frozen importlib._bootstrap>", line 219, in _call_with_frames_removed
  File "/opt/airflow/dags/is_available.py", line 2, in <module>
    from airflow.providers.elasticsearch.transfers.http_to_elasticsearch import HttpToElasticsearchOperator
ModuleNotFoundError: No module named 'airflow.providers.elasticsearch.transfers'
[2023-11-08T18:07:08.654+0000] {processor.py:755} WARNING - No viable dags retrieved from /opt/airflow/dags/is_available.py
[2023-11-08T18:07:08.681+0000] {processor.py:175} INFO - Processing /opt/airflow/dags/is_available.py took 0.076 seconds
[2023-11-08T18:07:39.229+0000] {processor.py:153} INFO - Started process (PID=5850) to work on /opt/airflow/dags/is_available.py
[2023-11-08T18:07:39.230+0000] {processor.py:743} INFO - Processing file /opt/airflow/dags/is_available.py for tasks to queue
[2023-11-08T18:07:39.232+0000] {logging_mixin.py:137} INFO - [2023-11-08T18:07:39.231+0000] {dagbag.py:538} INFO - Filling up the DagBag from /opt/airflow/dags/is_available.py
[2023-11-08T18:07:39.283+0000] {logging_mixin.py:137} INFO - [2023-11-08T18:07:39.272+0000] {dagbag.py:343} ERROR - Failed to import: /opt/airflow/dags/is_available.py
Traceback (most recent call last):
  File "/home/airflow/.local/lib/python3.7/site-packages/airflow/models/dagbag.py", line 339, in parse
    loader.exec_module(new_module)
  File "<frozen importlib._bootstrap_external>", line 728, in exec_module
  File "<frozen importlib._bootstrap>", line 219, in _call_with_frames_removed
  File "/opt/airflow/dags/is_available.py", line 2, in <module>
    from airflow.providers.elasticsearch.transfers.http_to_elasticsearch import HttpToElasticsearchOperator
ModuleNotFoundError: No module named 'airflow.providers.elasticsearch.transfers'
[2023-11-08T18:07:39.287+0000] {processor.py:755} WARNING - No viable dags retrieved from /opt/airflow/dags/is_available.py
[2023-11-08T18:07:39.557+0000] {processor.py:175} INFO - Processing /opt/airflow/dags/is_available.py took 0.331 seconds
[2023-11-08T18:08:11.000+0000] {processor.py:153} INFO - Started process (PID=5898) to work on /opt/airflow/dags/is_available.py
[2023-11-08T18:08:11.001+0000] {processor.py:743} INFO - Processing file /opt/airflow/dags/is_available.py for tasks to queue
[2023-11-08T18:08:11.004+0000] {logging_mixin.py:137} INFO - [2023-11-08T18:08:11.003+0000] {dagbag.py:538} INFO - Filling up the DagBag from /opt/airflow/dags/is_available.py
[2023-11-08T18:08:11.042+0000] {logging_mixin.py:137} INFO - [2023-11-08T18:08:11.034+0000] {dagbag.py:343} ERROR - Failed to import: /opt/airflow/dags/is_available.py
Traceback (most recent call last):
  File "/home/airflow/.local/lib/python3.7/site-packages/airflow/models/dagbag.py", line 339, in parse
    loader.exec_module(new_module)
  File "<frozen importlib._bootstrap_external>", line 728, in exec_module
  File "<frozen importlib._bootstrap>", line 219, in _call_with_frames_removed
  File "/opt/airflow/dags/is_available.py", line 2, in <module>
    from airflow.providers.elasticsearch.transfers.http_to_elasticsearch import HttpToElasticsearchOperator
ModuleNotFoundError: No module named 'airflow.providers.elasticsearch.transfers'
[2023-11-08T18:08:11.046+0000] {processor.py:755} WARNING - No viable dags retrieved from /opt/airflow/dags/is_available.py
[2023-11-08T18:08:11.080+0000] {processor.py:175} INFO - Processing /opt/airflow/dags/is_available.py took 0.083 seconds
[2023-11-08T18:08:41.877+0000] {processor.py:153} INFO - Started process (PID=5937) to work on /opt/airflow/dags/is_available.py
[2023-11-08T18:08:41.878+0000] {processor.py:743} INFO - Processing file /opt/airflow/dags/is_available.py for tasks to queue
[2023-11-08T18:08:41.879+0000] {logging_mixin.py:137} INFO - [2023-11-08T18:08:41.879+0000] {dagbag.py:538} INFO - Filling up the DagBag from /opt/airflow/dags/is_available.py
[2023-11-08T18:08:41.929+0000] {logging_mixin.py:137} INFO - [2023-11-08T18:08:41.922+0000] {dagbag.py:343} ERROR - Failed to import: /opt/airflow/dags/is_available.py
Traceback (most recent call last):
  File "/home/airflow/.local/lib/python3.7/site-packages/airflow/models/dagbag.py", line 339, in parse
    loader.exec_module(new_module)
  File "<frozen importlib._bootstrap_external>", line 728, in exec_module
  File "<frozen importlib._bootstrap>", line 219, in _call_with_frames_removed
  File "/opt/airflow/dags/is_available.py", line 2, in <module>
    from airflow.providers.elasticsearch.transfers.http_to_elasticsearch import HttpToElasticsearchOperator
ModuleNotFoundError: No module named 'airflow.providers.elasticsearch.transfers'
[2023-11-08T18:08:41.932+0000] {processor.py:755} WARNING - No viable dags retrieved from /opt/airflow/dags/is_available.py
[2023-11-08T18:08:41.960+0000] {processor.py:175} INFO - Processing /opt/airflow/dags/is_available.py took 0.086 seconds
[2023-11-08T18:08:55.744+0000] {processor.py:153} INFO - Started process (PID=5959) to work on /opt/airflow/dags/is_available.py
[2023-11-08T18:08:55.745+0000] {processor.py:743} INFO - Processing file /opt/airflow/dags/is_available.py for tasks to queue
[2023-11-08T18:08:55.746+0000] {logging_mixin.py:137} INFO - [2023-11-08T18:08:55.746+0000] {dagbag.py:538} INFO - Filling up the DagBag from /opt/airflow/dags/is_available.py
[2023-11-08T18:08:55.812+0000] {logging_mixin.py:137} INFO - [2023-11-08T18:08:55.806+0000] {dagbag.py:343} ERROR - Failed to import: /opt/airflow/dags/is_available.py
Traceback (most recent call last):
  File "/home/airflow/.local/lib/python3.7/site-packages/airflow/models/dagbag.py", line 339, in parse
    loader.exec_module(new_module)
  File "<frozen importlib._bootstrap_external>", line 728, in exec_module
  File "<frozen importlib._bootstrap>", line 219, in _call_with_frames_removed
  File "/opt/airflow/dags/is_available.py", line 2, in <module>
    from airflow.providers.elasticsearch.operators.elasticsearch import ElasticsearchToXComOperator
ModuleNotFoundError: No module named 'airflow.providers.elasticsearch.operators'
[2023-11-08T18:08:55.815+0000] {processor.py:755} WARNING - No viable dags retrieved from /opt/airflow/dags/is_available.py
[2023-11-08T18:08:55.842+0000] {processor.py:175} INFO - Processing /opt/airflow/dags/is_available.py took 0.101 seconds
[2023-11-08T18:09:07.091+0000] {processor.py:153} INFO - Started process (PID=5972) to work on /opt/airflow/dags/is_available.py
[2023-11-08T18:09:07.092+0000] {processor.py:743} INFO - Processing file /opt/airflow/dags/is_available.py for tasks to queue
[2023-11-08T18:09:07.093+0000] {logging_mixin.py:137} INFO - [2023-11-08T18:09:07.093+0000] {dagbag.py:538} INFO - Filling up the DagBag from /opt/airflow/dags/is_available.py
[2023-11-08T18:09:07.136+0000] {logging_mixin.py:137} INFO - [2023-11-08T18:09:07.130+0000] {dagbag.py:343} ERROR - Failed to import: /opt/airflow/dags/is_available.py
Traceback (most recent call last):
  File "/home/airflow/.local/lib/python3.7/site-packages/airflow/models/dagbag.py", line 339, in parse
    loader.exec_module(new_module)
  File "<frozen importlib._bootstrap_external>", line 728, in exec_module
  File "<frozen importlib._bootstrap>", line 219, in _call_with_frames_removed
  File "/opt/airflow/dags/is_available.py", line 2, in <module>
    from airflow.providers.elasticsearch.operators.elasticsearch import ElasticsearchToXComOperator
ModuleNotFoundError: No module named 'airflow.providers.elasticsearch.operators'
[2023-11-08T18:09:07.138+0000] {processor.py:755} WARNING - No viable dags retrieved from /opt/airflow/dags/is_available.py
[2023-11-08T18:09:07.163+0000] {processor.py:175} INFO - Processing /opt/airflow/dags/is_available.py took 0.075 seconds
[2023-11-08T18:09:37.603+0000] {processor.py:153} INFO - Started process (PID=6015) to work on /opt/airflow/dags/is_available.py
[2023-11-08T18:09:37.604+0000] {processor.py:743} INFO - Processing file /opt/airflow/dags/is_available.py for tasks to queue
[2023-11-08T18:09:37.606+0000] {logging_mixin.py:137} INFO - [2023-11-08T18:09:37.606+0000] {dagbag.py:538} INFO - Filling up the DagBag from /opt/airflow/dags/is_available.py
[2023-11-08T18:09:37.635+0000] {logging_mixin.py:137} INFO - [2023-11-08T18:09:37.628+0000] {dagbag.py:343} ERROR - Failed to import: /opt/airflow/dags/is_available.py
Traceback (most recent call last):
  File "/home/airflow/.local/lib/python3.7/site-packages/airflow/models/dagbag.py", line 339, in parse
    loader.exec_module(new_module)
  File "<frozen importlib._bootstrap_external>", line 728, in exec_module
  File "<frozen importlib._bootstrap>", line 219, in _call_with_frames_removed
  File "/opt/airflow/dags/is_available.py", line 2, in <module>
    from airflow.providers.elasticsearch.operators.elasticsearch import ElasticsearchToXComOperator
ModuleNotFoundError: No module named 'airflow.providers.elasticsearch.operators'
[2023-11-08T18:09:37.637+0000] {processor.py:755} WARNING - No viable dags retrieved from /opt/airflow/dags/is_available.py
[2023-11-08T18:09:37.662+0000] {processor.py:175} INFO - Processing /opt/airflow/dags/is_available.py took 0.062 seconds
[2023-11-08T18:09:54.807+0000] {processor.py:153} INFO - Started process (PID=6044) to work on /opt/airflow/dags/is_available.py
[2023-11-08T18:09:54.808+0000] {processor.py:743} INFO - Processing file /opt/airflow/dags/is_available.py for tasks to queue
[2023-11-08T18:09:54.809+0000] {logging_mixin.py:137} INFO - [2023-11-08T18:09:54.809+0000] {dagbag.py:538} INFO - Filling up the DagBag from /opt/airflow/dags/is_available.py
[2023-11-08T18:09:54.885+0000] {logging_mixin.py:137} INFO - [2023-11-08T18:09:54.879+0000] {dagbag.py:343} ERROR - Failed to import: /opt/airflow/dags/is_available.py
Traceback (most recent call last):
  File "/home/airflow/.local/lib/python3.7/site-packages/airflow/models/dagbag.py", line 339, in parse
    loader.exec_module(new_module)
  File "<frozen importlib._bootstrap_external>", line 728, in exec_module
  File "<frozen importlib._bootstrap>", line 219, in _call_with_frames_removed
  File "/opt/airflow/dags/is_available.py", line 2, in <module>
    from airflow.providers.elasticsearch.transfers.elasticsearch_to_xcom import ElasticsearchToXComOperator
ModuleNotFoundError: No module named 'airflow.providers.elasticsearch.transfers'
[2023-11-08T18:09:54.888+0000] {processor.py:755} WARNING - No viable dags retrieved from /opt/airflow/dags/is_available.py
[2023-11-08T18:09:54.914+0000] {processor.py:175} INFO - Processing /opt/airflow/dags/is_available.py took 0.110 seconds
[2023-11-08T18:10:25.331+0000] {processor.py:153} INFO - Started process (PID=6094) to work on /opt/airflow/dags/is_available.py
[2023-11-08T18:10:25.333+0000] {processor.py:743} INFO - Processing file /opt/airflow/dags/is_available.py for tasks to queue
[2023-11-08T18:10:25.334+0000] {logging_mixin.py:137} INFO - [2023-11-08T18:10:25.334+0000] {dagbag.py:538} INFO - Filling up the DagBag from /opt/airflow/dags/is_available.py
[2023-11-08T18:10:25.364+0000] {logging_mixin.py:137} INFO - [2023-11-08T18:10:25.357+0000] {dagbag.py:343} ERROR - Failed to import: /opt/airflow/dags/is_available.py
Traceback (most recent call last):
  File "/home/airflow/.local/lib/python3.7/site-packages/airflow/models/dagbag.py", line 339, in parse
    loader.exec_module(new_module)
  File "<frozen importlib._bootstrap_external>", line 728, in exec_module
  File "<frozen importlib._bootstrap>", line 219, in _call_with_frames_removed
  File "/opt/airflow/dags/is_available.py", line 2, in <module>
    from airflow.providers.elasticsearch.transfers.elasticsearch_to_xcom import ElasticsearchToXComOperator
ModuleNotFoundError: No module named 'airflow.providers.elasticsearch.transfers'
[2023-11-08T18:10:25.366+0000] {processor.py:755} WARNING - No viable dags retrieved from /opt/airflow/dags/is_available.py
[2023-11-08T18:10:25.396+0000] {processor.py:175} INFO - Processing /opt/airflow/dags/is_available.py took 0.068 seconds
[2023-11-08T18:10:55.894+0000] {processor.py:153} INFO - Started process (PID=6142) to work on /opt/airflow/dags/is_available.py
[2023-11-08T18:10:55.895+0000] {processor.py:743} INFO - Processing file /opt/airflow/dags/is_available.py for tasks to queue
[2023-11-08T18:10:55.896+0000] {logging_mixin.py:137} INFO - [2023-11-08T18:10:55.896+0000] {dagbag.py:538} INFO - Filling up the DagBag from /opt/airflow/dags/is_available.py
[2023-11-08T18:10:55.933+0000] {logging_mixin.py:137} INFO - [2023-11-08T18:10:55.927+0000] {dagbag.py:343} ERROR - Failed to import: /opt/airflow/dags/is_available.py
Traceback (most recent call last):
  File "/home/airflow/.local/lib/python3.7/site-packages/airflow/models/dagbag.py", line 339, in parse
    loader.exec_module(new_module)
  File "<frozen importlib._bootstrap_external>", line 728, in exec_module
  File "<frozen importlib._bootstrap>", line 219, in _call_with_frames_removed
  File "/opt/airflow/dags/is_available.py", line 2, in <module>
    from airflow.providers.elasticsearch.transfers.elasticsearch_to_xcom import ElasticsearchToXComOperator
ModuleNotFoundError: No module named 'airflow.providers.elasticsearch.transfers'
[2023-11-08T18:10:55.936+0000] {processor.py:755} WARNING - No viable dags retrieved from /opt/airflow/dags/is_available.py
[2023-11-08T18:10:55.959+0000] {processor.py:175} INFO - Processing /opt/airflow/dags/is_available.py took 0.068 seconds
[2023-11-08T18:11:26.528+0000] {processor.py:153} INFO - Started process (PID=6185) to work on /opt/airflow/dags/is_available.py
[2023-11-08T18:11:26.529+0000] {processor.py:743} INFO - Processing file /opt/airflow/dags/is_available.py for tasks to queue
[2023-11-08T18:11:26.530+0000] {logging_mixin.py:137} INFO - [2023-11-08T18:11:26.530+0000] {dagbag.py:538} INFO - Filling up the DagBag from /opt/airflow/dags/is_available.py
[2023-11-08T18:11:26.560+0000] {logging_mixin.py:137} INFO - [2023-11-08T18:11:26.553+0000] {dagbag.py:343} ERROR - Failed to import: /opt/airflow/dags/is_available.py
Traceback (most recent call last):
  File "/home/airflow/.local/lib/python3.7/site-packages/airflow/models/dagbag.py", line 339, in parse
    loader.exec_module(new_module)
  File "<frozen importlib._bootstrap_external>", line 728, in exec_module
  File "<frozen importlib._bootstrap>", line 219, in _call_with_frames_removed
  File "/opt/airflow/dags/is_available.py", line 2, in <module>
    from airflow.providers.elasticsearch.transfers.elasticsearch_to_xcom import ElasticsearchToXComOperator
ModuleNotFoundError: No module named 'airflow.providers.elasticsearch.transfers'
[2023-11-08T18:11:26.562+0000] {processor.py:755} WARNING - No viable dags retrieved from /opt/airflow/dags/is_available.py
[2023-11-08T18:11:26.587+0000] {processor.py:175} INFO - Processing /opt/airflow/dags/is_available.py took 0.061 seconds
[2023-11-08T18:11:56.940+0000] {processor.py:153} INFO - Started process (PID=6227) to work on /opt/airflow/dags/is_available.py
[2023-11-08T18:11:56.941+0000] {processor.py:743} INFO - Processing file /opt/airflow/dags/is_available.py for tasks to queue
[2023-11-08T18:11:56.943+0000] {logging_mixin.py:137} INFO - [2023-11-08T18:11:56.942+0000] {dagbag.py:538} INFO - Filling up the DagBag from /opt/airflow/dags/is_available.py
[2023-11-08T18:11:56.973+0000] {logging_mixin.py:137} INFO - [2023-11-08T18:11:56.966+0000] {dagbag.py:343} ERROR - Failed to import: /opt/airflow/dags/is_available.py
Traceback (most recent call last):
  File "/home/airflow/.local/lib/python3.7/site-packages/airflow/models/dagbag.py", line 339, in parse
    loader.exec_module(new_module)
  File "<frozen importlib._bootstrap_external>", line 728, in exec_module
  File "<frozen importlib._bootstrap>", line 219, in _call_with_frames_removed
  File "/opt/airflow/dags/is_available.py", line 2, in <module>
    from airflow.providers.elasticsearch.transfers.elasticsearch_to_xcom import ElasticsearchToXComOperator
ModuleNotFoundError: No module named 'airflow.providers.elasticsearch.transfers'
[2023-11-08T18:11:56.975+0000] {processor.py:755} WARNING - No viable dags retrieved from /opt/airflow/dags/is_available.py
[2023-11-08T18:11:57.000+0000] {processor.py:175} INFO - Processing /opt/airflow/dags/is_available.py took 0.063 seconds
[2023-11-08T18:12:03.308+0000] {processor.py:153} INFO - Started process (PID=6242) to work on /opt/airflow/dags/is_available.py
[2023-11-08T18:12:03.310+0000] {processor.py:743} INFO - Processing file /opt/airflow/dags/is_available.py for tasks to queue
[2023-11-08T18:12:03.311+0000] {logging_mixin.py:137} INFO - [2023-11-08T18:12:03.311+0000] {dagbag.py:538} INFO - Filling up the DagBag from /opt/airflow/dags/is_available.py
[2023-11-08T18:12:03.328+0000] {logging_mixin.py:137} INFO - [2023-11-08T18:12:03.328+0000] {dagbag.py:320} INFO - File /opt/airflow/dags/is_available.py assumed to contain no DAGs. Skipping.
[2023-11-08T18:12:03.329+0000] {processor.py:755} WARNING - No viable dags retrieved from /opt/airflow/dags/is_available.py
[2023-11-08T18:12:03.366+0000] {processor.py:175} INFO - Processing /opt/airflow/dags/is_available.py took 0.063 seconds
