[2023-11-01T20:09:33.981+0000] {taskinstance.py:1165} INFO - Dependencies all met for <TaskInstance: xcom_dag.t1 manual__2023-11-01T20:09:32.548439+00:00 [queued]>
[2023-11-01T20:09:33.996+0000] {taskinstance.py:1165} INFO - Dependencies all met for <TaskInstance: xcom_dag.t1 manual__2023-11-01T20:09:32.548439+00:00 [queued]>
[2023-11-01T20:09:33.997+0000] {taskinstance.py:1362} INFO - 
--------------------------------------------------------------------------------
[2023-11-01T20:09:33.997+0000] {taskinstance.py:1363} INFO - Starting attempt 1 of 1
[2023-11-01T20:09:33.998+0000] {taskinstance.py:1364} INFO - 
--------------------------------------------------------------------------------
[2023-11-01T20:09:34.017+0000] {taskinstance.py:1383} INFO - Executing <Task(PythonOperator): t1> on 2023-11-01 20:09:32.548439+00:00
[2023-11-01T20:09:34.024+0000] {standard_task_runner.py:55} INFO - Started process 2185 to run task
[2023-11-01T20:09:34.028+0000] {standard_task_runner.py:82} INFO - Running: ['***', 'tasks', 'run', 'xcom_dag', 't1', 'manual__2023-11-01T20:09:32.548439+00:00', '--job-id', '27', '--raw', '--subdir', 'DAGS_FOLDER/xcom_dag.py', '--cfg-path', '/tmp/tmp7xbqw33d']
[2023-11-01T20:09:34.028+0000] {standard_task_runner.py:83} INFO - Job 27: Subtask t1
[2023-11-01T20:09:34.121+0000] {task_command.py:376} INFO - Running <TaskInstance: xcom_dag.t1 manual__2023-11-01T20:09:32.548439+00:00 [running]> on host 3779655fe886
[2023-11-01T20:09:34.219+0000] {taskinstance.py:1592} INFO - Exporting the following env vars:
AIRFLOW_CTX_DAG_OWNER=***
AIRFLOW_CTX_DAG_ID=xcom_dag
AIRFLOW_CTX_TASK_ID=t1
AIRFLOW_CTX_EXECUTION_DATE=2023-11-01T20:09:32.548439+00:00
AIRFLOW_CTX_TRY_NUMBER=1
AIRFLOW_CTX_DAG_RUN_ID=manual__2023-11-01T20:09:32.548439+00:00
[2023-11-01T20:09:34.239+0000] {python.py:177} INFO - Done. Returned value was: None
[2023-11-01T20:09:34.252+0000] {taskinstance.py:1406} INFO - Marking task as SUCCESS. dag_id=xcom_dag, task_id=t1, execution_date=20231101T200932, start_date=20231101T200933, end_date=20231101T200934
[2023-11-01T20:09:34.282+0000] {local_task_job.py:164} INFO - Task exited with return code 0
[2023-11-01T20:09:34.323+0000] {local_task_job.py:273} INFO - 1 downstream tasks scheduled from follow-on schedule check
