[2023-11-07T10:20:50.187+0000] {taskinstance.py:1165} INFO - Dependencies all met for <TaskInstance: customers.create_customers_table scheduled__2023-11-06T00:00:00+00:00 [queued]>
[2023-11-07T10:20:50.210+0000] {taskinstance.py:1165} INFO - Dependencies all met for <TaskInstance: customers.create_customers_table scheduled__2023-11-06T00:00:00+00:00 [queued]>
[2023-11-07T10:20:50.210+0000] {taskinstance.py:1362} INFO - 
--------------------------------------------------------------------------------
[2023-11-07T10:20:50.212+0000] {taskinstance.py:1363} INFO - Starting attempt 1 of 1
[2023-11-07T10:20:50.212+0000] {taskinstance.py:1364} INFO - 
--------------------------------------------------------------------------------
[2023-11-07T10:20:50.237+0000] {taskinstance.py:1383} INFO - Executing <Task(PostgresOperator): create_customers_table> on 2023-11-06 00:00:00+00:00
[2023-11-07T10:20:50.250+0000] {standard_task_runner.py:55} INFO - Started process 1695 to run task
[2023-11-07T10:20:50.253+0000] {standard_task_runner.py:82} INFO - Running: ['***', 'tasks', 'run', 'customers', 'create_customers_table', 'scheduled__2023-11-06T00:00:00+00:00', '--job-id', '503', '--raw', '--subdir', 'DAGS_FOLDER/customers.py', '--cfg-path', '/tmp/tmp2zsj0ui_']
[2023-11-07T10:20:50.255+0000] {standard_task_runner.py:83} INFO - Job 503: Subtask create_customers_table
[2023-11-07T10:20:50.365+0000] {task_command.py:376} INFO - Running <TaskInstance: customers.create_customers_table scheduled__2023-11-06T00:00:00+00:00 [running]> on host 7cf1ce11ad7e
[2023-11-07T10:20:50.683+0000] {taskinstance.py:1592} INFO - Exporting the following env vars:
AIRFLOW_CTX_DAG_OWNER=Tetiana
AIRFLOW_CTX_DAG_ID=customers
AIRFLOW_CTX_TASK_ID=create_customers_table
AIRFLOW_CTX_EXECUTION_DATE=2023-11-06T00:00:00+00:00
AIRFLOW_CTX_TRY_NUMBER=1
AIRFLOW_CTX_DAG_RUN_ID=scheduled__2023-11-06T00:00:00+00:00
[2023-11-07T10:20:50.697+0000] {base.py:71} INFO - Using connection ID 'postgres' for task execution.
[2023-11-07T10:20:50.702+0000] {sql.py:315} INFO - Running statement: 
        CREATE TABLE IF NOT EXISTS customers (
            Index INT NOT NULL primary key,
            Customer_Id varchar(100),
            First_Name varchar(100),
            Last_Name varchar(100),
            Company varchar(100),
            City varchar(100),
            Country varchar(100),
            Phone_1 varchar(100),
            Phone_2 varchar(100),
            Email varchar(100),
            Subscription Date,
            Website varchar(100)
        );
    , parameters: None
[2023-11-07T10:20:50.704+0000] {postgres.py:96} INFO - NOTICE:  relation "customers" already exists, skipping

[2023-11-07T10:20:50.718+0000] {taskinstance.py:1406} INFO - Marking task as SUCCESS. dag_id=customers, task_id=create_customers_table, execution_date=20231106T000000, start_date=20231107T102050, end_date=20231107T102050
[2023-11-07T10:20:50.752+0000] {local_task_job.py:164} INFO - Task exited with return code 0
[2023-11-07T10:20:50.804+0000] {local_task_job.py:273} INFO - 1 downstream tasks scheduled from follow-on schedule check
[2023-11-07T10:52:46.891+0000] {taskinstance.py:1165} INFO - Dependencies all met for <TaskInstance: customers.create_customers_table scheduled__2023-11-06T00:00:00+00:00 [queued]>
[2023-11-07T10:52:46.904+0000] {taskinstance.py:1165} INFO - Dependencies all met for <TaskInstance: customers.create_customers_table scheduled__2023-11-06T00:00:00+00:00 [queued]>
[2023-11-07T10:52:46.905+0000] {taskinstance.py:1362} INFO - 
--------------------------------------------------------------------------------
[2023-11-07T10:52:46.905+0000] {taskinstance.py:1363} INFO - Starting attempt 1 of 1
[2023-11-07T10:52:46.906+0000] {taskinstance.py:1364} INFO - 
--------------------------------------------------------------------------------
[2023-11-07T10:52:46.928+0000] {taskinstance.py:1383} INFO - Executing <Task(PostgresOperator): create_customers_table> on 2023-11-06 00:00:00+00:00
[2023-11-07T10:52:46.937+0000] {standard_task_runner.py:55} INFO - Started process 3150 to run task
[2023-11-07T10:52:46.943+0000] {standard_task_runner.py:82} INFO - Running: ['***', 'tasks', 'run', 'customers', 'create_customers_table', 'scheduled__2023-11-06T00:00:00+00:00', '--job-id', '506', '--raw', '--subdir', 'DAGS_FOLDER/customers.py', '--cfg-path', '/tmp/tmpi_3o78x9']
[2023-11-07T10:52:46.946+0000] {standard_task_runner.py:83} INFO - Job 506: Subtask create_customers_table
[2023-11-07T10:52:47.023+0000] {task_command.py:376} INFO - Running <TaskInstance: customers.create_customers_table scheduled__2023-11-06T00:00:00+00:00 [running]> on host 7cf1ce11ad7e
[2023-11-07T10:52:47.379+0000] {taskinstance.py:1592} INFO - Exporting the following env vars:
AIRFLOW_CTX_DAG_OWNER=Tetiana
AIRFLOW_CTX_DAG_ID=customers
AIRFLOW_CTX_TASK_ID=create_customers_table
AIRFLOW_CTX_EXECUTION_DATE=2023-11-06T00:00:00+00:00
AIRFLOW_CTX_TRY_NUMBER=1
AIRFLOW_CTX_DAG_RUN_ID=scheduled__2023-11-06T00:00:00+00:00
[2023-11-07T10:52:47.391+0000] {base.py:71} INFO - Using connection ID 'postgres' for task execution.
[2023-11-07T10:52:47.397+0000] {sql.py:315} INFO - Running statement: 
        CREATE TABLE IF NOT EXISTS customers (
            Index INT NOT NULL primary key,
            Customer_Id varchar(100),
            First_Name varchar(100),
            Last_Name varchar(100),
            Company varchar(100),
            City varchar(100),
            Country varchar(100),
            Phone_1 varchar(100),
            Phone_2 varchar(100),
            Email varchar(100),
            Subscription Date,
            Website varchar(100)
        );
    , parameters: None
[2023-11-07T10:52:47.399+0000] {postgres.py:96} INFO - NOTICE:  relation "customers" already exists, skipping

[2023-11-07T10:52:47.412+0000] {taskinstance.py:1406} INFO - Marking task as SUCCESS. dag_id=customers, task_id=create_customers_table, execution_date=20231106T000000, start_date=20231107T105246, end_date=20231107T105247
[2023-11-07T10:52:47.476+0000] {local_task_job.py:164} INFO - Task exited with return code 0
[2023-11-07T10:52:47.516+0000] {local_task_job.py:273} INFO - 1 downstream tasks scheduled from follow-on schedule check
