[2023-11-09T19:12:01.329+0000] {taskinstance.py:1087} INFO - Dependencies all met for <TaskInstance: customers.save_customers_to_excel manual__2023-11-09T19:11:54.046200+00:00 [queued]>
[2023-11-09T19:12:01.343+0000] {taskinstance.py:1087} INFO - Dependencies all met for <TaskInstance: customers.save_customers_to_excel manual__2023-11-09T19:11:54.046200+00:00 [queued]>
[2023-11-09T19:12:01.344+0000] {taskinstance.py:1283} INFO - 
--------------------------------------------------------------------------------
[2023-11-09T19:12:01.345+0000] {taskinstance.py:1284} INFO - Starting attempt 1 of 1
[2023-11-09T19:12:01.346+0000] {taskinstance.py:1285} INFO - 
--------------------------------------------------------------------------------
[2023-11-09T19:12:01.365+0000] {taskinstance.py:1304} INFO - Executing <Task(PythonOperator): save_customers_to_excel> on 2023-11-09 19:11:54.046200+00:00
[2023-11-09T19:12:01.371+0000] {standard_task_runner.py:55} INFO - Started process 13669 to run task
[2023-11-09T19:12:01.374+0000] {standard_task_runner.py:82} INFO - Running: ['***', 'tasks', 'run', 'customers', 'save_customers_to_excel', 'manual__2023-11-09T19:11:54.046200+00:00', '--job-id', '235', '--raw', '--subdir', 'DAGS_FOLDER/customers.py', '--cfg-path', '/tmp/tmpfjfoiibt']
[2023-11-09T19:12:01.376+0000] {standard_task_runner.py:83} INFO - Job 235: Subtask save_customers_to_excel
[2023-11-09T19:12:01.444+0000] {task_command.py:389} INFO - Running <TaskInstance: customers.save_customers_to_excel manual__2023-11-09T19:11:54.046200+00:00 [running]> on host 9dcc097b8292
[2023-11-09T19:12:01.687+0000] {taskinstance.py:1513} INFO - Exporting the following env vars:
AIRFLOW_CTX_DAG_OWNER=Tetiana
AIRFLOW_CTX_DAG_ID=customers
AIRFLOW_CTX_TASK_ID=save_customers_to_excel
AIRFLOW_CTX_EXECUTION_DATE=2023-11-09T19:11:54.046200+00:00
AIRFLOW_CTX_TRY_NUMBER=1
AIRFLOW_CTX_DAG_RUN_ID=manual__2023-11-09T19:11:54.046200+00:00
[2023-11-09T19:12:01.737+0000] {base.py:73} INFO - Using connection ID 'postgres' for task execution.
[2023-11-09T19:12:01.759+0000] {taskinstance.py:1772} ERROR - Task failed with exception
Traceback (most recent call last):
  File "/home/airflow/.local/lib/python3.7/site-packages/airflow/operators/python.py", line 175, in execute
    return_value = self.execute_callable()
  File "/home/airflow/.local/lib/python3.7/site-packages/airflow/operators/python.py", line 192, in execute_callable
    return self.python_callable(*self.op_args, **self.op_kwargs)
  File "/opt/airflow/dags/customers.py", line 85, in _save_customers_to_excel
    if cell.is_merged:
AttributeError: 'Cell' object has no attribute 'is_merged'
[2023-11-09T19:12:01.773+0000] {taskinstance.py:1327} INFO - Marking task as FAILED. dag_id=customers, task_id=save_customers_to_excel, execution_date=20231109T191154, start_date=20231109T191201, end_date=20231109T191201
[2023-11-09T19:12:01.791+0000] {standard_task_runner.py:105} ERROR - Failed to execute job 235 for task save_customers_to_excel ('Cell' object has no attribute 'is_merged'; 13669)
[2023-11-09T19:12:01.827+0000] {local_task_job.py:159} INFO - Task exited with return code 1
[2023-11-09T19:12:01.849+0000] {taskinstance.py:2582} INFO - 0 downstream tasks scheduled from follow-on schedule check
