[2023-11-01T13:59:17.820+0000] {processor.py:154} INFO - Started process (PID=61) to work on /home/airflow/.local/lib/python3.7/site-packages/airflow/example_dags/example_branch_labels.py
[2023-11-01T13:59:17.822+0000] {processor.py:756} INFO - Processing file /home/airflow/.local/lib/python3.7/site-packages/airflow/example_dags/example_branch_labels.py for tasks to queue
[2023-11-01T13:59:17.823+0000] {logging_mixin.py:120} INFO - [2023-11-01T13:59:17.823+0000] {dagbag.py:537} INFO - Filling up the DagBag from /home/airflow/.local/lib/python3.7/site-packages/airflow/example_dags/example_branch_labels.py
[2023-11-01T13:59:17.841+0000] {processor.py:766} INFO - DAG(s) dict_keys(['example_branch_labels']) retrieved from /home/airflow/.local/lib/python3.7/site-packages/airflow/example_dags/example_branch_labels.py
[2023-11-01T13:59:18.020+0000] {logging_mixin.py:120} INFO - [2023-11-01T13:59:18.020+0000] {dag.py:2585} INFO - Sync 1 DAGs
[2023-11-01T13:59:18.078+0000] {logging_mixin.py:120} INFO - [2023-11-01T13:59:18.078+0000] {dag.py:3340} INFO - Setting next_dagrun for example_branch_labels to 2023-10-31T00:00:00+00:00, run_after=2023-11-01T00:00:00+00:00
[2023-11-01T13:59:18.166+0000] {processor.py:176} INFO - Processing /home/airflow/.local/lib/python3.7/site-packages/airflow/example_dags/example_branch_labels.py took 0.349 seconds
[2023-11-01T13:59:48.474+0000] {processor.py:154} INFO - Started process (PID=126) to work on /home/airflow/.local/lib/python3.7/site-packages/airflow/example_dags/example_branch_labels.py
[2023-11-01T13:59:48.475+0000] {processor.py:756} INFO - Processing file /home/airflow/.local/lib/python3.7/site-packages/airflow/example_dags/example_branch_labels.py for tasks to queue
[2023-11-01T13:59:48.476+0000] {logging_mixin.py:120} INFO - [2023-11-01T13:59:48.476+0000] {dagbag.py:537} INFO - Filling up the DagBag from /home/airflow/.local/lib/python3.7/site-packages/airflow/example_dags/example_branch_labels.py
[2023-11-01T13:59:48.493+0000] {processor.py:766} INFO - DAG(s) dict_keys(['example_branch_labels']) retrieved from /home/airflow/.local/lib/python3.7/site-packages/airflow/example_dags/example_branch_labels.py
[2023-11-01T13:59:48.538+0000] {logging_mixin.py:120} INFO - [2023-11-01T13:59:48.538+0000] {dag.py:2585} INFO - Sync 1 DAGs
[2023-11-01T13:59:48.575+0000] {logging_mixin.py:120} INFO - [2023-11-01T13:59:48.575+0000] {dag.py:3340} INFO - Setting next_dagrun for example_branch_labels to 2023-10-31T00:00:00+00:00, run_after=2023-11-01T00:00:00+00:00
[2023-11-01T13:59:48.600+0000] {processor.py:176} INFO - Processing /home/airflow/.local/lib/python3.7/site-packages/airflow/example_dags/example_branch_labels.py took 0.129 seconds
[2023-11-01T14:00:18.685+0000] {processor.py:154} INFO - Started process (PID=182) to work on /home/airflow/.local/lib/python3.7/site-packages/airflow/example_dags/example_branch_labels.py
[2023-11-01T14:00:18.686+0000] {processor.py:756} INFO - Processing file /home/airflow/.local/lib/python3.7/site-packages/airflow/example_dags/example_branch_labels.py for tasks to queue
[2023-11-01T14:00:18.687+0000] {logging_mixin.py:120} INFO - [2023-11-01T14:00:18.687+0000] {dagbag.py:537} INFO - Filling up the DagBag from /home/airflow/.local/lib/python3.7/site-packages/airflow/example_dags/example_branch_labels.py
[2023-11-01T14:00:18.707+0000] {processor.py:766} INFO - DAG(s) dict_keys(['example_branch_labels']) retrieved from /home/airflow/.local/lib/python3.7/site-packages/airflow/example_dags/example_branch_labels.py
[2023-11-01T14:00:18.756+0000] {logging_mixin.py:120} INFO - [2023-11-01T14:00:18.756+0000] {dag.py:2585} INFO - Sync 1 DAGs
[2023-11-01T14:00:18.790+0000] {logging_mixin.py:120} INFO - [2023-11-01T14:00:18.790+0000] {dag.py:3340} INFO - Setting next_dagrun for example_branch_labels to 2023-10-31T00:00:00+00:00, run_after=2023-11-01T00:00:00+00:00
[2023-11-01T14:00:18.823+0000] {processor.py:176} INFO - Processing /home/airflow/.local/lib/python3.7/site-packages/airflow/example_dags/example_branch_labels.py took 0.142 seconds
[2023-11-01T14:00:48.954+0000] {processor.py:154} INFO - Started process (PID=248) to work on /home/airflow/.local/lib/python3.7/site-packages/airflow/example_dags/example_branch_labels.py
[2023-11-01T14:00:48.955+0000] {processor.py:756} INFO - Processing file /home/airflow/.local/lib/python3.7/site-packages/airflow/example_dags/example_branch_labels.py for tasks to queue
[2023-11-01T14:00:48.957+0000] {logging_mixin.py:120} INFO - [2023-11-01T14:00:48.957+0000] {dagbag.py:537} INFO - Filling up the DagBag from /home/airflow/.local/lib/python3.7/site-packages/airflow/example_dags/example_branch_labels.py
[2023-11-01T14:00:48.974+0000] {processor.py:766} INFO - DAG(s) dict_keys(['example_branch_labels']) retrieved from /home/airflow/.local/lib/python3.7/site-packages/airflow/example_dags/example_branch_labels.py
[2023-11-01T14:00:49.020+0000] {logging_mixin.py:120} INFO - [2023-11-01T14:00:49.020+0000] {dag.py:2585} INFO - Sync 1 DAGs
[2023-11-01T14:00:49.055+0000] {logging_mixin.py:120} INFO - [2023-11-01T14:00:49.054+0000] {dag.py:3340} INFO - Setting next_dagrun for example_branch_labels to 2023-10-31T00:00:00+00:00, run_after=2023-11-01T00:00:00+00:00
[2023-11-01T14:00:49.079+0000] {processor.py:176} INFO - Processing /home/airflow/.local/lib/python3.7/site-packages/airflow/example_dags/example_branch_labels.py took 0.130 seconds
[2023-11-01T14:01:24.565+0000] {processor.py:154} INFO - Started process (PID=317) to work on /home/airflow/.local/lib/python3.7/site-packages/airflow/example_dags/example_branch_labels.py
[2023-11-01T14:01:24.566+0000] {processor.py:756} INFO - Processing file /home/airflow/.local/lib/python3.7/site-packages/airflow/example_dags/example_branch_labels.py for tasks to queue
[2023-11-01T14:01:24.568+0000] {logging_mixin.py:120} INFO - [2023-11-01T14:01:24.568+0000] {dagbag.py:537} INFO - Filling up the DagBag from /home/airflow/.local/lib/python3.7/site-packages/airflow/example_dags/example_branch_labels.py
[2023-11-01T14:01:24.631+0000] {processor.py:766} INFO - DAG(s) dict_keys(['example_branch_labels']) retrieved from /home/airflow/.local/lib/python3.7/site-packages/airflow/example_dags/example_branch_labels.py
[2023-11-01T14:01:24.792+0000] {logging_mixin.py:120} INFO - [2023-11-01T14:01:24.791+0000] {dag.py:2585} INFO - Sync 1 DAGs
[2023-11-01T14:01:24.904+0000] {logging_mixin.py:120} INFO - [2023-11-01T14:01:24.904+0000] {dag.py:3340} INFO - Setting next_dagrun for example_branch_labels to 2023-10-31T00:00:00+00:00, run_after=2023-11-01T00:00:00+00:00
[2023-11-01T14:01:24.973+0000] {processor.py:176} INFO - Processing /home/airflow/.local/lib/python3.7/site-packages/airflow/example_dags/example_branch_labels.py took 0.416 seconds
[2023-11-01T14:01:55.097+0000] {processor.py:154} INFO - Started process (PID=372) to work on /home/airflow/.local/lib/python3.7/site-packages/airflow/example_dags/example_branch_labels.py
[2023-11-01T14:01:55.098+0000] {processor.py:756} INFO - Processing file /home/airflow/.local/lib/python3.7/site-packages/airflow/example_dags/example_branch_labels.py for tasks to queue
[2023-11-01T14:01:55.099+0000] {logging_mixin.py:120} INFO - [2023-11-01T14:01:55.099+0000] {dagbag.py:537} INFO - Filling up the DagBag from /home/airflow/.local/lib/python3.7/site-packages/airflow/example_dags/example_branch_labels.py
[2023-11-01T14:01:55.118+0000] {processor.py:766} INFO - DAG(s) dict_keys(['example_branch_labels']) retrieved from /home/airflow/.local/lib/python3.7/site-packages/airflow/example_dags/example_branch_labels.py
[2023-11-01T14:01:55.170+0000] {logging_mixin.py:120} INFO - [2023-11-01T14:01:55.169+0000] {dag.py:2585} INFO - Sync 1 DAGs
[2023-11-01T14:01:55.212+0000] {logging_mixin.py:120} INFO - [2023-11-01T14:01:55.212+0000] {dag.py:3340} INFO - Setting next_dagrun for example_branch_labels to 2023-10-31T00:00:00+00:00, run_after=2023-11-01T00:00:00+00:00
[2023-11-01T14:01:55.257+0000] {processor.py:176} INFO - Processing /home/airflow/.local/lib/python3.7/site-packages/airflow/example_dags/example_branch_labels.py took 0.163 seconds
[2023-11-01T14:02:25.546+0000] {processor.py:154} INFO - Started process (PID=428) to work on /home/airflow/.local/lib/python3.7/site-packages/airflow/example_dags/example_branch_labels.py
[2023-11-01T14:02:25.548+0000] {processor.py:756} INFO - Processing file /home/airflow/.local/lib/python3.7/site-packages/airflow/example_dags/example_branch_labels.py for tasks to queue
[2023-11-01T14:02:25.549+0000] {logging_mixin.py:120} INFO - [2023-11-01T14:02:25.549+0000] {dagbag.py:537} INFO - Filling up the DagBag from /home/airflow/.local/lib/python3.7/site-packages/airflow/example_dags/example_branch_labels.py
[2023-11-01T14:02:25.566+0000] {processor.py:766} INFO - DAG(s) dict_keys(['example_branch_labels']) retrieved from /home/airflow/.local/lib/python3.7/site-packages/airflow/example_dags/example_branch_labels.py
[2023-11-01T14:02:25.619+0000] {logging_mixin.py:120} INFO - [2023-11-01T14:02:25.619+0000] {dag.py:2585} INFO - Sync 1 DAGs
[2023-11-01T14:02:25.662+0000] {logging_mixin.py:120} INFO - [2023-11-01T14:02:25.662+0000] {dag.py:3340} INFO - Setting next_dagrun for example_branch_labels to 2023-10-31T00:00:00+00:00, run_after=2023-11-01T00:00:00+00:00
[2023-11-01T14:02:25.694+0000] {processor.py:176} INFO - Processing /home/airflow/.local/lib/python3.7/site-packages/airflow/example_dags/example_branch_labels.py took 0.150 seconds
[2023-11-01T14:02:55.865+0000] {processor.py:154} INFO - Started process (PID=493) to work on /home/airflow/.local/lib/python3.7/site-packages/airflow/example_dags/example_branch_labels.py
[2023-11-01T14:02:55.866+0000] {processor.py:756} INFO - Processing file /home/airflow/.local/lib/python3.7/site-packages/airflow/example_dags/example_branch_labels.py for tasks to queue
[2023-11-01T14:02:55.867+0000] {logging_mixin.py:120} INFO - [2023-11-01T14:02:55.867+0000] {dagbag.py:537} INFO - Filling up the DagBag from /home/airflow/.local/lib/python3.7/site-packages/airflow/example_dags/example_branch_labels.py
[2023-11-01T14:02:55.885+0000] {processor.py:766} INFO - DAG(s) dict_keys(['example_branch_labels']) retrieved from /home/airflow/.local/lib/python3.7/site-packages/airflow/example_dags/example_branch_labels.py
[2023-11-01T14:02:55.935+0000] {logging_mixin.py:120} INFO - [2023-11-01T14:02:55.934+0000] {dag.py:2585} INFO - Sync 1 DAGs
[2023-11-01T14:02:55.972+0000] {logging_mixin.py:120} INFO - [2023-11-01T14:02:55.972+0000] {dag.py:3340} INFO - Setting next_dagrun for example_branch_labels to 2023-10-31T00:00:00+00:00, run_after=2023-11-01T00:00:00+00:00
[2023-11-01T14:02:55.998+0000] {processor.py:176} INFO - Processing /home/airflow/.local/lib/python3.7/site-packages/airflow/example_dags/example_branch_labels.py took 0.136 seconds
[2023-11-01T14:03:26.507+0000] {processor.py:154} INFO - Started process (PID=549) to work on /home/airflow/.local/lib/python3.7/site-packages/airflow/example_dags/example_branch_labels.py
[2023-11-01T14:03:26.509+0000] {processor.py:756} INFO - Processing file /home/airflow/.local/lib/python3.7/site-packages/airflow/example_dags/example_branch_labels.py for tasks to queue
[2023-11-01T14:03:26.511+0000] {logging_mixin.py:120} INFO - [2023-11-01T14:03:26.510+0000] {dagbag.py:537} INFO - Filling up the DagBag from /home/airflow/.local/lib/python3.7/site-packages/airflow/example_dags/example_branch_labels.py
[2023-11-01T14:03:26.529+0000] {processor.py:766} INFO - DAG(s) dict_keys(['example_branch_labels']) retrieved from /home/airflow/.local/lib/python3.7/site-packages/airflow/example_dags/example_branch_labels.py
[2023-11-01T14:03:26.622+0000] {logging_mixin.py:120} INFO - [2023-11-01T14:03:26.622+0000] {dag.py:2585} INFO - Sync 1 DAGs
[2023-11-01T14:03:26.679+0000] {logging_mixin.py:120} INFO - [2023-11-01T14:03:26.679+0000] {dag.py:3340} INFO - Setting next_dagrun for example_branch_labels to 2023-10-31T00:00:00+00:00, run_after=2023-11-01T00:00:00+00:00
[2023-11-01T14:03:26.734+0000] {processor.py:176} INFO - Processing /home/airflow/.local/lib/python3.7/site-packages/airflow/example_dags/example_branch_labels.py took 0.231 seconds
[2023-11-01T14:03:56.966+0000] {processor.py:154} INFO - Started process (PID=615) to work on /home/airflow/.local/lib/python3.7/site-packages/airflow/example_dags/example_branch_labels.py
[2023-11-01T14:03:56.967+0000] {processor.py:756} INFO - Processing file /home/airflow/.local/lib/python3.7/site-packages/airflow/example_dags/example_branch_labels.py for tasks to queue
[2023-11-01T14:03:56.968+0000] {logging_mixin.py:120} INFO - [2023-11-01T14:03:56.968+0000] {dagbag.py:537} INFO - Filling up the DagBag from /home/airflow/.local/lib/python3.7/site-packages/airflow/example_dags/example_branch_labels.py
[2023-11-01T14:03:57.003+0000] {processor.py:766} INFO - DAG(s) dict_keys(['example_branch_labels']) retrieved from /home/airflow/.local/lib/python3.7/site-packages/airflow/example_dags/example_branch_labels.py
[2023-11-01T14:03:57.103+0000] {logging_mixin.py:120} INFO - [2023-11-01T14:03:57.103+0000] {dag.py:2585} INFO - Sync 1 DAGs
[2023-11-01T14:03:57.138+0000] {logging_mixin.py:120} INFO - [2023-11-01T14:03:57.138+0000] {dag.py:3340} INFO - Setting next_dagrun for example_branch_labels to 2023-10-31T00:00:00+00:00, run_after=2023-11-01T00:00:00+00:00
[2023-11-01T14:03:57.166+0000] {processor.py:176} INFO - Processing /home/airflow/.local/lib/python3.7/site-packages/airflow/example_dags/example_branch_labels.py took 0.203 seconds
[2023-11-01T14:04:27.662+0000] {processor.py:154} INFO - Started process (PID=680) to work on /home/airflow/.local/lib/python3.7/site-packages/airflow/example_dags/example_branch_labels.py
[2023-11-01T14:04:27.664+0000] {processor.py:756} INFO - Processing file /home/airflow/.local/lib/python3.7/site-packages/airflow/example_dags/example_branch_labels.py for tasks to queue
[2023-11-01T14:04:27.666+0000] {logging_mixin.py:120} INFO - [2023-11-01T14:04:27.665+0000] {dagbag.py:537} INFO - Filling up the DagBag from /home/airflow/.local/lib/python3.7/site-packages/airflow/example_dags/example_branch_labels.py
[2023-11-01T14:04:27.691+0000] {processor.py:766} INFO - DAG(s) dict_keys(['example_branch_labels']) retrieved from /home/airflow/.local/lib/python3.7/site-packages/airflow/example_dags/example_branch_labels.py
[2023-11-01T14:04:27.752+0000] {logging_mixin.py:120} INFO - [2023-11-01T14:04:27.752+0000] {dag.py:2585} INFO - Sync 1 DAGs
[2023-11-01T14:04:27.791+0000] {logging_mixin.py:120} INFO - [2023-11-01T14:04:27.791+0000] {dag.py:3340} INFO - Setting next_dagrun for example_branch_labels to 2023-10-31T00:00:00+00:00, run_after=2023-11-01T00:00:00+00:00
[2023-11-01T14:04:27.826+0000] {processor.py:176} INFO - Processing /home/airflow/.local/lib/python3.7/site-packages/airflow/example_dags/example_branch_labels.py took 0.168 seconds
[2023-11-01T14:04:58.585+0000] {processor.py:154} INFO - Started process (PID=737) to work on /home/airflow/.local/lib/python3.7/site-packages/airflow/example_dags/example_branch_labels.py
[2023-11-01T14:04:58.587+0000] {processor.py:756} INFO - Processing file /home/airflow/.local/lib/python3.7/site-packages/airflow/example_dags/example_branch_labels.py for tasks to queue
[2023-11-01T14:04:58.589+0000] {logging_mixin.py:120} INFO - [2023-11-01T14:04:58.588+0000] {dagbag.py:537} INFO - Filling up the DagBag from /home/airflow/.local/lib/python3.7/site-packages/airflow/example_dags/example_branch_labels.py
[2023-11-01T14:04:58.608+0000] {processor.py:766} INFO - DAG(s) dict_keys(['example_branch_labels']) retrieved from /home/airflow/.local/lib/python3.7/site-packages/airflow/example_dags/example_branch_labels.py
[2023-11-01T14:04:58.658+0000] {logging_mixin.py:120} INFO - [2023-11-01T14:04:58.658+0000] {dag.py:2585} INFO - Sync 1 DAGs
[2023-11-01T14:04:58.695+0000] {logging_mixin.py:120} INFO - [2023-11-01T14:04:58.695+0000] {dag.py:3340} INFO - Setting next_dagrun for example_branch_labels to 2023-10-31T00:00:00+00:00, run_after=2023-11-01T00:00:00+00:00
[2023-11-01T14:04:58.722+0000] {processor.py:176} INFO - Processing /home/airflow/.local/lib/python3.7/site-packages/airflow/example_dags/example_branch_labels.py took 0.140 seconds
[2023-11-01T14:05:28.905+0000] {processor.py:154} INFO - Started process (PID=802) to work on /home/airflow/.local/lib/python3.7/site-packages/airflow/example_dags/example_branch_labels.py
[2023-11-01T14:05:28.906+0000] {processor.py:756} INFO - Processing file /home/airflow/.local/lib/python3.7/site-packages/airflow/example_dags/example_branch_labels.py for tasks to queue
[2023-11-01T14:05:28.908+0000] {logging_mixin.py:120} INFO - [2023-11-01T14:05:28.908+0000] {dagbag.py:537} INFO - Filling up the DagBag from /home/airflow/.local/lib/python3.7/site-packages/airflow/example_dags/example_branch_labels.py
[2023-11-01T14:05:28.924+0000] {processor.py:766} INFO - DAG(s) dict_keys(['example_branch_labels']) retrieved from /home/airflow/.local/lib/python3.7/site-packages/airflow/example_dags/example_branch_labels.py
[2023-11-01T14:05:28.990+0000] {logging_mixin.py:120} INFO - [2023-11-01T14:05:28.990+0000] {dag.py:2585} INFO - Sync 1 DAGs
[2023-11-01T14:05:29.026+0000] {logging_mixin.py:120} INFO - [2023-11-01T14:05:29.025+0000] {dag.py:3340} INFO - Setting next_dagrun for example_branch_labels to 2023-10-31T00:00:00+00:00, run_after=2023-11-01T00:00:00+00:00
[2023-11-01T14:05:29.050+0000] {processor.py:176} INFO - Processing /home/airflow/.local/lib/python3.7/site-packages/airflow/example_dags/example_branch_labels.py took 0.149 seconds
[2023-11-01T14:05:59.403+0000] {processor.py:154} INFO - Started process (PID=858) to work on /home/airflow/.local/lib/python3.7/site-packages/airflow/example_dags/example_branch_labels.py
[2023-11-01T14:05:59.405+0000] {processor.py:756} INFO - Processing file /home/airflow/.local/lib/python3.7/site-packages/airflow/example_dags/example_branch_labels.py for tasks to queue
[2023-11-01T14:05:59.407+0000] {logging_mixin.py:120} INFO - [2023-11-01T14:05:59.407+0000] {dagbag.py:537} INFO - Filling up the DagBag from /home/airflow/.local/lib/python3.7/site-packages/airflow/example_dags/example_branch_labels.py
[2023-11-01T14:05:59.429+0000] {processor.py:766} INFO - DAG(s) dict_keys(['example_branch_labels']) retrieved from /home/airflow/.local/lib/python3.7/site-packages/airflow/example_dags/example_branch_labels.py
[2023-11-01T14:05:59.485+0000] {logging_mixin.py:120} INFO - [2023-11-01T14:05:59.485+0000] {dag.py:2585} INFO - Sync 1 DAGs
[2023-11-01T14:05:59.532+0000] {logging_mixin.py:120} INFO - [2023-11-01T14:05:59.532+0000] {dag.py:3340} INFO - Setting next_dagrun for example_branch_labels to 2023-10-31T00:00:00+00:00, run_after=2023-11-01T00:00:00+00:00
[2023-11-01T14:05:59.583+0000] {processor.py:176} INFO - Processing /home/airflow/.local/lib/python3.7/site-packages/airflow/example_dags/example_branch_labels.py took 0.188 seconds
[2023-11-01T14:06:29.893+0000] {processor.py:154} INFO - Started process (PID=924) to work on /home/airflow/.local/lib/python3.7/site-packages/airflow/example_dags/example_branch_labels.py
[2023-11-01T14:06:29.895+0000] {processor.py:756} INFO - Processing file /home/airflow/.local/lib/python3.7/site-packages/airflow/example_dags/example_branch_labels.py for tasks to queue
[2023-11-01T14:06:29.897+0000] {logging_mixin.py:120} INFO - [2023-11-01T14:06:29.897+0000] {dagbag.py:537} INFO - Filling up the DagBag from /home/airflow/.local/lib/python3.7/site-packages/airflow/example_dags/example_branch_labels.py
[2023-11-01T14:06:29.914+0000] {processor.py:766} INFO - DAG(s) dict_keys(['example_branch_labels']) retrieved from /home/airflow/.local/lib/python3.7/site-packages/airflow/example_dags/example_branch_labels.py
[2023-11-01T14:06:29.961+0000] {logging_mixin.py:120} INFO - [2023-11-01T14:06:29.961+0000] {dag.py:2585} INFO - Sync 1 DAGs
[2023-11-01T14:06:29.999+0000] {logging_mixin.py:120} INFO - [2023-11-01T14:06:29.998+0000] {dag.py:3340} INFO - Setting next_dagrun for example_branch_labels to 2023-10-31T00:00:00+00:00, run_after=2023-11-01T00:00:00+00:00
[2023-11-01T14:06:30.026+0000] {processor.py:176} INFO - Processing /home/airflow/.local/lib/python3.7/site-packages/airflow/example_dags/example_branch_labels.py took 0.135 seconds
[2023-11-01T14:07:00.190+0000] {processor.py:154} INFO - Started process (PID=980) to work on /home/airflow/.local/lib/python3.7/site-packages/airflow/example_dags/example_branch_labels.py
[2023-11-01T14:07:00.191+0000] {processor.py:756} INFO - Processing file /home/airflow/.local/lib/python3.7/site-packages/airflow/example_dags/example_branch_labels.py for tasks to queue
[2023-11-01T14:07:00.193+0000] {logging_mixin.py:120} INFO - [2023-11-01T14:07:00.193+0000] {dagbag.py:537} INFO - Filling up the DagBag from /home/airflow/.local/lib/python3.7/site-packages/airflow/example_dags/example_branch_labels.py
[2023-11-01T14:07:00.210+0000] {processor.py:766} INFO - DAG(s) dict_keys(['example_branch_labels']) retrieved from /home/airflow/.local/lib/python3.7/site-packages/airflow/example_dags/example_branch_labels.py
[2023-11-01T14:07:00.262+0000] {logging_mixin.py:120} INFO - [2023-11-01T14:07:00.262+0000] {dag.py:2585} INFO - Sync 1 DAGs
[2023-11-01T14:07:00.299+0000] {logging_mixin.py:120} INFO - [2023-11-01T14:07:00.299+0000] {dag.py:3340} INFO - Setting next_dagrun for example_branch_labels to 2023-10-31T00:00:00+00:00, run_after=2023-11-01T00:00:00+00:00
[2023-11-01T14:07:00.327+0000] {processor.py:176} INFO - Processing /home/airflow/.local/lib/python3.7/site-packages/airflow/example_dags/example_branch_labels.py took 0.141 seconds
