[2023-11-01T13:59:15.353+0000] {processor.py:154} INFO - Started process (PID=53) to work on /home/airflow/.local/lib/python3.7/site-packages/airflow/example_dags/example_complex.py
[2023-11-01T13:59:15.354+0000] {processor.py:756} INFO - Processing file /home/airflow/.local/lib/python3.7/site-packages/airflow/example_dags/example_complex.py for tasks to queue
[2023-11-01T13:59:15.355+0000] {logging_mixin.py:120} INFO - [2023-11-01T13:59:15.355+0000] {dagbag.py:537} INFO - Filling up the DagBag from /home/airflow/.local/lib/python3.7/site-packages/airflow/example_dags/example_complex.py
[2023-11-01T13:59:15.381+0000] {logging_mixin.py:120} INFO - [2023-11-01T13:59:15.380+0000] {taskmixin.py:205} WARNING - Dependency <Task(BashOperator): create_entry_group>, delete_entry_group already registered for DAG: example_complex
[2023-11-01T13:59:15.382+0000] {logging_mixin.py:120} INFO - [2023-11-01T13:59:15.382+0000] {taskmixin.py:205} WARNING - Dependency <Task(BashOperator): delete_entry_group>, create_entry_group already registered for DAG: example_complex
[2023-11-01T13:59:15.384+0000] {logging_mixin.py:120} INFO - [2023-11-01T13:59:15.384+0000] {taskmixin.py:205} WARNING - Dependency <Task(BashOperator): create_entry_gcs>, delete_entry already registered for DAG: example_complex
[2023-11-01T13:59:15.385+0000] {logging_mixin.py:120} INFO - [2023-11-01T13:59:15.385+0000] {taskmixin.py:205} WARNING - Dependency <Task(BashOperator): delete_entry>, create_entry_gcs already registered for DAG: example_complex
[2023-11-01T13:59:15.386+0000] {logging_mixin.py:120} INFO - [2023-11-01T13:59:15.386+0000] {taskmixin.py:205} WARNING - Dependency <Task(BashOperator): create_tag>, delete_tag already registered for DAG: example_complex
[2023-11-01T13:59:15.387+0000] {logging_mixin.py:120} INFO - [2023-11-01T13:59:15.387+0000] {taskmixin.py:205} WARNING - Dependency <Task(BashOperator): delete_tag>, create_tag already registered for DAG: example_complex
[2023-11-01T13:59:15.418+0000] {processor.py:766} INFO - DAG(s) dict_keys(['example_complex']) retrieved from /home/airflow/.local/lib/python3.7/site-packages/airflow/example_dags/example_complex.py
[2023-11-01T13:59:15.509+0000] {logging_mixin.py:120} INFO - [2023-11-01T13:59:15.509+0000] {dag.py:2585} INFO - Sync 1 DAGs
[2023-11-01T13:59:15.547+0000] {logging_mixin.py:120} INFO - [2023-11-01T13:59:15.547+0000] {dag.py:3340} INFO - Setting next_dagrun for example_complex to None, run_after=None
[2023-11-01T13:59:15.591+0000] {processor.py:176} INFO - Processing /home/airflow/.local/lib/python3.7/site-packages/airflow/example_dags/example_complex.py took 0.241 seconds
[2023-11-01T13:59:45.629+0000] {processor.py:154} INFO - Started process (PID=117) to work on /home/airflow/.local/lib/python3.7/site-packages/airflow/example_dags/example_complex.py
[2023-11-01T13:59:45.630+0000] {processor.py:756} INFO - Processing file /home/airflow/.local/lib/python3.7/site-packages/airflow/example_dags/example_complex.py for tasks to queue
[2023-11-01T13:59:45.631+0000] {logging_mixin.py:120} INFO - [2023-11-01T13:59:45.631+0000] {dagbag.py:537} INFO - Filling up the DagBag from /home/airflow/.local/lib/python3.7/site-packages/airflow/example_dags/example_complex.py
[2023-11-01T13:59:45.647+0000] {logging_mixin.py:120} INFO - [2023-11-01T13:59:45.647+0000] {taskmixin.py:205} WARNING - Dependency <Task(BashOperator): create_entry_group>, delete_entry_group already registered for DAG: example_complex
[2023-11-01T13:59:45.648+0000] {logging_mixin.py:120} INFO - [2023-11-01T13:59:45.648+0000] {taskmixin.py:205} WARNING - Dependency <Task(BashOperator): delete_entry_group>, create_entry_group already registered for DAG: example_complex
[2023-11-01T13:59:45.650+0000] {logging_mixin.py:120} INFO - [2023-11-01T13:59:45.650+0000] {taskmixin.py:205} WARNING - Dependency <Task(BashOperator): create_entry_gcs>, delete_entry already registered for DAG: example_complex
[2023-11-01T13:59:45.651+0000] {logging_mixin.py:120} INFO - [2023-11-01T13:59:45.650+0000] {taskmixin.py:205} WARNING - Dependency <Task(BashOperator): delete_entry>, create_entry_gcs already registered for DAG: example_complex
[2023-11-01T13:59:45.652+0000] {logging_mixin.py:120} INFO - [2023-11-01T13:59:45.652+0000] {taskmixin.py:205} WARNING - Dependency <Task(BashOperator): create_tag>, delete_tag already registered for DAG: example_complex
[2023-11-01T13:59:45.652+0000] {logging_mixin.py:120} INFO - [2023-11-01T13:59:45.652+0000] {taskmixin.py:205} WARNING - Dependency <Task(BashOperator): delete_tag>, create_tag already registered for DAG: example_complex
[2023-11-01T13:59:45.661+0000] {processor.py:766} INFO - DAG(s) dict_keys(['example_complex']) retrieved from /home/airflow/.local/lib/python3.7/site-packages/airflow/example_dags/example_complex.py
[2023-11-01T13:59:45.728+0000] {logging_mixin.py:120} INFO - [2023-11-01T13:59:45.728+0000] {dag.py:2585} INFO - Sync 1 DAGs
[2023-11-01T13:59:45.762+0000] {logging_mixin.py:120} INFO - [2023-11-01T13:59:45.761+0000] {dag.py:3340} INFO - Setting next_dagrun for example_complex to None, run_after=None
[2023-11-01T13:59:45.793+0000] {processor.py:176} INFO - Processing /home/airflow/.local/lib/python3.7/site-packages/airflow/example_dags/example_complex.py took 0.167 seconds
[2023-11-01T14:00:16.645+0000] {processor.py:154} INFO - Started process (PID=175) to work on /home/airflow/.local/lib/python3.7/site-packages/airflow/example_dags/example_complex.py
[2023-11-01T14:00:16.646+0000] {processor.py:756} INFO - Processing file /home/airflow/.local/lib/python3.7/site-packages/airflow/example_dags/example_complex.py for tasks to queue
[2023-11-01T14:00:16.648+0000] {logging_mixin.py:120} INFO - [2023-11-01T14:00:16.647+0000] {dagbag.py:537} INFO - Filling up the DagBag from /home/airflow/.local/lib/python3.7/site-packages/airflow/example_dags/example_complex.py
[2023-11-01T14:00:16.662+0000] {logging_mixin.py:120} INFO - [2023-11-01T14:00:16.662+0000] {taskmixin.py:205} WARNING - Dependency <Task(BashOperator): create_entry_group>, delete_entry_group already registered for DAG: example_complex
[2023-11-01T14:00:16.662+0000] {logging_mixin.py:120} INFO - [2023-11-01T14:00:16.662+0000] {taskmixin.py:205} WARNING - Dependency <Task(BashOperator): delete_entry_group>, create_entry_group already registered for DAG: example_complex
[2023-11-01T14:00:16.663+0000] {logging_mixin.py:120} INFO - [2023-11-01T14:00:16.663+0000] {taskmixin.py:205} WARNING - Dependency <Task(BashOperator): create_entry_gcs>, delete_entry already registered for DAG: example_complex
[2023-11-01T14:00:16.664+0000] {logging_mixin.py:120} INFO - [2023-11-01T14:00:16.664+0000] {taskmixin.py:205} WARNING - Dependency <Task(BashOperator): delete_entry>, create_entry_gcs already registered for DAG: example_complex
[2023-11-01T14:00:16.665+0000] {logging_mixin.py:120} INFO - [2023-11-01T14:00:16.664+0000] {taskmixin.py:205} WARNING - Dependency <Task(BashOperator): create_tag>, delete_tag already registered for DAG: example_complex
[2023-11-01T14:00:16.665+0000] {logging_mixin.py:120} INFO - [2023-11-01T14:00:16.665+0000] {taskmixin.py:205} WARNING - Dependency <Task(BashOperator): delete_tag>, create_tag already registered for DAG: example_complex
[2023-11-01T14:00:16.675+0000] {processor.py:766} INFO - DAG(s) dict_keys(['example_complex']) retrieved from /home/airflow/.local/lib/python3.7/site-packages/airflow/example_dags/example_complex.py
[2023-11-01T14:00:16.736+0000] {logging_mixin.py:120} INFO - [2023-11-01T14:00:16.736+0000] {dag.py:2585} INFO - Sync 1 DAGs
[2023-11-01T14:00:16.766+0000] {logging_mixin.py:120} INFO - [2023-11-01T14:00:16.766+0000] {dag.py:3340} INFO - Setting next_dagrun for example_complex to None, run_after=None
[2023-11-01T14:00:16.791+0000] {processor.py:176} INFO - Processing /home/airflow/.local/lib/python3.7/site-packages/airflow/example_dags/example_complex.py took 0.149 seconds
[2023-11-01T14:00:47.441+0000] {processor.py:154} INFO - Started process (PID=241) to work on /home/airflow/.local/lib/python3.7/site-packages/airflow/example_dags/example_complex.py
[2023-11-01T14:00:47.443+0000] {processor.py:756} INFO - Processing file /home/airflow/.local/lib/python3.7/site-packages/airflow/example_dags/example_complex.py for tasks to queue
[2023-11-01T14:00:47.444+0000] {logging_mixin.py:120} INFO - [2023-11-01T14:00:47.444+0000] {dagbag.py:537} INFO - Filling up the DagBag from /home/airflow/.local/lib/python3.7/site-packages/airflow/example_dags/example_complex.py
[2023-11-01T14:00:47.457+0000] {logging_mixin.py:120} INFO - [2023-11-01T14:00:47.457+0000] {taskmixin.py:205} WARNING - Dependency <Task(BashOperator): create_entry_group>, delete_entry_group already registered for DAG: example_complex
[2023-11-01T14:00:47.458+0000] {logging_mixin.py:120} INFO - [2023-11-01T14:00:47.458+0000] {taskmixin.py:205} WARNING - Dependency <Task(BashOperator): delete_entry_group>, create_entry_group already registered for DAG: example_complex
[2023-11-01T14:00:47.458+0000] {logging_mixin.py:120} INFO - [2023-11-01T14:00:47.458+0000] {taskmixin.py:205} WARNING - Dependency <Task(BashOperator): create_entry_gcs>, delete_entry already registered for DAG: example_complex
[2023-11-01T14:00:47.459+0000] {logging_mixin.py:120} INFO - [2023-11-01T14:00:47.459+0000] {taskmixin.py:205} WARNING - Dependency <Task(BashOperator): delete_entry>, create_entry_gcs already registered for DAG: example_complex
[2023-11-01T14:00:47.460+0000] {logging_mixin.py:120} INFO - [2023-11-01T14:00:47.460+0000] {taskmixin.py:205} WARNING - Dependency <Task(BashOperator): create_tag>, delete_tag already registered for DAG: example_complex
[2023-11-01T14:00:47.460+0000] {logging_mixin.py:120} INFO - [2023-11-01T14:00:47.460+0000] {taskmixin.py:205} WARNING - Dependency <Task(BashOperator): delete_tag>, create_tag already registered for DAG: example_complex
[2023-11-01T14:00:47.469+0000] {processor.py:766} INFO - DAG(s) dict_keys(['example_complex']) retrieved from /home/airflow/.local/lib/python3.7/site-packages/airflow/example_dags/example_complex.py
[2023-11-01T14:00:47.523+0000] {logging_mixin.py:120} INFO - [2023-11-01T14:00:47.523+0000] {dag.py:2585} INFO - Sync 1 DAGs
[2023-11-01T14:00:47.553+0000] {logging_mixin.py:120} INFO - [2023-11-01T14:00:47.553+0000] {dag.py:3340} INFO - Setting next_dagrun for example_complex to None, run_after=None
[2023-11-01T14:00:47.620+0000] {processor.py:176} INFO - Processing /home/airflow/.local/lib/python3.7/site-packages/airflow/example_dags/example_complex.py took 0.182 seconds
[2023-11-01T14:01:18.566+0000] {processor.py:154} INFO - Started process (PID=307) to work on /home/airflow/.local/lib/python3.7/site-packages/airflow/example_dags/example_complex.py
[2023-11-01T14:01:18.571+0000] {processor.py:756} INFO - Processing file /home/airflow/.local/lib/python3.7/site-packages/airflow/example_dags/example_complex.py for tasks to queue
[2023-11-01T14:01:18.572+0000] {logging_mixin.py:120} INFO - [2023-11-01T14:01:18.572+0000] {dagbag.py:537} INFO - Filling up the DagBag from /home/airflow/.local/lib/python3.7/site-packages/airflow/example_dags/example_complex.py
[2023-11-01T14:01:18.617+0000] {logging_mixin.py:120} INFO - [2023-11-01T14:01:18.617+0000] {taskmixin.py:205} WARNING - Dependency <Task(BashOperator): create_entry_group>, delete_entry_group already registered for DAG: example_complex
[2023-11-01T14:01:18.621+0000] {logging_mixin.py:120} INFO - [2023-11-01T14:01:18.621+0000] {taskmixin.py:205} WARNING - Dependency <Task(BashOperator): delete_entry_group>, create_entry_group already registered for DAG: example_complex
[2023-11-01T14:01:18.630+0000] {logging_mixin.py:120} INFO - [2023-11-01T14:01:18.630+0000] {taskmixin.py:205} WARNING - Dependency <Task(BashOperator): create_entry_gcs>, delete_entry already registered for DAG: example_complex
[2023-11-01T14:01:18.634+0000] {logging_mixin.py:120} INFO - [2023-11-01T14:01:18.634+0000] {taskmixin.py:205} WARNING - Dependency <Task(BashOperator): delete_entry>, create_entry_gcs already registered for DAG: example_complex
[2023-11-01T14:01:18.635+0000] {logging_mixin.py:120} INFO - [2023-11-01T14:01:18.635+0000] {taskmixin.py:205} WARNING - Dependency <Task(BashOperator): create_tag>, delete_tag already registered for DAG: example_complex
[2023-11-01T14:01:18.637+0000] {logging_mixin.py:120} INFO - [2023-11-01T14:01:18.637+0000] {taskmixin.py:205} WARNING - Dependency <Task(BashOperator): delete_tag>, create_tag already registered for DAG: example_complex
[2023-11-01T14:01:18.666+0000] {processor.py:766} INFO - DAG(s) dict_keys(['example_complex']) retrieved from /home/airflow/.local/lib/python3.7/site-packages/airflow/example_dags/example_complex.py
[2023-11-01T14:01:18.856+0000] {logging_mixin.py:120} INFO - [2023-11-01T14:01:18.855+0000] {dag.py:2585} INFO - Sync 1 DAGs
[2023-11-01T14:01:19.002+0000] {logging_mixin.py:120} INFO - [2023-11-01T14:01:19.002+0000] {dag.py:3340} INFO - Setting next_dagrun for example_complex to None, run_after=None
[2023-11-01T14:01:19.126+0000] {processor.py:176} INFO - Processing /home/airflow/.local/lib/python3.7/site-packages/airflow/example_dags/example_complex.py took 0.563 seconds
[2023-11-01T14:01:50.247+0000] {processor.py:154} INFO - Started process (PID=362) to work on /home/airflow/.local/lib/python3.7/site-packages/airflow/example_dags/example_complex.py
[2023-11-01T14:01:50.248+0000] {processor.py:756} INFO - Processing file /home/airflow/.local/lib/python3.7/site-packages/airflow/example_dags/example_complex.py for tasks to queue
[2023-11-01T14:01:50.250+0000] {logging_mixin.py:120} INFO - [2023-11-01T14:01:50.250+0000] {dagbag.py:537} INFO - Filling up the DagBag from /home/airflow/.local/lib/python3.7/site-packages/airflow/example_dags/example_complex.py
[2023-11-01T14:01:50.270+0000] {logging_mixin.py:120} INFO - [2023-11-01T14:01:50.270+0000] {taskmixin.py:205} WARNING - Dependency <Task(BashOperator): create_entry_group>, delete_entry_group already registered for DAG: example_complex
[2023-11-01T14:01:50.283+0000] {logging_mixin.py:120} INFO - [2023-11-01T14:01:50.280+0000] {taskmixin.py:205} WARNING - Dependency <Task(BashOperator): delete_entry_group>, create_entry_group already registered for DAG: example_complex
[2023-11-01T14:01:50.285+0000] {logging_mixin.py:120} INFO - [2023-11-01T14:01:50.285+0000] {taskmixin.py:205} WARNING - Dependency <Task(BashOperator): create_entry_gcs>, delete_entry already registered for DAG: example_complex
[2023-11-01T14:01:50.286+0000] {logging_mixin.py:120} INFO - [2023-11-01T14:01:50.286+0000] {taskmixin.py:205} WARNING - Dependency <Task(BashOperator): delete_entry>, create_entry_gcs already registered for DAG: example_complex
[2023-11-01T14:01:50.288+0000] {logging_mixin.py:120} INFO - [2023-11-01T14:01:50.287+0000] {taskmixin.py:205} WARNING - Dependency <Task(BashOperator): create_tag>, delete_tag already registered for DAG: example_complex
[2023-11-01T14:01:50.289+0000] {logging_mixin.py:120} INFO - [2023-11-01T14:01:50.289+0000] {taskmixin.py:205} WARNING - Dependency <Task(BashOperator): delete_tag>, create_tag already registered for DAG: example_complex
[2023-11-01T14:01:50.309+0000] {processor.py:766} INFO - DAG(s) dict_keys(['example_complex']) retrieved from /home/airflow/.local/lib/python3.7/site-packages/airflow/example_dags/example_complex.py
[2023-11-01T14:01:50.465+0000] {logging_mixin.py:120} INFO - [2023-11-01T14:01:50.465+0000] {dag.py:2585} INFO - Sync 1 DAGs
[2023-11-01T14:01:50.555+0000] {logging_mixin.py:120} INFO - [2023-11-01T14:01:50.555+0000] {dag.py:3340} INFO - Setting next_dagrun for example_complex to None, run_after=None
[2023-11-01T14:01:50.650+0000] {processor.py:176} INFO - Processing /home/airflow/.local/lib/python3.7/site-packages/airflow/example_dags/example_complex.py took 0.408 seconds
[2023-11-01T14:02:20.790+0000] {processor.py:154} INFO - Started process (PID=420) to work on /home/airflow/.local/lib/python3.7/site-packages/airflow/example_dags/example_complex.py
[2023-11-01T14:02:20.791+0000] {processor.py:756} INFO - Processing file /home/airflow/.local/lib/python3.7/site-packages/airflow/example_dags/example_complex.py for tasks to queue
[2023-11-01T14:02:20.792+0000] {logging_mixin.py:120} INFO - [2023-11-01T14:02:20.792+0000] {dagbag.py:537} INFO - Filling up the DagBag from /home/airflow/.local/lib/python3.7/site-packages/airflow/example_dags/example_complex.py
[2023-11-01T14:02:20.814+0000] {logging_mixin.py:120} INFO - [2023-11-01T14:02:20.814+0000] {taskmixin.py:205} WARNING - Dependency <Task(BashOperator): create_entry_group>, delete_entry_group already registered for DAG: example_complex
[2023-11-01T14:02:20.815+0000] {logging_mixin.py:120} INFO - [2023-11-01T14:02:20.814+0000] {taskmixin.py:205} WARNING - Dependency <Task(BashOperator): delete_entry_group>, create_entry_group already registered for DAG: example_complex
[2023-11-01T14:02:20.829+0000] {logging_mixin.py:120} INFO - [2023-11-01T14:02:20.828+0000] {taskmixin.py:205} WARNING - Dependency <Task(BashOperator): create_entry_gcs>, delete_entry already registered for DAG: example_complex
[2023-11-01T14:02:20.833+0000] {logging_mixin.py:120} INFO - [2023-11-01T14:02:20.833+0000] {taskmixin.py:205} WARNING - Dependency <Task(BashOperator): delete_entry>, create_entry_gcs already registered for DAG: example_complex
[2023-11-01T14:02:20.834+0000] {logging_mixin.py:120} INFO - [2023-11-01T14:02:20.834+0000] {taskmixin.py:205} WARNING - Dependency <Task(BashOperator): create_tag>, delete_tag already registered for DAG: example_complex
[2023-11-01T14:02:20.835+0000] {logging_mixin.py:120} INFO - [2023-11-01T14:02:20.835+0000] {taskmixin.py:205} WARNING - Dependency <Task(BashOperator): delete_tag>, create_tag already registered for DAG: example_complex
[2023-11-01T14:02:20.845+0000] {processor.py:766} INFO - DAG(s) dict_keys(['example_complex']) retrieved from /home/airflow/.local/lib/python3.7/site-packages/airflow/example_dags/example_complex.py
[2023-11-01T14:02:20.906+0000] {logging_mixin.py:120} INFO - [2023-11-01T14:02:20.904+0000] {dag.py:2585} INFO - Sync 1 DAGs
[2023-11-01T14:02:20.952+0000] {logging_mixin.py:120} INFO - [2023-11-01T14:02:20.952+0000] {dag.py:3340} INFO - Setting next_dagrun for example_complex to None, run_after=None
[2023-11-01T14:02:20.985+0000] {processor.py:176} INFO - Processing /home/airflow/.local/lib/python3.7/site-packages/airflow/example_dags/example_complex.py took 0.200 seconds
[2023-11-01T14:02:51.140+0000] {processor.py:154} INFO - Started process (PID=485) to work on /home/airflow/.local/lib/python3.7/site-packages/airflow/example_dags/example_complex.py
[2023-11-01T14:02:51.142+0000] {processor.py:756} INFO - Processing file /home/airflow/.local/lib/python3.7/site-packages/airflow/example_dags/example_complex.py for tasks to queue
[2023-11-01T14:02:51.144+0000] {logging_mixin.py:120} INFO - [2023-11-01T14:02:51.144+0000] {dagbag.py:537} INFO - Filling up the DagBag from /home/airflow/.local/lib/python3.7/site-packages/airflow/example_dags/example_complex.py
[2023-11-01T14:02:51.160+0000] {logging_mixin.py:120} INFO - [2023-11-01T14:02:51.160+0000] {taskmixin.py:205} WARNING - Dependency <Task(BashOperator): create_entry_group>, delete_entry_group already registered for DAG: example_complex
[2023-11-01T14:02:51.161+0000] {logging_mixin.py:120} INFO - [2023-11-01T14:02:51.161+0000] {taskmixin.py:205} WARNING - Dependency <Task(BashOperator): delete_entry_group>, create_entry_group already registered for DAG: example_complex
[2023-11-01T14:02:51.162+0000] {logging_mixin.py:120} INFO - [2023-11-01T14:02:51.162+0000] {taskmixin.py:205} WARNING - Dependency <Task(BashOperator): create_entry_gcs>, delete_entry already registered for DAG: example_complex
[2023-11-01T14:02:51.163+0000] {logging_mixin.py:120} INFO - [2023-11-01T14:02:51.163+0000] {taskmixin.py:205} WARNING - Dependency <Task(BashOperator): delete_entry>, create_entry_gcs already registered for DAG: example_complex
[2023-11-01T14:02:51.164+0000] {logging_mixin.py:120} INFO - [2023-11-01T14:02:51.164+0000] {taskmixin.py:205} WARNING - Dependency <Task(BashOperator): create_tag>, delete_tag already registered for DAG: example_complex
[2023-11-01T14:02:51.165+0000] {logging_mixin.py:120} INFO - [2023-11-01T14:02:51.165+0000] {taskmixin.py:205} WARNING - Dependency <Task(BashOperator): delete_tag>, create_tag already registered for DAG: example_complex
[2023-11-01T14:02:51.175+0000] {processor.py:766} INFO - DAG(s) dict_keys(['example_complex']) retrieved from /home/airflow/.local/lib/python3.7/site-packages/airflow/example_dags/example_complex.py
[2023-11-01T14:02:51.253+0000] {logging_mixin.py:120} INFO - [2023-11-01T14:02:51.253+0000] {dag.py:2585} INFO - Sync 1 DAGs
[2023-11-01T14:02:51.298+0000] {logging_mixin.py:120} INFO - [2023-11-01T14:02:51.297+0000] {dag.py:3340} INFO - Setting next_dagrun for example_complex to None, run_after=None
[2023-11-01T14:02:51.330+0000] {processor.py:176} INFO - Processing /home/airflow/.local/lib/python3.7/site-packages/airflow/example_dags/example_complex.py took 0.194 seconds
[2023-11-01T14:03:21.770+0000] {processor.py:154} INFO - Started process (PID=541) to work on /home/airflow/.local/lib/python3.7/site-packages/airflow/example_dags/example_complex.py
[2023-11-01T14:03:21.771+0000] {processor.py:756} INFO - Processing file /home/airflow/.local/lib/python3.7/site-packages/airflow/example_dags/example_complex.py for tasks to queue
[2023-11-01T14:03:21.773+0000] {logging_mixin.py:120} INFO - [2023-11-01T14:03:21.772+0000] {dagbag.py:537} INFO - Filling up the DagBag from /home/airflow/.local/lib/python3.7/site-packages/airflow/example_dags/example_complex.py
[2023-11-01T14:03:21.789+0000] {logging_mixin.py:120} INFO - [2023-11-01T14:03:21.789+0000] {taskmixin.py:205} WARNING - Dependency <Task(BashOperator): create_entry_group>, delete_entry_group already registered for DAG: example_complex
[2023-11-01T14:03:21.790+0000] {logging_mixin.py:120} INFO - [2023-11-01T14:03:21.790+0000] {taskmixin.py:205} WARNING - Dependency <Task(BashOperator): delete_entry_group>, create_entry_group already registered for DAG: example_complex
[2023-11-01T14:03:21.791+0000] {logging_mixin.py:120} INFO - [2023-11-01T14:03:21.790+0000] {taskmixin.py:205} WARNING - Dependency <Task(BashOperator): create_entry_gcs>, delete_entry already registered for DAG: example_complex
[2023-11-01T14:03:21.791+0000] {logging_mixin.py:120} INFO - [2023-11-01T14:03:21.791+0000] {taskmixin.py:205} WARNING - Dependency <Task(BashOperator): delete_entry>, create_entry_gcs already registered for DAG: example_complex
[2023-11-01T14:03:21.793+0000] {logging_mixin.py:120} INFO - [2023-11-01T14:03:21.793+0000] {taskmixin.py:205} WARNING - Dependency <Task(BashOperator): create_tag>, delete_tag already registered for DAG: example_complex
[2023-11-01T14:03:21.794+0000] {logging_mixin.py:120} INFO - [2023-11-01T14:03:21.794+0000] {taskmixin.py:205} WARNING - Dependency <Task(BashOperator): delete_tag>, create_tag already registered for DAG: example_complex
[2023-11-01T14:03:21.806+0000] {processor.py:766} INFO - DAG(s) dict_keys(['example_complex']) retrieved from /home/airflow/.local/lib/python3.7/site-packages/airflow/example_dags/example_complex.py
[2023-11-01T14:03:21.883+0000] {logging_mixin.py:120} INFO - [2023-11-01T14:03:21.883+0000] {dag.py:2585} INFO - Sync 1 DAGs
[2023-11-01T14:03:21.952+0000] {logging_mixin.py:120} INFO - [2023-11-01T14:03:21.951+0000] {dag.py:3340} INFO - Setting next_dagrun for example_complex to None, run_after=None
[2023-11-01T14:03:22.018+0000] {processor.py:176} INFO - Processing /home/airflow/.local/lib/python3.7/site-packages/airflow/example_dags/example_complex.py took 0.251 seconds
[2023-11-01T14:03:52.070+0000] {processor.py:154} INFO - Started process (PID=608) to work on /home/airflow/.local/lib/python3.7/site-packages/airflow/example_dags/example_complex.py
[2023-11-01T14:03:52.071+0000] {processor.py:756} INFO - Processing file /home/airflow/.local/lib/python3.7/site-packages/airflow/example_dags/example_complex.py for tasks to queue
[2023-11-01T14:03:52.073+0000] {logging_mixin.py:120} INFO - [2023-11-01T14:03:52.072+0000] {dagbag.py:537} INFO - Filling up the DagBag from /home/airflow/.local/lib/python3.7/site-packages/airflow/example_dags/example_complex.py
[2023-11-01T14:03:52.087+0000] {logging_mixin.py:120} INFO - [2023-11-01T14:03:52.086+0000] {taskmixin.py:205} WARNING - Dependency <Task(BashOperator): create_entry_group>, delete_entry_group already registered for DAG: example_complex
[2023-11-01T14:03:52.087+0000] {logging_mixin.py:120} INFO - [2023-11-01T14:03:52.087+0000] {taskmixin.py:205} WARNING - Dependency <Task(BashOperator): delete_entry_group>, create_entry_group already registered for DAG: example_complex
[2023-11-01T14:03:52.088+0000] {logging_mixin.py:120} INFO - [2023-11-01T14:03:52.088+0000] {taskmixin.py:205} WARNING - Dependency <Task(BashOperator): create_entry_gcs>, delete_entry already registered for DAG: example_complex
[2023-11-01T14:03:52.089+0000] {logging_mixin.py:120} INFO - [2023-11-01T14:03:52.089+0000] {taskmixin.py:205} WARNING - Dependency <Task(BashOperator): delete_entry>, create_entry_gcs already registered for DAG: example_complex
[2023-11-01T14:03:52.090+0000] {logging_mixin.py:120} INFO - [2023-11-01T14:03:52.090+0000] {taskmixin.py:205} WARNING - Dependency <Task(BashOperator): create_tag>, delete_tag already registered for DAG: example_complex
[2023-11-01T14:03:52.090+0000] {logging_mixin.py:120} INFO - [2023-11-01T14:03:52.090+0000] {taskmixin.py:205} WARNING - Dependency <Task(BashOperator): delete_tag>, create_tag already registered for DAG: example_complex
[2023-11-01T14:03:52.101+0000] {processor.py:766} INFO - DAG(s) dict_keys(['example_complex']) retrieved from /home/airflow/.local/lib/python3.7/site-packages/airflow/example_dags/example_complex.py
[2023-11-01T14:03:52.163+0000] {logging_mixin.py:120} INFO - [2023-11-01T14:03:52.163+0000] {dag.py:2585} INFO - Sync 1 DAGs
[2023-11-01T14:03:52.199+0000] {logging_mixin.py:120} INFO - [2023-11-01T14:03:52.199+0000] {dag.py:3340} INFO - Setting next_dagrun for example_complex to None, run_after=None
[2023-11-01T14:03:52.236+0000] {processor.py:176} INFO - Processing /home/airflow/.local/lib/python3.7/site-packages/airflow/example_dags/example_complex.py took 0.168 seconds
[2023-11-01T14:04:22.833+0000] {processor.py:154} INFO - Started process (PID=663) to work on /home/airflow/.local/lib/python3.7/site-packages/airflow/example_dags/example_complex.py
[2023-11-01T14:04:22.835+0000] {processor.py:756} INFO - Processing file /home/airflow/.local/lib/python3.7/site-packages/airflow/example_dags/example_complex.py for tasks to queue
[2023-11-01T14:04:22.836+0000] {logging_mixin.py:120} INFO - [2023-11-01T14:04:22.836+0000] {dagbag.py:537} INFO - Filling up the DagBag from /home/airflow/.local/lib/python3.7/site-packages/airflow/example_dags/example_complex.py
[2023-11-01T14:04:22.857+0000] {logging_mixin.py:120} INFO - [2023-11-01T14:04:22.856+0000] {taskmixin.py:205} WARNING - Dependency <Task(BashOperator): create_entry_group>, delete_entry_group already registered for DAG: example_complex
[2023-11-01T14:04:22.857+0000] {logging_mixin.py:120} INFO - [2023-11-01T14:04:22.857+0000] {taskmixin.py:205} WARNING - Dependency <Task(BashOperator): delete_entry_group>, create_entry_group already registered for DAG: example_complex
[2023-11-01T14:04:22.858+0000] {logging_mixin.py:120} INFO - [2023-11-01T14:04:22.858+0000] {taskmixin.py:205} WARNING - Dependency <Task(BashOperator): create_entry_gcs>, delete_entry already registered for DAG: example_complex
[2023-11-01T14:04:22.859+0000] {logging_mixin.py:120} INFO - [2023-11-01T14:04:22.859+0000] {taskmixin.py:205} WARNING - Dependency <Task(BashOperator): delete_entry>, create_entry_gcs already registered for DAG: example_complex
[2023-11-01T14:04:22.860+0000] {logging_mixin.py:120} INFO - [2023-11-01T14:04:22.860+0000] {taskmixin.py:205} WARNING - Dependency <Task(BashOperator): create_tag>, delete_tag already registered for DAG: example_complex
[2023-11-01T14:04:22.860+0000] {logging_mixin.py:120} INFO - [2023-11-01T14:04:22.860+0000] {taskmixin.py:205} WARNING - Dependency <Task(BashOperator): delete_tag>, create_tag already registered for DAG: example_complex
[2023-11-01T14:04:22.871+0000] {processor.py:766} INFO - DAG(s) dict_keys(['example_complex']) retrieved from /home/airflow/.local/lib/python3.7/site-packages/airflow/example_dags/example_complex.py
[2023-11-01T14:04:22.929+0000] {logging_mixin.py:120} INFO - [2023-11-01T14:04:22.929+0000] {dag.py:2585} INFO - Sync 1 DAGs
[2023-11-01T14:04:22.966+0000] {logging_mixin.py:120} INFO - [2023-11-01T14:04:22.966+0000] {dag.py:3340} INFO - Setting next_dagrun for example_complex to None, run_after=None
[2023-11-01T14:04:23.002+0000] {processor.py:176} INFO - Processing /home/airflow/.local/lib/python3.7/site-packages/airflow/example_dags/example_complex.py took 0.173 seconds
[2023-11-01T14:04:53.800+0000] {processor.py:154} INFO - Started process (PID=729) to work on /home/airflow/.local/lib/python3.7/site-packages/airflow/example_dags/example_complex.py
[2023-11-01T14:04:53.801+0000] {processor.py:756} INFO - Processing file /home/airflow/.local/lib/python3.7/site-packages/airflow/example_dags/example_complex.py for tasks to queue
[2023-11-01T14:04:53.803+0000] {logging_mixin.py:120} INFO - [2023-11-01T14:04:53.803+0000] {dagbag.py:537} INFO - Filling up the DagBag from /home/airflow/.local/lib/python3.7/site-packages/airflow/example_dags/example_complex.py
[2023-11-01T14:04:53.818+0000] {logging_mixin.py:120} INFO - [2023-11-01T14:04:53.818+0000] {taskmixin.py:205} WARNING - Dependency <Task(BashOperator): create_entry_group>, delete_entry_group already registered for DAG: example_complex
[2023-11-01T14:04:53.819+0000] {logging_mixin.py:120} INFO - [2023-11-01T14:04:53.819+0000] {taskmixin.py:205} WARNING - Dependency <Task(BashOperator): delete_entry_group>, create_entry_group already registered for DAG: example_complex
[2023-11-01T14:04:53.820+0000] {logging_mixin.py:120} INFO - [2023-11-01T14:04:53.820+0000] {taskmixin.py:205} WARNING - Dependency <Task(BashOperator): create_entry_gcs>, delete_entry already registered for DAG: example_complex
[2023-11-01T14:04:53.821+0000] {logging_mixin.py:120} INFO - [2023-11-01T14:04:53.821+0000] {taskmixin.py:205} WARNING - Dependency <Task(BashOperator): delete_entry>, create_entry_gcs already registered for DAG: example_complex
[2023-11-01T14:04:53.822+0000] {logging_mixin.py:120} INFO - [2023-11-01T14:04:53.822+0000] {taskmixin.py:205} WARNING - Dependency <Task(BashOperator): create_tag>, delete_tag already registered for DAG: example_complex
[2023-11-01T14:04:53.823+0000] {logging_mixin.py:120} INFO - [2023-11-01T14:04:53.823+0000] {taskmixin.py:205} WARNING - Dependency <Task(BashOperator): delete_tag>, create_tag already registered for DAG: example_complex
[2023-11-01T14:04:53.835+0000] {processor.py:766} INFO - DAG(s) dict_keys(['example_complex']) retrieved from /home/airflow/.local/lib/python3.7/site-packages/airflow/example_dags/example_complex.py
[2023-11-01T14:04:53.928+0000] {logging_mixin.py:120} INFO - [2023-11-01T14:04:53.928+0000] {dag.py:2585} INFO - Sync 1 DAGs
[2023-11-01T14:04:53.965+0000] {logging_mixin.py:120} INFO - [2023-11-01T14:04:53.965+0000] {dag.py:3340} INFO - Setting next_dagrun for example_complex to None, run_after=None
[2023-11-01T14:04:54.004+0000] {processor.py:176} INFO - Processing /home/airflow/.local/lib/python3.7/site-packages/airflow/example_dags/example_complex.py took 0.212 seconds
[2023-11-01T14:05:24.101+0000] {processor.py:154} INFO - Started process (PID=785) to work on /home/airflow/.local/lib/python3.7/site-packages/airflow/example_dags/example_complex.py
[2023-11-01T14:05:24.102+0000] {processor.py:756} INFO - Processing file /home/airflow/.local/lib/python3.7/site-packages/airflow/example_dags/example_complex.py for tasks to queue
[2023-11-01T14:05:24.104+0000] {logging_mixin.py:120} INFO - [2023-11-01T14:05:24.104+0000] {dagbag.py:537} INFO - Filling up the DagBag from /home/airflow/.local/lib/python3.7/site-packages/airflow/example_dags/example_complex.py
[2023-11-01T14:05:24.126+0000] {logging_mixin.py:120} INFO - [2023-11-01T14:05:24.125+0000] {taskmixin.py:205} WARNING - Dependency <Task(BashOperator): create_entry_group>, delete_entry_group already registered for DAG: example_complex
[2023-11-01T14:05:24.126+0000] {logging_mixin.py:120} INFO - [2023-11-01T14:05:24.126+0000] {taskmixin.py:205} WARNING - Dependency <Task(BashOperator): delete_entry_group>, create_entry_group already registered for DAG: example_complex
[2023-11-01T14:05:24.127+0000] {logging_mixin.py:120} INFO - [2023-11-01T14:05:24.127+0000] {taskmixin.py:205} WARNING - Dependency <Task(BashOperator): create_entry_gcs>, delete_entry already registered for DAG: example_complex
[2023-11-01T14:05:24.128+0000] {logging_mixin.py:120} INFO - [2023-11-01T14:05:24.128+0000] {taskmixin.py:205} WARNING - Dependency <Task(BashOperator): delete_entry>, create_entry_gcs already registered for DAG: example_complex
[2023-11-01T14:05:24.131+0000] {logging_mixin.py:120} INFO - [2023-11-01T14:05:24.129+0000] {taskmixin.py:205} WARNING - Dependency <Task(BashOperator): create_tag>, delete_tag already registered for DAG: example_complex
[2023-11-01T14:05:24.132+0000] {logging_mixin.py:120} INFO - [2023-11-01T14:05:24.132+0000] {taskmixin.py:205} WARNING - Dependency <Task(BashOperator): delete_tag>, create_tag already registered for DAG: example_complex
[2023-11-01T14:05:24.143+0000] {processor.py:766} INFO - DAG(s) dict_keys(['example_complex']) retrieved from /home/airflow/.local/lib/python3.7/site-packages/airflow/example_dags/example_complex.py
[2023-11-01T14:05:24.278+0000] {logging_mixin.py:120} INFO - [2023-11-01T14:05:24.278+0000] {dag.py:2585} INFO - Sync 1 DAGs
[2023-11-01T14:05:24.323+0000] {logging_mixin.py:120} INFO - [2023-11-01T14:05:24.323+0000] {dag.py:3340} INFO - Setting next_dagrun for example_complex to None, run_after=None
[2023-11-01T14:05:24.360+0000] {processor.py:176} INFO - Processing /home/airflow/.local/lib/python3.7/site-packages/airflow/example_dags/example_complex.py took 0.262 seconds
[2023-11-01T14:05:55.196+0000] {processor.py:154} INFO - Started process (PID=850) to work on /home/airflow/.local/lib/python3.7/site-packages/airflow/example_dags/example_complex.py
[2023-11-01T14:05:55.197+0000] {processor.py:756} INFO - Processing file /home/airflow/.local/lib/python3.7/site-packages/airflow/example_dags/example_complex.py for tasks to queue
[2023-11-01T14:05:55.200+0000] {logging_mixin.py:120} INFO - [2023-11-01T14:05:55.200+0000] {dagbag.py:537} INFO - Filling up the DagBag from /home/airflow/.local/lib/python3.7/site-packages/airflow/example_dags/example_complex.py
[2023-11-01T14:05:55.216+0000] {logging_mixin.py:120} INFO - [2023-11-01T14:05:55.215+0000] {taskmixin.py:205} WARNING - Dependency <Task(BashOperator): create_entry_group>, delete_entry_group already registered for DAG: example_complex
[2023-11-01T14:05:55.217+0000] {logging_mixin.py:120} INFO - [2023-11-01T14:05:55.217+0000] {taskmixin.py:205} WARNING - Dependency <Task(BashOperator): delete_entry_group>, create_entry_group already registered for DAG: example_complex
[2023-11-01T14:05:55.218+0000] {logging_mixin.py:120} INFO - [2023-11-01T14:05:55.218+0000] {taskmixin.py:205} WARNING - Dependency <Task(BashOperator): create_entry_gcs>, delete_entry already registered for DAG: example_complex
[2023-11-01T14:05:55.219+0000] {logging_mixin.py:120} INFO - [2023-11-01T14:05:55.219+0000] {taskmixin.py:205} WARNING - Dependency <Task(BashOperator): delete_entry>, create_entry_gcs already registered for DAG: example_complex
[2023-11-01T14:05:55.220+0000] {logging_mixin.py:120} INFO - [2023-11-01T14:05:55.220+0000] {taskmixin.py:205} WARNING - Dependency <Task(BashOperator): create_tag>, delete_tag already registered for DAG: example_complex
[2023-11-01T14:05:55.221+0000] {logging_mixin.py:120} INFO - [2023-11-01T14:05:55.221+0000] {taskmixin.py:205} WARNING - Dependency <Task(BashOperator): delete_tag>, create_tag already registered for DAG: example_complex
[2023-11-01T14:05:55.238+0000] {processor.py:766} INFO - DAG(s) dict_keys(['example_complex']) retrieved from /home/airflow/.local/lib/python3.7/site-packages/airflow/example_dags/example_complex.py
[2023-11-01T14:05:55.305+0000] {logging_mixin.py:120} INFO - [2023-11-01T14:05:55.305+0000] {dag.py:2585} INFO - Sync 1 DAGs
[2023-11-01T14:05:55.337+0000] {logging_mixin.py:120} INFO - [2023-11-01T14:05:55.337+0000] {dag.py:3340} INFO - Setting next_dagrun for example_complex to None, run_after=None
[2023-11-01T14:05:55.372+0000] {processor.py:176} INFO - Processing /home/airflow/.local/lib/python3.7/site-packages/airflow/example_dags/example_complex.py took 0.179 seconds
[2023-11-01T14:06:26.300+0000] {processor.py:154} INFO - Started process (PID=907) to work on /home/airflow/.local/lib/python3.7/site-packages/airflow/example_dags/example_complex.py
[2023-11-01T14:06:26.301+0000] {processor.py:756} INFO - Processing file /home/airflow/.local/lib/python3.7/site-packages/airflow/example_dags/example_complex.py for tasks to queue
[2023-11-01T14:06:26.302+0000] {logging_mixin.py:120} INFO - [2023-11-01T14:06:26.302+0000] {dagbag.py:537} INFO - Filling up the DagBag from /home/airflow/.local/lib/python3.7/site-packages/airflow/example_dags/example_complex.py
[2023-11-01T14:06:26.320+0000] {logging_mixin.py:120} INFO - [2023-11-01T14:06:26.319+0000] {taskmixin.py:205} WARNING - Dependency <Task(BashOperator): create_entry_group>, delete_entry_group already registered for DAG: example_complex
[2023-11-01T14:06:26.321+0000] {logging_mixin.py:120} INFO - [2023-11-01T14:06:26.321+0000] {taskmixin.py:205} WARNING - Dependency <Task(BashOperator): delete_entry_group>, create_entry_group already registered for DAG: example_complex
[2023-11-01T14:06:26.324+0000] {logging_mixin.py:120} INFO - [2023-11-01T14:06:26.324+0000] {taskmixin.py:205} WARNING - Dependency <Task(BashOperator): create_entry_gcs>, delete_entry already registered for DAG: example_complex
[2023-11-01T14:06:26.328+0000] {logging_mixin.py:120} INFO - [2023-11-01T14:06:26.328+0000] {taskmixin.py:205} WARNING - Dependency <Task(BashOperator): delete_entry>, create_entry_gcs already registered for DAG: example_complex
[2023-11-01T14:06:26.329+0000] {logging_mixin.py:120} INFO - [2023-11-01T14:06:26.329+0000] {taskmixin.py:205} WARNING - Dependency <Task(BashOperator): create_tag>, delete_tag already registered for DAG: example_complex
[2023-11-01T14:06:26.330+0000] {logging_mixin.py:120} INFO - [2023-11-01T14:06:26.330+0000] {taskmixin.py:205} WARNING - Dependency <Task(BashOperator): delete_tag>, create_tag already registered for DAG: example_complex
[2023-11-01T14:06:26.340+0000] {processor.py:766} INFO - DAG(s) dict_keys(['example_complex']) retrieved from /home/airflow/.local/lib/python3.7/site-packages/airflow/example_dags/example_complex.py
[2023-11-01T14:06:26.395+0000] {logging_mixin.py:120} INFO - [2023-11-01T14:06:26.395+0000] {dag.py:2585} INFO - Sync 1 DAGs
[2023-11-01T14:06:26.434+0000] {logging_mixin.py:120} INFO - [2023-11-01T14:06:26.434+0000] {dag.py:3340} INFO - Setting next_dagrun for example_complex to None, run_after=None
[2023-11-01T14:06:26.464+0000] {processor.py:176} INFO - Processing /home/airflow/.local/lib/python3.7/site-packages/airflow/example_dags/example_complex.py took 0.168 seconds
[2023-11-01T14:06:57.087+0000] {processor.py:154} INFO - Started process (PID=972) to work on /home/airflow/.local/lib/python3.7/site-packages/airflow/example_dags/example_complex.py
[2023-11-01T14:06:57.088+0000] {processor.py:756} INFO - Processing file /home/airflow/.local/lib/python3.7/site-packages/airflow/example_dags/example_complex.py for tasks to queue
[2023-11-01T14:06:57.089+0000] {logging_mixin.py:120} INFO - [2023-11-01T14:06:57.089+0000] {dagbag.py:537} INFO - Filling up the DagBag from /home/airflow/.local/lib/python3.7/site-packages/airflow/example_dags/example_complex.py
[2023-11-01T14:06:57.103+0000] {logging_mixin.py:120} INFO - [2023-11-01T14:06:57.103+0000] {taskmixin.py:205} WARNING - Dependency <Task(BashOperator): create_entry_group>, delete_entry_group already registered for DAG: example_complex
[2023-11-01T14:06:57.104+0000] {logging_mixin.py:120} INFO - [2023-11-01T14:06:57.103+0000] {taskmixin.py:205} WARNING - Dependency <Task(BashOperator): delete_entry_group>, create_entry_group already registered for DAG: example_complex
[2023-11-01T14:06:57.105+0000] {logging_mixin.py:120} INFO - [2023-11-01T14:06:57.104+0000] {taskmixin.py:205} WARNING - Dependency <Task(BashOperator): create_entry_gcs>, delete_entry already registered for DAG: example_complex
[2023-11-01T14:06:57.105+0000] {logging_mixin.py:120} INFO - [2023-11-01T14:06:57.105+0000] {taskmixin.py:205} WARNING - Dependency <Task(BashOperator): delete_entry>, create_entry_gcs already registered for DAG: example_complex
[2023-11-01T14:06:57.106+0000] {logging_mixin.py:120} INFO - [2023-11-01T14:06:57.106+0000] {taskmixin.py:205} WARNING - Dependency <Task(BashOperator): create_tag>, delete_tag already registered for DAG: example_complex
[2023-11-01T14:06:57.107+0000] {logging_mixin.py:120} INFO - [2023-11-01T14:06:57.107+0000] {taskmixin.py:205} WARNING - Dependency <Task(BashOperator): delete_tag>, create_tag already registered for DAG: example_complex
[2023-11-01T14:06:57.117+0000] {processor.py:766} INFO - DAG(s) dict_keys(['example_complex']) retrieved from /home/airflow/.local/lib/python3.7/site-packages/airflow/example_dags/example_complex.py
[2023-11-01T14:06:57.172+0000] {logging_mixin.py:120} INFO - [2023-11-01T14:06:57.172+0000] {dag.py:2585} INFO - Sync 1 DAGs
[2023-11-01T14:06:57.207+0000] {logging_mixin.py:120} INFO - [2023-11-01T14:06:57.207+0000] {dag.py:3340} INFO - Setting next_dagrun for example_complex to None, run_after=None
[2023-11-01T14:06:57.237+0000] {processor.py:176} INFO - Processing /home/airflow/.local/lib/python3.7/site-packages/airflow/example_dags/example_complex.py took 0.153 seconds
