[2023-11-01T13:59:21.350+0000] {processor.py:154} INFO - Started process (PID=88) to work on /home/airflow/.local/lib/python3.7/site-packages/airflow/example_dags/example_external_task_marker_dag.py
[2023-11-01T13:59:21.351+0000] {processor.py:756} INFO - Processing file /home/airflow/.local/lib/python3.7/site-packages/airflow/example_dags/example_external_task_marker_dag.py for tasks to queue
[2023-11-01T13:59:21.352+0000] {logging_mixin.py:120} INFO - [2023-11-01T13:59:21.352+0000] {dagbag.py:537} INFO - Filling up the DagBag from /home/airflow/.local/lib/python3.7/site-packages/airflow/example_dags/example_external_task_marker_dag.py
[2023-11-01T13:59:21.373+0000] {processor.py:766} INFO - DAG(s) dict_keys(['example_external_task_marker_parent', 'example_external_task_marker_child']) retrieved from /home/airflow/.local/lib/python3.7/site-packages/airflow/example_dags/example_external_task_marker_dag.py
[2023-11-01T13:59:22.230+0000] {logging_mixin.py:120} INFO - [2023-11-01T13:59:22.230+0000] {dag.py:2585} INFO - Sync 2 DAGs
[2023-11-01T13:59:22.267+0000] {logging_mixin.py:120} INFO - [2023-11-01T13:59:22.267+0000] {dag.py:3340} INFO - Setting next_dagrun for example_external_task_marker_child to None, run_after=None
[2023-11-01T13:59:22.272+0000] {logging_mixin.py:120} INFO - [2023-11-01T13:59:22.272+0000] {dag.py:3340} INFO - Setting next_dagrun for example_external_task_marker_parent to None, run_after=None
[2023-11-01T13:59:22.307+0000] {processor.py:176} INFO - Processing /home/airflow/.local/lib/python3.7/site-packages/airflow/example_dags/example_external_task_marker_dag.py took 0.961 seconds
[2023-11-01T13:59:52.449+0000] {processor.py:154} INFO - Started process (PID=144) to work on /home/airflow/.local/lib/python3.7/site-packages/airflow/example_dags/example_external_task_marker_dag.py
[2023-11-01T13:59:52.451+0000] {processor.py:756} INFO - Processing file /home/airflow/.local/lib/python3.7/site-packages/airflow/example_dags/example_external_task_marker_dag.py for tasks to queue
[2023-11-01T13:59:52.452+0000] {logging_mixin.py:120} INFO - [2023-11-01T13:59:52.452+0000] {dagbag.py:537} INFO - Filling up the DagBag from /home/airflow/.local/lib/python3.7/site-packages/airflow/example_dags/example_external_task_marker_dag.py
[2023-11-01T13:59:52.466+0000] {processor.py:766} INFO - DAG(s) dict_keys(['example_external_task_marker_parent', 'example_external_task_marker_child']) retrieved from /home/airflow/.local/lib/python3.7/site-packages/airflow/example_dags/example_external_task_marker_dag.py
[2023-11-01T13:59:52.732+0000] {logging_mixin.py:120} INFO - [2023-11-01T13:59:52.732+0000] {dag.py:2585} INFO - Sync 2 DAGs
[2023-11-01T13:59:52.762+0000] {logging_mixin.py:120} INFO - [2023-11-01T13:59:52.762+0000] {dag.py:3340} INFO - Setting next_dagrun for example_external_task_marker_child to None, run_after=None
[2023-11-01T13:59:52.767+0000] {logging_mixin.py:120} INFO - [2023-11-01T13:59:52.767+0000] {dag.py:3340} INFO - Setting next_dagrun for example_external_task_marker_parent to None, run_after=None
[2023-11-01T13:59:52.793+0000] {processor.py:176} INFO - Processing /home/airflow/.local/lib/python3.7/site-packages/airflow/example_dags/example_external_task_marker_dag.py took 0.348 seconds
[2023-11-01T14:00:23.310+0000] {processor.py:154} INFO - Started process (PID=211) to work on /home/airflow/.local/lib/python3.7/site-packages/airflow/example_dags/example_external_task_marker_dag.py
[2023-11-01T14:00:23.311+0000] {processor.py:756} INFO - Processing file /home/airflow/.local/lib/python3.7/site-packages/airflow/example_dags/example_external_task_marker_dag.py for tasks to queue
[2023-11-01T14:00:23.312+0000] {logging_mixin.py:120} INFO - [2023-11-01T14:00:23.312+0000] {dagbag.py:537} INFO - Filling up the DagBag from /home/airflow/.local/lib/python3.7/site-packages/airflow/example_dags/example_external_task_marker_dag.py
[2023-11-01T14:00:23.330+0000] {processor.py:766} INFO - DAG(s) dict_keys(['example_external_task_marker_parent', 'example_external_task_marker_child']) retrieved from /home/airflow/.local/lib/python3.7/site-packages/airflow/example_dags/example_external_task_marker_dag.py
[2023-11-01T14:00:23.580+0000] {logging_mixin.py:120} INFO - [2023-11-01T14:00:23.580+0000] {dag.py:2585} INFO - Sync 2 DAGs
[2023-11-01T14:00:23.612+0000] {logging_mixin.py:120} INFO - [2023-11-01T14:00:23.612+0000] {dag.py:3340} INFO - Setting next_dagrun for example_external_task_marker_child to None, run_after=None
[2023-11-01T14:00:23.618+0000] {logging_mixin.py:120} INFO - [2023-11-01T14:00:23.617+0000] {dag.py:3340} INFO - Setting next_dagrun for example_external_task_marker_parent to None, run_after=None
[2023-11-01T14:00:23.644+0000] {processor.py:176} INFO - Processing /home/airflow/.local/lib/python3.7/site-packages/airflow/example_dags/example_external_task_marker_dag.py took 0.338 seconds
[2023-11-01T14:00:53.953+0000] {processor.py:154} INFO - Started process (PID=268) to work on /home/airflow/.local/lib/python3.7/site-packages/airflow/example_dags/example_external_task_marker_dag.py
[2023-11-01T14:00:53.954+0000] {processor.py:756} INFO - Processing file /home/airflow/.local/lib/python3.7/site-packages/airflow/example_dags/example_external_task_marker_dag.py for tasks to queue
[2023-11-01T14:00:53.956+0000] {logging_mixin.py:120} INFO - [2023-11-01T14:00:53.955+0000] {dagbag.py:537} INFO - Filling up the DagBag from /home/airflow/.local/lib/python3.7/site-packages/airflow/example_dags/example_external_task_marker_dag.py
[2023-11-01T14:00:53.971+0000] {processor.py:766} INFO - DAG(s) dict_keys(['example_external_task_marker_parent', 'example_external_task_marker_child']) retrieved from /home/airflow/.local/lib/python3.7/site-packages/airflow/example_dags/example_external_task_marker_dag.py
[2023-11-01T14:00:54.280+0000] {logging_mixin.py:120} INFO - [2023-11-01T14:00:54.280+0000] {dag.py:2585} INFO - Sync 2 DAGs
[2023-11-01T14:00:54.318+0000] {logging_mixin.py:120} INFO - [2023-11-01T14:00:54.317+0000] {dag.py:3340} INFO - Setting next_dagrun for example_external_task_marker_child to None, run_after=None
[2023-11-01T14:00:54.324+0000] {logging_mixin.py:120} INFO - [2023-11-01T14:00:54.323+0000] {dag.py:3340} INFO - Setting next_dagrun for example_external_task_marker_parent to None, run_after=None
[2023-11-01T14:00:54.360+0000] {processor.py:176} INFO - Processing /home/airflow/.local/lib/python3.7/site-packages/airflow/example_dags/example_external_task_marker_dag.py took 0.411 seconds
[2023-11-01T14:01:32.163+0000] {processor.py:154} INFO - Started process (PID=334) to work on /home/airflow/.local/lib/python3.7/site-packages/airflow/example_dags/example_external_task_marker_dag.py
[2023-11-01T14:01:32.174+0000] {processor.py:756} INFO - Processing file /home/airflow/.local/lib/python3.7/site-packages/airflow/example_dags/example_external_task_marker_dag.py for tasks to queue
[2023-11-01T14:01:32.191+0000] {logging_mixin.py:120} INFO - [2023-11-01T14:01:32.190+0000] {dagbag.py:537} INFO - Filling up the DagBag from /home/airflow/.local/lib/python3.7/site-packages/airflow/example_dags/example_external_task_marker_dag.py
[2023-11-01T14:01:32.241+0000] {processor.py:766} INFO - DAG(s) dict_keys(['example_external_task_marker_child', 'example_external_task_marker_parent']) retrieved from /home/airflow/.local/lib/python3.7/site-packages/airflow/example_dags/example_external_task_marker_dag.py
[2023-11-01T14:01:33.346+0000] {logging_mixin.py:120} INFO - [2023-11-01T14:01:33.335+0000] {dag.py:2585} INFO - Sync 2 DAGs
[2023-11-01T14:01:33.458+0000] {logging_mixin.py:120} INFO - [2023-11-01T14:01:33.447+0000] {dag.py:3340} INFO - Setting next_dagrun for example_external_task_marker_child to None, run_after=None
[2023-11-01T14:01:33.474+0000] {logging_mixin.py:120} INFO - [2023-11-01T14:01:33.474+0000] {dag.py:3340} INFO - Setting next_dagrun for example_external_task_marker_parent to None, run_after=None
[2023-11-01T14:01:33.556+0000] {processor.py:176} INFO - Processing /home/airflow/.local/lib/python3.7/site-packages/airflow/example_dags/example_external_task_marker_dag.py took 1.397 seconds
[2023-11-01T14:02:04.433+0000] {processor.py:154} INFO - Started process (PID=401) to work on /home/airflow/.local/lib/python3.7/site-packages/airflow/example_dags/example_external_task_marker_dag.py
[2023-11-01T14:02:04.434+0000] {processor.py:756} INFO - Processing file /home/airflow/.local/lib/python3.7/site-packages/airflow/example_dags/example_external_task_marker_dag.py for tasks to queue
[2023-11-01T14:02:04.436+0000] {logging_mixin.py:120} INFO - [2023-11-01T14:02:04.435+0000] {dagbag.py:537} INFO - Filling up the DagBag from /home/airflow/.local/lib/python3.7/site-packages/airflow/example_dags/example_external_task_marker_dag.py
[2023-11-01T14:02:04.452+0000] {processor.py:766} INFO - DAG(s) dict_keys(['example_external_task_marker_parent', 'example_external_task_marker_child']) retrieved from /home/airflow/.local/lib/python3.7/site-packages/airflow/example_dags/example_external_task_marker_dag.py
[2023-11-01T14:02:04.736+0000] {logging_mixin.py:120} INFO - [2023-11-01T14:02:04.735+0000] {dag.py:2585} INFO - Sync 2 DAGs
[2023-11-01T14:02:04.768+0000] {logging_mixin.py:120} INFO - [2023-11-01T14:02:04.768+0000] {dag.py:3340} INFO - Setting next_dagrun for example_external_task_marker_child to None, run_after=None
[2023-11-01T14:02:04.774+0000] {logging_mixin.py:120} INFO - [2023-11-01T14:02:04.774+0000] {dag.py:3340} INFO - Setting next_dagrun for example_external_task_marker_parent to None, run_after=None
[2023-11-01T14:02:04.802+0000] {processor.py:176} INFO - Processing /home/airflow/.local/lib/python3.7/site-packages/airflow/example_dags/example_external_task_marker_dag.py took 0.372 seconds
[2023-11-01T14:02:34.889+0000] {processor.py:154} INFO - Started process (PID=457) to work on /home/airflow/.local/lib/python3.7/site-packages/airflow/example_dags/example_external_task_marker_dag.py
[2023-11-01T14:02:34.893+0000] {processor.py:756} INFO - Processing file /home/airflow/.local/lib/python3.7/site-packages/airflow/example_dags/example_external_task_marker_dag.py for tasks to queue
[2023-11-01T14:02:34.895+0000] {logging_mixin.py:120} INFO - [2023-11-01T14:02:34.894+0000] {dagbag.py:537} INFO - Filling up the DagBag from /home/airflow/.local/lib/python3.7/site-packages/airflow/example_dags/example_external_task_marker_dag.py
[2023-11-01T14:02:34.914+0000] {processor.py:766} INFO - DAG(s) dict_keys(['example_external_task_marker_child', 'example_external_task_marker_parent']) retrieved from /home/airflow/.local/lib/python3.7/site-packages/airflow/example_dags/example_external_task_marker_dag.py
[2023-11-01T14:02:35.313+0000] {logging_mixin.py:120} INFO - [2023-11-01T14:02:35.313+0000] {dag.py:2585} INFO - Sync 2 DAGs
[2023-11-01T14:02:35.358+0000] {logging_mixin.py:120} INFO - [2023-11-01T14:02:35.357+0000] {dag.py:3340} INFO - Setting next_dagrun for example_external_task_marker_child to None, run_after=None
[2023-11-01T14:02:35.363+0000] {logging_mixin.py:120} INFO - [2023-11-01T14:02:35.363+0000] {dag.py:3340} INFO - Setting next_dagrun for example_external_task_marker_parent to None, run_after=None
[2023-11-01T14:02:35.405+0000] {processor.py:176} INFO - Processing /home/airflow/.local/lib/python3.7/site-packages/airflow/example_dags/example_external_task_marker_dag.py took 0.518 seconds
[2023-11-01T14:03:05.494+0000] {processor.py:154} INFO - Started process (PID=523) to work on /home/airflow/.local/lib/python3.7/site-packages/airflow/example_dags/example_external_task_marker_dag.py
[2023-11-01T14:03:05.495+0000] {processor.py:756} INFO - Processing file /home/airflow/.local/lib/python3.7/site-packages/airflow/example_dags/example_external_task_marker_dag.py for tasks to queue
[2023-11-01T14:03:05.497+0000] {logging_mixin.py:120} INFO - [2023-11-01T14:03:05.497+0000] {dagbag.py:537} INFO - Filling up the DagBag from /home/airflow/.local/lib/python3.7/site-packages/airflow/example_dags/example_external_task_marker_dag.py
[2023-11-01T14:03:05.521+0000] {processor.py:766} INFO - DAG(s) dict_keys(['example_external_task_marker_child', 'example_external_task_marker_parent']) retrieved from /home/airflow/.local/lib/python3.7/site-packages/airflow/example_dags/example_external_task_marker_dag.py
[2023-11-01T14:03:05.795+0000] {logging_mixin.py:120} INFO - [2023-11-01T14:03:05.794+0000] {dag.py:2585} INFO - Sync 2 DAGs
[2023-11-01T14:03:05.827+0000] {logging_mixin.py:120} INFO - [2023-11-01T14:03:05.827+0000] {dag.py:3340} INFO - Setting next_dagrun for example_external_task_marker_child to None, run_after=None
[2023-11-01T14:03:05.832+0000] {logging_mixin.py:120} INFO - [2023-11-01T14:03:05.832+0000] {dag.py:3340} INFO - Setting next_dagrun for example_external_task_marker_parent to None, run_after=None
[2023-11-01T14:03:05.861+0000] {processor.py:176} INFO - Processing /home/airflow/.local/lib/python3.7/site-packages/airflow/example_dags/example_external_task_marker_dag.py took 0.370 seconds
[2023-11-01T14:03:35.927+0000] {processor.py:154} INFO - Started process (PID=579) to work on /home/airflow/.local/lib/python3.7/site-packages/airflow/example_dags/example_external_task_marker_dag.py
[2023-11-01T14:03:35.928+0000] {processor.py:756} INFO - Processing file /home/airflow/.local/lib/python3.7/site-packages/airflow/example_dags/example_external_task_marker_dag.py for tasks to queue
[2023-11-01T14:03:35.929+0000] {logging_mixin.py:120} INFO - [2023-11-01T14:03:35.929+0000] {dagbag.py:537} INFO - Filling up the DagBag from /home/airflow/.local/lib/python3.7/site-packages/airflow/example_dags/example_external_task_marker_dag.py
[2023-11-01T14:03:35.945+0000] {processor.py:766} INFO - DAG(s) dict_keys(['example_external_task_marker_child', 'example_external_task_marker_parent']) retrieved from /home/airflow/.local/lib/python3.7/site-packages/airflow/example_dags/example_external_task_marker_dag.py
[2023-11-01T14:03:36.259+0000] {logging_mixin.py:120} INFO - [2023-11-01T14:03:36.258+0000] {dag.py:2585} INFO - Sync 2 DAGs
[2023-11-01T14:03:36.298+0000] {logging_mixin.py:120} INFO - [2023-11-01T14:03:36.298+0000] {dag.py:3340} INFO - Setting next_dagrun for example_external_task_marker_child to None, run_after=None
[2023-11-01T14:03:36.303+0000] {logging_mixin.py:120} INFO - [2023-11-01T14:03:36.302+0000] {dag.py:3340} INFO - Setting next_dagrun for example_external_task_marker_parent to None, run_after=None
[2023-11-01T14:03:36.334+0000] {processor.py:176} INFO - Processing /home/airflow/.local/lib/python3.7/site-packages/airflow/example_dags/example_external_task_marker_dag.py took 0.411 seconds
[2023-11-01T14:04:06.776+0000] {processor.py:154} INFO - Started process (PID=644) to work on /home/airflow/.local/lib/python3.7/site-packages/airflow/example_dags/example_external_task_marker_dag.py
[2023-11-01T14:04:06.778+0000] {processor.py:756} INFO - Processing file /home/airflow/.local/lib/python3.7/site-packages/airflow/example_dags/example_external_task_marker_dag.py for tasks to queue
[2023-11-01T14:04:06.779+0000] {logging_mixin.py:120} INFO - [2023-11-01T14:04:06.779+0000] {dagbag.py:537} INFO - Filling up the DagBag from /home/airflow/.local/lib/python3.7/site-packages/airflow/example_dags/example_external_task_marker_dag.py
[2023-11-01T14:04:06.797+0000] {processor.py:766} INFO - DAG(s) dict_keys(['example_external_task_marker_parent', 'example_external_task_marker_child']) retrieved from /home/airflow/.local/lib/python3.7/site-packages/airflow/example_dags/example_external_task_marker_dag.py
[2023-11-01T14:04:07.109+0000] {logging_mixin.py:120} INFO - [2023-11-01T14:04:07.109+0000] {dag.py:2585} INFO - Sync 2 DAGs
[2023-11-01T14:04:07.151+0000] {logging_mixin.py:120} INFO - [2023-11-01T14:04:07.150+0000] {dag.py:3340} INFO - Setting next_dagrun for example_external_task_marker_child to None, run_after=None
[2023-11-01T14:04:07.157+0000] {logging_mixin.py:120} INFO - [2023-11-01T14:04:07.157+0000] {dag.py:3340} INFO - Setting next_dagrun for example_external_task_marker_parent to None, run_after=None
[2023-11-01T14:04:07.184+0000] {processor.py:176} INFO - Processing /home/airflow/.local/lib/python3.7/site-packages/airflow/example_dags/example_external_task_marker_dag.py took 0.413 seconds
[2023-11-01T14:04:37.379+0000] {processor.py:154} INFO - Started process (PID=700) to work on /home/airflow/.local/lib/python3.7/site-packages/airflow/example_dags/example_external_task_marker_dag.py
[2023-11-01T14:04:37.380+0000] {processor.py:756} INFO - Processing file /home/airflow/.local/lib/python3.7/site-packages/airflow/example_dags/example_external_task_marker_dag.py for tasks to queue
[2023-11-01T14:04:37.382+0000] {logging_mixin.py:120} INFO - [2023-11-01T14:04:37.381+0000] {dagbag.py:537} INFO - Filling up the DagBag from /home/airflow/.local/lib/python3.7/site-packages/airflow/example_dags/example_external_task_marker_dag.py
[2023-11-01T14:04:37.400+0000] {processor.py:766} INFO - DAG(s) dict_keys(['example_external_task_marker_child', 'example_external_task_marker_parent']) retrieved from /home/airflow/.local/lib/python3.7/site-packages/airflow/example_dags/example_external_task_marker_dag.py
[2023-11-01T14:04:37.774+0000] {logging_mixin.py:120} INFO - [2023-11-01T14:04:37.774+0000] {dag.py:2585} INFO - Sync 2 DAGs
[2023-11-01T14:04:37.817+0000] {logging_mixin.py:120} INFO - [2023-11-01T14:04:37.816+0000] {dag.py:3340} INFO - Setting next_dagrun for example_external_task_marker_child to None, run_after=None
[2023-11-01T14:04:37.822+0000] {logging_mixin.py:120} INFO - [2023-11-01T14:04:37.822+0000] {dag.py:3340} INFO - Setting next_dagrun for example_external_task_marker_parent to None, run_after=None
[2023-11-01T14:04:37.860+0000] {processor.py:176} INFO - Processing /home/airflow/.local/lib/python3.7/site-packages/airflow/example_dags/example_external_task_marker_dag.py took 0.485 seconds
[2023-11-01T14:05:07.951+0000] {processor.py:154} INFO - Started process (PID=766) to work on /home/airflow/.local/lib/python3.7/site-packages/airflow/example_dags/example_external_task_marker_dag.py
[2023-11-01T14:05:07.953+0000] {processor.py:756} INFO - Processing file /home/airflow/.local/lib/python3.7/site-packages/airflow/example_dags/example_external_task_marker_dag.py for tasks to queue
[2023-11-01T14:05:07.954+0000] {logging_mixin.py:120} INFO - [2023-11-01T14:05:07.954+0000] {dagbag.py:537} INFO - Filling up the DagBag from /home/airflow/.local/lib/python3.7/site-packages/airflow/example_dags/example_external_task_marker_dag.py
[2023-11-01T14:05:07.969+0000] {processor.py:766} INFO - DAG(s) dict_keys(['example_external_task_marker_parent', 'example_external_task_marker_child']) retrieved from /home/airflow/.local/lib/python3.7/site-packages/airflow/example_dags/example_external_task_marker_dag.py
[2023-11-01T14:05:08.356+0000] {logging_mixin.py:120} INFO - [2023-11-01T14:05:08.355+0000] {dag.py:2585} INFO - Sync 2 DAGs
[2023-11-01T14:05:08.401+0000] {logging_mixin.py:120} INFO - [2023-11-01T14:05:08.401+0000] {dag.py:3340} INFO - Setting next_dagrun for example_external_task_marker_child to None, run_after=None
[2023-11-01T14:05:08.407+0000] {logging_mixin.py:120} INFO - [2023-11-01T14:05:08.406+0000] {dag.py:3340} INFO - Setting next_dagrun for example_external_task_marker_parent to None, run_after=None
[2023-11-01T14:05:08.467+0000] {processor.py:176} INFO - Processing /home/airflow/.local/lib/python3.7/site-packages/airflow/example_dags/example_external_task_marker_dag.py took 0.519 seconds
[2023-11-01T14:05:38.718+0000] {processor.py:154} INFO - Started process (PID=831) to work on /home/airflow/.local/lib/python3.7/site-packages/airflow/example_dags/example_external_task_marker_dag.py
[2023-11-01T14:05:38.720+0000] {processor.py:756} INFO - Processing file /home/airflow/.local/lib/python3.7/site-packages/airflow/example_dags/example_external_task_marker_dag.py for tasks to queue
[2023-11-01T14:05:38.721+0000] {logging_mixin.py:120} INFO - [2023-11-01T14:05:38.721+0000] {dagbag.py:537} INFO - Filling up the DagBag from /home/airflow/.local/lib/python3.7/site-packages/airflow/example_dags/example_external_task_marker_dag.py
[2023-11-01T14:05:38.779+0000] {processor.py:766} INFO - DAG(s) dict_keys(['example_external_task_marker_parent', 'example_external_task_marker_child']) retrieved from /home/airflow/.local/lib/python3.7/site-packages/airflow/example_dags/example_external_task_marker_dag.py
[2023-11-01T14:05:39.260+0000] {logging_mixin.py:120} INFO - [2023-11-01T14:05:39.259+0000] {dag.py:2585} INFO - Sync 2 DAGs
[2023-11-01T14:05:39.321+0000] {logging_mixin.py:120} INFO - [2023-11-01T14:05:39.321+0000] {dag.py:3340} INFO - Setting next_dagrun for example_external_task_marker_child to None, run_after=None
[2023-11-01T14:05:39.343+0000] {logging_mixin.py:120} INFO - [2023-11-01T14:05:39.342+0000] {dag.py:3340} INFO - Setting next_dagrun for example_external_task_marker_parent to None, run_after=None
[2023-11-01T14:05:39.393+0000] {processor.py:176} INFO - Processing /home/airflow/.local/lib/python3.7/site-packages/airflow/example_dags/example_external_task_marker_dag.py took 0.677 seconds
[2023-11-01T14:06:10.320+0000] {processor.py:154} INFO - Started process (PID=888) to work on /home/airflow/.local/lib/python3.7/site-packages/airflow/example_dags/example_external_task_marker_dag.py
[2023-11-01T14:06:10.324+0000] {processor.py:756} INFO - Processing file /home/airflow/.local/lib/python3.7/site-packages/airflow/example_dags/example_external_task_marker_dag.py for tasks to queue
[2023-11-01T14:06:10.326+0000] {logging_mixin.py:120} INFO - [2023-11-01T14:06:10.325+0000] {dagbag.py:537} INFO - Filling up the DagBag from /home/airflow/.local/lib/python3.7/site-packages/airflow/example_dags/example_external_task_marker_dag.py
[2023-11-01T14:06:10.353+0000] {processor.py:766} INFO - DAG(s) dict_keys(['example_external_task_marker_parent', 'example_external_task_marker_child']) retrieved from /home/airflow/.local/lib/python3.7/site-packages/airflow/example_dags/example_external_task_marker_dag.py
[2023-11-01T14:06:10.648+0000] {logging_mixin.py:120} INFO - [2023-11-01T14:06:10.648+0000] {dag.py:2585} INFO - Sync 2 DAGs
[2023-11-01T14:06:10.680+0000] {logging_mixin.py:120} INFO - [2023-11-01T14:06:10.680+0000] {dag.py:3340} INFO - Setting next_dagrun for example_external_task_marker_child to None, run_after=None
[2023-11-01T14:06:10.685+0000] {logging_mixin.py:120} INFO - [2023-11-01T14:06:10.685+0000] {dag.py:3340} INFO - Setting next_dagrun for example_external_task_marker_parent to None, run_after=None
[2023-11-01T14:06:10.714+0000] {processor.py:176} INFO - Processing /home/airflow/.local/lib/python3.7/site-packages/airflow/example_dags/example_external_task_marker_dag.py took 0.397 seconds
[2023-11-01T14:06:40.798+0000] {processor.py:154} INFO - Started process (PID=954) to work on /home/airflow/.local/lib/python3.7/site-packages/airflow/example_dags/example_external_task_marker_dag.py
[2023-11-01T14:06:40.800+0000] {processor.py:756} INFO - Processing file /home/airflow/.local/lib/python3.7/site-packages/airflow/example_dags/example_external_task_marker_dag.py for tasks to queue
[2023-11-01T14:06:40.802+0000] {logging_mixin.py:120} INFO - [2023-11-01T14:06:40.802+0000] {dagbag.py:537} INFO - Filling up the DagBag from /home/airflow/.local/lib/python3.7/site-packages/airflow/example_dags/example_external_task_marker_dag.py
[2023-11-01T14:06:40.821+0000] {processor.py:766} INFO - DAG(s) dict_keys(['example_external_task_marker_child', 'example_external_task_marker_parent']) retrieved from /home/airflow/.local/lib/python3.7/site-packages/airflow/example_dags/example_external_task_marker_dag.py
[2023-11-01T14:06:41.163+0000] {logging_mixin.py:120} INFO - [2023-11-01T14:06:41.163+0000] {dag.py:2585} INFO - Sync 2 DAGs
[2023-11-01T14:06:41.197+0000] {logging_mixin.py:120} INFO - [2023-11-01T14:06:41.197+0000] {dag.py:3340} INFO - Setting next_dagrun for example_external_task_marker_child to None, run_after=None
[2023-11-01T14:06:41.204+0000] {logging_mixin.py:120} INFO - [2023-11-01T14:06:41.203+0000] {dag.py:3340} INFO - Setting next_dagrun for example_external_task_marker_parent to None, run_after=None
[2023-11-01T14:06:41.236+0000] {processor.py:176} INFO - Processing /home/airflow/.local/lib/python3.7/site-packages/airflow/example_dags/example_external_task_marker_dag.py took 0.442 seconds
[2023-11-01T14:07:11.380+0000] {processor.py:154} INFO - Started process (PID=1010) to work on /home/airflow/.local/lib/python3.7/site-packages/airflow/example_dags/example_external_task_marker_dag.py
[2023-11-01T14:07:11.383+0000] {processor.py:756} INFO - Processing file /home/airflow/.local/lib/python3.7/site-packages/airflow/example_dags/example_external_task_marker_dag.py for tasks to queue
[2023-11-01T14:07:11.388+0000] {logging_mixin.py:120} INFO - [2023-11-01T14:07:11.388+0000] {dagbag.py:537} INFO - Filling up the DagBag from /home/airflow/.local/lib/python3.7/site-packages/airflow/example_dags/example_external_task_marker_dag.py
[2023-11-01T14:07:11.405+0000] {processor.py:766} INFO - DAG(s) dict_keys(['example_external_task_marker_parent', 'example_external_task_marker_child']) retrieved from /home/airflow/.local/lib/python3.7/site-packages/airflow/example_dags/example_external_task_marker_dag.py
[2023-11-01T14:07:11.811+0000] {logging_mixin.py:120} INFO - [2023-11-01T14:07:11.811+0000] {dag.py:2585} INFO - Sync 2 DAGs
[2023-11-01T14:07:11.847+0000] {logging_mixin.py:120} INFO - [2023-11-01T14:07:11.847+0000] {dag.py:3340} INFO - Setting next_dagrun for example_external_task_marker_child to None, run_after=None
[2023-11-01T14:07:11.853+0000] {logging_mixin.py:120} INFO - [2023-11-01T14:07:11.853+0000] {dag.py:3340} INFO - Setting next_dagrun for example_external_task_marker_parent to None, run_after=None
[2023-11-01T14:07:11.881+0000] {processor.py:176} INFO - Processing /home/airflow/.local/lib/python3.7/site-packages/airflow/example_dags/example_external_task_marker_dag.py took 0.504 seconds
