[2023-11-01T13:59:16.817+0000] {processor.py:154} INFO - Started process (PID=58) to work on /home/airflow/.local/lib/python3.7/site-packages/airflow/example_dags/example_branch_datetime_operator.py
[2023-11-01T13:59:16.820+0000] {processor.py:756} INFO - Processing file /home/airflow/.local/lib/python3.7/site-packages/airflow/example_dags/example_branch_datetime_operator.py for tasks to queue
[2023-11-01T13:59:16.824+0000] {logging_mixin.py:120} INFO - [2023-11-01T13:59:16.823+0000] {dagbag.py:537} INFO - Filling up the DagBag from /home/airflow/.local/lib/python3.7/site-packages/airflow/example_dags/example_branch_datetime_operator.py
[2023-11-01T13:59:16.890+0000] {processor.py:766} INFO - DAG(s) dict_keys(['example_branch_datetime_operator_2', 'example_branch_datetime_operator', 'example_branch_datetime_operator_3']) retrieved from /home/airflow/.local/lib/python3.7/site-packages/airflow/example_dags/example_branch_datetime_operator.py
[2023-11-01T13:59:16.978+0000] {logging_mixin.py:120} INFO - [2023-11-01T13:59:16.978+0000] {dag.py:2585} INFO - Sync 3 DAGs
[2023-11-01T13:59:17.045+0000] {logging_mixin.py:120} INFO - [2023-11-01T13:59:17.045+0000] {dag.py:3340} INFO - Setting next_dagrun for example_branch_datetime_operator to 2023-10-31T00:00:00+00:00, run_after=2023-11-01T00:00:00+00:00
[2023-11-01T13:59:17.071+0000] {logging_mixin.py:120} INFO - [2023-11-01T13:59:17.067+0000] {dag.py:3340} INFO - Setting next_dagrun for example_branch_datetime_operator_2 to 2023-10-31T00:00:00+00:00, run_after=2023-11-01T00:00:00+00:00
[2023-11-01T13:59:17.077+0000] {logging_mixin.py:120} INFO - [2023-11-01T13:59:17.077+0000] {dag.py:3340} INFO - Setting next_dagrun for example_branch_datetime_operator_3 to 2023-10-31T00:00:00+00:00, run_after=2023-11-01T00:00:00+00:00
[2023-11-01T13:59:17.119+0000] {processor.py:176} INFO - Processing /home/airflow/.local/lib/python3.7/site-packages/airflow/example_dags/example_branch_datetime_operator.py took 0.308 seconds
[2023-11-01T13:59:47.222+0000] {processor.py:154} INFO - Started process (PID=122) to work on /home/airflow/.local/lib/python3.7/site-packages/airflow/example_dags/example_branch_datetime_operator.py
[2023-11-01T13:59:47.223+0000] {processor.py:756} INFO - Processing file /home/airflow/.local/lib/python3.7/site-packages/airflow/example_dags/example_branch_datetime_operator.py for tasks to queue
[2023-11-01T13:59:47.224+0000] {logging_mixin.py:120} INFO - [2023-11-01T13:59:47.224+0000] {dagbag.py:537} INFO - Filling up the DagBag from /home/airflow/.local/lib/python3.7/site-packages/airflow/example_dags/example_branch_datetime_operator.py
[2023-11-01T13:59:47.245+0000] {processor.py:766} INFO - DAG(s) dict_keys(['example_branch_datetime_operator', 'example_branch_datetime_operator_2', 'example_branch_datetime_operator_3']) retrieved from /home/airflow/.local/lib/python3.7/site-packages/airflow/example_dags/example_branch_datetime_operator.py
[2023-11-01T13:59:47.300+0000] {logging_mixin.py:120} INFO - [2023-11-01T13:59:47.300+0000] {dag.py:2585} INFO - Sync 3 DAGs
[2023-11-01T13:59:47.338+0000] {logging_mixin.py:120} INFO - [2023-11-01T13:59:47.338+0000] {dag.py:3340} INFO - Setting next_dagrun for example_branch_datetime_operator to 2023-10-31T00:00:00+00:00, run_after=2023-11-01T00:00:00+00:00
[2023-11-01T13:59:47.345+0000] {logging_mixin.py:120} INFO - [2023-11-01T13:59:47.345+0000] {dag.py:3340} INFO - Setting next_dagrun for example_branch_datetime_operator_2 to 2023-10-31T00:00:00+00:00, run_after=2023-11-01T00:00:00+00:00
[2023-11-01T13:59:47.350+0000] {logging_mixin.py:120} INFO - [2023-11-01T13:59:47.349+0000] {dag.py:3340} INFO - Setting next_dagrun for example_branch_datetime_operator_3 to 2023-10-31T00:00:00+00:00, run_after=2023-11-01T00:00:00+00:00
[2023-11-01T13:59:47.375+0000] {processor.py:176} INFO - Processing /home/airflow/.local/lib/python3.7/site-packages/airflow/example_dags/example_branch_datetime_operator.py took 0.156 seconds
[2023-11-01T14:00:17.498+0000] {processor.py:154} INFO - Started process (PID=180) to work on /home/airflow/.local/lib/python3.7/site-packages/airflow/example_dags/example_branch_datetime_operator.py
[2023-11-01T14:00:17.499+0000] {processor.py:756} INFO - Processing file /home/airflow/.local/lib/python3.7/site-packages/airflow/example_dags/example_branch_datetime_operator.py for tasks to queue
[2023-11-01T14:00:17.500+0000] {logging_mixin.py:120} INFO - [2023-11-01T14:00:17.500+0000] {dagbag.py:537} INFO - Filling up the DagBag from /home/airflow/.local/lib/python3.7/site-packages/airflow/example_dags/example_branch_datetime_operator.py
[2023-11-01T14:00:17.518+0000] {processor.py:766} INFO - DAG(s) dict_keys(['example_branch_datetime_operator_2', 'example_branch_datetime_operator', 'example_branch_datetime_operator_3']) retrieved from /home/airflow/.local/lib/python3.7/site-packages/airflow/example_dags/example_branch_datetime_operator.py
[2023-11-01T14:00:17.568+0000] {logging_mixin.py:120} INFO - [2023-11-01T14:00:17.568+0000] {dag.py:2585} INFO - Sync 3 DAGs
[2023-11-01T14:00:17.605+0000] {logging_mixin.py:120} INFO - [2023-11-01T14:00:17.605+0000] {dag.py:3340} INFO - Setting next_dagrun for example_branch_datetime_operator to 2023-10-31T00:00:00+00:00, run_after=2023-11-01T00:00:00+00:00
[2023-11-01T14:00:17.612+0000] {logging_mixin.py:120} INFO - [2023-11-01T14:00:17.611+0000] {dag.py:3340} INFO - Setting next_dagrun for example_branch_datetime_operator_2 to 2023-10-31T00:00:00+00:00, run_after=2023-11-01T00:00:00+00:00
[2023-11-01T14:00:17.616+0000] {logging_mixin.py:120} INFO - [2023-11-01T14:00:17.616+0000] {dag.py:3340} INFO - Setting next_dagrun for example_branch_datetime_operator_3 to 2023-10-31T00:00:00+00:00, run_after=2023-11-01T00:00:00+00:00
[2023-11-01T14:00:17.639+0000] {processor.py:176} INFO - Processing /home/airflow/.local/lib/python3.7/site-packages/airflow/example_dags/example_branch_datetime_operator.py took 0.144 seconds
[2023-11-01T14:00:47.813+0000] {processor.py:154} INFO - Started process (PID=246) to work on /home/airflow/.local/lib/python3.7/site-packages/airflow/example_dags/example_branch_datetime_operator.py
[2023-11-01T14:00:47.814+0000] {processor.py:756} INFO - Processing file /home/airflow/.local/lib/python3.7/site-packages/airflow/example_dags/example_branch_datetime_operator.py for tasks to queue
[2023-11-01T14:00:47.815+0000] {logging_mixin.py:120} INFO - [2023-11-01T14:00:47.815+0000] {dagbag.py:537} INFO - Filling up the DagBag from /home/airflow/.local/lib/python3.7/site-packages/airflow/example_dags/example_branch_datetime_operator.py
[2023-11-01T14:00:47.835+0000] {processor.py:766} INFO - DAG(s) dict_keys(['example_branch_datetime_operator', 'example_branch_datetime_operator_3', 'example_branch_datetime_operator_2']) retrieved from /home/airflow/.local/lib/python3.7/site-packages/airflow/example_dags/example_branch_datetime_operator.py
[2023-11-01T14:00:47.889+0000] {logging_mixin.py:120} INFO - [2023-11-01T14:00:47.889+0000] {dag.py:2585} INFO - Sync 3 DAGs
[2023-11-01T14:00:47.926+0000] {logging_mixin.py:120} INFO - [2023-11-01T14:00:47.926+0000] {dag.py:3340} INFO - Setting next_dagrun for example_branch_datetime_operator to 2023-10-31T00:00:00+00:00, run_after=2023-11-01T00:00:00+00:00
[2023-11-01T14:00:47.932+0000] {logging_mixin.py:120} INFO - [2023-11-01T14:00:47.932+0000] {dag.py:3340} INFO - Setting next_dagrun for example_branch_datetime_operator_2 to 2023-10-31T00:00:00+00:00, run_after=2023-11-01T00:00:00+00:00
[2023-11-01T14:00:47.936+0000] {logging_mixin.py:120} INFO - [2023-11-01T14:00:47.936+0000] {dag.py:3340} INFO - Setting next_dagrun for example_branch_datetime_operator_3 to 2023-10-31T00:00:00+00:00, run_after=2023-11-01T00:00:00+00:00
[2023-11-01T14:00:47.963+0000] {processor.py:176} INFO - Processing /home/airflow/.local/lib/python3.7/site-packages/airflow/example_dags/example_branch_datetime_operator.py took 0.153 seconds
[2023-11-01T14:01:21.276+0000] {processor.py:154} INFO - Started process (PID=312) to work on /home/airflow/.local/lib/python3.7/site-packages/airflow/example_dags/example_branch_datetime_operator.py
[2023-11-01T14:01:21.288+0000] {processor.py:756} INFO - Processing file /home/airflow/.local/lib/python3.7/site-packages/airflow/example_dags/example_branch_datetime_operator.py for tasks to queue
[2023-11-01T14:01:21.304+0000] {logging_mixin.py:120} INFO - [2023-11-01T14:01:21.304+0000] {dagbag.py:537} INFO - Filling up the DagBag from /home/airflow/.local/lib/python3.7/site-packages/airflow/example_dags/example_branch_datetime_operator.py
[2023-11-01T14:01:21.423+0000] {processor.py:766} INFO - DAG(s) dict_keys(['example_branch_datetime_operator_3', 'example_branch_datetime_operator', 'example_branch_datetime_operator_2']) retrieved from /home/airflow/.local/lib/python3.7/site-packages/airflow/example_dags/example_branch_datetime_operator.py
[2023-11-01T14:01:21.727+0000] {logging_mixin.py:120} INFO - [2023-11-01T14:01:21.726+0000] {dag.py:2585} INFO - Sync 3 DAGs
[2023-11-01T14:01:21.858+0000] {logging_mixin.py:120} INFO - [2023-11-01T14:01:21.858+0000] {dag.py:3340} INFO - Setting next_dagrun for example_branch_datetime_operator to 2023-10-31T00:00:00+00:00, run_after=2023-11-01T00:00:00+00:00
[2023-11-01T14:01:21.889+0000] {logging_mixin.py:120} INFO - [2023-11-01T14:01:21.878+0000] {dag.py:3340} INFO - Setting next_dagrun for example_branch_datetime_operator_2 to 2023-10-31T00:00:00+00:00, run_after=2023-11-01T00:00:00+00:00
[2023-11-01T14:01:21.905+0000] {logging_mixin.py:120} INFO - [2023-11-01T14:01:21.894+0000] {dag.py:3340} INFO - Setting next_dagrun for example_branch_datetime_operator_3 to 2023-10-31T00:00:00+00:00, run_after=2023-11-01T00:00:00+00:00
[2023-11-01T14:01:22.061+0000] {processor.py:176} INFO - Processing /home/airflow/.local/lib/python3.7/site-packages/airflow/example_dags/example_branch_datetime_operator.py took 0.867 seconds
[2023-11-01T14:01:52.198+0000] {processor.py:154} INFO - Started process (PID=369) to work on /home/airflow/.local/lib/python3.7/site-packages/airflow/example_dags/example_branch_datetime_operator.py
[2023-11-01T14:01:52.199+0000] {processor.py:756} INFO - Processing file /home/airflow/.local/lib/python3.7/site-packages/airflow/example_dags/example_branch_datetime_operator.py for tasks to queue
[2023-11-01T14:01:52.200+0000] {logging_mixin.py:120} INFO - [2023-11-01T14:01:52.200+0000] {dagbag.py:537} INFO - Filling up the DagBag from /home/airflow/.local/lib/python3.7/site-packages/airflow/example_dags/example_branch_datetime_operator.py
[2023-11-01T14:01:52.227+0000] {processor.py:766} INFO - DAG(s) dict_keys(['example_branch_datetime_operator_3', 'example_branch_datetime_operator', 'example_branch_datetime_operator_2']) retrieved from /home/airflow/.local/lib/python3.7/site-packages/airflow/example_dags/example_branch_datetime_operator.py
[2023-11-01T14:01:52.301+0000] {logging_mixin.py:120} INFO - [2023-11-01T14:01:52.301+0000] {dag.py:2585} INFO - Sync 3 DAGs
[2023-11-01T14:01:52.339+0000] {logging_mixin.py:120} INFO - [2023-11-01T14:01:52.338+0000] {dag.py:3340} INFO - Setting next_dagrun for example_branch_datetime_operator to 2023-10-31T00:00:00+00:00, run_after=2023-11-01T00:00:00+00:00
[2023-11-01T14:01:52.346+0000] {logging_mixin.py:120} INFO - [2023-11-01T14:01:52.345+0000] {dag.py:3340} INFO - Setting next_dagrun for example_branch_datetime_operator_2 to 2023-10-31T00:00:00+00:00, run_after=2023-11-01T00:00:00+00:00
[2023-11-01T14:01:52.350+0000] {logging_mixin.py:120} INFO - [2023-11-01T14:01:52.349+0000] {dag.py:3340} INFO - Setting next_dagrun for example_branch_datetime_operator_3 to 2023-10-31T00:00:00+00:00, run_after=2023-11-01T00:00:00+00:00
[2023-11-01T14:01:52.376+0000] {processor.py:176} INFO - Processing /home/airflow/.local/lib/python3.7/site-packages/airflow/example_dags/example_branch_datetime_operator.py took 0.181 seconds
[2023-11-01T14:02:22.613+0000] {processor.py:154} INFO - Started process (PID=425) to work on /home/airflow/.local/lib/python3.7/site-packages/airflow/example_dags/example_branch_datetime_operator.py
[2023-11-01T14:02:22.618+0000] {processor.py:756} INFO - Processing file /home/airflow/.local/lib/python3.7/site-packages/airflow/example_dags/example_branch_datetime_operator.py for tasks to queue
[2023-11-01T14:02:22.620+0000] {logging_mixin.py:120} INFO - [2023-11-01T14:02:22.620+0000] {dagbag.py:537} INFO - Filling up the DagBag from /home/airflow/.local/lib/python3.7/site-packages/airflow/example_dags/example_branch_datetime_operator.py
[2023-11-01T14:02:22.650+0000] {processor.py:766} INFO - DAG(s) dict_keys(['example_branch_datetime_operator', 'example_branch_datetime_operator_2', 'example_branch_datetime_operator_3']) retrieved from /home/airflow/.local/lib/python3.7/site-packages/airflow/example_dags/example_branch_datetime_operator.py
[2023-11-01T14:02:22.713+0000] {logging_mixin.py:120} INFO - [2023-11-01T14:02:22.713+0000] {dag.py:2585} INFO - Sync 3 DAGs
[2023-11-01T14:02:22.753+0000] {logging_mixin.py:120} INFO - [2023-11-01T14:02:22.753+0000] {dag.py:3340} INFO - Setting next_dagrun for example_branch_datetime_operator to 2023-10-31T00:00:00+00:00, run_after=2023-11-01T00:00:00+00:00
[2023-11-01T14:02:22.764+0000] {logging_mixin.py:120} INFO - [2023-11-01T14:02:22.763+0000] {dag.py:3340} INFO - Setting next_dagrun for example_branch_datetime_operator_2 to 2023-10-31T00:00:00+00:00, run_after=2023-11-01T00:00:00+00:00
[2023-11-01T14:02:22.768+0000] {logging_mixin.py:120} INFO - [2023-11-01T14:02:22.767+0000] {dag.py:3340} INFO - Setting next_dagrun for example_branch_datetime_operator_3 to 2023-10-31T00:00:00+00:00, run_after=2023-11-01T00:00:00+00:00
[2023-11-01T14:02:22.797+0000] {processor.py:176} INFO - Processing /home/airflow/.local/lib/python3.7/site-packages/airflow/example_dags/example_branch_datetime_operator.py took 0.187 seconds
[2023-11-01T14:02:52.954+0000] {processor.py:154} INFO - Started process (PID=490) to work on /home/airflow/.local/lib/python3.7/site-packages/airflow/example_dags/example_branch_datetime_operator.py
[2023-11-01T14:02:52.955+0000] {processor.py:756} INFO - Processing file /home/airflow/.local/lib/python3.7/site-packages/airflow/example_dags/example_branch_datetime_operator.py for tasks to queue
[2023-11-01T14:02:52.957+0000] {logging_mixin.py:120} INFO - [2023-11-01T14:02:52.956+0000] {dagbag.py:537} INFO - Filling up the DagBag from /home/airflow/.local/lib/python3.7/site-packages/airflow/example_dags/example_branch_datetime_operator.py
[2023-11-01T14:02:52.994+0000] {processor.py:766} INFO - DAG(s) dict_keys(['example_branch_datetime_operator', 'example_branch_datetime_operator_3', 'example_branch_datetime_operator_2']) retrieved from /home/airflow/.local/lib/python3.7/site-packages/airflow/example_dags/example_branch_datetime_operator.py
[2023-11-01T14:02:53.055+0000] {logging_mixin.py:120} INFO - [2023-11-01T14:02:53.055+0000] {dag.py:2585} INFO - Sync 3 DAGs
[2023-11-01T14:02:53.100+0000] {logging_mixin.py:120} INFO - [2023-11-01T14:02:53.100+0000] {dag.py:3340} INFO - Setting next_dagrun for example_branch_datetime_operator to 2023-10-31T00:00:00+00:00, run_after=2023-11-01T00:00:00+00:00
[2023-11-01T14:02:53.111+0000] {logging_mixin.py:120} INFO - [2023-11-01T14:02:53.111+0000] {dag.py:3340} INFO - Setting next_dagrun for example_branch_datetime_operator_2 to 2023-10-31T00:00:00+00:00, run_after=2023-11-01T00:00:00+00:00
[2023-11-01T14:02:53.115+0000] {logging_mixin.py:120} INFO - [2023-11-01T14:02:53.115+0000] {dag.py:3340} INFO - Setting next_dagrun for example_branch_datetime_operator_3 to 2023-10-31T00:00:00+00:00, run_after=2023-11-01T00:00:00+00:00
[2023-11-01T14:02:53.154+0000] {processor.py:176} INFO - Processing /home/airflow/.local/lib/python3.7/site-packages/airflow/example_dags/example_branch_datetime_operator.py took 0.205 seconds
[2023-11-01T14:03:23.252+0000] {processor.py:154} INFO - Started process (PID=546) to work on /home/airflow/.local/lib/python3.7/site-packages/airflow/example_dags/example_branch_datetime_operator.py
[2023-11-01T14:03:23.254+0000] {processor.py:756} INFO - Processing file /home/airflow/.local/lib/python3.7/site-packages/airflow/example_dags/example_branch_datetime_operator.py for tasks to queue
[2023-11-01T14:03:23.255+0000] {logging_mixin.py:120} INFO - [2023-11-01T14:03:23.255+0000] {dagbag.py:537} INFO - Filling up the DagBag from /home/airflow/.local/lib/python3.7/site-packages/airflow/example_dags/example_branch_datetime_operator.py
[2023-11-01T14:03:23.278+0000] {processor.py:766} INFO - DAG(s) dict_keys(['example_branch_datetime_operator_2', 'example_branch_datetime_operator', 'example_branch_datetime_operator_3']) retrieved from /home/airflow/.local/lib/python3.7/site-packages/airflow/example_dags/example_branch_datetime_operator.py
[2023-11-01T14:03:23.337+0000] {logging_mixin.py:120} INFO - [2023-11-01T14:03:23.337+0000] {dag.py:2585} INFO - Sync 3 DAGs
[2023-11-01T14:03:23.381+0000] {logging_mixin.py:120} INFO - [2023-11-01T14:03:23.380+0000] {dag.py:3340} INFO - Setting next_dagrun for example_branch_datetime_operator to 2023-10-31T00:00:00+00:00, run_after=2023-11-01T00:00:00+00:00
[2023-11-01T14:03:23.387+0000] {logging_mixin.py:120} INFO - [2023-11-01T14:03:23.387+0000] {dag.py:3340} INFO - Setting next_dagrun for example_branch_datetime_operator_2 to 2023-10-31T00:00:00+00:00, run_after=2023-11-01T00:00:00+00:00
[2023-11-01T14:03:23.394+0000] {logging_mixin.py:120} INFO - [2023-11-01T14:03:23.394+0000] {dag.py:3340} INFO - Setting next_dagrun for example_branch_datetime_operator_3 to 2023-10-31T00:00:00+00:00, run_after=2023-11-01T00:00:00+00:00
[2023-11-01T14:03:23.423+0000] {processor.py:176} INFO - Processing /home/airflow/.local/lib/python3.7/site-packages/airflow/example_dags/example_branch_datetime_operator.py took 0.173 seconds
[2023-11-01T14:03:53.472+0000] {processor.py:154} INFO - Started process (PID=612) to work on /home/airflow/.local/lib/python3.7/site-packages/airflow/example_dags/example_branch_datetime_operator.py
[2023-11-01T14:03:53.473+0000] {processor.py:756} INFO - Processing file /home/airflow/.local/lib/python3.7/site-packages/airflow/example_dags/example_branch_datetime_operator.py for tasks to queue
[2023-11-01T14:03:53.474+0000] {logging_mixin.py:120} INFO - [2023-11-01T14:03:53.474+0000] {dagbag.py:537} INFO - Filling up the DagBag from /home/airflow/.local/lib/python3.7/site-packages/airflow/example_dags/example_branch_datetime_operator.py
[2023-11-01T14:03:53.499+0000] {processor.py:766} INFO - DAG(s) dict_keys(['example_branch_datetime_operator', 'example_branch_datetime_operator_3', 'example_branch_datetime_operator_2']) retrieved from /home/airflow/.local/lib/python3.7/site-packages/airflow/example_dags/example_branch_datetime_operator.py
[2023-11-01T14:03:53.556+0000] {logging_mixin.py:120} INFO - [2023-11-01T14:03:53.555+0000] {dag.py:2585} INFO - Sync 3 DAGs
[2023-11-01T14:03:53.592+0000] {logging_mixin.py:120} INFO - [2023-11-01T14:03:53.592+0000] {dag.py:3340} INFO - Setting next_dagrun for example_branch_datetime_operator to 2023-10-31T00:00:00+00:00, run_after=2023-11-01T00:00:00+00:00
[2023-11-01T14:03:53.600+0000] {logging_mixin.py:120} INFO - [2023-11-01T14:03:53.600+0000] {dag.py:3340} INFO - Setting next_dagrun for example_branch_datetime_operator_2 to 2023-10-31T00:00:00+00:00, run_after=2023-11-01T00:00:00+00:00
[2023-11-01T14:03:53.604+0000] {logging_mixin.py:120} INFO - [2023-11-01T14:03:53.604+0000] {dag.py:3340} INFO - Setting next_dagrun for example_branch_datetime_operator_3 to 2023-10-31T00:00:00+00:00, run_after=2023-11-01T00:00:00+00:00
[2023-11-01T14:03:53.634+0000] {processor.py:176} INFO - Processing /home/airflow/.local/lib/python3.7/site-packages/airflow/example_dags/example_branch_datetime_operator.py took 0.165 seconds
[2023-11-01T14:04:24.268+0000] {processor.py:154} INFO - Started process (PID=668) to work on /home/airflow/.local/lib/python3.7/site-packages/airflow/example_dags/example_branch_datetime_operator.py
[2023-11-01T14:04:24.269+0000] {processor.py:756} INFO - Processing file /home/airflow/.local/lib/python3.7/site-packages/airflow/example_dags/example_branch_datetime_operator.py for tasks to queue
[2023-11-01T14:04:24.270+0000] {logging_mixin.py:120} INFO - [2023-11-01T14:04:24.270+0000] {dagbag.py:537} INFO - Filling up the DagBag from /home/airflow/.local/lib/python3.7/site-packages/airflow/example_dags/example_branch_datetime_operator.py
[2023-11-01T14:04:24.293+0000] {processor.py:766} INFO - DAG(s) dict_keys(['example_branch_datetime_operator_3', 'example_branch_datetime_operator', 'example_branch_datetime_operator_2']) retrieved from /home/airflow/.local/lib/python3.7/site-packages/airflow/example_dags/example_branch_datetime_operator.py
[2023-11-01T14:04:24.352+0000] {logging_mixin.py:120} INFO - [2023-11-01T14:04:24.351+0000] {dag.py:2585} INFO - Sync 3 DAGs
[2023-11-01T14:04:24.387+0000] {logging_mixin.py:120} INFO - [2023-11-01T14:04:24.387+0000] {dag.py:3340} INFO - Setting next_dagrun for example_branch_datetime_operator to 2023-10-31T00:00:00+00:00, run_after=2023-11-01T00:00:00+00:00
[2023-11-01T14:04:24.398+0000] {logging_mixin.py:120} INFO - [2023-11-01T14:04:24.398+0000] {dag.py:3340} INFO - Setting next_dagrun for example_branch_datetime_operator_2 to 2023-10-31T00:00:00+00:00, run_after=2023-11-01T00:00:00+00:00
[2023-11-01T14:04:24.403+0000] {logging_mixin.py:120} INFO - [2023-11-01T14:04:24.402+0000] {dag.py:3340} INFO - Setting next_dagrun for example_branch_datetime_operator_3 to 2023-10-31T00:00:00+00:00, run_after=2023-11-01T00:00:00+00:00
[2023-11-01T14:04:24.434+0000] {processor.py:176} INFO - Processing /home/airflow/.local/lib/python3.7/site-packages/airflow/example_dags/example_branch_datetime_operator.py took 0.171 seconds
[2023-11-01T14:04:55.260+0000] {processor.py:154} INFO - Started process (PID=734) to work on /home/airflow/.local/lib/python3.7/site-packages/airflow/example_dags/example_branch_datetime_operator.py
[2023-11-01T14:04:55.262+0000] {processor.py:756} INFO - Processing file /home/airflow/.local/lib/python3.7/site-packages/airflow/example_dags/example_branch_datetime_operator.py for tasks to queue
[2023-11-01T14:04:55.264+0000] {logging_mixin.py:120} INFO - [2023-11-01T14:04:55.263+0000] {dagbag.py:537} INFO - Filling up the DagBag from /home/airflow/.local/lib/python3.7/site-packages/airflow/example_dags/example_branch_datetime_operator.py
[2023-11-01T14:04:55.290+0000] {processor.py:766} INFO - DAG(s) dict_keys(['example_branch_datetime_operator', 'example_branch_datetime_operator_2', 'example_branch_datetime_operator_3']) retrieved from /home/airflow/.local/lib/python3.7/site-packages/airflow/example_dags/example_branch_datetime_operator.py
[2023-11-01T14:04:55.348+0000] {logging_mixin.py:120} INFO - [2023-11-01T14:04:55.348+0000] {dag.py:2585} INFO - Sync 3 DAGs
[2023-11-01T14:04:55.383+0000] {logging_mixin.py:120} INFO - [2023-11-01T14:04:55.383+0000] {dag.py:3340} INFO - Setting next_dagrun for example_branch_datetime_operator to 2023-10-31T00:00:00+00:00, run_after=2023-11-01T00:00:00+00:00
[2023-11-01T14:04:55.390+0000] {logging_mixin.py:120} INFO - [2023-11-01T14:04:55.390+0000] {dag.py:3340} INFO - Setting next_dagrun for example_branch_datetime_operator_2 to 2023-10-31T00:00:00+00:00, run_after=2023-11-01T00:00:00+00:00
[2023-11-01T14:04:55.394+0000] {logging_mixin.py:120} INFO - [2023-11-01T14:04:55.393+0000] {dag.py:3340} INFO - Setting next_dagrun for example_branch_datetime_operator_3 to 2023-10-31T00:00:00+00:00, run_after=2023-11-01T00:00:00+00:00
[2023-11-01T14:04:55.420+0000] {processor.py:176} INFO - Processing /home/airflow/.local/lib/python3.7/site-packages/airflow/example_dags/example_branch_datetime_operator.py took 0.163 seconds
[2023-11-01T14:05:25.650+0000] {processor.py:154} INFO - Started process (PID=790) to work on /home/airflow/.local/lib/python3.7/site-packages/airflow/example_dags/example_branch_datetime_operator.py
[2023-11-01T14:05:25.652+0000] {processor.py:756} INFO - Processing file /home/airflow/.local/lib/python3.7/site-packages/airflow/example_dags/example_branch_datetime_operator.py for tasks to queue
[2023-11-01T14:05:25.653+0000] {logging_mixin.py:120} INFO - [2023-11-01T14:05:25.653+0000] {dagbag.py:537} INFO - Filling up the DagBag from /home/airflow/.local/lib/python3.7/site-packages/airflow/example_dags/example_branch_datetime_operator.py
[2023-11-01T14:05:25.687+0000] {processor.py:766} INFO - DAG(s) dict_keys(['example_branch_datetime_operator_2', 'example_branch_datetime_operator', 'example_branch_datetime_operator_3']) retrieved from /home/airflow/.local/lib/python3.7/site-packages/airflow/example_dags/example_branch_datetime_operator.py
[2023-11-01T14:05:25.799+0000] {logging_mixin.py:120} INFO - [2023-11-01T14:05:25.799+0000] {dag.py:2585} INFO - Sync 3 DAGs
[2023-11-01T14:05:25.841+0000] {logging_mixin.py:120} INFO - [2023-11-01T14:05:25.841+0000] {dag.py:3340} INFO - Setting next_dagrun for example_branch_datetime_operator to 2023-10-31T00:00:00+00:00, run_after=2023-11-01T00:00:00+00:00
[2023-11-01T14:05:25.851+0000] {logging_mixin.py:120} INFO - [2023-11-01T14:05:25.850+0000] {dag.py:3340} INFO - Setting next_dagrun for example_branch_datetime_operator_2 to 2023-10-31T00:00:00+00:00, run_after=2023-11-01T00:00:00+00:00
[2023-11-01T14:05:25.855+0000] {logging_mixin.py:120} INFO - [2023-11-01T14:05:25.855+0000] {dag.py:3340} INFO - Setting next_dagrun for example_branch_datetime_operator_3 to 2023-10-31T00:00:00+00:00, run_after=2023-11-01T00:00:00+00:00
[2023-11-01T14:05:25.886+0000] {processor.py:176} INFO - Processing /home/airflow/.local/lib/python3.7/site-packages/airflow/example_dags/example_branch_datetime_operator.py took 0.239 seconds
[2023-11-01T14:05:56.672+0000] {processor.py:154} INFO - Started process (PID=855) to work on /home/airflow/.local/lib/python3.7/site-packages/airflow/example_dags/example_branch_datetime_operator.py
[2023-11-01T14:05:56.673+0000] {processor.py:756} INFO - Processing file /home/airflow/.local/lib/python3.7/site-packages/airflow/example_dags/example_branch_datetime_operator.py for tasks to queue
[2023-11-01T14:05:56.675+0000] {logging_mixin.py:120} INFO - [2023-11-01T14:05:56.675+0000] {dagbag.py:537} INFO - Filling up the DagBag from /home/airflow/.local/lib/python3.7/site-packages/airflow/example_dags/example_branch_datetime_operator.py
[2023-11-01T14:05:56.704+0000] {processor.py:766} INFO - DAG(s) dict_keys(['example_branch_datetime_operator', 'example_branch_datetime_operator_2', 'example_branch_datetime_operator_3']) retrieved from /home/airflow/.local/lib/python3.7/site-packages/airflow/example_dags/example_branch_datetime_operator.py
[2023-11-01T14:05:56.756+0000] {logging_mixin.py:120} INFO - [2023-11-01T14:05:56.756+0000] {dag.py:2585} INFO - Sync 3 DAGs
[2023-11-01T14:05:56.794+0000] {logging_mixin.py:120} INFO - [2023-11-01T14:05:56.793+0000] {dag.py:3340} INFO - Setting next_dagrun for example_branch_datetime_operator to 2023-10-31T00:00:00+00:00, run_after=2023-11-01T00:00:00+00:00
[2023-11-01T14:05:56.804+0000] {logging_mixin.py:120} INFO - [2023-11-01T14:05:56.804+0000] {dag.py:3340} INFO - Setting next_dagrun for example_branch_datetime_operator_2 to 2023-10-31T00:00:00+00:00, run_after=2023-11-01T00:00:00+00:00
[2023-11-01T14:05:56.809+0000] {logging_mixin.py:120} INFO - [2023-11-01T14:05:56.809+0000] {dag.py:3340} INFO - Setting next_dagrun for example_branch_datetime_operator_3 to 2023-10-31T00:00:00+00:00, run_after=2023-11-01T00:00:00+00:00
[2023-11-01T14:05:56.889+0000] {processor.py:176} INFO - Processing /home/airflow/.local/lib/python3.7/site-packages/airflow/example_dags/example_branch_datetime_operator.py took 0.220 seconds
[2023-11-01T14:06:27.116+0000] {processor.py:154} INFO - Started process (PID=921) to work on /home/airflow/.local/lib/python3.7/site-packages/airflow/example_dags/example_branch_datetime_operator.py
[2023-11-01T14:06:27.118+0000] {processor.py:756} INFO - Processing file /home/airflow/.local/lib/python3.7/site-packages/airflow/example_dags/example_branch_datetime_operator.py for tasks to queue
[2023-11-01T14:06:27.127+0000] {logging_mixin.py:120} INFO - [2023-11-01T14:06:27.127+0000] {dagbag.py:537} INFO - Filling up the DagBag from /home/airflow/.local/lib/python3.7/site-packages/airflow/example_dags/example_branch_datetime_operator.py
[2023-11-01T14:06:27.170+0000] {processor.py:766} INFO - DAG(s) dict_keys(['example_branch_datetime_operator_2', 'example_branch_datetime_operator', 'example_branch_datetime_operator_3']) retrieved from /home/airflow/.local/lib/python3.7/site-packages/airflow/example_dags/example_branch_datetime_operator.py
[2023-11-01T14:06:27.240+0000] {logging_mixin.py:120} INFO - [2023-11-01T14:06:27.240+0000] {dag.py:2585} INFO - Sync 3 DAGs
[2023-11-01T14:06:27.306+0000] {logging_mixin.py:120} INFO - [2023-11-01T14:06:27.306+0000] {dag.py:3340} INFO - Setting next_dagrun for example_branch_datetime_operator to 2023-10-31T00:00:00+00:00, run_after=2023-11-01T00:00:00+00:00
[2023-11-01T14:06:27.313+0000] {logging_mixin.py:120} INFO - [2023-11-01T14:06:27.313+0000] {dag.py:3340} INFO - Setting next_dagrun for example_branch_datetime_operator_2 to 2023-10-31T00:00:00+00:00, run_after=2023-11-01T00:00:00+00:00
[2023-11-01T14:06:27.322+0000] {logging_mixin.py:120} INFO - [2023-11-01T14:06:27.321+0000] {dag.py:3340} INFO - Setting next_dagrun for example_branch_datetime_operator_3 to 2023-10-31T00:00:00+00:00, run_after=2023-11-01T00:00:00+00:00
[2023-11-01T14:06:27.388+0000] {processor.py:176} INFO - Processing /home/airflow/.local/lib/python3.7/site-packages/airflow/example_dags/example_branch_datetime_operator.py took 0.275 seconds
[2023-11-01T14:06:57.703+0000] {processor.py:154} INFO - Started process (PID=977) to work on /home/airflow/.local/lib/python3.7/site-packages/airflow/example_dags/example_branch_datetime_operator.py
[2023-11-01T14:06:57.704+0000] {processor.py:756} INFO - Processing file /home/airflow/.local/lib/python3.7/site-packages/airflow/example_dags/example_branch_datetime_operator.py for tasks to queue
[2023-11-01T14:06:57.705+0000] {logging_mixin.py:120} INFO - [2023-11-01T14:06:57.705+0000] {dagbag.py:537} INFO - Filling up the DagBag from /home/airflow/.local/lib/python3.7/site-packages/airflow/example_dags/example_branch_datetime_operator.py
[2023-11-01T14:06:57.728+0000] {processor.py:766} INFO - DAG(s) dict_keys(['example_branch_datetime_operator_3', 'example_branch_datetime_operator', 'example_branch_datetime_operator_2']) retrieved from /home/airflow/.local/lib/python3.7/site-packages/airflow/example_dags/example_branch_datetime_operator.py
[2023-11-01T14:06:57.800+0000] {logging_mixin.py:120} INFO - [2023-11-01T14:06:57.800+0000] {dag.py:2585} INFO - Sync 3 DAGs
[2023-11-01T14:06:57.839+0000] {logging_mixin.py:120} INFO - [2023-11-01T14:06:57.838+0000] {dag.py:3340} INFO - Setting next_dagrun for example_branch_datetime_operator to 2023-10-31T00:00:00+00:00, run_after=2023-11-01T00:00:00+00:00
[2023-11-01T14:06:57.846+0000] {logging_mixin.py:120} INFO - [2023-11-01T14:06:57.846+0000] {dag.py:3340} INFO - Setting next_dagrun for example_branch_datetime_operator_2 to 2023-10-31T00:00:00+00:00, run_after=2023-11-01T00:00:00+00:00
[2023-11-01T14:06:57.851+0000] {logging_mixin.py:120} INFO - [2023-11-01T14:06:57.851+0000] {dag.py:3340} INFO - Setting next_dagrun for example_branch_datetime_operator_3 to 2023-10-31T00:00:00+00:00, run_after=2023-11-01T00:00:00+00:00
[2023-11-01T14:06:57.878+0000] {processor.py:176} INFO - Processing /home/airflow/.local/lib/python3.7/site-packages/airflow/example_dags/example_branch_datetime_operator.py took 0.179 seconds
