[2023-11-01T13:59:20.703+0000] {processor.py:154} INFO - Started process (PID=84) to work on /home/airflow/.local/lib/python3.7/site-packages/airflow/example_dags/example_short_circuit_decorator.py
[2023-11-01T13:59:20.704+0000] {processor.py:756} INFO - Processing file /home/airflow/.local/lib/python3.7/site-packages/airflow/example_dags/example_short_circuit_decorator.py for tasks to queue
[2023-11-01T13:59:20.705+0000] {logging_mixin.py:120} INFO - [2023-11-01T13:59:20.705+0000] {dagbag.py:537} INFO - Filling up the DagBag from /home/airflow/.local/lib/python3.7/site-packages/airflow/example_dags/example_short_circuit_decorator.py
[2023-11-01T13:59:20.795+0000] {processor.py:766} INFO - DAG(s) dict_keys(['example_short_circuit_decorator']) retrieved from /home/airflow/.local/lib/python3.7/site-packages/airflow/example_dags/example_short_circuit_decorator.py
[2023-11-01T13:59:20.881+0000] {logging_mixin.py:120} INFO - [2023-11-01T13:59:20.881+0000] {dag.py:2585} INFO - Sync 1 DAGs
[2023-11-01T13:59:20.919+0000] {logging_mixin.py:120} INFO - [2023-11-01T13:59:20.919+0000] {dag.py:3340} INFO - Setting next_dagrun for example_short_circuit_decorator to 2023-10-31T13:59:20.919080+00:00, run_after=2023-11-01T13:59:20.919080+00:00
[2023-11-01T13:59:20.952+0000] {processor.py:176} INFO - Processing /home/airflow/.local/lib/python3.7/site-packages/airflow/example_dags/example_short_circuit_decorator.py took 0.253 seconds
[2023-11-01T13:59:51.258+0000] {processor.py:154} INFO - Started process (PID=140) to work on /home/airflow/.local/lib/python3.7/site-packages/airflow/example_dags/example_short_circuit_decorator.py
[2023-11-01T13:59:51.259+0000] {processor.py:756} INFO - Processing file /home/airflow/.local/lib/python3.7/site-packages/airflow/example_dags/example_short_circuit_decorator.py for tasks to queue
[2023-11-01T13:59:51.261+0000] {logging_mixin.py:120} INFO - [2023-11-01T13:59:51.261+0000] {dagbag.py:537} INFO - Filling up the DagBag from /home/airflow/.local/lib/python3.7/site-packages/airflow/example_dags/example_short_circuit_decorator.py
[2023-11-01T13:59:51.291+0000] {processor.py:766} INFO - DAG(s) dict_keys(['example_short_circuit_decorator']) retrieved from /home/airflow/.local/lib/python3.7/site-packages/airflow/example_dags/example_short_circuit_decorator.py
[2023-11-01T13:59:51.338+0000] {logging_mixin.py:120} INFO - [2023-11-01T13:59:51.338+0000] {dag.py:2585} INFO - Sync 1 DAGs
[2023-11-01T13:59:51.371+0000] {logging_mixin.py:120} INFO - [2023-11-01T13:59:51.371+0000] {dag.py:3340} INFO - Setting next_dagrun for example_short_circuit_decorator to 2023-10-31T13:59:51.370773+00:00, run_after=2023-11-01T13:59:51.370773+00:00
[2023-11-01T13:59:51.396+0000] {processor.py:176} INFO - Processing /home/airflow/.local/lib/python3.7/site-packages/airflow/example_dags/example_short_circuit_decorator.py took 0.141 seconds
[2023-11-01T14:00:21.868+0000] {processor.py:154} INFO - Started process (PID=207) to work on /home/airflow/.local/lib/python3.7/site-packages/airflow/example_dags/example_short_circuit_decorator.py
[2023-11-01T14:00:21.869+0000] {processor.py:756} INFO - Processing file /home/airflow/.local/lib/python3.7/site-packages/airflow/example_dags/example_short_circuit_decorator.py for tasks to queue
[2023-11-01T14:00:21.870+0000] {logging_mixin.py:120} INFO - [2023-11-01T14:00:21.870+0000] {dagbag.py:537} INFO - Filling up the DagBag from /home/airflow/.local/lib/python3.7/site-packages/airflow/example_dags/example_short_circuit_decorator.py
[2023-11-01T14:00:21.898+0000] {processor.py:766} INFO - DAG(s) dict_keys(['example_short_circuit_decorator']) retrieved from /home/airflow/.local/lib/python3.7/site-packages/airflow/example_dags/example_short_circuit_decorator.py
[2023-11-01T14:00:21.961+0000] {logging_mixin.py:120} INFO - [2023-11-01T14:00:21.961+0000] {dag.py:2585} INFO - Sync 1 DAGs
[2023-11-01T14:00:21.999+0000] {logging_mixin.py:120} INFO - [2023-11-01T14:00:21.999+0000] {dag.py:3340} INFO - Setting next_dagrun for example_short_circuit_decorator to 2023-10-31T14:00:21.999036+00:00, run_after=2023-11-01T14:00:21.999036+00:00
[2023-11-01T14:00:22.025+0000] {processor.py:176} INFO - Processing /home/airflow/.local/lib/python3.7/site-packages/airflow/example_dags/example_short_circuit_decorator.py took 0.160 seconds
[2023-11-01T14:00:52.568+0000] {processor.py:154} INFO - Started process (PID=264) to work on /home/airflow/.local/lib/python3.7/site-packages/airflow/example_dags/example_short_circuit_decorator.py
[2023-11-01T14:00:52.569+0000] {processor.py:756} INFO - Processing file /home/airflow/.local/lib/python3.7/site-packages/airflow/example_dags/example_short_circuit_decorator.py for tasks to queue
[2023-11-01T14:00:52.570+0000] {logging_mixin.py:120} INFO - [2023-11-01T14:00:52.570+0000] {dagbag.py:537} INFO - Filling up the DagBag from /home/airflow/.local/lib/python3.7/site-packages/airflow/example_dags/example_short_circuit_decorator.py
[2023-11-01T14:00:52.599+0000] {processor.py:766} INFO - DAG(s) dict_keys(['example_short_circuit_decorator']) retrieved from /home/airflow/.local/lib/python3.7/site-packages/airflow/example_dags/example_short_circuit_decorator.py
[2023-11-01T14:00:52.646+0000] {logging_mixin.py:120} INFO - [2023-11-01T14:00:52.645+0000] {dag.py:2585} INFO - Sync 1 DAGs
[2023-11-01T14:00:52.680+0000] {logging_mixin.py:120} INFO - [2023-11-01T14:00:52.680+0000] {dag.py:3340} INFO - Setting next_dagrun for example_short_circuit_decorator to 2023-10-31T14:00:52.680052+00:00, run_after=2023-11-01T14:00:52.680052+00:00
[2023-11-01T14:00:52.709+0000] {processor.py:176} INFO - Processing /home/airflow/.local/lib/python3.7/site-packages/airflow/example_dags/example_short_circuit_decorator.py took 0.144 seconds
[2023-11-01T14:01:30.585+0000] {processor.py:154} INFO - Started process (PID=330) to work on /home/airflow/.local/lib/python3.7/site-packages/airflow/example_dags/example_short_circuit_decorator.py
[2023-11-01T14:01:30.595+0000] {processor.py:756} INFO - Processing file /home/airflow/.local/lib/python3.7/site-packages/airflow/example_dags/example_short_circuit_decorator.py for tasks to queue
[2023-11-01T14:01:30.596+0000] {logging_mixin.py:120} INFO - [2023-11-01T14:01:30.596+0000] {dagbag.py:537} INFO - Filling up the DagBag from /home/airflow/.local/lib/python3.7/site-packages/airflow/example_dags/example_short_circuit_decorator.py
[2023-11-01T14:01:30.695+0000] {processor.py:766} INFO - DAG(s) dict_keys(['example_short_circuit_decorator']) retrieved from /home/airflow/.local/lib/python3.7/site-packages/airflow/example_dags/example_short_circuit_decorator.py
[2023-11-01T14:01:30.874+0000] {logging_mixin.py:120} INFO - [2023-11-01T14:01:30.873+0000] {dag.py:2585} INFO - Sync 1 DAGs
[2023-11-01T14:01:31.053+0000] {logging_mixin.py:120} INFO - [2023-11-01T14:01:31.053+0000] {dag.py:3340} INFO - Setting next_dagrun for example_short_circuit_decorator to 2023-10-31T14:01:31.053180+00:00, run_after=2023-11-01T14:01:31.053180+00:00
[2023-11-01T14:01:31.191+0000] {processor.py:176} INFO - Processing /home/airflow/.local/lib/python3.7/site-packages/airflow/example_dags/example_short_circuit_decorator.py took 0.610 seconds
[2023-11-01T14:02:01.667+0000] {processor.py:154} INFO - Started process (PID=387) to work on /home/airflow/.local/lib/python3.7/site-packages/airflow/example_dags/example_short_circuit_decorator.py
[2023-11-01T14:02:01.669+0000] {processor.py:756} INFO - Processing file /home/airflow/.local/lib/python3.7/site-packages/airflow/example_dags/example_short_circuit_decorator.py for tasks to queue
[2023-11-01T14:02:01.670+0000] {logging_mixin.py:120} INFO - [2023-11-01T14:02:01.670+0000] {dagbag.py:537} INFO - Filling up the DagBag from /home/airflow/.local/lib/python3.7/site-packages/airflow/example_dags/example_short_circuit_decorator.py
[2023-11-01T14:02:01.703+0000] {processor.py:766} INFO - DAG(s) dict_keys(['example_short_circuit_decorator']) retrieved from /home/airflow/.local/lib/python3.7/site-packages/airflow/example_dags/example_short_circuit_decorator.py
[2023-11-01T14:02:01.763+0000] {logging_mixin.py:120} INFO - [2023-11-01T14:02:01.763+0000] {dag.py:2585} INFO - Sync 1 DAGs
[2023-11-01T14:02:01.801+0000] {logging_mixin.py:120} INFO - [2023-11-01T14:02:01.801+0000] {dag.py:3340} INFO - Setting next_dagrun for example_short_circuit_decorator to 2023-10-31T14:02:01.801398+00:00, run_after=2023-11-01T14:02:01.801398+00:00
[2023-11-01T14:02:01.837+0000] {processor.py:176} INFO - Processing /home/airflow/.local/lib/python3.7/site-packages/airflow/example_dags/example_short_circuit_decorator.py took 0.173 seconds
[2023-11-01T14:02:31.997+0000] {processor.py:154} INFO - Started process (PID=451) to work on /home/airflow/.local/lib/python3.7/site-packages/airflow/example_dags/example_short_circuit_decorator.py
[2023-11-01T14:02:31.999+0000] {processor.py:756} INFO - Processing file /home/airflow/.local/lib/python3.7/site-packages/airflow/example_dags/example_short_circuit_decorator.py for tasks to queue
[2023-11-01T14:02:32.000+0000] {logging_mixin.py:120} INFO - [2023-11-01T14:02:32.000+0000] {dagbag.py:537} INFO - Filling up the DagBag from /home/airflow/.local/lib/python3.7/site-packages/airflow/example_dags/example_short_circuit_decorator.py
[2023-11-01T14:02:32.028+0000] {processor.py:766} INFO - DAG(s) dict_keys(['example_short_circuit_decorator']) retrieved from /home/airflow/.local/lib/python3.7/site-packages/airflow/example_dags/example_short_circuit_decorator.py
[2023-11-01T14:02:32.080+0000] {logging_mixin.py:120} INFO - [2023-11-01T14:02:32.080+0000] {dag.py:2585} INFO - Sync 1 DAGs
[2023-11-01T14:02:32.113+0000] {logging_mixin.py:120} INFO - [2023-11-01T14:02:32.112+0000] {dag.py:3340} INFO - Setting next_dagrun for example_short_circuit_decorator to 2023-10-31T14:02:32.112730+00:00, run_after=2023-11-01T14:02:32.112730+00:00
[2023-11-01T14:02:32.141+0000] {processor.py:176} INFO - Processing /home/airflow/.local/lib/python3.7/site-packages/airflow/example_dags/example_short_circuit_decorator.py took 0.146 seconds
[2023-11-01T14:03:02.268+0000] {processor.py:154} INFO - Started process (PID=507) to work on /home/airflow/.local/lib/python3.7/site-packages/airflow/example_dags/example_short_circuit_decorator.py
[2023-11-01T14:03:02.269+0000] {processor.py:756} INFO - Processing file /home/airflow/.local/lib/python3.7/site-packages/airflow/example_dags/example_short_circuit_decorator.py for tasks to queue
[2023-11-01T14:03:02.270+0000] {logging_mixin.py:120} INFO - [2023-11-01T14:03:02.270+0000] {dagbag.py:537} INFO - Filling up the DagBag from /home/airflow/.local/lib/python3.7/site-packages/airflow/example_dags/example_short_circuit_decorator.py
[2023-11-01T14:03:02.306+0000] {processor.py:766} INFO - DAG(s) dict_keys(['example_short_circuit_decorator']) retrieved from /home/airflow/.local/lib/python3.7/site-packages/airflow/example_dags/example_short_circuit_decorator.py
[2023-11-01T14:03:02.365+0000] {logging_mixin.py:120} INFO - [2023-11-01T14:03:02.365+0000] {dag.py:2585} INFO - Sync 1 DAGs
[2023-11-01T14:03:02.414+0000] {logging_mixin.py:120} INFO - [2023-11-01T14:03:02.413+0000] {dag.py:3340} INFO - Setting next_dagrun for example_short_circuit_decorator to 2023-10-31T14:03:02.413635+00:00, run_after=2023-11-01T14:03:02.413635+00:00
[2023-11-01T14:03:02.452+0000] {processor.py:176} INFO - Processing /home/airflow/.local/lib/python3.7/site-packages/airflow/example_dags/example_short_circuit_decorator.py took 0.187 seconds
[2023-11-01T14:03:33.003+0000] {processor.py:154} INFO - Started process (PID=572) to work on /home/airflow/.local/lib/python3.7/site-packages/airflow/example_dags/example_short_circuit_decorator.py
[2023-11-01T14:03:33.004+0000] {processor.py:756} INFO - Processing file /home/airflow/.local/lib/python3.7/site-packages/airflow/example_dags/example_short_circuit_decorator.py for tasks to queue
[2023-11-01T14:03:33.005+0000] {logging_mixin.py:120} INFO - [2023-11-01T14:03:33.005+0000] {dagbag.py:537} INFO - Filling up the DagBag from /home/airflow/.local/lib/python3.7/site-packages/airflow/example_dags/example_short_circuit_decorator.py
[2023-11-01T14:03:33.033+0000] {processor.py:766} INFO - DAG(s) dict_keys(['example_short_circuit_decorator']) retrieved from /home/airflow/.local/lib/python3.7/site-packages/airflow/example_dags/example_short_circuit_decorator.py
[2023-11-01T14:03:33.083+0000] {logging_mixin.py:120} INFO - [2023-11-01T14:03:33.083+0000] {dag.py:2585} INFO - Sync 1 DAGs
[2023-11-01T14:03:33.116+0000] {logging_mixin.py:120} INFO - [2023-11-01T14:03:33.116+0000] {dag.py:3340} INFO - Setting next_dagrun for example_short_circuit_decorator to 2023-10-31T14:03:33.116566+00:00, run_after=2023-11-01T14:03:33.116566+00:00
[2023-11-01T14:03:33.143+0000] {processor.py:176} INFO - Processing /home/airflow/.local/lib/python3.7/site-packages/airflow/example_dags/example_short_circuit_decorator.py took 0.142 seconds
[2023-11-01T14:04:03.972+0000] {processor.py:154} INFO - Started process (PID=638) to work on /home/airflow/.local/lib/python3.7/site-packages/airflow/example_dags/example_short_circuit_decorator.py
[2023-11-01T14:04:03.973+0000] {processor.py:756} INFO - Processing file /home/airflow/.local/lib/python3.7/site-packages/airflow/example_dags/example_short_circuit_decorator.py for tasks to queue
[2023-11-01T14:04:03.975+0000] {logging_mixin.py:120} INFO - [2023-11-01T14:04:03.974+0000] {dagbag.py:537} INFO - Filling up the DagBag from /home/airflow/.local/lib/python3.7/site-packages/airflow/example_dags/example_short_circuit_decorator.py
[2023-11-01T14:04:04.004+0000] {processor.py:766} INFO - DAG(s) dict_keys(['example_short_circuit_decorator']) retrieved from /home/airflow/.local/lib/python3.7/site-packages/airflow/example_dags/example_short_circuit_decorator.py
[2023-11-01T14:04:04.053+0000] {logging_mixin.py:120} INFO - [2023-11-01T14:04:04.053+0000] {dag.py:2585} INFO - Sync 1 DAGs
[2023-11-01T14:04:04.088+0000] {logging_mixin.py:120} INFO - [2023-11-01T14:04:04.088+0000] {dag.py:3340} INFO - Setting next_dagrun for example_short_circuit_decorator to 2023-10-31T14:04:04.087735+00:00, run_after=2023-11-01T14:04:04.087735+00:00
[2023-11-01T14:04:04.125+0000] {processor.py:176} INFO - Processing /home/airflow/.local/lib/python3.7/site-packages/airflow/example_dags/example_short_circuit_decorator.py took 0.158 seconds
[2023-11-01T14:04:34.728+0000] {processor.py:154} INFO - Started process (PID=694) to work on /home/airflow/.local/lib/python3.7/site-packages/airflow/example_dags/example_short_circuit_decorator.py
[2023-11-01T14:04:34.730+0000] {processor.py:756} INFO - Processing file /home/airflow/.local/lib/python3.7/site-packages/airflow/example_dags/example_short_circuit_decorator.py for tasks to queue
[2023-11-01T14:04:34.732+0000] {logging_mixin.py:120} INFO - [2023-11-01T14:04:34.731+0000] {dagbag.py:537} INFO - Filling up the DagBag from /home/airflow/.local/lib/python3.7/site-packages/airflow/example_dags/example_short_circuit_decorator.py
[2023-11-01T14:04:34.762+0000] {processor.py:766} INFO - DAG(s) dict_keys(['example_short_circuit_decorator']) retrieved from /home/airflow/.local/lib/python3.7/site-packages/airflow/example_dags/example_short_circuit_decorator.py
[2023-11-01T14:04:34.810+0000] {logging_mixin.py:120} INFO - [2023-11-01T14:04:34.810+0000] {dag.py:2585} INFO - Sync 1 DAGs
[2023-11-01T14:04:34.846+0000] {logging_mixin.py:120} INFO - [2023-11-01T14:04:34.846+0000] {dag.py:3340} INFO - Setting next_dagrun for example_short_circuit_decorator to 2023-10-31T14:04:34.845630+00:00, run_after=2023-11-01T14:04:34.845630+00:00
[2023-11-01T14:04:34.872+0000] {processor.py:176} INFO - Processing /home/airflow/.local/lib/python3.7/site-packages/airflow/example_dags/example_short_circuit_decorator.py took 0.147 seconds
[2023-11-01T14:05:05.136+0000] {processor.py:154} INFO - Started process (PID=760) to work on /home/airflow/.local/lib/python3.7/site-packages/airflow/example_dags/example_short_circuit_decorator.py
[2023-11-01T14:05:05.138+0000] {processor.py:756} INFO - Processing file /home/airflow/.local/lib/python3.7/site-packages/airflow/example_dags/example_short_circuit_decorator.py for tasks to queue
[2023-11-01T14:05:05.139+0000] {logging_mixin.py:120} INFO - [2023-11-01T14:05:05.138+0000] {dagbag.py:537} INFO - Filling up the DagBag from /home/airflow/.local/lib/python3.7/site-packages/airflow/example_dags/example_short_circuit_decorator.py
[2023-11-01T14:05:05.167+0000] {processor.py:766} INFO - DAG(s) dict_keys(['example_short_circuit_decorator']) retrieved from /home/airflow/.local/lib/python3.7/site-packages/airflow/example_dags/example_short_circuit_decorator.py
[2023-11-01T14:05:05.223+0000] {logging_mixin.py:120} INFO - [2023-11-01T14:05:05.223+0000] {dag.py:2585} INFO - Sync 1 DAGs
[2023-11-01T14:05:05.261+0000] {logging_mixin.py:120} INFO - [2023-11-01T14:05:05.260+0000] {dag.py:3340} INFO - Setting next_dagrun for example_short_circuit_decorator to 2023-10-31T14:05:05.260559+00:00, run_after=2023-11-01T14:05:05.260559+00:00
[2023-11-01T14:05:05.290+0000] {processor.py:176} INFO - Processing /home/airflow/.local/lib/python3.7/site-packages/airflow/example_dags/example_short_circuit_decorator.py took 0.157 seconds
[2023-11-01T14:05:35.605+0000] {processor.py:154} INFO - Started process (PID=816) to work on /home/airflow/.local/lib/python3.7/site-packages/airflow/example_dags/example_short_circuit_decorator.py
[2023-11-01T14:05:35.610+0000] {processor.py:756} INFO - Processing file /home/airflow/.local/lib/python3.7/site-packages/airflow/example_dags/example_short_circuit_decorator.py for tasks to queue
[2023-11-01T14:05:35.626+0000] {logging_mixin.py:120} INFO - [2023-11-01T14:05:35.626+0000] {dagbag.py:537} INFO - Filling up the DagBag from /home/airflow/.local/lib/python3.7/site-packages/airflow/example_dags/example_short_circuit_decorator.py
[2023-11-01T14:05:35.665+0000] {processor.py:766} INFO - DAG(s) dict_keys(['example_short_circuit_decorator']) retrieved from /home/airflow/.local/lib/python3.7/site-packages/airflow/example_dags/example_short_circuit_decorator.py
[2023-11-01T14:05:35.713+0000] {logging_mixin.py:120} INFO - [2023-11-01T14:05:35.713+0000] {dag.py:2585} INFO - Sync 1 DAGs
[2023-11-01T14:05:35.749+0000] {logging_mixin.py:120} INFO - [2023-11-01T14:05:35.749+0000] {dag.py:3340} INFO - Setting next_dagrun for example_short_circuit_decorator to 2023-10-31T14:05:35.748998+00:00, run_after=2023-11-01T14:05:35.748998+00:00
[2023-11-01T14:05:35.787+0000] {processor.py:176} INFO - Processing /home/airflow/.local/lib/python3.7/site-packages/airflow/example_dags/example_short_circuit_decorator.py took 0.185 seconds
[2023-11-01T14:06:06.621+0000] {processor.py:154} INFO - Started process (PID=881) to work on /home/airflow/.local/lib/python3.7/site-packages/airflow/example_dags/example_short_circuit_decorator.py
[2023-11-01T14:06:06.622+0000] {processor.py:756} INFO - Processing file /home/airflow/.local/lib/python3.7/site-packages/airflow/example_dags/example_short_circuit_decorator.py for tasks to queue
[2023-11-01T14:06:06.623+0000] {logging_mixin.py:120} INFO - [2023-11-01T14:06:06.623+0000] {dagbag.py:537} INFO - Filling up the DagBag from /home/airflow/.local/lib/python3.7/site-packages/airflow/example_dags/example_short_circuit_decorator.py
[2023-11-01T14:06:06.652+0000] {processor.py:766} INFO - DAG(s) dict_keys(['example_short_circuit_decorator']) retrieved from /home/airflow/.local/lib/python3.7/site-packages/airflow/example_dags/example_short_circuit_decorator.py
[2023-11-01T14:06:06.701+0000] {logging_mixin.py:120} INFO - [2023-11-01T14:06:06.701+0000] {dag.py:2585} INFO - Sync 1 DAGs
[2023-11-01T14:06:06.736+0000] {logging_mixin.py:120} INFO - [2023-11-01T14:06:06.735+0000] {dag.py:3340} INFO - Setting next_dagrun for example_short_circuit_decorator to 2023-10-31T14:06:06.735485+00:00, run_after=2023-11-01T14:06:06.735485+00:00
[2023-11-01T14:06:06.763+0000] {processor.py:176} INFO - Processing /home/airflow/.local/lib/python3.7/site-packages/airflow/example_dags/example_short_circuit_decorator.py took 0.149 seconds
[2023-11-01T14:06:37.722+0000] {processor.py:154} INFO - Started process (PID=938) to work on /home/airflow/.local/lib/python3.7/site-packages/airflow/example_dags/example_short_circuit_decorator.py
[2023-11-01T14:06:37.737+0000] {processor.py:756} INFO - Processing file /home/airflow/.local/lib/python3.7/site-packages/airflow/example_dags/example_short_circuit_decorator.py for tasks to queue
[2023-11-01T14:06:37.738+0000] {logging_mixin.py:120} INFO - [2023-11-01T14:06:37.738+0000] {dagbag.py:537} INFO - Filling up the DagBag from /home/airflow/.local/lib/python3.7/site-packages/airflow/example_dags/example_short_circuit_decorator.py
[2023-11-01T14:06:37.769+0000] {processor.py:766} INFO - DAG(s) dict_keys(['example_short_circuit_decorator']) retrieved from /home/airflow/.local/lib/python3.7/site-packages/airflow/example_dags/example_short_circuit_decorator.py
[2023-11-01T14:06:37.822+0000] {logging_mixin.py:120} INFO - [2023-11-01T14:06:37.822+0000] {dag.py:2585} INFO - Sync 1 DAGs
[2023-11-01T14:06:37.863+0000] {logging_mixin.py:120} INFO - [2023-11-01T14:06:37.862+0000] {dag.py:3340} INFO - Setting next_dagrun for example_short_circuit_decorator to 2023-10-31T14:06:37.862517+00:00, run_after=2023-11-01T14:06:37.862517+00:00
[2023-11-01T14:06:37.902+0000] {processor.py:176} INFO - Processing /home/airflow/.local/lib/python3.7/site-packages/airflow/example_dags/example_short_circuit_decorator.py took 0.185 seconds
[2023-11-01T14:07:07.952+0000] {processor.py:154} INFO - Started process (PID=1001) to work on /home/airflow/.local/lib/python3.7/site-packages/airflow/example_dags/example_short_circuit_decorator.py
[2023-11-01T14:07:07.955+0000] {processor.py:756} INFO - Processing file /home/airflow/.local/lib/python3.7/site-packages/airflow/example_dags/example_short_circuit_decorator.py for tasks to queue
[2023-11-01T14:07:07.957+0000] {logging_mixin.py:120} INFO - [2023-11-01T14:07:07.957+0000] {dagbag.py:537} INFO - Filling up the DagBag from /home/airflow/.local/lib/python3.7/site-packages/airflow/example_dags/example_short_circuit_decorator.py
[2023-11-01T14:07:08.005+0000] {processor.py:766} INFO - DAG(s) dict_keys(['example_short_circuit_decorator']) retrieved from /home/airflow/.local/lib/python3.7/site-packages/airflow/example_dags/example_short_circuit_decorator.py
[2023-11-01T14:07:08.053+0000] {logging_mixin.py:120} INFO - [2023-11-01T14:07:08.053+0000] {dag.py:2585} INFO - Sync 1 DAGs
[2023-11-01T14:07:08.087+0000] {logging_mixin.py:120} INFO - [2023-11-01T14:07:08.087+0000] {dag.py:3340} INFO - Setting next_dagrun for example_short_circuit_decorator to 2023-10-31T14:07:08.087481+00:00, run_after=2023-11-01T14:07:08.087481+00:00
[2023-11-01T14:07:08.126+0000] {processor.py:176} INFO - Processing /home/airflow/.local/lib/python3.7/site-packages/airflow/example_dags/example_short_circuit_decorator.py took 0.178 seconds
