[2023-11-01T13:59:21.771+0000] {processor.py:154} INFO - Started process (PID=89) to work on /home/airflow/.local/lib/python3.7/site-packages/airflow/example_dags/example_branch_python_dop_operator_3.py
[2023-11-01T13:59:21.779+0000] {processor.py:756} INFO - Processing file /home/airflow/.local/lib/python3.7/site-packages/airflow/example_dags/example_branch_python_dop_operator_3.py for tasks to queue
[2023-11-01T13:59:21.780+0000] {logging_mixin.py:120} INFO - [2023-11-01T13:59:21.780+0000] {dagbag.py:537} INFO - Filling up the DagBag from /home/airflow/.local/lib/python3.7/site-packages/airflow/example_dags/example_branch_python_dop_operator_3.py
[2023-11-01T13:59:21.851+0000] {processor.py:766} INFO - DAG(s) dict_keys(['example_branch_dop_operator_v3']) retrieved from /home/airflow/.local/lib/python3.7/site-packages/airflow/example_dags/example_branch_python_dop_operator_3.py
[2023-11-01T13:59:22.012+0000] {logging_mixin.py:120} INFO - [2023-11-01T13:59:22.012+0000] {dag.py:2585} INFO - Sync 1 DAGs
[2023-11-01T13:59:22.090+0000] {logging_mixin.py:120} INFO - [2023-11-01T13:59:22.090+0000] {dag.py:3340} INFO - Setting next_dagrun for example_branch_dop_operator_v3 to 2023-11-01T13:58:00+00:00, run_after=2023-11-01T13:59:00+00:00
[2023-11-01T13:59:22.165+0000] {processor.py:176} INFO - Processing /home/airflow/.local/lib/python3.7/site-packages/airflow/example_dags/example_branch_python_dop_operator_3.py took 0.397 seconds
[2023-11-01T13:59:52.626+0000] {processor.py:154} INFO - Started process (PID=145) to work on /home/airflow/.local/lib/python3.7/site-packages/airflow/example_dags/example_branch_python_dop_operator_3.py
[2023-11-01T13:59:52.627+0000] {processor.py:756} INFO - Processing file /home/airflow/.local/lib/python3.7/site-packages/airflow/example_dags/example_branch_python_dop_operator_3.py for tasks to queue
[2023-11-01T13:59:52.628+0000] {logging_mixin.py:120} INFO - [2023-11-01T13:59:52.628+0000] {dagbag.py:537} INFO - Filling up the DagBag from /home/airflow/.local/lib/python3.7/site-packages/airflow/example_dags/example_branch_python_dop_operator_3.py
[2023-11-01T13:59:52.655+0000] {processor.py:766} INFO - DAG(s) dict_keys(['example_branch_dop_operator_v3']) retrieved from /home/airflow/.local/lib/python3.7/site-packages/airflow/example_dags/example_branch_python_dop_operator_3.py
[2023-11-01T13:59:52.699+0000] {logging_mixin.py:120} INFO - [2023-11-01T13:59:52.699+0000] {dag.py:2585} INFO - Sync 1 DAGs
[2023-11-01T13:59:52.737+0000] {logging_mixin.py:120} INFO - [2023-11-01T13:59:52.737+0000] {dag.py:3340} INFO - Setting next_dagrun for example_branch_dop_operator_v3 to 2023-11-01T13:58:00+00:00, run_after=2023-11-01T13:59:00+00:00
[2023-11-01T13:59:52.764+0000] {processor.py:176} INFO - Processing /home/airflow/.local/lib/python3.7/site-packages/airflow/example_dags/example_branch_python_dop_operator_3.py took 0.141 seconds
[2023-11-01T14:00:23.467+0000] {processor.py:154} INFO - Started process (PID=212) to work on /home/airflow/.local/lib/python3.7/site-packages/airflow/example_dags/example_branch_python_dop_operator_3.py
[2023-11-01T14:00:23.468+0000] {processor.py:756} INFO - Processing file /home/airflow/.local/lib/python3.7/site-packages/airflow/example_dags/example_branch_python_dop_operator_3.py for tasks to queue
[2023-11-01T14:00:23.469+0000] {logging_mixin.py:120} INFO - [2023-11-01T14:00:23.469+0000] {dagbag.py:537} INFO - Filling up the DagBag from /home/airflow/.local/lib/python3.7/site-packages/airflow/example_dags/example_branch_python_dop_operator_3.py
[2023-11-01T14:00:23.494+0000] {processor.py:766} INFO - DAG(s) dict_keys(['example_branch_dop_operator_v3']) retrieved from /home/airflow/.local/lib/python3.7/site-packages/airflow/example_dags/example_branch_python_dop_operator_3.py
[2023-11-01T14:00:23.540+0000] {logging_mixin.py:120} INFO - [2023-11-01T14:00:23.539+0000] {dag.py:2585} INFO - Sync 1 DAGs
[2023-11-01T14:00:23.580+0000] {logging_mixin.py:120} INFO - [2023-11-01T14:00:23.580+0000] {dag.py:3340} INFO - Setting next_dagrun for example_branch_dop_operator_v3 to 2023-11-01T13:59:00+00:00, run_after=2023-11-01T14:00:00+00:00
[2023-11-01T14:00:23.606+0000] {processor.py:176} INFO - Processing /home/airflow/.local/lib/python3.7/site-packages/airflow/example_dags/example_branch_python_dop_operator_3.py took 0.143 seconds
[2023-11-01T14:00:54.155+0000] {processor.py:154} INFO - Started process (PID=276) to work on /home/airflow/.local/lib/python3.7/site-packages/airflow/example_dags/example_branch_python_dop_operator_3.py
[2023-11-01T14:00:54.157+0000] {processor.py:756} INFO - Processing file /home/airflow/.local/lib/python3.7/site-packages/airflow/example_dags/example_branch_python_dop_operator_3.py for tasks to queue
[2023-11-01T14:00:54.158+0000] {logging_mixin.py:120} INFO - [2023-11-01T14:00:54.158+0000] {dagbag.py:537} INFO - Filling up the DagBag from /home/airflow/.local/lib/python3.7/site-packages/airflow/example_dags/example_branch_python_dop_operator_3.py
[2023-11-01T14:00:54.187+0000] {processor.py:766} INFO - DAG(s) dict_keys(['example_branch_dop_operator_v3']) retrieved from /home/airflow/.local/lib/python3.7/site-packages/airflow/example_dags/example_branch_python_dop_operator_3.py
[2023-11-01T14:00:54.244+0000] {logging_mixin.py:120} INFO - [2023-11-01T14:00:54.244+0000] {dag.py:2585} INFO - Sync 1 DAGs
[2023-11-01T14:00:54.288+0000] {logging_mixin.py:120} INFO - [2023-11-01T14:00:54.288+0000] {dag.py:3340} INFO - Setting next_dagrun for example_branch_dop_operator_v3 to 2023-11-01T13:59:00+00:00, run_after=2023-11-01T14:00:00+00:00
[2023-11-01T14:00:54.320+0000] {processor.py:176} INFO - Processing /home/airflow/.local/lib/python3.7/site-packages/airflow/example_dags/example_branch_python_dop_operator_3.py took 0.169 seconds
[2023-11-01T14:01:32.433+0000] {processor.py:154} INFO - Started process (PID=335) to work on /home/airflow/.local/lib/python3.7/site-packages/airflow/example_dags/example_branch_python_dop_operator_3.py
[2023-11-01T14:01:32.446+0000] {processor.py:756} INFO - Processing file /home/airflow/.local/lib/python3.7/site-packages/airflow/example_dags/example_branch_python_dop_operator_3.py for tasks to queue
[2023-11-01T14:01:32.447+0000] {logging_mixin.py:120} INFO - [2023-11-01T14:01:32.447+0000] {dagbag.py:537} INFO - Filling up the DagBag from /home/airflow/.local/lib/python3.7/site-packages/airflow/example_dags/example_branch_python_dop_operator_3.py
[2023-11-01T14:01:32.590+0000] {processor.py:766} INFO - DAG(s) dict_keys(['example_branch_dop_operator_v3']) retrieved from /home/airflow/.local/lib/python3.7/site-packages/airflow/example_dags/example_branch_python_dop_operator_3.py
[2023-11-01T14:01:32.848+0000] {logging_mixin.py:120} INFO - [2023-11-01T14:01:32.848+0000] {dag.py:2585} INFO - Sync 1 DAGs
[2023-11-01T14:01:32.996+0000] {logging_mixin.py:120} INFO - [2023-11-01T14:01:32.996+0000] {dag.py:3340} INFO - Setting next_dagrun for example_branch_dop_operator_v3 to 2023-11-01T14:00:00+00:00, run_after=2023-11-01T14:01:00+00:00
[2023-11-01T14:01:33.103+0000] {processor.py:176} INFO - Processing /home/airflow/.local/lib/python3.7/site-packages/airflow/example_dags/example_branch_python_dop_operator_3.py took 0.679 seconds
[2023-11-01T14:02:03.243+0000] {processor.py:154} INFO - Started process (PID=400) to work on /home/airflow/.local/lib/python3.7/site-packages/airflow/example_dags/example_branch_python_dop_operator_3.py
[2023-11-01T14:02:03.248+0000] {processor.py:756} INFO - Processing file /home/airflow/.local/lib/python3.7/site-packages/airflow/example_dags/example_branch_python_dop_operator_3.py for tasks to queue
[2023-11-01T14:02:03.257+0000] {logging_mixin.py:120} INFO - [2023-11-01T14:02:03.257+0000] {dagbag.py:537} INFO - Filling up the DagBag from /home/airflow/.local/lib/python3.7/site-packages/airflow/example_dags/example_branch_python_dop_operator_3.py
[2023-11-01T14:02:03.344+0000] {processor.py:766} INFO - DAG(s) dict_keys(['example_branch_dop_operator_v3']) retrieved from /home/airflow/.local/lib/python3.7/site-packages/airflow/example_dags/example_branch_python_dop_operator_3.py
[2023-11-01T14:02:03.434+0000] {logging_mixin.py:120} INFO - [2023-11-01T14:02:03.434+0000] {dag.py:2585} INFO - Sync 1 DAGs
[2023-11-01T14:02:03.486+0000] {logging_mixin.py:120} INFO - [2023-11-01T14:02:03.486+0000] {dag.py:3340} INFO - Setting next_dagrun for example_branch_dop_operator_v3 to 2023-11-01T14:01:00+00:00, run_after=2023-11-01T14:02:00+00:00
[2023-11-01T14:02:03.522+0000] {processor.py:176} INFO - Processing /home/airflow/.local/lib/python3.7/site-packages/airflow/example_dags/example_branch_python_dop_operator_3.py took 0.289 seconds
[2023-11-01T14:02:33.607+0000] {processor.py:154} INFO - Started process (PID=456) to work on /home/airflow/.local/lib/python3.7/site-packages/airflow/example_dags/example_branch_python_dop_operator_3.py
[2023-11-01T14:02:33.609+0000] {processor.py:756} INFO - Processing file /home/airflow/.local/lib/python3.7/site-packages/airflow/example_dags/example_branch_python_dop_operator_3.py for tasks to queue
[2023-11-01T14:02:33.611+0000] {logging_mixin.py:120} INFO - [2023-11-01T14:02:33.610+0000] {dagbag.py:537} INFO - Filling up the DagBag from /home/airflow/.local/lib/python3.7/site-packages/airflow/example_dags/example_branch_python_dop_operator_3.py
[2023-11-01T14:02:33.638+0000] {processor.py:766} INFO - DAG(s) dict_keys(['example_branch_dop_operator_v3']) retrieved from /home/airflow/.local/lib/python3.7/site-packages/airflow/example_dags/example_branch_python_dop_operator_3.py
[2023-11-01T14:02:33.691+0000] {logging_mixin.py:120} INFO - [2023-11-01T14:02:33.691+0000] {dag.py:2585} INFO - Sync 1 DAGs
[2023-11-01T14:02:33.756+0000] {logging_mixin.py:120} INFO - [2023-11-01T14:02:33.756+0000] {dag.py:3340} INFO - Setting next_dagrun for example_branch_dop_operator_v3 to 2023-11-01T14:01:00+00:00, run_after=2023-11-01T14:02:00+00:00
[2023-11-01T14:02:33.843+0000] {processor.py:176} INFO - Processing /home/airflow/.local/lib/python3.7/site-packages/airflow/example_dags/example_branch_python_dop_operator_3.py took 0.240 seconds
[2023-11-01T14:03:04.205+0000] {processor.py:154} INFO - Started process (PID=521) to work on /home/airflow/.local/lib/python3.7/site-packages/airflow/example_dags/example_branch_python_dop_operator_3.py
[2023-11-01T14:03:04.206+0000] {processor.py:756} INFO - Processing file /home/airflow/.local/lib/python3.7/site-packages/airflow/example_dags/example_branch_python_dop_operator_3.py for tasks to queue
[2023-11-01T14:03:04.207+0000] {logging_mixin.py:120} INFO - [2023-11-01T14:03:04.207+0000] {dagbag.py:537} INFO - Filling up the DagBag from /home/airflow/.local/lib/python3.7/site-packages/airflow/example_dags/example_branch_python_dop_operator_3.py
[2023-11-01T14:03:04.247+0000] {processor.py:766} INFO - DAG(s) dict_keys(['example_branch_dop_operator_v3']) retrieved from /home/airflow/.local/lib/python3.7/site-packages/airflow/example_dags/example_branch_python_dop_operator_3.py
[2023-11-01T14:03:04.319+0000] {logging_mixin.py:120} INFO - [2023-11-01T14:03:04.319+0000] {dag.py:2585} INFO - Sync 1 DAGs
[2023-11-01T14:03:04.361+0000] {logging_mixin.py:120} INFO - [2023-11-01T14:03:04.361+0000] {dag.py:3340} INFO - Setting next_dagrun for example_branch_dop_operator_v3 to 2023-11-01T14:02:00+00:00, run_after=2023-11-01T14:03:00+00:00
[2023-11-01T14:03:04.397+0000] {processor.py:176} INFO - Processing /home/airflow/.local/lib/python3.7/site-packages/airflow/example_dags/example_branch_python_dop_operator_3.py took 0.196 seconds
[2023-11-01T14:03:34.547+0000] {processor.py:154} INFO - Started process (PID=577) to work on /home/airflow/.local/lib/python3.7/site-packages/airflow/example_dags/example_branch_python_dop_operator_3.py
[2023-11-01T14:03:34.548+0000] {processor.py:756} INFO - Processing file /home/airflow/.local/lib/python3.7/site-packages/airflow/example_dags/example_branch_python_dop_operator_3.py for tasks to queue
[2023-11-01T14:03:34.550+0000] {logging_mixin.py:120} INFO - [2023-11-01T14:03:34.550+0000] {dagbag.py:537} INFO - Filling up the DagBag from /home/airflow/.local/lib/python3.7/site-packages/airflow/example_dags/example_branch_python_dop_operator_3.py
[2023-11-01T14:03:34.582+0000] {processor.py:766} INFO - DAG(s) dict_keys(['example_branch_dop_operator_v3']) retrieved from /home/airflow/.local/lib/python3.7/site-packages/airflow/example_dags/example_branch_python_dop_operator_3.py
[2023-11-01T14:03:34.633+0000] {logging_mixin.py:120} INFO - [2023-11-01T14:03:34.633+0000] {dag.py:2585} INFO - Sync 1 DAGs
[2023-11-01T14:03:34.681+0000] {logging_mixin.py:120} INFO - [2023-11-01T14:03:34.681+0000] {dag.py:3340} INFO - Setting next_dagrun for example_branch_dop_operator_v3 to 2023-11-01T14:02:00+00:00, run_after=2023-11-01T14:03:00+00:00
[2023-11-01T14:03:34.708+0000] {processor.py:176} INFO - Processing /home/airflow/.local/lib/python3.7/site-packages/airflow/example_dags/example_branch_python_dop_operator_3.py took 0.164 seconds
[2023-11-01T14:04:05.621+0000] {processor.py:154} INFO - Started process (PID=643) to work on /home/airflow/.local/lib/python3.7/site-packages/airflow/example_dags/example_branch_python_dop_operator_3.py
[2023-11-01T14:04:05.622+0000] {processor.py:756} INFO - Processing file /home/airflow/.local/lib/python3.7/site-packages/airflow/example_dags/example_branch_python_dop_operator_3.py for tasks to queue
[2023-11-01T14:04:05.623+0000] {logging_mixin.py:120} INFO - [2023-11-01T14:04:05.623+0000] {dagbag.py:537} INFO - Filling up the DagBag from /home/airflow/.local/lib/python3.7/site-packages/airflow/example_dags/example_branch_python_dop_operator_3.py
[2023-11-01T14:04:05.651+0000] {processor.py:766} INFO - DAG(s) dict_keys(['example_branch_dop_operator_v3']) retrieved from /home/airflow/.local/lib/python3.7/site-packages/airflow/example_dags/example_branch_python_dop_operator_3.py
[2023-11-01T14:04:05.699+0000] {logging_mixin.py:120} INFO - [2023-11-01T14:04:05.699+0000] {dag.py:2585} INFO - Sync 1 DAGs
[2023-11-01T14:04:05.746+0000] {logging_mixin.py:120} INFO - [2023-11-01T14:04:05.746+0000] {dag.py:3340} INFO - Setting next_dagrun for example_branch_dop_operator_v3 to 2023-11-01T14:03:00+00:00, run_after=2023-11-01T14:04:00+00:00
[2023-11-01T14:04:05.778+0000] {processor.py:176} INFO - Processing /home/airflow/.local/lib/python3.7/site-packages/airflow/example_dags/example_branch_python_dop_operator_3.py took 0.159 seconds
[2023-11-01T14:04:36.243+0000] {processor.py:154} INFO - Started process (PID=699) to work on /home/airflow/.local/lib/python3.7/site-packages/airflow/example_dags/example_branch_python_dop_operator_3.py
[2023-11-01T14:04:36.245+0000] {processor.py:756} INFO - Processing file /home/airflow/.local/lib/python3.7/site-packages/airflow/example_dags/example_branch_python_dop_operator_3.py for tasks to queue
[2023-11-01T14:04:36.247+0000] {logging_mixin.py:120} INFO - [2023-11-01T14:04:36.246+0000] {dagbag.py:537} INFO - Filling up the DagBag from /home/airflow/.local/lib/python3.7/site-packages/airflow/example_dags/example_branch_python_dop_operator_3.py
[2023-11-01T14:04:36.275+0000] {processor.py:766} INFO - DAG(s) dict_keys(['example_branch_dop_operator_v3']) retrieved from /home/airflow/.local/lib/python3.7/site-packages/airflow/example_dags/example_branch_python_dop_operator_3.py
[2023-11-01T14:04:36.338+0000] {logging_mixin.py:120} INFO - [2023-11-01T14:04:36.338+0000] {dag.py:2585} INFO - Sync 1 DAGs
[2023-11-01T14:04:36.388+0000] {logging_mixin.py:120} INFO - [2023-11-01T14:04:36.388+0000] {dag.py:3340} INFO - Setting next_dagrun for example_branch_dop_operator_v3 to 2023-11-01T14:03:00+00:00, run_after=2023-11-01T14:04:00+00:00
[2023-11-01T14:04:36.416+0000] {processor.py:176} INFO - Processing /home/airflow/.local/lib/python3.7/site-packages/airflow/example_dags/example_branch_python_dop_operator_3.py took 0.176 seconds
[2023-11-01T14:05:06.842+0000] {processor.py:154} INFO - Started process (PID=765) to work on /home/airflow/.local/lib/python3.7/site-packages/airflow/example_dags/example_branch_python_dop_operator_3.py
[2023-11-01T14:05:06.843+0000] {processor.py:756} INFO - Processing file /home/airflow/.local/lib/python3.7/site-packages/airflow/example_dags/example_branch_python_dop_operator_3.py for tasks to queue
[2023-11-01T14:05:06.844+0000] {logging_mixin.py:120} INFO - [2023-11-01T14:05:06.844+0000] {dagbag.py:537} INFO - Filling up the DagBag from /home/airflow/.local/lib/python3.7/site-packages/airflow/example_dags/example_branch_python_dop_operator_3.py
[2023-11-01T14:05:06.871+0000] {processor.py:766} INFO - DAG(s) dict_keys(['example_branch_dop_operator_v3']) retrieved from /home/airflow/.local/lib/python3.7/site-packages/airflow/example_dags/example_branch_python_dop_operator_3.py
[2023-11-01T14:05:06.921+0000] {logging_mixin.py:120} INFO - [2023-11-01T14:05:06.921+0000] {dag.py:2585} INFO - Sync 1 DAGs
[2023-11-01T14:05:06.983+0000] {logging_mixin.py:120} INFO - [2023-11-01T14:05:06.982+0000] {dag.py:3340} INFO - Setting next_dagrun for example_branch_dop_operator_v3 to 2023-11-01T14:04:00+00:00, run_after=2023-11-01T14:05:00+00:00
[2023-11-01T14:05:07.010+0000] {processor.py:176} INFO - Processing /home/airflow/.local/lib/python3.7/site-packages/airflow/example_dags/example_branch_python_dop_operator_3.py took 0.172 seconds
[2023-11-01T14:05:37.532+0000] {processor.py:154} INFO - Started process (PID=821) to work on /home/airflow/.local/lib/python3.7/site-packages/airflow/example_dags/example_branch_python_dop_operator_3.py
[2023-11-01T14:05:37.533+0000] {processor.py:756} INFO - Processing file /home/airflow/.local/lib/python3.7/site-packages/airflow/example_dags/example_branch_python_dop_operator_3.py for tasks to queue
[2023-11-01T14:05:37.534+0000] {logging_mixin.py:120} INFO - [2023-11-01T14:05:37.534+0000] {dagbag.py:537} INFO - Filling up the DagBag from /home/airflow/.local/lib/python3.7/site-packages/airflow/example_dags/example_branch_python_dop_operator_3.py
[2023-11-01T14:05:37.566+0000] {processor.py:766} INFO - DAG(s) dict_keys(['example_branch_dop_operator_v3']) retrieved from /home/airflow/.local/lib/python3.7/site-packages/airflow/example_dags/example_branch_python_dop_operator_3.py
[2023-11-01T14:05:37.620+0000] {logging_mixin.py:120} INFO - [2023-11-01T14:05:37.620+0000] {dag.py:2585} INFO - Sync 1 DAGs
[2023-11-01T14:05:37.670+0000] {logging_mixin.py:120} INFO - [2023-11-01T14:05:37.670+0000] {dag.py:3340} INFO - Setting next_dagrun for example_branch_dop_operator_v3 to 2023-11-01T14:04:00+00:00, run_after=2023-11-01T14:05:00+00:00
[2023-11-01T14:05:37.711+0000] {processor.py:176} INFO - Processing /home/airflow/.local/lib/python3.7/site-packages/airflow/example_dags/example_branch_python_dop_operator_3.py took 0.186 seconds
[2023-11-01T14:06:08.094+0000] {processor.py:154} INFO - Started process (PID=886) to work on /home/airflow/.local/lib/python3.7/site-packages/airflow/example_dags/example_branch_python_dop_operator_3.py
[2023-11-01T14:06:08.095+0000] {processor.py:756} INFO - Processing file /home/airflow/.local/lib/python3.7/site-packages/airflow/example_dags/example_branch_python_dop_operator_3.py for tasks to queue
[2023-11-01T14:06:08.096+0000] {logging_mixin.py:120} INFO - [2023-11-01T14:06:08.096+0000] {dagbag.py:537} INFO - Filling up the DagBag from /home/airflow/.local/lib/python3.7/site-packages/airflow/example_dags/example_branch_python_dop_operator_3.py
[2023-11-01T14:06:08.123+0000] {processor.py:766} INFO - DAG(s) dict_keys(['example_branch_dop_operator_v3']) retrieved from /home/airflow/.local/lib/python3.7/site-packages/airflow/example_dags/example_branch_python_dop_operator_3.py
[2023-11-01T14:06:08.172+0000] {logging_mixin.py:120} INFO - [2023-11-01T14:06:08.172+0000] {dag.py:2585} INFO - Sync 1 DAGs
[2023-11-01T14:06:08.223+0000] {logging_mixin.py:120} INFO - [2023-11-01T14:06:08.223+0000] {dag.py:3340} INFO - Setting next_dagrun for example_branch_dop_operator_v3 to 2023-11-01T14:05:00+00:00, run_after=2023-11-01T14:06:00+00:00
[2023-11-01T14:06:08.257+0000] {processor.py:176} INFO - Processing /home/airflow/.local/lib/python3.7/site-packages/airflow/example_dags/example_branch_python_dop_operator_3.py took 0.166 seconds
[2023-11-01T14:06:38.711+0000] {processor.py:154} INFO - Started process (PID=950) to work on /home/airflow/.local/lib/python3.7/site-packages/airflow/example_dags/example_branch_python_dop_operator_3.py
[2023-11-01T14:06:38.712+0000] {processor.py:756} INFO - Processing file /home/airflow/.local/lib/python3.7/site-packages/airflow/example_dags/example_branch_python_dop_operator_3.py for tasks to queue
[2023-11-01T14:06:38.714+0000] {logging_mixin.py:120} INFO - [2023-11-01T14:06:38.713+0000] {dagbag.py:537} INFO - Filling up the DagBag from /home/airflow/.local/lib/python3.7/site-packages/airflow/example_dags/example_branch_python_dop_operator_3.py
[2023-11-01T14:06:38.773+0000] {processor.py:766} INFO - DAG(s) dict_keys(['example_branch_dop_operator_v3']) retrieved from /home/airflow/.local/lib/python3.7/site-packages/airflow/example_dags/example_branch_python_dop_operator_3.py
[2023-11-01T14:06:38.909+0000] {logging_mixin.py:120} INFO - [2023-11-01T14:06:38.909+0000] {dag.py:2585} INFO - Sync 1 DAGs
[2023-11-01T14:06:38.985+0000] {logging_mixin.py:120} INFO - [2023-11-01T14:06:38.985+0000] {dag.py:3340} INFO - Setting next_dagrun for example_branch_dop_operator_v3 to 2023-11-01T14:05:00+00:00, run_after=2023-11-01T14:06:00+00:00
[2023-11-01T14:06:39.030+0000] {processor.py:176} INFO - Processing /home/airflow/.local/lib/python3.7/site-packages/airflow/example_dags/example_branch_python_dop_operator_3.py took 0.323 seconds
[2023-11-01T14:07:09.150+0000] {processor.py:154} INFO - Started process (PID=1008) to work on /home/airflow/.local/lib/python3.7/site-packages/airflow/example_dags/example_branch_python_dop_operator_3.py
[2023-11-01T14:07:09.151+0000] {processor.py:756} INFO - Processing file /home/airflow/.local/lib/python3.7/site-packages/airflow/example_dags/example_branch_python_dop_operator_3.py for tasks to queue
[2023-11-01T14:07:09.153+0000] {logging_mixin.py:120} INFO - [2023-11-01T14:07:09.152+0000] {dagbag.py:537} INFO - Filling up the DagBag from /home/airflow/.local/lib/python3.7/site-packages/airflow/example_dags/example_branch_python_dop_operator_3.py
[2023-11-01T14:07:09.182+0000] {processor.py:766} INFO - DAG(s) dict_keys(['example_branch_dop_operator_v3']) retrieved from /home/airflow/.local/lib/python3.7/site-packages/airflow/example_dags/example_branch_python_dop_operator_3.py
[2023-11-01T14:07:09.235+0000] {logging_mixin.py:120} INFO - [2023-11-01T14:07:09.235+0000] {dag.py:2585} INFO - Sync 1 DAGs
[2023-11-01T14:07:09.273+0000] {logging_mixin.py:120} INFO - [2023-11-01T14:07:09.273+0000] {dag.py:3340} INFO - Setting next_dagrun for example_branch_dop_operator_v3 to 2023-11-01T14:06:00+00:00, run_after=2023-11-01T14:07:00+00:00
[2023-11-01T14:07:09.314+0000] {processor.py:176} INFO - Processing /home/airflow/.local/lib/python3.7/site-packages/airflow/example_dags/example_branch_python_dop_operator_3.py took 0.167 seconds
