[2023-11-01T13:59:20.345+0000] {processor.py:154} INFO - Started process (PID=83) to work on /home/airflow/.local/lib/python3.7/site-packages/airflow/example_dags/example_branch_day_of_week_operator.py
[2023-11-01T13:59:20.349+0000] {processor.py:756} INFO - Processing file /home/airflow/.local/lib/python3.7/site-packages/airflow/example_dags/example_branch_day_of_week_operator.py for tasks to queue
[2023-11-01T13:59:20.350+0000] {logging_mixin.py:120} INFO - [2023-11-01T13:59:20.350+0000] {dagbag.py:537} INFO - Filling up the DagBag from /home/airflow/.local/lib/python3.7/site-packages/airflow/example_dags/example_branch_day_of_week_operator.py
[2023-11-01T13:59:20.387+0000] {processor.py:766} INFO - DAG(s) dict_keys(['example_weekday_branch_operator']) retrieved from /home/airflow/.local/lib/python3.7/site-packages/airflow/example_dags/example_branch_day_of_week_operator.py
[2023-11-01T13:59:20.488+0000] {logging_mixin.py:120} INFO - [2023-11-01T13:59:20.487+0000] {dag.py:2585} INFO - Sync 1 DAGs
[2023-11-01T13:59:20.563+0000] {logging_mixin.py:120} INFO - [2023-11-01T13:59:20.562+0000] {dag.py:3340} INFO - Setting next_dagrun for example_weekday_branch_operator to 2023-10-31T00:00:00+00:00, run_after=2023-11-01T00:00:00+00:00
[2023-11-01T13:59:20.627+0000] {processor.py:176} INFO - Processing /home/airflow/.local/lib/python3.7/site-packages/airflow/example_dags/example_branch_day_of_week_operator.py took 0.285 seconds
[2023-11-01T13:59:50.708+0000] {processor.py:154} INFO - Started process (PID=138) to work on /home/airflow/.local/lib/python3.7/site-packages/airflow/example_dags/example_branch_day_of_week_operator.py
[2023-11-01T13:59:50.711+0000] {processor.py:756} INFO - Processing file /home/airflow/.local/lib/python3.7/site-packages/airflow/example_dags/example_branch_day_of_week_operator.py for tasks to queue
[2023-11-01T13:59:50.713+0000] {logging_mixin.py:120} INFO - [2023-11-01T13:59:50.712+0000] {dagbag.py:537} INFO - Filling up the DagBag from /home/airflow/.local/lib/python3.7/site-packages/airflow/example_dags/example_branch_day_of_week_operator.py
[2023-11-01T13:59:50.735+0000] {processor.py:766} INFO - DAG(s) dict_keys(['example_weekday_branch_operator']) retrieved from /home/airflow/.local/lib/python3.7/site-packages/airflow/example_dags/example_branch_day_of_week_operator.py
[2023-11-01T13:59:50.779+0000] {logging_mixin.py:120} INFO - [2023-11-01T13:59:50.779+0000] {dag.py:2585} INFO - Sync 1 DAGs
[2023-11-01T13:59:50.815+0000] {logging_mixin.py:120} INFO - [2023-11-01T13:59:50.815+0000] {dag.py:3340} INFO - Setting next_dagrun for example_weekday_branch_operator to 2023-10-31T00:00:00+00:00, run_after=2023-11-01T00:00:00+00:00
[2023-11-01T13:59:50.840+0000] {processor.py:176} INFO - Processing /home/airflow/.local/lib/python3.7/site-packages/airflow/example_dags/example_branch_day_of_week_operator.py took 0.135 seconds
[2023-11-01T14:00:21.704+0000] {processor.py:154} INFO - Started process (PID=205) to work on /home/airflow/.local/lib/python3.7/site-packages/airflow/example_dags/example_branch_day_of_week_operator.py
[2023-11-01T14:00:21.706+0000] {processor.py:756} INFO - Processing file /home/airflow/.local/lib/python3.7/site-packages/airflow/example_dags/example_branch_day_of_week_operator.py for tasks to queue
[2023-11-01T14:00:21.707+0000] {logging_mixin.py:120} INFO - [2023-11-01T14:00:21.707+0000] {dagbag.py:537} INFO - Filling up the DagBag from /home/airflow/.local/lib/python3.7/site-packages/airflow/example_dags/example_branch_day_of_week_operator.py
[2023-11-01T14:00:21.723+0000] {processor.py:766} INFO - DAG(s) dict_keys(['example_weekday_branch_operator']) retrieved from /home/airflow/.local/lib/python3.7/site-packages/airflow/example_dags/example_branch_day_of_week_operator.py
[2023-11-01T14:00:21.769+0000] {logging_mixin.py:120} INFO - [2023-11-01T14:00:21.769+0000] {dag.py:2585} INFO - Sync 1 DAGs
[2023-11-01T14:00:21.801+0000] {logging_mixin.py:120} INFO - [2023-11-01T14:00:21.801+0000] {dag.py:3340} INFO - Setting next_dagrun for example_weekday_branch_operator to 2023-10-31T00:00:00+00:00, run_after=2023-11-01T00:00:00+00:00
[2023-11-01T14:00:21.829+0000] {processor.py:176} INFO - Processing /home/airflow/.local/lib/python3.7/site-packages/airflow/example_dags/example_branch_day_of_week_operator.py took 0.127 seconds
[2023-11-01T14:00:52.408+0000] {processor.py:154} INFO - Started process (PID=262) to work on /home/airflow/.local/lib/python3.7/site-packages/airflow/example_dags/example_branch_day_of_week_operator.py
[2023-11-01T14:00:52.409+0000] {processor.py:756} INFO - Processing file /home/airflow/.local/lib/python3.7/site-packages/airflow/example_dags/example_branch_day_of_week_operator.py for tasks to queue
[2023-11-01T14:00:52.410+0000] {logging_mixin.py:120} INFO - [2023-11-01T14:00:52.410+0000] {dagbag.py:537} INFO - Filling up the DagBag from /home/airflow/.local/lib/python3.7/site-packages/airflow/example_dags/example_branch_day_of_week_operator.py
[2023-11-01T14:00:52.427+0000] {processor.py:766} INFO - DAG(s) dict_keys(['example_weekday_branch_operator']) retrieved from /home/airflow/.local/lib/python3.7/site-packages/airflow/example_dags/example_branch_day_of_week_operator.py
[2023-11-01T14:00:52.475+0000] {logging_mixin.py:120} INFO - [2023-11-01T14:00:52.475+0000] {dag.py:2585} INFO - Sync 1 DAGs
[2023-11-01T14:00:52.513+0000] {logging_mixin.py:120} INFO - [2023-11-01T14:00:52.513+0000] {dag.py:3340} INFO - Setting next_dagrun for example_weekday_branch_operator to 2023-10-31T00:00:00+00:00, run_after=2023-11-01T00:00:00+00:00
[2023-11-01T14:00:52.541+0000] {processor.py:176} INFO - Processing /home/airflow/.local/lib/python3.7/site-packages/airflow/example_dags/example_branch_day_of_week_operator.py took 0.137 seconds
[2023-11-01T14:01:30.087+0000] {processor.py:154} INFO - Started process (PID=329) to work on /home/airflow/.local/lib/python3.7/site-packages/airflow/example_dags/example_branch_day_of_week_operator.py
[2023-11-01T14:01:30.094+0000] {processor.py:756} INFO - Processing file /home/airflow/.local/lib/python3.7/site-packages/airflow/example_dags/example_branch_day_of_week_operator.py for tasks to queue
[2023-11-01T14:01:30.096+0000] {logging_mixin.py:120} INFO - [2023-11-01T14:01:30.096+0000] {dagbag.py:537} INFO - Filling up the DagBag from /home/airflow/.local/lib/python3.7/site-packages/airflow/example_dags/example_branch_day_of_week_operator.py
[2023-11-01T14:01:30.159+0000] {processor.py:766} INFO - DAG(s) dict_keys(['example_weekday_branch_operator']) retrieved from /home/airflow/.local/lib/python3.7/site-packages/airflow/example_dags/example_branch_day_of_week_operator.py
[2023-11-01T14:01:30.307+0000] {logging_mixin.py:120} INFO - [2023-11-01T14:01:30.306+0000] {dag.py:2585} INFO - Sync 1 DAGs
[2023-11-01T14:01:30.417+0000] {logging_mixin.py:120} INFO - [2023-11-01T14:01:30.417+0000] {dag.py:3340} INFO - Setting next_dagrun for example_weekday_branch_operator to 2023-10-31T00:00:00+00:00, run_after=2023-11-01T00:00:00+00:00
[2023-11-01T14:01:30.509+0000] {processor.py:176} INFO - Processing /home/airflow/.local/lib/python3.7/site-packages/airflow/example_dags/example_branch_day_of_week_operator.py took 0.425 seconds
[2023-11-01T14:02:01.458+0000] {processor.py:154} INFO - Started process (PID=386) to work on /home/airflow/.local/lib/python3.7/site-packages/airflow/example_dags/example_branch_day_of_week_operator.py
[2023-11-01T14:02:01.460+0000] {processor.py:756} INFO - Processing file /home/airflow/.local/lib/python3.7/site-packages/airflow/example_dags/example_branch_day_of_week_operator.py for tasks to queue
[2023-11-01T14:02:01.461+0000] {logging_mixin.py:120} INFO - [2023-11-01T14:02:01.461+0000] {dagbag.py:537} INFO - Filling up the DagBag from /home/airflow/.local/lib/python3.7/site-packages/airflow/example_dags/example_branch_day_of_week_operator.py
[2023-11-01T14:02:01.482+0000] {processor.py:766} INFO - DAG(s) dict_keys(['example_weekday_branch_operator']) retrieved from /home/airflow/.local/lib/python3.7/site-packages/airflow/example_dags/example_branch_day_of_week_operator.py
[2023-11-01T14:02:01.536+0000] {logging_mixin.py:120} INFO - [2023-11-01T14:02:01.535+0000] {dag.py:2585} INFO - Sync 1 DAGs
[2023-11-01T14:02:01.583+0000] {logging_mixin.py:120} INFO - [2023-11-01T14:02:01.582+0000] {dag.py:3340} INFO - Setting next_dagrun for example_weekday_branch_operator to 2023-10-31T00:00:00+00:00, run_after=2023-11-01T00:00:00+00:00
[2023-11-01T14:02:01.624+0000] {processor.py:176} INFO - Processing /home/airflow/.local/lib/python3.7/site-packages/airflow/example_dags/example_branch_day_of_week_operator.py took 0.169 seconds
[2023-11-01T14:02:31.796+0000] {processor.py:154} INFO - Started process (PID=450) to work on /home/airflow/.local/lib/python3.7/site-packages/airflow/example_dags/example_branch_day_of_week_operator.py
[2023-11-01T14:02:31.797+0000] {processor.py:756} INFO - Processing file /home/airflow/.local/lib/python3.7/site-packages/airflow/example_dags/example_branch_day_of_week_operator.py for tasks to queue
[2023-11-01T14:02:31.799+0000] {logging_mixin.py:120} INFO - [2023-11-01T14:02:31.798+0000] {dagbag.py:537} INFO - Filling up the DagBag from /home/airflow/.local/lib/python3.7/site-packages/airflow/example_dags/example_branch_day_of_week_operator.py
[2023-11-01T14:02:31.816+0000] {processor.py:766} INFO - DAG(s) dict_keys(['example_weekday_branch_operator']) retrieved from /home/airflow/.local/lib/python3.7/site-packages/airflow/example_dags/example_branch_day_of_week_operator.py
[2023-11-01T14:02:31.883+0000] {logging_mixin.py:120} INFO - [2023-11-01T14:02:31.882+0000] {dag.py:2585} INFO - Sync 1 DAGs
[2023-11-01T14:02:31.919+0000] {logging_mixin.py:120} INFO - [2023-11-01T14:02:31.918+0000] {dag.py:3340} INFO - Setting next_dagrun for example_weekday_branch_operator to 2023-10-31T00:00:00+00:00, run_after=2023-11-01T00:00:00+00:00
[2023-11-01T14:02:31.947+0000] {processor.py:176} INFO - Processing /home/airflow/.local/lib/python3.7/site-packages/airflow/example_dags/example_branch_day_of_week_operator.py took 0.154 seconds
[2023-11-01T14:03:02.267+0000] {processor.py:154} INFO - Started process (PID=506) to work on /home/airflow/.local/lib/python3.7/site-packages/airflow/example_dags/example_branch_day_of_week_operator.py
[2023-11-01T14:03:02.269+0000] {processor.py:756} INFO - Processing file /home/airflow/.local/lib/python3.7/site-packages/airflow/example_dags/example_branch_day_of_week_operator.py for tasks to queue
[2023-11-01T14:03:02.270+0000] {logging_mixin.py:120} INFO - [2023-11-01T14:03:02.270+0000] {dagbag.py:537} INFO - Filling up the DagBag from /home/airflow/.local/lib/python3.7/site-packages/airflow/example_dags/example_branch_day_of_week_operator.py
[2023-11-01T14:03:02.293+0000] {processor.py:766} INFO - DAG(s) dict_keys(['example_weekday_branch_operator']) retrieved from /home/airflow/.local/lib/python3.7/site-packages/airflow/example_dags/example_branch_day_of_week_operator.py
[2023-11-01T14:03:02.351+0000] {logging_mixin.py:120} INFO - [2023-11-01T14:03:02.351+0000] {dag.py:2585} INFO - Sync 1 DAGs
[2023-11-01T14:03:02.396+0000] {logging_mixin.py:120} INFO - [2023-11-01T14:03:02.396+0000] {dag.py:3340} INFO - Setting next_dagrun for example_weekday_branch_operator to 2023-10-31T00:00:00+00:00, run_after=2023-11-01T00:00:00+00:00
[2023-11-01T14:03:02.429+0000] {processor.py:176} INFO - Processing /home/airflow/.local/lib/python3.7/site-packages/airflow/example_dags/example_branch_day_of_week_operator.py took 0.165 seconds
[2023-11-01T14:03:32.823+0000] {processor.py:154} INFO - Started process (PID=571) to work on /home/airflow/.local/lib/python3.7/site-packages/airflow/example_dags/example_branch_day_of_week_operator.py
[2023-11-01T14:03:32.824+0000] {processor.py:756} INFO - Processing file /home/airflow/.local/lib/python3.7/site-packages/airflow/example_dags/example_branch_day_of_week_operator.py for tasks to queue
[2023-11-01T14:03:32.826+0000] {logging_mixin.py:120} INFO - [2023-11-01T14:03:32.826+0000] {dagbag.py:537} INFO - Filling up the DagBag from /home/airflow/.local/lib/python3.7/site-packages/airflow/example_dags/example_branch_day_of_week_operator.py
[2023-11-01T14:03:32.847+0000] {processor.py:766} INFO - DAG(s) dict_keys(['example_weekday_branch_operator']) retrieved from /home/airflow/.local/lib/python3.7/site-packages/airflow/example_dags/example_branch_day_of_week_operator.py
[2023-11-01T14:03:32.894+0000] {logging_mixin.py:120} INFO - [2023-11-01T14:03:32.894+0000] {dag.py:2585} INFO - Sync 1 DAGs
[2023-11-01T14:03:32.930+0000] {logging_mixin.py:120} INFO - [2023-11-01T14:03:32.930+0000] {dag.py:3340} INFO - Setting next_dagrun for example_weekday_branch_operator to 2023-10-31T00:00:00+00:00, run_after=2023-11-01T00:00:00+00:00
[2023-11-01T14:03:32.971+0000] {processor.py:176} INFO - Processing /home/airflow/.local/lib/python3.7/site-packages/airflow/example_dags/example_branch_day_of_week_operator.py took 0.150 seconds
[2023-11-01T14:04:03.747+0000] {processor.py:154} INFO - Started process (PID=637) to work on /home/airflow/.local/lib/python3.7/site-packages/airflow/example_dags/example_branch_day_of_week_operator.py
[2023-11-01T14:04:03.749+0000] {processor.py:756} INFO - Processing file /home/airflow/.local/lib/python3.7/site-packages/airflow/example_dags/example_branch_day_of_week_operator.py for tasks to queue
[2023-11-01T14:04:03.750+0000] {logging_mixin.py:120} INFO - [2023-11-01T14:04:03.750+0000] {dagbag.py:537} INFO - Filling up the DagBag from /home/airflow/.local/lib/python3.7/site-packages/airflow/example_dags/example_branch_day_of_week_operator.py
[2023-11-01T14:04:03.771+0000] {processor.py:766} INFO - DAG(s) dict_keys(['example_weekday_branch_operator']) retrieved from /home/airflow/.local/lib/python3.7/site-packages/airflow/example_dags/example_branch_day_of_week_operator.py
[2023-11-01T14:04:03.839+0000] {logging_mixin.py:120} INFO - [2023-11-01T14:04:03.839+0000] {dag.py:2585} INFO - Sync 1 DAGs
[2023-11-01T14:04:03.881+0000] {logging_mixin.py:120} INFO - [2023-11-01T14:04:03.880+0000] {dag.py:3340} INFO - Setting next_dagrun for example_weekday_branch_operator to 2023-10-31T00:00:00+00:00, run_after=2023-11-01T00:00:00+00:00
[2023-11-01T14:04:03.912+0000] {processor.py:176} INFO - Processing /home/airflow/.local/lib/python3.7/site-packages/airflow/example_dags/example_branch_day_of_week_operator.py took 0.168 seconds
[2023-11-01T14:04:34.154+0000] {processor.py:154} INFO - Started process (PID=692) to work on /home/airflow/.local/lib/python3.7/site-packages/airflow/example_dags/example_branch_day_of_week_operator.py
[2023-11-01T14:04:34.155+0000] {processor.py:756} INFO - Processing file /home/airflow/.local/lib/python3.7/site-packages/airflow/example_dags/example_branch_day_of_week_operator.py for tasks to queue
[2023-11-01T14:04:34.157+0000] {logging_mixin.py:120} INFO - [2023-11-01T14:04:34.157+0000] {dagbag.py:537} INFO - Filling up the DagBag from /home/airflow/.local/lib/python3.7/site-packages/airflow/example_dags/example_branch_day_of_week_operator.py
[2023-11-01T14:04:34.177+0000] {processor.py:766} INFO - DAG(s) dict_keys(['example_weekday_branch_operator']) retrieved from /home/airflow/.local/lib/python3.7/site-packages/airflow/example_dags/example_branch_day_of_week_operator.py
[2023-11-01T14:04:34.225+0000] {logging_mixin.py:120} INFO - [2023-11-01T14:04:34.225+0000] {dag.py:2585} INFO - Sync 1 DAGs
[2023-11-01T14:04:34.265+0000] {logging_mixin.py:120} INFO - [2023-11-01T14:04:34.264+0000] {dag.py:3340} INFO - Setting next_dagrun for example_weekday_branch_operator to 2023-10-31T00:00:00+00:00, run_after=2023-11-01T00:00:00+00:00
[2023-11-01T14:04:34.292+0000] {processor.py:176} INFO - Processing /home/airflow/.local/lib/python3.7/site-packages/airflow/example_dags/example_branch_day_of_week_operator.py took 0.141 seconds
[2023-11-01T14:05:04.950+0000] {processor.py:154} INFO - Started process (PID=759) to work on /home/airflow/.local/lib/python3.7/site-packages/airflow/example_dags/example_branch_day_of_week_operator.py
[2023-11-01T14:05:04.952+0000] {processor.py:756} INFO - Processing file /home/airflow/.local/lib/python3.7/site-packages/airflow/example_dags/example_branch_day_of_week_operator.py for tasks to queue
[2023-11-01T14:05:04.953+0000] {logging_mixin.py:120} INFO - [2023-11-01T14:05:04.953+0000] {dagbag.py:537} INFO - Filling up the DagBag from /home/airflow/.local/lib/python3.7/site-packages/airflow/example_dags/example_branch_day_of_week_operator.py
[2023-11-01T14:05:04.975+0000] {processor.py:766} INFO - DAG(s) dict_keys(['example_weekday_branch_operator']) retrieved from /home/airflow/.local/lib/python3.7/site-packages/airflow/example_dags/example_branch_day_of_week_operator.py
[2023-11-01T14:05:05.028+0000] {logging_mixin.py:120} INFO - [2023-11-01T14:05:05.028+0000] {dag.py:2585} INFO - Sync 1 DAGs
[2023-11-01T14:05:05.065+0000] {logging_mixin.py:120} INFO - [2023-11-01T14:05:05.064+0000] {dag.py:3340} INFO - Setting next_dagrun for example_weekday_branch_operator to 2023-10-31T00:00:00+00:00, run_after=2023-11-01T00:00:00+00:00
[2023-11-01T14:05:05.093+0000] {processor.py:176} INFO - Processing /home/airflow/.local/lib/python3.7/site-packages/airflow/example_dags/example_branch_day_of_week_operator.py took 0.146 seconds
[2023-11-01T14:05:35.426+0000] {processor.py:154} INFO - Started process (PID=815) to work on /home/airflow/.local/lib/python3.7/site-packages/airflow/example_dags/example_branch_day_of_week_operator.py
[2023-11-01T14:05:35.427+0000] {processor.py:756} INFO - Processing file /home/airflow/.local/lib/python3.7/site-packages/airflow/example_dags/example_branch_day_of_week_operator.py for tasks to queue
[2023-11-01T14:05:35.429+0000] {logging_mixin.py:120} INFO - [2023-11-01T14:05:35.428+0000] {dagbag.py:537} INFO - Filling up the DagBag from /home/airflow/.local/lib/python3.7/site-packages/airflow/example_dags/example_branch_day_of_week_operator.py
[2023-11-01T14:05:35.446+0000] {processor.py:766} INFO - DAG(s) dict_keys(['example_weekday_branch_operator']) retrieved from /home/airflow/.local/lib/python3.7/site-packages/airflow/example_dags/example_branch_day_of_week_operator.py
[2023-11-01T14:05:35.508+0000] {logging_mixin.py:120} INFO - [2023-11-01T14:05:35.507+0000] {dag.py:2585} INFO - Sync 1 DAGs
[2023-11-01T14:05:35.543+0000] {logging_mixin.py:120} INFO - [2023-11-01T14:05:35.543+0000] {dag.py:3340} INFO - Setting next_dagrun for example_weekday_branch_operator to 2023-10-31T00:00:00+00:00, run_after=2023-11-01T00:00:00+00:00
[2023-11-01T14:05:35.574+0000] {processor.py:176} INFO - Processing /home/airflow/.local/lib/python3.7/site-packages/airflow/example_dags/example_branch_day_of_week_operator.py took 0.151 seconds
[2023-11-01T14:06:06.430+0000] {processor.py:154} INFO - Started process (PID=880) to work on /home/airflow/.local/lib/python3.7/site-packages/airflow/example_dags/example_branch_day_of_week_operator.py
[2023-11-01T14:06:06.433+0000] {processor.py:756} INFO - Processing file /home/airflow/.local/lib/python3.7/site-packages/airflow/example_dags/example_branch_day_of_week_operator.py for tasks to queue
[2023-11-01T14:06:06.434+0000] {logging_mixin.py:120} INFO - [2023-11-01T14:06:06.434+0000] {dagbag.py:537} INFO - Filling up the DagBag from /home/airflow/.local/lib/python3.7/site-packages/airflow/example_dags/example_branch_day_of_week_operator.py
[2023-11-01T14:06:06.453+0000] {processor.py:766} INFO - DAG(s) dict_keys(['example_weekday_branch_operator']) retrieved from /home/airflow/.local/lib/python3.7/site-packages/airflow/example_dags/example_branch_day_of_week_operator.py
[2023-11-01T14:06:06.498+0000] {logging_mixin.py:120} INFO - [2023-11-01T14:06:06.498+0000] {dag.py:2585} INFO - Sync 1 DAGs
[2023-11-01T14:06:06.542+0000] {logging_mixin.py:120} INFO - [2023-11-01T14:06:06.542+0000] {dag.py:3340} INFO - Setting next_dagrun for example_weekday_branch_operator to 2023-10-31T00:00:00+00:00, run_after=2023-11-01T00:00:00+00:00
[2023-11-01T14:06:06.574+0000] {processor.py:176} INFO - Processing /home/airflow/.local/lib/python3.7/site-packages/airflow/example_dags/example_branch_day_of_week_operator.py took 0.147 seconds
[2023-11-01T14:06:37.492+0000] {processor.py:154} INFO - Started process (PID=937) to work on /home/airflow/.local/lib/python3.7/site-packages/airflow/example_dags/example_branch_day_of_week_operator.py
[2023-11-01T14:06:37.494+0000] {processor.py:756} INFO - Processing file /home/airflow/.local/lib/python3.7/site-packages/airflow/example_dags/example_branch_day_of_week_operator.py for tasks to queue
[2023-11-01T14:06:37.495+0000] {logging_mixin.py:120} INFO - [2023-11-01T14:06:37.495+0000] {dagbag.py:537} INFO - Filling up the DagBag from /home/airflow/.local/lib/python3.7/site-packages/airflow/example_dags/example_branch_day_of_week_operator.py
[2023-11-01T14:06:37.515+0000] {processor.py:766} INFO - DAG(s) dict_keys(['example_weekday_branch_operator']) retrieved from /home/airflow/.local/lib/python3.7/site-packages/airflow/example_dags/example_branch_day_of_week_operator.py
[2023-11-01T14:06:37.581+0000] {logging_mixin.py:120} INFO - [2023-11-01T14:06:37.581+0000] {dag.py:2585} INFO - Sync 1 DAGs
[2023-11-01T14:06:37.623+0000] {logging_mixin.py:120} INFO - [2023-11-01T14:06:37.623+0000] {dag.py:3340} INFO - Setting next_dagrun for example_weekday_branch_operator to 2023-10-31T00:00:00+00:00, run_after=2023-11-01T00:00:00+00:00
[2023-11-01T14:06:37.656+0000] {processor.py:176} INFO - Processing /home/airflow/.local/lib/python3.7/site-packages/airflow/example_dags/example_branch_day_of_week_operator.py took 0.167 seconds
[2023-11-01T14:07:07.757+0000] {processor.py:154} INFO - Started process (PID=1000) to work on /home/airflow/.local/lib/python3.7/site-packages/airflow/example_dags/example_branch_day_of_week_operator.py
[2023-11-01T14:07:07.759+0000] {processor.py:756} INFO - Processing file /home/airflow/.local/lib/python3.7/site-packages/airflow/example_dags/example_branch_day_of_week_operator.py for tasks to queue
[2023-11-01T14:07:07.760+0000] {logging_mixin.py:120} INFO - [2023-11-01T14:07:07.760+0000] {dagbag.py:537} INFO - Filling up the DagBag from /home/airflow/.local/lib/python3.7/site-packages/airflow/example_dags/example_branch_day_of_week_operator.py
[2023-11-01T14:07:07.782+0000] {processor.py:766} INFO - DAG(s) dict_keys(['example_weekday_branch_operator']) retrieved from /home/airflow/.local/lib/python3.7/site-packages/airflow/example_dags/example_branch_day_of_week_operator.py
[2023-11-01T14:07:07.844+0000] {logging_mixin.py:120} INFO - [2023-11-01T14:07:07.843+0000] {dag.py:2585} INFO - Sync 1 DAGs
[2023-11-01T14:07:07.883+0000] {logging_mixin.py:120} INFO - [2023-11-01T14:07:07.882+0000] {dag.py:3340} INFO - Setting next_dagrun for example_weekday_branch_operator to 2023-10-31T00:00:00+00:00, run_after=2023-11-01T00:00:00+00:00
[2023-11-01T14:07:07.918+0000] {processor.py:176} INFO - Processing /home/airflow/.local/lib/python3.7/site-packages/airflow/example_dags/example_branch_day_of_week_operator.py took 0.165 seconds
