[2023-11-01T13:59:15.659+0000] {processor.py:154} INFO - Started process (PID=54) to work on /home/airflow/.local/lib/python3.7/site-packages/airflow/example_dags/example_task_group.py
[2023-11-01T13:59:15.661+0000] {processor.py:756} INFO - Processing file /home/airflow/.local/lib/python3.7/site-packages/airflow/example_dags/example_task_group.py for tasks to queue
[2023-11-01T13:59:15.662+0000] {logging_mixin.py:120} INFO - [2023-11-01T13:59:15.662+0000] {dagbag.py:537} INFO - Filling up the DagBag from /home/airflow/.local/lib/python3.7/site-packages/airflow/example_dags/example_task_group.py
[2023-11-01T13:59:15.691+0000] {processor.py:766} INFO - DAG(s) dict_keys(['example_task_group']) retrieved from /home/airflow/.local/lib/python3.7/site-packages/airflow/example_dags/example_task_group.py
[2023-11-01T13:59:15.748+0000] {logging_mixin.py:120} INFO - [2023-11-01T13:59:15.747+0000] {dag.py:2585} INFO - Sync 1 DAGs
[2023-11-01T13:59:15.793+0000] {logging_mixin.py:120} INFO - [2023-11-01T13:59:15.793+0000] {dag.py:3340} INFO - Setting next_dagrun for example_task_group to 2023-10-31T13:59:15.793209+00:00, run_after=2023-11-01T13:59:15.793209+00:00
[2023-11-01T13:59:15.855+0000] {processor.py:176} INFO - Processing /home/airflow/.local/lib/python3.7/site-packages/airflow/example_dags/example_task_group.py took 0.201 seconds
[2023-11-01T13:59:46.640+0000] {processor.py:154} INFO - Started process (PID=118) to work on /home/airflow/.local/lib/python3.7/site-packages/airflow/example_dags/example_task_group.py
[2023-11-01T13:59:46.641+0000] {processor.py:756} INFO - Processing file /home/airflow/.local/lib/python3.7/site-packages/airflow/example_dags/example_task_group.py for tasks to queue
[2023-11-01T13:59:46.643+0000] {logging_mixin.py:120} INFO - [2023-11-01T13:59:46.643+0000] {dagbag.py:537} INFO - Filling up the DagBag from /home/airflow/.local/lib/python3.7/site-packages/airflow/example_dags/example_task_group.py
[2023-11-01T13:59:46.663+0000] {processor.py:766} INFO - DAG(s) dict_keys(['example_task_group']) retrieved from /home/airflow/.local/lib/python3.7/site-packages/airflow/example_dags/example_task_group.py
[2023-11-01T13:59:46.708+0000] {logging_mixin.py:120} INFO - [2023-11-01T13:59:46.708+0000] {dag.py:2585} INFO - Sync 1 DAGs
[2023-11-01T13:59:46.744+0000] {logging_mixin.py:120} INFO - [2023-11-01T13:59:46.744+0000] {dag.py:3340} INFO - Setting next_dagrun for example_task_group to 2023-10-31T13:59:46.744345+00:00, run_after=2023-11-01T13:59:46.744345+00:00
[2023-11-01T13:59:46.784+0000] {processor.py:176} INFO - Processing /home/airflow/.local/lib/python3.7/site-packages/airflow/example_dags/example_task_group.py took 0.148 seconds
[2023-11-01T14:00:17.001+0000] {processor.py:154} INFO - Started process (PID=177) to work on /home/airflow/.local/lib/python3.7/site-packages/airflow/example_dags/example_task_group.py
[2023-11-01T14:00:17.002+0000] {processor.py:756} INFO - Processing file /home/airflow/.local/lib/python3.7/site-packages/airflow/example_dags/example_task_group.py for tasks to queue
[2023-11-01T14:00:17.003+0000] {logging_mixin.py:120} INFO - [2023-11-01T14:00:17.003+0000] {dagbag.py:537} INFO - Filling up the DagBag from /home/airflow/.local/lib/python3.7/site-packages/airflow/example_dags/example_task_group.py
[2023-11-01T14:00:17.018+0000] {processor.py:766} INFO - DAG(s) dict_keys(['example_task_group']) retrieved from /home/airflow/.local/lib/python3.7/site-packages/airflow/example_dags/example_task_group.py
[2023-11-01T14:00:17.065+0000] {logging_mixin.py:120} INFO - [2023-11-01T14:00:17.065+0000] {dag.py:2585} INFO - Sync 1 DAGs
[2023-11-01T14:00:17.096+0000] {logging_mixin.py:120} INFO - [2023-11-01T14:00:17.095+0000] {dag.py:3340} INFO - Setting next_dagrun for example_task_group to 2023-10-31T14:00:17.095622+00:00, run_after=2023-11-01T14:00:17.095622+00:00
[2023-11-01T14:00:17.122+0000] {processor.py:176} INFO - Processing /home/airflow/.local/lib/python3.7/site-packages/airflow/example_dags/example_task_group.py took 0.124 seconds
[2023-11-01T14:00:47.442+0000] {processor.py:154} INFO - Started process (PID=242) to work on /home/airflow/.local/lib/python3.7/site-packages/airflow/example_dags/example_task_group.py
[2023-11-01T14:00:47.443+0000] {processor.py:756} INFO - Processing file /home/airflow/.local/lib/python3.7/site-packages/airflow/example_dags/example_task_group.py for tasks to queue
[2023-11-01T14:00:47.444+0000] {logging_mixin.py:120} INFO - [2023-11-01T14:00:47.444+0000] {dagbag.py:537} INFO - Filling up the DagBag from /home/airflow/.local/lib/python3.7/site-packages/airflow/example_dags/example_task_group.py
[2023-11-01T14:00:47.461+0000] {processor.py:766} INFO - DAG(s) dict_keys(['example_task_group']) retrieved from /home/airflow/.local/lib/python3.7/site-packages/airflow/example_dags/example_task_group.py
[2023-11-01T14:00:47.508+0000] {logging_mixin.py:120} INFO - [2023-11-01T14:00:47.508+0000] {dag.py:2585} INFO - Sync 1 DAGs
[2023-11-01T14:00:47.541+0000] {logging_mixin.py:120} INFO - [2023-11-01T14:00:47.541+0000] {dag.py:3340} INFO - Setting next_dagrun for example_task_group to 2023-10-31T14:00:47.541061+00:00, run_after=2023-11-01T14:00:47.541061+00:00
[2023-11-01T14:00:47.567+0000] {processor.py:176} INFO - Processing /home/airflow/.local/lib/python3.7/site-packages/airflow/example_dags/example_task_group.py took 0.128 seconds
[2023-11-01T14:01:18.799+0000] {processor.py:154} INFO - Started process (PID=308) to work on /home/airflow/.local/lib/python3.7/site-packages/airflow/example_dags/example_task_group.py
[2023-11-01T14:01:18.811+0000] {processor.py:756} INFO - Processing file /home/airflow/.local/lib/python3.7/site-packages/airflow/example_dags/example_task_group.py for tasks to queue
[2023-11-01T14:01:18.812+0000] {logging_mixin.py:120} INFO - [2023-11-01T14:01:18.812+0000] {dagbag.py:537} INFO - Filling up the DagBag from /home/airflow/.local/lib/python3.7/site-packages/airflow/example_dags/example_task_group.py
[2023-11-01T14:01:18.878+0000] {processor.py:766} INFO - DAG(s) dict_keys(['example_task_group']) retrieved from /home/airflow/.local/lib/python3.7/site-packages/airflow/example_dags/example_task_group.py
[2023-11-01T14:01:19.050+0000] {logging_mixin.py:120} INFO - [2023-11-01T14:01:19.050+0000] {dag.py:2585} INFO - Sync 1 DAGs
[2023-11-01T14:01:19.200+0000] {logging_mixin.py:120} INFO - [2023-11-01T14:01:19.199+0000] {dag.py:3340} INFO - Setting next_dagrun for example_task_group to 2023-10-31T14:01:19.199611+00:00, run_after=2023-11-01T14:01:19.199611+00:00
[2023-11-01T14:01:19.430+0000] {processor.py:176} INFO - Processing /home/airflow/.local/lib/python3.7/site-packages/airflow/example_dags/example_task_group.py took 0.649 seconds
[2023-11-01T14:01:50.247+0000] {processor.py:154} INFO - Started process (PID=363) to work on /home/airflow/.local/lib/python3.7/site-packages/airflow/example_dags/example_task_group.py
[2023-11-01T14:01:50.248+0000] {processor.py:756} INFO - Processing file /home/airflow/.local/lib/python3.7/site-packages/airflow/example_dags/example_task_group.py for tasks to queue
[2023-11-01T14:01:50.250+0000] {logging_mixin.py:120} INFO - [2023-11-01T14:01:50.250+0000] {dagbag.py:537} INFO - Filling up the DagBag from /home/airflow/.local/lib/python3.7/site-packages/airflow/example_dags/example_task_group.py
[2023-11-01T14:01:50.274+0000] {processor.py:766} INFO - DAG(s) dict_keys(['example_task_group']) retrieved from /home/airflow/.local/lib/python3.7/site-packages/airflow/example_dags/example_task_group.py
[2023-11-01T14:01:50.401+0000] {logging_mixin.py:120} INFO - [2023-11-01T14:01:50.401+0000] {dag.py:2585} INFO - Sync 1 DAGs
[2023-11-01T14:01:50.517+0000] {logging_mixin.py:120} INFO - [2023-11-01T14:01:50.517+0000] {dag.py:3340} INFO - Setting next_dagrun for example_task_group to 2023-10-31T14:01:50.509275+00:00, run_after=2023-11-01T14:01:50.509275+00:00
[2023-11-01T14:01:50.630+0000] {processor.py:176} INFO - Processing /home/airflow/.local/lib/python3.7/site-packages/airflow/example_dags/example_task_group.py took 0.385 seconds
[2023-11-01T14:02:20.802+0000] {processor.py:154} INFO - Started process (PID=421) to work on /home/airflow/.local/lib/python3.7/site-packages/airflow/example_dags/example_task_group.py
[2023-11-01T14:02:20.803+0000] {processor.py:756} INFO - Processing file /home/airflow/.local/lib/python3.7/site-packages/airflow/example_dags/example_task_group.py for tasks to queue
[2023-11-01T14:02:20.804+0000] {logging_mixin.py:120} INFO - [2023-11-01T14:02:20.804+0000] {dagbag.py:537} INFO - Filling up the DagBag from /home/airflow/.local/lib/python3.7/site-packages/airflow/example_dags/example_task_group.py
[2023-11-01T14:02:20.828+0000] {processor.py:766} INFO - DAG(s) dict_keys(['example_task_group']) retrieved from /home/airflow/.local/lib/python3.7/site-packages/airflow/example_dags/example_task_group.py
[2023-11-01T14:02:20.879+0000] {logging_mixin.py:120} INFO - [2023-11-01T14:02:20.878+0000] {dag.py:2585} INFO - Sync 1 DAGs
[2023-11-01T14:02:20.921+0000] {logging_mixin.py:120} INFO - [2023-11-01T14:02:20.920+0000] {dag.py:3340} INFO - Setting next_dagrun for example_task_group to 2023-10-31T14:02:20.920618+00:00, run_after=2023-11-01T14:02:20.920618+00:00
[2023-11-01T14:02:20.956+0000] {processor.py:176} INFO - Processing /home/airflow/.local/lib/python3.7/site-packages/airflow/example_dags/example_task_group.py took 0.156 seconds
[2023-11-01T14:02:51.140+0000] {processor.py:154} INFO - Started process (PID=486) to work on /home/airflow/.local/lib/python3.7/site-packages/airflow/example_dags/example_task_group.py
[2023-11-01T14:02:51.143+0000] {processor.py:756} INFO - Processing file /home/airflow/.local/lib/python3.7/site-packages/airflow/example_dags/example_task_group.py for tasks to queue
[2023-11-01T14:02:51.145+0000] {logging_mixin.py:120} INFO - [2023-11-01T14:02:51.145+0000] {dagbag.py:537} INFO - Filling up the DagBag from /home/airflow/.local/lib/python3.7/site-packages/airflow/example_dags/example_task_group.py
[2023-11-01T14:02:51.169+0000] {processor.py:766} INFO - DAG(s) dict_keys(['example_task_group']) retrieved from /home/airflow/.local/lib/python3.7/site-packages/airflow/example_dags/example_task_group.py
[2023-11-01T14:02:51.222+0000] {logging_mixin.py:120} INFO - [2023-11-01T14:02:51.222+0000] {dag.py:2585} INFO - Sync 1 DAGs
[2023-11-01T14:02:51.288+0000] {logging_mixin.py:120} INFO - [2023-11-01T14:02:51.288+0000] {dag.py:3340} INFO - Setting next_dagrun for example_task_group to 2023-10-31T14:02:51.288485+00:00, run_after=2023-11-01T14:02:51.288485+00:00
[2023-11-01T14:02:51.327+0000] {processor.py:176} INFO - Processing /home/airflow/.local/lib/python3.7/site-packages/airflow/example_dags/example_task_group.py took 0.190 seconds
[2023-11-01T14:03:21.771+0000] {processor.py:154} INFO - Started process (PID=542) to work on /home/airflow/.local/lib/python3.7/site-packages/airflow/example_dags/example_task_group.py
[2023-11-01T14:03:21.772+0000] {processor.py:756} INFO - Processing file /home/airflow/.local/lib/python3.7/site-packages/airflow/example_dags/example_task_group.py for tasks to queue
[2023-11-01T14:03:21.773+0000] {logging_mixin.py:120} INFO - [2023-11-01T14:03:21.773+0000] {dagbag.py:537} INFO - Filling up the DagBag from /home/airflow/.local/lib/python3.7/site-packages/airflow/example_dags/example_task_group.py
[2023-11-01T14:03:21.799+0000] {processor.py:766} INFO - DAG(s) dict_keys(['example_task_group']) retrieved from /home/airflow/.local/lib/python3.7/site-packages/airflow/example_dags/example_task_group.py
[2023-11-01T14:03:21.855+0000] {logging_mixin.py:120} INFO - [2023-11-01T14:03:21.855+0000] {dag.py:2585} INFO - Sync 1 DAGs
[2023-11-01T14:03:21.909+0000] {logging_mixin.py:120} INFO - [2023-11-01T14:03:21.908+0000] {dag.py:3340} INFO - Setting next_dagrun for example_task_group to 2023-10-31T14:03:21.908624+00:00, run_after=2023-11-01T14:03:21.908624+00:00
[2023-11-01T14:03:21.963+0000] {processor.py:176} INFO - Processing /home/airflow/.local/lib/python3.7/site-packages/airflow/example_dags/example_task_group.py took 0.196 seconds
[2023-11-01T14:03:52.058+0000] {processor.py:154} INFO - Started process (PID=607) to work on /home/airflow/.local/lib/python3.7/site-packages/airflow/example_dags/example_task_group.py
[2023-11-01T14:03:52.060+0000] {processor.py:756} INFO - Processing file /home/airflow/.local/lib/python3.7/site-packages/airflow/example_dags/example_task_group.py for tasks to queue
[2023-11-01T14:03:52.063+0000] {logging_mixin.py:120} INFO - [2023-11-01T14:03:52.063+0000] {dagbag.py:537} INFO - Filling up the DagBag from /home/airflow/.local/lib/python3.7/site-packages/airflow/example_dags/example_task_group.py
[2023-11-01T14:03:52.085+0000] {processor.py:766} INFO - DAG(s) dict_keys(['example_task_group']) retrieved from /home/airflow/.local/lib/python3.7/site-packages/airflow/example_dags/example_task_group.py
[2023-11-01T14:03:52.135+0000] {logging_mixin.py:120} INFO - [2023-11-01T14:03:52.135+0000] {dag.py:2585} INFO - Sync 1 DAGs
[2023-11-01T14:03:52.172+0000] {logging_mixin.py:120} INFO - [2023-11-01T14:03:52.171+0000] {dag.py:3340} INFO - Setting next_dagrun for example_task_group to 2023-10-31T14:03:52.171608+00:00, run_after=2023-11-01T14:03:52.171608+00:00
[2023-11-01T14:03:52.204+0000] {processor.py:176} INFO - Processing /home/airflow/.local/lib/python3.7/site-packages/airflow/example_dags/example_task_group.py took 0.149 seconds
[2023-11-01T14:04:22.836+0000] {processor.py:154} INFO - Started process (PID=664) to work on /home/airflow/.local/lib/python3.7/site-packages/airflow/example_dags/example_task_group.py
[2023-11-01T14:04:22.837+0000] {processor.py:756} INFO - Processing file /home/airflow/.local/lib/python3.7/site-packages/airflow/example_dags/example_task_group.py for tasks to queue
[2023-11-01T14:04:22.838+0000] {logging_mixin.py:120} INFO - [2023-11-01T14:04:22.838+0000] {dagbag.py:537} INFO - Filling up the DagBag from /home/airflow/.local/lib/python3.7/site-packages/airflow/example_dags/example_task_group.py
[2023-11-01T14:04:22.863+0000] {processor.py:766} INFO - DAG(s) dict_keys(['example_task_group']) retrieved from /home/airflow/.local/lib/python3.7/site-packages/airflow/example_dags/example_task_group.py
[2023-11-01T14:04:22.913+0000] {logging_mixin.py:120} INFO - [2023-11-01T14:04:22.913+0000] {dag.py:2585} INFO - Sync 1 DAGs
[2023-11-01T14:04:22.952+0000] {logging_mixin.py:120} INFO - [2023-11-01T14:04:22.952+0000] {dag.py:3340} INFO - Setting next_dagrun for example_task_group to 2023-10-31T14:04:22.952284+00:00, run_after=2023-11-01T14:04:22.952284+00:00
[2023-11-01T14:04:22.987+0000] {processor.py:176} INFO - Processing /home/airflow/.local/lib/python3.7/site-packages/airflow/example_dags/example_task_group.py took 0.155 seconds
[2023-11-01T14:04:53.795+0000] {processor.py:154} INFO - Started process (PID=730) to work on /home/airflow/.local/lib/python3.7/site-packages/airflow/example_dags/example_task_group.py
[2023-11-01T14:04:53.797+0000] {processor.py:756} INFO - Processing file /home/airflow/.local/lib/python3.7/site-packages/airflow/example_dags/example_task_group.py for tasks to queue
[2023-11-01T14:04:53.799+0000] {logging_mixin.py:120} INFO - [2023-11-01T14:04:53.799+0000] {dagbag.py:537} INFO - Filling up the DagBag from /home/airflow/.local/lib/python3.7/site-packages/airflow/example_dags/example_task_group.py
[2023-11-01T14:04:53.821+0000] {processor.py:766} INFO - DAG(s) dict_keys(['example_task_group']) retrieved from /home/airflow/.local/lib/python3.7/site-packages/airflow/example_dags/example_task_group.py
[2023-11-01T14:04:53.892+0000] {logging_mixin.py:120} INFO - [2023-11-01T14:04:53.891+0000] {dag.py:2585} INFO - Sync 1 DAGs
[2023-11-01T14:04:53.949+0000] {logging_mixin.py:120} INFO - [2023-11-01T14:04:53.948+0000] {dag.py:3340} INFO - Setting next_dagrun for example_task_group to 2023-10-31T14:04:53.948497+00:00, run_after=2023-11-01T14:04:53.948497+00:00
[2023-11-01T14:04:53.978+0000] {processor.py:176} INFO - Processing /home/airflow/.local/lib/python3.7/site-packages/airflow/example_dags/example_task_group.py took 0.186 seconds
[2023-11-01T14:05:24.101+0000] {processor.py:154} INFO - Started process (PID=786) to work on /home/airflow/.local/lib/python3.7/site-packages/airflow/example_dags/example_task_group.py
[2023-11-01T14:05:24.102+0000] {processor.py:756} INFO - Processing file /home/airflow/.local/lib/python3.7/site-packages/airflow/example_dags/example_task_group.py for tasks to queue
[2023-11-01T14:05:24.104+0000] {logging_mixin.py:120} INFO - [2023-11-01T14:05:24.104+0000] {dagbag.py:537} INFO - Filling up the DagBag from /home/airflow/.local/lib/python3.7/site-packages/airflow/example_dags/example_task_group.py
[2023-11-01T14:05:24.123+0000] {processor.py:766} INFO - DAG(s) dict_keys(['example_task_group']) retrieved from /home/airflow/.local/lib/python3.7/site-packages/airflow/example_dags/example_task_group.py
[2023-11-01T14:05:24.271+0000] {logging_mixin.py:120} INFO - [2023-11-01T14:05:24.270+0000] {dag.py:2585} INFO - Sync 1 DAGs
[2023-11-01T14:05:24.309+0000] {logging_mixin.py:120} INFO - [2023-11-01T14:05:24.309+0000] {dag.py:3340} INFO - Setting next_dagrun for example_task_group to 2023-10-31T14:05:24.309314+00:00, run_after=2023-11-01T14:05:24.309314+00:00
[2023-11-01T14:05:24.340+0000] {processor.py:176} INFO - Processing /home/airflow/.local/lib/python3.7/site-packages/airflow/example_dags/example_task_group.py took 0.242 seconds
[2023-11-01T14:05:55.196+0000] {processor.py:154} INFO - Started process (PID=851) to work on /home/airflow/.local/lib/python3.7/site-packages/airflow/example_dags/example_task_group.py
[2023-11-01T14:05:55.200+0000] {processor.py:756} INFO - Processing file /home/airflow/.local/lib/python3.7/site-packages/airflow/example_dags/example_task_group.py for tasks to queue
[2023-11-01T14:05:55.202+0000] {logging_mixin.py:120} INFO - [2023-11-01T14:05:55.201+0000] {dagbag.py:537} INFO - Filling up the DagBag from /home/airflow/.local/lib/python3.7/site-packages/airflow/example_dags/example_task_group.py
[2023-11-01T14:05:55.225+0000] {processor.py:766} INFO - DAG(s) dict_keys(['example_task_group']) retrieved from /home/airflow/.local/lib/python3.7/site-packages/airflow/example_dags/example_task_group.py
[2023-11-01T14:05:55.287+0000] {logging_mixin.py:120} INFO - [2023-11-01T14:05:55.287+0000] {dag.py:2585} INFO - Sync 1 DAGs
[2023-11-01T14:05:55.324+0000] {logging_mixin.py:120} INFO - [2023-11-01T14:05:55.324+0000] {dag.py:3340} INFO - Setting next_dagrun for example_task_group to 2023-10-31T14:05:55.324133+00:00, run_after=2023-11-01T14:05:55.324133+00:00
[2023-11-01T14:05:55.357+0000] {processor.py:176} INFO - Processing /home/airflow/.local/lib/python3.7/site-packages/airflow/example_dags/example_task_group.py took 0.164 seconds
[2023-11-01T14:06:26.309+0000] {processor.py:154} INFO - Started process (PID=908) to work on /home/airflow/.local/lib/python3.7/site-packages/airflow/example_dags/example_task_group.py
[2023-11-01T14:06:26.311+0000] {processor.py:756} INFO - Processing file /home/airflow/.local/lib/python3.7/site-packages/airflow/example_dags/example_task_group.py for tasks to queue
[2023-11-01T14:06:26.312+0000] {logging_mixin.py:120} INFO - [2023-11-01T14:06:26.312+0000] {dagbag.py:537} INFO - Filling up the DagBag from /home/airflow/.local/lib/python3.7/site-packages/airflow/example_dags/example_task_group.py
[2023-11-01T14:06:26.344+0000] {processor.py:766} INFO - DAG(s) dict_keys(['example_task_group']) retrieved from /home/airflow/.local/lib/python3.7/site-packages/airflow/example_dags/example_task_group.py
[2023-11-01T14:06:26.420+0000] {logging_mixin.py:120} INFO - [2023-11-01T14:06:26.420+0000] {dag.py:2585} INFO - Sync 1 DAGs
[2023-11-01T14:06:26.467+0000] {logging_mixin.py:120} INFO - [2023-11-01T14:06:26.466+0000] {dag.py:3340} INFO - Setting next_dagrun for example_task_group to 2023-10-31T14:06:26.466560+00:00, run_after=2023-11-01T14:06:26.466560+00:00
[2023-11-01T14:06:26.504+0000] {processor.py:176} INFO - Processing /home/airflow/.local/lib/python3.7/site-packages/airflow/example_dags/example_task_group.py took 0.206 seconds
[2023-11-01T14:06:57.088+0000] {processor.py:154} INFO - Started process (PID=973) to work on /home/airflow/.local/lib/python3.7/site-packages/airflow/example_dags/example_task_group.py
[2023-11-01T14:06:57.090+0000] {processor.py:756} INFO - Processing file /home/airflow/.local/lib/python3.7/site-packages/airflow/example_dags/example_task_group.py for tasks to queue
[2023-11-01T14:06:57.091+0000] {logging_mixin.py:120} INFO - [2023-11-01T14:06:57.091+0000] {dagbag.py:537} INFO - Filling up the DagBag from /home/airflow/.local/lib/python3.7/site-packages/airflow/example_dags/example_task_group.py
[2023-11-01T14:06:57.111+0000] {processor.py:766} INFO - DAG(s) dict_keys(['example_task_group']) retrieved from /home/airflow/.local/lib/python3.7/site-packages/airflow/example_dags/example_task_group.py
[2023-11-01T14:06:57.159+0000] {logging_mixin.py:120} INFO - [2023-11-01T14:06:57.159+0000] {dag.py:2585} INFO - Sync 1 DAGs
[2023-11-01T14:06:57.191+0000] {logging_mixin.py:120} INFO - [2023-11-01T14:06:57.191+0000] {dag.py:3340} INFO - Setting next_dagrun for example_task_group to 2023-10-31T14:06:57.191061+00:00, run_after=2023-11-01T14:06:57.191061+00:00
[2023-11-01T14:06:57.223+0000] {processor.py:176} INFO - Processing /home/airflow/.local/lib/python3.7/site-packages/airflow/example_dags/example_task_group.py took 0.138 seconds
