[2023-11-01T13:59:20.275+0000] {processor.py:154} INFO - Started process (PID=82) to work on /home/airflow/.local/lib/python3.7/site-packages/airflow/example_dags/example_subdag_operator.py
[2023-11-01T13:59:20.276+0000] {processor.py:756} INFO - Processing file /home/airflow/.local/lib/python3.7/site-packages/airflow/example_dags/example_subdag_operator.py for tasks to queue
[2023-11-01T13:59:20.278+0000] {logging_mixin.py:120} INFO - [2023-11-01T13:59:20.278+0000] {dagbag.py:537} INFO - Filling up the DagBag from /home/airflow/.local/lib/python3.7/site-packages/airflow/example_dags/example_subdag_operator.py
[2023-11-01T13:59:20.357+0000] {processor.py:766} INFO - DAG(s) dict_keys(['example_subdag_operator.section-1', 'example_subdag_operator.section-2', 'example_subdag_operator']) retrieved from /home/airflow/.local/lib/python3.7/site-packages/airflow/example_dags/example_subdag_operator.py
[2023-11-01T13:59:20.711+0000] {logging_mixin.py:120} INFO - [2023-11-01T13:59:20.710+0000] {dag.py:2585} INFO - Sync 3 DAGs
[2023-11-01T13:59:20.751+0000] {logging_mixin.py:120} INFO - [2023-11-01T13:59:20.751+0000] {dag.py:3340} INFO - Setting next_dagrun for example_subdag_operator to 2022-01-01T00:00:00+00:00, run_after=2022-01-01T00:00:00+00:00
[2023-11-01T13:59:20.756+0000] {logging_mixin.py:120} INFO - [2023-11-01T13:59:20.756+0000] {dag.py:3340} INFO - Setting next_dagrun for example_subdag_operator.section-1 to None, run_after=None
[2023-11-01T13:59:20.759+0000] {logging_mixin.py:120} INFO - [2023-11-01T13:59:20.758+0000] {dag.py:3340} INFO - Setting next_dagrun for example_subdag_operator.section-2 to None, run_after=None
[2023-11-01T13:59:20.774+0000] {logging_mixin.py:120} INFO - [2023-11-01T13:59:20.773+0000] {dag.py:2585} INFO - Sync 2 DAGs
[2023-11-01T13:59:20.788+0000] {logging_mixin.py:120} INFO - [2023-11-01T13:59:20.788+0000] {dag.py:3340} INFO - Setting next_dagrun for example_subdag_operator.section-1 to None, run_after=None
[2023-11-01T13:59:20.789+0000] {logging_mixin.py:120} INFO - [2023-11-01T13:59:20.789+0000] {dag.py:3340} INFO - Setting next_dagrun for example_subdag_operator.section-2 to None, run_after=None
[2023-11-01T13:59:20.815+0000] {processor.py:176} INFO - Processing /home/airflow/.local/lib/python3.7/site-packages/airflow/example_dags/example_subdag_operator.py took 0.543 seconds
[2023-11-01T13:59:50.879+0000] {processor.py:154} INFO - Started process (PID=139) to work on /home/airflow/.local/lib/python3.7/site-packages/airflow/example_dags/example_subdag_operator.py
[2023-11-01T13:59:50.880+0000] {processor.py:756} INFO - Processing file /home/airflow/.local/lib/python3.7/site-packages/airflow/example_dags/example_subdag_operator.py for tasks to queue
[2023-11-01T13:59:50.881+0000] {logging_mixin.py:120} INFO - [2023-11-01T13:59:50.881+0000] {dagbag.py:537} INFO - Filling up the DagBag from /home/airflow/.local/lib/python3.7/site-packages/airflow/example_dags/example_subdag_operator.py
[2023-11-01T13:59:50.918+0000] {processor.py:766} INFO - DAG(s) dict_keys(['example_subdag_operator.section-1', 'example_subdag_operator.section-2', 'example_subdag_operator']) retrieved from /home/airflow/.local/lib/python3.7/site-packages/airflow/example_dags/example_subdag_operator.py
[2023-11-01T13:59:51.148+0000] {logging_mixin.py:120} INFO - [2023-11-01T13:59:51.148+0000] {dag.py:2585} INFO - Sync 3 DAGs
[2023-11-01T13:59:51.177+0000] {logging_mixin.py:120} INFO - [2023-11-01T13:59:51.177+0000] {dag.py:3340} INFO - Setting next_dagrun for example_subdag_operator to 2022-01-01T00:00:00+00:00, run_after=2022-01-01T00:00:00+00:00
[2023-11-01T13:59:51.182+0000] {logging_mixin.py:120} INFO - [2023-11-01T13:59:51.181+0000] {dag.py:3340} INFO - Setting next_dagrun for example_subdag_operator.section-1 to None, run_after=None
[2023-11-01T13:59:51.184+0000] {logging_mixin.py:120} INFO - [2023-11-01T13:59:51.184+0000] {dag.py:3340} INFO - Setting next_dagrun for example_subdag_operator.section-2 to None, run_after=None
[2023-11-01T13:59:51.194+0000] {logging_mixin.py:120} INFO - [2023-11-01T13:59:51.193+0000] {dag.py:2585} INFO - Sync 2 DAGs
[2023-11-01T13:59:51.202+0000] {logging_mixin.py:120} INFO - [2023-11-01T13:59:51.201+0000] {dag.py:3340} INFO - Setting next_dagrun for example_subdag_operator.section-1 to None, run_after=None
[2023-11-01T13:59:51.202+0000] {logging_mixin.py:120} INFO - [2023-11-01T13:59:51.202+0000] {dag.py:3340} INFO - Setting next_dagrun for example_subdag_operator.section-2 to None, run_after=None
[2023-11-01T13:59:51.220+0000] {processor.py:176} INFO - Processing /home/airflow/.local/lib/python3.7/site-packages/airflow/example_dags/example_subdag_operator.py took 0.344 seconds
[2023-11-01T14:00:21.868+0000] {processor.py:154} INFO - Started process (PID=206) to work on /home/airflow/.local/lib/python3.7/site-packages/airflow/example_dags/example_subdag_operator.py
[2023-11-01T14:00:21.869+0000] {processor.py:756} INFO - Processing file /home/airflow/.local/lib/python3.7/site-packages/airflow/example_dags/example_subdag_operator.py for tasks to queue
[2023-11-01T14:00:21.870+0000] {logging_mixin.py:120} INFO - [2023-11-01T14:00:21.870+0000] {dagbag.py:537} INFO - Filling up the DagBag from /home/airflow/.local/lib/python3.7/site-packages/airflow/example_dags/example_subdag_operator.py
[2023-11-01T14:00:21.908+0000] {processor.py:766} INFO - DAG(s) dict_keys(['example_subdag_operator.section-1', 'example_subdag_operator.section-2', 'example_subdag_operator']) retrieved from /home/airflow/.local/lib/python3.7/site-packages/airflow/example_dags/example_subdag_operator.py
[2023-11-01T14:00:22.175+0000] {logging_mixin.py:120} INFO - [2023-11-01T14:00:22.175+0000] {dag.py:2585} INFO - Sync 3 DAGs
[2023-11-01T14:00:22.208+0000] {logging_mixin.py:120} INFO - [2023-11-01T14:00:22.208+0000] {dag.py:3340} INFO - Setting next_dagrun for example_subdag_operator to 2022-01-01T00:00:00+00:00, run_after=2022-01-01T00:00:00+00:00
[2023-11-01T14:00:22.214+0000] {logging_mixin.py:120} INFO - [2023-11-01T14:00:22.214+0000] {dag.py:3340} INFO - Setting next_dagrun for example_subdag_operator.section-1 to None, run_after=None
[2023-11-01T14:00:22.217+0000] {logging_mixin.py:120} INFO - [2023-11-01T14:00:22.217+0000] {dag.py:3340} INFO - Setting next_dagrun for example_subdag_operator.section-2 to None, run_after=None
[2023-11-01T14:00:22.232+0000] {logging_mixin.py:120} INFO - [2023-11-01T14:00:22.231+0000] {dag.py:2585} INFO - Sync 2 DAGs
[2023-11-01T14:00:22.240+0000] {logging_mixin.py:120} INFO - [2023-11-01T14:00:22.240+0000] {dag.py:3340} INFO - Setting next_dagrun for example_subdag_operator.section-1 to None, run_after=None
[2023-11-01T14:00:22.241+0000] {logging_mixin.py:120} INFO - [2023-11-01T14:00:22.241+0000] {dag.py:3340} INFO - Setting next_dagrun for example_subdag_operator.section-2 to None, run_after=None
[2023-11-01T14:00:22.260+0000] {processor.py:176} INFO - Processing /home/airflow/.local/lib/python3.7/site-packages/airflow/example_dags/example_subdag_operator.py took 0.395 seconds
[2023-11-01T14:00:52.511+0000] {processor.py:154} INFO - Started process (PID=263) to work on /home/airflow/.local/lib/python3.7/site-packages/airflow/example_dags/example_subdag_operator.py
[2023-11-01T14:00:52.512+0000] {processor.py:756} INFO - Processing file /home/airflow/.local/lib/python3.7/site-packages/airflow/example_dags/example_subdag_operator.py for tasks to queue
[2023-11-01T14:00:52.513+0000] {logging_mixin.py:120} INFO - [2023-11-01T14:00:52.513+0000] {dagbag.py:537} INFO - Filling up the DagBag from /home/airflow/.local/lib/python3.7/site-packages/airflow/example_dags/example_subdag_operator.py
[2023-11-01T14:00:52.548+0000] {processor.py:766} INFO - DAG(s) dict_keys(['example_subdag_operator.section-1', 'example_subdag_operator.section-2', 'example_subdag_operator']) retrieved from /home/airflow/.local/lib/python3.7/site-packages/airflow/example_dags/example_subdag_operator.py
[2023-11-01T14:00:52.793+0000] {logging_mixin.py:120} INFO - [2023-11-01T14:00:52.793+0000] {dag.py:2585} INFO - Sync 3 DAGs
[2023-11-01T14:00:52.833+0000] {logging_mixin.py:120} INFO - [2023-11-01T14:00:52.833+0000] {dag.py:3340} INFO - Setting next_dagrun for example_subdag_operator to 2022-01-01T00:00:00+00:00, run_after=2022-01-01T00:00:00+00:00
[2023-11-01T14:00:52.840+0000] {logging_mixin.py:120} INFO - [2023-11-01T14:00:52.840+0000] {dag.py:3340} INFO - Setting next_dagrun for example_subdag_operator.section-1 to None, run_after=None
[2023-11-01T14:00:52.843+0000] {logging_mixin.py:120} INFO - [2023-11-01T14:00:52.843+0000] {dag.py:3340} INFO - Setting next_dagrun for example_subdag_operator.section-2 to None, run_after=None
[2023-11-01T14:00:52.853+0000] {logging_mixin.py:120} INFO - [2023-11-01T14:00:52.852+0000] {dag.py:2585} INFO - Sync 2 DAGs
[2023-11-01T14:00:52.864+0000] {logging_mixin.py:120} INFO - [2023-11-01T14:00:52.863+0000] {dag.py:3340} INFO - Setting next_dagrun for example_subdag_operator.section-1 to None, run_after=None
[2023-11-01T14:00:52.864+0000] {logging_mixin.py:120} INFO - [2023-11-01T14:00:52.864+0000] {dag.py:3340} INFO - Setting next_dagrun for example_subdag_operator.section-2 to None, run_after=None
[2023-11-01T14:00:52.888+0000] {processor.py:176} INFO - Processing /home/airflow/.local/lib/python3.7/site-packages/airflow/example_dags/example_subdag_operator.py took 0.380 seconds
[2023-11-01T14:01:29.541+0000] {processor.py:154} INFO - Started process (PID=328) to work on /home/airflow/.local/lib/python3.7/site-packages/airflow/example_dags/example_subdag_operator.py
[2023-11-01T14:01:29.544+0000] {processor.py:756} INFO - Processing file /home/airflow/.local/lib/python3.7/site-packages/airflow/example_dags/example_subdag_operator.py for tasks to queue
[2023-11-01T14:01:29.545+0000] {logging_mixin.py:120} INFO - [2023-11-01T14:01:29.545+0000] {dagbag.py:537} INFO - Filling up the DagBag from /home/airflow/.local/lib/python3.7/site-packages/airflow/example_dags/example_subdag_operator.py
[2023-11-01T14:01:29.667+0000] {processor.py:766} INFO - DAG(s) dict_keys(['example_subdag_operator.section-1', 'example_subdag_operator.section-2', 'example_subdag_operator']) retrieved from /home/airflow/.local/lib/python3.7/site-packages/airflow/example_dags/example_subdag_operator.py
[2023-11-01T14:01:30.610+0000] {logging_mixin.py:120} INFO - [2023-11-01T14:01:30.609+0000] {dag.py:2585} INFO - Sync 3 DAGs
[2023-11-01T14:01:30.721+0000] {logging_mixin.py:120} INFO - [2023-11-01T14:01:30.721+0000] {dag.py:3340} INFO - Setting next_dagrun for example_subdag_operator to 2022-01-01T00:00:00+00:00, run_after=2022-01-01T00:00:00+00:00
[2023-11-01T14:01:30.738+0000] {logging_mixin.py:120} INFO - [2023-11-01T14:01:30.738+0000] {dag.py:3340} INFO - Setting next_dagrun for example_subdag_operator.section-1 to None, run_after=None
[2023-11-01T14:01:30.750+0000] {logging_mixin.py:120} INFO - [2023-11-01T14:01:30.741+0000] {dag.py:3340} INFO - Setting next_dagrun for example_subdag_operator.section-2 to None, run_after=None
[2023-11-01T14:01:30.778+0000] {logging_mixin.py:120} INFO - [2023-11-01T14:01:30.778+0000] {dag.py:2585} INFO - Sync 2 DAGs
[2023-11-01T14:01:30.822+0000] {logging_mixin.py:120} INFO - [2023-11-01T14:01:30.822+0000] {dag.py:3340} INFO - Setting next_dagrun for example_subdag_operator.section-1 to None, run_after=None
[2023-11-01T14:01:30.823+0000] {logging_mixin.py:120} INFO - [2023-11-01T14:01:30.823+0000] {dag.py:3340} INFO - Setting next_dagrun for example_subdag_operator.section-2 to None, run_after=None
[2023-11-01T14:01:30.877+0000] {processor.py:176} INFO - Processing /home/airflow/.local/lib/python3.7/site-packages/airflow/example_dags/example_subdag_operator.py took 1.339 seconds
[2023-11-01T14:02:01.455+0000] {processor.py:154} INFO - Started process (PID=385) to work on /home/airflow/.local/lib/python3.7/site-packages/airflow/example_dags/example_subdag_operator.py
[2023-11-01T14:02:01.459+0000] {processor.py:756} INFO - Processing file /home/airflow/.local/lib/python3.7/site-packages/airflow/example_dags/example_subdag_operator.py for tasks to queue
[2023-11-01T14:02:01.461+0000] {logging_mixin.py:120} INFO - [2023-11-01T14:02:01.460+0000] {dagbag.py:537} INFO - Filling up the DagBag from /home/airflow/.local/lib/python3.7/site-packages/airflow/example_dags/example_subdag_operator.py
[2023-11-01T14:02:01.506+0000] {processor.py:766} INFO - DAG(s) dict_keys(['example_subdag_operator.section-1', 'example_subdag_operator.section-2', 'example_subdag_operator']) retrieved from /home/airflow/.local/lib/python3.7/site-packages/airflow/example_dags/example_subdag_operator.py
[2023-11-01T14:02:01.825+0000] {logging_mixin.py:120} INFO - [2023-11-01T14:02:01.825+0000] {dag.py:2585} INFO - Sync 3 DAGs
[2023-11-01T14:02:01.870+0000] {logging_mixin.py:120} INFO - [2023-11-01T14:02:01.869+0000] {dag.py:3340} INFO - Setting next_dagrun for example_subdag_operator to 2022-01-01T00:00:00+00:00, run_after=2022-01-01T00:00:00+00:00
[2023-11-01T14:02:01.879+0000] {logging_mixin.py:120} INFO - [2023-11-01T14:02:01.879+0000] {dag.py:3340} INFO - Setting next_dagrun for example_subdag_operator.section-1 to None, run_after=None
[2023-11-01T14:02:01.882+0000] {logging_mixin.py:120} INFO - [2023-11-01T14:02:01.882+0000] {dag.py:3340} INFO - Setting next_dagrun for example_subdag_operator.section-2 to None, run_after=None
[2023-11-01T14:02:01.903+0000] {logging_mixin.py:120} INFO - [2023-11-01T14:02:01.903+0000] {dag.py:2585} INFO - Sync 2 DAGs
[2023-11-01T14:02:01.913+0000] {logging_mixin.py:120} INFO - [2023-11-01T14:02:01.913+0000] {dag.py:3340} INFO - Setting next_dagrun for example_subdag_operator.section-1 to None, run_after=None
[2023-11-01T14:02:01.914+0000] {logging_mixin.py:120} INFO - [2023-11-01T14:02:01.914+0000] {dag.py:3340} INFO - Setting next_dagrun for example_subdag_operator.section-2 to None, run_after=None
[2023-11-01T14:02:01.984+0000] {processor.py:176} INFO - Processing /home/airflow/.local/lib/python3.7/site-packages/airflow/example_dags/example_subdag_operator.py took 0.531 seconds
[2023-11-01T14:02:32.178+0000] {processor.py:154} INFO - Started process (PID=452) to work on /home/airflow/.local/lib/python3.7/site-packages/airflow/example_dags/example_subdag_operator.py
[2023-11-01T14:02:32.180+0000] {processor.py:756} INFO - Processing file /home/airflow/.local/lib/python3.7/site-packages/airflow/example_dags/example_subdag_operator.py for tasks to queue
[2023-11-01T14:02:32.180+0000] {logging_mixin.py:120} INFO - [2023-11-01T14:02:32.180+0000] {dagbag.py:537} INFO - Filling up the DagBag from /home/airflow/.local/lib/python3.7/site-packages/airflow/example_dags/example_subdag_operator.py
[2023-11-01T14:02:32.220+0000] {processor.py:766} INFO - DAG(s) dict_keys(['example_subdag_operator.section-1', 'example_subdag_operator.section-2', 'example_subdag_operator']) retrieved from /home/airflow/.local/lib/python3.7/site-packages/airflow/example_dags/example_subdag_operator.py
[2023-11-01T14:02:32.465+0000] {logging_mixin.py:120} INFO - [2023-11-01T14:02:32.465+0000] {dag.py:2585} INFO - Sync 3 DAGs
[2023-11-01T14:02:32.498+0000] {logging_mixin.py:120} INFO - [2023-11-01T14:02:32.498+0000] {dag.py:3340} INFO - Setting next_dagrun for example_subdag_operator to 2022-01-01T00:00:00+00:00, run_after=2022-01-01T00:00:00+00:00
[2023-11-01T14:02:32.502+0000] {logging_mixin.py:120} INFO - [2023-11-01T14:02:32.502+0000] {dag.py:3340} INFO - Setting next_dagrun for example_subdag_operator.section-1 to None, run_after=None
[2023-11-01T14:02:32.505+0000] {logging_mixin.py:120} INFO - [2023-11-01T14:02:32.505+0000] {dag.py:3340} INFO - Setting next_dagrun for example_subdag_operator.section-2 to None, run_after=None
[2023-11-01T14:02:32.519+0000] {logging_mixin.py:120} INFO - [2023-11-01T14:02:32.519+0000] {dag.py:2585} INFO - Sync 2 DAGs
[2023-11-01T14:02:32.528+0000] {logging_mixin.py:120} INFO - [2023-11-01T14:02:32.528+0000] {dag.py:3340} INFO - Setting next_dagrun for example_subdag_operator.section-1 to None, run_after=None
[2023-11-01T14:02:32.529+0000] {logging_mixin.py:120} INFO - [2023-11-01T14:02:32.529+0000] {dag.py:3340} INFO - Setting next_dagrun for example_subdag_operator.section-2 to None, run_after=None
[2023-11-01T14:02:32.545+0000] {processor.py:176} INFO - Processing /home/airflow/.local/lib/python3.7/site-packages/airflow/example_dags/example_subdag_operator.py took 0.370 seconds
[2023-11-01T14:03:03.487+0000] {processor.py:154} INFO - Started process (PID=517) to work on /home/airflow/.local/lib/python3.7/site-packages/airflow/example_dags/example_subdag_operator.py
[2023-11-01T14:03:03.488+0000] {processor.py:756} INFO - Processing file /home/airflow/.local/lib/python3.7/site-packages/airflow/example_dags/example_subdag_operator.py for tasks to queue
[2023-11-01T14:03:03.489+0000] {logging_mixin.py:120} INFO - [2023-11-01T14:03:03.489+0000] {dagbag.py:537} INFO - Filling up the DagBag from /home/airflow/.local/lib/python3.7/site-packages/airflow/example_dags/example_subdag_operator.py
[2023-11-01T14:03:03.535+0000] {processor.py:766} INFO - DAG(s) dict_keys(['example_subdag_operator.section-1', 'example_subdag_operator.section-2', 'example_subdag_operator']) retrieved from /home/airflow/.local/lib/python3.7/site-packages/airflow/example_dags/example_subdag_operator.py
[2023-11-01T14:03:03.881+0000] {logging_mixin.py:120} INFO - [2023-11-01T14:03:03.881+0000] {dag.py:2585} INFO - Sync 3 DAGs
[2023-11-01T14:03:03.915+0000] {logging_mixin.py:120} INFO - [2023-11-01T14:03:03.915+0000] {dag.py:3340} INFO - Setting next_dagrun for example_subdag_operator to 2022-01-01T00:00:00+00:00, run_after=2022-01-01T00:00:00+00:00
[2023-11-01T14:03:03.920+0000] {logging_mixin.py:120} INFO - [2023-11-01T14:03:03.920+0000] {dag.py:3340} INFO - Setting next_dagrun for example_subdag_operator.section-1 to None, run_after=None
[2023-11-01T14:03:03.923+0000] {logging_mixin.py:120} INFO - [2023-11-01T14:03:03.922+0000] {dag.py:3340} INFO - Setting next_dagrun for example_subdag_operator.section-2 to None, run_after=None
[2023-11-01T14:03:03.935+0000] {logging_mixin.py:120} INFO - [2023-11-01T14:03:03.935+0000] {dag.py:2585} INFO - Sync 2 DAGs
[2023-11-01T14:03:03.947+0000] {logging_mixin.py:120} INFO - [2023-11-01T14:03:03.947+0000] {dag.py:3340} INFO - Setting next_dagrun for example_subdag_operator.section-1 to None, run_after=None
[2023-11-01T14:03:03.948+0000] {logging_mixin.py:120} INFO - [2023-11-01T14:03:03.948+0000] {dag.py:3340} INFO - Setting next_dagrun for example_subdag_operator.section-2 to None, run_after=None
[2023-11-01T14:03:03.973+0000] {processor.py:176} INFO - Processing /home/airflow/.local/lib/python3.7/site-packages/airflow/example_dags/example_subdag_operator.py took 0.490 seconds
[2023-11-01T14:03:34.096+0000] {processor.py:154} INFO - Started process (PID=573) to work on /home/airflow/.local/lib/python3.7/site-packages/airflow/example_dags/example_subdag_operator.py
[2023-11-01T14:03:34.097+0000] {processor.py:756} INFO - Processing file /home/airflow/.local/lib/python3.7/site-packages/airflow/example_dags/example_subdag_operator.py for tasks to queue
[2023-11-01T14:03:34.098+0000] {logging_mixin.py:120} INFO - [2023-11-01T14:03:34.098+0000] {dagbag.py:537} INFO - Filling up the DagBag from /home/airflow/.local/lib/python3.7/site-packages/airflow/example_dags/example_subdag_operator.py
[2023-11-01T14:03:34.137+0000] {processor.py:766} INFO - DAG(s) dict_keys(['example_subdag_operator.section-1', 'example_subdag_operator.section-2', 'example_subdag_operator']) retrieved from /home/airflow/.local/lib/python3.7/site-packages/airflow/example_dags/example_subdag_operator.py
[2023-11-01T14:03:34.411+0000] {logging_mixin.py:120} INFO - [2023-11-01T14:03:34.410+0000] {dag.py:2585} INFO - Sync 3 DAGs
[2023-11-01T14:03:34.447+0000] {logging_mixin.py:120} INFO - [2023-11-01T14:03:34.447+0000] {dag.py:3340} INFO - Setting next_dagrun for example_subdag_operator to 2022-01-01T00:00:00+00:00, run_after=2022-01-01T00:00:00+00:00
[2023-11-01T14:03:34.457+0000] {logging_mixin.py:120} INFO - [2023-11-01T14:03:34.457+0000] {dag.py:3340} INFO - Setting next_dagrun for example_subdag_operator.section-1 to None, run_after=None
[2023-11-01T14:03:34.466+0000] {logging_mixin.py:120} INFO - [2023-11-01T14:03:34.466+0000] {dag.py:3340} INFO - Setting next_dagrun for example_subdag_operator.section-2 to None, run_after=None
[2023-11-01T14:03:34.481+0000] {logging_mixin.py:120} INFO - [2023-11-01T14:03:34.480+0000] {dag.py:2585} INFO - Sync 2 DAGs
[2023-11-01T14:03:34.490+0000] {logging_mixin.py:120} INFO - [2023-11-01T14:03:34.489+0000] {dag.py:3340} INFO - Setting next_dagrun for example_subdag_operator.section-1 to None, run_after=None
[2023-11-01T14:03:34.490+0000] {logging_mixin.py:120} INFO - [2023-11-01T14:03:34.490+0000] {dag.py:3340} INFO - Setting next_dagrun for example_subdag_operator.section-2 to None, run_after=None
[2023-11-01T14:03:34.513+0000] {processor.py:176} INFO - Processing /home/airflow/.local/lib/python3.7/site-packages/airflow/example_dags/example_subdag_operator.py took 0.420 seconds
[2023-11-01T14:04:05.174+0000] {processor.py:154} INFO - Started process (PID=639) to work on /home/airflow/.local/lib/python3.7/site-packages/airflow/example_dags/example_subdag_operator.py
[2023-11-01T14:04:05.176+0000] {processor.py:756} INFO - Processing file /home/airflow/.local/lib/python3.7/site-packages/airflow/example_dags/example_subdag_operator.py for tasks to queue
[2023-11-01T14:04:05.179+0000] {logging_mixin.py:120} INFO - [2023-11-01T14:04:05.179+0000] {dagbag.py:537} INFO - Filling up the DagBag from /home/airflow/.local/lib/python3.7/site-packages/airflow/example_dags/example_subdag_operator.py
[2023-11-01T14:04:05.216+0000] {processor.py:766} INFO - DAG(s) dict_keys(['example_subdag_operator.section-1', 'example_subdag_operator.section-2', 'example_subdag_operator']) retrieved from /home/airflow/.local/lib/python3.7/site-packages/airflow/example_dags/example_subdag_operator.py
[2023-11-01T14:04:05.491+0000] {logging_mixin.py:120} INFO - [2023-11-01T14:04:05.491+0000] {dag.py:2585} INFO - Sync 3 DAGs
[2023-11-01T14:04:05.533+0000] {logging_mixin.py:120} INFO - [2023-11-01T14:04:05.533+0000] {dag.py:3340} INFO - Setting next_dagrun for example_subdag_operator to 2022-01-01T00:00:00+00:00, run_after=2022-01-01T00:00:00+00:00
[2023-11-01T14:04:05.539+0000] {logging_mixin.py:120} INFO - [2023-11-01T14:04:05.539+0000] {dag.py:3340} INFO - Setting next_dagrun for example_subdag_operator.section-1 to None, run_after=None
[2023-11-01T14:04:05.541+0000] {logging_mixin.py:120} INFO - [2023-11-01T14:04:05.541+0000] {dag.py:3340} INFO - Setting next_dagrun for example_subdag_operator.section-2 to None, run_after=None
[2023-11-01T14:04:05.551+0000] {logging_mixin.py:120} INFO - [2023-11-01T14:04:05.551+0000] {dag.py:2585} INFO - Sync 2 DAGs
[2023-11-01T14:04:05.563+0000] {logging_mixin.py:120} INFO - [2023-11-01T14:04:05.563+0000] {dag.py:3340} INFO - Setting next_dagrun for example_subdag_operator.section-1 to None, run_after=None
[2023-11-01T14:04:05.565+0000] {logging_mixin.py:120} INFO - [2023-11-01T14:04:05.564+0000] {dag.py:3340} INFO - Setting next_dagrun for example_subdag_operator.section-2 to None, run_after=None
[2023-11-01T14:04:05.589+0000] {processor.py:176} INFO - Processing /home/airflow/.local/lib/python3.7/site-packages/airflow/example_dags/example_subdag_operator.py took 0.419 seconds
[2023-11-01T14:04:35.734+0000] {processor.py:154} INFO - Started process (PID=695) to work on /home/airflow/.local/lib/python3.7/site-packages/airflow/example_dags/example_subdag_operator.py
[2023-11-01T14:04:35.735+0000] {processor.py:756} INFO - Processing file /home/airflow/.local/lib/python3.7/site-packages/airflow/example_dags/example_subdag_operator.py for tasks to queue
[2023-11-01T14:04:35.737+0000] {logging_mixin.py:120} INFO - [2023-11-01T14:04:35.736+0000] {dagbag.py:537} INFO - Filling up the DagBag from /home/airflow/.local/lib/python3.7/site-packages/airflow/example_dags/example_subdag_operator.py
[2023-11-01T14:04:35.777+0000] {processor.py:766} INFO - DAG(s) dict_keys(['example_subdag_operator.section-1', 'example_subdag_operator.section-2', 'example_subdag_operator']) retrieved from /home/airflow/.local/lib/python3.7/site-packages/airflow/example_dags/example_subdag_operator.py
[2023-11-01T14:04:36.036+0000] {logging_mixin.py:120} INFO - [2023-11-01T14:04:36.036+0000] {dag.py:2585} INFO - Sync 3 DAGs
[2023-11-01T14:04:36.070+0000] {logging_mixin.py:120} INFO - [2023-11-01T14:04:36.070+0000] {dag.py:3340} INFO - Setting next_dagrun for example_subdag_operator to 2022-01-01T00:00:00+00:00, run_after=2022-01-01T00:00:00+00:00
[2023-11-01T14:04:36.083+0000] {logging_mixin.py:120} INFO - [2023-11-01T14:04:36.083+0000] {dag.py:3340} INFO - Setting next_dagrun for example_subdag_operator.section-1 to None, run_after=None
[2023-11-01T14:04:36.089+0000] {logging_mixin.py:120} INFO - [2023-11-01T14:04:36.089+0000] {dag.py:3340} INFO - Setting next_dagrun for example_subdag_operator.section-2 to None, run_after=None
[2023-11-01T14:04:36.106+0000] {logging_mixin.py:120} INFO - [2023-11-01T14:04:36.105+0000] {dag.py:2585} INFO - Sync 2 DAGs
[2023-11-01T14:04:36.116+0000] {logging_mixin.py:120} INFO - [2023-11-01T14:04:36.115+0000] {dag.py:3340} INFO - Setting next_dagrun for example_subdag_operator.section-1 to None, run_after=None
[2023-11-01T14:04:36.120+0000] {logging_mixin.py:120} INFO - [2023-11-01T14:04:36.119+0000] {dag.py:3340} INFO - Setting next_dagrun for example_subdag_operator.section-2 to None, run_after=None
[2023-11-01T14:04:36.143+0000] {processor.py:176} INFO - Processing /home/airflow/.local/lib/python3.7/site-packages/airflow/example_dags/example_subdag_operator.py took 0.411 seconds
[2023-11-01T14:05:06.347+0000] {processor.py:154} INFO - Started process (PID=761) to work on /home/airflow/.local/lib/python3.7/site-packages/airflow/example_dags/example_subdag_operator.py
[2023-11-01T14:05:06.349+0000] {processor.py:756} INFO - Processing file /home/airflow/.local/lib/python3.7/site-packages/airflow/example_dags/example_subdag_operator.py for tasks to queue
[2023-11-01T14:05:06.350+0000] {logging_mixin.py:120} INFO - [2023-11-01T14:05:06.350+0000] {dagbag.py:537} INFO - Filling up the DagBag from /home/airflow/.local/lib/python3.7/site-packages/airflow/example_dags/example_subdag_operator.py
[2023-11-01T14:05:06.388+0000] {processor.py:766} INFO - DAG(s) dict_keys(['example_subdag_operator.section-1', 'example_subdag_operator.section-2', 'example_subdag_operator']) retrieved from /home/airflow/.local/lib/python3.7/site-packages/airflow/example_dags/example_subdag_operator.py
[2023-11-01T14:05:06.668+0000] {logging_mixin.py:120} INFO - [2023-11-01T14:05:06.668+0000] {dag.py:2585} INFO - Sync 3 DAGs
[2023-11-01T14:05:06.704+0000] {logging_mixin.py:120} INFO - [2023-11-01T14:05:06.704+0000] {dag.py:3340} INFO - Setting next_dagrun for example_subdag_operator to 2022-01-01T00:00:00+00:00, run_after=2022-01-01T00:00:00+00:00
[2023-11-01T14:05:06.710+0000] {logging_mixin.py:120} INFO - [2023-11-01T14:05:06.710+0000] {dag.py:3340} INFO - Setting next_dagrun for example_subdag_operator.section-1 to None, run_after=None
[2023-11-01T14:05:06.713+0000] {logging_mixin.py:120} INFO - [2023-11-01T14:05:06.713+0000] {dag.py:3340} INFO - Setting next_dagrun for example_subdag_operator.section-2 to None, run_after=None
[2023-11-01T14:05:06.724+0000] {logging_mixin.py:120} INFO - [2023-11-01T14:05:06.724+0000] {dag.py:2585} INFO - Sync 2 DAGs
[2023-11-01T14:05:06.734+0000] {logging_mixin.py:120} INFO - [2023-11-01T14:05:06.734+0000] {dag.py:3340} INFO - Setting next_dagrun for example_subdag_operator.section-1 to None, run_after=None
[2023-11-01T14:05:06.735+0000] {logging_mixin.py:120} INFO - [2023-11-01T14:05:06.735+0000] {dag.py:3340} INFO - Setting next_dagrun for example_subdag_operator.section-2 to None, run_after=None
[2023-11-01T14:05:06.760+0000] {processor.py:176} INFO - Processing /home/airflow/.local/lib/python3.7/site-packages/airflow/example_dags/example_subdag_operator.py took 0.416 seconds
[2023-11-01T14:05:36.854+0000] {processor.py:154} INFO - Started process (PID=817) to work on /home/airflow/.local/lib/python3.7/site-packages/airflow/example_dags/example_subdag_operator.py
[2023-11-01T14:05:36.856+0000] {processor.py:756} INFO - Processing file /home/airflow/.local/lib/python3.7/site-packages/airflow/example_dags/example_subdag_operator.py for tasks to queue
[2023-11-01T14:05:36.858+0000] {logging_mixin.py:120} INFO - [2023-11-01T14:05:36.858+0000] {dagbag.py:537} INFO - Filling up the DagBag from /home/airflow/.local/lib/python3.7/site-packages/airflow/example_dags/example_subdag_operator.py
[2023-11-01T14:05:36.923+0000] {processor.py:766} INFO - DAG(s) dict_keys(['example_subdag_operator.section-1', 'example_subdag_operator.section-2', 'example_subdag_operator']) retrieved from /home/airflow/.local/lib/python3.7/site-packages/airflow/example_dags/example_subdag_operator.py
[2023-11-01T14:05:37.275+0000] {logging_mixin.py:120} INFO - [2023-11-01T14:05:37.275+0000] {dag.py:2585} INFO - Sync 3 DAGs
[2023-11-01T14:05:37.336+0000] {logging_mixin.py:120} INFO - [2023-11-01T14:05:37.335+0000] {dag.py:3340} INFO - Setting next_dagrun for example_subdag_operator to 2022-01-01T00:00:00+00:00, run_after=2022-01-01T00:00:00+00:00
[2023-11-01T14:05:37.350+0000] {logging_mixin.py:120} INFO - [2023-11-01T14:05:37.349+0000] {dag.py:3340} INFO - Setting next_dagrun for example_subdag_operator.section-1 to None, run_after=None
[2023-11-01T14:05:37.354+0000] {logging_mixin.py:120} INFO - [2023-11-01T14:05:37.354+0000] {dag.py:3340} INFO - Setting next_dagrun for example_subdag_operator.section-2 to None, run_after=None
[2023-11-01T14:05:37.386+0000] {logging_mixin.py:120} INFO - [2023-11-01T14:05:37.385+0000] {dag.py:2585} INFO - Sync 2 DAGs
[2023-11-01T14:05:37.403+0000] {logging_mixin.py:120} INFO - [2023-11-01T14:05:37.403+0000] {dag.py:3340} INFO - Setting next_dagrun for example_subdag_operator.section-1 to None, run_after=None
[2023-11-01T14:05:37.404+0000] {logging_mixin.py:120} INFO - [2023-11-01T14:05:37.404+0000] {dag.py:3340} INFO - Setting next_dagrun for example_subdag_operator.section-2 to None, run_after=None
[2023-11-01T14:05:37.428+0000] {processor.py:176} INFO - Processing /home/airflow/.local/lib/python3.7/site-packages/airflow/example_dags/example_subdag_operator.py took 0.578 seconds
[2023-11-01T14:06:07.627+0000] {processor.py:154} INFO - Started process (PID=882) to work on /home/airflow/.local/lib/python3.7/site-packages/airflow/example_dags/example_subdag_operator.py
[2023-11-01T14:06:07.628+0000] {processor.py:756} INFO - Processing file /home/airflow/.local/lib/python3.7/site-packages/airflow/example_dags/example_subdag_operator.py for tasks to queue
[2023-11-01T14:06:07.629+0000] {logging_mixin.py:120} INFO - [2023-11-01T14:06:07.629+0000] {dagbag.py:537} INFO - Filling up the DagBag from /home/airflow/.local/lib/python3.7/site-packages/airflow/example_dags/example_subdag_operator.py
[2023-11-01T14:06:07.689+0000] {processor.py:766} INFO - DAG(s) dict_keys(['example_subdag_operator.section-1', 'example_subdag_operator.section-2', 'example_subdag_operator']) retrieved from /home/airflow/.local/lib/python3.7/site-packages/airflow/example_dags/example_subdag_operator.py
[2023-11-01T14:06:07.973+0000] {logging_mixin.py:120} INFO - [2023-11-01T14:06:07.973+0000] {dag.py:2585} INFO - Sync 3 DAGs
[2023-11-01T14:06:08.011+0000] {logging_mixin.py:120} INFO - [2023-11-01T14:06:08.010+0000] {dag.py:3340} INFO - Setting next_dagrun for example_subdag_operator to 2022-01-01T00:00:00+00:00, run_after=2022-01-01T00:00:00+00:00
[2023-11-01T14:06:08.018+0000] {logging_mixin.py:120} INFO - [2023-11-01T14:06:08.018+0000] {dag.py:3340} INFO - Setting next_dagrun for example_subdag_operator.section-1 to None, run_after=None
[2023-11-01T14:06:08.021+0000] {logging_mixin.py:120} INFO - [2023-11-01T14:06:08.021+0000] {dag.py:3340} INFO - Setting next_dagrun for example_subdag_operator.section-2 to None, run_after=None
[2023-11-01T14:06:08.034+0000] {logging_mixin.py:120} INFO - [2023-11-01T14:06:08.034+0000] {dag.py:2585} INFO - Sync 2 DAGs
[2023-11-01T14:06:08.043+0000] {logging_mixin.py:120} INFO - [2023-11-01T14:06:08.043+0000] {dag.py:3340} INFO - Setting next_dagrun for example_subdag_operator.section-1 to None, run_after=None
[2023-11-01T14:06:08.044+0000] {logging_mixin.py:120} INFO - [2023-11-01T14:06:08.044+0000] {dag.py:3340} INFO - Setting next_dagrun for example_subdag_operator.section-2 to None, run_after=None
[2023-11-01T14:06:08.063+0000] {processor.py:176} INFO - Processing /home/airflow/.local/lib/python3.7/site-packages/airflow/example_dags/example_subdag_operator.py took 0.439 seconds
[2023-11-01T14:06:38.197+0000] {processor.py:154} INFO - Started process (PID=940) to work on /home/airflow/.local/lib/python3.7/site-packages/airflow/example_dags/example_subdag_operator.py
[2023-11-01T14:06:38.199+0000] {processor.py:756} INFO - Processing file /home/airflow/.local/lib/python3.7/site-packages/airflow/example_dags/example_subdag_operator.py for tasks to queue
[2023-11-01T14:06:38.202+0000] {logging_mixin.py:120} INFO - [2023-11-01T14:06:38.202+0000] {dagbag.py:537} INFO - Filling up the DagBag from /home/airflow/.local/lib/python3.7/site-packages/airflow/example_dags/example_subdag_operator.py
[2023-11-01T14:06:38.255+0000] {processor.py:766} INFO - DAG(s) dict_keys(['example_subdag_operator.section-1', 'example_subdag_operator.section-2', 'example_subdag_operator']) retrieved from /home/airflow/.local/lib/python3.7/site-packages/airflow/example_dags/example_subdag_operator.py
[2023-11-01T14:06:38.568+0000] {logging_mixin.py:120} INFO - [2023-11-01T14:06:38.568+0000] {dag.py:2585} INFO - Sync 3 DAGs
[2023-11-01T14:06:38.607+0000] {logging_mixin.py:120} INFO - [2023-11-01T14:06:38.607+0000] {dag.py:3340} INFO - Setting next_dagrun for example_subdag_operator to 2022-01-01T00:00:00+00:00, run_after=2022-01-01T00:00:00+00:00
[2023-11-01T14:06:38.612+0000] {logging_mixin.py:120} INFO - [2023-11-01T14:06:38.612+0000] {dag.py:3340} INFO - Setting next_dagrun for example_subdag_operator.section-1 to None, run_after=None
[2023-11-01T14:06:38.615+0000] {logging_mixin.py:120} INFO - [2023-11-01T14:06:38.614+0000] {dag.py:3340} INFO - Setting next_dagrun for example_subdag_operator.section-2 to None, run_after=None
[2023-11-01T14:06:38.639+0000] {logging_mixin.py:120} INFO - [2023-11-01T14:06:38.638+0000] {dag.py:2585} INFO - Sync 2 DAGs
[2023-11-01T14:06:38.648+0000] {logging_mixin.py:120} INFO - [2023-11-01T14:06:38.647+0000] {dag.py:3340} INFO - Setting next_dagrun for example_subdag_operator.section-1 to None, run_after=None
[2023-11-01T14:06:38.649+0000] {logging_mixin.py:120} INFO - [2023-11-01T14:06:38.649+0000] {dag.py:3340} INFO - Setting next_dagrun for example_subdag_operator.section-2 to None, run_after=None
[2023-11-01T14:06:38.669+0000] {processor.py:176} INFO - Processing /home/airflow/.local/lib/python3.7/site-packages/airflow/example_dags/example_subdag_operator.py took 0.475 seconds
[2023-11-01T14:07:08.716+0000] {processor.py:154} INFO - Started process (PID=1004) to work on /home/airflow/.local/lib/python3.7/site-packages/airflow/example_dags/example_subdag_operator.py
[2023-11-01T14:07:08.717+0000] {processor.py:756} INFO - Processing file /home/airflow/.local/lib/python3.7/site-packages/airflow/example_dags/example_subdag_operator.py for tasks to queue
[2023-11-01T14:07:08.719+0000] {logging_mixin.py:120} INFO - [2023-11-01T14:07:08.718+0000] {dagbag.py:537} INFO - Filling up the DagBag from /home/airflow/.local/lib/python3.7/site-packages/airflow/example_dags/example_subdag_operator.py
[2023-11-01T14:07:08.759+0000] {processor.py:766} INFO - DAG(s) dict_keys(['example_subdag_operator.section-1', 'example_subdag_operator.section-2', 'example_subdag_operator']) retrieved from /home/airflow/.local/lib/python3.7/site-packages/airflow/example_dags/example_subdag_operator.py
[2023-11-01T14:07:09.024+0000] {logging_mixin.py:120} INFO - [2023-11-01T14:07:09.024+0000] {dag.py:2585} INFO - Sync 3 DAGs
[2023-11-01T14:07:09.061+0000] {logging_mixin.py:120} INFO - [2023-11-01T14:07:09.061+0000] {dag.py:3340} INFO - Setting next_dagrun for example_subdag_operator to 2022-01-01T00:00:00+00:00, run_after=2022-01-01T00:00:00+00:00
[2023-11-01T14:07:09.071+0000] {logging_mixin.py:120} INFO - [2023-11-01T14:07:09.071+0000] {dag.py:3340} INFO - Setting next_dagrun for example_subdag_operator.section-1 to None, run_after=None
[2023-11-01T14:07:09.075+0000] {logging_mixin.py:120} INFO - [2023-11-01T14:07:09.075+0000] {dag.py:3340} INFO - Setting next_dagrun for example_subdag_operator.section-2 to None, run_after=None
[2023-11-01T14:07:09.089+0000] {logging_mixin.py:120} INFO - [2023-11-01T14:07:09.088+0000] {dag.py:2585} INFO - Sync 2 DAGs
[2023-11-01T14:07:09.098+0000] {logging_mixin.py:120} INFO - [2023-11-01T14:07:09.098+0000] {dag.py:3340} INFO - Setting next_dagrun for example_subdag_operator.section-1 to None, run_after=None
[2023-11-01T14:07:09.099+0000] {logging_mixin.py:120} INFO - [2023-11-01T14:07:09.099+0000] {dag.py:3340} INFO - Setting next_dagrun for example_subdag_operator.section-2 to None, run_after=None
[2023-11-01T14:07:09.118+0000] {processor.py:176} INFO - Processing /home/airflow/.local/lib/python3.7/site-packages/airflow/example_dags/example_subdag_operator.py took 0.405 seconds
