[2023-11-01T13:59:22.232+0000] {processor.py:154} INFO - Started process (PID=90) to work on /home/airflow/.local/lib/python3.7/site-packages/airflow/example_dags/example_branch_operator_decorator.py
[2023-11-01T13:59:22.234+0000] {processor.py:756} INFO - Processing file /home/airflow/.local/lib/python3.7/site-packages/airflow/example_dags/example_branch_operator_decorator.py for tasks to queue
[2023-11-01T13:59:22.235+0000] {logging_mixin.py:120} INFO - [2023-11-01T13:59:22.235+0000] {dagbag.py:537} INFO - Filling up the DagBag from /home/airflow/.local/lib/python3.7/site-packages/airflow/example_dags/example_branch_operator_decorator.py
[2023-11-01T13:59:22.299+0000] {processor.py:766} INFO - DAG(s) dict_keys(['example_branch_python_operator_decorator']) retrieved from /home/airflow/.local/lib/python3.7/site-packages/airflow/example_dags/example_branch_operator_decorator.py
[2023-11-01T13:59:22.397+0000] {logging_mixin.py:120} INFO - [2023-11-01T13:59:22.397+0000] {dag.py:2585} INFO - Sync 1 DAGs
[2023-11-01T13:59:22.455+0000] {logging_mixin.py:120} INFO - [2023-11-01T13:59:22.455+0000] {dag.py:3340} INFO - Setting next_dagrun for example_branch_python_operator_decorator to 2023-10-31T00:00:00+00:00, run_after=2023-11-01T00:00:00+00:00
[2023-11-01T13:59:22.645+0000] {processor.py:176} INFO - Processing /home/airflow/.local/lib/python3.7/site-packages/airflow/example_dags/example_branch_operator_decorator.py took 0.416 seconds
[2023-11-01T13:59:52.794+0000] {processor.py:154} INFO - Started process (PID=146) to work on /home/airflow/.local/lib/python3.7/site-packages/airflow/example_dags/example_branch_operator_decorator.py
[2023-11-01T13:59:52.796+0000] {processor.py:756} INFO - Processing file /home/airflow/.local/lib/python3.7/site-packages/airflow/example_dags/example_branch_operator_decorator.py for tasks to queue
[2023-11-01T13:59:52.797+0000] {logging_mixin.py:120} INFO - [2023-11-01T13:59:52.797+0000] {dagbag.py:537} INFO - Filling up the DagBag from /home/airflow/.local/lib/python3.7/site-packages/airflow/example_dags/example_branch_operator_decorator.py
[2023-11-01T13:59:52.827+0000] {processor.py:766} INFO - DAG(s) dict_keys(['example_branch_python_operator_decorator']) retrieved from /home/airflow/.local/lib/python3.7/site-packages/airflow/example_dags/example_branch_operator_decorator.py
[2023-11-01T13:59:52.873+0000] {logging_mixin.py:120} INFO - [2023-11-01T13:59:52.873+0000] {dag.py:2585} INFO - Sync 1 DAGs
[2023-11-01T13:59:52.911+0000] {logging_mixin.py:120} INFO - [2023-11-01T13:59:52.910+0000] {dag.py:3340} INFO - Setting next_dagrun for example_branch_python_operator_decorator to 2023-10-31T00:00:00+00:00, run_after=2023-11-01T00:00:00+00:00
[2023-11-01T13:59:52.936+0000] {processor.py:176} INFO - Processing /home/airflow/.local/lib/python3.7/site-packages/airflow/example_dags/example_branch_operator_decorator.py took 0.145 seconds
[2023-11-01T14:00:23.634+0000] {processor.py:154} INFO - Started process (PID=213) to work on /home/airflow/.local/lib/python3.7/site-packages/airflow/example_dags/example_branch_operator_decorator.py
[2023-11-01T14:00:23.635+0000] {processor.py:756} INFO - Processing file /home/airflow/.local/lib/python3.7/site-packages/airflow/example_dags/example_branch_operator_decorator.py for tasks to queue
[2023-11-01T14:00:23.636+0000] {logging_mixin.py:120} INFO - [2023-11-01T14:00:23.636+0000] {dagbag.py:537} INFO - Filling up the DagBag from /home/airflow/.local/lib/python3.7/site-packages/airflow/example_dags/example_branch_operator_decorator.py
[2023-11-01T14:00:23.666+0000] {processor.py:766} INFO - DAG(s) dict_keys(['example_branch_python_operator_decorator']) retrieved from /home/airflow/.local/lib/python3.7/site-packages/airflow/example_dags/example_branch_operator_decorator.py
[2023-11-01T14:00:23.713+0000] {logging_mixin.py:120} INFO - [2023-11-01T14:00:23.713+0000] {dag.py:2585} INFO - Sync 1 DAGs
[2023-11-01T14:00:23.754+0000] {logging_mixin.py:120} INFO - [2023-11-01T14:00:23.754+0000] {dag.py:3340} INFO - Setting next_dagrun for example_branch_python_operator_decorator to 2023-10-31T00:00:00+00:00, run_after=2023-11-01T00:00:00+00:00
[2023-11-01T14:00:23.779+0000] {processor.py:176} INFO - Processing /home/airflow/.local/lib/python3.7/site-packages/airflow/example_dags/example_branch_operator_decorator.py took 0.149 seconds
[2023-11-01T14:00:54.357+0000] {processor.py:154} INFO - Started process (PID=279) to work on /home/airflow/.local/lib/python3.7/site-packages/airflow/example_dags/example_branch_operator_decorator.py
[2023-11-01T14:00:54.358+0000] {processor.py:756} INFO - Processing file /home/airflow/.local/lib/python3.7/site-packages/airflow/example_dags/example_branch_operator_decorator.py for tasks to queue
[2023-11-01T14:00:54.360+0000] {logging_mixin.py:120} INFO - [2023-11-01T14:00:54.359+0000] {dagbag.py:537} INFO - Filling up the DagBag from /home/airflow/.local/lib/python3.7/site-packages/airflow/example_dags/example_branch_operator_decorator.py
[2023-11-01T14:00:54.396+0000] {processor.py:766} INFO - DAG(s) dict_keys(['example_branch_python_operator_decorator']) retrieved from /home/airflow/.local/lib/python3.7/site-packages/airflow/example_dags/example_branch_operator_decorator.py
[2023-11-01T14:00:54.458+0000] {logging_mixin.py:120} INFO - [2023-11-01T14:00:54.458+0000] {dag.py:2585} INFO - Sync 1 DAGs
[2023-11-01T14:00:54.496+0000] {logging_mixin.py:120} INFO - [2023-11-01T14:00:54.496+0000] {dag.py:3340} INFO - Setting next_dagrun for example_branch_python_operator_decorator to 2023-10-31T00:00:00+00:00, run_after=2023-11-01T00:00:00+00:00
[2023-11-01T14:00:54.575+0000] {processor.py:176} INFO - Processing /home/airflow/.local/lib/python3.7/site-packages/airflow/example_dags/example_branch_operator_decorator.py took 0.222 seconds
[2023-11-01T14:01:33.170+0000] {processor.py:154} INFO - Started process (PID=336) to work on /home/airflow/.local/lib/python3.7/site-packages/airflow/example_dags/example_branch_operator_decorator.py
[2023-11-01T14:01:33.197+0000] {processor.py:756} INFO - Processing file /home/airflow/.local/lib/python3.7/site-packages/airflow/example_dags/example_branch_operator_decorator.py for tasks to queue
[2023-11-01T14:01:33.234+0000] {logging_mixin.py:120} INFO - [2023-11-01T14:01:33.234+0000] {dagbag.py:537} INFO - Filling up the DagBag from /home/airflow/.local/lib/python3.7/site-packages/airflow/example_dags/example_branch_operator_decorator.py
[2023-11-01T14:01:33.339+0000] {processor.py:766} INFO - DAG(s) dict_keys(['example_branch_python_operator_decorator']) retrieved from /home/airflow/.local/lib/python3.7/site-packages/airflow/example_dags/example_branch_operator_decorator.py
[2023-11-01T14:01:33.502+0000] {logging_mixin.py:120} INFO - [2023-11-01T14:01:33.502+0000] {dag.py:2585} INFO - Sync 1 DAGs
[2023-11-01T14:01:33.628+0000] {logging_mixin.py:120} INFO - [2023-11-01T14:01:33.628+0000] {dag.py:3340} INFO - Setting next_dagrun for example_branch_python_operator_decorator to 2023-10-31T00:00:00+00:00, run_after=2023-11-01T00:00:00+00:00
[2023-11-01T14:01:33.729+0000] {processor.py:176} INFO - Processing /home/airflow/.local/lib/python3.7/site-packages/airflow/example_dags/example_branch_operator_decorator.py took 0.563 seconds
[2023-11-01T14:02:04.433+0000] {processor.py:154} INFO - Started process (PID=402) to work on /home/airflow/.local/lib/python3.7/site-packages/airflow/example_dags/example_branch_operator_decorator.py
[2023-11-01T14:02:04.434+0000] {processor.py:756} INFO - Processing file /home/airflow/.local/lib/python3.7/site-packages/airflow/example_dags/example_branch_operator_decorator.py for tasks to queue
[2023-11-01T14:02:04.436+0000] {logging_mixin.py:120} INFO - [2023-11-01T14:02:04.435+0000] {dagbag.py:537} INFO - Filling up the DagBag from /home/airflow/.local/lib/python3.7/site-packages/airflow/example_dags/example_branch_operator_decorator.py
[2023-11-01T14:02:04.465+0000] {processor.py:766} INFO - DAG(s) dict_keys(['example_branch_python_operator_decorator']) retrieved from /home/airflow/.local/lib/python3.7/site-packages/airflow/example_dags/example_branch_operator_decorator.py
[2023-11-01T14:02:04.514+0000] {logging_mixin.py:120} INFO - [2023-11-01T14:02:04.514+0000] {dag.py:2585} INFO - Sync 1 DAGs
[2023-11-01T14:02:04.553+0000] {logging_mixin.py:120} INFO - [2023-11-01T14:02:04.552+0000] {dag.py:3340} INFO - Setting next_dagrun for example_branch_python_operator_decorator to 2023-10-31T00:00:00+00:00, run_after=2023-11-01T00:00:00+00:00
[2023-11-01T14:02:04.580+0000] {processor.py:176} INFO - Processing /home/airflow/.local/lib/python3.7/site-packages/airflow/example_dags/example_branch_operator_decorator.py took 0.149 seconds
[2023-11-01T14:02:34.891+0000] {processor.py:154} INFO - Started process (PID=458) to work on /home/airflow/.local/lib/python3.7/site-packages/airflow/example_dags/example_branch_operator_decorator.py
[2023-11-01T14:02:34.894+0000] {processor.py:756} INFO - Processing file /home/airflow/.local/lib/python3.7/site-packages/airflow/example_dags/example_branch_operator_decorator.py for tasks to queue
[2023-11-01T14:02:34.896+0000] {logging_mixin.py:120} INFO - [2023-11-01T14:02:34.895+0000] {dagbag.py:537} INFO - Filling up the DagBag from /home/airflow/.local/lib/python3.7/site-packages/airflow/example_dags/example_branch_operator_decorator.py
[2023-11-01T14:02:34.935+0000] {processor.py:766} INFO - DAG(s) dict_keys(['example_branch_python_operator_decorator']) retrieved from /home/airflow/.local/lib/python3.7/site-packages/airflow/example_dags/example_branch_operator_decorator.py
[2023-11-01T14:02:34.999+0000] {logging_mixin.py:120} INFO - [2023-11-01T14:02:34.999+0000] {dag.py:2585} INFO - Sync 1 DAGs
[2023-11-01T14:02:35.036+0000] {logging_mixin.py:120} INFO - [2023-11-01T14:02:35.036+0000] {dag.py:3340} INFO - Setting next_dagrun for example_branch_python_operator_decorator to 2023-10-31T00:00:00+00:00, run_after=2023-11-01T00:00:00+00:00
[2023-11-01T14:02:35.069+0000] {processor.py:176} INFO - Processing /home/airflow/.local/lib/python3.7/site-packages/airflow/example_dags/example_branch_operator_decorator.py took 0.183 seconds
[2023-11-01T14:03:05.244+0000] {processor.py:154} INFO - Started process (PID=522) to work on /home/airflow/.local/lib/python3.7/site-packages/airflow/example_dags/example_branch_operator_decorator.py
[2023-11-01T14:03:05.245+0000] {processor.py:756} INFO - Processing file /home/airflow/.local/lib/python3.7/site-packages/airflow/example_dags/example_branch_operator_decorator.py for tasks to queue
[2023-11-01T14:03:05.246+0000] {logging_mixin.py:120} INFO - [2023-11-01T14:03:05.246+0000] {dagbag.py:537} INFO - Filling up the DagBag from /home/airflow/.local/lib/python3.7/site-packages/airflow/example_dags/example_branch_operator_decorator.py
[2023-11-01T14:03:05.278+0000] {processor.py:766} INFO - DAG(s) dict_keys(['example_branch_python_operator_decorator']) retrieved from /home/airflow/.local/lib/python3.7/site-packages/airflow/example_dags/example_branch_operator_decorator.py
[2023-11-01T14:03:05.387+0000] {logging_mixin.py:120} INFO - [2023-11-01T14:03:05.386+0000] {dag.py:2585} INFO - Sync 1 DAGs
[2023-11-01T14:03:05.423+0000] {logging_mixin.py:120} INFO - [2023-11-01T14:03:05.422+0000] {dag.py:3340} INFO - Setting next_dagrun for example_branch_python_operator_decorator to 2023-10-31T00:00:00+00:00, run_after=2023-11-01T00:00:00+00:00
[2023-11-01T14:03:05.452+0000] {processor.py:176} INFO - Processing /home/airflow/.local/lib/python3.7/site-packages/airflow/example_dags/example_branch_operator_decorator.py took 0.211 seconds
[2023-11-01T14:03:35.696+0000] {processor.py:154} INFO - Started process (PID=578) to work on /home/airflow/.local/lib/python3.7/site-packages/airflow/example_dags/example_branch_operator_decorator.py
[2023-11-01T14:03:35.697+0000] {processor.py:756} INFO - Processing file /home/airflow/.local/lib/python3.7/site-packages/airflow/example_dags/example_branch_operator_decorator.py for tasks to queue
[2023-11-01T14:03:35.698+0000] {logging_mixin.py:120} INFO - [2023-11-01T14:03:35.698+0000] {dagbag.py:537} INFO - Filling up the DagBag from /home/airflow/.local/lib/python3.7/site-packages/airflow/example_dags/example_branch_operator_decorator.py
[2023-11-01T14:03:35.727+0000] {processor.py:766} INFO - DAG(s) dict_keys(['example_branch_python_operator_decorator']) retrieved from /home/airflow/.local/lib/python3.7/site-packages/airflow/example_dags/example_branch_operator_decorator.py
[2023-11-01T14:03:35.794+0000] {logging_mixin.py:120} INFO - [2023-11-01T14:03:35.794+0000] {dag.py:2585} INFO - Sync 1 DAGs
[2023-11-01T14:03:35.833+0000] {logging_mixin.py:120} INFO - [2023-11-01T14:03:35.833+0000] {dag.py:3340} INFO - Setting next_dagrun for example_branch_python_operator_decorator to 2023-10-31T00:00:00+00:00, run_after=2023-11-01T00:00:00+00:00
[2023-11-01T14:03:35.860+0000] {processor.py:176} INFO - Processing /home/airflow/.local/lib/python3.7/site-packages/airflow/example_dags/example_branch_operator_decorator.py took 0.169 seconds
[2023-11-01T14:04:06.775+0000] {processor.py:154} INFO - Started process (PID=645) to work on /home/airflow/.local/lib/python3.7/site-packages/airflow/example_dags/example_branch_operator_decorator.py
[2023-11-01T14:04:06.776+0000] {processor.py:756} INFO - Processing file /home/airflow/.local/lib/python3.7/site-packages/airflow/example_dags/example_branch_operator_decorator.py for tasks to queue
[2023-11-01T14:04:06.779+0000] {logging_mixin.py:120} INFO - [2023-11-01T14:04:06.778+0000] {dagbag.py:537} INFO - Filling up the DagBag from /home/airflow/.local/lib/python3.7/site-packages/airflow/example_dags/example_branch_operator_decorator.py
[2023-11-01T14:04:06.809+0000] {processor.py:766} INFO - DAG(s) dict_keys(['example_branch_python_operator_decorator']) retrieved from /home/airflow/.local/lib/python3.7/site-packages/airflow/example_dags/example_branch_operator_decorator.py
[2023-11-01T14:04:06.867+0000] {logging_mixin.py:120} INFO - [2023-11-01T14:04:06.867+0000] {dag.py:2585} INFO - Sync 1 DAGs
[2023-11-01T14:04:06.902+0000] {logging_mixin.py:120} INFO - [2023-11-01T14:04:06.902+0000] {dag.py:3340} INFO - Setting next_dagrun for example_branch_python_operator_decorator to 2023-10-31T00:00:00+00:00, run_after=2023-11-01T00:00:00+00:00
[2023-11-01T14:04:06.931+0000] {processor.py:176} INFO - Processing /home/airflow/.local/lib/python3.7/site-packages/airflow/example_dags/example_branch_operator_decorator.py took 0.160 seconds
[2023-11-01T14:04:37.373+0000] {processor.py:154} INFO - Started process (PID=701) to work on /home/airflow/.local/lib/python3.7/site-packages/airflow/example_dags/example_branch_operator_decorator.py
[2023-11-01T14:04:37.375+0000] {processor.py:756} INFO - Processing file /home/airflow/.local/lib/python3.7/site-packages/airflow/example_dags/example_branch_operator_decorator.py for tasks to queue
[2023-11-01T14:04:37.376+0000] {logging_mixin.py:120} INFO - [2023-11-01T14:04:37.376+0000] {dagbag.py:537} INFO - Filling up the DagBag from /home/airflow/.local/lib/python3.7/site-packages/airflow/example_dags/example_branch_operator_decorator.py
[2023-11-01T14:04:37.439+0000] {processor.py:766} INFO - DAG(s) dict_keys(['example_branch_python_operator_decorator']) retrieved from /home/airflow/.local/lib/python3.7/site-packages/airflow/example_dags/example_branch_operator_decorator.py
[2023-11-01T14:04:37.532+0000] {logging_mixin.py:120} INFO - [2023-11-01T14:04:37.532+0000] {dag.py:2585} INFO - Sync 1 DAGs
[2023-11-01T14:04:37.578+0000] {logging_mixin.py:120} INFO - [2023-11-01T14:04:37.578+0000] {dag.py:3340} INFO - Setting next_dagrun for example_branch_python_operator_decorator to 2023-10-31T00:00:00+00:00, run_after=2023-11-01T00:00:00+00:00
[2023-11-01T14:04:37.613+0000] {processor.py:176} INFO - Processing /home/airflow/.local/lib/python3.7/site-packages/airflow/example_dags/example_branch_operator_decorator.py took 0.244 seconds
[2023-11-01T14:05:07.953+0000] {processor.py:154} INFO - Started process (PID=767) to work on /home/airflow/.local/lib/python3.7/site-packages/airflow/example_dags/example_branch_operator_decorator.py
[2023-11-01T14:05:07.954+0000] {processor.py:756} INFO - Processing file /home/airflow/.local/lib/python3.7/site-packages/airflow/example_dags/example_branch_operator_decorator.py for tasks to queue
[2023-11-01T14:05:07.956+0000] {logging_mixin.py:120} INFO - [2023-11-01T14:05:07.955+0000] {dagbag.py:537} INFO - Filling up the DagBag from /home/airflow/.local/lib/python3.7/site-packages/airflow/example_dags/example_branch_operator_decorator.py
[2023-11-01T14:05:07.986+0000] {processor.py:766} INFO - DAG(s) dict_keys(['example_branch_python_operator_decorator']) retrieved from /home/airflow/.local/lib/python3.7/site-packages/airflow/example_dags/example_branch_operator_decorator.py
[2023-11-01T14:05:08.061+0000] {logging_mixin.py:120} INFO - [2023-11-01T14:05:08.061+0000] {dag.py:2585} INFO - Sync 1 DAGs
[2023-11-01T14:05:08.104+0000] {logging_mixin.py:120} INFO - [2023-11-01T14:05:08.104+0000] {dag.py:3340} INFO - Setting next_dagrun for example_branch_python_operator_decorator to 2023-10-31T00:00:00+00:00, run_after=2023-11-01T00:00:00+00:00
[2023-11-01T14:05:08.144+0000] {processor.py:176} INFO - Processing /home/airflow/.local/lib/python3.7/site-packages/airflow/example_dags/example_branch_operator_decorator.py took 0.194 seconds
[2023-11-01T14:05:38.734+0000] {processor.py:154} INFO - Started process (PID=832) to work on /home/airflow/.local/lib/python3.7/site-packages/airflow/example_dags/example_branch_operator_decorator.py
[2023-11-01T14:05:38.737+0000] {processor.py:756} INFO - Processing file /home/airflow/.local/lib/python3.7/site-packages/airflow/example_dags/example_branch_operator_decorator.py for tasks to queue
[2023-11-01T14:05:38.751+0000] {logging_mixin.py:120} INFO - [2023-11-01T14:05:38.750+0000] {dagbag.py:537} INFO - Filling up the DagBag from /home/airflow/.local/lib/python3.7/site-packages/airflow/example_dags/example_branch_operator_decorator.py
[2023-11-01T14:05:38.820+0000] {processor.py:766} INFO - DAG(s) dict_keys(['example_branch_python_operator_decorator']) retrieved from /home/airflow/.local/lib/python3.7/site-packages/airflow/example_dags/example_branch_operator_decorator.py
[2023-11-01T14:05:38.947+0000] {logging_mixin.py:120} INFO - [2023-11-01T14:05:38.947+0000] {dag.py:2585} INFO - Sync 1 DAGs
[2023-11-01T14:05:39.022+0000] {logging_mixin.py:120} INFO - [2023-11-01T14:05:39.022+0000] {dag.py:3340} INFO - Setting next_dagrun for example_branch_python_operator_decorator to 2023-10-31T00:00:00+00:00, run_after=2023-11-01T00:00:00+00:00
[2023-11-01T14:05:39.081+0000] {processor.py:176} INFO - Processing /home/airflow/.local/lib/python3.7/site-packages/airflow/example_dags/example_branch_operator_decorator.py took 0.353 seconds
[2023-11-01T14:06:09.232+0000] {processor.py:154} INFO - Started process (PID=887) to work on /home/airflow/.local/lib/python3.7/site-packages/airflow/example_dags/example_branch_operator_decorator.py
[2023-11-01T14:06:09.234+0000] {processor.py:756} INFO - Processing file /home/airflow/.local/lib/python3.7/site-packages/airflow/example_dags/example_branch_operator_decorator.py for tasks to queue
[2023-11-01T14:06:09.235+0000] {logging_mixin.py:120} INFO - [2023-11-01T14:06:09.235+0000] {dagbag.py:537} INFO - Filling up the DagBag from /home/airflow/.local/lib/python3.7/site-packages/airflow/example_dags/example_branch_operator_decorator.py
[2023-11-01T14:06:09.262+0000] {processor.py:766} INFO - DAG(s) dict_keys(['example_branch_python_operator_decorator']) retrieved from /home/airflow/.local/lib/python3.7/site-packages/airflow/example_dags/example_branch_operator_decorator.py
[2023-11-01T14:06:09.311+0000] {logging_mixin.py:120} INFO - [2023-11-01T14:06:09.310+0000] {dag.py:2585} INFO - Sync 1 DAGs
[2023-11-01T14:06:09.348+0000] {logging_mixin.py:120} INFO - [2023-11-01T14:06:09.348+0000] {dag.py:3340} INFO - Setting next_dagrun for example_branch_python_operator_decorator to 2023-10-31T00:00:00+00:00, run_after=2023-11-01T00:00:00+00:00
[2023-11-01T14:06:09.374+0000] {processor.py:176} INFO - Processing /home/airflow/.local/lib/python3.7/site-packages/airflow/example_dags/example_branch_operator_decorator.py took 0.144 seconds
[2023-11-01T14:06:39.792+0000] {processor.py:154} INFO - Started process (PID=953) to work on /home/airflow/.local/lib/python3.7/site-packages/airflow/example_dags/example_branch_operator_decorator.py
[2023-11-01T14:06:39.793+0000] {processor.py:756} INFO - Processing file /home/airflow/.local/lib/python3.7/site-packages/airflow/example_dags/example_branch_operator_decorator.py for tasks to queue
[2023-11-01T14:06:39.794+0000] {logging_mixin.py:120} INFO - [2023-11-01T14:06:39.794+0000] {dagbag.py:537} INFO - Filling up the DagBag from /home/airflow/.local/lib/python3.7/site-packages/airflow/example_dags/example_branch_operator_decorator.py
[2023-11-01T14:06:39.828+0000] {processor.py:766} INFO - DAG(s) dict_keys(['example_branch_python_operator_decorator']) retrieved from /home/airflow/.local/lib/python3.7/site-packages/airflow/example_dags/example_branch_operator_decorator.py
[2023-11-01T14:06:39.907+0000] {logging_mixin.py:120} INFO - [2023-11-01T14:06:39.907+0000] {dag.py:2585} INFO - Sync 1 DAGs
[2023-11-01T14:06:39.946+0000] {logging_mixin.py:120} INFO - [2023-11-01T14:06:39.946+0000] {dag.py:3340} INFO - Setting next_dagrun for example_branch_python_operator_decorator to 2023-10-31T00:00:00+00:00, run_after=2023-11-01T00:00:00+00:00
[2023-11-01T14:06:39.979+0000] {processor.py:176} INFO - Processing /home/airflow/.local/lib/python3.7/site-packages/airflow/example_dags/example_branch_operator_decorator.py took 0.192 seconds
[2023-11-01T14:07:10.334+0000] {processor.py:154} INFO - Started process (PID=1009) to work on /home/airflow/.local/lib/python3.7/site-packages/airflow/example_dags/example_branch_operator_decorator.py
[2023-11-01T14:07:10.336+0000] {processor.py:756} INFO - Processing file /home/airflow/.local/lib/python3.7/site-packages/airflow/example_dags/example_branch_operator_decorator.py for tasks to queue
[2023-11-01T14:07:10.337+0000] {logging_mixin.py:120} INFO - [2023-11-01T14:07:10.337+0000] {dagbag.py:537} INFO - Filling up the DagBag from /home/airflow/.local/lib/python3.7/site-packages/airflow/example_dags/example_branch_operator_decorator.py
[2023-11-01T14:07:10.364+0000] {processor.py:766} INFO - DAG(s) dict_keys(['example_branch_python_operator_decorator']) retrieved from /home/airflow/.local/lib/python3.7/site-packages/airflow/example_dags/example_branch_operator_decorator.py
[2023-11-01T14:07:10.410+0000] {logging_mixin.py:120} INFO - [2023-11-01T14:07:10.410+0000] {dag.py:2585} INFO - Sync 1 DAGs
[2023-11-01T14:07:10.446+0000] {logging_mixin.py:120} INFO - [2023-11-01T14:07:10.446+0000] {dag.py:3340} INFO - Setting next_dagrun for example_branch_python_operator_decorator to 2023-10-31T00:00:00+00:00, run_after=2023-11-01T00:00:00+00:00
[2023-11-01T14:07:10.476+0000] {processor.py:176} INFO - Processing /home/airflow/.local/lib/python3.7/site-packages/airflow/example_dags/example_branch_operator_decorator.py took 0.144 seconds
