[2023-11-01T13:59:18.863+0000] {processor.py:154} INFO - Started process (PID=66) to work on /home/airflow/.local/lib/python3.7/site-packages/airflow/example_dags/example_skip_dag.py
[2023-11-01T13:59:18.864+0000] {processor.py:756} INFO - Processing file /home/airflow/.local/lib/python3.7/site-packages/airflow/example_dags/example_skip_dag.py for tasks to queue
[2023-11-01T13:59:18.866+0000] {logging_mixin.py:120} INFO - [2023-11-01T13:59:18.866+0000] {dagbag.py:537} INFO - Filling up the DagBag from /home/airflow/.local/lib/python3.7/site-packages/airflow/example_dags/example_skip_dag.py
[2023-11-01T13:59:18.884+0000] {processor.py:766} INFO - DAG(s) dict_keys(['example_skip_dag']) retrieved from /home/airflow/.local/lib/python3.7/site-packages/airflow/example_dags/example_skip_dag.py
[2023-11-01T13:59:18.940+0000] {logging_mixin.py:120} INFO - [2023-11-01T13:59:18.940+0000] {dag.py:2585} INFO - Sync 1 DAGs
[2023-11-01T13:59:19.013+0000] {logging_mixin.py:120} INFO - [2023-11-01T13:59:19.013+0000] {dag.py:3340} INFO - Setting next_dagrun for example_skip_dag to 2023-10-31T13:59:19.012913+00:00, run_after=2023-11-01T13:59:19.012913+00:00
[2023-11-01T13:59:19.067+0000] {processor.py:176} INFO - Processing /home/airflow/.local/lib/python3.7/site-packages/airflow/example_dags/example_skip_dag.py took 0.207 seconds
[2023-11-01T13:59:49.173+0000] {processor.py:154} INFO - Started process (PID=132) to work on /home/airflow/.local/lib/python3.7/site-packages/airflow/example_dags/example_skip_dag.py
[2023-11-01T13:59:49.174+0000] {processor.py:756} INFO - Processing file /home/airflow/.local/lib/python3.7/site-packages/airflow/example_dags/example_skip_dag.py for tasks to queue
[2023-11-01T13:59:49.175+0000] {logging_mixin.py:120} INFO - [2023-11-01T13:59:49.175+0000] {dagbag.py:537} INFO - Filling up the DagBag from /home/airflow/.local/lib/python3.7/site-packages/airflow/example_dags/example_skip_dag.py
[2023-11-01T13:59:49.191+0000] {processor.py:766} INFO - DAG(s) dict_keys(['example_skip_dag']) retrieved from /home/airflow/.local/lib/python3.7/site-packages/airflow/example_dags/example_skip_dag.py
[2023-11-01T13:59:49.235+0000] {logging_mixin.py:120} INFO - [2023-11-01T13:59:49.235+0000] {dag.py:2585} INFO - Sync 1 DAGs
[2023-11-01T13:59:49.268+0000] {logging_mixin.py:120} INFO - [2023-11-01T13:59:49.268+0000] {dag.py:3340} INFO - Setting next_dagrun for example_skip_dag to 2023-10-31T13:59:49.268006+00:00, run_after=2023-11-01T13:59:49.268006+00:00
[2023-11-01T13:59:49.294+0000] {processor.py:176} INFO - Processing /home/airflow/.local/lib/python3.7/site-packages/airflow/example_dags/example_skip_dag.py took 0.124 seconds
[2023-11-01T14:00:19.988+0000] {processor.py:154} INFO - Started process (PID=199) to work on /home/airflow/.local/lib/python3.7/site-packages/airflow/example_dags/example_skip_dag.py
[2023-11-01T14:00:19.989+0000] {processor.py:756} INFO - Processing file /home/airflow/.local/lib/python3.7/site-packages/airflow/example_dags/example_skip_dag.py for tasks to queue
[2023-11-01T14:00:19.990+0000] {logging_mixin.py:120} INFO - [2023-11-01T14:00:19.990+0000] {dagbag.py:537} INFO - Filling up the DagBag from /home/airflow/.local/lib/python3.7/site-packages/airflow/example_dags/example_skip_dag.py
[2023-11-01T14:00:20.007+0000] {processor.py:766} INFO - DAG(s) dict_keys(['example_skip_dag']) retrieved from /home/airflow/.local/lib/python3.7/site-packages/airflow/example_dags/example_skip_dag.py
[2023-11-01T14:00:20.057+0000] {logging_mixin.py:120} INFO - [2023-11-01T14:00:20.057+0000] {dag.py:2585} INFO - Sync 1 DAGs
[2023-11-01T14:00:20.088+0000] {logging_mixin.py:120} INFO - [2023-11-01T14:00:20.088+0000] {dag.py:3340} INFO - Setting next_dagrun for example_skip_dag to 2023-10-31T14:00:20.088072+00:00, run_after=2023-11-01T14:00:20.088072+00:00
[2023-11-01T14:00:20.117+0000] {processor.py:176} INFO - Processing /home/airflow/.local/lib/python3.7/site-packages/airflow/example_dags/example_skip_dag.py took 0.133 seconds
[2023-11-01T14:00:50.858+0000] {processor.py:154} INFO - Started process (PID=256) to work on /home/airflow/.local/lib/python3.7/site-packages/airflow/example_dags/example_skip_dag.py
[2023-11-01T14:00:50.859+0000] {processor.py:756} INFO - Processing file /home/airflow/.local/lib/python3.7/site-packages/airflow/example_dags/example_skip_dag.py for tasks to queue
[2023-11-01T14:00:50.860+0000] {logging_mixin.py:120} INFO - [2023-11-01T14:00:50.860+0000] {dagbag.py:537} INFO - Filling up the DagBag from /home/airflow/.local/lib/python3.7/site-packages/airflow/example_dags/example_skip_dag.py
[2023-11-01T14:00:50.875+0000] {processor.py:766} INFO - DAG(s) dict_keys(['example_skip_dag']) retrieved from /home/airflow/.local/lib/python3.7/site-packages/airflow/example_dags/example_skip_dag.py
[2023-11-01T14:00:50.921+0000] {logging_mixin.py:120} INFO - [2023-11-01T14:00:50.921+0000] {dag.py:2585} INFO - Sync 1 DAGs
[2023-11-01T14:00:50.955+0000] {logging_mixin.py:120} INFO - [2023-11-01T14:00:50.954+0000] {dag.py:3340} INFO - Setting next_dagrun for example_skip_dag to 2023-10-31T14:00:50.954722+00:00, run_after=2023-11-01T14:00:50.954722+00:00
[2023-11-01T14:00:50.981+0000] {processor.py:176} INFO - Processing /home/airflow/.local/lib/python3.7/site-packages/airflow/example_dags/example_skip_dag.py took 0.126 seconds
[2023-11-01T14:01:27.440+0000] {processor.py:154} INFO - Started process (PID=322) to work on /home/airflow/.local/lib/python3.7/site-packages/airflow/example_dags/example_skip_dag.py
[2023-11-01T14:01:27.454+0000] {processor.py:756} INFO - Processing file /home/airflow/.local/lib/python3.7/site-packages/airflow/example_dags/example_skip_dag.py for tasks to queue
[2023-11-01T14:01:27.483+0000] {logging_mixin.py:120} INFO - [2023-11-01T14:01:27.483+0000] {dagbag.py:537} INFO - Filling up the DagBag from /home/airflow/.local/lib/python3.7/site-packages/airflow/example_dags/example_skip_dag.py
[2023-11-01T14:01:27.575+0000] {processor.py:766} INFO - DAG(s) dict_keys(['example_skip_dag']) retrieved from /home/airflow/.local/lib/python3.7/site-packages/airflow/example_dags/example_skip_dag.py
[2023-11-01T14:01:27.723+0000] {logging_mixin.py:120} INFO - [2023-11-01T14:01:27.722+0000] {dag.py:2585} INFO - Sync 1 DAGs
[2023-11-01T14:01:27.835+0000] {logging_mixin.py:120} INFO - [2023-11-01T14:01:27.834+0000] {dag.py:3340} INFO - Setting next_dagrun for example_skip_dag to 2023-10-31T14:01:27.834470+00:00, run_after=2023-11-01T14:01:27.834470+00:00
[2023-11-01T14:01:27.920+0000] {processor.py:176} INFO - Processing /home/airflow/.local/lib/python3.7/site-packages/airflow/example_dags/example_skip_dag.py took 0.483 seconds
[2023-11-01T14:01:58.750+0000] {processor.py:154} INFO - Started process (PID=379) to work on /home/airflow/.local/lib/python3.7/site-packages/airflow/example_dags/example_skip_dag.py
[2023-11-01T14:01:58.752+0000] {processor.py:756} INFO - Processing file /home/airflow/.local/lib/python3.7/site-packages/airflow/example_dags/example_skip_dag.py for tasks to queue
[2023-11-01T14:01:58.753+0000] {logging_mixin.py:120} INFO - [2023-11-01T14:01:58.753+0000] {dagbag.py:537} INFO - Filling up the DagBag from /home/airflow/.local/lib/python3.7/site-packages/airflow/example_dags/example_skip_dag.py
[2023-11-01T14:01:58.774+0000] {processor.py:766} INFO - DAG(s) dict_keys(['example_skip_dag']) retrieved from /home/airflow/.local/lib/python3.7/site-packages/airflow/example_dags/example_skip_dag.py
[2023-11-01T14:01:58.829+0000] {logging_mixin.py:120} INFO - [2023-11-01T14:01:58.829+0000] {dag.py:2585} INFO - Sync 1 DAGs
[2023-11-01T14:01:58.869+0000] {logging_mixin.py:120} INFO - [2023-11-01T14:01:58.869+0000] {dag.py:3340} INFO - Setting next_dagrun for example_skip_dag to 2023-10-31T14:01:58.868792+00:00, run_after=2023-11-01T14:01:58.868792+00:00
[2023-11-01T14:01:58.906+0000] {processor.py:176} INFO - Processing /home/airflow/.local/lib/python3.7/site-packages/airflow/example_dags/example_skip_dag.py took 0.159 seconds
[2023-11-01T14:02:29.191+0000] {processor.py:154} INFO - Started process (PID=444) to work on /home/airflow/.local/lib/python3.7/site-packages/airflow/example_dags/example_skip_dag.py
[2023-11-01T14:02:29.193+0000] {processor.py:756} INFO - Processing file /home/airflow/.local/lib/python3.7/site-packages/airflow/example_dags/example_skip_dag.py for tasks to queue
[2023-11-01T14:02:29.195+0000] {logging_mixin.py:120} INFO - [2023-11-01T14:02:29.195+0000] {dagbag.py:537} INFO - Filling up the DagBag from /home/airflow/.local/lib/python3.7/site-packages/airflow/example_dags/example_skip_dag.py
[2023-11-01T14:02:29.215+0000] {processor.py:766} INFO - DAG(s) dict_keys(['example_skip_dag']) retrieved from /home/airflow/.local/lib/python3.7/site-packages/airflow/example_dags/example_skip_dag.py
[2023-11-01T14:02:29.282+0000] {logging_mixin.py:120} INFO - [2023-11-01T14:02:29.282+0000] {dag.py:2585} INFO - Sync 1 DAGs
[2023-11-01T14:02:29.319+0000] {logging_mixin.py:120} INFO - [2023-11-01T14:02:29.318+0000] {dag.py:3340} INFO - Setting next_dagrun for example_skip_dag to 2023-10-31T14:02:29.318656+00:00, run_after=2023-11-01T14:02:29.318656+00:00
[2023-11-01T14:02:29.353+0000] {processor.py:176} INFO - Processing /home/airflow/.local/lib/python3.7/site-packages/airflow/example_dags/example_skip_dag.py took 0.165 seconds
[2023-11-01T14:02:59.730+0000] {processor.py:154} INFO - Started process (PID=500) to work on /home/airflow/.local/lib/python3.7/site-packages/airflow/example_dags/example_skip_dag.py
[2023-11-01T14:02:59.731+0000] {processor.py:756} INFO - Processing file /home/airflow/.local/lib/python3.7/site-packages/airflow/example_dags/example_skip_dag.py for tasks to queue
[2023-11-01T14:02:59.733+0000] {logging_mixin.py:120} INFO - [2023-11-01T14:02:59.733+0000] {dagbag.py:537} INFO - Filling up the DagBag from /home/airflow/.local/lib/python3.7/site-packages/airflow/example_dags/example_skip_dag.py
[2023-11-01T14:02:59.753+0000] {processor.py:766} INFO - DAG(s) dict_keys(['example_skip_dag']) retrieved from /home/airflow/.local/lib/python3.7/site-packages/airflow/example_dags/example_skip_dag.py
[2023-11-01T14:02:59.816+0000] {logging_mixin.py:120} INFO - [2023-11-01T14:02:59.816+0000] {dag.py:2585} INFO - Sync 1 DAGs
[2023-11-01T14:02:59.862+0000] {logging_mixin.py:120} INFO - [2023-11-01T14:02:59.862+0000] {dag.py:3340} INFO - Setting next_dagrun for example_skip_dag to 2023-10-31T14:02:59.861733+00:00, run_after=2023-11-01T14:02:59.861733+00:00
[2023-11-01T14:02:59.905+0000] {processor.py:176} INFO - Processing /home/airflow/.local/lib/python3.7/site-packages/airflow/example_dags/example_skip_dag.py took 0.178 seconds
[2023-11-01T14:03:30.474+0000] {processor.py:154} INFO - Started process (PID=565) to work on /home/airflow/.local/lib/python3.7/site-packages/airflow/example_dags/example_skip_dag.py
[2023-11-01T14:03:30.475+0000] {processor.py:756} INFO - Processing file /home/airflow/.local/lib/python3.7/site-packages/airflow/example_dags/example_skip_dag.py for tasks to queue
[2023-11-01T14:03:30.477+0000] {logging_mixin.py:120} INFO - [2023-11-01T14:03:30.477+0000] {dagbag.py:537} INFO - Filling up the DagBag from /home/airflow/.local/lib/python3.7/site-packages/airflow/example_dags/example_skip_dag.py
[2023-11-01T14:03:30.492+0000] {processor.py:766} INFO - DAG(s) dict_keys(['example_skip_dag']) retrieved from /home/airflow/.local/lib/python3.7/site-packages/airflow/example_dags/example_skip_dag.py
[2023-11-01T14:03:30.540+0000] {logging_mixin.py:120} INFO - [2023-11-01T14:03:30.539+0000] {dag.py:2585} INFO - Sync 1 DAGs
[2023-11-01T14:03:30.571+0000] {logging_mixin.py:120} INFO - [2023-11-01T14:03:30.571+0000] {dag.py:3340} INFO - Setting next_dagrun for example_skip_dag to 2023-10-31T14:03:30.571456+00:00, run_after=2023-11-01T14:03:30.571456+00:00
[2023-11-01T14:03:30.600+0000] {processor.py:176} INFO - Processing /home/airflow/.local/lib/python3.7/site-packages/airflow/example_dags/example_skip_dag.py took 0.129 seconds
[2023-11-01T14:04:00.721+0000] {processor.py:154} INFO - Started process (PID=621) to work on /home/airflow/.local/lib/python3.7/site-packages/airflow/example_dags/example_skip_dag.py
[2023-11-01T14:04:00.723+0000] {processor.py:756} INFO - Processing file /home/airflow/.local/lib/python3.7/site-packages/airflow/example_dags/example_skip_dag.py for tasks to queue
[2023-11-01T14:04:00.724+0000] {logging_mixin.py:120} INFO - [2023-11-01T14:04:00.724+0000] {dagbag.py:537} INFO - Filling up the DagBag from /home/airflow/.local/lib/python3.7/site-packages/airflow/example_dags/example_skip_dag.py
[2023-11-01T14:04:00.772+0000] {processor.py:766} INFO - DAG(s) dict_keys(['example_skip_dag']) retrieved from /home/airflow/.local/lib/python3.7/site-packages/airflow/example_dags/example_skip_dag.py
[2023-11-01T14:04:00.831+0000] {logging_mixin.py:120} INFO - [2023-11-01T14:04:00.831+0000] {dag.py:2585} INFO - Sync 1 DAGs
[2023-11-01T14:04:00.871+0000] {logging_mixin.py:120} INFO - [2023-11-01T14:04:00.871+0000] {dag.py:3340} INFO - Setting next_dagrun for example_skip_dag to 2023-10-31T14:04:00.871427+00:00, run_after=2023-11-01T14:04:00.871427+00:00
[2023-11-01T14:04:00.915+0000] {processor.py:176} INFO - Processing /home/airflow/.local/lib/python3.7/site-packages/airflow/example_dags/example_skip_dag.py took 0.197 seconds
[2023-11-01T14:04:31.119+0000] {processor.py:154} INFO - Started process (PID=685) to work on /home/airflow/.local/lib/python3.7/site-packages/airflow/example_dags/example_skip_dag.py
[2023-11-01T14:04:31.120+0000] {processor.py:756} INFO - Processing file /home/airflow/.local/lib/python3.7/site-packages/airflow/example_dags/example_skip_dag.py for tasks to queue
[2023-11-01T14:04:31.121+0000] {logging_mixin.py:120} INFO - [2023-11-01T14:04:31.121+0000] {dagbag.py:537} INFO - Filling up the DagBag from /home/airflow/.local/lib/python3.7/site-packages/airflow/example_dags/example_skip_dag.py
[2023-11-01T14:04:31.137+0000] {processor.py:766} INFO - DAG(s) dict_keys(['example_skip_dag']) retrieved from /home/airflow/.local/lib/python3.7/site-packages/airflow/example_dags/example_skip_dag.py
[2023-11-01T14:04:31.184+0000] {logging_mixin.py:120} INFO - [2023-11-01T14:04:31.184+0000] {dag.py:2585} INFO - Sync 1 DAGs
[2023-11-01T14:04:31.219+0000] {logging_mixin.py:120} INFO - [2023-11-01T14:04:31.219+0000] {dag.py:3340} INFO - Setting next_dagrun for example_skip_dag to 2023-10-31T14:04:31.219527+00:00, run_after=2023-11-01T14:04:31.219527+00:00
[2023-11-01T14:04:31.254+0000] {processor.py:176} INFO - Processing /home/airflow/.local/lib/python3.7/site-packages/airflow/example_dags/example_skip_dag.py took 0.138 seconds
[2023-11-01T14:05:01.900+0000] {processor.py:154} INFO - Started process (PID=742) to work on /home/airflow/.local/lib/python3.7/site-packages/airflow/example_dags/example_skip_dag.py
[2023-11-01T14:05:01.903+0000] {processor.py:756} INFO - Processing file /home/airflow/.local/lib/python3.7/site-packages/airflow/example_dags/example_skip_dag.py for tasks to queue
[2023-11-01T14:05:01.904+0000] {logging_mixin.py:120} INFO - [2023-11-01T14:05:01.904+0000] {dagbag.py:537} INFO - Filling up the DagBag from /home/airflow/.local/lib/python3.7/site-packages/airflow/example_dags/example_skip_dag.py
[2023-11-01T14:05:01.942+0000] {processor.py:766} INFO - DAG(s) dict_keys(['example_skip_dag']) retrieved from /home/airflow/.local/lib/python3.7/site-packages/airflow/example_dags/example_skip_dag.py
[2023-11-01T14:05:02.058+0000] {logging_mixin.py:120} INFO - [2023-11-01T14:05:02.058+0000] {dag.py:2585} INFO - Sync 1 DAGs
[2023-11-01T14:05:02.137+0000] {logging_mixin.py:120} INFO - [2023-11-01T14:05:02.137+0000] {dag.py:3340} INFO - Setting next_dagrun for example_skip_dag to 2023-10-31T14:05:02.137398+00:00, run_after=2023-11-01T14:05:02.137398+00:00
[2023-11-01T14:05:02.190+0000] {processor.py:176} INFO - Processing /home/airflow/.local/lib/python3.7/site-packages/airflow/example_dags/example_skip_dag.py took 0.298 seconds
[2023-11-01T14:05:32.374+0000] {processor.py:154} INFO - Started process (PID=807) to work on /home/airflow/.local/lib/python3.7/site-packages/airflow/example_dags/example_skip_dag.py
[2023-11-01T14:05:32.376+0000] {processor.py:756} INFO - Processing file /home/airflow/.local/lib/python3.7/site-packages/airflow/example_dags/example_skip_dag.py for tasks to queue
[2023-11-01T14:05:32.377+0000] {logging_mixin.py:120} INFO - [2023-11-01T14:05:32.377+0000] {dagbag.py:537} INFO - Filling up the DagBag from /home/airflow/.local/lib/python3.7/site-packages/airflow/example_dags/example_skip_dag.py
[2023-11-01T14:05:32.394+0000] {processor.py:766} INFO - DAG(s) dict_keys(['example_skip_dag']) retrieved from /home/airflow/.local/lib/python3.7/site-packages/airflow/example_dags/example_skip_dag.py
[2023-11-01T14:05:32.442+0000] {logging_mixin.py:120} INFO - [2023-11-01T14:05:32.442+0000] {dag.py:2585} INFO - Sync 1 DAGs
[2023-11-01T14:05:32.475+0000] {logging_mixin.py:120} INFO - [2023-11-01T14:05:32.475+0000] {dag.py:3340} INFO - Setting next_dagrun for example_skip_dag to 2023-10-31T14:05:32.474787+00:00, run_after=2023-11-01T14:05:32.474787+00:00
[2023-11-01T14:05:32.505+0000] {processor.py:176} INFO - Processing /home/airflow/.local/lib/python3.7/site-packages/airflow/example_dags/example_skip_dag.py took 0.133 seconds
[2023-11-01T14:06:03.168+0000] {processor.py:154} INFO - Started process (PID=872) to work on /home/airflow/.local/lib/python3.7/site-packages/airflow/example_dags/example_skip_dag.py
[2023-11-01T14:06:03.176+0000] {processor.py:756} INFO - Processing file /home/airflow/.local/lib/python3.7/site-packages/airflow/example_dags/example_skip_dag.py for tasks to queue
[2023-11-01T14:06:03.180+0000] {logging_mixin.py:120} INFO - [2023-11-01T14:06:03.180+0000] {dagbag.py:537} INFO - Filling up the DagBag from /home/airflow/.local/lib/python3.7/site-packages/airflow/example_dags/example_skip_dag.py
[2023-11-01T14:06:03.226+0000] {processor.py:766} INFO - DAG(s) dict_keys(['example_skip_dag']) retrieved from /home/airflow/.local/lib/python3.7/site-packages/airflow/example_dags/example_skip_dag.py
[2023-11-01T14:06:03.320+0000] {logging_mixin.py:120} INFO - [2023-11-01T14:06:03.320+0000] {dag.py:2585} INFO - Sync 1 DAGs
[2023-11-01T14:06:03.360+0000] {logging_mixin.py:120} INFO - [2023-11-01T14:06:03.360+0000] {dag.py:3340} INFO - Setting next_dagrun for example_skip_dag to 2023-10-31T14:06:03.359837+00:00, run_after=2023-11-01T14:06:03.359837+00:00
[2023-11-01T14:06:03.393+0000] {processor.py:176} INFO - Processing /home/airflow/.local/lib/python3.7/site-packages/airflow/example_dags/example_skip_dag.py took 0.229 seconds
[2023-11-01T14:06:33.589+0000] {processor.py:154} INFO - Started process (PID=929) to work on /home/airflow/.local/lib/python3.7/site-packages/airflow/example_dags/example_skip_dag.py
[2023-11-01T14:06:33.590+0000] {processor.py:756} INFO - Processing file /home/airflow/.local/lib/python3.7/site-packages/airflow/example_dags/example_skip_dag.py for tasks to queue
[2023-11-01T14:06:33.592+0000] {logging_mixin.py:120} INFO - [2023-11-01T14:06:33.591+0000] {dagbag.py:537} INFO - Filling up the DagBag from /home/airflow/.local/lib/python3.7/site-packages/airflow/example_dags/example_skip_dag.py
[2023-11-01T14:06:33.609+0000] {processor.py:766} INFO - DAG(s) dict_keys(['example_skip_dag']) retrieved from /home/airflow/.local/lib/python3.7/site-packages/airflow/example_dags/example_skip_dag.py
[2023-11-01T14:06:33.670+0000] {logging_mixin.py:120} INFO - [2023-11-01T14:06:33.670+0000] {dag.py:2585} INFO - Sync 1 DAGs
[2023-11-01T14:06:33.709+0000] {logging_mixin.py:120} INFO - [2023-11-01T14:06:33.709+0000] {dag.py:3340} INFO - Setting next_dagrun for example_skip_dag to 2023-10-31T14:06:33.709205+00:00, run_after=2023-11-01T14:06:33.709205+00:00
[2023-11-01T14:06:33.753+0000] {processor.py:176} INFO - Processing /home/airflow/.local/lib/python3.7/site-packages/airflow/example_dags/example_skip_dag.py took 0.169 seconds
[2023-11-01T14:07:03.977+0000] {processor.py:154} INFO - Started process (PID=994) to work on /home/airflow/.local/lib/python3.7/site-packages/airflow/example_dags/example_skip_dag.py
[2023-11-01T14:07:03.979+0000] {processor.py:756} INFO - Processing file /home/airflow/.local/lib/python3.7/site-packages/airflow/example_dags/example_skip_dag.py for tasks to queue
[2023-11-01T14:07:03.981+0000] {logging_mixin.py:120} INFO - [2023-11-01T14:07:03.980+0000] {dagbag.py:537} INFO - Filling up the DagBag from /home/airflow/.local/lib/python3.7/site-packages/airflow/example_dags/example_skip_dag.py
[2023-11-01T14:07:03.999+0000] {processor.py:766} INFO - DAG(s) dict_keys(['example_skip_dag']) retrieved from /home/airflow/.local/lib/python3.7/site-packages/airflow/example_dags/example_skip_dag.py
[2023-11-01T14:07:04.101+0000] {logging_mixin.py:120} INFO - [2023-11-01T14:07:04.100+0000] {dag.py:2585} INFO - Sync 1 DAGs
[2023-11-01T14:07:04.223+0000] {logging_mixin.py:120} INFO - [2023-11-01T14:07:04.212+0000] {dag.py:3340} INFO - Setting next_dagrun for example_skip_dag to 2023-10-31T14:07:04.211674+00:00, run_after=2023-11-01T14:07:04.211674+00:00
[2023-11-01T14:07:04.284+0000] {processor.py:176} INFO - Processing /home/airflow/.local/lib/python3.7/site-packages/airflow/example_dags/example_skip_dag.py took 0.309 seconds
