[2023-11-01T13:59:17.753+0000] {processor.py:154} INFO - Started process (PID=60) to work on /home/airflow/.local/lib/python3.7/site-packages/airflow/example_dags/example_datasets.py
[2023-11-01T13:59:17.754+0000] {processor.py:756} INFO - Processing file /home/airflow/.local/lib/python3.7/site-packages/airflow/example_dags/example_datasets.py for tasks to queue
[2023-11-01T13:59:17.756+0000] {logging_mixin.py:120} INFO - [2023-11-01T13:59:17.756+0000] {dagbag.py:537} INFO - Filling up the DagBag from /home/airflow/.local/lib/python3.7/site-packages/airflow/example_dags/example_datasets.py
[2023-11-01T13:59:17.785+0000] {processor.py:766} INFO - DAG(s) dict_keys(['dataset_produces_2', 'dataset_consumes_unknown_never_scheduled', 'dataset_consumes_1_and_2', 'dataset_consumes_1_never_scheduled', 'dataset_consumes_1', 'dataset_produces_1']) retrieved from /home/airflow/.local/lib/python3.7/site-packages/airflow/example_dags/example_datasets.py
[2023-11-01T13:59:17.995+0000] {logging_mixin.py:120} INFO - [2023-11-01T13:59:17.995+0000] {dag.py:2585} INFO - Sync 6 DAGs
[2023-11-01T13:59:18.062+0000] {logging_mixin.py:120} INFO - [2023-11-01T13:59:18.061+0000] {dag.py:3340} INFO - Setting next_dagrun for dataset_consumes_1 to None, run_after=None
[2023-11-01T13:59:18.072+0000] {logging_mixin.py:120} INFO - [2023-11-01T13:59:18.072+0000] {dag.py:3340} INFO - Setting next_dagrun for dataset_consumes_1_and_2 to None, run_after=None
[2023-11-01T13:59:18.074+0000] {logging_mixin.py:120} INFO - [2023-11-01T13:59:18.074+0000] {dag.py:3340} INFO - Setting next_dagrun for dataset_consumes_1_never_scheduled to None, run_after=None
[2023-11-01T13:59:18.077+0000] {logging_mixin.py:120} INFO - [2023-11-01T13:59:18.076+0000] {dag.py:3340} INFO - Setting next_dagrun for dataset_consumes_unknown_never_scheduled to None, run_after=None
[2023-11-01T13:59:18.081+0000] {logging_mixin.py:120} INFO - [2023-11-01T13:59:18.081+0000] {dag.py:3340} INFO - Setting next_dagrun for dataset_produces_1 to 2023-10-31T00:00:00+00:00, run_after=2023-11-01T00:00:00+00:00
[2023-11-01T13:59:18.085+0000] {logging_mixin.py:120} INFO - [2023-11-01T13:59:18.084+0000] {dag.py:3340} INFO - Setting next_dagrun for dataset_produces_2 to None, run_after=None
[2023-11-01T13:59:18.186+0000] {processor.py:176} INFO - Processing /home/airflow/.local/lib/python3.7/site-packages/airflow/example_dags/example_datasets.py took 0.436 seconds
[2023-11-01T13:59:48.634+0000] {processor.py:154} INFO - Started process (PID=127) to work on /home/airflow/.local/lib/python3.7/site-packages/airflow/example_dags/example_datasets.py
[2023-11-01T13:59:48.635+0000] {processor.py:756} INFO - Processing file /home/airflow/.local/lib/python3.7/site-packages/airflow/example_dags/example_datasets.py for tasks to queue
[2023-11-01T13:59:48.636+0000] {logging_mixin.py:120} INFO - [2023-11-01T13:59:48.636+0000] {dagbag.py:537} INFO - Filling up the DagBag from /home/airflow/.local/lib/python3.7/site-packages/airflow/example_dags/example_datasets.py
[2023-11-01T13:59:48.656+0000] {processor.py:766} INFO - DAG(s) dict_keys(['dataset_produces_2', 'dataset_consumes_1_never_scheduled', 'dataset_produces_1', 'dataset_consumes_1', 'dataset_consumes_unknown_never_scheduled', 'dataset_consumes_1_and_2']) retrieved from /home/airflow/.local/lib/python3.7/site-packages/airflow/example_dags/example_datasets.py
[2023-11-01T13:59:48.719+0000] {logging_mixin.py:120} INFO - [2023-11-01T13:59:48.719+0000] {dag.py:2585} INFO - Sync 6 DAGs
[2023-11-01T13:59:48.753+0000] {logging_mixin.py:120} INFO - [2023-11-01T13:59:48.753+0000] {dag.py:3340} INFO - Setting next_dagrun for dataset_consumes_1 to None, run_after=None
[2023-11-01T13:59:48.758+0000] {logging_mixin.py:120} INFO - [2023-11-01T13:59:48.757+0000] {dag.py:3340} INFO - Setting next_dagrun for dataset_consumes_1_and_2 to None, run_after=None
[2023-11-01T13:59:48.760+0000] {logging_mixin.py:120} INFO - [2023-11-01T13:59:48.760+0000] {dag.py:3340} INFO - Setting next_dagrun for dataset_consumes_1_never_scheduled to None, run_after=None
[2023-11-01T13:59:48.762+0000] {logging_mixin.py:120} INFO - [2023-11-01T13:59:48.762+0000] {dag.py:3340} INFO - Setting next_dagrun for dataset_consumes_unknown_never_scheduled to None, run_after=None
[2023-11-01T13:59:48.766+0000] {logging_mixin.py:120} INFO - [2023-11-01T13:59:48.766+0000] {dag.py:3340} INFO - Setting next_dagrun for dataset_produces_1 to 2023-10-31T00:00:00+00:00, run_after=2023-11-01T00:00:00+00:00
[2023-11-01T13:59:48.769+0000] {logging_mixin.py:120} INFO - [2023-11-01T13:59:48.768+0000] {dag.py:3340} INFO - Setting next_dagrun for dataset_produces_2 to None, run_after=None
[2023-11-01T13:59:48.808+0000] {processor.py:176} INFO - Processing /home/airflow/.local/lib/python3.7/site-packages/airflow/example_dags/example_datasets.py took 0.176 seconds
[2023-11-01T14:00:18.859+0000] {processor.py:154} INFO - Started process (PID=183) to work on /home/airflow/.local/lib/python3.7/site-packages/airflow/example_dags/example_datasets.py
[2023-11-01T14:00:18.860+0000] {processor.py:756} INFO - Processing file /home/airflow/.local/lib/python3.7/site-packages/airflow/example_dags/example_datasets.py for tasks to queue
[2023-11-01T14:00:18.861+0000] {logging_mixin.py:120} INFO - [2023-11-01T14:00:18.861+0000] {dagbag.py:537} INFO - Filling up the DagBag from /home/airflow/.local/lib/python3.7/site-packages/airflow/example_dags/example_datasets.py
[2023-11-01T14:00:18.878+0000] {processor.py:766} INFO - DAG(s) dict_keys(['dataset_consumes_unknown_never_scheduled', 'dataset_consumes_1', 'dataset_consumes_1_never_scheduled', 'dataset_consumes_1_and_2', 'dataset_produces_1', 'dataset_produces_2']) retrieved from /home/airflow/.local/lib/python3.7/site-packages/airflow/example_dags/example_datasets.py
[2023-11-01T14:00:18.955+0000] {logging_mixin.py:120} INFO - [2023-11-01T14:00:18.955+0000] {dag.py:2585} INFO - Sync 6 DAGs
[2023-11-01T14:00:18.988+0000] {logging_mixin.py:120} INFO - [2023-11-01T14:00:18.988+0000] {dag.py:3340} INFO - Setting next_dagrun for dataset_consumes_1 to None, run_after=None
[2023-11-01T14:00:18.995+0000] {logging_mixin.py:120} INFO - [2023-11-01T14:00:18.994+0000] {dag.py:3340} INFO - Setting next_dagrun for dataset_consumes_1_and_2 to None, run_after=None
[2023-11-01T14:00:18.997+0000] {logging_mixin.py:120} INFO - [2023-11-01T14:00:18.997+0000] {dag.py:3340} INFO - Setting next_dagrun for dataset_consumes_1_never_scheduled to None, run_after=None
[2023-11-01T14:00:18.999+0000] {logging_mixin.py:120} INFO - [2023-11-01T14:00:18.999+0000] {dag.py:3340} INFO - Setting next_dagrun for dataset_consumes_unknown_never_scheduled to None, run_after=None
[2023-11-01T14:00:19.003+0000] {logging_mixin.py:120} INFO - [2023-11-01T14:00:19.003+0000] {dag.py:3340} INFO - Setting next_dagrun for dataset_produces_1 to 2023-10-31T00:00:00+00:00, run_after=2023-11-01T00:00:00+00:00
[2023-11-01T14:00:19.005+0000] {logging_mixin.py:120} INFO - [2023-11-01T14:00:19.005+0000] {dag.py:3340} INFO - Setting next_dagrun for dataset_produces_2 to None, run_after=None
[2023-11-01T14:00:19.046+0000] {processor.py:176} INFO - Processing /home/airflow/.local/lib/python3.7/site-packages/airflow/example_dags/example_datasets.py took 0.190 seconds
[2023-11-01T14:00:49.107+0000] {processor.py:154} INFO - Started process (PID=249) to work on /home/airflow/.local/lib/python3.7/site-packages/airflow/example_dags/example_datasets.py
[2023-11-01T14:00:49.108+0000] {processor.py:756} INFO - Processing file /home/airflow/.local/lib/python3.7/site-packages/airflow/example_dags/example_datasets.py for tasks to queue
[2023-11-01T14:00:49.110+0000] {logging_mixin.py:120} INFO - [2023-11-01T14:00:49.109+0000] {dagbag.py:537} INFO - Filling up the DagBag from /home/airflow/.local/lib/python3.7/site-packages/airflow/example_dags/example_datasets.py
[2023-11-01T14:00:49.127+0000] {processor.py:766} INFO - DAG(s) dict_keys(['dataset_produces_1', 'dataset_consumes_unknown_never_scheduled', 'dataset_consumes_1', 'dataset_produces_2', 'dataset_consumes_1_never_scheduled', 'dataset_consumes_1_and_2']) retrieved from /home/airflow/.local/lib/python3.7/site-packages/airflow/example_dags/example_datasets.py
[2023-11-01T14:00:49.197+0000] {logging_mixin.py:120} INFO - [2023-11-01T14:00:49.197+0000] {dag.py:2585} INFO - Sync 6 DAGs
[2023-11-01T14:00:49.231+0000] {logging_mixin.py:120} INFO - [2023-11-01T14:00:49.231+0000] {dag.py:3340} INFO - Setting next_dagrun for dataset_consumes_1 to None, run_after=None
[2023-11-01T14:00:49.236+0000] {logging_mixin.py:120} INFO - [2023-11-01T14:00:49.236+0000] {dag.py:3340} INFO - Setting next_dagrun for dataset_consumes_1_and_2 to None, run_after=None
[2023-11-01T14:00:49.238+0000] {logging_mixin.py:120} INFO - [2023-11-01T14:00:49.238+0000] {dag.py:3340} INFO - Setting next_dagrun for dataset_consumes_1_never_scheduled to None, run_after=None
[2023-11-01T14:00:49.241+0000] {logging_mixin.py:120} INFO - [2023-11-01T14:00:49.240+0000] {dag.py:3340} INFO - Setting next_dagrun for dataset_consumes_unknown_never_scheduled to None, run_after=None
[2023-11-01T14:00:49.244+0000] {logging_mixin.py:120} INFO - [2023-11-01T14:00:49.244+0000] {dag.py:3340} INFO - Setting next_dagrun for dataset_produces_1 to 2023-10-31T00:00:00+00:00, run_after=2023-11-01T00:00:00+00:00
[2023-11-01T14:00:49.247+0000] {logging_mixin.py:120} INFO - [2023-11-01T14:00:49.246+0000] {dag.py:3340} INFO - Setting next_dagrun for dataset_produces_2 to None, run_after=None
[2023-11-01T14:00:49.284+0000] {processor.py:176} INFO - Processing /home/airflow/.local/lib/python3.7/site-packages/airflow/example_dags/example_datasets.py took 0.180 seconds
[2023-11-01T14:01:23.744+0000] {processor.py:154} INFO - Started process (PID=316) to work on /home/airflow/.local/lib/python3.7/site-packages/airflow/example_dags/example_datasets.py
[2023-11-01T14:01:23.757+0000] {processor.py:756} INFO - Processing file /home/airflow/.local/lib/python3.7/site-packages/airflow/example_dags/example_datasets.py for tasks to queue
[2023-11-01T14:01:23.773+0000] {logging_mixin.py:120} INFO - [2023-11-01T14:01:23.773+0000] {dagbag.py:537} INFO - Filling up the DagBag from /home/airflow/.local/lib/python3.7/site-packages/airflow/example_dags/example_datasets.py
[2023-11-01T14:01:23.828+0000] {processor.py:766} INFO - DAG(s) dict_keys(['dataset_consumes_1', 'dataset_consumes_1_never_scheduled', 'dataset_consumes_unknown_never_scheduled', 'dataset_produces_2', 'dataset_consumes_1_and_2', 'dataset_produces_1']) retrieved from /home/airflow/.local/lib/python3.7/site-packages/airflow/example_dags/example_datasets.py
[2023-11-01T14:01:24.057+0000] {logging_mixin.py:120} INFO - [2023-11-01T14:01:24.057+0000] {dag.py:2585} INFO - Sync 6 DAGs
[2023-11-01T14:01:24.185+0000] {logging_mixin.py:120} INFO - [2023-11-01T14:01:24.185+0000] {dag.py:3340} INFO - Setting next_dagrun for dataset_consumes_1 to None, run_after=None
[2023-11-01T14:01:24.231+0000] {logging_mixin.py:120} INFO - [2023-11-01T14:01:24.231+0000] {dag.py:3340} INFO - Setting next_dagrun for dataset_consumes_1_and_2 to None, run_after=None
[2023-11-01T14:01:24.266+0000] {logging_mixin.py:120} INFO - [2023-11-01T14:01:24.266+0000] {dag.py:3340} INFO - Setting next_dagrun for dataset_consumes_1_never_scheduled to None, run_after=None
[2023-11-01T14:01:24.283+0000] {logging_mixin.py:120} INFO - [2023-11-01T14:01:24.282+0000] {dag.py:3340} INFO - Setting next_dagrun for dataset_consumes_unknown_never_scheduled to None, run_after=None
[2023-11-01T14:01:24.297+0000] {logging_mixin.py:120} INFO - [2023-11-01T14:01:24.297+0000] {dag.py:3340} INFO - Setting next_dagrun for dataset_produces_1 to 2023-10-31T00:00:00+00:00, run_after=2023-11-01T00:00:00+00:00
[2023-11-01T14:01:24.347+0000] {logging_mixin.py:120} INFO - [2023-11-01T14:01:24.347+0000] {dag.py:3340} INFO - Setting next_dagrun for dataset_produces_2 to None, run_after=None
[2023-11-01T14:01:24.488+0000] {processor.py:176} INFO - Processing /home/airflow/.local/lib/python3.7/site-packages/airflow/example_dags/example_datasets.py took 0.747 seconds
[2023-11-01T14:01:54.846+0000] {processor.py:154} INFO - Started process (PID=371) to work on /home/airflow/.local/lib/python3.7/site-packages/airflow/example_dags/example_datasets.py
[2023-11-01T14:01:54.848+0000] {processor.py:756} INFO - Processing file /home/airflow/.local/lib/python3.7/site-packages/airflow/example_dags/example_datasets.py for tasks to queue
[2023-11-01T14:01:54.849+0000] {logging_mixin.py:120} INFO - [2023-11-01T14:01:54.849+0000] {dagbag.py:537} INFO - Filling up the DagBag from /home/airflow/.local/lib/python3.7/site-packages/airflow/example_dags/example_datasets.py
[2023-11-01T14:01:54.868+0000] {processor.py:766} INFO - DAG(s) dict_keys(['dataset_consumes_unknown_never_scheduled', 'dataset_consumes_1', 'dataset_consumes_1_and_2', 'dataset_produces_2', 'dataset_consumes_1_never_scheduled', 'dataset_produces_1']) retrieved from /home/airflow/.local/lib/python3.7/site-packages/airflow/example_dags/example_datasets.py
[2023-11-01T14:01:54.937+0000] {logging_mixin.py:120} INFO - [2023-11-01T14:01:54.937+0000] {dag.py:2585} INFO - Sync 6 DAGs
[2023-11-01T14:01:54.976+0000] {logging_mixin.py:120} INFO - [2023-11-01T14:01:54.976+0000] {dag.py:3340} INFO - Setting next_dagrun for dataset_consumes_1 to None, run_after=None
[2023-11-01T14:01:54.981+0000] {logging_mixin.py:120} INFO - [2023-11-01T14:01:54.981+0000] {dag.py:3340} INFO - Setting next_dagrun for dataset_consumes_1_and_2 to None, run_after=None
[2023-11-01T14:01:54.983+0000] {logging_mixin.py:120} INFO - [2023-11-01T14:01:54.983+0000] {dag.py:3340} INFO - Setting next_dagrun for dataset_consumes_1_never_scheduled to None, run_after=None
[2023-11-01T14:01:54.986+0000] {logging_mixin.py:120} INFO - [2023-11-01T14:01:54.985+0000] {dag.py:3340} INFO - Setting next_dagrun for dataset_consumes_unknown_never_scheduled to None, run_after=None
[2023-11-01T14:01:54.992+0000] {logging_mixin.py:120} INFO - [2023-11-01T14:01:54.992+0000] {dag.py:3340} INFO - Setting next_dagrun for dataset_produces_1 to 2023-10-31T00:00:00+00:00, run_after=2023-11-01T00:00:00+00:00
[2023-11-01T14:01:54.994+0000] {logging_mixin.py:120} INFO - [2023-11-01T14:01:54.994+0000] {dag.py:3340} INFO - Setting next_dagrun for dataset_produces_2 to None, run_after=None
[2023-11-01T14:01:55.042+0000] {processor.py:176} INFO - Processing /home/airflow/.local/lib/python3.7/site-packages/airflow/example_dags/example_datasets.py took 0.198 seconds
[2023-11-01T14:02:25.169+0000] {processor.py:154} INFO - Started process (PID=427) to work on /home/airflow/.local/lib/python3.7/site-packages/airflow/example_dags/example_datasets.py
[2023-11-01T14:02:25.178+0000] {processor.py:756} INFO - Processing file /home/airflow/.local/lib/python3.7/site-packages/airflow/example_dags/example_datasets.py for tasks to queue
[2023-11-01T14:02:25.180+0000] {logging_mixin.py:120} INFO - [2023-11-01T14:02:25.180+0000] {dagbag.py:537} INFO - Filling up the DagBag from /home/airflow/.local/lib/python3.7/site-packages/airflow/example_dags/example_datasets.py
[2023-11-01T14:02:25.209+0000] {processor.py:766} INFO - DAG(s) dict_keys(['dataset_consumes_1_and_2', 'dataset_produces_2', 'dataset_consumes_1_never_scheduled', 'dataset_produces_1', 'dataset_consumes_1', 'dataset_consumes_unknown_never_scheduled']) retrieved from /home/airflow/.local/lib/python3.7/site-packages/airflow/example_dags/example_datasets.py
[2023-11-01T14:02:25.305+0000] {logging_mixin.py:120} INFO - [2023-11-01T14:02:25.304+0000] {dag.py:2585} INFO - Sync 6 DAGs
[2023-11-01T14:02:25.369+0000] {logging_mixin.py:120} INFO - [2023-11-01T14:02:25.369+0000] {dag.py:3340} INFO - Setting next_dagrun for dataset_consumes_1 to None, run_after=None
[2023-11-01T14:02:25.405+0000] {logging_mixin.py:120} INFO - [2023-11-01T14:02:25.404+0000] {dag.py:3340} INFO - Setting next_dagrun for dataset_consumes_1_and_2 to None, run_after=None
[2023-11-01T14:02:25.419+0000] {logging_mixin.py:120} INFO - [2023-11-01T14:02:25.418+0000] {dag.py:3340} INFO - Setting next_dagrun for dataset_consumes_1_never_scheduled to None, run_after=None
[2023-11-01T14:02:25.421+0000] {logging_mixin.py:120} INFO - [2023-11-01T14:02:25.421+0000] {dag.py:3340} INFO - Setting next_dagrun for dataset_consumes_unknown_never_scheduled to None, run_after=None
[2023-11-01T14:02:25.427+0000] {logging_mixin.py:120} INFO - [2023-11-01T14:02:25.426+0000] {dag.py:3340} INFO - Setting next_dagrun for dataset_produces_1 to 2023-10-31T00:00:00+00:00, run_after=2023-11-01T00:00:00+00:00
[2023-11-01T14:02:25.430+0000] {logging_mixin.py:120} INFO - [2023-11-01T14:02:25.430+0000] {dag.py:3340} INFO - Setting next_dagrun for dataset_produces_2 to None, run_after=None
[2023-11-01T14:02:25.494+0000] {processor.py:176} INFO - Processing /home/airflow/.local/lib/python3.7/site-packages/airflow/example_dags/example_datasets.py took 0.327 seconds
[2023-11-01T14:02:55.624+0000] {processor.py:154} INFO - Started process (PID=492) to work on /home/airflow/.local/lib/python3.7/site-packages/airflow/example_dags/example_datasets.py
[2023-11-01T14:02:55.626+0000] {processor.py:756} INFO - Processing file /home/airflow/.local/lib/python3.7/site-packages/airflow/example_dags/example_datasets.py for tasks to queue
[2023-11-01T14:02:55.627+0000] {logging_mixin.py:120} INFO - [2023-11-01T14:02:55.627+0000] {dagbag.py:537} INFO - Filling up the DagBag from /home/airflow/.local/lib/python3.7/site-packages/airflow/example_dags/example_datasets.py
[2023-11-01T14:02:55.646+0000] {processor.py:766} INFO - DAG(s) dict_keys(['dataset_consumes_1_and_2', 'dataset_produces_1', 'dataset_consumes_1_never_scheduled', 'dataset_produces_2', 'dataset_consumes_unknown_never_scheduled', 'dataset_consumes_1']) retrieved from /home/airflow/.local/lib/python3.7/site-packages/airflow/example_dags/example_datasets.py
[2023-11-01T14:02:55.720+0000] {logging_mixin.py:120} INFO - [2023-11-01T14:02:55.720+0000] {dag.py:2585} INFO - Sync 6 DAGs
[2023-11-01T14:02:55.758+0000] {logging_mixin.py:120} INFO - [2023-11-01T14:02:55.758+0000] {dag.py:3340} INFO - Setting next_dagrun for dataset_consumes_1 to None, run_after=None
[2023-11-01T14:02:55.764+0000] {logging_mixin.py:120} INFO - [2023-11-01T14:02:55.764+0000] {dag.py:3340} INFO - Setting next_dagrun for dataset_consumes_1_and_2 to None, run_after=None
[2023-11-01T14:02:55.767+0000] {logging_mixin.py:120} INFO - [2023-11-01T14:02:55.767+0000] {dag.py:3340} INFO - Setting next_dagrun for dataset_consumes_1_never_scheduled to None, run_after=None
[2023-11-01T14:02:55.769+0000] {logging_mixin.py:120} INFO - [2023-11-01T14:02:55.769+0000] {dag.py:3340} INFO - Setting next_dagrun for dataset_consumes_unknown_never_scheduled to None, run_after=None
[2023-11-01T14:02:55.773+0000] {logging_mixin.py:120} INFO - [2023-11-01T14:02:55.773+0000] {dag.py:3340} INFO - Setting next_dagrun for dataset_produces_1 to 2023-10-31T00:00:00+00:00, run_after=2023-11-01T00:00:00+00:00
[2023-11-01T14:02:55.776+0000] {logging_mixin.py:120} INFO - [2023-11-01T14:02:55.776+0000] {dag.py:3340} INFO - Setting next_dagrun for dataset_produces_2 to None, run_after=None
[2023-11-01T14:02:55.817+0000] {processor.py:176} INFO - Processing /home/airflow/.local/lib/python3.7/site-packages/airflow/example_dags/example_datasets.py took 0.197 seconds
[2023-11-01T14:03:26.502+0000] {processor.py:154} INFO - Started process (PID=548) to work on /home/airflow/.local/lib/python3.7/site-packages/airflow/example_dags/example_datasets.py
[2023-11-01T14:03:26.508+0000] {processor.py:756} INFO - Processing file /home/airflow/.local/lib/python3.7/site-packages/airflow/example_dags/example_datasets.py for tasks to queue
[2023-11-01T14:03:26.510+0000] {logging_mixin.py:120} INFO - [2023-11-01T14:03:26.509+0000] {dagbag.py:537} INFO - Filling up the DagBag from /home/airflow/.local/lib/python3.7/site-packages/airflow/example_dags/example_datasets.py
[2023-11-01T14:03:26.530+0000] {processor.py:766} INFO - DAG(s) dict_keys(['dataset_produces_2', 'dataset_consumes_unknown_never_scheduled', 'dataset_consumes_1_never_scheduled', 'dataset_produces_1', 'dataset_consumes_1', 'dataset_consumes_1_and_2']) retrieved from /home/airflow/.local/lib/python3.7/site-packages/airflow/example_dags/example_datasets.py
[2023-11-01T14:03:26.657+0000] {logging_mixin.py:120} INFO - [2023-11-01T14:03:26.657+0000] {dag.py:2585} INFO - Sync 6 DAGs
[2023-11-01T14:03:26.716+0000] {logging_mixin.py:120} INFO - [2023-11-01T14:03:26.716+0000] {dag.py:3340} INFO - Setting next_dagrun for dataset_consumes_1 to None, run_after=None
[2023-11-01T14:03:26.735+0000] {logging_mixin.py:120} INFO - [2023-11-01T14:03:26.734+0000] {dag.py:3340} INFO - Setting next_dagrun for dataset_consumes_1_and_2 to None, run_after=None
[2023-11-01T14:03:26.737+0000] {logging_mixin.py:120} INFO - [2023-11-01T14:03:26.737+0000] {dag.py:3340} INFO - Setting next_dagrun for dataset_consumes_1_never_scheduled to None, run_after=None
[2023-11-01T14:03:26.739+0000] {logging_mixin.py:120} INFO - [2023-11-01T14:03:26.739+0000] {dag.py:3340} INFO - Setting next_dagrun for dataset_consumes_unknown_never_scheduled to None, run_after=None
[2023-11-01T14:03:26.744+0000] {logging_mixin.py:120} INFO - [2023-11-01T14:03:26.743+0000] {dag.py:3340} INFO - Setting next_dagrun for dataset_produces_1 to 2023-10-31T00:00:00+00:00, run_after=2023-11-01T00:00:00+00:00
[2023-11-01T14:03:26.746+0000] {logging_mixin.py:120} INFO - [2023-11-01T14:03:26.746+0000] {dag.py:3340} INFO - Setting next_dagrun for dataset_produces_2 to None, run_after=None
[2023-11-01T14:03:26.807+0000] {processor.py:176} INFO - Processing /home/airflow/.local/lib/python3.7/site-packages/airflow/example_dags/example_datasets.py took 0.307 seconds
[2023-11-01T14:03:56.965+0000] {processor.py:154} INFO - Started process (PID=614) to work on /home/airflow/.local/lib/python3.7/site-packages/airflow/example_dags/example_datasets.py
[2023-11-01T14:03:56.967+0000] {processor.py:756} INFO - Processing file /home/airflow/.local/lib/python3.7/site-packages/airflow/example_dags/example_datasets.py for tasks to queue
[2023-11-01T14:03:56.968+0000] {logging_mixin.py:120} INFO - [2023-11-01T14:03:56.968+0000] {dagbag.py:537} INFO - Filling up the DagBag from /home/airflow/.local/lib/python3.7/site-packages/airflow/example_dags/example_datasets.py
[2023-11-01T14:03:57.008+0000] {processor.py:766} INFO - DAG(s) dict_keys(['dataset_consumes_1_never_scheduled', 'dataset_consumes_unknown_never_scheduled', 'dataset_produces_1', 'dataset_consumes_1', 'dataset_consumes_1_and_2', 'dataset_produces_2']) retrieved from /home/airflow/.local/lib/python3.7/site-packages/airflow/example_dags/example_datasets.py
[2023-11-01T14:03:57.127+0000] {logging_mixin.py:120} INFO - [2023-11-01T14:03:57.127+0000] {dag.py:2585} INFO - Sync 6 DAGs
[2023-11-01T14:03:57.164+0000] {logging_mixin.py:120} INFO - [2023-11-01T14:03:57.164+0000] {dag.py:3340} INFO - Setting next_dagrun for dataset_consumes_1 to None, run_after=None
[2023-11-01T14:03:57.170+0000] {logging_mixin.py:120} INFO - [2023-11-01T14:03:57.170+0000] {dag.py:3340} INFO - Setting next_dagrun for dataset_consumes_1_and_2 to None, run_after=None
[2023-11-01T14:03:57.173+0000] {logging_mixin.py:120} INFO - [2023-11-01T14:03:57.172+0000] {dag.py:3340} INFO - Setting next_dagrun for dataset_consumes_1_never_scheduled to None, run_after=None
[2023-11-01T14:03:57.180+0000] {logging_mixin.py:120} INFO - [2023-11-01T14:03:57.180+0000] {dag.py:3340} INFO - Setting next_dagrun for dataset_consumes_unknown_never_scheduled to None, run_after=None
[2023-11-01T14:03:57.185+0000] {logging_mixin.py:120} INFO - [2023-11-01T14:03:57.185+0000] {dag.py:3340} INFO - Setting next_dagrun for dataset_produces_1 to 2023-10-31T00:00:00+00:00, run_after=2023-11-01T00:00:00+00:00
[2023-11-01T14:03:57.187+0000] {logging_mixin.py:120} INFO - [2023-11-01T14:03:57.187+0000] {dag.py:3340} INFO - Setting next_dagrun for dataset_produces_2 to None, run_after=None
[2023-11-01T14:03:57.229+0000] {processor.py:176} INFO - Processing /home/airflow/.local/lib/python3.7/site-packages/airflow/example_dags/example_datasets.py took 0.266 seconds
[2023-11-01T14:04:27.339+0000] {processor.py:154} INFO - Started process (PID=679) to work on /home/airflow/.local/lib/python3.7/site-packages/airflow/example_dags/example_datasets.py
[2023-11-01T14:04:27.340+0000] {processor.py:756} INFO - Processing file /home/airflow/.local/lib/python3.7/site-packages/airflow/example_dags/example_datasets.py for tasks to queue
[2023-11-01T14:04:27.342+0000] {logging_mixin.py:120} INFO - [2023-11-01T14:04:27.341+0000] {dagbag.py:537} INFO - Filling up the DagBag from /home/airflow/.local/lib/python3.7/site-packages/airflow/example_dags/example_datasets.py
[2023-11-01T14:04:27.365+0000] {processor.py:766} INFO - DAG(s) dict_keys(['dataset_consumes_unknown_never_scheduled', 'dataset_consumes_1_and_2', 'dataset_consumes_1', 'dataset_consumes_1_never_scheduled', 'dataset_produces_1', 'dataset_produces_2']) retrieved from /home/airflow/.local/lib/python3.7/site-packages/airflow/example_dags/example_datasets.py
[2023-11-01T14:04:27.451+0000] {logging_mixin.py:120} INFO - [2023-11-01T14:04:27.450+0000] {dag.py:2585} INFO - Sync 6 DAGs
[2023-11-01T14:04:27.493+0000] {logging_mixin.py:120} INFO - [2023-11-01T14:04:27.493+0000] {dag.py:3340} INFO - Setting next_dagrun for dataset_consumes_1 to None, run_after=None
[2023-11-01T14:04:27.498+0000] {logging_mixin.py:120} INFO - [2023-11-01T14:04:27.498+0000] {dag.py:3340} INFO - Setting next_dagrun for dataset_consumes_1_and_2 to None, run_after=None
[2023-11-01T14:04:27.501+0000] {logging_mixin.py:120} INFO - [2023-11-01T14:04:27.500+0000] {dag.py:3340} INFO - Setting next_dagrun for dataset_consumes_1_never_scheduled to None, run_after=None
[2023-11-01T14:04:27.503+0000] {logging_mixin.py:120} INFO - [2023-11-01T14:04:27.503+0000] {dag.py:3340} INFO - Setting next_dagrun for dataset_consumes_unknown_never_scheduled to None, run_after=None
[2023-11-01T14:04:27.507+0000] {logging_mixin.py:120} INFO - [2023-11-01T14:04:27.507+0000] {dag.py:3340} INFO - Setting next_dagrun for dataset_produces_1 to 2023-10-31T00:00:00+00:00, run_after=2023-11-01T00:00:00+00:00
[2023-11-01T14:04:27.510+0000] {logging_mixin.py:120} INFO - [2023-11-01T14:04:27.509+0000] {dag.py:3340} INFO - Setting next_dagrun for dataset_produces_2 to None, run_after=None
[2023-11-01T14:04:27.557+0000] {processor.py:176} INFO - Processing /home/airflow/.local/lib/python3.7/site-packages/airflow/example_dags/example_datasets.py took 0.221 seconds
[2023-11-01T14:04:58.285+0000] {processor.py:154} INFO - Started process (PID=736) to work on /home/airflow/.local/lib/python3.7/site-packages/airflow/example_dags/example_datasets.py
[2023-11-01T14:04:58.286+0000] {processor.py:756} INFO - Processing file /home/airflow/.local/lib/python3.7/site-packages/airflow/example_dags/example_datasets.py for tasks to queue
[2023-11-01T14:04:58.288+0000] {logging_mixin.py:120} INFO - [2023-11-01T14:04:58.287+0000] {dagbag.py:537} INFO - Filling up the DagBag from /home/airflow/.local/lib/python3.7/site-packages/airflow/example_dags/example_datasets.py
[2023-11-01T14:04:58.307+0000] {processor.py:766} INFO - DAG(s) dict_keys(['dataset_consumes_unknown_never_scheduled', 'dataset_consumes_1', 'dataset_produces_1', 'dataset_consumes_1_and_2', 'dataset_consumes_1_never_scheduled', 'dataset_produces_2']) retrieved from /home/airflow/.local/lib/python3.7/site-packages/airflow/example_dags/example_datasets.py
[2023-11-01T14:04:58.386+0000] {logging_mixin.py:120} INFO - [2023-11-01T14:04:58.386+0000] {dag.py:2585} INFO - Sync 6 DAGs
[2023-11-01T14:04:58.421+0000] {logging_mixin.py:120} INFO - [2023-11-01T14:04:58.421+0000] {dag.py:3340} INFO - Setting next_dagrun for dataset_consumes_1 to None, run_after=None
[2023-11-01T14:04:58.426+0000] {logging_mixin.py:120} INFO - [2023-11-01T14:04:58.426+0000] {dag.py:3340} INFO - Setting next_dagrun for dataset_consumes_1_and_2 to None, run_after=None
[2023-11-01T14:04:58.429+0000] {logging_mixin.py:120} INFO - [2023-11-01T14:04:58.429+0000] {dag.py:3340} INFO - Setting next_dagrun for dataset_consumes_1_never_scheduled to None, run_after=None
[2023-11-01T14:04:58.432+0000] {logging_mixin.py:120} INFO - [2023-11-01T14:04:58.432+0000] {dag.py:3340} INFO - Setting next_dagrun for dataset_consumes_unknown_never_scheduled to None, run_after=None
[2023-11-01T14:04:58.436+0000] {logging_mixin.py:120} INFO - [2023-11-01T14:04:58.436+0000] {dag.py:3340} INFO - Setting next_dagrun for dataset_produces_1 to 2023-10-31T00:00:00+00:00, run_after=2023-11-01T00:00:00+00:00
[2023-11-01T14:04:58.439+0000] {logging_mixin.py:120} INFO - [2023-11-01T14:04:58.439+0000] {dag.py:3340} INFO - Setting next_dagrun for dataset_produces_2 to None, run_after=None
[2023-11-01T14:04:58.507+0000] {processor.py:176} INFO - Processing /home/airflow/.local/lib/python3.7/site-packages/airflow/example_dags/example_datasets.py took 0.224 seconds
[2023-11-01T14:05:28.659+0000] {processor.py:154} INFO - Started process (PID=801) to work on /home/airflow/.local/lib/python3.7/site-packages/airflow/example_dags/example_datasets.py
[2023-11-01T14:05:28.660+0000] {processor.py:756} INFO - Processing file /home/airflow/.local/lib/python3.7/site-packages/airflow/example_dags/example_datasets.py for tasks to queue
[2023-11-01T14:05:28.661+0000] {logging_mixin.py:120} INFO - [2023-11-01T14:05:28.661+0000] {dagbag.py:537} INFO - Filling up the DagBag from /home/airflow/.local/lib/python3.7/site-packages/airflow/example_dags/example_datasets.py
[2023-11-01T14:05:28.680+0000] {processor.py:766} INFO - DAG(s) dict_keys(['dataset_produces_2', 'dataset_consumes_unknown_never_scheduled', 'dataset_consumes_1_and_2', 'dataset_consumes_1_never_scheduled', 'dataset_consumes_1', 'dataset_produces_1']) retrieved from /home/airflow/.local/lib/python3.7/site-packages/airflow/example_dags/example_datasets.py
[2023-11-01T14:05:28.766+0000] {logging_mixin.py:120} INFO - [2023-11-01T14:05:28.766+0000] {dag.py:2585} INFO - Sync 6 DAGs
[2023-11-01T14:05:28.804+0000] {logging_mixin.py:120} INFO - [2023-11-01T14:05:28.804+0000] {dag.py:3340} INFO - Setting next_dagrun for dataset_consumes_1 to None, run_after=None
[2023-11-01T14:05:28.809+0000] {logging_mixin.py:120} INFO - [2023-11-01T14:05:28.809+0000] {dag.py:3340} INFO - Setting next_dagrun for dataset_consumes_1_and_2 to None, run_after=None
[2023-11-01T14:05:28.811+0000] {logging_mixin.py:120} INFO - [2023-11-01T14:05:28.811+0000] {dag.py:3340} INFO - Setting next_dagrun for dataset_consumes_1_never_scheduled to None, run_after=None
[2023-11-01T14:05:28.815+0000] {logging_mixin.py:120} INFO - [2023-11-01T14:05:28.815+0000] {dag.py:3340} INFO - Setting next_dagrun for dataset_consumes_unknown_never_scheduled to None, run_after=None
[2023-11-01T14:05:28.820+0000] {logging_mixin.py:120} INFO - [2023-11-01T14:05:28.820+0000] {dag.py:3340} INFO - Setting next_dagrun for dataset_produces_1 to 2023-10-31T00:00:00+00:00, run_after=2023-11-01T00:00:00+00:00
[2023-11-01T14:05:28.823+0000] {logging_mixin.py:120} INFO - [2023-11-01T14:05:28.823+0000] {dag.py:3340} INFO - Setting next_dagrun for dataset_produces_2 to None, run_after=None
[2023-11-01T14:05:28.871+0000] {processor.py:176} INFO - Processing /home/airflow/.local/lib/python3.7/site-packages/airflow/example_dags/example_datasets.py took 0.216 seconds
[2023-11-01T14:05:59.030+0000] {processor.py:154} INFO - Started process (PID=857) to work on /home/airflow/.local/lib/python3.7/site-packages/airflow/example_dags/example_datasets.py
[2023-11-01T14:05:59.034+0000] {processor.py:756} INFO - Processing file /home/airflow/.local/lib/python3.7/site-packages/airflow/example_dags/example_datasets.py for tasks to queue
[2023-11-01T14:05:59.035+0000] {logging_mixin.py:120} INFO - [2023-11-01T14:05:59.035+0000] {dagbag.py:537} INFO - Filling up the DagBag from /home/airflow/.local/lib/python3.7/site-packages/airflow/example_dags/example_datasets.py
[2023-11-01T14:05:59.059+0000] {processor.py:766} INFO - DAG(s) dict_keys(['dataset_produces_1', 'dataset_consumes_1_never_scheduled', 'dataset_consumes_1', 'dataset_consumes_1_and_2', 'dataset_consumes_unknown_never_scheduled', 'dataset_produces_2']) retrieved from /home/airflow/.local/lib/python3.7/site-packages/airflow/example_dags/example_datasets.py
[2023-11-01T14:05:59.156+0000] {logging_mixin.py:120} INFO - [2023-11-01T14:05:59.156+0000] {dag.py:2585} INFO - Sync 6 DAGs
[2023-11-01T14:05:59.224+0000] {logging_mixin.py:120} INFO - [2023-11-01T14:05:59.224+0000] {dag.py:3340} INFO - Setting next_dagrun for dataset_consumes_1 to None, run_after=None
[2023-11-01T14:05:59.260+0000] {logging_mixin.py:120} INFO - [2023-11-01T14:05:59.259+0000] {dag.py:3340} INFO - Setting next_dagrun for dataset_consumes_1_and_2 to None, run_after=None
[2023-11-01T14:05:59.270+0000] {logging_mixin.py:120} INFO - [2023-11-01T14:05:59.270+0000] {dag.py:3340} INFO - Setting next_dagrun for dataset_consumes_1_never_scheduled to None, run_after=None
[2023-11-01T14:05:59.274+0000] {logging_mixin.py:120} INFO - [2023-11-01T14:05:59.273+0000] {dag.py:3340} INFO - Setting next_dagrun for dataset_consumes_unknown_never_scheduled to None, run_after=None
[2023-11-01T14:05:59.280+0000] {logging_mixin.py:120} INFO - [2023-11-01T14:05:59.279+0000] {dag.py:3340} INFO - Setting next_dagrun for dataset_produces_1 to 2023-10-31T00:00:00+00:00, run_after=2023-11-01T00:00:00+00:00
[2023-11-01T14:05:59.285+0000] {logging_mixin.py:120} INFO - [2023-11-01T14:05:59.285+0000] {dag.py:3340} INFO - Setting next_dagrun for dataset_produces_2 to None, run_after=None
[2023-11-01T14:05:59.345+0000] {processor.py:176} INFO - Processing /home/airflow/.local/lib/python3.7/site-packages/airflow/example_dags/example_datasets.py took 0.319 seconds
[2023-11-01T14:06:29.499+0000] {processor.py:154} INFO - Started process (PID=923) to work on /home/airflow/.local/lib/python3.7/site-packages/airflow/example_dags/example_datasets.py
[2023-11-01T14:06:29.505+0000] {processor.py:756} INFO - Processing file /home/airflow/.local/lib/python3.7/site-packages/airflow/example_dags/example_datasets.py for tasks to queue
[2023-11-01T14:06:29.507+0000] {logging_mixin.py:120} INFO - [2023-11-01T14:06:29.507+0000] {dagbag.py:537} INFO - Filling up the DagBag from /home/airflow/.local/lib/python3.7/site-packages/airflow/example_dags/example_datasets.py
[2023-11-01T14:06:29.530+0000] {processor.py:766} INFO - DAG(s) dict_keys(['dataset_consumes_1_never_scheduled', 'dataset_consumes_1_and_2', 'dataset_consumes_1', 'dataset_produces_2', 'dataset_produces_1', 'dataset_consumes_unknown_never_scheduled']) retrieved from /home/airflow/.local/lib/python3.7/site-packages/airflow/example_dags/example_datasets.py
[2023-11-01T14:06:29.661+0000] {logging_mixin.py:120} INFO - [2023-11-01T14:06:29.660+0000] {dag.py:2585} INFO - Sync 6 DAGs
[2023-11-01T14:06:29.710+0000] {logging_mixin.py:120} INFO - [2023-11-01T14:06:29.710+0000] {dag.py:3340} INFO - Setting next_dagrun for dataset_consumes_1 to None, run_after=None
[2023-11-01T14:06:29.719+0000] {logging_mixin.py:120} INFO - [2023-11-01T14:06:29.719+0000] {dag.py:3340} INFO - Setting next_dagrun for dataset_consumes_1_and_2 to None, run_after=None
[2023-11-01T14:06:29.722+0000] {logging_mixin.py:120} INFO - [2023-11-01T14:06:29.722+0000] {dag.py:3340} INFO - Setting next_dagrun for dataset_consumes_1_never_scheduled to None, run_after=None
[2023-11-01T14:06:29.724+0000] {logging_mixin.py:120} INFO - [2023-11-01T14:06:29.724+0000] {dag.py:3340} INFO - Setting next_dagrun for dataset_consumes_unknown_never_scheduled to None, run_after=None
[2023-11-01T14:06:29.735+0000] {logging_mixin.py:120} INFO - [2023-11-01T14:06:29.735+0000] {dag.py:3340} INFO - Setting next_dagrun for dataset_produces_1 to 2023-10-31T00:00:00+00:00, run_after=2023-11-01T00:00:00+00:00
[2023-11-01T14:06:29.741+0000] {logging_mixin.py:120} INFO - [2023-11-01T14:06:29.740+0000] {dag.py:3340} INFO - Setting next_dagrun for dataset_produces_2 to None, run_after=None
[2023-11-01T14:06:29.797+0000] {processor.py:176} INFO - Processing /home/airflow/.local/lib/python3.7/site-packages/airflow/example_dags/example_datasets.py took 0.302 seconds
[2023-11-01T14:06:59.930+0000] {processor.py:154} INFO - Started process (PID=979) to work on /home/airflow/.local/lib/python3.7/site-packages/airflow/example_dags/example_datasets.py
[2023-11-01T14:06:59.931+0000] {processor.py:756} INFO - Processing file /home/airflow/.local/lib/python3.7/site-packages/airflow/example_dags/example_datasets.py for tasks to queue
[2023-11-01T14:06:59.933+0000] {logging_mixin.py:120} INFO - [2023-11-01T14:06:59.933+0000] {dagbag.py:537} INFO - Filling up the DagBag from /home/airflow/.local/lib/python3.7/site-packages/airflow/example_dags/example_datasets.py
[2023-11-01T14:06:59.953+0000] {processor.py:766} INFO - DAG(s) dict_keys(['dataset_consumes_1_never_scheduled', 'dataset_produces_1', 'dataset_consumes_1_and_2', 'dataset_produces_2', 'dataset_consumes_1', 'dataset_consumes_unknown_never_scheduled']) retrieved from /home/airflow/.local/lib/python3.7/site-packages/airflow/example_dags/example_datasets.py
[2023-11-01T14:07:00.041+0000] {logging_mixin.py:120} INFO - [2023-11-01T14:07:00.041+0000] {dag.py:2585} INFO - Sync 6 DAGs
[2023-11-01T14:07:00.078+0000] {logging_mixin.py:120} INFO - [2023-11-01T14:07:00.077+0000] {dag.py:3340} INFO - Setting next_dagrun for dataset_consumes_1 to None, run_after=None
[2023-11-01T14:07:00.084+0000] {logging_mixin.py:120} INFO - [2023-11-01T14:07:00.084+0000] {dag.py:3340} INFO - Setting next_dagrun for dataset_consumes_1_and_2 to None, run_after=None
[2023-11-01T14:07:00.087+0000] {logging_mixin.py:120} INFO - [2023-11-01T14:07:00.086+0000] {dag.py:3340} INFO - Setting next_dagrun for dataset_consumes_1_never_scheduled to None, run_after=None
[2023-11-01T14:07:00.089+0000] {logging_mixin.py:120} INFO - [2023-11-01T14:07:00.089+0000] {dag.py:3340} INFO - Setting next_dagrun for dataset_consumes_unknown_never_scheduled to None, run_after=None
[2023-11-01T14:07:00.093+0000] {logging_mixin.py:120} INFO - [2023-11-01T14:07:00.093+0000] {dag.py:3340} INFO - Setting next_dagrun for dataset_produces_1 to 2023-10-31T00:00:00+00:00, run_after=2023-11-01T00:00:00+00:00
[2023-11-01T14:07:00.096+0000] {logging_mixin.py:120} INFO - [2023-11-01T14:07:00.095+0000] {dag.py:3340} INFO - Setting next_dagrun for dataset_produces_2 to None, run_after=None
[2023-11-01T14:07:00.144+0000] {processor.py:176} INFO - Processing /home/airflow/.local/lib/python3.7/site-packages/airflow/example_dags/example_datasets.py took 0.218 seconds
