[2023-11-01T13:59:17.172+0000] {processor.py:154} INFO - Started process (PID=59) to work on /home/airflow/.local/lib/python3.7/site-packages/airflow/example_dags/example_dag_decorator.py
[2023-11-01T13:59:17.175+0000] {processor.py:756} INFO - Processing file /home/airflow/.local/lib/python3.7/site-packages/airflow/example_dags/example_dag_decorator.py for tasks to queue
[2023-11-01T13:59:17.177+0000] {logging_mixin.py:120} INFO - [2023-11-01T13:59:17.176+0000] {dagbag.py:537} INFO - Filling up the DagBag from /home/airflow/.local/lib/python3.7/site-packages/airflow/example_dags/example_dag_decorator.py
[2023-11-01T13:59:17.224+0000] {logging_mixin.py:120} INFO - [2023-11-01T13:59:17.224+0000] {taskmixin.py:205} WARNING - Dependency <Task(_PythonDecoratedOperator): prepare_email>, send_email already registered for DAG: example_dag_decorator
[2023-11-01T13:59:17.229+0000] {logging_mixin.py:120} INFO - [2023-11-01T13:59:17.226+0000] {taskmixin.py:205} WARNING - Dependency <Task(EmailOperator): send_email>, prepare_email already registered for DAG: example_dag_decorator
[2023-11-01T13:59:17.280+0000] {processor.py:766} INFO - DAG(s) dict_keys(['example_dag_decorator']) retrieved from /home/airflow/.local/lib/python3.7/site-packages/airflow/example_dags/example_dag_decorator.py
[2023-11-01T13:59:17.582+0000] {logging_mixin.py:120} INFO - [2023-11-01T13:59:17.582+0000] {dag.py:2585} INFO - Sync 1 DAGs
[2023-11-01T13:59:17.628+0000] {logging_mixin.py:120} INFO - [2023-11-01T13:59:17.628+0000] {dag.py:3340} INFO - Setting next_dagrun for example_dag_decorator to None, run_after=None
[2023-11-01T13:59:17.666+0000] {processor.py:176} INFO - Processing /home/airflow/.local/lib/python3.7/site-packages/airflow/example_dags/example_dag_decorator.py took 0.496 seconds
[2023-11-01T13:59:48.236+0000] {processor.py:154} INFO - Started process (PID=124) to work on /home/airflow/.local/lib/python3.7/site-packages/airflow/example_dags/example_dag_decorator.py
[2023-11-01T13:59:48.237+0000] {processor.py:756} INFO - Processing file /home/airflow/.local/lib/python3.7/site-packages/airflow/example_dags/example_dag_decorator.py for tasks to queue
[2023-11-01T13:59:48.239+0000] {logging_mixin.py:120} INFO - [2023-11-01T13:59:48.238+0000] {dagbag.py:537} INFO - Filling up the DagBag from /home/airflow/.local/lib/python3.7/site-packages/airflow/example_dags/example_dag_decorator.py
[2023-11-01T13:59:48.258+0000] {logging_mixin.py:120} INFO - [2023-11-01T13:59:48.258+0000] {taskmixin.py:205} WARNING - Dependency <Task(_PythonDecoratedOperator): prepare_email>, send_email already registered for DAG: example_dag_decorator
[2023-11-01T13:59:48.259+0000] {logging_mixin.py:120} INFO - [2023-11-01T13:59:48.259+0000] {taskmixin.py:205} WARNING - Dependency <Task(EmailOperator): send_email>, prepare_email already registered for DAG: example_dag_decorator
[2023-11-01T13:59:48.272+0000] {processor.py:766} INFO - DAG(s) dict_keys(['example_dag_decorator']) retrieved from /home/airflow/.local/lib/python3.7/site-packages/airflow/example_dags/example_dag_decorator.py
[2023-11-01T13:59:48.372+0000] {logging_mixin.py:120} INFO - [2023-11-01T13:59:48.372+0000] {dag.py:2585} INFO - Sync 1 DAGs
[2023-11-01T13:59:48.401+0000] {logging_mixin.py:120} INFO - [2023-11-01T13:59:48.401+0000] {dag.py:3340} INFO - Setting next_dagrun for example_dag_decorator to None, run_after=None
[2023-11-01T13:59:48.435+0000] {processor.py:176} INFO - Processing /home/airflow/.local/lib/python3.7/site-packages/airflow/example_dags/example_dag_decorator.py took 0.202 seconds
[2023-11-01T14:00:18.512+0000] {processor.py:154} INFO - Started process (PID=181) to work on /home/airflow/.local/lib/python3.7/site-packages/airflow/example_dags/example_dag_decorator.py
[2023-11-01T14:00:18.513+0000] {processor.py:756} INFO - Processing file /home/airflow/.local/lib/python3.7/site-packages/airflow/example_dags/example_dag_decorator.py for tasks to queue
[2023-11-01T14:00:18.514+0000] {logging_mixin.py:120} INFO - [2023-11-01T14:00:18.514+0000] {dagbag.py:537} INFO - Filling up the DagBag from /home/airflow/.local/lib/python3.7/site-packages/airflow/example_dags/example_dag_decorator.py
[2023-11-01T14:00:18.530+0000] {logging_mixin.py:120} INFO - [2023-11-01T14:00:18.530+0000] {taskmixin.py:205} WARNING - Dependency <Task(_PythonDecoratedOperator): prepare_email>, send_email already registered for DAG: example_dag_decorator
[2023-11-01T14:00:18.531+0000] {logging_mixin.py:120} INFO - [2023-11-01T14:00:18.531+0000] {taskmixin.py:205} WARNING - Dependency <Task(EmailOperator): send_email>, prepare_email already registered for DAG: example_dag_decorator
[2023-11-01T14:00:18.544+0000] {processor.py:766} INFO - DAG(s) dict_keys(['example_dag_decorator']) retrieved from /home/airflow/.local/lib/python3.7/site-packages/airflow/example_dags/example_dag_decorator.py
[2023-11-01T14:00:18.646+0000] {logging_mixin.py:120} INFO - [2023-11-01T14:00:18.646+0000] {dag.py:2585} INFO - Sync 1 DAGs
[2023-11-01T14:00:18.683+0000] {logging_mixin.py:120} INFO - [2023-11-01T14:00:18.682+0000] {dag.py:3340} INFO - Setting next_dagrun for example_dag_decorator to None, run_after=None
[2023-11-01T14:00:18.714+0000] {processor.py:176} INFO - Processing /home/airflow/.local/lib/python3.7/site-packages/airflow/example_dags/example_dag_decorator.py took 0.205 seconds
[2023-11-01T14:00:48.953+0000] {processor.py:154} INFO - Started process (PID=247) to work on /home/airflow/.local/lib/python3.7/site-packages/airflow/example_dags/example_dag_decorator.py
[2023-11-01T14:00:48.954+0000] {processor.py:756} INFO - Processing file /home/airflow/.local/lib/python3.7/site-packages/airflow/example_dags/example_dag_decorator.py for tasks to queue
[2023-11-01T14:00:48.956+0000] {logging_mixin.py:120} INFO - [2023-11-01T14:00:48.955+0000] {dagbag.py:537} INFO - Filling up the DagBag from /home/airflow/.local/lib/python3.7/site-packages/airflow/example_dags/example_dag_decorator.py
[2023-11-01T14:00:48.973+0000] {logging_mixin.py:120} INFO - [2023-11-01T14:00:48.973+0000] {taskmixin.py:205} WARNING - Dependency <Task(_PythonDecoratedOperator): prepare_email>, send_email already registered for DAG: example_dag_decorator
[2023-11-01T14:00:48.974+0000] {logging_mixin.py:120} INFO - [2023-11-01T14:00:48.974+0000] {taskmixin.py:205} WARNING - Dependency <Task(EmailOperator): send_email>, prepare_email already registered for DAG: example_dag_decorator
[2023-11-01T14:00:48.990+0000] {processor.py:766} INFO - DAG(s) dict_keys(['example_dag_decorator']) retrieved from /home/airflow/.local/lib/python3.7/site-packages/airflow/example_dags/example_dag_decorator.py
[2023-11-01T14:00:49.088+0000] {logging_mixin.py:120} INFO - [2023-11-01T14:00:49.088+0000] {dag.py:2585} INFO - Sync 1 DAGs
[2023-11-01T14:00:49.119+0000] {logging_mixin.py:120} INFO - [2023-11-01T14:00:49.119+0000] {dag.py:3340} INFO - Setting next_dagrun for example_dag_decorator to None, run_after=None
[2023-11-01T14:00:49.146+0000] {processor.py:176} INFO - Processing /home/airflow/.local/lib/python3.7/site-packages/airflow/example_dags/example_dag_decorator.py took 0.197 seconds
[2023-11-01T14:01:22.500+0000] {processor.py:154} INFO - Started process (PID=314) to work on /home/airflow/.local/lib/python3.7/site-packages/airflow/example_dags/example_dag_decorator.py
[2023-11-01T14:01:22.503+0000] {processor.py:756} INFO - Processing file /home/airflow/.local/lib/python3.7/site-packages/airflow/example_dags/example_dag_decorator.py for tasks to queue
[2023-11-01T14:01:22.513+0000] {logging_mixin.py:120} INFO - [2023-11-01T14:01:22.513+0000] {dagbag.py:537} INFO - Filling up the DagBag from /home/airflow/.local/lib/python3.7/site-packages/airflow/example_dags/example_dag_decorator.py
[2023-11-01T14:01:22.570+0000] {logging_mixin.py:120} INFO - [2023-11-01T14:01:22.570+0000] {taskmixin.py:205} WARNING - Dependency <Task(_PythonDecoratedOperator): prepare_email>, send_email already registered for DAG: example_dag_decorator
[2023-11-01T14:01:22.588+0000] {logging_mixin.py:120} INFO - [2023-11-01T14:01:22.587+0000] {taskmixin.py:205} WARNING - Dependency <Task(EmailOperator): send_email>, prepare_email already registered for DAG: example_dag_decorator
[2023-11-01T14:01:22.673+0000] {processor.py:766} INFO - DAG(s) dict_keys(['example_dag_decorator']) retrieved from /home/airflow/.local/lib/python3.7/site-packages/airflow/example_dags/example_dag_decorator.py
[2023-11-01T14:01:23.041+0000] {logging_mixin.py:120} INFO - [2023-11-01T14:01:23.031+0000] {dag.py:2585} INFO - Sync 1 DAGs
[2023-11-01T14:01:23.140+0000] {logging_mixin.py:120} INFO - [2023-11-01T14:01:23.140+0000] {dag.py:3340} INFO - Setting next_dagrun for example_dag_decorator to None, run_after=None
[2023-11-01T14:01:23.270+0000] {processor.py:176} INFO - Processing /home/airflow/.local/lib/python3.7/site-packages/airflow/example_dags/example_dag_decorator.py took 0.761 seconds
[2023-11-01T14:01:53.449+0000] {processor.py:154} INFO - Started process (PID=370) to work on /home/airflow/.local/lib/python3.7/site-packages/airflow/example_dags/example_dag_decorator.py
[2023-11-01T14:01:53.451+0000] {processor.py:756} INFO - Processing file /home/airflow/.local/lib/python3.7/site-packages/airflow/example_dags/example_dag_decorator.py for tasks to queue
[2023-11-01T14:01:53.452+0000] {logging_mixin.py:120} INFO - [2023-11-01T14:01:53.452+0000] {dagbag.py:537} INFO - Filling up the DagBag from /home/airflow/.local/lib/python3.7/site-packages/airflow/example_dags/example_dag_decorator.py
[2023-11-01T14:01:53.474+0000] {logging_mixin.py:120} INFO - [2023-11-01T14:01:53.474+0000] {taskmixin.py:205} WARNING - Dependency <Task(_PythonDecoratedOperator): prepare_email>, send_email already registered for DAG: example_dag_decorator
[2023-11-01T14:01:53.477+0000] {logging_mixin.py:120} INFO - [2023-11-01T14:01:53.477+0000] {taskmixin.py:205} WARNING - Dependency <Task(EmailOperator): send_email>, prepare_email already registered for DAG: example_dag_decorator
[2023-11-01T14:01:53.492+0000] {processor.py:766} INFO - DAG(s) dict_keys(['example_dag_decorator']) retrieved from /home/airflow/.local/lib/python3.7/site-packages/airflow/example_dags/example_dag_decorator.py
[2023-11-01T14:01:53.627+0000] {logging_mixin.py:120} INFO - [2023-11-01T14:01:53.620+0000] {dag.py:2585} INFO - Sync 1 DAGs
[2023-11-01T14:01:53.710+0000] {logging_mixin.py:120} INFO - [2023-11-01T14:01:53.709+0000] {dag.py:3340} INFO - Setting next_dagrun for example_dag_decorator to None, run_after=None
[2023-11-01T14:01:53.756+0000] {processor.py:176} INFO - Processing /home/airflow/.local/lib/python3.7/site-packages/airflow/example_dags/example_dag_decorator.py took 0.310 seconds
[2023-11-01T14:02:23.857+0000] {processor.py:154} INFO - Started process (PID=426) to work on /home/airflow/.local/lib/python3.7/site-packages/airflow/example_dags/example_dag_decorator.py
[2023-11-01T14:02:23.858+0000] {processor.py:756} INFO - Processing file /home/airflow/.local/lib/python3.7/site-packages/airflow/example_dags/example_dag_decorator.py for tasks to queue
[2023-11-01T14:02:23.860+0000] {logging_mixin.py:120} INFO - [2023-11-01T14:02:23.859+0000] {dagbag.py:537} INFO - Filling up the DagBag from /home/airflow/.local/lib/python3.7/site-packages/airflow/example_dags/example_dag_decorator.py
[2023-11-01T14:02:23.880+0000] {logging_mixin.py:120} INFO - [2023-11-01T14:02:23.880+0000] {taskmixin.py:205} WARNING - Dependency <Task(_PythonDecoratedOperator): prepare_email>, send_email already registered for DAG: example_dag_decorator
[2023-11-01T14:02:23.881+0000] {logging_mixin.py:120} INFO - [2023-11-01T14:02:23.880+0000] {taskmixin.py:205} WARNING - Dependency <Task(EmailOperator): send_email>, prepare_email already registered for DAG: example_dag_decorator
[2023-11-01T14:02:23.898+0000] {processor.py:766} INFO - DAG(s) dict_keys(['example_dag_decorator']) retrieved from /home/airflow/.local/lib/python3.7/site-packages/airflow/example_dags/example_dag_decorator.py
[2023-11-01T14:02:24.022+0000] {logging_mixin.py:120} INFO - [2023-11-01T14:02:24.022+0000] {dag.py:2585} INFO - Sync 1 DAGs
[2023-11-01T14:02:24.057+0000] {logging_mixin.py:120} INFO - [2023-11-01T14:02:24.056+0000] {dag.py:3340} INFO - Setting next_dagrun for example_dag_decorator to None, run_after=None
[2023-11-01T14:02:24.092+0000] {processor.py:176} INFO - Processing /home/airflow/.local/lib/python3.7/site-packages/airflow/example_dags/example_dag_decorator.py took 0.239 seconds
[2023-11-01T14:02:54.265+0000] {processor.py:154} INFO - Started process (PID=491) to work on /home/airflow/.local/lib/python3.7/site-packages/airflow/example_dags/example_dag_decorator.py
[2023-11-01T14:02:54.266+0000] {processor.py:756} INFO - Processing file /home/airflow/.local/lib/python3.7/site-packages/airflow/example_dags/example_dag_decorator.py for tasks to queue
[2023-11-01T14:02:54.268+0000] {logging_mixin.py:120} INFO - [2023-11-01T14:02:54.268+0000] {dagbag.py:537} INFO - Filling up the DagBag from /home/airflow/.local/lib/python3.7/site-packages/airflow/example_dags/example_dag_decorator.py
[2023-11-01T14:02:54.286+0000] {logging_mixin.py:120} INFO - [2023-11-01T14:02:54.286+0000] {taskmixin.py:205} WARNING - Dependency <Task(_PythonDecoratedOperator): prepare_email>, send_email already registered for DAG: example_dag_decorator
[2023-11-01T14:02:54.287+0000] {logging_mixin.py:120} INFO - [2023-11-01T14:02:54.287+0000] {taskmixin.py:205} WARNING - Dependency <Task(EmailOperator): send_email>, prepare_email already registered for DAG: example_dag_decorator
[2023-11-01T14:02:54.304+0000] {processor.py:766} INFO - DAG(s) dict_keys(['example_dag_decorator']) retrieved from /home/airflow/.local/lib/python3.7/site-packages/airflow/example_dags/example_dag_decorator.py
[2023-11-01T14:02:54.484+0000] {logging_mixin.py:120} INFO - [2023-11-01T14:02:54.484+0000] {dag.py:2585} INFO - Sync 1 DAGs
[2023-11-01T14:02:54.535+0000] {logging_mixin.py:120} INFO - [2023-11-01T14:02:54.534+0000] {dag.py:3340} INFO - Setting next_dagrun for example_dag_decorator to None, run_after=None
[2023-11-01T14:02:54.575+0000] {processor.py:176} INFO - Processing /home/airflow/.local/lib/python3.7/site-packages/airflow/example_dags/example_dag_decorator.py took 0.313 seconds
[2023-11-01T14:03:25.483+0000] {processor.py:154} INFO - Started process (PID=547) to work on /home/airflow/.local/lib/python3.7/site-packages/airflow/example_dags/example_dag_decorator.py
[2023-11-01T14:03:25.484+0000] {processor.py:756} INFO - Processing file /home/airflow/.local/lib/python3.7/site-packages/airflow/example_dags/example_dag_decorator.py for tasks to queue
[2023-11-01T14:03:25.485+0000] {logging_mixin.py:120} INFO - [2023-11-01T14:03:25.485+0000] {dagbag.py:537} INFO - Filling up the DagBag from /home/airflow/.local/lib/python3.7/site-packages/airflow/example_dags/example_dag_decorator.py
[2023-11-01T14:03:25.506+0000] {logging_mixin.py:120} INFO - [2023-11-01T14:03:25.505+0000] {taskmixin.py:205} WARNING - Dependency <Task(_PythonDecoratedOperator): prepare_email>, send_email already registered for DAG: example_dag_decorator
[2023-11-01T14:03:25.506+0000] {logging_mixin.py:120} INFO - [2023-11-01T14:03:25.506+0000] {taskmixin.py:205} WARNING - Dependency <Task(EmailOperator): send_email>, prepare_email already registered for DAG: example_dag_decorator
[2023-11-01T14:03:25.529+0000] {processor.py:766} INFO - DAG(s) dict_keys(['example_dag_decorator']) retrieved from /home/airflow/.local/lib/python3.7/site-packages/airflow/example_dags/example_dag_decorator.py
[2023-11-01T14:03:25.637+0000] {logging_mixin.py:120} INFO - [2023-11-01T14:03:25.637+0000] {dag.py:2585} INFO - Sync 1 DAGs
[2023-11-01T14:03:25.674+0000] {logging_mixin.py:120} INFO - [2023-11-01T14:03:25.674+0000] {dag.py:3340} INFO - Setting next_dagrun for example_dag_decorator to None, run_after=None
[2023-11-01T14:03:25.710+0000] {processor.py:176} INFO - Processing /home/airflow/.local/lib/python3.7/site-packages/airflow/example_dags/example_dag_decorator.py took 0.230 seconds
[2023-11-01T14:03:56.699+0000] {processor.py:154} INFO - Started process (PID=613) to work on /home/airflow/.local/lib/python3.7/site-packages/airflow/example_dags/example_dag_decorator.py
[2023-11-01T14:03:56.700+0000] {processor.py:756} INFO - Processing file /home/airflow/.local/lib/python3.7/site-packages/airflow/example_dags/example_dag_decorator.py for tasks to queue
[2023-11-01T14:03:56.701+0000] {logging_mixin.py:120} INFO - [2023-11-01T14:03:56.701+0000] {dagbag.py:537} INFO - Filling up the DagBag from /home/airflow/.local/lib/python3.7/site-packages/airflow/example_dags/example_dag_decorator.py
[2023-11-01T14:03:56.724+0000] {logging_mixin.py:120} INFO - [2023-11-01T14:03:56.724+0000] {taskmixin.py:205} WARNING - Dependency <Task(_PythonDecoratedOperator): prepare_email>, send_email already registered for DAG: example_dag_decorator
[2023-11-01T14:03:56.725+0000] {logging_mixin.py:120} INFO - [2023-11-01T14:03:56.725+0000] {taskmixin.py:205} WARNING - Dependency <Task(EmailOperator): send_email>, prepare_email already registered for DAG: example_dag_decorator
[2023-11-01T14:03:56.743+0000] {processor.py:766} INFO - DAG(s) dict_keys(['example_dag_decorator']) retrieved from /home/airflow/.local/lib/python3.7/site-packages/airflow/example_dags/example_dag_decorator.py
[2023-11-01T14:03:56.865+0000] {logging_mixin.py:120} INFO - [2023-11-01T14:03:56.865+0000] {dag.py:2585} INFO - Sync 1 DAGs
[2023-11-01T14:03:56.896+0000] {logging_mixin.py:120} INFO - [2023-11-01T14:03:56.896+0000] {dag.py:3340} INFO - Setting next_dagrun for example_dag_decorator to None, run_after=None
[2023-11-01T14:03:56.925+0000] {processor.py:176} INFO - Processing /home/airflow/.local/lib/python3.7/site-packages/airflow/example_dags/example_dag_decorator.py took 0.228 seconds
[2023-11-01T14:04:27.334+0000] {processor.py:154} INFO - Started process (PID=678) to work on /home/airflow/.local/lib/python3.7/site-packages/airflow/example_dags/example_dag_decorator.py
[2023-11-01T14:04:27.336+0000] {processor.py:756} INFO - Processing file /home/airflow/.local/lib/python3.7/site-packages/airflow/example_dags/example_dag_decorator.py for tasks to queue
[2023-11-01T14:04:27.337+0000] {logging_mixin.py:120} INFO - [2023-11-01T14:04:27.337+0000] {dagbag.py:537} INFO - Filling up the DagBag from /home/airflow/.local/lib/python3.7/site-packages/airflow/example_dags/example_dag_decorator.py
[2023-11-01T14:04:27.356+0000] {logging_mixin.py:120} INFO - [2023-11-01T14:04:27.356+0000] {taskmixin.py:205} WARNING - Dependency <Task(_PythonDecoratedOperator): prepare_email>, send_email already registered for DAG: example_dag_decorator
[2023-11-01T14:04:27.357+0000] {logging_mixin.py:120} INFO - [2023-11-01T14:04:27.357+0000] {taskmixin.py:205} WARNING - Dependency <Task(EmailOperator): send_email>, prepare_email already registered for DAG: example_dag_decorator
[2023-11-01T14:04:27.373+0000] {processor.py:766} INFO - DAG(s) dict_keys(['example_dag_decorator']) retrieved from /home/airflow/.local/lib/python3.7/site-packages/airflow/example_dags/example_dag_decorator.py
[2023-11-01T14:04:27.519+0000] {logging_mixin.py:120} INFO - [2023-11-01T14:04:27.518+0000] {dag.py:2585} INFO - Sync 1 DAGs
[2023-11-01T14:04:27.557+0000] {logging_mixin.py:120} INFO - [2023-11-01T14:04:27.557+0000] {dag.py:3340} INFO - Setting next_dagrun for example_dag_decorator to None, run_after=None
[2023-11-01T14:04:27.657+0000] {processor.py:176} INFO - Processing /home/airflow/.local/lib/python3.7/site-packages/airflow/example_dags/example_dag_decorator.py took 0.326 seconds
[2023-11-01T14:04:58.285+0000] {processor.py:154} INFO - Started process (PID=735) to work on /home/airflow/.local/lib/python3.7/site-packages/airflow/example_dags/example_dag_decorator.py
[2023-11-01T14:04:58.286+0000] {processor.py:756} INFO - Processing file /home/airflow/.local/lib/python3.7/site-packages/airflow/example_dags/example_dag_decorator.py for tasks to queue
[2023-11-01T14:04:58.288+0000] {logging_mixin.py:120} INFO - [2023-11-01T14:04:58.287+0000] {dagbag.py:537} INFO - Filling up the DagBag from /home/airflow/.local/lib/python3.7/site-packages/airflow/example_dags/example_dag_decorator.py
[2023-11-01T14:04:58.306+0000] {logging_mixin.py:120} INFO - [2023-11-01T14:04:58.306+0000] {taskmixin.py:205} WARNING - Dependency <Task(_PythonDecoratedOperator): prepare_email>, send_email already registered for DAG: example_dag_decorator
[2023-11-01T14:04:58.307+0000] {logging_mixin.py:120} INFO - [2023-11-01T14:04:58.307+0000] {taskmixin.py:205} WARNING - Dependency <Task(EmailOperator): send_email>, prepare_email already registered for DAG: example_dag_decorator
[2023-11-01T14:04:58.322+0000] {processor.py:766} INFO - DAG(s) dict_keys(['example_dag_decorator']) retrieved from /home/airflow/.local/lib/python3.7/site-packages/airflow/example_dags/example_dag_decorator.py
[2023-11-01T14:04:58.428+0000] {logging_mixin.py:120} INFO - [2023-11-01T14:04:58.428+0000] {dag.py:2585} INFO - Sync 1 DAGs
[2023-11-01T14:04:58.477+0000] {logging_mixin.py:120} INFO - [2023-11-01T14:04:58.477+0000] {dag.py:3340} INFO - Setting next_dagrun for example_dag_decorator to None, run_after=None
[2023-11-01T14:04:58.518+0000] {processor.py:176} INFO - Processing /home/airflow/.local/lib/python3.7/site-packages/airflow/example_dags/example_dag_decorator.py took 0.236 seconds
[2023-11-01T14:05:28.658+0000] {processor.py:154} INFO - Started process (PID=800) to work on /home/airflow/.local/lib/python3.7/site-packages/airflow/example_dags/example_dag_decorator.py
[2023-11-01T14:05:28.659+0000] {processor.py:756} INFO - Processing file /home/airflow/.local/lib/python3.7/site-packages/airflow/example_dags/example_dag_decorator.py for tasks to queue
[2023-11-01T14:05:28.661+0000] {logging_mixin.py:120} INFO - [2023-11-01T14:05:28.661+0000] {dagbag.py:537} INFO - Filling up the DagBag from /home/airflow/.local/lib/python3.7/site-packages/airflow/example_dags/example_dag_decorator.py
[2023-11-01T14:05:28.679+0000] {logging_mixin.py:120} INFO - [2023-11-01T14:05:28.678+0000] {taskmixin.py:205} WARNING - Dependency <Task(_PythonDecoratedOperator): prepare_email>, send_email already registered for DAG: example_dag_decorator
[2023-11-01T14:05:28.681+0000] {logging_mixin.py:120} INFO - [2023-11-01T14:05:28.681+0000] {taskmixin.py:205} WARNING - Dependency <Task(EmailOperator): send_email>, prepare_email already registered for DAG: example_dag_decorator
[2023-11-01T14:05:28.699+0000] {processor.py:766} INFO - DAG(s) dict_keys(['example_dag_decorator']) retrieved from /home/airflow/.local/lib/python3.7/site-packages/airflow/example_dags/example_dag_decorator.py
[2023-11-01T14:05:28.819+0000] {logging_mixin.py:120} INFO - [2023-11-01T14:05:28.819+0000] {dag.py:2585} INFO - Sync 1 DAGs
[2023-11-01T14:05:28.854+0000] {logging_mixin.py:120} INFO - [2023-11-01T14:05:28.853+0000] {dag.py:3340} INFO - Setting next_dagrun for example_dag_decorator to None, run_after=None
[2023-11-01T14:05:28.888+0000] {processor.py:176} INFO - Processing /home/airflow/.local/lib/python3.7/site-packages/airflow/example_dags/example_dag_decorator.py took 0.234 seconds
[2023-11-01T14:05:59.031+0000] {processor.py:154} INFO - Started process (PID=856) to work on /home/airflow/.local/lib/python3.7/site-packages/airflow/example_dags/example_dag_decorator.py
[2023-11-01T14:05:59.034+0000] {processor.py:756} INFO - Processing file /home/airflow/.local/lib/python3.7/site-packages/airflow/example_dags/example_dag_decorator.py for tasks to queue
[2023-11-01T14:05:59.036+0000] {logging_mixin.py:120} INFO - [2023-11-01T14:05:59.035+0000] {dagbag.py:537} INFO - Filling up the DagBag from /home/airflow/.local/lib/python3.7/site-packages/airflow/example_dags/example_dag_decorator.py
[2023-11-01T14:05:59.062+0000] {logging_mixin.py:120} INFO - [2023-11-01T14:05:59.062+0000] {taskmixin.py:205} WARNING - Dependency <Task(_PythonDecoratedOperator): prepare_email>, send_email already registered for DAG: example_dag_decorator
[2023-11-01T14:05:59.063+0000] {logging_mixin.py:120} INFO - [2023-11-01T14:05:59.063+0000] {taskmixin.py:205} WARNING - Dependency <Task(EmailOperator): send_email>, prepare_email already registered for DAG: example_dag_decorator
[2023-11-01T14:05:59.083+0000] {processor.py:766} INFO - DAG(s) dict_keys(['example_dag_decorator']) retrieved from /home/airflow/.local/lib/python3.7/site-packages/airflow/example_dags/example_dag_decorator.py
[2023-11-01T14:05:59.265+0000] {logging_mixin.py:120} INFO - [2023-11-01T14:05:59.264+0000] {dag.py:2585} INFO - Sync 1 DAGs
[2023-11-01T14:05:59.312+0000] {logging_mixin.py:120} INFO - [2023-11-01T14:05:59.312+0000] {dag.py:3340} INFO - Setting next_dagrun for example_dag_decorator to None, run_after=None
[2023-11-01T14:05:59.383+0000] {processor.py:176} INFO - Processing /home/airflow/.local/lib/python3.7/site-packages/airflow/example_dags/example_dag_decorator.py took 0.356 seconds
[2023-11-01T14:06:29.500+0000] {processor.py:154} INFO - Started process (PID=922) to work on /home/airflow/.local/lib/python3.7/site-packages/airflow/example_dags/example_dag_decorator.py
[2023-11-01T14:06:29.505+0000] {processor.py:756} INFO - Processing file /home/airflow/.local/lib/python3.7/site-packages/airflow/example_dags/example_dag_decorator.py for tasks to queue
[2023-11-01T14:06:29.507+0000] {logging_mixin.py:120} INFO - [2023-11-01T14:06:29.507+0000] {dagbag.py:537} INFO - Filling up the DagBag from /home/airflow/.local/lib/python3.7/site-packages/airflow/example_dags/example_dag_decorator.py
[2023-11-01T14:06:29.540+0000] {logging_mixin.py:120} INFO - [2023-11-01T14:06:29.540+0000] {taskmixin.py:205} WARNING - Dependency <Task(_PythonDecoratedOperator): prepare_email>, send_email already registered for DAG: example_dag_decorator
[2023-11-01T14:06:29.541+0000] {logging_mixin.py:120} INFO - [2023-11-01T14:06:29.541+0000] {taskmixin.py:205} WARNING - Dependency <Task(EmailOperator): send_email>, prepare_email already registered for DAG: example_dag_decorator
[2023-11-01T14:06:29.569+0000] {processor.py:766} INFO - DAG(s) dict_keys(['example_dag_decorator']) retrieved from /home/airflow/.local/lib/python3.7/site-packages/airflow/example_dags/example_dag_decorator.py
[2023-11-01T14:06:29.726+0000] {logging_mixin.py:120} INFO - [2023-11-01T14:06:29.726+0000] {dag.py:2585} INFO - Sync 1 DAGs
[2023-11-01T14:06:29.768+0000] {logging_mixin.py:120} INFO - [2023-11-01T14:06:29.768+0000] {dag.py:3340} INFO - Setting next_dagrun for example_dag_decorator to None, run_after=None
[2023-11-01T14:06:29.816+0000] {processor.py:176} INFO - Processing /home/airflow/.local/lib/python3.7/site-packages/airflow/example_dags/example_dag_decorator.py took 0.320 seconds
[2023-11-01T14:06:59.930+0000] {processor.py:154} INFO - Started process (PID=978) to work on /home/airflow/.local/lib/python3.7/site-packages/airflow/example_dags/example_dag_decorator.py
[2023-11-01T14:06:59.931+0000] {processor.py:756} INFO - Processing file /home/airflow/.local/lib/python3.7/site-packages/airflow/example_dags/example_dag_decorator.py for tasks to queue
[2023-11-01T14:06:59.933+0000] {logging_mixin.py:120} INFO - [2023-11-01T14:06:59.933+0000] {dagbag.py:537} INFO - Filling up the DagBag from /home/airflow/.local/lib/python3.7/site-packages/airflow/example_dags/example_dag_decorator.py
[2023-11-01T14:06:59.954+0000] {logging_mixin.py:120} INFO - [2023-11-01T14:06:59.954+0000] {taskmixin.py:205} WARNING - Dependency <Task(_PythonDecoratedOperator): prepare_email>, send_email already registered for DAG: example_dag_decorator
[2023-11-01T14:06:59.955+0000] {logging_mixin.py:120} INFO - [2023-11-01T14:06:59.955+0000] {taskmixin.py:205} WARNING - Dependency <Task(EmailOperator): send_email>, prepare_email already registered for DAG: example_dag_decorator
[2023-11-01T14:06:59.972+0000] {processor.py:766} INFO - DAG(s) dict_keys(['example_dag_decorator']) retrieved from /home/airflow/.local/lib/python3.7/site-packages/airflow/example_dags/example_dag_decorator.py
[2023-11-01T14:07:00.096+0000] {logging_mixin.py:120} INFO - [2023-11-01T14:07:00.096+0000] {dag.py:2585} INFO - Sync 1 DAGs
[2023-11-01T14:07:00.132+0000] {logging_mixin.py:120} INFO - [2023-11-01T14:07:00.132+0000] {dag.py:3340} INFO - Setting next_dagrun for example_dag_decorator to None, run_after=None
[2023-11-01T14:07:00.171+0000] {processor.py:176} INFO - Processing /home/airflow/.local/lib/python3.7/site-packages/airflow/example_dags/example_dag_decorator.py took 0.244 seconds
