[2023-11-01T13:59:19.636+0000] {processor.py:154} INFO - Started process (PID=77) to work on /home/airflow/.local/lib/python3.7/site-packages/airflow/example_dags/example_latest_only.py
[2023-11-01T13:59:19.642+0000] {processor.py:756} INFO - Processing file /home/airflow/.local/lib/python3.7/site-packages/airflow/example_dags/example_latest_only.py for tasks to queue
[2023-11-01T13:59:19.644+0000] {logging_mixin.py:120} INFO - [2023-11-01T13:59:19.643+0000] {dagbag.py:537} INFO - Filling up the DagBag from /home/airflow/.local/lib/python3.7/site-packages/airflow/example_dags/example_latest_only.py
[2023-11-01T13:59:19.695+0000] {processor.py:766} INFO - DAG(s) dict_keys(['latest_only']) retrieved from /home/airflow/.local/lib/python3.7/site-packages/airflow/example_dags/example_latest_only.py
[2023-11-01T13:59:19.873+0000] {logging_mixin.py:120} INFO - [2023-11-01T13:59:19.872+0000] {dag.py:2585} INFO - Sync 1 DAGs
[2023-11-01T13:59:19.933+0000] {logging_mixin.py:120} INFO - [2023-11-01T13:59:19.932+0000] {dag.py:3340} INFO - Setting next_dagrun for latest_only to 2023-11-01T09:59:19.931144+00:00, run_after=2023-11-01T13:59:19.931144+00:00
[2023-11-01T13:59:20.195+0000] {processor.py:176} INFO - Processing /home/airflow/.local/lib/python3.7/site-packages/airflow/example_dags/example_latest_only.py took 0.563 seconds
[2023-11-01T13:59:50.342+0000] {processor.py:154} INFO - Started process (PID=135) to work on /home/airflow/.local/lib/python3.7/site-packages/airflow/example_dags/example_latest_only.py
[2023-11-01T13:59:50.343+0000] {processor.py:756} INFO - Processing file /home/airflow/.local/lib/python3.7/site-packages/airflow/example_dags/example_latest_only.py for tasks to queue
[2023-11-01T13:59:50.344+0000] {logging_mixin.py:120} INFO - [2023-11-01T13:59:50.344+0000] {dagbag.py:537} INFO - Filling up the DagBag from /home/airflow/.local/lib/python3.7/site-packages/airflow/example_dags/example_latest_only.py
[2023-11-01T13:59:50.361+0000] {processor.py:766} INFO - DAG(s) dict_keys(['latest_only']) retrieved from /home/airflow/.local/lib/python3.7/site-packages/airflow/example_dags/example_latest_only.py
[2023-11-01T13:59:50.403+0000] {logging_mixin.py:120} INFO - [2023-11-01T13:59:50.403+0000] {dag.py:2585} INFO - Sync 1 DAGs
[2023-11-01T13:59:50.438+0000] {logging_mixin.py:120} INFO - [2023-11-01T13:59:50.437+0000] {dag.py:3340} INFO - Setting next_dagrun for latest_only to 2023-11-01T09:59:50.437563+00:00, run_after=2023-11-01T13:59:50.437563+00:00
[2023-11-01T13:59:50.474+0000] {processor.py:176} INFO - Processing /home/airflow/.local/lib/python3.7/site-packages/airflow/example_dags/example_latest_only.py took 0.135 seconds
[2023-11-01T14:00:21.167+0000] {processor.py:154} INFO - Started process (PID=202) to work on /home/airflow/.local/lib/python3.7/site-packages/airflow/example_dags/example_latest_only.py
[2023-11-01T14:00:21.168+0000] {processor.py:756} INFO - Processing file /home/airflow/.local/lib/python3.7/site-packages/airflow/example_dags/example_latest_only.py for tasks to queue
[2023-11-01T14:00:21.170+0000] {logging_mixin.py:120} INFO - [2023-11-01T14:00:21.170+0000] {dagbag.py:537} INFO - Filling up the DagBag from /home/airflow/.local/lib/python3.7/site-packages/airflow/example_dags/example_latest_only.py
[2023-11-01T14:00:21.185+0000] {processor.py:766} INFO - DAG(s) dict_keys(['latest_only']) retrieved from /home/airflow/.local/lib/python3.7/site-packages/airflow/example_dags/example_latest_only.py
[2023-11-01T14:00:21.230+0000] {logging_mixin.py:120} INFO - [2023-11-01T14:00:21.230+0000] {dag.py:2585} INFO - Sync 1 DAGs
[2023-11-01T14:00:21.262+0000] {logging_mixin.py:120} INFO - [2023-11-01T14:00:21.262+0000] {dag.py:3340} INFO - Setting next_dagrun for latest_only to 2023-11-01T10:00:21.262053+00:00, run_after=2023-11-01T14:00:21.262053+00:00
[2023-11-01T14:00:21.290+0000] {processor.py:176} INFO - Processing /home/airflow/.local/lib/python3.7/site-packages/airflow/example_dags/example_latest_only.py took 0.126 seconds
[2023-11-01T14:00:52.043+0000] {processor.py:154} INFO - Started process (PID=259) to work on /home/airflow/.local/lib/python3.7/site-packages/airflow/example_dags/example_latest_only.py
[2023-11-01T14:00:52.044+0000] {processor.py:756} INFO - Processing file /home/airflow/.local/lib/python3.7/site-packages/airflow/example_dags/example_latest_only.py for tasks to queue
[2023-11-01T14:00:52.046+0000] {logging_mixin.py:120} INFO - [2023-11-01T14:00:52.046+0000] {dagbag.py:537} INFO - Filling up the DagBag from /home/airflow/.local/lib/python3.7/site-packages/airflow/example_dags/example_latest_only.py
[2023-11-01T14:00:52.060+0000] {processor.py:766} INFO - DAG(s) dict_keys(['latest_only']) retrieved from /home/airflow/.local/lib/python3.7/site-packages/airflow/example_dags/example_latest_only.py
[2023-11-01T14:00:52.106+0000] {logging_mixin.py:120} INFO - [2023-11-01T14:00:52.105+0000] {dag.py:2585} INFO - Sync 1 DAGs
[2023-11-01T14:00:52.138+0000] {logging_mixin.py:120} INFO - [2023-11-01T14:00:52.138+0000] {dag.py:3340} INFO - Setting next_dagrun for latest_only to 2023-11-01T10:00:52.138029+00:00, run_after=2023-11-01T14:00:52.138029+00:00
[2023-11-01T14:00:52.168+0000] {processor.py:176} INFO - Processing /home/airflow/.local/lib/python3.7/site-packages/airflow/example_dags/example_latest_only.py took 0.128 seconds
[2023-11-01T14:01:28.294+0000] {processor.py:154} INFO - Started process (PID=325) to work on /home/airflow/.local/lib/python3.7/site-packages/airflow/example_dags/example_latest_only.py
[2023-11-01T14:01:28.307+0000] {processor.py:756} INFO - Processing file /home/airflow/.local/lib/python3.7/site-packages/airflow/example_dags/example_latest_only.py for tasks to queue
[2023-11-01T14:01:28.332+0000] {logging_mixin.py:120} INFO - [2023-11-01T14:01:28.332+0000] {dagbag.py:537} INFO - Filling up the DagBag from /home/airflow/.local/lib/python3.7/site-packages/airflow/example_dags/example_latest_only.py
[2023-11-01T14:01:28.382+0000] {processor.py:766} INFO - DAG(s) dict_keys(['latest_only']) retrieved from /home/airflow/.local/lib/python3.7/site-packages/airflow/example_dags/example_latest_only.py
[2023-11-01T14:01:28.663+0000] {logging_mixin.py:120} INFO - [2023-11-01T14:01:28.663+0000] {dag.py:2585} INFO - Sync 1 DAGs
[2023-11-01T14:01:28.789+0000] {logging_mixin.py:120} INFO - [2023-11-01T14:01:28.789+0000] {dag.py:3340} INFO - Setting next_dagrun for latest_only to 2023-11-01T10:01:28.788821+00:00, run_after=2023-11-01T14:01:28.788821+00:00
[2023-11-01T14:01:28.907+0000] {processor.py:176} INFO - Processing /home/airflow/.local/lib/python3.7/site-packages/airflow/example_dags/example_latest_only.py took 0.616 seconds
[2023-11-01T14:01:59.000+0000] {processor.py:154} INFO - Started process (PID=381) to work on /home/airflow/.local/lib/python3.7/site-packages/airflow/example_dags/example_latest_only.py
[2023-11-01T14:01:59.002+0000] {processor.py:756} INFO - Processing file /home/airflow/.local/lib/python3.7/site-packages/airflow/example_dags/example_latest_only.py for tasks to queue
[2023-11-01T14:01:59.004+0000] {logging_mixin.py:120} INFO - [2023-11-01T14:01:59.004+0000] {dagbag.py:537} INFO - Filling up the DagBag from /home/airflow/.local/lib/python3.7/site-packages/airflow/example_dags/example_latest_only.py
[2023-11-01T14:01:59.027+0000] {processor.py:766} INFO - DAG(s) dict_keys(['latest_only']) retrieved from /home/airflow/.local/lib/python3.7/site-packages/airflow/example_dags/example_latest_only.py
[2023-11-01T14:01:59.075+0000] {logging_mixin.py:120} INFO - [2023-11-01T14:01:59.075+0000] {dag.py:2585} INFO - Sync 1 DAGs
[2023-11-01T14:01:59.118+0000] {logging_mixin.py:120} INFO - [2023-11-01T14:01:59.118+0000] {dag.py:3340} INFO - Setting next_dagrun for latest_only to 2023-11-01T10:01:59.118473+00:00, run_after=2023-11-01T14:01:59.118473+00:00
[2023-11-01T14:01:59.149+0000] {processor.py:176} INFO - Processing /home/airflow/.local/lib/python3.7/site-packages/airflow/example_dags/example_latest_only.py took 0.152 seconds
[2023-11-01T14:02:29.388+0000] {processor.py:154} INFO - Started process (PID=446) to work on /home/airflow/.local/lib/python3.7/site-packages/airflow/example_dags/example_latest_only.py
[2023-11-01T14:02:29.390+0000] {processor.py:756} INFO - Processing file /home/airflow/.local/lib/python3.7/site-packages/airflow/example_dags/example_latest_only.py for tasks to queue
[2023-11-01T14:02:29.391+0000] {logging_mixin.py:120} INFO - [2023-11-01T14:02:29.391+0000] {dagbag.py:537} INFO - Filling up the DagBag from /home/airflow/.local/lib/python3.7/site-packages/airflow/example_dags/example_latest_only.py
[2023-11-01T14:02:29.414+0000] {processor.py:766} INFO - DAG(s) dict_keys(['latest_only']) retrieved from /home/airflow/.local/lib/python3.7/site-packages/airflow/example_dags/example_latest_only.py
[2023-11-01T14:02:29.498+0000] {logging_mixin.py:120} INFO - [2023-11-01T14:02:29.498+0000] {dag.py:2585} INFO - Sync 1 DAGs
[2023-11-01T14:02:29.536+0000] {logging_mixin.py:120} INFO - [2023-11-01T14:02:29.536+0000] {dag.py:3340} INFO - Setting next_dagrun for latest_only to 2023-11-01T10:02:29.535997+00:00, run_after=2023-11-01T14:02:29.535997+00:00
[2023-11-01T14:02:29.564+0000] {processor.py:176} INFO - Processing /home/airflow/.local/lib/python3.7/site-packages/airflow/example_dags/example_latest_only.py took 0.178 seconds
[2023-11-01T14:02:59.932+0000] {processor.py:154} INFO - Started process (PID=502) to work on /home/airflow/.local/lib/python3.7/site-packages/airflow/example_dags/example_latest_only.py
[2023-11-01T14:02:59.933+0000] {processor.py:756} INFO - Processing file /home/airflow/.local/lib/python3.7/site-packages/airflow/example_dags/example_latest_only.py for tasks to queue
[2023-11-01T14:02:59.934+0000] {logging_mixin.py:120} INFO - [2023-11-01T14:02:59.934+0000] {dagbag.py:537} INFO - Filling up the DagBag from /home/airflow/.local/lib/python3.7/site-packages/airflow/example_dags/example_latest_only.py
[2023-11-01T14:02:59.953+0000] {processor.py:766} INFO - DAG(s) dict_keys(['latest_only']) retrieved from /home/airflow/.local/lib/python3.7/site-packages/airflow/example_dags/example_latest_only.py
[2023-11-01T14:03:00.014+0000] {logging_mixin.py:120} INFO - [2023-11-01T14:03:00.014+0000] {dag.py:2585} INFO - Sync 1 DAGs
[2023-11-01T14:03:00.051+0000] {logging_mixin.py:120} INFO - [2023-11-01T14:03:00.050+0000] {dag.py:3340} INFO - Setting next_dagrun for latest_only to 2023-11-01T10:03:00.050518+00:00, run_after=2023-11-01T14:03:00.050518+00:00
[2023-11-01T14:03:00.081+0000] {processor.py:176} INFO - Processing /home/airflow/.local/lib/python3.7/site-packages/airflow/example_dags/example_latest_only.py took 0.152 seconds
[2023-11-01T14:03:30.646+0000] {processor.py:154} INFO - Started process (PID=567) to work on /home/airflow/.local/lib/python3.7/site-packages/airflow/example_dags/example_latest_only.py
[2023-11-01T14:03:30.647+0000] {processor.py:756} INFO - Processing file /home/airflow/.local/lib/python3.7/site-packages/airflow/example_dags/example_latest_only.py for tasks to queue
[2023-11-01T14:03:30.648+0000] {logging_mixin.py:120} INFO - [2023-11-01T14:03:30.648+0000] {dagbag.py:537} INFO - Filling up the DagBag from /home/airflow/.local/lib/python3.7/site-packages/airflow/example_dags/example_latest_only.py
[2023-11-01T14:03:30.664+0000] {processor.py:766} INFO - DAG(s) dict_keys(['latest_only']) retrieved from /home/airflow/.local/lib/python3.7/site-packages/airflow/example_dags/example_latest_only.py
[2023-11-01T14:03:30.714+0000] {logging_mixin.py:120} INFO - [2023-11-01T14:03:30.714+0000] {dag.py:2585} INFO - Sync 1 DAGs
[2023-11-01T14:03:30.748+0000] {logging_mixin.py:120} INFO - [2023-11-01T14:03:30.748+0000] {dag.py:3340} INFO - Setting next_dagrun for latest_only to 2023-11-01T10:03:30.748203+00:00, run_after=2023-11-01T14:03:30.748203+00:00
[2023-11-01T14:03:30.775+0000] {processor.py:176} INFO - Processing /home/airflow/.local/lib/python3.7/site-packages/airflow/example_dags/example_latest_only.py took 0.131 seconds
[2023-11-01T14:04:01.262+0000] {processor.py:154} INFO - Started process (PID=624) to work on /home/airflow/.local/lib/python3.7/site-packages/airflow/example_dags/example_latest_only.py
[2023-11-01T14:04:01.264+0000] {processor.py:756} INFO - Processing file /home/airflow/.local/lib/python3.7/site-packages/airflow/example_dags/example_latest_only.py for tasks to queue
[2023-11-01T14:04:01.266+0000] {logging_mixin.py:120} INFO - [2023-11-01T14:04:01.266+0000] {dagbag.py:537} INFO - Filling up the DagBag from /home/airflow/.local/lib/python3.7/site-packages/airflow/example_dags/example_latest_only.py
[2023-11-01T14:04:01.288+0000] {processor.py:766} INFO - DAG(s) dict_keys(['latest_only']) retrieved from /home/airflow/.local/lib/python3.7/site-packages/airflow/example_dags/example_latest_only.py
[2023-11-01T14:04:01.344+0000] {logging_mixin.py:120} INFO - [2023-11-01T14:04:01.344+0000] {dag.py:2585} INFO - Sync 1 DAGs
[2023-11-01T14:04:01.394+0000] {logging_mixin.py:120} INFO - [2023-11-01T14:04:01.394+0000] {dag.py:3340} INFO - Setting next_dagrun for latest_only to 2023-11-01T10:04:01.394242+00:00, run_after=2023-11-01T14:04:01.394242+00:00
[2023-11-01T14:04:01.423+0000] {processor.py:176} INFO - Processing /home/airflow/.local/lib/python3.7/site-packages/airflow/example_dags/example_latest_only.py took 0.166 seconds
[2023-11-01T14:04:32.318+0000] {processor.py:154} INFO - Started process (PID=688) to work on /home/airflow/.local/lib/python3.7/site-packages/airflow/example_dags/example_latest_only.py
[2023-11-01T14:04:32.319+0000] {processor.py:756} INFO - Processing file /home/airflow/.local/lib/python3.7/site-packages/airflow/example_dags/example_latest_only.py for tasks to queue
[2023-11-01T14:04:32.320+0000] {logging_mixin.py:120} INFO - [2023-11-01T14:04:32.320+0000] {dagbag.py:537} INFO - Filling up the DagBag from /home/airflow/.local/lib/python3.7/site-packages/airflow/example_dags/example_latest_only.py
[2023-11-01T14:04:32.338+0000] {processor.py:766} INFO - DAG(s) dict_keys(['latest_only']) retrieved from /home/airflow/.local/lib/python3.7/site-packages/airflow/example_dags/example_latest_only.py
[2023-11-01T14:04:32.383+0000] {logging_mixin.py:120} INFO - [2023-11-01T14:04:32.383+0000] {dag.py:2585} INFO - Sync 1 DAGs
[2023-11-01T14:04:32.427+0000] {logging_mixin.py:120} INFO - [2023-11-01T14:04:32.427+0000] {dag.py:3340} INFO - Setting next_dagrun for latest_only to 2023-11-01T10:04:32.426916+00:00, run_after=2023-11-01T14:04:32.426916+00:00
[2023-11-01T14:04:32.458+0000] {processor.py:176} INFO - Processing /home/airflow/.local/lib/python3.7/site-packages/airflow/example_dags/example_latest_only.py took 0.143 seconds
[2023-11-01T14:05:03.285+0000] {processor.py:154} INFO - Started process (PID=754) to work on /home/airflow/.local/lib/python3.7/site-packages/airflow/example_dags/example_latest_only.py
[2023-11-01T14:05:03.287+0000] {processor.py:756} INFO - Processing file /home/airflow/.local/lib/python3.7/site-packages/airflow/example_dags/example_latest_only.py for tasks to queue
[2023-11-01T14:05:03.288+0000] {logging_mixin.py:120} INFO - [2023-11-01T14:05:03.288+0000] {dagbag.py:537} INFO - Filling up the DagBag from /home/airflow/.local/lib/python3.7/site-packages/airflow/example_dags/example_latest_only.py
[2023-11-01T14:05:03.310+0000] {processor.py:766} INFO - DAG(s) dict_keys(['latest_only']) retrieved from /home/airflow/.local/lib/python3.7/site-packages/airflow/example_dags/example_latest_only.py
[2023-11-01T14:05:03.368+0000] {logging_mixin.py:120} INFO - [2023-11-01T14:05:03.368+0000] {dag.py:2585} INFO - Sync 1 DAGs
[2023-11-01T14:05:03.408+0000] {logging_mixin.py:120} INFO - [2023-11-01T14:05:03.408+0000] {dag.py:3340} INFO - Setting next_dagrun for latest_only to 2023-11-01T10:05:03.408068+00:00, run_after=2023-11-01T14:05:03.408068+00:00
[2023-11-01T14:05:03.448+0000] {processor.py:176} INFO - Processing /home/airflow/.local/lib/python3.7/site-packages/airflow/example_dags/example_latest_only.py took 0.168 seconds
[2023-11-01T14:05:33.504+0000] {processor.py:154} INFO - Started process (PID=809) to work on /home/airflow/.local/lib/python3.7/site-packages/airflow/example_dags/example_latest_only.py
[2023-11-01T14:05:33.506+0000] {processor.py:756} INFO - Processing file /home/airflow/.local/lib/python3.7/site-packages/airflow/example_dags/example_latest_only.py for tasks to queue
[2023-11-01T14:05:33.507+0000] {logging_mixin.py:120} INFO - [2023-11-01T14:05:33.507+0000] {dagbag.py:537} INFO - Filling up the DagBag from /home/airflow/.local/lib/python3.7/site-packages/airflow/example_dags/example_latest_only.py
[2023-11-01T14:05:33.521+0000] {processor.py:766} INFO - DAG(s) dict_keys(['latest_only']) retrieved from /home/airflow/.local/lib/python3.7/site-packages/airflow/example_dags/example_latest_only.py
[2023-11-01T14:05:33.567+0000] {logging_mixin.py:120} INFO - [2023-11-01T14:05:33.567+0000] {dag.py:2585} INFO - Sync 1 DAGs
[2023-11-01T14:05:33.606+0000] {logging_mixin.py:120} INFO - [2023-11-01T14:05:33.606+0000] {dag.py:3340} INFO - Setting next_dagrun for latest_only to 2023-11-01T10:05:33.605987+00:00, run_after=2023-11-01T14:05:33.605987+00:00
[2023-11-01T14:05:33.635+0000] {processor.py:176} INFO - Processing /home/airflow/.local/lib/python3.7/site-packages/airflow/example_dags/example_latest_only.py took 0.134 seconds
[2023-11-01T14:06:04.452+0000] {processor.py:154} INFO - Started process (PID=874) to work on /home/airflow/.local/lib/python3.7/site-packages/airflow/example_dags/example_latest_only.py
[2023-11-01T14:06:04.453+0000] {processor.py:756} INFO - Processing file /home/airflow/.local/lib/python3.7/site-packages/airflow/example_dags/example_latest_only.py for tasks to queue
[2023-11-01T14:06:04.455+0000] {logging_mixin.py:120} INFO - [2023-11-01T14:06:04.454+0000] {dagbag.py:537} INFO - Filling up the DagBag from /home/airflow/.local/lib/python3.7/site-packages/airflow/example_dags/example_latest_only.py
[2023-11-01T14:06:04.479+0000] {processor.py:766} INFO - DAG(s) dict_keys(['latest_only']) retrieved from /home/airflow/.local/lib/python3.7/site-packages/airflow/example_dags/example_latest_only.py
[2023-11-01T14:06:04.534+0000] {logging_mixin.py:120} INFO - [2023-11-01T14:06:04.534+0000] {dag.py:2585} INFO - Sync 1 DAGs
[2023-11-01T14:06:04.575+0000] {logging_mixin.py:120} INFO - [2023-11-01T14:06:04.575+0000] {dag.py:3340} INFO - Setting next_dagrun for latest_only to 2023-11-01T10:06:04.574822+00:00, run_after=2023-11-01T14:06:04.574822+00:00
[2023-11-01T14:06:04.610+0000] {processor.py:176} INFO - Processing /home/airflow/.local/lib/python3.7/site-packages/airflow/example_dags/example_latest_only.py took 0.162 seconds
[2023-11-01T14:06:34.827+0000] {processor.py:154} INFO - Started process (PID=931) to work on /home/airflow/.local/lib/python3.7/site-packages/airflow/example_dags/example_latest_only.py
[2023-11-01T14:06:34.828+0000] {processor.py:756} INFO - Processing file /home/airflow/.local/lib/python3.7/site-packages/airflow/example_dags/example_latest_only.py for tasks to queue
[2023-11-01T14:06:34.829+0000] {logging_mixin.py:120} INFO - [2023-11-01T14:06:34.829+0000] {dagbag.py:537} INFO - Filling up the DagBag from /home/airflow/.local/lib/python3.7/site-packages/airflow/example_dags/example_latest_only.py
[2023-11-01T14:06:34.848+0000] {processor.py:766} INFO - DAG(s) dict_keys(['latest_only']) retrieved from /home/airflow/.local/lib/python3.7/site-packages/airflow/example_dags/example_latest_only.py
[2023-11-01T14:06:34.904+0000] {logging_mixin.py:120} INFO - [2023-11-01T14:06:34.903+0000] {dag.py:2585} INFO - Sync 1 DAGs
[2023-11-01T14:06:34.948+0000] {logging_mixin.py:120} INFO - [2023-11-01T14:06:34.948+0000] {dag.py:3340} INFO - Setting next_dagrun for latest_only to 2023-11-01T10:06:34.947854+00:00, run_after=2023-11-01T14:06:34.947854+00:00
[2023-11-01T14:06:34.987+0000] {processor.py:176} INFO - Processing /home/airflow/.local/lib/python3.7/site-packages/airflow/example_dags/example_latest_only.py took 0.164 seconds
[2023-11-01T14:07:05.334+0000] {processor.py:154} INFO - Started process (PID=996) to work on /home/airflow/.local/lib/python3.7/site-packages/airflow/example_dags/example_latest_only.py
[2023-11-01T14:07:05.336+0000] {processor.py:756} INFO - Processing file /home/airflow/.local/lib/python3.7/site-packages/airflow/example_dags/example_latest_only.py for tasks to queue
[2023-11-01T14:07:05.337+0000] {logging_mixin.py:120} INFO - [2023-11-01T14:07:05.337+0000] {dagbag.py:537} INFO - Filling up the DagBag from /home/airflow/.local/lib/python3.7/site-packages/airflow/example_dags/example_latest_only.py
[2023-11-01T14:07:05.356+0000] {processor.py:766} INFO - DAG(s) dict_keys(['latest_only']) retrieved from /home/airflow/.local/lib/python3.7/site-packages/airflow/example_dags/example_latest_only.py
[2023-11-01T14:07:05.437+0000] {logging_mixin.py:120} INFO - [2023-11-01T14:07:05.437+0000] {dag.py:2585} INFO - Sync 1 DAGs
[2023-11-01T14:07:05.482+0000] {logging_mixin.py:120} INFO - [2023-11-01T14:07:05.481+0000] {dag.py:3340} INFO - Setting next_dagrun for latest_only to 2023-11-01T10:07:05.481524+00:00, run_after=2023-11-01T14:07:05.481524+00:00
[2023-11-01T14:07:05.538+0000] {processor.py:176} INFO - Processing /home/airflow/.local/lib/python3.7/site-packages/airflow/example_dags/example_latest_only.py took 0.208 seconds
