[2023-11-01T13:59:19.966+0000] {processor.py:154} INFO - Started process (PID=79) to work on /home/airflow/.local/lib/python3.7/site-packages/airflow/example_dags/example_short_circuit_operator.py
[2023-11-01T13:59:19.970+0000] {processor.py:756} INFO - Processing file /home/airflow/.local/lib/python3.7/site-packages/airflow/example_dags/example_short_circuit_operator.py for tasks to queue
[2023-11-01T13:59:19.973+0000] {logging_mixin.py:120} INFO - [2023-11-01T13:59:19.972+0000] {dagbag.py:537} INFO - Filling up the DagBag from /home/airflow/.local/lib/python3.7/site-packages/airflow/example_dags/example_short_circuit_operator.py
[2023-11-01T13:59:20.009+0000] {processor.py:766} INFO - DAG(s) dict_keys(['example_short_circuit_operator']) retrieved from /home/airflow/.local/lib/python3.7/site-packages/airflow/example_dags/example_short_circuit_operator.py
[2023-11-01T13:59:20.121+0000] {logging_mixin.py:120} INFO - [2023-11-01T13:59:20.121+0000] {dag.py:2585} INFO - Sync 1 DAGs
[2023-11-01T13:59:20.204+0000] {logging_mixin.py:120} INFO - [2023-11-01T13:59:20.204+0000] {dag.py:3340} INFO - Setting next_dagrun for example_short_circuit_operator to 2023-10-31T13:59:20.204451+00:00, run_after=2023-11-01T13:59:20.204451+00:00
[2023-11-01T13:59:20.295+0000] {processor.py:176} INFO - Processing /home/airflow/.local/lib/python3.7/site-packages/airflow/example_dags/example_short_circuit_operator.py took 0.333 seconds
[2023-11-01T13:59:50.667+0000] {processor.py:154} INFO - Started process (PID=137) to work on /home/airflow/.local/lib/python3.7/site-packages/airflow/example_dags/example_short_circuit_operator.py
[2023-11-01T13:59:50.668+0000] {processor.py:756} INFO - Processing file /home/airflow/.local/lib/python3.7/site-packages/airflow/example_dags/example_short_circuit_operator.py for tasks to queue
[2023-11-01T13:59:50.670+0000] {logging_mixin.py:120} INFO - [2023-11-01T13:59:50.670+0000] {dagbag.py:537} INFO - Filling up the DagBag from /home/airflow/.local/lib/python3.7/site-packages/airflow/example_dags/example_short_circuit_operator.py
[2023-11-01T13:59:50.694+0000] {processor.py:766} INFO - DAG(s) dict_keys(['example_short_circuit_operator']) retrieved from /home/airflow/.local/lib/python3.7/site-packages/airflow/example_dags/example_short_circuit_operator.py
[2023-11-01T13:59:50.745+0000] {logging_mixin.py:120} INFO - [2023-11-01T13:59:50.745+0000] {dag.py:2585} INFO - Sync 1 DAGs
[2023-11-01T13:59:50.781+0000] {logging_mixin.py:120} INFO - [2023-11-01T13:59:50.781+0000] {dag.py:3340} INFO - Setting next_dagrun for example_short_circuit_operator to 2023-10-31T13:59:50.780776+00:00, run_after=2023-11-01T13:59:50.780776+00:00
[2023-11-01T13:59:50.813+0000] {processor.py:176} INFO - Processing /home/airflow/.local/lib/python3.7/site-packages/airflow/example_dags/example_short_circuit_operator.py took 0.150 seconds
[2023-11-01T14:00:21.529+0000] {processor.py:154} INFO - Started process (PID=204) to work on /home/airflow/.local/lib/python3.7/site-packages/airflow/example_dags/example_short_circuit_operator.py
[2023-11-01T14:00:21.530+0000] {processor.py:756} INFO - Processing file /home/airflow/.local/lib/python3.7/site-packages/airflow/example_dags/example_short_circuit_operator.py for tasks to queue
[2023-11-01T14:00:21.532+0000] {logging_mixin.py:120} INFO - [2023-11-01T14:00:21.531+0000] {dagbag.py:537} INFO - Filling up the DagBag from /home/airflow/.local/lib/python3.7/site-packages/airflow/example_dags/example_short_circuit_operator.py
[2023-11-01T14:00:21.551+0000] {processor.py:766} INFO - DAG(s) dict_keys(['example_short_circuit_operator']) retrieved from /home/airflow/.local/lib/python3.7/site-packages/airflow/example_dags/example_short_circuit_operator.py
[2023-11-01T14:00:21.602+0000] {logging_mixin.py:120} INFO - [2023-11-01T14:00:21.602+0000] {dag.py:2585} INFO - Sync 1 DAGs
[2023-11-01T14:00:21.635+0000] {logging_mixin.py:120} INFO - [2023-11-01T14:00:21.635+0000] {dag.py:3340} INFO - Setting next_dagrun for example_short_circuit_operator to 2023-10-31T14:00:21.635513+00:00, run_after=2023-11-01T14:00:21.635513+00:00
[2023-11-01T14:00:21.666+0000] {processor.py:176} INFO - Processing /home/airflow/.local/lib/python3.7/site-packages/airflow/example_dags/example_short_circuit_operator.py took 0.140 seconds
[2023-11-01T14:00:52.354+0000] {processor.py:154} INFO - Started process (PID=261) to work on /home/airflow/.local/lib/python3.7/site-packages/airflow/example_dags/example_short_circuit_operator.py
[2023-11-01T14:00:52.355+0000] {processor.py:756} INFO - Processing file /home/airflow/.local/lib/python3.7/site-packages/airflow/example_dags/example_short_circuit_operator.py for tasks to queue
[2023-11-01T14:00:52.356+0000] {logging_mixin.py:120} INFO - [2023-11-01T14:00:52.356+0000] {dagbag.py:537} INFO - Filling up the DagBag from /home/airflow/.local/lib/python3.7/site-packages/airflow/example_dags/example_short_circuit_operator.py
[2023-11-01T14:00:52.374+0000] {processor.py:766} INFO - DAG(s) dict_keys(['example_short_circuit_operator']) retrieved from /home/airflow/.local/lib/python3.7/site-packages/airflow/example_dags/example_short_circuit_operator.py
[2023-11-01T14:00:52.425+0000] {logging_mixin.py:120} INFO - [2023-11-01T14:00:52.425+0000] {dag.py:2585} INFO - Sync 1 DAGs
[2023-11-01T14:00:52.457+0000] {logging_mixin.py:120} INFO - [2023-11-01T14:00:52.457+0000] {dag.py:3340} INFO - Setting next_dagrun for example_short_circuit_operator to 2023-10-31T14:00:52.457484+00:00, run_after=2023-11-01T14:00:52.457484+00:00
[2023-11-01T14:00:52.483+0000] {processor.py:176} INFO - Processing /home/airflow/.local/lib/python3.7/site-packages/airflow/example_dags/example_short_circuit_operator.py took 0.132 seconds
[2023-11-01T14:01:29.525+0000] {processor.py:154} INFO - Started process (PID=327) to work on /home/airflow/.local/lib/python3.7/site-packages/airflow/example_dags/example_short_circuit_operator.py
[2023-11-01T14:01:29.529+0000] {processor.py:756} INFO - Processing file /home/airflow/.local/lib/python3.7/site-packages/airflow/example_dags/example_short_circuit_operator.py for tasks to queue
[2023-11-01T14:01:29.531+0000] {logging_mixin.py:120} INFO - [2023-11-01T14:01:29.530+0000] {dagbag.py:537} INFO - Filling up the DagBag from /home/airflow/.local/lib/python3.7/site-packages/airflow/example_dags/example_short_circuit_operator.py
[2023-11-01T14:01:29.591+0000] {processor.py:766} INFO - DAG(s) dict_keys(['example_short_circuit_operator']) retrieved from /home/airflow/.local/lib/python3.7/site-packages/airflow/example_dags/example_short_circuit_operator.py
[2023-11-01T14:01:29.768+0000] {logging_mixin.py:120} INFO - [2023-11-01T14:01:29.768+0000] {dag.py:2585} INFO - Sync 1 DAGs
[2023-11-01T14:01:29.873+0000] {logging_mixin.py:120} INFO - [2023-11-01T14:01:29.872+0000] {dag.py:3340} INFO - Setting next_dagrun for example_short_circuit_operator to 2023-10-31T14:01:29.872657+00:00, run_after=2023-11-01T14:01:29.872657+00:00
[2023-11-01T14:01:30.004+0000] {processor.py:176} INFO - Processing /home/airflow/.local/lib/python3.7/site-packages/airflow/example_dags/example_short_circuit_operator.py took 0.482 seconds
[2023-11-01T14:02:00.199+0000] {processor.py:154} INFO - Started process (PID=384) to work on /home/airflow/.local/lib/python3.7/site-packages/airflow/example_dags/example_short_circuit_operator.py
[2023-11-01T14:02:00.201+0000] {processor.py:756} INFO - Processing file /home/airflow/.local/lib/python3.7/site-packages/airflow/example_dags/example_short_circuit_operator.py for tasks to queue
[2023-11-01T14:02:00.202+0000] {logging_mixin.py:120} INFO - [2023-11-01T14:02:00.202+0000] {dagbag.py:537} INFO - Filling up the DagBag from /home/airflow/.local/lib/python3.7/site-packages/airflow/example_dags/example_short_circuit_operator.py
[2023-11-01T14:02:00.222+0000] {processor.py:766} INFO - DAG(s) dict_keys(['example_short_circuit_operator']) retrieved from /home/airflow/.local/lib/python3.7/site-packages/airflow/example_dags/example_short_circuit_operator.py
[2023-11-01T14:02:00.277+0000] {logging_mixin.py:120} INFO - [2023-11-01T14:02:00.277+0000] {dag.py:2585} INFO - Sync 1 DAGs
[2023-11-01T14:02:00.318+0000] {logging_mixin.py:120} INFO - [2023-11-01T14:02:00.318+0000] {dag.py:3340} INFO - Setting next_dagrun for example_short_circuit_operator to 2023-10-31T14:02:00.318014+00:00, run_after=2023-11-01T14:02:00.318014+00:00
[2023-11-01T14:02:00.392+0000] {processor.py:176} INFO - Processing /home/airflow/.local/lib/python3.7/site-packages/airflow/example_dags/example_short_circuit_operator.py took 0.196 seconds
[2023-11-01T14:02:30.606+0000] {processor.py:154} INFO - Started process (PID=449) to work on /home/airflow/.local/lib/python3.7/site-packages/airflow/example_dags/example_short_circuit_operator.py
[2023-11-01T14:02:30.607+0000] {processor.py:756} INFO - Processing file /home/airflow/.local/lib/python3.7/site-packages/airflow/example_dags/example_short_circuit_operator.py for tasks to queue
[2023-11-01T14:02:30.609+0000] {logging_mixin.py:120} INFO - [2023-11-01T14:02:30.609+0000] {dagbag.py:537} INFO - Filling up the DagBag from /home/airflow/.local/lib/python3.7/site-packages/airflow/example_dags/example_short_circuit_operator.py
[2023-11-01T14:02:30.629+0000] {processor.py:766} INFO - DAG(s) dict_keys(['example_short_circuit_operator']) retrieved from /home/airflow/.local/lib/python3.7/site-packages/airflow/example_dags/example_short_circuit_operator.py
[2023-11-01T14:02:30.677+0000] {logging_mixin.py:120} INFO - [2023-11-01T14:02:30.677+0000] {dag.py:2585} INFO - Sync 1 DAGs
[2023-11-01T14:02:30.711+0000] {logging_mixin.py:120} INFO - [2023-11-01T14:02:30.710+0000] {dag.py:3340} INFO - Setting next_dagrun for example_short_circuit_operator to 2023-10-31T14:02:30.710717+00:00, run_after=2023-11-01T14:02:30.710717+00:00
[2023-11-01T14:02:30.740+0000] {processor.py:176} INFO - Processing /home/airflow/.local/lib/python3.7/site-packages/airflow/example_dags/example_short_circuit_operator.py took 0.141 seconds
[2023-11-01T14:03:00.971+0000] {processor.py:154} INFO - Started process (PID=504) to work on /home/airflow/.local/lib/python3.7/site-packages/airflow/example_dags/example_short_circuit_operator.py
[2023-11-01T14:03:00.973+0000] {processor.py:756} INFO - Processing file /home/airflow/.local/lib/python3.7/site-packages/airflow/example_dags/example_short_circuit_operator.py for tasks to queue
[2023-11-01T14:03:00.976+0000] {logging_mixin.py:120} INFO - [2023-11-01T14:03:00.976+0000] {dagbag.py:537} INFO - Filling up the DagBag from /home/airflow/.local/lib/python3.7/site-packages/airflow/example_dags/example_short_circuit_operator.py
[2023-11-01T14:03:01.010+0000] {processor.py:766} INFO - DAG(s) dict_keys(['example_short_circuit_operator']) retrieved from /home/airflow/.local/lib/python3.7/site-packages/airflow/example_dags/example_short_circuit_operator.py
[2023-11-01T14:03:01.085+0000] {logging_mixin.py:120} INFO - [2023-11-01T14:03:01.084+0000] {dag.py:2585} INFO - Sync 1 DAGs
[2023-11-01T14:03:01.151+0000] {logging_mixin.py:120} INFO - [2023-11-01T14:03:01.151+0000] {dag.py:3340} INFO - Setting next_dagrun for example_short_circuit_operator to 2023-10-31T14:03:01.149142+00:00, run_after=2023-11-01T14:03:01.149142+00:00
[2023-11-01T14:03:01.206+0000] {processor.py:176} INFO - Processing /home/airflow/.local/lib/python3.7/site-packages/airflow/example_dags/example_short_circuit_operator.py took 0.239 seconds
[2023-11-01T14:03:31.655+0000] {processor.py:154} INFO - Started process (PID=569) to work on /home/airflow/.local/lib/python3.7/site-packages/airflow/example_dags/example_short_circuit_operator.py
[2023-11-01T14:03:31.656+0000] {processor.py:756} INFO - Processing file /home/airflow/.local/lib/python3.7/site-packages/airflow/example_dags/example_short_circuit_operator.py for tasks to queue
[2023-11-01T14:03:31.657+0000] {logging_mixin.py:120} INFO - [2023-11-01T14:03:31.657+0000] {dagbag.py:537} INFO - Filling up the DagBag from /home/airflow/.local/lib/python3.7/site-packages/airflow/example_dags/example_short_circuit_operator.py
[2023-11-01T14:03:31.678+0000] {processor.py:766} INFO - DAG(s) dict_keys(['example_short_circuit_operator']) retrieved from /home/airflow/.local/lib/python3.7/site-packages/airflow/example_dags/example_short_circuit_operator.py
[2023-11-01T14:03:31.724+0000] {logging_mixin.py:120} INFO - [2023-11-01T14:03:31.723+0000] {dag.py:2585} INFO - Sync 1 DAGs
[2023-11-01T14:03:31.755+0000] {logging_mixin.py:120} INFO - [2023-11-01T14:03:31.755+0000] {dag.py:3340} INFO - Setting next_dagrun for example_short_circuit_operator to 2023-10-31T14:03:31.754925+00:00, run_after=2023-11-01T14:03:31.754925+00:00
[2023-11-01T14:03:31.785+0000] {processor.py:176} INFO - Processing /home/airflow/.local/lib/python3.7/site-packages/airflow/example_dags/example_short_circuit_operator.py took 0.133 seconds
[2023-11-01T14:04:02.502+0000] {processor.py:154} INFO - Started process (PID=635) to work on /home/airflow/.local/lib/python3.7/site-packages/airflow/example_dags/example_short_circuit_operator.py
[2023-11-01T14:04:02.503+0000] {processor.py:756} INFO - Processing file /home/airflow/.local/lib/python3.7/site-packages/airflow/example_dags/example_short_circuit_operator.py for tasks to queue
[2023-11-01T14:04:02.505+0000] {logging_mixin.py:120} INFO - [2023-11-01T14:04:02.505+0000] {dagbag.py:537} INFO - Filling up the DagBag from /home/airflow/.local/lib/python3.7/site-packages/airflow/example_dags/example_short_circuit_operator.py
[2023-11-01T14:04:02.536+0000] {processor.py:766} INFO - DAG(s) dict_keys(['example_short_circuit_operator']) retrieved from /home/airflow/.local/lib/python3.7/site-packages/airflow/example_dags/example_short_circuit_operator.py
[2023-11-01T14:04:02.603+0000] {logging_mixin.py:120} INFO - [2023-11-01T14:04:02.603+0000] {dag.py:2585} INFO - Sync 1 DAGs
[2023-11-01T14:04:02.644+0000] {logging_mixin.py:120} INFO - [2023-11-01T14:04:02.644+0000] {dag.py:3340} INFO - Setting next_dagrun for example_short_circuit_operator to 2023-10-31T14:04:02.643929+00:00, run_after=2023-11-01T14:04:02.643929+00:00
[2023-11-01T14:04:02.681+0000] {processor.py:176} INFO - Processing /home/airflow/.local/lib/python3.7/site-packages/airflow/example_dags/example_short_circuit_operator.py took 0.183 seconds
[2023-11-01T14:04:33.136+0000] {processor.py:154} INFO - Started process (PID=691) to work on /home/airflow/.local/lib/python3.7/site-packages/airflow/example_dags/example_short_circuit_operator.py
[2023-11-01T14:04:33.137+0000] {processor.py:756} INFO - Processing file /home/airflow/.local/lib/python3.7/site-packages/airflow/example_dags/example_short_circuit_operator.py for tasks to queue
[2023-11-01T14:04:33.139+0000] {logging_mixin.py:120} INFO - [2023-11-01T14:04:33.138+0000] {dagbag.py:537} INFO - Filling up the DagBag from /home/airflow/.local/lib/python3.7/site-packages/airflow/example_dags/example_short_circuit_operator.py
[2023-11-01T14:04:33.157+0000] {processor.py:766} INFO - DAG(s) dict_keys(['example_short_circuit_operator']) retrieved from /home/airflow/.local/lib/python3.7/site-packages/airflow/example_dags/example_short_circuit_operator.py
[2023-11-01T14:04:33.208+0000] {logging_mixin.py:120} INFO - [2023-11-01T14:04:33.208+0000] {dag.py:2585} INFO - Sync 1 DAGs
[2023-11-01T14:04:33.250+0000] {logging_mixin.py:120} INFO - [2023-11-01T14:04:33.250+0000] {dag.py:3340} INFO - Setting next_dagrun for example_short_circuit_operator to 2023-10-31T14:04:33.250350+00:00, run_after=2023-11-01T14:04:33.250350+00:00
[2023-11-01T14:04:33.279+0000] {processor.py:176} INFO - Processing /home/airflow/.local/lib/python3.7/site-packages/airflow/example_dags/example_short_circuit_operator.py took 0.147 seconds
[2023-11-01T14:05:03.733+0000] {processor.py:154} INFO - Started process (PID=757) to work on /home/airflow/.local/lib/python3.7/site-packages/airflow/example_dags/example_short_circuit_operator.py
[2023-11-01T14:05:03.735+0000] {processor.py:756} INFO - Processing file /home/airflow/.local/lib/python3.7/site-packages/airflow/example_dags/example_short_circuit_operator.py for tasks to queue
[2023-11-01T14:05:03.736+0000] {logging_mixin.py:120} INFO - [2023-11-01T14:05:03.736+0000] {dagbag.py:537} INFO - Filling up the DagBag from /home/airflow/.local/lib/python3.7/site-packages/airflow/example_dags/example_short_circuit_operator.py
[2023-11-01T14:05:03.755+0000] {processor.py:766} INFO - DAG(s) dict_keys(['example_short_circuit_operator']) retrieved from /home/airflow/.local/lib/python3.7/site-packages/airflow/example_dags/example_short_circuit_operator.py
[2023-11-01T14:05:03.815+0000] {logging_mixin.py:120} INFO - [2023-11-01T14:05:03.815+0000] {dag.py:2585} INFO - Sync 1 DAGs
[2023-11-01T14:05:03.853+0000] {logging_mixin.py:120} INFO - [2023-11-01T14:05:03.853+0000] {dag.py:3340} INFO - Setting next_dagrun for example_short_circuit_operator to 2023-10-31T14:05:03.852919+00:00, run_after=2023-11-01T14:05:03.852919+00:00
[2023-11-01T14:05:03.887+0000] {processor.py:176} INFO - Processing /home/airflow/.local/lib/python3.7/site-packages/airflow/example_dags/example_short_circuit_operator.py took 0.157 seconds
[2023-11-01T14:05:34.779+0000] {processor.py:154} INFO - Started process (PID=812) to work on /home/airflow/.local/lib/python3.7/site-packages/airflow/example_dags/example_short_circuit_operator.py
[2023-11-01T14:05:34.781+0000] {processor.py:756} INFO - Processing file /home/airflow/.local/lib/python3.7/site-packages/airflow/example_dags/example_short_circuit_operator.py for tasks to queue
[2023-11-01T14:05:34.783+0000] {logging_mixin.py:120} INFO - [2023-11-01T14:05:34.782+0000] {dagbag.py:537} INFO - Filling up the DagBag from /home/airflow/.local/lib/python3.7/site-packages/airflow/example_dags/example_short_circuit_operator.py
[2023-11-01T14:05:34.806+0000] {processor.py:766} INFO - DAG(s) dict_keys(['example_short_circuit_operator']) retrieved from /home/airflow/.local/lib/python3.7/site-packages/airflow/example_dags/example_short_circuit_operator.py
[2023-11-01T14:05:34.860+0000] {logging_mixin.py:120} INFO - [2023-11-01T14:05:34.860+0000] {dag.py:2585} INFO - Sync 1 DAGs
[2023-11-01T14:05:34.896+0000] {logging_mixin.py:120} INFO - [2023-11-01T14:05:34.895+0000] {dag.py:3340} INFO - Setting next_dagrun for example_short_circuit_operator to 2023-10-31T14:05:34.895677+00:00, run_after=2023-11-01T14:05:34.895677+00:00
[2023-11-01T14:05:34.926+0000] {processor.py:176} INFO - Processing /home/airflow/.local/lib/python3.7/site-packages/airflow/example_dags/example_short_circuit_operator.py took 0.149 seconds
[2023-11-01T14:06:05.747+0000] {processor.py:154} INFO - Started process (PID=878) to work on /home/airflow/.local/lib/python3.7/site-packages/airflow/example_dags/example_short_circuit_operator.py
[2023-11-01T14:06:05.751+0000] {processor.py:756} INFO - Processing file /home/airflow/.local/lib/python3.7/site-packages/airflow/example_dags/example_short_circuit_operator.py for tasks to queue
[2023-11-01T14:06:05.752+0000] {logging_mixin.py:120} INFO - [2023-11-01T14:06:05.752+0000] {dagbag.py:537} INFO - Filling up the DagBag from /home/airflow/.local/lib/python3.7/site-packages/airflow/example_dags/example_short_circuit_operator.py
[2023-11-01T14:06:05.778+0000] {processor.py:766} INFO - DAG(s) dict_keys(['example_short_circuit_operator']) retrieved from /home/airflow/.local/lib/python3.7/site-packages/airflow/example_dags/example_short_circuit_operator.py
[2023-11-01T14:06:05.841+0000] {logging_mixin.py:120} INFO - [2023-11-01T14:06:05.841+0000] {dag.py:2585} INFO - Sync 1 DAGs
[2023-11-01T14:06:05.881+0000] {logging_mixin.py:120} INFO - [2023-11-01T14:06:05.881+0000] {dag.py:3340} INFO - Setting next_dagrun for example_short_circuit_operator to 2023-10-31T14:06:05.881403+00:00, run_after=2023-11-01T14:06:05.881403+00:00
[2023-11-01T14:06:05.920+0000] {processor.py:176} INFO - Processing /home/airflow/.local/lib/python3.7/site-packages/airflow/example_dags/example_short_circuit_operator.py took 0.176 seconds
[2023-11-01T14:06:36.018+0000] {processor.py:154} INFO - Started process (PID=933) to work on /home/airflow/.local/lib/python3.7/site-packages/airflow/example_dags/example_short_circuit_operator.py
[2023-11-01T14:06:36.020+0000] {processor.py:756} INFO - Processing file /home/airflow/.local/lib/python3.7/site-packages/airflow/example_dags/example_short_circuit_operator.py for tasks to queue
[2023-11-01T14:06:36.021+0000] {logging_mixin.py:120} INFO - [2023-11-01T14:06:36.020+0000] {dagbag.py:537} INFO - Filling up the DagBag from /home/airflow/.local/lib/python3.7/site-packages/airflow/example_dags/example_short_circuit_operator.py
[2023-11-01T14:06:36.041+0000] {processor.py:766} INFO - DAG(s) dict_keys(['example_short_circuit_operator']) retrieved from /home/airflow/.local/lib/python3.7/site-packages/airflow/example_dags/example_short_circuit_operator.py
[2023-11-01T14:06:36.088+0000] {logging_mixin.py:120} INFO - [2023-11-01T14:06:36.088+0000] {dag.py:2585} INFO - Sync 1 DAGs
[2023-11-01T14:06:36.124+0000] {logging_mixin.py:120} INFO - [2023-11-01T14:06:36.124+0000] {dag.py:3340} INFO - Setting next_dagrun for example_short_circuit_operator to 2023-10-31T14:06:36.124470+00:00, run_after=2023-11-01T14:06:36.124470+00:00
[2023-11-01T14:06:36.159+0000] {processor.py:176} INFO - Processing /home/airflow/.local/lib/python3.7/site-packages/airflow/example_dags/example_short_circuit_operator.py took 0.144 seconds
[2023-11-01T14:07:06.408+0000] {processor.py:154} INFO - Started process (PID=998) to work on /home/airflow/.local/lib/python3.7/site-packages/airflow/example_dags/example_short_circuit_operator.py
[2023-11-01T14:07:06.409+0000] {processor.py:756} INFO - Processing file /home/airflow/.local/lib/python3.7/site-packages/airflow/example_dags/example_short_circuit_operator.py for tasks to queue
[2023-11-01T14:07:06.411+0000] {logging_mixin.py:120} INFO - [2023-11-01T14:07:06.410+0000] {dagbag.py:537} INFO - Filling up the DagBag from /home/airflow/.local/lib/python3.7/site-packages/airflow/example_dags/example_short_circuit_operator.py
[2023-11-01T14:07:06.450+0000] {processor.py:766} INFO - DAG(s) dict_keys(['example_short_circuit_operator']) retrieved from /home/airflow/.local/lib/python3.7/site-packages/airflow/example_dags/example_short_circuit_operator.py
[2023-11-01T14:07:06.570+0000] {logging_mixin.py:120} INFO - [2023-11-01T14:07:06.570+0000] {dag.py:2585} INFO - Sync 1 DAGs
[2023-11-01T14:07:06.639+0000] {logging_mixin.py:120} INFO - [2023-11-01T14:07:06.639+0000] {dag.py:3340} INFO - Setting next_dagrun for example_short_circuit_operator to 2023-10-31T14:07:06.639178+00:00, run_after=2023-11-01T14:07:06.639178+00:00
[2023-11-01T14:07:06.694+0000] {processor.py:176} INFO - Processing /home/airflow/.local/lib/python3.7/site-packages/airflow/example_dags/example_short_circuit_operator.py took 0.289 seconds
