[2023-11-01T13:59:18.271+0000] {processor.py:154} INFO - Started process (PID=62) to work on /home/airflow/.local/lib/python3.7/site-packages/airflow/example_dags/example_local_kubernetes_executor.py
[2023-11-01T13:59:18.273+0000] {processor.py:756} INFO - Processing file /home/airflow/.local/lib/python3.7/site-packages/airflow/example_dags/example_local_kubernetes_executor.py for tasks to queue
[2023-11-01T13:59:18.274+0000] {logging_mixin.py:120} INFO - [2023-11-01T13:59:18.274+0000] {dagbag.py:537} INFO - Filling up the DagBag from /home/airflow/.local/lib/python3.7/site-packages/airflow/example_dags/example_local_kubernetes_executor.py
[2023-11-01T13:59:18.305+0000] {processor.py:766} INFO - DAG(s) dict_keys(['example_local_kubernetes_executor']) retrieved from /home/airflow/.local/lib/python3.7/site-packages/airflow/example_dags/example_local_kubernetes_executor.py
[2023-11-01T13:59:18.352+0000] {logging_mixin.py:120} INFO - [2023-11-01T13:59:18.352+0000] {dag.py:2585} INFO - Sync 1 DAGs
[2023-11-01T13:59:18.388+0000] {logging_mixin.py:120} INFO - [2023-11-01T13:59:18.388+0000] {dag.py:3340} INFO - Setting next_dagrun for example_local_kubernetes_executor to None, run_after=None
[2023-11-01T13:59:18.419+0000] {processor.py:176} INFO - Processing /home/airflow/.local/lib/python3.7/site-packages/airflow/example_dags/example_local_kubernetes_executor.py took 0.152 seconds
[2023-11-01T13:59:48.842+0000] {processor.py:154} INFO - Started process (PID=128) to work on /home/airflow/.local/lib/python3.7/site-packages/airflow/example_dags/example_local_kubernetes_executor.py
[2023-11-01T13:59:48.844+0000] {processor.py:756} INFO - Processing file /home/airflow/.local/lib/python3.7/site-packages/airflow/example_dags/example_local_kubernetes_executor.py for tasks to queue
[2023-11-01T13:59:48.845+0000] {logging_mixin.py:120} INFO - [2023-11-01T13:59:48.845+0000] {dagbag.py:537} INFO - Filling up the DagBag from /home/airflow/.local/lib/python3.7/site-packages/airflow/example_dags/example_local_kubernetes_executor.py
[2023-11-01T13:59:48.873+0000] {processor.py:766} INFO - DAG(s) dict_keys(['example_local_kubernetes_executor']) retrieved from /home/airflow/.local/lib/python3.7/site-packages/airflow/example_dags/example_local_kubernetes_executor.py
[2023-11-01T13:59:48.915+0000] {logging_mixin.py:120} INFO - [2023-11-01T13:59:48.915+0000] {dag.py:2585} INFO - Sync 1 DAGs
[2023-11-01T13:59:48.949+0000] {logging_mixin.py:120} INFO - [2023-11-01T13:59:48.949+0000] {dag.py:3340} INFO - Setting next_dagrun for example_local_kubernetes_executor to None, run_after=None
[2023-11-01T13:59:48.977+0000] {processor.py:176} INFO - Processing /home/airflow/.local/lib/python3.7/site-packages/airflow/example_dags/example_local_kubernetes_executor.py took 0.137 seconds
[2023-11-01T14:00:19.112+0000] {processor.py:154} INFO - Started process (PID=185) to work on /home/airflow/.local/lib/python3.7/site-packages/airflow/example_dags/example_local_kubernetes_executor.py
[2023-11-01T14:00:19.114+0000] {processor.py:756} INFO - Processing file /home/airflow/.local/lib/python3.7/site-packages/airflow/example_dags/example_local_kubernetes_executor.py for tasks to queue
[2023-11-01T14:00:19.115+0000] {logging_mixin.py:120} INFO - [2023-11-01T14:00:19.115+0000] {dagbag.py:537} INFO - Filling up the DagBag from /home/airflow/.local/lib/python3.7/site-packages/airflow/example_dags/example_local_kubernetes_executor.py
[2023-11-01T14:00:19.142+0000] {processor.py:766} INFO - DAG(s) dict_keys(['example_local_kubernetes_executor']) retrieved from /home/airflow/.local/lib/python3.7/site-packages/airflow/example_dags/example_local_kubernetes_executor.py
[2023-11-01T14:00:19.203+0000] {logging_mixin.py:120} INFO - [2023-11-01T14:00:19.203+0000] {dag.py:2585} INFO - Sync 1 DAGs
[2023-11-01T14:00:19.242+0000] {logging_mixin.py:120} INFO - [2023-11-01T14:00:19.241+0000] {dag.py:3340} INFO - Setting next_dagrun for example_local_kubernetes_executor to None, run_after=None
[2023-11-01T14:00:19.273+0000] {processor.py:176} INFO - Processing /home/airflow/.local/lib/python3.7/site-packages/airflow/example_dags/example_local_kubernetes_executor.py took 0.164 seconds
[2023-11-01T14:00:49.320+0000] {processor.py:154} INFO - Started process (PID=250) to work on /home/airflow/.local/lib/python3.7/site-packages/airflow/example_dags/example_local_kubernetes_executor.py
[2023-11-01T14:00:49.322+0000] {processor.py:756} INFO - Processing file /home/airflow/.local/lib/python3.7/site-packages/airflow/example_dags/example_local_kubernetes_executor.py for tasks to queue
[2023-11-01T14:00:49.322+0000] {logging_mixin.py:120} INFO - [2023-11-01T14:00:49.322+0000] {dagbag.py:537} INFO - Filling up the DagBag from /home/airflow/.local/lib/python3.7/site-packages/airflow/example_dags/example_local_kubernetes_executor.py
[2023-11-01T14:00:49.344+0000] {processor.py:766} INFO - DAG(s) dict_keys(['example_local_kubernetes_executor']) retrieved from /home/airflow/.local/lib/python3.7/site-packages/airflow/example_dags/example_local_kubernetes_executor.py
[2023-11-01T14:00:49.389+0000] {logging_mixin.py:120} INFO - [2023-11-01T14:00:49.389+0000] {dag.py:2585} INFO - Sync 1 DAGs
[2023-11-01T14:00:49.419+0000] {logging_mixin.py:120} INFO - [2023-11-01T14:00:49.419+0000] {dag.py:3340} INFO - Setting next_dagrun for example_local_kubernetes_executor to None, run_after=None
[2023-11-01T14:00:49.444+0000] {processor.py:176} INFO - Processing /home/airflow/.local/lib/python3.7/site-packages/airflow/example_dags/example_local_kubernetes_executor.py took 0.126 seconds
[2023-11-01T14:01:25.149+0000] {processor.py:154} INFO - Started process (PID=318) to work on /home/airflow/.local/lib/python3.7/site-packages/airflow/example_dags/example_local_kubernetes_executor.py
[2023-11-01T14:01:25.192+0000] {processor.py:756} INFO - Processing file /home/airflow/.local/lib/python3.7/site-packages/airflow/example_dags/example_local_kubernetes_executor.py for tasks to queue
[2023-11-01T14:01:25.195+0000] {logging_mixin.py:120} INFO - [2023-11-01T14:01:25.194+0000] {dagbag.py:537} INFO - Filling up the DagBag from /home/airflow/.local/lib/python3.7/site-packages/airflow/example_dags/example_local_kubernetes_executor.py
[2023-11-01T14:01:25.278+0000] {processor.py:766} INFO - DAG(s) dict_keys(['example_local_kubernetes_executor']) retrieved from /home/airflow/.local/lib/python3.7/site-packages/airflow/example_dags/example_local_kubernetes_executor.py
[2023-11-01T14:01:25.421+0000] {logging_mixin.py:120} INFO - [2023-11-01T14:01:25.411+0000] {dag.py:2585} INFO - Sync 1 DAGs
[2023-11-01T14:01:25.537+0000] {logging_mixin.py:120} INFO - [2023-11-01T14:01:25.536+0000] {dag.py:3340} INFO - Setting next_dagrun for example_local_kubernetes_executor to None, run_after=None
[2023-11-01T14:01:25.617+0000] {processor.py:176} INFO - Processing /home/airflow/.local/lib/python3.7/site-packages/airflow/example_dags/example_local_kubernetes_executor.py took 0.478 seconds
[2023-11-01T14:01:56.091+0000] {processor.py:154} INFO - Started process (PID=375) to work on /home/airflow/.local/lib/python3.7/site-packages/airflow/example_dags/example_local_kubernetes_executor.py
[2023-11-01T14:01:56.092+0000] {processor.py:756} INFO - Processing file /home/airflow/.local/lib/python3.7/site-packages/airflow/example_dags/example_local_kubernetes_executor.py for tasks to queue
[2023-11-01T14:01:56.093+0000] {logging_mixin.py:120} INFO - [2023-11-01T14:01:56.093+0000] {dagbag.py:537} INFO - Filling up the DagBag from /home/airflow/.local/lib/python3.7/site-packages/airflow/example_dags/example_local_kubernetes_executor.py
[2023-11-01T14:01:56.119+0000] {processor.py:766} INFO - DAG(s) dict_keys(['example_local_kubernetes_executor']) retrieved from /home/airflow/.local/lib/python3.7/site-packages/airflow/example_dags/example_local_kubernetes_executor.py
[2023-11-01T14:01:56.166+0000] {logging_mixin.py:120} INFO - [2023-11-01T14:01:56.166+0000] {dag.py:2585} INFO - Sync 1 DAGs
[2023-11-01T14:01:56.203+0000] {logging_mixin.py:120} INFO - [2023-11-01T14:01:56.202+0000] {dag.py:3340} INFO - Setting next_dagrun for example_local_kubernetes_executor to None, run_after=None
[2023-11-01T14:01:56.232+0000] {processor.py:176} INFO - Processing /home/airflow/.local/lib/python3.7/site-packages/airflow/example_dags/example_local_kubernetes_executor.py took 0.145 seconds
[2023-11-01T14:02:26.645+0000] {processor.py:154} INFO - Started process (PID=436) to work on /home/airflow/.local/lib/python3.7/site-packages/airflow/example_dags/example_local_kubernetes_executor.py
[2023-11-01T14:02:26.647+0000] {processor.py:756} INFO - Processing file /home/airflow/.local/lib/python3.7/site-packages/airflow/example_dags/example_local_kubernetes_executor.py for tasks to queue
[2023-11-01T14:02:26.649+0000] {logging_mixin.py:120} INFO - [2023-11-01T14:02:26.649+0000] {dagbag.py:537} INFO - Filling up the DagBag from /home/airflow/.local/lib/python3.7/site-packages/airflow/example_dags/example_local_kubernetes_executor.py
[2023-11-01T14:02:26.686+0000] {processor.py:766} INFO - DAG(s) dict_keys(['example_local_kubernetes_executor']) retrieved from /home/airflow/.local/lib/python3.7/site-packages/airflow/example_dags/example_local_kubernetes_executor.py
[2023-11-01T14:02:26.739+0000] {logging_mixin.py:120} INFO - [2023-11-01T14:02:26.738+0000] {dag.py:2585} INFO - Sync 1 DAGs
[2023-11-01T14:02:26.777+0000] {logging_mixin.py:120} INFO - [2023-11-01T14:02:26.777+0000] {dag.py:3340} INFO - Setting next_dagrun for example_local_kubernetes_executor to None, run_after=None
[2023-11-01T14:02:26.818+0000] {processor.py:176} INFO - Processing /home/airflow/.local/lib/python3.7/site-packages/airflow/example_dags/example_local_kubernetes_executor.py took 0.177 seconds
[2023-11-01T14:02:56.870+0000] {processor.py:154} INFO - Started process (PID=494) to work on /home/airflow/.local/lib/python3.7/site-packages/airflow/example_dags/example_local_kubernetes_executor.py
[2023-11-01T14:02:56.872+0000] {processor.py:756} INFO - Processing file /home/airflow/.local/lib/python3.7/site-packages/airflow/example_dags/example_local_kubernetes_executor.py for tasks to queue
[2023-11-01T14:02:56.873+0000] {logging_mixin.py:120} INFO - [2023-11-01T14:02:56.873+0000] {dagbag.py:537} INFO - Filling up the DagBag from /home/airflow/.local/lib/python3.7/site-packages/airflow/example_dags/example_local_kubernetes_executor.py
[2023-11-01T14:02:56.897+0000] {processor.py:766} INFO - DAG(s) dict_keys(['example_local_kubernetes_executor']) retrieved from /home/airflow/.local/lib/python3.7/site-packages/airflow/example_dags/example_local_kubernetes_executor.py
[2023-11-01T14:02:56.947+0000] {logging_mixin.py:120} INFO - [2023-11-01T14:02:56.947+0000] {dag.py:2585} INFO - Sync 1 DAGs
[2023-11-01T14:02:56.979+0000] {logging_mixin.py:120} INFO - [2023-11-01T14:02:56.979+0000] {dag.py:3340} INFO - Setting next_dagrun for example_local_kubernetes_executor to None, run_after=None
[2023-11-01T14:02:57.007+0000] {processor.py:176} INFO - Processing /home/airflow/.local/lib/python3.7/site-packages/airflow/example_dags/example_local_kubernetes_executor.py took 0.139 seconds
[2023-11-01T14:03:27.818+0000] {processor.py:154} INFO - Started process (PID=559) to work on /home/airflow/.local/lib/python3.7/site-packages/airflow/example_dags/example_local_kubernetes_executor.py
[2023-11-01T14:03:27.819+0000] {processor.py:756} INFO - Processing file /home/airflow/.local/lib/python3.7/site-packages/airflow/example_dags/example_local_kubernetes_executor.py for tasks to queue
[2023-11-01T14:03:27.821+0000] {logging_mixin.py:120} INFO - [2023-11-01T14:03:27.820+0000] {dagbag.py:537} INFO - Filling up the DagBag from /home/airflow/.local/lib/python3.7/site-packages/airflow/example_dags/example_local_kubernetes_executor.py
[2023-11-01T14:03:27.848+0000] {processor.py:766} INFO - DAG(s) dict_keys(['example_local_kubernetes_executor']) retrieved from /home/airflow/.local/lib/python3.7/site-packages/airflow/example_dags/example_local_kubernetes_executor.py
[2023-11-01T14:03:27.903+0000] {logging_mixin.py:120} INFO - [2023-11-01T14:03:27.903+0000] {dag.py:2585} INFO - Sync 1 DAGs
[2023-11-01T14:03:27.939+0000] {logging_mixin.py:120} INFO - [2023-11-01T14:03:27.939+0000] {dag.py:3340} INFO - Setting next_dagrun for example_local_kubernetes_executor to None, run_after=None
[2023-11-01T14:03:27.974+0000] {processor.py:176} INFO - Processing /home/airflow/.local/lib/python3.7/site-packages/airflow/example_dags/example_local_kubernetes_executor.py took 0.160 seconds
[2023-11-01T14:03:58.278+0000] {processor.py:154} INFO - Started process (PID=616) to work on /home/airflow/.local/lib/python3.7/site-packages/airflow/example_dags/example_local_kubernetes_executor.py
[2023-11-01T14:03:58.279+0000] {processor.py:756} INFO - Processing file /home/airflow/.local/lib/python3.7/site-packages/airflow/example_dags/example_local_kubernetes_executor.py for tasks to queue
[2023-11-01T14:03:58.281+0000] {logging_mixin.py:120} INFO - [2023-11-01T14:03:58.281+0000] {dagbag.py:537} INFO - Filling up the DagBag from /home/airflow/.local/lib/python3.7/site-packages/airflow/example_dags/example_local_kubernetes_executor.py
[2023-11-01T14:03:58.304+0000] {processor.py:766} INFO - DAG(s) dict_keys(['example_local_kubernetes_executor']) retrieved from /home/airflow/.local/lib/python3.7/site-packages/airflow/example_dags/example_local_kubernetes_executor.py
[2023-11-01T14:03:58.352+0000] {logging_mixin.py:120} INFO - [2023-11-01T14:03:58.352+0000] {dag.py:2585} INFO - Sync 1 DAGs
[2023-11-01T14:03:58.385+0000] {logging_mixin.py:120} INFO - [2023-11-01T14:03:58.385+0000] {dag.py:3340} INFO - Setting next_dagrun for example_local_kubernetes_executor to None, run_after=None
[2023-11-01T14:03:58.413+0000] {processor.py:176} INFO - Processing /home/airflow/.local/lib/python3.7/site-packages/airflow/example_dags/example_local_kubernetes_executor.py took 0.138 seconds
[2023-11-01T14:04:28.726+0000] {processor.py:154} INFO - Started process (PID=681) to work on /home/airflow/.local/lib/python3.7/site-packages/airflow/example_dags/example_local_kubernetes_executor.py
[2023-11-01T14:04:28.728+0000] {processor.py:756} INFO - Processing file /home/airflow/.local/lib/python3.7/site-packages/airflow/example_dags/example_local_kubernetes_executor.py for tasks to queue
[2023-11-01T14:04:28.729+0000] {logging_mixin.py:120} INFO - [2023-11-01T14:04:28.729+0000] {dagbag.py:537} INFO - Filling up the DagBag from /home/airflow/.local/lib/python3.7/site-packages/airflow/example_dags/example_local_kubernetes_executor.py
[2023-11-01T14:04:28.753+0000] {processor.py:766} INFO - DAG(s) dict_keys(['example_local_kubernetes_executor']) retrieved from /home/airflow/.local/lib/python3.7/site-packages/airflow/example_dags/example_local_kubernetes_executor.py
[2023-11-01T14:04:28.801+0000] {logging_mixin.py:120} INFO - [2023-11-01T14:04:28.801+0000] {dag.py:2585} INFO - Sync 1 DAGs
[2023-11-01T14:04:28.835+0000] {logging_mixin.py:120} INFO - [2023-11-01T14:04:28.834+0000] {dag.py:3340} INFO - Setting next_dagrun for example_local_kubernetes_executor to None, run_after=None
[2023-11-01T14:04:28.863+0000] {processor.py:176} INFO - Processing /home/airflow/.local/lib/python3.7/site-packages/airflow/example_dags/example_local_kubernetes_executor.py took 0.140 seconds
[2023-11-01T14:04:59.593+0000] {processor.py:154} INFO - Started process (PID=738) to work on /home/airflow/.local/lib/python3.7/site-packages/airflow/example_dags/example_local_kubernetes_executor.py
[2023-11-01T14:04:59.594+0000] {processor.py:756} INFO - Processing file /home/airflow/.local/lib/python3.7/site-packages/airflow/example_dags/example_local_kubernetes_executor.py for tasks to queue
[2023-11-01T14:04:59.596+0000] {logging_mixin.py:120} INFO - [2023-11-01T14:04:59.596+0000] {dagbag.py:537} INFO - Filling up the DagBag from /home/airflow/.local/lib/python3.7/site-packages/airflow/example_dags/example_local_kubernetes_executor.py
[2023-11-01T14:04:59.619+0000] {processor.py:766} INFO - DAG(s) dict_keys(['example_local_kubernetes_executor']) retrieved from /home/airflow/.local/lib/python3.7/site-packages/airflow/example_dags/example_local_kubernetes_executor.py
[2023-11-01T14:04:59.668+0000] {logging_mixin.py:120} INFO - [2023-11-01T14:04:59.668+0000] {dag.py:2585} INFO - Sync 1 DAGs
[2023-11-01T14:04:59.701+0000] {logging_mixin.py:120} INFO - [2023-11-01T14:04:59.701+0000] {dag.py:3340} INFO - Setting next_dagrun for example_local_kubernetes_executor to None, run_after=None
[2023-11-01T14:04:59.730+0000] {processor.py:176} INFO - Processing /home/airflow/.local/lib/python3.7/site-packages/airflow/example_dags/example_local_kubernetes_executor.py took 0.139 seconds
[2023-11-01T14:05:29.941+0000] {processor.py:154} INFO - Started process (PID=803) to work on /home/airflow/.local/lib/python3.7/site-packages/airflow/example_dags/example_local_kubernetes_executor.py
[2023-11-01T14:05:29.942+0000] {processor.py:756} INFO - Processing file /home/airflow/.local/lib/python3.7/site-packages/airflow/example_dags/example_local_kubernetes_executor.py for tasks to queue
[2023-11-01T14:05:29.943+0000] {logging_mixin.py:120} INFO - [2023-11-01T14:05:29.943+0000] {dagbag.py:537} INFO - Filling up the DagBag from /home/airflow/.local/lib/python3.7/site-packages/airflow/example_dags/example_local_kubernetes_executor.py
[2023-11-01T14:05:29.971+0000] {processor.py:766} INFO - DAG(s) dict_keys(['example_local_kubernetes_executor']) retrieved from /home/airflow/.local/lib/python3.7/site-packages/airflow/example_dags/example_local_kubernetes_executor.py
[2023-11-01T14:05:30.019+0000] {logging_mixin.py:120} INFO - [2023-11-01T14:05:30.018+0000] {dag.py:2585} INFO - Sync 1 DAGs
[2023-11-01T14:05:30.053+0000] {logging_mixin.py:120} INFO - [2023-11-01T14:05:30.053+0000] {dag.py:3340} INFO - Setting next_dagrun for example_local_kubernetes_executor to None, run_after=None
[2023-11-01T14:05:30.083+0000] {processor.py:176} INFO - Processing /home/airflow/.local/lib/python3.7/site-packages/airflow/example_dags/example_local_kubernetes_executor.py took 0.145 seconds
[2023-11-01T14:06:00.470+0000] {processor.py:154} INFO - Started process (PID=859) to work on /home/airflow/.local/lib/python3.7/site-packages/airflow/example_dags/example_local_kubernetes_executor.py
[2023-11-01T14:06:00.471+0000] {processor.py:756} INFO - Processing file /home/airflow/.local/lib/python3.7/site-packages/airflow/example_dags/example_local_kubernetes_executor.py for tasks to queue
[2023-11-01T14:06:00.473+0000] {logging_mixin.py:120} INFO - [2023-11-01T14:06:00.472+0000] {dagbag.py:537} INFO - Filling up the DagBag from /home/airflow/.local/lib/python3.7/site-packages/airflow/example_dags/example_local_kubernetes_executor.py
[2023-11-01T14:06:00.511+0000] {processor.py:766} INFO - DAG(s) dict_keys(['example_local_kubernetes_executor']) retrieved from /home/airflow/.local/lib/python3.7/site-packages/airflow/example_dags/example_local_kubernetes_executor.py
[2023-11-01T14:06:00.568+0000] {logging_mixin.py:120} INFO - [2023-11-01T14:06:00.568+0000] {dag.py:2585} INFO - Sync 1 DAGs
[2023-11-01T14:06:00.606+0000] {logging_mixin.py:120} INFO - [2023-11-01T14:06:00.606+0000] {dag.py:3340} INFO - Setting next_dagrun for example_local_kubernetes_executor to None, run_after=None
[2023-11-01T14:06:00.651+0000] {processor.py:176} INFO - Processing /home/airflow/.local/lib/python3.7/site-packages/airflow/example_dags/example_local_kubernetes_executor.py took 0.188 seconds
[2023-11-01T14:06:30.880+0000] {processor.py:154} INFO - Started process (PID=925) to work on /home/airflow/.local/lib/python3.7/site-packages/airflow/example_dags/example_local_kubernetes_executor.py
[2023-11-01T14:06:30.881+0000] {processor.py:756} INFO - Processing file /home/airflow/.local/lib/python3.7/site-packages/airflow/example_dags/example_local_kubernetes_executor.py for tasks to queue
[2023-11-01T14:06:30.883+0000] {logging_mixin.py:120} INFO - [2023-11-01T14:06:30.883+0000] {dagbag.py:537} INFO - Filling up the DagBag from /home/airflow/.local/lib/python3.7/site-packages/airflow/example_dags/example_local_kubernetes_executor.py
[2023-11-01T14:06:30.908+0000] {processor.py:766} INFO - DAG(s) dict_keys(['example_local_kubernetes_executor']) retrieved from /home/airflow/.local/lib/python3.7/site-packages/airflow/example_dags/example_local_kubernetes_executor.py
[2023-11-01T14:06:30.955+0000] {logging_mixin.py:120} INFO - [2023-11-01T14:06:30.955+0000] {dag.py:2585} INFO - Sync 1 DAGs
[2023-11-01T14:06:30.989+0000] {logging_mixin.py:120} INFO - [2023-11-01T14:06:30.989+0000] {dag.py:3340} INFO - Setting next_dagrun for example_local_kubernetes_executor to None, run_after=None
[2023-11-01T14:06:31.015+0000] {processor.py:176} INFO - Processing /home/airflow/.local/lib/python3.7/site-packages/airflow/example_dags/example_local_kubernetes_executor.py took 0.138 seconds
[2023-11-01T14:07:01.238+0000] {processor.py:154} INFO - Started process (PID=981) to work on /home/airflow/.local/lib/python3.7/site-packages/airflow/example_dags/example_local_kubernetes_executor.py
[2023-11-01T14:07:01.240+0000] {processor.py:756} INFO - Processing file /home/airflow/.local/lib/python3.7/site-packages/airflow/example_dags/example_local_kubernetes_executor.py for tasks to queue
[2023-11-01T14:07:01.241+0000] {logging_mixin.py:120} INFO - [2023-11-01T14:07:01.241+0000] {dagbag.py:537} INFO - Filling up the DagBag from /home/airflow/.local/lib/python3.7/site-packages/airflow/example_dags/example_local_kubernetes_executor.py
[2023-11-01T14:07:01.267+0000] {processor.py:766} INFO - DAG(s) dict_keys(['example_local_kubernetes_executor']) retrieved from /home/airflow/.local/lib/python3.7/site-packages/airflow/example_dags/example_local_kubernetes_executor.py
[2023-11-01T14:07:01.319+0000] {logging_mixin.py:120} INFO - [2023-11-01T14:07:01.318+0000] {dag.py:2585} INFO - Sync 1 DAGs
[2023-11-01T14:07:01.357+0000] {logging_mixin.py:120} INFO - [2023-11-01T14:07:01.357+0000] {dag.py:3340} INFO - Setting next_dagrun for example_local_kubernetes_executor to None, run_after=None
[2023-11-01T14:07:01.402+0000] {processor.py:176} INFO - Processing /home/airflow/.local/lib/python3.7/site-packages/airflow/example_dags/example_local_kubernetes_executor.py took 0.167 seconds
