[2023-11-01T13:59:16.534+0000] {processor.py:154} INFO - Started process (PID=57) to work on /home/airflow/.local/lib/python3.7/site-packages/airflow/example_dags/example_bash_operator.py
[2023-11-01T13:59:16.536+0000] {processor.py:756} INFO - Processing file /home/airflow/.local/lib/python3.7/site-packages/airflow/example_dags/example_bash_operator.py for tasks to queue
[2023-11-01T13:59:16.537+0000] {logging_mixin.py:120} INFO - [2023-11-01T13:59:16.537+0000] {dagbag.py:537} INFO - Filling up the DagBag from /home/airflow/.local/lib/python3.7/site-packages/airflow/example_dags/example_bash_operator.py
[2023-11-01T13:59:16.569+0000] {processor.py:766} INFO - DAG(s) dict_keys(['example_bash_operator']) retrieved from /home/airflow/.local/lib/python3.7/site-packages/airflow/example_dags/example_bash_operator.py
[2023-11-01T13:59:16.673+0000] {logging_mixin.py:120} INFO - [2023-11-01T13:59:16.673+0000] {dag.py:2585} INFO - Sync 1 DAGs
[2023-11-01T13:59:16.718+0000] {logging_mixin.py:120} INFO - [2023-11-01T13:59:16.718+0000] {dag.py:3340} INFO - Setting next_dagrun for example_bash_operator to 2023-10-31T00:00:00+00:00, run_after=2023-11-01T00:00:00+00:00
[2023-11-01T13:59:16.752+0000] {processor.py:176} INFO - Processing /home/airflow/.local/lib/python3.7/site-packages/airflow/example_dags/example_bash_operator.py took 0.221 seconds
[2023-11-01T13:59:47.022+0000] {processor.py:154} INFO - Started process (PID=121) to work on /home/airflow/.local/lib/python3.7/site-packages/airflow/example_dags/example_bash_operator.py
[2023-11-01T13:59:47.023+0000] {processor.py:756} INFO - Processing file /home/airflow/.local/lib/python3.7/site-packages/airflow/example_dags/example_bash_operator.py for tasks to queue
[2023-11-01T13:59:47.025+0000] {logging_mixin.py:120} INFO - [2023-11-01T13:59:47.024+0000] {dagbag.py:537} INFO - Filling up the DagBag from /home/airflow/.local/lib/python3.7/site-packages/airflow/example_dags/example_bash_operator.py
[2023-11-01T13:59:47.054+0000] {processor.py:766} INFO - DAG(s) dict_keys(['example_bash_operator']) retrieved from /home/airflow/.local/lib/python3.7/site-packages/airflow/example_dags/example_bash_operator.py
[2023-11-01T13:59:47.114+0000] {logging_mixin.py:120} INFO - [2023-11-01T13:59:47.114+0000] {dag.py:2585} INFO - Sync 1 DAGs
[2023-11-01T13:59:47.151+0000] {logging_mixin.py:120} INFO - [2023-11-01T13:59:47.151+0000] {dag.py:3340} INFO - Setting next_dagrun for example_bash_operator to 2023-10-31T00:00:00+00:00, run_after=2023-11-01T00:00:00+00:00
[2023-11-01T13:59:47.183+0000] {processor.py:176} INFO - Processing /home/airflow/.local/lib/python3.7/site-packages/airflow/example_dags/example_bash_operator.py took 0.164 seconds
[2023-11-01T14:00:17.328+0000] {processor.py:154} INFO - Started process (PID=179) to work on /home/airflow/.local/lib/python3.7/site-packages/airflow/example_dags/example_bash_operator.py
[2023-11-01T14:00:17.329+0000] {processor.py:756} INFO - Processing file /home/airflow/.local/lib/python3.7/site-packages/airflow/example_dags/example_bash_operator.py for tasks to queue
[2023-11-01T14:00:17.330+0000] {logging_mixin.py:120} INFO - [2023-11-01T14:00:17.330+0000] {dagbag.py:537} INFO - Filling up the DagBag from /home/airflow/.local/lib/python3.7/site-packages/airflow/example_dags/example_bash_operator.py
[2023-11-01T14:00:17.352+0000] {processor.py:766} INFO - DAG(s) dict_keys(['example_bash_operator']) retrieved from /home/airflow/.local/lib/python3.7/site-packages/airflow/example_dags/example_bash_operator.py
[2023-11-01T14:00:17.405+0000] {logging_mixin.py:120} INFO - [2023-11-01T14:00:17.405+0000] {dag.py:2585} INFO - Sync 1 DAGs
[2023-11-01T14:00:17.436+0000] {logging_mixin.py:120} INFO - [2023-11-01T14:00:17.436+0000] {dag.py:3340} INFO - Setting next_dagrun for example_bash_operator to 2023-10-31T00:00:00+00:00, run_after=2023-11-01T00:00:00+00:00
[2023-11-01T14:00:17.461+0000] {processor.py:176} INFO - Processing /home/airflow/.local/lib/python3.7/site-packages/airflow/example_dags/example_bash_operator.py took 0.135 seconds
[2023-11-01T14:00:47.760+0000] {processor.py:154} INFO - Started process (PID=245) to work on /home/airflow/.local/lib/python3.7/site-packages/airflow/example_dags/example_bash_operator.py
[2023-11-01T14:00:47.761+0000] {processor.py:756} INFO - Processing file /home/airflow/.local/lib/python3.7/site-packages/airflow/example_dags/example_bash_operator.py for tasks to queue
[2023-11-01T14:00:47.762+0000] {logging_mixin.py:120} INFO - [2023-11-01T14:00:47.762+0000] {dagbag.py:537} INFO - Filling up the DagBag from /home/airflow/.local/lib/python3.7/site-packages/airflow/example_dags/example_bash_operator.py
[2023-11-01T14:00:47.788+0000] {processor.py:766} INFO - DAG(s) dict_keys(['example_bash_operator']) retrieved from /home/airflow/.local/lib/python3.7/site-packages/airflow/example_dags/example_bash_operator.py
[2023-11-01T14:00:47.844+0000] {logging_mixin.py:120} INFO - [2023-11-01T14:00:47.843+0000] {dag.py:2585} INFO - Sync 1 DAGs
[2023-11-01T14:00:47.876+0000] {logging_mixin.py:120} INFO - [2023-11-01T14:00:47.876+0000] {dag.py:3340} INFO - Setting next_dagrun for example_bash_operator to 2023-10-31T00:00:00+00:00, run_after=2023-11-01T00:00:00+00:00
[2023-11-01T14:00:47.902+0000] {processor.py:176} INFO - Processing /home/airflow/.local/lib/python3.7/site-packages/airflow/example_dags/example_bash_operator.py took 0.145 seconds
[2023-11-01T14:01:20.677+0000] {processor.py:154} INFO - Started process (PID=311) to work on /home/airflow/.local/lib/python3.7/site-packages/airflow/example_dags/example_bash_operator.py
[2023-11-01T14:01:20.752+0000] {processor.py:756} INFO - Processing file /home/airflow/.local/lib/python3.7/site-packages/airflow/example_dags/example_bash_operator.py for tasks to queue
[2023-11-01T14:01:20.769+0000] {logging_mixin.py:120} INFO - [2023-11-01T14:01:20.768+0000] {dagbag.py:537} INFO - Filling up the DagBag from /home/airflow/.local/lib/python3.7/site-packages/airflow/example_dags/example_bash_operator.py
[2023-11-01T14:01:20.994+0000] {processor.py:766} INFO - DAG(s) dict_keys(['example_bash_operator']) retrieved from /home/airflow/.local/lib/python3.7/site-packages/airflow/example_dags/example_bash_operator.py
[2023-11-01T14:01:21.317+0000] {logging_mixin.py:120} INFO - [2023-11-01T14:01:21.316+0000] {dag.py:2585} INFO - Sync 1 DAGs
[2023-11-01T14:01:21.562+0000] {logging_mixin.py:120} INFO - [2023-11-01T14:01:21.561+0000] {dag.py:3340} INFO - Setting next_dagrun for example_bash_operator to 2023-10-31T00:00:00+00:00, run_after=2023-11-01T00:00:00+00:00
[2023-11-01T14:01:21.781+0000] {processor.py:176} INFO - Processing /home/airflow/.local/lib/python3.7/site-packages/airflow/example_dags/example_bash_operator.py took 1.107 seconds
[2023-11-01T14:01:52.032+0000] {processor.py:154} INFO - Started process (PID=368) to work on /home/airflow/.local/lib/python3.7/site-packages/airflow/example_dags/example_bash_operator.py
[2023-11-01T14:01:52.033+0000] {processor.py:756} INFO - Processing file /home/airflow/.local/lib/python3.7/site-packages/airflow/example_dags/example_bash_operator.py for tasks to queue
[2023-11-01T14:01:52.035+0000] {logging_mixin.py:120} INFO - [2023-11-01T14:01:52.035+0000] {dagbag.py:537} INFO - Filling up the DagBag from /home/airflow/.local/lib/python3.7/site-packages/airflow/example_dags/example_bash_operator.py
[2023-11-01T14:01:52.065+0000] {processor.py:766} INFO - DAG(s) dict_keys(['example_bash_operator']) retrieved from /home/airflow/.local/lib/python3.7/site-packages/airflow/example_dags/example_bash_operator.py
[2023-11-01T14:01:52.129+0000] {logging_mixin.py:120} INFO - [2023-11-01T14:01:52.129+0000] {dag.py:2585} INFO - Sync 1 DAGs
[2023-11-01T14:01:52.167+0000] {logging_mixin.py:120} INFO - [2023-11-01T14:01:52.167+0000] {dag.py:3340} INFO - Setting next_dagrun for example_bash_operator to 2023-10-31T00:00:00+00:00, run_after=2023-11-01T00:00:00+00:00
[2023-11-01T14:01:52.198+0000] {processor.py:176} INFO - Processing /home/airflow/.local/lib/python3.7/site-packages/airflow/example_dags/example_bash_operator.py took 0.169 seconds
[2023-11-01T14:02:22.288+0000] {processor.py:154} INFO - Started process (PID=424) to work on /home/airflow/.local/lib/python3.7/site-packages/airflow/example_dags/example_bash_operator.py
[2023-11-01T14:02:22.289+0000] {processor.py:756} INFO - Processing file /home/airflow/.local/lib/python3.7/site-packages/airflow/example_dags/example_bash_operator.py for tasks to queue
[2023-11-01T14:02:22.291+0000] {logging_mixin.py:120} INFO - [2023-11-01T14:02:22.290+0000] {dagbag.py:537} INFO - Filling up the DagBag from /home/airflow/.local/lib/python3.7/site-packages/airflow/example_dags/example_bash_operator.py
[2023-11-01T14:02:22.314+0000] {processor.py:766} INFO - DAG(s) dict_keys(['example_bash_operator']) retrieved from /home/airflow/.local/lib/python3.7/site-packages/airflow/example_dags/example_bash_operator.py
[2023-11-01T14:02:22.384+0000] {logging_mixin.py:120} INFO - [2023-11-01T14:02:22.384+0000] {dag.py:2585} INFO - Sync 1 DAGs
[2023-11-01T14:02:22.525+0000] {logging_mixin.py:120} INFO - [2023-11-01T14:02:22.525+0000] {dag.py:3340} INFO - Setting next_dagrun for example_bash_operator to 2023-10-31T00:00:00+00:00, run_after=2023-11-01T00:00:00+00:00
[2023-11-01T14:02:22.597+0000] {processor.py:176} INFO - Processing /home/airflow/.local/lib/python3.7/site-packages/airflow/example_dags/example_bash_operator.py took 0.312 seconds
[2023-11-01T14:02:52.952+0000] {processor.py:154} INFO - Started process (PID=489) to work on /home/airflow/.local/lib/python3.7/site-packages/airflow/example_dags/example_bash_operator.py
[2023-11-01T14:02:52.954+0000] {processor.py:756} INFO - Processing file /home/airflow/.local/lib/python3.7/site-packages/airflow/example_dags/example_bash_operator.py for tasks to queue
[2023-11-01T14:02:52.955+0000] {logging_mixin.py:120} INFO - [2023-11-01T14:02:52.955+0000] {dagbag.py:537} INFO - Filling up the DagBag from /home/airflow/.local/lib/python3.7/site-packages/airflow/example_dags/example_bash_operator.py
[2023-11-01T14:02:52.997+0000] {processor.py:766} INFO - DAG(s) dict_keys(['example_bash_operator']) retrieved from /home/airflow/.local/lib/python3.7/site-packages/airflow/example_dags/example_bash_operator.py
[2023-11-01T14:02:53.078+0000] {logging_mixin.py:120} INFO - [2023-11-01T14:02:53.078+0000] {dag.py:2585} INFO - Sync 1 DAGs
[2023-11-01T14:02:53.115+0000] {logging_mixin.py:120} INFO - [2023-11-01T14:02:53.115+0000] {dag.py:3340} INFO - Setting next_dagrun for example_bash_operator to 2023-10-31T00:00:00+00:00, run_after=2023-11-01T00:00:00+00:00
[2023-11-01T14:02:53.165+0000] {processor.py:176} INFO - Processing /home/airflow/.local/lib/python3.7/site-packages/airflow/example_dags/example_bash_operator.py took 0.217 seconds
[2023-11-01T14:03:23.252+0000] {processor.py:154} INFO - Started process (PID=545) to work on /home/airflow/.local/lib/python3.7/site-packages/airflow/example_dags/example_bash_operator.py
[2023-11-01T14:03:23.254+0000] {processor.py:756} INFO - Processing file /home/airflow/.local/lib/python3.7/site-packages/airflow/example_dags/example_bash_operator.py for tasks to queue
[2023-11-01T14:03:23.255+0000] {logging_mixin.py:120} INFO - [2023-11-01T14:03:23.255+0000] {dagbag.py:537} INFO - Filling up the DagBag from /home/airflow/.local/lib/python3.7/site-packages/airflow/example_dags/example_bash_operator.py
[2023-11-01T14:03:23.286+0000] {processor.py:766} INFO - DAG(s) dict_keys(['example_bash_operator']) retrieved from /home/airflow/.local/lib/python3.7/site-packages/airflow/example_dags/example_bash_operator.py
[2023-11-01T14:03:23.349+0000] {logging_mixin.py:120} INFO - [2023-11-01T14:03:23.348+0000] {dag.py:2585} INFO - Sync 1 DAGs
[2023-11-01T14:03:23.384+0000] {logging_mixin.py:120} INFO - [2023-11-01T14:03:23.384+0000] {dag.py:3340} INFO - Setting next_dagrun for example_bash_operator to 2023-10-31T00:00:00+00:00, run_after=2023-11-01T00:00:00+00:00
[2023-11-01T14:03:23.414+0000] {processor.py:176} INFO - Processing /home/airflow/.local/lib/python3.7/site-packages/airflow/example_dags/example_bash_operator.py took 0.164 seconds
[2023-11-01T14:03:53.472+0000] {processor.py:154} INFO - Started process (PID=611) to work on /home/airflow/.local/lib/python3.7/site-packages/airflow/example_dags/example_bash_operator.py
[2023-11-01T14:03:53.473+0000] {processor.py:756} INFO - Processing file /home/airflow/.local/lib/python3.7/site-packages/airflow/example_dags/example_bash_operator.py for tasks to queue
[2023-11-01T14:03:53.474+0000] {logging_mixin.py:120} INFO - [2023-11-01T14:03:53.474+0000] {dagbag.py:537} INFO - Filling up the DagBag from /home/airflow/.local/lib/python3.7/site-packages/airflow/example_dags/example_bash_operator.py
[2023-11-01T14:03:53.502+0000] {processor.py:766} INFO - DAG(s) dict_keys(['example_bash_operator']) retrieved from /home/airflow/.local/lib/python3.7/site-packages/airflow/example_dags/example_bash_operator.py
[2023-11-01T14:03:53.560+0000] {logging_mixin.py:120} INFO - [2023-11-01T14:03:53.560+0000] {dag.py:2585} INFO - Sync 1 DAGs
[2023-11-01T14:03:53.598+0000] {logging_mixin.py:120} INFO - [2023-11-01T14:03:53.598+0000] {dag.py:3340} INFO - Setting next_dagrun for example_bash_operator to 2023-10-31T00:00:00+00:00, run_after=2023-11-01T00:00:00+00:00
[2023-11-01T14:03:53.624+0000] {processor.py:176} INFO - Processing /home/airflow/.local/lib/python3.7/site-packages/airflow/example_dags/example_bash_operator.py took 0.155 seconds
[2023-11-01T14:04:24.073+0000] {processor.py:154} INFO - Started process (PID=667) to work on /home/airflow/.local/lib/python3.7/site-packages/airflow/example_dags/example_bash_operator.py
[2023-11-01T14:04:24.074+0000] {processor.py:756} INFO - Processing file /home/airflow/.local/lib/python3.7/site-packages/airflow/example_dags/example_bash_operator.py for tasks to queue
[2023-11-01T14:04:24.076+0000] {logging_mixin.py:120} INFO - [2023-11-01T14:04:24.075+0000] {dagbag.py:537} INFO - Filling up the DagBag from /home/airflow/.local/lib/python3.7/site-packages/airflow/example_dags/example_bash_operator.py
[2023-11-01T14:04:24.102+0000] {processor.py:766} INFO - DAG(s) dict_keys(['example_bash_operator']) retrieved from /home/airflow/.local/lib/python3.7/site-packages/airflow/example_dags/example_bash_operator.py
[2023-11-01T14:04:24.169+0000] {logging_mixin.py:120} INFO - [2023-11-01T14:04:24.169+0000] {dag.py:2585} INFO - Sync 1 DAGs
[2023-11-01T14:04:24.211+0000] {logging_mixin.py:120} INFO - [2023-11-01T14:04:24.211+0000] {dag.py:3340} INFO - Setting next_dagrun for example_bash_operator to 2023-10-31T00:00:00+00:00, run_after=2023-11-01T00:00:00+00:00
[2023-11-01T14:04:24.249+0000] {processor.py:176} INFO - Processing /home/airflow/.local/lib/python3.7/site-packages/airflow/example_dags/example_bash_operator.py took 0.179 seconds
[2023-11-01T14:04:55.055+0000] {processor.py:154} INFO - Started process (PID=733) to work on /home/airflow/.local/lib/python3.7/site-packages/airflow/example_dags/example_bash_operator.py
[2023-11-01T14:04:55.057+0000] {processor.py:756} INFO - Processing file /home/airflow/.local/lib/python3.7/site-packages/airflow/example_dags/example_bash_operator.py for tasks to queue
[2023-11-01T14:04:55.058+0000] {logging_mixin.py:120} INFO - [2023-11-01T14:04:55.058+0000] {dagbag.py:537} INFO - Filling up the DagBag from /home/airflow/.local/lib/python3.7/site-packages/airflow/example_dags/example_bash_operator.py
[2023-11-01T14:04:55.085+0000] {processor.py:766} INFO - DAG(s) dict_keys(['example_bash_operator']) retrieved from /home/airflow/.local/lib/python3.7/site-packages/airflow/example_dags/example_bash_operator.py
[2023-11-01T14:04:55.144+0000] {logging_mixin.py:120} INFO - [2023-11-01T14:04:55.144+0000] {dag.py:2585} INFO - Sync 1 DAGs
[2023-11-01T14:04:55.181+0000] {logging_mixin.py:120} INFO - [2023-11-01T14:04:55.180+0000] {dag.py:3340} INFO - Setting next_dagrun for example_bash_operator to 2023-10-31T00:00:00+00:00, run_after=2023-11-01T00:00:00+00:00
[2023-11-01T14:04:55.224+0000] {processor.py:176} INFO - Processing /home/airflow/.local/lib/python3.7/site-packages/airflow/example_dags/example_bash_operator.py took 0.171 seconds
[2023-11-01T14:05:25.420+0000] {processor.py:154} INFO - Started process (PID=789) to work on /home/airflow/.local/lib/python3.7/site-packages/airflow/example_dags/example_bash_operator.py
[2023-11-01T14:05:25.422+0000] {processor.py:756} INFO - Processing file /home/airflow/.local/lib/python3.7/site-packages/airflow/example_dags/example_bash_operator.py for tasks to queue
[2023-11-01T14:05:25.423+0000] {logging_mixin.py:120} INFO - [2023-11-01T14:05:25.423+0000] {dagbag.py:537} INFO - Filling up the DagBag from /home/airflow/.local/lib/python3.7/site-packages/airflow/example_dags/example_bash_operator.py
[2023-11-01T14:05:25.450+0000] {processor.py:766} INFO - DAG(s) dict_keys(['example_bash_operator']) retrieved from /home/airflow/.local/lib/python3.7/site-packages/airflow/example_dags/example_bash_operator.py
[2023-11-01T14:05:25.514+0000] {logging_mixin.py:120} INFO - [2023-11-01T14:05:25.514+0000] {dag.py:2585} INFO - Sync 1 DAGs
[2023-11-01T14:05:25.553+0000] {logging_mixin.py:120} INFO - [2023-11-01T14:05:25.553+0000] {dag.py:3340} INFO - Setting next_dagrun for example_bash_operator to 2023-10-31T00:00:00+00:00, run_after=2023-11-01T00:00:00+00:00
[2023-11-01T14:05:25.582+0000] {processor.py:176} INFO - Processing /home/airflow/.local/lib/python3.7/site-packages/airflow/example_dags/example_bash_operator.py took 0.165 seconds
[2023-11-01T14:05:56.425+0000] {processor.py:154} INFO - Started process (PID=854) to work on /home/airflow/.local/lib/python3.7/site-packages/airflow/example_dags/example_bash_operator.py
[2023-11-01T14:05:56.426+0000] {processor.py:756} INFO - Processing file /home/airflow/.local/lib/python3.7/site-packages/airflow/example_dags/example_bash_operator.py for tasks to queue
[2023-11-01T14:05:56.428+0000] {logging_mixin.py:120} INFO - [2023-11-01T14:05:56.428+0000] {dagbag.py:537} INFO - Filling up the DagBag from /home/airflow/.local/lib/python3.7/site-packages/airflow/example_dags/example_bash_operator.py
[2023-11-01T14:05:56.454+0000] {processor.py:766} INFO - DAG(s) dict_keys(['example_bash_operator']) retrieved from /home/airflow/.local/lib/python3.7/site-packages/airflow/example_dags/example_bash_operator.py
[2023-11-01T14:05:56.511+0000] {logging_mixin.py:120} INFO - [2023-11-01T14:05:56.511+0000] {dag.py:2585} INFO - Sync 1 DAGs
[2023-11-01T14:05:56.566+0000] {logging_mixin.py:120} INFO - [2023-11-01T14:05:56.565+0000] {dag.py:3340} INFO - Setting next_dagrun for example_bash_operator to 2023-10-31T00:00:00+00:00, run_after=2023-11-01T00:00:00+00:00
[2023-11-01T14:05:56.666+0000] {processor.py:176} INFO - Processing /home/airflow/.local/lib/python3.7/site-packages/airflow/example_dags/example_bash_operator.py took 0.244 seconds
[2023-11-01T14:06:26.775+0000] {processor.py:154} INFO - Started process (PID=918) to work on /home/airflow/.local/lib/python3.7/site-packages/airflow/example_dags/example_bash_operator.py
[2023-11-01T14:06:26.780+0000] {processor.py:756} INFO - Processing file /home/airflow/.local/lib/python3.7/site-packages/airflow/example_dags/example_bash_operator.py for tasks to queue
[2023-11-01T14:06:26.782+0000] {logging_mixin.py:120} INFO - [2023-11-01T14:06:26.782+0000] {dagbag.py:537} INFO - Filling up the DagBag from /home/airflow/.local/lib/python3.7/site-packages/airflow/example_dags/example_bash_operator.py
[2023-11-01T14:06:26.842+0000] {processor.py:766} INFO - DAG(s) dict_keys(['example_bash_operator']) retrieved from /home/airflow/.local/lib/python3.7/site-packages/airflow/example_dags/example_bash_operator.py
[2023-11-01T14:06:26.934+0000] {logging_mixin.py:120} INFO - [2023-11-01T14:06:26.934+0000] {dag.py:2585} INFO - Sync 1 DAGs
[2023-11-01T14:06:27.058+0000] {logging_mixin.py:120} INFO - [2023-11-01T14:06:27.058+0000] {dag.py:3340} INFO - Setting next_dagrun for example_bash_operator to 2023-10-31T00:00:00+00:00, run_after=2023-11-01T00:00:00+00:00
[2023-11-01T14:06:27.247+0000] {processor.py:176} INFO - Processing /home/airflow/.local/lib/python3.7/site-packages/airflow/example_dags/example_bash_operator.py took 0.475 seconds
[2023-11-01T14:06:57.486+0000] {processor.py:154} INFO - Started process (PID=976) to work on /home/airflow/.local/lib/python3.7/site-packages/airflow/example_dags/example_bash_operator.py
[2023-11-01T14:06:57.487+0000] {processor.py:756} INFO - Processing file /home/airflow/.local/lib/python3.7/site-packages/airflow/example_dags/example_bash_operator.py for tasks to queue
[2023-11-01T14:06:57.489+0000] {logging_mixin.py:120} INFO - [2023-11-01T14:06:57.488+0000] {dagbag.py:537} INFO - Filling up the DagBag from /home/airflow/.local/lib/python3.7/site-packages/airflow/example_dags/example_bash_operator.py
[2023-11-01T14:06:57.515+0000] {processor.py:766} INFO - DAG(s) dict_keys(['example_bash_operator']) retrieved from /home/airflow/.local/lib/python3.7/site-packages/airflow/example_dags/example_bash_operator.py
[2023-11-01T14:06:57.582+0000] {logging_mixin.py:120} INFO - [2023-11-01T14:06:57.582+0000] {dag.py:2585} INFO - Sync 1 DAGs
[2023-11-01T14:06:57.626+0000] {logging_mixin.py:120} INFO - [2023-11-01T14:06:57.626+0000] {dag.py:3340} INFO - Setting next_dagrun for example_bash_operator to 2023-10-31T00:00:00+00:00, run_after=2023-11-01T00:00:00+00:00
[2023-11-01T14:06:57.659+0000] {processor.py:176} INFO - Processing /home/airflow/.local/lib/python3.7/site-packages/airflow/example_dags/example_bash_operator.py took 0.176 seconds
