[2023-11-01T13:59:18.458+0000] {processor.py:154} INFO - Started process (PID=63) to work on /home/airflow/.local/lib/python3.7/site-packages/airflow/example_dags/example_python_operator.py
[2023-11-01T13:59:18.459+0000] {processor.py:756} INFO - Processing file /home/airflow/.local/lib/python3.7/site-packages/airflow/example_dags/example_python_operator.py for tasks to queue
[2023-11-01T13:59:18.460+0000] {logging_mixin.py:120} INFO - [2023-11-01T13:59:18.460+0000] {dagbag.py:537} INFO - Filling up the DagBag from /home/airflow/.local/lib/python3.7/site-packages/airflow/example_dags/example_python_operator.py
[2023-11-01T13:59:18.478+0000] {logging_mixin.py:120} INFO - [2023-11-01T13:59:18.477+0000] {taskmixin.py:205} WARNING - Dependency <Task(_PythonDecoratedOperator): print_the_context>, log_sql_query already registered for DAG: example_python_operator
[2023-11-01T13:59:18.478+0000] {logging_mixin.py:120} INFO - [2023-11-01T13:59:18.478+0000] {taskmixin.py:205} WARNING - Dependency <Task(_PythonDecoratedOperator): log_sql_query>, print_the_context already registered for DAG: example_python_operator
[2023-11-01T13:59:18.480+0000] {logging_mixin.py:120} INFO - [2023-11-01T13:59:18.480+0000] {taskmixin.py:205} WARNING - Dependency <Task(_PythonDecoratedOperator): print_the_context>, log_sql_query already registered for DAG: example_python_operator
[2023-11-01T13:59:18.480+0000] {logging_mixin.py:120} INFO - [2023-11-01T13:59:18.480+0000] {taskmixin.py:205} WARNING - Dependency <Task(_PythonDecoratedOperator): log_sql_query>, print_the_context already registered for DAG: example_python_operator
[2023-11-01T13:59:18.482+0000] {logging_mixin.py:120} INFO - [2023-11-01T13:59:18.482+0000] {taskmixin.py:205} WARNING - Dependency <Task(_PythonDecoratedOperator): print_the_context>, log_sql_query already registered for DAG: example_python_operator
[2023-11-01T13:59:18.483+0000] {logging_mixin.py:120} INFO - [2023-11-01T13:59:18.482+0000] {taskmixin.py:205} WARNING - Dependency <Task(_PythonDecoratedOperator): log_sql_query>, print_the_context already registered for DAG: example_python_operator
[2023-11-01T13:59:18.484+0000] {logging_mixin.py:120} INFO - [2023-11-01T13:59:18.484+0000] {taskmixin.py:205} WARNING - Dependency <Task(_PythonDecoratedOperator): print_the_context>, log_sql_query already registered for DAG: example_python_operator
[2023-11-01T13:59:18.485+0000] {logging_mixin.py:120} INFO - [2023-11-01T13:59:18.485+0000] {taskmixin.py:205} WARNING - Dependency <Task(_PythonDecoratedOperator): log_sql_query>, print_the_context already registered for DAG: example_python_operator
[2023-11-01T13:59:18.497+0000] {processor.py:766} INFO - DAG(s) dict_keys(['example_python_operator']) retrieved from /home/airflow/.local/lib/python3.7/site-packages/airflow/example_dags/example_python_operator.py
[2023-11-01T13:59:18.554+0000] {logging_mixin.py:120} INFO - [2023-11-01T13:59:18.554+0000] {dag.py:2585} INFO - Sync 1 DAGs
[2023-11-01T13:59:18.598+0000] {logging_mixin.py:120} INFO - [2023-11-01T13:59:18.597+0000] {dag.py:3340} INFO - Setting next_dagrun for example_python_operator to None, run_after=None
[2023-11-01T13:59:18.638+0000] {processor.py:176} INFO - Processing /home/airflow/.local/lib/python3.7/site-packages/airflow/example_dags/example_python_operator.py took 0.183 seconds
[2023-11-01T13:59:48.968+0000] {processor.py:154} INFO - Started process (PID=129) to work on /home/airflow/.local/lib/python3.7/site-packages/airflow/example_dags/example_python_operator.py
[2023-11-01T13:59:48.969+0000] {processor.py:756} INFO - Processing file /home/airflow/.local/lib/python3.7/site-packages/airflow/example_dags/example_python_operator.py for tasks to queue
[2023-11-01T13:59:48.970+0000] {logging_mixin.py:120} INFO - [2023-11-01T13:59:48.970+0000] {dagbag.py:537} INFO - Filling up the DagBag from /home/airflow/.local/lib/python3.7/site-packages/airflow/example_dags/example_python_operator.py
[2023-11-01T13:59:48.991+0000] {logging_mixin.py:120} INFO - [2023-11-01T13:59:48.991+0000] {taskmixin.py:205} WARNING - Dependency <Task(_PythonDecoratedOperator): print_the_context>, log_sql_query already registered for DAG: example_python_operator
[2023-11-01T13:59:48.992+0000] {logging_mixin.py:120} INFO - [2023-11-01T13:59:48.992+0000] {taskmixin.py:205} WARNING - Dependency <Task(_PythonDecoratedOperator): log_sql_query>, print_the_context already registered for DAG: example_python_operator
[2023-11-01T13:59:48.994+0000] {logging_mixin.py:120} INFO - [2023-11-01T13:59:48.993+0000] {taskmixin.py:205} WARNING - Dependency <Task(_PythonDecoratedOperator): print_the_context>, log_sql_query already registered for DAG: example_python_operator
[2023-11-01T13:59:48.994+0000] {logging_mixin.py:120} INFO - [2023-11-01T13:59:48.994+0000] {taskmixin.py:205} WARNING - Dependency <Task(_PythonDecoratedOperator): log_sql_query>, print_the_context already registered for DAG: example_python_operator
[2023-11-01T13:59:48.996+0000] {logging_mixin.py:120} INFO - [2023-11-01T13:59:48.996+0000] {taskmixin.py:205} WARNING - Dependency <Task(_PythonDecoratedOperator): print_the_context>, log_sql_query already registered for DAG: example_python_operator
[2023-11-01T13:59:48.997+0000] {logging_mixin.py:120} INFO - [2023-11-01T13:59:48.996+0000] {taskmixin.py:205} WARNING - Dependency <Task(_PythonDecoratedOperator): log_sql_query>, print_the_context already registered for DAG: example_python_operator
[2023-11-01T13:59:48.998+0000] {logging_mixin.py:120} INFO - [2023-11-01T13:59:48.998+0000] {taskmixin.py:205} WARNING - Dependency <Task(_PythonDecoratedOperator): print_the_context>, log_sql_query already registered for DAG: example_python_operator
[2023-11-01T13:59:48.999+0000] {logging_mixin.py:120} INFO - [2023-11-01T13:59:48.999+0000] {taskmixin.py:205} WARNING - Dependency <Task(_PythonDecoratedOperator): log_sql_query>, print_the_context already registered for DAG: example_python_operator
[2023-11-01T13:59:49.009+0000] {processor.py:766} INFO - DAG(s) dict_keys(['example_python_operator']) retrieved from /home/airflow/.local/lib/python3.7/site-packages/airflow/example_dags/example_python_operator.py
[2023-11-01T13:59:49.056+0000] {logging_mixin.py:120} INFO - [2023-11-01T13:59:49.056+0000] {dag.py:2585} INFO - Sync 1 DAGs
[2023-11-01T13:59:49.090+0000] {logging_mixin.py:120} INFO - [2023-11-01T13:59:49.089+0000] {dag.py:3340} INFO - Setting next_dagrun for example_python_operator to None, run_after=None
[2023-11-01T13:59:49.117+0000] {processor.py:176} INFO - Processing /home/airflow/.local/lib/python3.7/site-packages/airflow/example_dags/example_python_operator.py took 0.153 seconds
[2023-11-01T14:00:19.324+0000] {processor.py:154} INFO - Started process (PID=194) to work on /home/airflow/.local/lib/python3.7/site-packages/airflow/example_dags/example_python_operator.py
[2023-11-01T14:00:19.325+0000] {processor.py:756} INFO - Processing file /home/airflow/.local/lib/python3.7/site-packages/airflow/example_dags/example_python_operator.py for tasks to queue
[2023-11-01T14:00:19.327+0000] {logging_mixin.py:120} INFO - [2023-11-01T14:00:19.327+0000] {dagbag.py:537} INFO - Filling up the DagBag from /home/airflow/.local/lib/python3.7/site-packages/airflow/example_dags/example_python_operator.py
[2023-11-01T14:00:19.349+0000] {logging_mixin.py:120} INFO - [2023-11-01T14:00:19.348+0000] {taskmixin.py:205} WARNING - Dependency <Task(_PythonDecoratedOperator): print_the_context>, log_sql_query already registered for DAG: example_python_operator
[2023-11-01T14:00:19.349+0000] {logging_mixin.py:120} INFO - [2023-11-01T14:00:19.349+0000] {taskmixin.py:205} WARNING - Dependency <Task(_PythonDecoratedOperator): log_sql_query>, print_the_context already registered for DAG: example_python_operator
[2023-11-01T14:00:19.351+0000] {logging_mixin.py:120} INFO - [2023-11-01T14:00:19.351+0000] {taskmixin.py:205} WARNING - Dependency <Task(_PythonDecoratedOperator): print_the_context>, log_sql_query already registered for DAG: example_python_operator
[2023-11-01T14:00:19.352+0000] {logging_mixin.py:120} INFO - [2023-11-01T14:00:19.352+0000] {taskmixin.py:205} WARNING - Dependency <Task(_PythonDecoratedOperator): log_sql_query>, print_the_context already registered for DAG: example_python_operator
[2023-11-01T14:00:19.353+0000] {logging_mixin.py:120} INFO - [2023-11-01T14:00:19.353+0000] {taskmixin.py:205} WARNING - Dependency <Task(_PythonDecoratedOperator): print_the_context>, log_sql_query already registered for DAG: example_python_operator
[2023-11-01T14:00:19.354+0000] {logging_mixin.py:120} INFO - [2023-11-01T14:00:19.354+0000] {taskmixin.py:205} WARNING - Dependency <Task(_PythonDecoratedOperator): log_sql_query>, print_the_context already registered for DAG: example_python_operator
[2023-11-01T14:00:19.356+0000] {logging_mixin.py:120} INFO - [2023-11-01T14:00:19.356+0000] {taskmixin.py:205} WARNING - Dependency <Task(_PythonDecoratedOperator): print_the_context>, log_sql_query already registered for DAG: example_python_operator
[2023-11-01T14:00:19.357+0000] {logging_mixin.py:120} INFO - [2023-11-01T14:00:19.356+0000] {taskmixin.py:205} WARNING - Dependency <Task(_PythonDecoratedOperator): log_sql_query>, print_the_context already registered for DAG: example_python_operator
[2023-11-01T14:00:19.367+0000] {processor.py:766} INFO - DAG(s) dict_keys(['example_python_operator']) retrieved from /home/airflow/.local/lib/python3.7/site-packages/airflow/example_dags/example_python_operator.py
[2023-11-01T14:00:19.425+0000] {logging_mixin.py:120} INFO - [2023-11-01T14:00:19.425+0000] {dag.py:2585} INFO - Sync 1 DAGs
[2023-11-01T14:00:19.471+0000] {logging_mixin.py:120} INFO - [2023-11-01T14:00:19.471+0000] {dag.py:3340} INFO - Setting next_dagrun for example_python_operator to None, run_after=None
[2023-11-01T14:00:19.501+0000] {processor.py:176} INFO - Processing /home/airflow/.local/lib/python3.7/site-packages/airflow/example_dags/example_python_operator.py took 0.180 seconds
[2023-11-01T14:00:50.343+0000] {processor.py:154} INFO - Started process (PID=252) to work on /home/airflow/.local/lib/python3.7/site-packages/airflow/example_dags/example_python_operator.py
[2023-11-01T14:00:50.345+0000] {processor.py:756} INFO - Processing file /home/airflow/.local/lib/python3.7/site-packages/airflow/example_dags/example_python_operator.py for tasks to queue
[2023-11-01T14:00:50.347+0000] {logging_mixin.py:120} INFO - [2023-11-01T14:00:50.346+0000] {dagbag.py:537} INFO - Filling up the DagBag from /home/airflow/.local/lib/python3.7/site-packages/airflow/example_dags/example_python_operator.py
[2023-11-01T14:00:50.365+0000] {logging_mixin.py:120} INFO - [2023-11-01T14:00:50.365+0000] {taskmixin.py:205} WARNING - Dependency <Task(_PythonDecoratedOperator): print_the_context>, log_sql_query already registered for DAG: example_python_operator
[2023-11-01T14:00:50.366+0000] {logging_mixin.py:120} INFO - [2023-11-01T14:00:50.366+0000] {taskmixin.py:205} WARNING - Dependency <Task(_PythonDecoratedOperator): log_sql_query>, print_the_context already registered for DAG: example_python_operator
[2023-11-01T14:00:50.367+0000] {logging_mixin.py:120} INFO - [2023-11-01T14:00:50.367+0000] {taskmixin.py:205} WARNING - Dependency <Task(_PythonDecoratedOperator): print_the_context>, log_sql_query already registered for DAG: example_python_operator
[2023-11-01T14:00:50.367+0000] {logging_mixin.py:120} INFO - [2023-11-01T14:00:50.367+0000] {taskmixin.py:205} WARNING - Dependency <Task(_PythonDecoratedOperator): log_sql_query>, print_the_context already registered for DAG: example_python_operator
[2023-11-01T14:00:50.368+0000] {logging_mixin.py:120} INFO - [2023-11-01T14:00:50.368+0000] {taskmixin.py:205} WARNING - Dependency <Task(_PythonDecoratedOperator): print_the_context>, log_sql_query already registered for DAG: example_python_operator
[2023-11-01T14:00:50.369+0000] {logging_mixin.py:120} INFO - [2023-11-01T14:00:50.369+0000] {taskmixin.py:205} WARNING - Dependency <Task(_PythonDecoratedOperator): log_sql_query>, print_the_context already registered for DAG: example_python_operator
[2023-11-01T14:00:50.370+0000] {logging_mixin.py:120} INFO - [2023-11-01T14:00:50.370+0000] {taskmixin.py:205} WARNING - Dependency <Task(_PythonDecoratedOperator): print_the_context>, log_sql_query already registered for DAG: example_python_operator
[2023-11-01T14:00:50.371+0000] {logging_mixin.py:120} INFO - [2023-11-01T14:00:50.371+0000] {taskmixin.py:205} WARNING - Dependency <Task(_PythonDecoratedOperator): log_sql_query>, print_the_context already registered for DAG: example_python_operator
[2023-11-01T14:00:50.381+0000] {processor.py:766} INFO - DAG(s) dict_keys(['example_python_operator']) retrieved from /home/airflow/.local/lib/python3.7/site-packages/airflow/example_dags/example_python_operator.py
[2023-11-01T14:00:50.429+0000] {logging_mixin.py:120} INFO - [2023-11-01T14:00:50.428+0000] {dag.py:2585} INFO - Sync 1 DAGs
[2023-11-01T14:00:50.460+0000] {logging_mixin.py:120} INFO - [2023-11-01T14:00:50.460+0000] {dag.py:3340} INFO - Setting next_dagrun for example_python_operator to None, run_after=None
[2023-11-01T14:00:50.486+0000] {processor.py:176} INFO - Processing /home/airflow/.local/lib/python3.7/site-packages/airflow/example_dags/example_python_operator.py took 0.148 seconds
[2023-11-01T14:01:25.348+0000] {processor.py:154} INFO - Started process (PID=319) to work on /home/airflow/.local/lib/python3.7/site-packages/airflow/example_dags/example_python_operator.py
[2023-11-01T14:01:25.350+0000] {processor.py:756} INFO - Processing file /home/airflow/.local/lib/python3.7/site-packages/airflow/example_dags/example_python_operator.py for tasks to queue
[2023-11-01T14:01:25.351+0000] {logging_mixin.py:120} INFO - [2023-11-01T14:01:25.351+0000] {dagbag.py:537} INFO - Filling up the DagBag from /home/airflow/.local/lib/python3.7/site-packages/airflow/example_dags/example_python_operator.py
[2023-11-01T14:01:25.415+0000] {logging_mixin.py:120} INFO - [2023-11-01T14:01:25.414+0000] {taskmixin.py:205} WARNING - Dependency <Task(_PythonDecoratedOperator): print_the_context>, log_sql_query already registered for DAG: example_python_operator
[2023-11-01T14:01:25.422+0000] {logging_mixin.py:120} INFO - [2023-11-01T14:01:25.421+0000] {taskmixin.py:205} WARNING - Dependency <Task(_PythonDecoratedOperator): log_sql_query>, print_the_context already registered for DAG: example_python_operator
[2023-11-01T14:01:25.428+0000] {logging_mixin.py:120} INFO - [2023-11-01T14:01:25.428+0000] {taskmixin.py:205} WARNING - Dependency <Task(_PythonDecoratedOperator): print_the_context>, log_sql_query already registered for DAG: example_python_operator
[2023-11-01T14:01:25.438+0000] {logging_mixin.py:120} INFO - [2023-11-01T14:01:25.437+0000] {taskmixin.py:205} WARNING - Dependency <Task(_PythonDecoratedOperator): log_sql_query>, print_the_context already registered for DAG: example_python_operator
[2023-11-01T14:01:25.441+0000] {logging_mixin.py:120} INFO - [2023-11-01T14:01:25.440+0000] {taskmixin.py:205} WARNING - Dependency <Task(_PythonDecoratedOperator): print_the_context>, log_sql_query already registered for DAG: example_python_operator
[2023-11-01T14:01:25.443+0000] {logging_mixin.py:120} INFO - [2023-11-01T14:01:25.443+0000] {taskmixin.py:205} WARNING - Dependency <Task(_PythonDecoratedOperator): log_sql_query>, print_the_context already registered for DAG: example_python_operator
[2023-11-01T14:01:25.454+0000] {logging_mixin.py:120} INFO - [2023-11-01T14:01:25.454+0000] {taskmixin.py:205} WARNING - Dependency <Task(_PythonDecoratedOperator): print_the_context>, log_sql_query already registered for DAG: example_python_operator
[2023-11-01T14:01:25.456+0000] {logging_mixin.py:120} INFO - [2023-11-01T14:01:25.455+0000] {taskmixin.py:205} WARNING - Dependency <Task(_PythonDecoratedOperator): log_sql_query>, print_the_context already registered for DAG: example_python_operator
[2023-11-01T14:01:25.477+0000] {processor.py:766} INFO - DAG(s) dict_keys(['example_python_operator']) retrieved from /home/airflow/.local/lib/python3.7/site-packages/airflow/example_dags/example_python_operator.py
[2023-11-01T14:01:25.628+0000] {logging_mixin.py:120} INFO - [2023-11-01T14:01:25.628+0000] {dag.py:2585} INFO - Sync 1 DAGs
[2023-11-01T14:01:25.772+0000] {logging_mixin.py:120} INFO - [2023-11-01T14:01:25.772+0000] {dag.py:3340} INFO - Setting next_dagrun for example_python_operator to None, run_after=None
[2023-11-01T14:01:26.069+0000] {processor.py:176} INFO - Processing /home/airflow/.local/lib/python3.7/site-packages/airflow/example_dags/example_python_operator.py took 0.724 seconds
[2023-11-01T14:01:56.220+0000] {processor.py:154} INFO - Started process (PID=376) to work on /home/airflow/.local/lib/python3.7/site-packages/airflow/example_dags/example_python_operator.py
[2023-11-01T14:01:56.222+0000] {processor.py:756} INFO - Processing file /home/airflow/.local/lib/python3.7/site-packages/airflow/example_dags/example_python_operator.py for tasks to queue
[2023-11-01T14:01:56.223+0000] {logging_mixin.py:120} INFO - [2023-11-01T14:01:56.223+0000] {dagbag.py:537} INFO - Filling up the DagBag from /home/airflow/.local/lib/python3.7/site-packages/airflow/example_dags/example_python_operator.py
[2023-11-01T14:01:56.251+0000] {logging_mixin.py:120} INFO - [2023-11-01T14:01:56.251+0000] {taskmixin.py:205} WARNING - Dependency <Task(_PythonDecoratedOperator): print_the_context>, log_sql_query already registered for DAG: example_python_operator
[2023-11-01T14:01:56.252+0000] {logging_mixin.py:120} INFO - [2023-11-01T14:01:56.252+0000] {taskmixin.py:205} WARNING - Dependency <Task(_PythonDecoratedOperator): log_sql_query>, print_the_context already registered for DAG: example_python_operator
[2023-11-01T14:01:56.253+0000] {logging_mixin.py:120} INFO - [2023-11-01T14:01:56.253+0000] {taskmixin.py:205} WARNING - Dependency <Task(_PythonDecoratedOperator): print_the_context>, log_sql_query already registered for DAG: example_python_operator
[2023-11-01T14:01:56.254+0000] {logging_mixin.py:120} INFO - [2023-11-01T14:01:56.253+0000] {taskmixin.py:205} WARNING - Dependency <Task(_PythonDecoratedOperator): log_sql_query>, print_the_context already registered for DAG: example_python_operator
[2023-11-01T14:01:56.255+0000] {logging_mixin.py:120} INFO - [2023-11-01T14:01:56.255+0000] {taskmixin.py:205} WARNING - Dependency <Task(_PythonDecoratedOperator): print_the_context>, log_sql_query already registered for DAG: example_python_operator
[2023-11-01T14:01:56.256+0000] {logging_mixin.py:120} INFO - [2023-11-01T14:01:56.256+0000] {taskmixin.py:205} WARNING - Dependency <Task(_PythonDecoratedOperator): log_sql_query>, print_the_context already registered for DAG: example_python_operator
[2023-11-01T14:01:56.258+0000] {logging_mixin.py:120} INFO - [2023-11-01T14:01:56.258+0000] {taskmixin.py:205} WARNING - Dependency <Task(_PythonDecoratedOperator): print_the_context>, log_sql_query already registered for DAG: example_python_operator
[2023-11-01T14:01:56.259+0000] {logging_mixin.py:120} INFO - [2023-11-01T14:01:56.258+0000] {taskmixin.py:205} WARNING - Dependency <Task(_PythonDecoratedOperator): log_sql_query>, print_the_context already registered for DAG: example_python_operator
[2023-11-01T14:01:56.268+0000] {processor.py:766} INFO - DAG(s) dict_keys(['example_python_operator']) retrieved from /home/airflow/.local/lib/python3.7/site-packages/airflow/example_dags/example_python_operator.py
[2023-11-01T14:01:56.318+0000] {logging_mixin.py:120} INFO - [2023-11-01T14:01:56.318+0000] {dag.py:2585} INFO - Sync 1 DAGs
[2023-11-01T14:01:56.381+0000] {logging_mixin.py:120} INFO - [2023-11-01T14:01:56.380+0000] {dag.py:3340} INFO - Setting next_dagrun for example_python_operator to None, run_after=None
[2023-11-01T14:01:56.447+0000] {processor.py:176} INFO - Processing /home/airflow/.local/lib/python3.7/site-packages/airflow/example_dags/example_python_operator.py took 0.230 seconds
[2023-11-01T14:02:26.883+0000] {processor.py:154} INFO - Started process (PID=439) to work on /home/airflow/.local/lib/python3.7/site-packages/airflow/example_dags/example_python_operator.py
[2023-11-01T14:02:26.885+0000] {processor.py:756} INFO - Processing file /home/airflow/.local/lib/python3.7/site-packages/airflow/example_dags/example_python_operator.py for tasks to queue
[2023-11-01T14:02:26.886+0000] {logging_mixin.py:120} INFO - [2023-11-01T14:02:26.886+0000] {dagbag.py:537} INFO - Filling up the DagBag from /home/airflow/.local/lib/python3.7/site-packages/airflow/example_dags/example_python_operator.py
[2023-11-01T14:02:26.907+0000] {logging_mixin.py:120} INFO - [2023-11-01T14:02:26.907+0000] {taskmixin.py:205} WARNING - Dependency <Task(_PythonDecoratedOperator): print_the_context>, log_sql_query already registered for DAG: example_python_operator
[2023-11-01T14:02:26.908+0000] {logging_mixin.py:120} INFO - [2023-11-01T14:02:26.908+0000] {taskmixin.py:205} WARNING - Dependency <Task(_PythonDecoratedOperator): log_sql_query>, print_the_context already registered for DAG: example_python_operator
[2023-11-01T14:02:26.910+0000] {logging_mixin.py:120} INFO - [2023-11-01T14:02:26.910+0000] {taskmixin.py:205} WARNING - Dependency <Task(_PythonDecoratedOperator): print_the_context>, log_sql_query already registered for DAG: example_python_operator
[2023-11-01T14:02:26.911+0000] {logging_mixin.py:120} INFO - [2023-11-01T14:02:26.911+0000] {taskmixin.py:205} WARNING - Dependency <Task(_PythonDecoratedOperator): log_sql_query>, print_the_context already registered for DAG: example_python_operator
[2023-11-01T14:02:26.912+0000] {logging_mixin.py:120} INFO - [2023-11-01T14:02:26.912+0000] {taskmixin.py:205} WARNING - Dependency <Task(_PythonDecoratedOperator): print_the_context>, log_sql_query already registered for DAG: example_python_operator
[2023-11-01T14:02:26.913+0000] {logging_mixin.py:120} INFO - [2023-11-01T14:02:26.913+0000] {taskmixin.py:205} WARNING - Dependency <Task(_PythonDecoratedOperator): log_sql_query>, print_the_context already registered for DAG: example_python_operator
[2023-11-01T14:02:26.916+0000] {logging_mixin.py:120} INFO - [2023-11-01T14:02:26.916+0000] {taskmixin.py:205} WARNING - Dependency <Task(_PythonDecoratedOperator): print_the_context>, log_sql_query already registered for DAG: example_python_operator
[2023-11-01T14:02:26.917+0000] {logging_mixin.py:120} INFO - [2023-11-01T14:02:26.916+0000] {taskmixin.py:205} WARNING - Dependency <Task(_PythonDecoratedOperator): log_sql_query>, print_the_context already registered for DAG: example_python_operator
[2023-11-01T14:02:26.928+0000] {processor.py:766} INFO - DAG(s) dict_keys(['example_python_operator']) retrieved from /home/airflow/.local/lib/python3.7/site-packages/airflow/example_dags/example_python_operator.py
[2023-11-01T14:02:26.984+0000] {logging_mixin.py:120} INFO - [2023-11-01T14:02:26.984+0000] {dag.py:2585} INFO - Sync 1 DAGs
[2023-11-01T14:02:27.026+0000] {logging_mixin.py:120} INFO - [2023-11-01T14:02:27.025+0000] {dag.py:3340} INFO - Setting next_dagrun for example_python_operator to None, run_after=None
[2023-11-01T14:02:27.096+0000] {processor.py:176} INFO - Processing /home/airflow/.local/lib/python3.7/site-packages/airflow/example_dags/example_python_operator.py took 0.216 seconds
[2023-11-01T14:02:57.894+0000] {processor.py:154} INFO - Started process (PID=496) to work on /home/airflow/.local/lib/python3.7/site-packages/airflow/example_dags/example_python_operator.py
[2023-11-01T14:02:57.896+0000] {processor.py:756} INFO - Processing file /home/airflow/.local/lib/python3.7/site-packages/airflow/example_dags/example_python_operator.py for tasks to queue
[2023-11-01T14:02:57.898+0000] {logging_mixin.py:120} INFO - [2023-11-01T14:02:57.897+0000] {dagbag.py:537} INFO - Filling up the DagBag from /home/airflow/.local/lib/python3.7/site-packages/airflow/example_dags/example_python_operator.py
[2023-11-01T14:02:57.918+0000] {logging_mixin.py:120} INFO - [2023-11-01T14:02:57.918+0000] {taskmixin.py:205} WARNING - Dependency <Task(_PythonDecoratedOperator): print_the_context>, log_sql_query already registered for DAG: example_python_operator
[2023-11-01T14:02:57.919+0000] {logging_mixin.py:120} INFO - [2023-11-01T14:02:57.919+0000] {taskmixin.py:205} WARNING - Dependency <Task(_PythonDecoratedOperator): log_sql_query>, print_the_context already registered for DAG: example_python_operator
[2023-11-01T14:02:57.920+0000] {logging_mixin.py:120} INFO - [2023-11-01T14:02:57.920+0000] {taskmixin.py:205} WARNING - Dependency <Task(_PythonDecoratedOperator): print_the_context>, log_sql_query already registered for DAG: example_python_operator
[2023-11-01T14:02:57.920+0000] {logging_mixin.py:120} INFO - [2023-11-01T14:02:57.920+0000] {taskmixin.py:205} WARNING - Dependency <Task(_PythonDecoratedOperator): log_sql_query>, print_the_context already registered for DAG: example_python_operator
[2023-11-01T14:02:57.922+0000] {logging_mixin.py:120} INFO - [2023-11-01T14:02:57.921+0000] {taskmixin.py:205} WARNING - Dependency <Task(_PythonDecoratedOperator): print_the_context>, log_sql_query already registered for DAG: example_python_operator
[2023-11-01T14:02:57.922+0000] {logging_mixin.py:120} INFO - [2023-11-01T14:02:57.922+0000] {taskmixin.py:205} WARNING - Dependency <Task(_PythonDecoratedOperator): log_sql_query>, print_the_context already registered for DAG: example_python_operator
[2023-11-01T14:02:57.923+0000] {logging_mixin.py:120} INFO - [2023-11-01T14:02:57.923+0000] {taskmixin.py:205} WARNING - Dependency <Task(_PythonDecoratedOperator): print_the_context>, log_sql_query already registered for DAG: example_python_operator
[2023-11-01T14:02:57.924+0000] {logging_mixin.py:120} INFO - [2023-11-01T14:02:57.924+0000] {taskmixin.py:205} WARNING - Dependency <Task(_PythonDecoratedOperator): log_sql_query>, print_the_context already registered for DAG: example_python_operator
[2023-11-01T14:02:57.934+0000] {processor.py:766} INFO - DAG(s) dict_keys(['example_python_operator']) retrieved from /home/airflow/.local/lib/python3.7/site-packages/airflow/example_dags/example_python_operator.py
[2023-11-01T14:02:57.986+0000] {logging_mixin.py:120} INFO - [2023-11-01T14:02:57.986+0000] {dag.py:2585} INFO - Sync 1 DAGs
[2023-11-01T14:02:58.023+0000] {logging_mixin.py:120} INFO - [2023-11-01T14:02:58.023+0000] {dag.py:3340} INFO - Setting next_dagrun for example_python_operator to None, run_after=None
[2023-11-01T14:02:58.054+0000] {processor.py:176} INFO - Processing /home/airflow/.local/lib/python3.7/site-packages/airflow/example_dags/example_python_operator.py took 0.167 seconds
[2023-11-01T14:03:28.881+0000] {processor.py:154} INFO - Started process (PID=561) to work on /home/airflow/.local/lib/python3.7/site-packages/airflow/example_dags/example_python_operator.py
[2023-11-01T14:03:28.883+0000] {processor.py:756} INFO - Processing file /home/airflow/.local/lib/python3.7/site-packages/airflow/example_dags/example_python_operator.py for tasks to queue
[2023-11-01T14:03:28.884+0000] {logging_mixin.py:120} INFO - [2023-11-01T14:03:28.884+0000] {dagbag.py:537} INFO - Filling up the DagBag from /home/airflow/.local/lib/python3.7/site-packages/airflow/example_dags/example_python_operator.py
[2023-11-01T14:03:28.903+0000] {logging_mixin.py:120} INFO - [2023-11-01T14:03:28.903+0000] {taskmixin.py:205} WARNING - Dependency <Task(_PythonDecoratedOperator): print_the_context>, log_sql_query already registered for DAG: example_python_operator
[2023-11-01T14:03:28.904+0000] {logging_mixin.py:120} INFO - [2023-11-01T14:03:28.904+0000] {taskmixin.py:205} WARNING - Dependency <Task(_PythonDecoratedOperator): log_sql_query>, print_the_context already registered for DAG: example_python_operator
[2023-11-01T14:03:28.905+0000] {logging_mixin.py:120} INFO - [2023-11-01T14:03:28.905+0000] {taskmixin.py:205} WARNING - Dependency <Task(_PythonDecoratedOperator): print_the_context>, log_sql_query already registered for DAG: example_python_operator
[2023-11-01T14:03:28.906+0000] {logging_mixin.py:120} INFO - [2023-11-01T14:03:28.906+0000] {taskmixin.py:205} WARNING - Dependency <Task(_PythonDecoratedOperator): log_sql_query>, print_the_context already registered for DAG: example_python_operator
[2023-11-01T14:03:28.907+0000] {logging_mixin.py:120} INFO - [2023-11-01T14:03:28.907+0000] {taskmixin.py:205} WARNING - Dependency <Task(_PythonDecoratedOperator): print_the_context>, log_sql_query already registered for DAG: example_python_operator
[2023-11-01T14:03:28.908+0000] {logging_mixin.py:120} INFO - [2023-11-01T14:03:28.907+0000] {taskmixin.py:205} WARNING - Dependency <Task(_PythonDecoratedOperator): log_sql_query>, print_the_context already registered for DAG: example_python_operator
[2023-11-01T14:03:28.910+0000] {logging_mixin.py:120} INFO - [2023-11-01T14:03:28.910+0000] {taskmixin.py:205} WARNING - Dependency <Task(_PythonDecoratedOperator): print_the_context>, log_sql_query already registered for DAG: example_python_operator
[2023-11-01T14:03:28.911+0000] {logging_mixin.py:120} INFO - [2023-11-01T14:03:28.911+0000] {taskmixin.py:205} WARNING - Dependency <Task(_PythonDecoratedOperator): log_sql_query>, print_the_context already registered for DAG: example_python_operator
[2023-11-01T14:03:28.920+0000] {processor.py:766} INFO - DAG(s) dict_keys(['example_python_operator']) retrieved from /home/airflow/.local/lib/python3.7/site-packages/airflow/example_dags/example_python_operator.py
[2023-11-01T14:03:28.970+0000] {logging_mixin.py:120} INFO - [2023-11-01T14:03:28.970+0000] {dag.py:2585} INFO - Sync 1 DAGs
[2023-11-01T14:03:29.004+0000] {logging_mixin.py:120} INFO - [2023-11-01T14:03:29.004+0000] {dag.py:3340} INFO - Setting next_dagrun for example_python_operator to None, run_after=None
[2023-11-01T14:03:29.047+0000] {processor.py:176} INFO - Processing /home/airflow/.local/lib/python3.7/site-packages/airflow/example_dags/example_python_operator.py took 0.169 seconds
[2023-11-01T14:03:59.297+0000] {processor.py:154} INFO - Started process (PID=617) to work on /home/airflow/.local/lib/python3.7/site-packages/airflow/example_dags/example_python_operator.py
[2023-11-01T14:03:59.298+0000] {processor.py:756} INFO - Processing file /home/airflow/.local/lib/python3.7/site-packages/airflow/example_dags/example_python_operator.py for tasks to queue
[2023-11-01T14:03:59.300+0000] {logging_mixin.py:120} INFO - [2023-11-01T14:03:59.300+0000] {dagbag.py:537} INFO - Filling up the DagBag from /home/airflow/.local/lib/python3.7/site-packages/airflow/example_dags/example_python_operator.py
[2023-11-01T14:03:59.321+0000] {logging_mixin.py:120} INFO - [2023-11-01T14:03:59.320+0000] {taskmixin.py:205} WARNING - Dependency <Task(_PythonDecoratedOperator): print_the_context>, log_sql_query already registered for DAG: example_python_operator
[2023-11-01T14:03:59.321+0000] {logging_mixin.py:120} INFO - [2023-11-01T14:03:59.321+0000] {taskmixin.py:205} WARNING - Dependency <Task(_PythonDecoratedOperator): log_sql_query>, print_the_context already registered for DAG: example_python_operator
[2023-11-01T14:03:59.323+0000] {logging_mixin.py:120} INFO - [2023-11-01T14:03:59.323+0000] {taskmixin.py:205} WARNING - Dependency <Task(_PythonDecoratedOperator): print_the_context>, log_sql_query already registered for DAG: example_python_operator
[2023-11-01T14:03:59.323+0000] {logging_mixin.py:120} INFO - [2023-11-01T14:03:59.323+0000] {taskmixin.py:205} WARNING - Dependency <Task(_PythonDecoratedOperator): log_sql_query>, print_the_context already registered for DAG: example_python_operator
[2023-11-01T14:03:59.325+0000] {logging_mixin.py:120} INFO - [2023-11-01T14:03:59.325+0000] {taskmixin.py:205} WARNING - Dependency <Task(_PythonDecoratedOperator): print_the_context>, log_sql_query already registered for DAG: example_python_operator
[2023-11-01T14:03:59.325+0000] {logging_mixin.py:120} INFO - [2023-11-01T14:03:59.325+0000] {taskmixin.py:205} WARNING - Dependency <Task(_PythonDecoratedOperator): log_sql_query>, print_the_context already registered for DAG: example_python_operator
[2023-11-01T14:03:59.327+0000] {logging_mixin.py:120} INFO - [2023-11-01T14:03:59.327+0000] {taskmixin.py:205} WARNING - Dependency <Task(_PythonDecoratedOperator): print_the_context>, log_sql_query already registered for DAG: example_python_operator
[2023-11-01T14:03:59.328+0000] {logging_mixin.py:120} INFO - [2023-11-01T14:03:59.328+0000] {taskmixin.py:205} WARNING - Dependency <Task(_PythonDecoratedOperator): log_sql_query>, print_the_context already registered for DAG: example_python_operator
[2023-11-01T14:03:59.337+0000] {processor.py:766} INFO - DAG(s) dict_keys(['example_python_operator']) retrieved from /home/airflow/.local/lib/python3.7/site-packages/airflow/example_dags/example_python_operator.py
[2023-11-01T14:03:59.385+0000] {logging_mixin.py:120} INFO - [2023-11-01T14:03:59.385+0000] {dag.py:2585} INFO - Sync 1 DAGs
[2023-11-01T14:03:59.420+0000] {logging_mixin.py:120} INFO - [2023-11-01T14:03:59.420+0000] {dag.py:3340} INFO - Setting next_dagrun for example_python_operator to None, run_after=None
[2023-11-01T14:03:59.449+0000] {processor.py:176} INFO - Processing /home/airflow/.local/lib/python3.7/site-packages/airflow/example_dags/example_python_operator.py took 0.156 seconds
[2023-11-01T14:04:29.882+0000] {processor.py:154} INFO - Started process (PID=682) to work on /home/airflow/.local/lib/python3.7/site-packages/airflow/example_dags/example_python_operator.py
[2023-11-01T14:04:29.883+0000] {processor.py:756} INFO - Processing file /home/airflow/.local/lib/python3.7/site-packages/airflow/example_dags/example_python_operator.py for tasks to queue
[2023-11-01T14:04:29.885+0000] {logging_mixin.py:120} INFO - [2023-11-01T14:04:29.884+0000] {dagbag.py:537} INFO - Filling up the DagBag from /home/airflow/.local/lib/python3.7/site-packages/airflow/example_dags/example_python_operator.py
[2023-11-01T14:04:29.904+0000] {logging_mixin.py:120} INFO - [2023-11-01T14:04:29.904+0000] {taskmixin.py:205} WARNING - Dependency <Task(_PythonDecoratedOperator): print_the_context>, log_sql_query already registered for DAG: example_python_operator
[2023-11-01T14:04:29.905+0000] {logging_mixin.py:120} INFO - [2023-11-01T14:04:29.904+0000] {taskmixin.py:205} WARNING - Dependency <Task(_PythonDecoratedOperator): log_sql_query>, print_the_context already registered for DAG: example_python_operator
[2023-11-01T14:04:29.906+0000] {logging_mixin.py:120} INFO - [2023-11-01T14:04:29.906+0000] {taskmixin.py:205} WARNING - Dependency <Task(_PythonDecoratedOperator): print_the_context>, log_sql_query already registered for DAG: example_python_operator
[2023-11-01T14:04:29.907+0000] {logging_mixin.py:120} INFO - [2023-11-01T14:04:29.906+0000] {taskmixin.py:205} WARNING - Dependency <Task(_PythonDecoratedOperator): log_sql_query>, print_the_context already registered for DAG: example_python_operator
[2023-11-01T14:04:29.908+0000] {logging_mixin.py:120} INFO - [2023-11-01T14:04:29.908+0000] {taskmixin.py:205} WARNING - Dependency <Task(_PythonDecoratedOperator): print_the_context>, log_sql_query already registered for DAG: example_python_operator
[2023-11-01T14:04:29.909+0000] {logging_mixin.py:120} INFO - [2023-11-01T14:04:29.908+0000] {taskmixin.py:205} WARNING - Dependency <Task(_PythonDecoratedOperator): log_sql_query>, print_the_context already registered for DAG: example_python_operator
[2023-11-01T14:04:29.910+0000] {logging_mixin.py:120} INFO - [2023-11-01T14:04:29.910+0000] {taskmixin.py:205} WARNING - Dependency <Task(_PythonDecoratedOperator): print_the_context>, log_sql_query already registered for DAG: example_python_operator
[2023-11-01T14:04:29.912+0000] {logging_mixin.py:120} INFO - [2023-11-01T14:04:29.910+0000] {taskmixin.py:205} WARNING - Dependency <Task(_PythonDecoratedOperator): log_sql_query>, print_the_context already registered for DAG: example_python_operator
[2023-11-01T14:04:29.921+0000] {processor.py:766} INFO - DAG(s) dict_keys(['example_python_operator']) retrieved from /home/airflow/.local/lib/python3.7/site-packages/airflow/example_dags/example_python_operator.py
[2023-11-01T14:04:29.982+0000] {logging_mixin.py:120} INFO - [2023-11-01T14:04:29.982+0000] {dag.py:2585} INFO - Sync 1 DAGs
[2023-11-01T14:04:30.032+0000] {logging_mixin.py:120} INFO - [2023-11-01T14:04:30.032+0000] {dag.py:3340} INFO - Setting next_dagrun for example_python_operator to None, run_after=None
[2023-11-01T14:04:30.064+0000] {processor.py:176} INFO - Processing /home/airflow/.local/lib/python3.7/site-packages/airflow/example_dags/example_python_operator.py took 0.185 seconds
[2023-11-01T14:05:00.608+0000] {processor.py:154} INFO - Started process (PID=739) to work on /home/airflow/.local/lib/python3.7/site-packages/airflow/example_dags/example_python_operator.py
[2023-11-01T14:05:00.610+0000] {processor.py:756} INFO - Processing file /home/airflow/.local/lib/python3.7/site-packages/airflow/example_dags/example_python_operator.py for tasks to queue
[2023-11-01T14:05:00.611+0000] {logging_mixin.py:120} INFO - [2023-11-01T14:05:00.611+0000] {dagbag.py:537} INFO - Filling up the DagBag from /home/airflow/.local/lib/python3.7/site-packages/airflow/example_dags/example_python_operator.py
[2023-11-01T14:05:00.632+0000] {logging_mixin.py:120} INFO - [2023-11-01T14:05:00.631+0000] {taskmixin.py:205} WARNING - Dependency <Task(_PythonDecoratedOperator): print_the_context>, log_sql_query already registered for DAG: example_python_operator
[2023-11-01T14:05:00.632+0000] {logging_mixin.py:120} INFO - [2023-11-01T14:05:00.632+0000] {taskmixin.py:205} WARNING - Dependency <Task(_PythonDecoratedOperator): log_sql_query>, print_the_context already registered for DAG: example_python_operator
[2023-11-01T14:05:00.634+0000] {logging_mixin.py:120} INFO - [2023-11-01T14:05:00.634+0000] {taskmixin.py:205} WARNING - Dependency <Task(_PythonDecoratedOperator): print_the_context>, log_sql_query already registered for DAG: example_python_operator
[2023-11-01T14:05:00.635+0000] {logging_mixin.py:120} INFO - [2023-11-01T14:05:00.634+0000] {taskmixin.py:205} WARNING - Dependency <Task(_PythonDecoratedOperator): log_sql_query>, print_the_context already registered for DAG: example_python_operator
[2023-11-01T14:05:00.639+0000] {logging_mixin.py:120} INFO - [2023-11-01T14:05:00.638+0000] {taskmixin.py:205} WARNING - Dependency <Task(_PythonDecoratedOperator): print_the_context>, log_sql_query already registered for DAG: example_python_operator
[2023-11-01T14:05:00.640+0000] {logging_mixin.py:120} INFO - [2023-11-01T14:05:00.639+0000] {taskmixin.py:205} WARNING - Dependency <Task(_PythonDecoratedOperator): log_sql_query>, print_the_context already registered for DAG: example_python_operator
[2023-11-01T14:05:00.642+0000] {logging_mixin.py:120} INFO - [2023-11-01T14:05:00.642+0000] {taskmixin.py:205} WARNING - Dependency <Task(_PythonDecoratedOperator): print_the_context>, log_sql_query already registered for DAG: example_python_operator
[2023-11-01T14:05:00.643+0000] {logging_mixin.py:120} INFO - [2023-11-01T14:05:00.643+0000] {taskmixin.py:205} WARNING - Dependency <Task(_PythonDecoratedOperator): log_sql_query>, print_the_context already registered for DAG: example_python_operator
[2023-11-01T14:05:00.657+0000] {processor.py:766} INFO - DAG(s) dict_keys(['example_python_operator']) retrieved from /home/airflow/.local/lib/python3.7/site-packages/airflow/example_dags/example_python_operator.py
[2023-11-01T14:05:00.753+0000] {logging_mixin.py:120} INFO - [2023-11-01T14:05:00.753+0000] {dag.py:2585} INFO - Sync 1 DAGs
[2023-11-01T14:05:00.790+0000] {logging_mixin.py:120} INFO - [2023-11-01T14:05:00.789+0000] {dag.py:3340} INFO - Setting next_dagrun for example_python_operator to None, run_after=None
[2023-11-01T14:05:00.822+0000] {processor.py:176} INFO - Processing /home/airflow/.local/lib/python3.7/site-packages/airflow/example_dags/example_python_operator.py took 0.218 seconds
[2023-11-01T14:05:31.112+0000] {processor.py:154} INFO - Started process (PID=804) to work on /home/airflow/.local/lib/python3.7/site-packages/airflow/example_dags/example_python_operator.py
[2023-11-01T14:05:31.115+0000] {processor.py:756} INFO - Processing file /home/airflow/.local/lib/python3.7/site-packages/airflow/example_dags/example_python_operator.py for tasks to queue
[2023-11-01T14:05:31.118+0000] {logging_mixin.py:120} INFO - [2023-11-01T14:05:31.118+0000] {dagbag.py:537} INFO - Filling up the DagBag from /home/airflow/.local/lib/python3.7/site-packages/airflow/example_dags/example_python_operator.py
[2023-11-01T14:05:31.141+0000] {logging_mixin.py:120} INFO - [2023-11-01T14:05:31.140+0000] {taskmixin.py:205} WARNING - Dependency <Task(_PythonDecoratedOperator): print_the_context>, log_sql_query already registered for DAG: example_python_operator
[2023-11-01T14:05:31.141+0000] {logging_mixin.py:120} INFO - [2023-11-01T14:05:31.141+0000] {taskmixin.py:205} WARNING - Dependency <Task(_PythonDecoratedOperator): log_sql_query>, print_the_context already registered for DAG: example_python_operator
[2023-11-01T14:05:31.143+0000] {logging_mixin.py:120} INFO - [2023-11-01T14:05:31.142+0000] {taskmixin.py:205} WARNING - Dependency <Task(_PythonDecoratedOperator): print_the_context>, log_sql_query already registered for DAG: example_python_operator
[2023-11-01T14:05:31.143+0000] {logging_mixin.py:120} INFO - [2023-11-01T14:05:31.143+0000] {taskmixin.py:205} WARNING - Dependency <Task(_PythonDecoratedOperator): log_sql_query>, print_the_context already registered for DAG: example_python_operator
[2023-11-01T14:05:31.144+0000] {logging_mixin.py:120} INFO - [2023-11-01T14:05:31.144+0000] {taskmixin.py:205} WARNING - Dependency <Task(_PythonDecoratedOperator): print_the_context>, log_sql_query already registered for DAG: example_python_operator
[2023-11-01T14:05:31.145+0000] {logging_mixin.py:120} INFO - [2023-11-01T14:05:31.145+0000] {taskmixin.py:205} WARNING - Dependency <Task(_PythonDecoratedOperator): log_sql_query>, print_the_context already registered for DAG: example_python_operator
[2023-11-01T14:05:31.146+0000] {logging_mixin.py:120} INFO - [2023-11-01T14:05:31.146+0000] {taskmixin.py:205} WARNING - Dependency <Task(_PythonDecoratedOperator): print_the_context>, log_sql_query already registered for DAG: example_python_operator
[2023-11-01T14:05:31.148+0000] {logging_mixin.py:120} INFO - [2023-11-01T14:05:31.147+0000] {taskmixin.py:205} WARNING - Dependency <Task(_PythonDecoratedOperator): log_sql_query>, print_the_context already registered for DAG: example_python_operator
[2023-11-01T14:05:31.159+0000] {processor.py:766} INFO - DAG(s) dict_keys(['example_python_operator']) retrieved from /home/airflow/.local/lib/python3.7/site-packages/airflow/example_dags/example_python_operator.py
[2023-11-01T14:05:31.211+0000] {logging_mixin.py:120} INFO - [2023-11-01T14:05:31.211+0000] {dag.py:2585} INFO - Sync 1 DAGs
[2023-11-01T14:05:31.247+0000] {logging_mixin.py:120} INFO - [2023-11-01T14:05:31.247+0000] {dag.py:3340} INFO - Setting next_dagrun for example_python_operator to None, run_after=None
[2023-11-01T14:05:31.279+0000] {processor.py:176} INFO - Processing /home/airflow/.local/lib/python3.7/site-packages/airflow/example_dags/example_python_operator.py took 0.170 seconds
[2023-11-01T14:06:01.656+0000] {processor.py:154} INFO - Started process (PID=860) to work on /home/airflow/.local/lib/python3.7/site-packages/airflow/example_dags/example_python_operator.py
[2023-11-01T14:06:01.658+0000] {processor.py:756} INFO - Processing file /home/airflow/.local/lib/python3.7/site-packages/airflow/example_dags/example_python_operator.py for tasks to queue
[2023-11-01T14:06:01.661+0000] {logging_mixin.py:120} INFO - [2023-11-01T14:06:01.660+0000] {dagbag.py:537} INFO - Filling up the DagBag from /home/airflow/.local/lib/python3.7/site-packages/airflow/example_dags/example_python_operator.py
[2023-11-01T14:06:01.705+0000] {logging_mixin.py:120} INFO - [2023-11-01T14:06:01.704+0000] {taskmixin.py:205} WARNING - Dependency <Task(_PythonDecoratedOperator): print_the_context>, log_sql_query already registered for DAG: example_python_operator
[2023-11-01T14:06:01.706+0000] {logging_mixin.py:120} INFO - [2023-11-01T14:06:01.705+0000] {taskmixin.py:205} WARNING - Dependency <Task(_PythonDecoratedOperator): log_sql_query>, print_the_context already registered for DAG: example_python_operator
[2023-11-01T14:06:01.707+0000] {logging_mixin.py:120} INFO - [2023-11-01T14:06:01.707+0000] {taskmixin.py:205} WARNING - Dependency <Task(_PythonDecoratedOperator): print_the_context>, log_sql_query already registered for DAG: example_python_operator
[2023-11-01T14:06:01.708+0000] {logging_mixin.py:120} INFO - [2023-11-01T14:06:01.708+0000] {taskmixin.py:205} WARNING - Dependency <Task(_PythonDecoratedOperator): log_sql_query>, print_the_context already registered for DAG: example_python_operator
[2023-11-01T14:06:01.710+0000] {logging_mixin.py:120} INFO - [2023-11-01T14:06:01.710+0000] {taskmixin.py:205} WARNING - Dependency <Task(_PythonDecoratedOperator): print_the_context>, log_sql_query already registered for DAG: example_python_operator
[2023-11-01T14:06:01.712+0000] {logging_mixin.py:120} INFO - [2023-11-01T14:06:01.711+0000] {taskmixin.py:205} WARNING - Dependency <Task(_PythonDecoratedOperator): log_sql_query>, print_the_context already registered for DAG: example_python_operator
[2023-11-01T14:06:01.717+0000] {logging_mixin.py:120} INFO - [2023-11-01T14:06:01.717+0000] {taskmixin.py:205} WARNING - Dependency <Task(_PythonDecoratedOperator): print_the_context>, log_sql_query already registered for DAG: example_python_operator
[2023-11-01T14:06:01.719+0000] {logging_mixin.py:120} INFO - [2023-11-01T14:06:01.719+0000] {taskmixin.py:205} WARNING - Dependency <Task(_PythonDecoratedOperator): log_sql_query>, print_the_context already registered for DAG: example_python_operator
[2023-11-01T14:06:01.735+0000] {processor.py:766} INFO - DAG(s) dict_keys(['example_python_operator']) retrieved from /home/airflow/.local/lib/python3.7/site-packages/airflow/example_dags/example_python_operator.py
[2023-11-01T14:06:01.825+0000] {logging_mixin.py:120} INFO - [2023-11-01T14:06:01.821+0000] {dag.py:2585} INFO - Sync 1 DAGs
[2023-11-01T14:06:01.872+0000] {logging_mixin.py:120} INFO - [2023-11-01T14:06:01.872+0000] {dag.py:3340} INFO - Setting next_dagrun for example_python_operator to None, run_after=None
[2023-11-01T14:06:01.925+0000] {processor.py:176} INFO - Processing /home/airflow/.local/lib/python3.7/site-packages/airflow/example_dags/example_python_operator.py took 0.273 seconds
[2023-11-01T14:06:32.070+0000] {processor.py:154} INFO - Started process (PID=926) to work on /home/airflow/.local/lib/python3.7/site-packages/airflow/example_dags/example_python_operator.py
[2023-11-01T14:06:32.071+0000] {processor.py:756} INFO - Processing file /home/airflow/.local/lib/python3.7/site-packages/airflow/example_dags/example_python_operator.py for tasks to queue
[2023-11-01T14:06:32.072+0000] {logging_mixin.py:120} INFO - [2023-11-01T14:06:32.072+0000] {dagbag.py:537} INFO - Filling up the DagBag from /home/airflow/.local/lib/python3.7/site-packages/airflow/example_dags/example_python_operator.py
[2023-11-01T14:06:32.090+0000] {logging_mixin.py:120} INFO - [2023-11-01T14:06:32.090+0000] {taskmixin.py:205} WARNING - Dependency <Task(_PythonDecoratedOperator): print_the_context>, log_sql_query already registered for DAG: example_python_operator
[2023-11-01T14:06:32.091+0000] {logging_mixin.py:120} INFO - [2023-11-01T14:06:32.091+0000] {taskmixin.py:205} WARNING - Dependency <Task(_PythonDecoratedOperator): log_sql_query>, print_the_context already registered for DAG: example_python_operator
[2023-11-01T14:06:32.092+0000] {logging_mixin.py:120} INFO - [2023-11-01T14:06:32.092+0000] {taskmixin.py:205} WARNING - Dependency <Task(_PythonDecoratedOperator): print_the_context>, log_sql_query already registered for DAG: example_python_operator
[2023-11-01T14:06:32.093+0000] {logging_mixin.py:120} INFO - [2023-11-01T14:06:32.093+0000] {taskmixin.py:205} WARNING - Dependency <Task(_PythonDecoratedOperator): log_sql_query>, print_the_context already registered for DAG: example_python_operator
[2023-11-01T14:06:32.095+0000] {logging_mixin.py:120} INFO - [2023-11-01T14:06:32.094+0000] {taskmixin.py:205} WARNING - Dependency <Task(_PythonDecoratedOperator): print_the_context>, log_sql_query already registered for DAG: example_python_operator
[2023-11-01T14:06:32.095+0000] {logging_mixin.py:120} INFO - [2023-11-01T14:06:32.095+0000] {taskmixin.py:205} WARNING - Dependency <Task(_PythonDecoratedOperator): log_sql_query>, print_the_context already registered for DAG: example_python_operator
[2023-11-01T14:06:32.097+0000] {logging_mixin.py:120} INFO - [2023-11-01T14:06:32.097+0000] {taskmixin.py:205} WARNING - Dependency <Task(_PythonDecoratedOperator): print_the_context>, log_sql_query already registered for DAG: example_python_operator
[2023-11-01T14:06:32.098+0000] {logging_mixin.py:120} INFO - [2023-11-01T14:06:32.098+0000] {taskmixin.py:205} WARNING - Dependency <Task(_PythonDecoratedOperator): log_sql_query>, print_the_context already registered for DAG: example_python_operator
[2023-11-01T14:06:32.108+0000] {processor.py:766} INFO - DAG(s) dict_keys(['example_python_operator']) retrieved from /home/airflow/.local/lib/python3.7/site-packages/airflow/example_dags/example_python_operator.py
[2023-11-01T14:06:32.213+0000] {logging_mixin.py:120} INFO - [2023-11-01T14:06:32.213+0000] {dag.py:2585} INFO - Sync 1 DAGs
[2023-11-01T14:06:32.252+0000] {logging_mixin.py:120} INFO - [2023-11-01T14:06:32.252+0000] {dag.py:3340} INFO - Setting next_dagrun for example_python_operator to None, run_after=None
[2023-11-01T14:06:32.311+0000] {processor.py:176} INFO - Processing /home/airflow/.local/lib/python3.7/site-packages/airflow/example_dags/example_python_operator.py took 0.245 seconds
[2023-11-01T14:07:02.399+0000] {processor.py:154} INFO - Started process (PID=982) to work on /home/airflow/.local/lib/python3.7/site-packages/airflow/example_dags/example_python_operator.py
[2023-11-01T14:07:02.401+0000] {processor.py:756} INFO - Processing file /home/airflow/.local/lib/python3.7/site-packages/airflow/example_dags/example_python_operator.py for tasks to queue
[2023-11-01T14:07:02.404+0000] {logging_mixin.py:120} INFO - [2023-11-01T14:07:02.404+0000] {dagbag.py:537} INFO - Filling up the DagBag from /home/airflow/.local/lib/python3.7/site-packages/airflow/example_dags/example_python_operator.py
[2023-11-01T14:07:02.426+0000] {logging_mixin.py:120} INFO - [2023-11-01T14:07:02.426+0000] {taskmixin.py:205} WARNING - Dependency <Task(_PythonDecoratedOperator): print_the_context>, log_sql_query already registered for DAG: example_python_operator
[2023-11-01T14:07:02.427+0000] {logging_mixin.py:120} INFO - [2023-11-01T14:07:02.427+0000] {taskmixin.py:205} WARNING - Dependency <Task(_PythonDecoratedOperator): log_sql_query>, print_the_context already registered for DAG: example_python_operator
[2023-11-01T14:07:02.429+0000] {logging_mixin.py:120} INFO - [2023-11-01T14:07:02.429+0000] {taskmixin.py:205} WARNING - Dependency <Task(_PythonDecoratedOperator): print_the_context>, log_sql_query already registered for DAG: example_python_operator
[2023-11-01T14:07:02.430+0000] {logging_mixin.py:120} INFO - [2023-11-01T14:07:02.430+0000] {taskmixin.py:205} WARNING - Dependency <Task(_PythonDecoratedOperator): log_sql_query>, print_the_context already registered for DAG: example_python_operator
[2023-11-01T14:07:02.432+0000] {logging_mixin.py:120} INFO - [2023-11-01T14:07:02.431+0000] {taskmixin.py:205} WARNING - Dependency <Task(_PythonDecoratedOperator): print_the_context>, log_sql_query already registered for DAG: example_python_operator
[2023-11-01T14:07:02.432+0000] {logging_mixin.py:120} INFO - [2023-11-01T14:07:02.432+0000] {taskmixin.py:205} WARNING - Dependency <Task(_PythonDecoratedOperator): log_sql_query>, print_the_context already registered for DAG: example_python_operator
[2023-11-01T14:07:02.434+0000] {logging_mixin.py:120} INFO - [2023-11-01T14:07:02.434+0000] {taskmixin.py:205} WARNING - Dependency <Task(_PythonDecoratedOperator): print_the_context>, log_sql_query already registered for DAG: example_python_operator
[2023-11-01T14:07:02.435+0000] {logging_mixin.py:120} INFO - [2023-11-01T14:07:02.434+0000] {taskmixin.py:205} WARNING - Dependency <Task(_PythonDecoratedOperator): log_sql_query>, print_the_context already registered for DAG: example_python_operator
[2023-11-01T14:07:02.444+0000] {processor.py:766} INFO - DAG(s) dict_keys(['example_python_operator']) retrieved from /home/airflow/.local/lib/python3.7/site-packages/airflow/example_dags/example_python_operator.py
[2023-11-01T14:07:02.508+0000] {logging_mixin.py:120} INFO - [2023-11-01T14:07:02.508+0000] {dag.py:2585} INFO - Sync 1 DAGs
[2023-11-01T14:07:02.547+0000] {logging_mixin.py:120} INFO - [2023-11-01T14:07:02.547+0000] {dag.py:3340} INFO - Setting next_dagrun for example_python_operator to None, run_after=None
[2023-11-01T14:07:02.594+0000] {processor.py:176} INFO - Processing /home/airflow/.local/lib/python3.7/site-packages/airflow/example_dags/example_python_operator.py took 0.199 seconds
