[2023-11-01T13:59:19.641+0000] {processor.py:154} INFO - Started process (PID=78) to work on /home/airflow/.local/lib/python3.7/site-packages/airflow/example_dags/example_branch_operator.py
[2023-11-01T13:59:19.643+0000] {processor.py:756} INFO - Processing file /home/airflow/.local/lib/python3.7/site-packages/airflow/example_dags/example_branch_operator.py for tasks to queue
[2023-11-01T13:59:19.645+0000] {logging_mixin.py:120} INFO - [2023-11-01T13:59:19.644+0000] {dagbag.py:537} INFO - Filling up the DagBag from /home/airflow/.local/lib/python3.7/site-packages/airflow/example_dags/example_branch_operator.py
[2023-11-01T13:59:19.678+0000] {processor.py:766} INFO - DAG(s) dict_keys(['example_branch_operator']) retrieved from /home/airflow/.local/lib/python3.7/site-packages/airflow/example_dags/example_branch_operator.py
[2023-11-01T13:59:19.749+0000] {logging_mixin.py:120} INFO - [2023-11-01T13:59:19.749+0000] {dag.py:2585} INFO - Sync 1 DAGs
[2023-11-01T13:59:19.826+0000] {logging_mixin.py:120} INFO - [2023-11-01T13:59:19.826+0000] {dag.py:3340} INFO - Setting next_dagrun for example_branch_operator to 2023-10-31T00:00:00+00:00, run_after=2023-11-01T00:00:00+00:00
[2023-11-01T13:59:19.894+0000] {processor.py:176} INFO - Processing /home/airflow/.local/lib/python3.7/site-packages/airflow/example_dags/example_branch_operator.py took 0.256 seconds
[2023-11-01T13:59:50.500+0000] {processor.py:154} INFO - Started process (PID=136) to work on /home/airflow/.local/lib/python3.7/site-packages/airflow/example_dags/example_branch_operator.py
[2023-11-01T13:59:50.501+0000] {processor.py:756} INFO - Processing file /home/airflow/.local/lib/python3.7/site-packages/airflow/example_dags/example_branch_operator.py for tasks to queue
[2023-11-01T13:59:50.503+0000] {logging_mixin.py:120} INFO - [2023-11-01T13:59:50.502+0000] {dagbag.py:537} INFO - Filling up the DagBag from /home/airflow/.local/lib/python3.7/site-packages/airflow/example_dags/example_branch_operator.py
[2023-11-01T13:59:50.523+0000] {processor.py:766} INFO - DAG(s) dict_keys(['example_branch_operator']) retrieved from /home/airflow/.local/lib/python3.7/site-packages/airflow/example_dags/example_branch_operator.py
[2023-11-01T13:59:50.569+0000] {logging_mixin.py:120} INFO - [2023-11-01T13:59:50.568+0000] {dag.py:2585} INFO - Sync 1 DAGs
[2023-11-01T13:59:50.608+0000] {logging_mixin.py:120} INFO - [2023-11-01T13:59:50.608+0000] {dag.py:3340} INFO - Setting next_dagrun for example_branch_operator to 2023-10-31T00:00:00+00:00, run_after=2023-11-01T00:00:00+00:00
[2023-11-01T13:59:50.639+0000] {processor.py:176} INFO - Processing /home/airflow/.local/lib/python3.7/site-packages/airflow/example_dags/example_branch_operator.py took 0.141 seconds
[2023-11-01T14:00:21.529+0000] {processor.py:154} INFO - Started process (PID=203) to work on /home/airflow/.local/lib/python3.7/site-packages/airflow/example_dags/example_branch_operator.py
[2023-11-01T14:00:21.530+0000] {processor.py:756} INFO - Processing file /home/airflow/.local/lib/python3.7/site-packages/airflow/example_dags/example_branch_operator.py for tasks to queue
[2023-11-01T14:00:21.532+0000] {logging_mixin.py:120} INFO - [2023-11-01T14:00:21.531+0000] {dagbag.py:537} INFO - Filling up the DagBag from /home/airflow/.local/lib/python3.7/site-packages/airflow/example_dags/example_branch_operator.py
[2023-11-01T14:00:21.552+0000] {processor.py:766} INFO - DAG(s) dict_keys(['example_branch_operator']) retrieved from /home/airflow/.local/lib/python3.7/site-packages/airflow/example_dags/example_branch_operator.py
[2023-11-01T14:00:21.601+0000] {logging_mixin.py:120} INFO - [2023-11-01T14:00:21.601+0000] {dag.py:2585} INFO - Sync 1 DAGs
[2023-11-01T14:00:21.636+0000] {logging_mixin.py:120} INFO - [2023-11-01T14:00:21.636+0000] {dag.py:3340} INFO - Setting next_dagrun for example_branch_operator to 2023-10-31T00:00:00+00:00, run_after=2023-11-01T00:00:00+00:00
[2023-11-01T14:00:21.663+0000] {processor.py:176} INFO - Processing /home/airflow/.local/lib/python3.7/site-packages/airflow/example_dags/example_branch_operator.py took 0.137 seconds
[2023-11-01T14:00:52.196+0000] {processor.py:154} INFO - Started process (PID=260) to work on /home/airflow/.local/lib/python3.7/site-packages/airflow/example_dags/example_branch_operator.py
[2023-11-01T14:00:52.197+0000] {processor.py:756} INFO - Processing file /home/airflow/.local/lib/python3.7/site-packages/airflow/example_dags/example_branch_operator.py for tasks to queue
[2023-11-01T14:00:52.199+0000] {logging_mixin.py:120} INFO - [2023-11-01T14:00:52.198+0000] {dagbag.py:537} INFO - Filling up the DagBag from /home/airflow/.local/lib/python3.7/site-packages/airflow/example_dags/example_branch_operator.py
[2023-11-01T14:00:52.219+0000] {processor.py:766} INFO - DAG(s) dict_keys(['example_branch_operator']) retrieved from /home/airflow/.local/lib/python3.7/site-packages/airflow/example_dags/example_branch_operator.py
[2023-11-01T14:00:52.267+0000] {logging_mixin.py:120} INFO - [2023-11-01T14:00:52.266+0000] {dag.py:2585} INFO - Sync 1 DAGs
[2023-11-01T14:00:52.300+0000] {logging_mixin.py:120} INFO - [2023-11-01T14:00:52.300+0000] {dag.py:3340} INFO - Setting next_dagrun for example_branch_operator to 2023-10-31T00:00:00+00:00, run_after=2023-11-01T00:00:00+00:00
[2023-11-01T14:00:52.328+0000] {processor.py:176} INFO - Processing /home/airflow/.local/lib/python3.7/site-packages/airflow/example_dags/example_branch_operator.py took 0.135 seconds
[2023-11-01T14:01:28.995+0000] {processor.py:154} INFO - Started process (PID=326) to work on /home/airflow/.local/lib/python3.7/site-packages/airflow/example_dags/example_branch_operator.py
[2023-11-01T14:01:28.996+0000] {processor.py:756} INFO - Processing file /home/airflow/.local/lib/python3.7/site-packages/airflow/example_dags/example_branch_operator.py for tasks to queue
[2023-11-01T14:01:28.998+0000] {logging_mixin.py:120} INFO - [2023-11-01T14:01:28.997+0000] {dagbag.py:537} INFO - Filling up the DagBag from /home/airflow/.local/lib/python3.7/site-packages/airflow/example_dags/example_branch_operator.py
[2023-11-01T14:01:29.062+0000] {processor.py:766} INFO - DAG(s) dict_keys(['example_branch_operator']) retrieved from /home/airflow/.local/lib/python3.7/site-packages/airflow/example_dags/example_branch_operator.py
[2023-11-01T14:01:29.209+0000] {logging_mixin.py:120} INFO - [2023-11-01T14:01:29.208+0000] {dag.py:2585} INFO - Sync 1 DAGs
[2023-11-01T14:01:29.344+0000] {logging_mixin.py:120} INFO - [2023-11-01T14:01:29.344+0000] {dag.py:3340} INFO - Setting next_dagrun for example_branch_operator to 2023-10-31T00:00:00+00:00, run_after=2023-11-01T00:00:00+00:00
[2023-11-01T14:01:29.455+0000] {processor.py:176} INFO - Processing /home/airflow/.local/lib/python3.7/site-packages/airflow/example_dags/example_branch_operator.py took 0.464 seconds
[2023-11-01T14:01:59.999+0000] {processor.py:154} INFO - Started process (PID=383) to work on /home/airflow/.local/lib/python3.7/site-packages/airflow/example_dags/example_branch_operator.py
[2023-11-01T14:02:00.001+0000] {processor.py:756} INFO - Processing file /home/airflow/.local/lib/python3.7/site-packages/airflow/example_dags/example_branch_operator.py for tasks to queue
[2023-11-01T14:02:00.002+0000] {logging_mixin.py:120} INFO - [2023-11-01T14:02:00.002+0000] {dagbag.py:537} INFO - Filling up the DagBag from /home/airflow/.local/lib/python3.7/site-packages/airflow/example_dags/example_branch_operator.py
[2023-11-01T14:02:00.033+0000] {processor.py:766} INFO - DAG(s) dict_keys(['example_branch_operator']) retrieved from /home/airflow/.local/lib/python3.7/site-packages/airflow/example_dags/example_branch_operator.py
[2023-11-01T14:02:00.091+0000] {logging_mixin.py:120} INFO - [2023-11-01T14:02:00.091+0000] {dag.py:2585} INFO - Sync 1 DAGs
[2023-11-01T14:02:00.128+0000] {logging_mixin.py:120} INFO - [2023-11-01T14:02:00.128+0000] {dag.py:3340} INFO - Setting next_dagrun for example_branch_operator to 2023-10-31T00:00:00+00:00, run_after=2023-11-01T00:00:00+00:00
[2023-11-01T14:02:00.164+0000] {processor.py:176} INFO - Processing /home/airflow/.local/lib/python3.7/site-packages/airflow/example_dags/example_branch_operator.py took 0.167 seconds
[2023-11-01T14:02:30.408+0000] {processor.py:154} INFO - Started process (PID=447) to work on /home/airflow/.local/lib/python3.7/site-packages/airflow/example_dags/example_branch_operator.py
[2023-11-01T14:02:30.409+0000] {processor.py:756} INFO - Processing file /home/airflow/.local/lib/python3.7/site-packages/airflow/example_dags/example_branch_operator.py for tasks to queue
[2023-11-01T14:02:30.410+0000] {logging_mixin.py:120} INFO - [2023-11-01T14:02:30.410+0000] {dagbag.py:537} INFO - Filling up the DagBag from /home/airflow/.local/lib/python3.7/site-packages/airflow/example_dags/example_branch_operator.py
[2023-11-01T14:02:30.432+0000] {processor.py:766} INFO - DAG(s) dict_keys(['example_branch_operator']) retrieved from /home/airflow/.local/lib/python3.7/site-packages/airflow/example_dags/example_branch_operator.py
[2023-11-01T14:02:30.482+0000] {logging_mixin.py:120} INFO - [2023-11-01T14:02:30.482+0000] {dag.py:2585} INFO - Sync 1 DAGs
[2023-11-01T14:02:30.529+0000] {logging_mixin.py:120} INFO - [2023-11-01T14:02:30.529+0000] {dag.py:3340} INFO - Setting next_dagrun for example_branch_operator to 2023-10-31T00:00:00+00:00, run_after=2023-11-01T00:00:00+00:00
[2023-11-01T14:02:30.559+0000] {processor.py:176} INFO - Processing /home/airflow/.local/lib/python3.7/site-packages/airflow/example_dags/example_branch_operator.py took 0.155 seconds
[2023-11-01T14:03:00.969+0000] {processor.py:154} INFO - Started process (PID=503) to work on /home/airflow/.local/lib/python3.7/site-packages/airflow/example_dags/example_branch_operator.py
[2023-11-01T14:03:00.970+0000] {processor.py:756} INFO - Processing file /home/airflow/.local/lib/python3.7/site-packages/airflow/example_dags/example_branch_operator.py for tasks to queue
[2023-11-01T14:03:00.972+0000] {logging_mixin.py:120} INFO - [2023-11-01T14:03:00.971+0000] {dagbag.py:537} INFO - Filling up the DagBag from /home/airflow/.local/lib/python3.7/site-packages/airflow/example_dags/example_branch_operator.py
[2023-11-01T14:03:01.016+0000] {processor.py:766} INFO - DAG(s) dict_keys(['example_branch_operator']) retrieved from /home/airflow/.local/lib/python3.7/site-packages/airflow/example_dags/example_branch_operator.py
[2023-11-01T14:03:01.085+0000] {logging_mixin.py:120} INFO - [2023-11-01T14:03:01.084+0000] {dag.py:2585} INFO - Sync 1 DAGs
[2023-11-01T14:03:01.142+0000] {logging_mixin.py:120} INFO - [2023-11-01T14:03:01.142+0000] {dag.py:3340} INFO - Setting next_dagrun for example_branch_operator to 2023-10-31T00:00:00+00:00, run_after=2023-11-01T00:00:00+00:00
[2023-11-01T14:03:01.198+0000] {processor.py:176} INFO - Processing /home/airflow/.local/lib/python3.7/site-packages/airflow/example_dags/example_branch_operator.py took 0.232 seconds
[2023-11-01T14:03:31.654+0000] {processor.py:154} INFO - Started process (PID=568) to work on /home/airflow/.local/lib/python3.7/site-packages/airflow/example_dags/example_branch_operator.py
[2023-11-01T14:03:31.656+0000] {processor.py:756} INFO - Processing file /home/airflow/.local/lib/python3.7/site-packages/airflow/example_dags/example_branch_operator.py for tasks to queue
[2023-11-01T14:03:31.657+0000] {logging_mixin.py:120} INFO - [2023-11-01T14:03:31.657+0000] {dagbag.py:537} INFO - Filling up the DagBag from /home/airflow/.local/lib/python3.7/site-packages/airflow/example_dags/example_branch_operator.py
[2023-11-01T14:03:31.678+0000] {processor.py:766} INFO - DAG(s) dict_keys(['example_branch_operator']) retrieved from /home/airflow/.local/lib/python3.7/site-packages/airflow/example_dags/example_branch_operator.py
[2023-11-01T14:03:31.724+0000] {logging_mixin.py:120} INFO - [2023-11-01T14:03:31.723+0000] {dag.py:2585} INFO - Sync 1 DAGs
[2023-11-01T14:03:31.757+0000] {logging_mixin.py:120} INFO - [2023-11-01T14:03:31.757+0000] {dag.py:3340} INFO - Setting next_dagrun for example_branch_operator to 2023-10-31T00:00:00+00:00, run_after=2023-11-01T00:00:00+00:00
[2023-11-01T14:03:31.787+0000] {processor.py:176} INFO - Processing /home/airflow/.local/lib/python3.7/site-packages/airflow/example_dags/example_branch_operator.py took 0.136 seconds
[2023-11-01T14:04:02.518+0000] {processor.py:154} INFO - Started process (PID=634) to work on /home/airflow/.local/lib/python3.7/site-packages/airflow/example_dags/example_branch_operator.py
[2023-11-01T14:04:02.519+0000] {processor.py:756} INFO - Processing file /home/airflow/.local/lib/python3.7/site-packages/airflow/example_dags/example_branch_operator.py for tasks to queue
[2023-11-01T14:04:02.521+0000] {logging_mixin.py:120} INFO - [2023-11-01T14:04:02.521+0000] {dagbag.py:537} INFO - Filling up the DagBag from /home/airflow/.local/lib/python3.7/site-packages/airflow/example_dags/example_branch_operator.py
[2023-11-01T14:04:02.546+0000] {processor.py:766} INFO - DAG(s) dict_keys(['example_branch_operator']) retrieved from /home/airflow/.local/lib/python3.7/site-packages/airflow/example_dags/example_branch_operator.py
[2023-11-01T14:04:02.612+0000] {logging_mixin.py:120} INFO - [2023-11-01T14:04:02.609+0000] {dag.py:2585} INFO - Sync 1 DAGs
[2023-11-01T14:04:02.658+0000] {logging_mixin.py:120} INFO - [2023-11-01T14:04:02.657+0000] {dag.py:3340} INFO - Setting next_dagrun for example_branch_operator to 2023-10-31T00:00:00+00:00, run_after=2023-11-01T00:00:00+00:00
[2023-11-01T14:04:02.695+0000] {processor.py:176} INFO - Processing /home/airflow/.local/lib/python3.7/site-packages/airflow/example_dags/example_branch_operator.py took 0.187 seconds
[2023-11-01T14:04:33.134+0000] {processor.py:154} INFO - Started process (PID=690) to work on /home/airflow/.local/lib/python3.7/site-packages/airflow/example_dags/example_branch_operator.py
[2023-11-01T14:04:33.135+0000] {processor.py:756} INFO - Processing file /home/airflow/.local/lib/python3.7/site-packages/airflow/example_dags/example_branch_operator.py for tasks to queue
[2023-11-01T14:04:33.136+0000] {logging_mixin.py:120} INFO - [2023-11-01T14:04:33.136+0000] {dagbag.py:537} INFO - Filling up the DagBag from /home/airflow/.local/lib/python3.7/site-packages/airflow/example_dags/example_branch_operator.py
[2023-11-01T14:04:33.159+0000] {processor.py:766} INFO - DAG(s) dict_keys(['example_branch_operator']) retrieved from /home/airflow/.local/lib/python3.7/site-packages/airflow/example_dags/example_branch_operator.py
[2023-11-01T14:04:33.215+0000] {logging_mixin.py:120} INFO - [2023-11-01T14:04:33.215+0000] {dag.py:2585} INFO - Sync 1 DAGs
[2023-11-01T14:04:33.257+0000] {logging_mixin.py:120} INFO - [2023-11-01T14:04:33.256+0000] {dag.py:3340} INFO - Setting next_dagrun for example_branch_operator to 2023-10-31T00:00:00+00:00, run_after=2023-11-01T00:00:00+00:00
[2023-11-01T14:04:33.286+0000] {processor.py:176} INFO - Processing /home/airflow/.local/lib/python3.7/site-packages/airflow/example_dags/example_branch_operator.py took 0.156 seconds
[2023-11-01T14:05:03.496+0000] {processor.py:154} INFO - Started process (PID=755) to work on /home/airflow/.local/lib/python3.7/site-packages/airflow/example_dags/example_branch_operator.py
[2023-11-01T14:05:03.499+0000] {processor.py:756} INFO - Processing file /home/airflow/.local/lib/python3.7/site-packages/airflow/example_dags/example_branch_operator.py for tasks to queue
[2023-11-01T14:05:03.500+0000] {logging_mixin.py:120} INFO - [2023-11-01T14:05:03.500+0000] {dagbag.py:537} INFO - Filling up the DagBag from /home/airflow/.local/lib/python3.7/site-packages/airflow/example_dags/example_branch_operator.py
[2023-11-01T14:05:03.524+0000] {processor.py:766} INFO - DAG(s) dict_keys(['example_branch_operator']) retrieved from /home/airflow/.local/lib/python3.7/site-packages/airflow/example_dags/example_branch_operator.py
[2023-11-01T14:05:03.580+0000] {logging_mixin.py:120} INFO - [2023-11-01T14:05:03.580+0000] {dag.py:2585} INFO - Sync 1 DAGs
[2023-11-01T14:05:03.625+0000] {logging_mixin.py:120} INFO - [2023-11-01T14:05:03.625+0000] {dag.py:3340} INFO - Setting next_dagrun for example_branch_operator to 2023-10-31T00:00:00+00:00, run_after=2023-11-01T00:00:00+00:00
[2023-11-01T14:05:03.673+0000] {processor.py:176} INFO - Processing /home/airflow/.local/lib/python3.7/site-packages/airflow/example_dags/example_branch_operator.py took 0.180 seconds
[2023-11-01T14:05:34.600+0000] {processor.py:154} INFO - Started process (PID=811) to work on /home/airflow/.local/lib/python3.7/site-packages/airflow/example_dags/example_branch_operator.py
[2023-11-01T14:05:34.602+0000] {processor.py:756} INFO - Processing file /home/airflow/.local/lib/python3.7/site-packages/airflow/example_dags/example_branch_operator.py for tasks to queue
[2023-11-01T14:05:34.603+0000] {logging_mixin.py:120} INFO - [2023-11-01T14:05:34.603+0000] {dagbag.py:537} INFO - Filling up the DagBag from /home/airflow/.local/lib/python3.7/site-packages/airflow/example_dags/example_branch_operator.py
[2023-11-01T14:05:34.624+0000] {processor.py:766} INFO - DAG(s) dict_keys(['example_branch_operator']) retrieved from /home/airflow/.local/lib/python3.7/site-packages/airflow/example_dags/example_branch_operator.py
[2023-11-01T14:05:34.673+0000] {logging_mixin.py:120} INFO - [2023-11-01T14:05:34.673+0000] {dag.py:2585} INFO - Sync 1 DAGs
[2023-11-01T14:05:34.707+0000] {logging_mixin.py:120} INFO - [2023-11-01T14:05:34.707+0000] {dag.py:3340} INFO - Setting next_dagrun for example_branch_operator to 2023-10-31T00:00:00+00:00, run_after=2023-11-01T00:00:00+00:00
[2023-11-01T14:05:34.740+0000] {processor.py:176} INFO - Processing /home/airflow/.local/lib/python3.7/site-packages/airflow/example_dags/example_branch_operator.py took 0.143 seconds
[2023-11-01T14:06:05.519+0000] {processor.py:154} INFO - Started process (PID=876) to work on /home/airflow/.local/lib/python3.7/site-packages/airflow/example_dags/example_branch_operator.py
[2023-11-01T14:06:05.521+0000] {processor.py:756} INFO - Processing file /home/airflow/.local/lib/python3.7/site-packages/airflow/example_dags/example_branch_operator.py for tasks to queue
[2023-11-01T14:06:05.523+0000] {logging_mixin.py:120} INFO - [2023-11-01T14:06:05.522+0000] {dagbag.py:537} INFO - Filling up the DagBag from /home/airflow/.local/lib/python3.7/site-packages/airflow/example_dags/example_branch_operator.py
[2023-11-01T14:06:05.545+0000] {processor.py:766} INFO - DAG(s) dict_keys(['example_branch_operator']) retrieved from /home/airflow/.local/lib/python3.7/site-packages/airflow/example_dags/example_branch_operator.py
[2023-11-01T14:06:05.612+0000] {logging_mixin.py:120} INFO - [2023-11-01T14:06:05.612+0000] {dag.py:2585} INFO - Sync 1 DAGs
[2023-11-01T14:06:05.677+0000] {logging_mixin.py:120} INFO - [2023-11-01T14:06:05.677+0000] {dag.py:3340} INFO - Setting next_dagrun for example_branch_operator to 2023-10-31T00:00:00+00:00, run_after=2023-11-01T00:00:00+00:00
[2023-11-01T14:06:05.707+0000] {processor.py:176} INFO - Processing /home/airflow/.local/lib/python3.7/site-packages/airflow/example_dags/example_branch_operator.py took 0.194 seconds
[2023-11-01T14:06:35.839+0000] {processor.py:154} INFO - Started process (PID=932) to work on /home/airflow/.local/lib/python3.7/site-packages/airflow/example_dags/example_branch_operator.py
[2023-11-01T14:06:35.841+0000] {processor.py:756} INFO - Processing file /home/airflow/.local/lib/python3.7/site-packages/airflow/example_dags/example_branch_operator.py for tasks to queue
[2023-11-01T14:06:35.842+0000] {logging_mixin.py:120} INFO - [2023-11-01T14:06:35.842+0000] {dagbag.py:537} INFO - Filling up the DagBag from /home/airflow/.local/lib/python3.7/site-packages/airflow/example_dags/example_branch_operator.py
[2023-11-01T14:06:35.862+0000] {processor.py:766} INFO - DAG(s) dict_keys(['example_branch_operator']) retrieved from /home/airflow/.local/lib/python3.7/site-packages/airflow/example_dags/example_branch_operator.py
[2023-11-01T14:06:35.914+0000] {logging_mixin.py:120} INFO - [2023-11-01T14:06:35.913+0000] {dag.py:2585} INFO - Sync 1 DAGs
[2023-11-01T14:06:35.950+0000] {logging_mixin.py:120} INFO - [2023-11-01T14:06:35.949+0000] {dag.py:3340} INFO - Setting next_dagrun for example_branch_operator to 2023-10-31T00:00:00+00:00, run_after=2023-11-01T00:00:00+00:00
[2023-11-01T14:06:35.979+0000] {processor.py:176} INFO - Processing /home/airflow/.local/lib/python3.7/site-packages/airflow/example_dags/example_branch_operator.py took 0.142 seconds
[2023-11-01T14:07:06.408+0000] {processor.py:154} INFO - Started process (PID=997) to work on /home/airflow/.local/lib/python3.7/site-packages/airflow/example_dags/example_branch_operator.py
[2023-11-01T14:07:06.409+0000] {processor.py:756} INFO - Processing file /home/airflow/.local/lib/python3.7/site-packages/airflow/example_dags/example_branch_operator.py for tasks to queue
[2023-11-01T14:07:06.411+0000] {logging_mixin.py:120} INFO - [2023-11-01T14:07:06.410+0000] {dagbag.py:537} INFO - Filling up the DagBag from /home/airflow/.local/lib/python3.7/site-packages/airflow/example_dags/example_branch_operator.py
[2023-11-01T14:07:06.450+0000] {processor.py:766} INFO - DAG(s) dict_keys(['example_branch_operator']) retrieved from /home/airflow/.local/lib/python3.7/site-packages/airflow/example_dags/example_branch_operator.py
[2023-11-01T14:07:06.571+0000] {logging_mixin.py:120} INFO - [2023-11-01T14:07:06.571+0000] {dag.py:2585} INFO - Sync 1 DAGs
[2023-11-01T14:07:06.633+0000] {logging_mixin.py:120} INFO - [2023-11-01T14:07:06.633+0000] {dag.py:3340} INFO - Setting next_dagrun for example_branch_operator to 2023-10-31T00:00:00+00:00, run_after=2023-11-01T00:00:00+00:00
[2023-11-01T14:07:06.698+0000] {processor.py:176} INFO - Processing /home/airflow/.local/lib/python3.7/site-packages/airflow/example_dags/example_branch_operator.py took 0.294 seconds
