[2023-11-01T13:59:18.681+0000] {processor.py:154} INFO - Started process (PID=65) to work on /home/airflow/.local/lib/python3.7/site-packages/airflow/example_dags/example_xcomargs.py
[2023-11-01T13:59:18.682+0000] {processor.py:756} INFO - Processing file /home/airflow/.local/lib/python3.7/site-packages/airflow/example_dags/example_xcomargs.py for tasks to queue
[2023-11-01T13:59:18.683+0000] {logging_mixin.py:120} INFO - [2023-11-01T13:59:18.683+0000] {dagbag.py:537} INFO - Filling up the DagBag from /home/airflow/.local/lib/python3.7/site-packages/airflow/example_dags/example_xcomargs.py
[2023-11-01T13:59:18.710+0000] {processor.py:766} INFO - DAG(s) dict_keys(['example_xcom_args_with_operators', 'example_xcom_args']) retrieved from /home/airflow/.local/lib/python3.7/site-packages/airflow/example_dags/example_xcomargs.py
[2023-11-01T13:59:18.758+0000] {logging_mixin.py:120} INFO - [2023-11-01T13:59:18.758+0000] {dag.py:2585} INFO - Sync 2 DAGs
[2023-11-01T13:59:18.792+0000] {logging_mixin.py:120} INFO - [2023-11-01T13:59:18.792+0000] {dag.py:3340} INFO - Setting next_dagrun for example_xcom_args to None, run_after=None
[2023-11-01T13:59:18.798+0000] {logging_mixin.py:120} INFO - [2023-11-01T13:59:18.798+0000] {dag.py:3340} INFO - Setting next_dagrun for example_xcom_args_with_operators to None, run_after=None
[2023-11-01T13:59:18.824+0000] {processor.py:176} INFO - Processing /home/airflow/.local/lib/python3.7/site-packages/airflow/example_dags/example_xcomargs.py took 0.146 seconds
[2023-11-01T13:59:49.145+0000] {processor.py:154} INFO - Started process (PID=131) to work on /home/airflow/.local/lib/python3.7/site-packages/airflow/example_dags/example_xcomargs.py
[2023-11-01T13:59:49.146+0000] {processor.py:756} INFO - Processing file /home/airflow/.local/lib/python3.7/site-packages/airflow/example_dags/example_xcomargs.py for tasks to queue
[2023-11-01T13:59:49.147+0000] {logging_mixin.py:120} INFO - [2023-11-01T13:59:49.147+0000] {dagbag.py:537} INFO - Filling up the DagBag from /home/airflow/.local/lib/python3.7/site-packages/airflow/example_dags/example_xcomargs.py
[2023-11-01T13:59:49.179+0000] {processor.py:766} INFO - DAG(s) dict_keys(['example_xcom_args_with_operators', 'example_xcom_args']) retrieved from /home/airflow/.local/lib/python3.7/site-packages/airflow/example_dags/example_xcomargs.py
[2023-11-01T13:59:49.231+0000] {logging_mixin.py:120} INFO - [2023-11-01T13:59:49.231+0000] {dag.py:2585} INFO - Sync 2 DAGs
[2023-11-01T13:59:49.264+0000] {logging_mixin.py:120} INFO - [2023-11-01T13:59:49.264+0000] {dag.py:3340} INFO - Setting next_dagrun for example_xcom_args to None, run_after=None
[2023-11-01T13:59:49.269+0000] {logging_mixin.py:120} INFO - [2023-11-01T13:59:49.268+0000] {dag.py:3340} INFO - Setting next_dagrun for example_xcom_args_with_operators to None, run_after=None
[2023-11-01T13:59:49.293+0000] {processor.py:176} INFO - Processing /home/airflow/.local/lib/python3.7/site-packages/airflow/example_dags/example_xcomargs.py took 0.151 seconds
[2023-11-01T14:00:19.771+0000] {processor.py:154} INFO - Started process (PID=198) to work on /home/airflow/.local/lib/python3.7/site-packages/airflow/example_dags/example_xcomargs.py
[2023-11-01T14:00:19.772+0000] {processor.py:756} INFO - Processing file /home/airflow/.local/lib/python3.7/site-packages/airflow/example_dags/example_xcomargs.py for tasks to queue
[2023-11-01T14:00:19.773+0000] {logging_mixin.py:120} INFO - [2023-11-01T14:00:19.773+0000] {dagbag.py:537} INFO - Filling up the DagBag from /home/airflow/.local/lib/python3.7/site-packages/airflow/example_dags/example_xcomargs.py
[2023-11-01T14:00:19.801+0000] {processor.py:766} INFO - DAG(s) dict_keys(['example_xcom_args_with_operators', 'example_xcom_args']) retrieved from /home/airflow/.local/lib/python3.7/site-packages/airflow/example_dags/example_xcomargs.py
[2023-11-01T14:00:19.864+0000] {logging_mixin.py:120} INFO - [2023-11-01T14:00:19.863+0000] {dag.py:2585} INFO - Sync 2 DAGs
[2023-11-01T14:00:19.897+0000] {logging_mixin.py:120} INFO - [2023-11-01T14:00:19.897+0000] {dag.py:3340} INFO - Setting next_dagrun for example_xcom_args to None, run_after=None
[2023-11-01T14:00:19.902+0000] {logging_mixin.py:120} INFO - [2023-11-01T14:00:19.902+0000] {dag.py:3340} INFO - Setting next_dagrun for example_xcom_args_with_operators to None, run_after=None
[2023-11-01T14:00:19.948+0000] {processor.py:176} INFO - Processing /home/airflow/.local/lib/python3.7/site-packages/airflow/example_dags/example_xcomargs.py took 0.181 seconds
[2023-11-01T14:00:50.682+0000] {processor.py:154} INFO - Started process (PID=255) to work on /home/airflow/.local/lib/python3.7/site-packages/airflow/example_dags/example_xcomargs.py
[2023-11-01T14:00:50.684+0000] {processor.py:756} INFO - Processing file /home/airflow/.local/lib/python3.7/site-packages/airflow/example_dags/example_xcomargs.py for tasks to queue
[2023-11-01T14:00:50.685+0000] {logging_mixin.py:120} INFO - [2023-11-01T14:00:50.685+0000] {dagbag.py:537} INFO - Filling up the DagBag from /home/airflow/.local/lib/python3.7/site-packages/airflow/example_dags/example_xcomargs.py
[2023-11-01T14:00:50.710+0000] {processor.py:766} INFO - DAG(s) dict_keys(['example_xcom_args_with_operators', 'example_xcom_args']) retrieved from /home/airflow/.local/lib/python3.7/site-packages/airflow/example_dags/example_xcomargs.py
[2023-11-01T14:00:50.763+0000] {logging_mixin.py:120} INFO - [2023-11-01T14:00:50.762+0000] {dag.py:2585} INFO - Sync 2 DAGs
[2023-11-01T14:00:50.796+0000] {logging_mixin.py:120} INFO - [2023-11-01T14:00:50.795+0000] {dag.py:3340} INFO - Setting next_dagrun for example_xcom_args to None, run_after=None
[2023-11-01T14:00:50.800+0000] {logging_mixin.py:120} INFO - [2023-11-01T14:00:50.800+0000] {dag.py:3340} INFO - Setting next_dagrun for example_xcom_args_with_operators to None, run_after=None
[2023-11-01T14:00:50.826+0000] {processor.py:176} INFO - Processing /home/airflow/.local/lib/python3.7/site-packages/airflow/example_dags/example_xcomargs.py took 0.146 seconds
[2023-11-01T14:01:26.824+0000] {processor.py:154} INFO - Started process (PID=321) to work on /home/airflow/.local/lib/python3.7/site-packages/airflow/example_dags/example_xcomargs.py
[2023-11-01T14:01:26.835+0000] {processor.py:756} INFO - Processing file /home/airflow/.local/lib/python3.7/site-packages/airflow/example_dags/example_xcomargs.py for tasks to queue
[2023-11-01T14:01:26.837+0000] {logging_mixin.py:120} INFO - [2023-11-01T14:01:26.837+0000] {dagbag.py:537} INFO - Filling up the DagBag from /home/airflow/.local/lib/python3.7/site-packages/airflow/example_dags/example_xcomargs.py
[2023-11-01T14:01:26.968+0000] {processor.py:766} INFO - DAG(s) dict_keys(['example_xcom_args', 'example_xcom_args_with_operators']) retrieved from /home/airflow/.local/lib/python3.7/site-packages/airflow/example_dags/example_xcomargs.py
[2023-11-01T14:01:27.197+0000] {logging_mixin.py:120} INFO - [2023-11-01T14:01:27.196+0000] {dag.py:2585} INFO - Sync 2 DAGs
[2023-11-01T14:01:27.354+0000] {logging_mixin.py:120} INFO - [2023-11-01T14:01:27.353+0000] {dag.py:3340} INFO - Setting next_dagrun for example_xcom_args to None, run_after=None
[2023-11-01T14:01:27.363+0000] {logging_mixin.py:120} INFO - [2023-11-01T14:01:27.363+0000] {dag.py:3340} INFO - Setting next_dagrun for example_xcom_args_with_operators to None, run_after=None
[2023-11-01T14:01:27.444+0000] {processor.py:176} INFO - Processing /home/airflow/.local/lib/python3.7/site-packages/airflow/example_dags/example_xcomargs.py took 0.624 seconds
[2023-11-01T14:01:57.507+0000] {processor.py:154} INFO - Started process (PID=378) to work on /home/airflow/.local/lib/python3.7/site-packages/airflow/example_dags/example_xcomargs.py
[2023-11-01T14:01:57.509+0000] {processor.py:756} INFO - Processing file /home/airflow/.local/lib/python3.7/site-packages/airflow/example_dags/example_xcomargs.py for tasks to queue
[2023-11-01T14:01:57.512+0000] {logging_mixin.py:120} INFO - [2023-11-01T14:01:57.511+0000] {dagbag.py:537} INFO - Filling up the DagBag from /home/airflow/.local/lib/python3.7/site-packages/airflow/example_dags/example_xcomargs.py
[2023-11-01T14:01:57.544+0000] {processor.py:766} INFO - DAG(s) dict_keys(['example_xcom_args', 'example_xcom_args_with_operators']) retrieved from /home/airflow/.local/lib/python3.7/site-packages/airflow/example_dags/example_xcomargs.py
[2023-11-01T14:01:57.608+0000] {logging_mixin.py:120} INFO - [2023-11-01T14:01:57.608+0000] {dag.py:2585} INFO - Sync 2 DAGs
[2023-11-01T14:01:57.664+0000] {logging_mixin.py:120} INFO - [2023-11-01T14:01:57.663+0000] {dag.py:3340} INFO - Setting next_dagrun for example_xcom_args to None, run_after=None
[2023-11-01T14:01:57.671+0000] {logging_mixin.py:120} INFO - [2023-11-01T14:01:57.671+0000] {dag.py:3340} INFO - Setting next_dagrun for example_xcom_args_with_operators to None, run_after=None
[2023-11-01T14:01:57.710+0000] {processor.py:176} INFO - Processing /home/airflow/.local/lib/python3.7/site-packages/airflow/example_dags/example_xcomargs.py took 0.206 seconds
[2023-11-01T14:02:28.180+0000] {processor.py:154} INFO - Started process (PID=443) to work on /home/airflow/.local/lib/python3.7/site-packages/airflow/example_dags/example_xcomargs.py
[2023-11-01T14:02:28.181+0000] {processor.py:756} INFO - Processing file /home/airflow/.local/lib/python3.7/site-packages/airflow/example_dags/example_xcomargs.py for tasks to queue
[2023-11-01T14:02:28.182+0000] {logging_mixin.py:120} INFO - [2023-11-01T14:02:28.182+0000] {dagbag.py:537} INFO - Filling up the DagBag from /home/airflow/.local/lib/python3.7/site-packages/airflow/example_dags/example_xcomargs.py
[2023-11-01T14:02:28.217+0000] {processor.py:766} INFO - DAG(s) dict_keys(['example_xcom_args', 'example_xcom_args_with_operators']) retrieved from /home/airflow/.local/lib/python3.7/site-packages/airflow/example_dags/example_xcomargs.py
[2023-11-01T14:02:28.277+0000] {logging_mixin.py:120} INFO - [2023-11-01T14:02:28.277+0000] {dag.py:2585} INFO - Sync 2 DAGs
[2023-11-01T14:02:28.324+0000] {logging_mixin.py:120} INFO - [2023-11-01T14:02:28.322+0000] {dag.py:3340} INFO - Setting next_dagrun for example_xcom_args to None, run_after=None
[2023-11-01T14:02:28.330+0000] {logging_mixin.py:120} INFO - [2023-11-01T14:02:28.330+0000] {dag.py:3340} INFO - Setting next_dagrun for example_xcom_args_with_operators to None, run_after=None
[2023-11-01T14:02:28.359+0000] {processor.py:176} INFO - Processing /home/airflow/.local/lib/python3.7/site-packages/airflow/example_dags/example_xcomargs.py took 0.183 seconds
[2023-11-01T14:02:58.718+0000] {processor.py:154} INFO - Started process (PID=499) to work on /home/airflow/.local/lib/python3.7/site-packages/airflow/example_dags/example_xcomargs.py
[2023-11-01T14:02:58.720+0000] {processor.py:756} INFO - Processing file /home/airflow/.local/lib/python3.7/site-packages/airflow/example_dags/example_xcomargs.py for tasks to queue
[2023-11-01T14:02:58.721+0000] {logging_mixin.py:120} INFO - [2023-11-01T14:02:58.721+0000] {dagbag.py:537} INFO - Filling up the DagBag from /home/airflow/.local/lib/python3.7/site-packages/airflow/example_dags/example_xcomargs.py
[2023-11-01T14:02:58.750+0000] {processor.py:766} INFO - DAG(s) dict_keys(['example_xcom_args_with_operators', 'example_xcom_args']) retrieved from /home/airflow/.local/lib/python3.7/site-packages/airflow/example_dags/example_xcomargs.py
[2023-11-01T14:02:58.806+0000] {logging_mixin.py:120} INFO - [2023-11-01T14:02:58.806+0000] {dag.py:2585} INFO - Sync 2 DAGs
[2023-11-01T14:02:58.852+0000] {logging_mixin.py:120} INFO - [2023-11-01T14:02:58.852+0000] {dag.py:3340} INFO - Setting next_dagrun for example_xcom_args to None, run_after=None
[2023-11-01T14:02:58.858+0000] {logging_mixin.py:120} INFO - [2023-11-01T14:02:58.858+0000] {dag.py:3340} INFO - Setting next_dagrun for example_xcom_args_with_operators to None, run_after=None
[2023-11-01T14:02:58.887+0000] {processor.py:176} INFO - Processing /home/airflow/.local/lib/python3.7/site-packages/airflow/example_dags/example_xcomargs.py took 0.173 seconds
[2023-11-01T14:03:29.263+0000] {processor.py:154} INFO - Started process (PID=564) to work on /home/airflow/.local/lib/python3.7/site-packages/airflow/example_dags/example_xcomargs.py
[2023-11-01T14:03:29.264+0000] {processor.py:756} INFO - Processing file /home/airflow/.local/lib/python3.7/site-packages/airflow/example_dags/example_xcomargs.py for tasks to queue
[2023-11-01T14:03:29.265+0000] {logging_mixin.py:120} INFO - [2023-11-01T14:03:29.265+0000] {dagbag.py:537} INFO - Filling up the DagBag from /home/airflow/.local/lib/python3.7/site-packages/airflow/example_dags/example_xcomargs.py
[2023-11-01T14:03:29.296+0000] {processor.py:766} INFO - DAG(s) dict_keys(['example_xcom_args', 'example_xcom_args_with_operators']) retrieved from /home/airflow/.local/lib/python3.7/site-packages/airflow/example_dags/example_xcomargs.py
[2023-11-01T14:03:29.361+0000] {logging_mixin.py:120} INFO - [2023-11-01T14:03:29.360+0000] {dag.py:2585} INFO - Sync 2 DAGs
[2023-11-01T14:03:29.394+0000] {logging_mixin.py:120} INFO - [2023-11-01T14:03:29.394+0000] {dag.py:3340} INFO - Setting next_dagrun for example_xcom_args to None, run_after=None
[2023-11-01T14:03:29.400+0000] {logging_mixin.py:120} INFO - [2023-11-01T14:03:29.400+0000] {dag.py:3340} INFO - Setting next_dagrun for example_xcom_args_with_operators to None, run_after=None
[2023-11-01T14:03:29.424+0000] {processor.py:176} INFO - Processing /home/airflow/.local/lib/python3.7/site-packages/airflow/example_dags/example_xcomargs.py took 0.167 seconds
[2023-11-01T14:03:59.485+0000] {processor.py:154} INFO - Started process (PID=619) to work on /home/airflow/.local/lib/python3.7/site-packages/airflow/example_dags/example_xcomargs.py
[2023-11-01T14:03:59.487+0000] {processor.py:756} INFO - Processing file /home/airflow/.local/lib/python3.7/site-packages/airflow/example_dags/example_xcomargs.py for tasks to queue
[2023-11-01T14:03:59.488+0000] {logging_mixin.py:120} INFO - [2023-11-01T14:03:59.488+0000] {dagbag.py:537} INFO - Filling up the DagBag from /home/airflow/.local/lib/python3.7/site-packages/airflow/example_dags/example_xcomargs.py
[2023-11-01T14:03:59.514+0000] {processor.py:766} INFO - DAG(s) dict_keys(['example_xcom_args_with_operators', 'example_xcom_args']) retrieved from /home/airflow/.local/lib/python3.7/site-packages/airflow/example_dags/example_xcomargs.py
[2023-11-01T14:03:59.571+0000] {logging_mixin.py:120} INFO - [2023-11-01T14:03:59.571+0000] {dag.py:2585} INFO - Sync 2 DAGs
[2023-11-01T14:03:59.605+0000] {logging_mixin.py:120} INFO - [2023-11-01T14:03:59.605+0000] {dag.py:3340} INFO - Setting next_dagrun for example_xcom_args to None, run_after=None
[2023-11-01T14:03:59.611+0000] {logging_mixin.py:120} INFO - [2023-11-01T14:03:59.610+0000] {dag.py:3340} INFO - Setting next_dagrun for example_xcom_args_with_operators to None, run_after=None
[2023-11-01T14:03:59.635+0000] {processor.py:176} INFO - Processing /home/airflow/.local/lib/python3.7/site-packages/airflow/example_dags/example_xcomargs.py took 0.153 seconds
[2023-11-01T14:04:30.075+0000] {processor.py:154} INFO - Started process (PID=684) to work on /home/airflow/.local/lib/python3.7/site-packages/airflow/example_dags/example_xcomargs.py
[2023-11-01T14:04:30.076+0000] {processor.py:756} INFO - Processing file /home/airflow/.local/lib/python3.7/site-packages/airflow/example_dags/example_xcomargs.py for tasks to queue
[2023-11-01T14:04:30.078+0000] {logging_mixin.py:120} INFO - [2023-11-01T14:04:30.078+0000] {dagbag.py:537} INFO - Filling up the DagBag from /home/airflow/.local/lib/python3.7/site-packages/airflow/example_dags/example_xcomargs.py
[2023-11-01T14:04:30.104+0000] {processor.py:766} INFO - DAG(s) dict_keys(['example_xcom_args', 'example_xcom_args_with_operators']) retrieved from /home/airflow/.local/lib/python3.7/site-packages/airflow/example_dags/example_xcomargs.py
[2023-11-01T14:04:30.158+0000] {logging_mixin.py:120} INFO - [2023-11-01T14:04:30.158+0000] {dag.py:2585} INFO - Sync 2 DAGs
[2023-11-01T14:04:30.191+0000] {logging_mixin.py:120} INFO - [2023-11-01T14:04:30.191+0000] {dag.py:3340} INFO - Setting next_dagrun for example_xcom_args to None, run_after=None
[2023-11-01T14:04:30.197+0000] {logging_mixin.py:120} INFO - [2023-11-01T14:04:30.197+0000] {dag.py:3340} INFO - Setting next_dagrun for example_xcom_args_with_operators to None, run_after=None
[2023-11-01T14:04:30.222+0000] {processor.py:176} INFO - Processing /home/airflow/.local/lib/python3.7/site-packages/airflow/example_dags/example_xcomargs.py took 0.151 seconds
[2023-11-01T14:05:00.876+0000] {processor.py:154} INFO - Started process (PID=741) to work on /home/airflow/.local/lib/python3.7/site-packages/airflow/example_dags/example_xcomargs.py
[2023-11-01T14:05:00.877+0000] {processor.py:756} INFO - Processing file /home/airflow/.local/lib/python3.7/site-packages/airflow/example_dags/example_xcomargs.py for tasks to queue
[2023-11-01T14:05:00.878+0000] {logging_mixin.py:120} INFO - [2023-11-01T14:05:00.878+0000] {dagbag.py:537} INFO - Filling up the DagBag from /home/airflow/.local/lib/python3.7/site-packages/airflow/example_dags/example_xcomargs.py
[2023-11-01T14:05:00.906+0000] {processor.py:766} INFO - DAG(s) dict_keys(['example_xcom_args', 'example_xcom_args_with_operators']) retrieved from /home/airflow/.local/lib/python3.7/site-packages/airflow/example_dags/example_xcomargs.py
[2023-11-01T14:05:00.961+0000] {logging_mixin.py:120} INFO - [2023-11-01T14:05:00.961+0000] {dag.py:2585} INFO - Sync 2 DAGs
[2023-11-01T14:05:00.996+0000] {logging_mixin.py:120} INFO - [2023-11-01T14:05:00.996+0000] {dag.py:3340} INFO - Setting next_dagrun for example_xcom_args to None, run_after=None
[2023-11-01T14:05:01.002+0000] {logging_mixin.py:120} INFO - [2023-11-01T14:05:01.002+0000] {dag.py:3340} INFO - Setting next_dagrun for example_xcom_args_with_operators to None, run_after=None
[2023-11-01T14:05:01.027+0000] {processor.py:176} INFO - Processing /home/airflow/.local/lib/python3.7/site-packages/airflow/example_dags/example_xcomargs.py took 0.158 seconds
[2023-11-01T14:05:31.303+0000] {processor.py:154} INFO - Started process (PID=806) to work on /home/airflow/.local/lib/python3.7/site-packages/airflow/example_dags/example_xcomargs.py
[2023-11-01T14:05:31.304+0000] {processor.py:756} INFO - Processing file /home/airflow/.local/lib/python3.7/site-packages/airflow/example_dags/example_xcomargs.py for tasks to queue
[2023-11-01T14:05:31.304+0000] {logging_mixin.py:120} INFO - [2023-11-01T14:05:31.304+0000] {dagbag.py:537} INFO - Filling up the DagBag from /home/airflow/.local/lib/python3.7/site-packages/airflow/example_dags/example_xcomargs.py
[2023-11-01T14:05:31.330+0000] {processor.py:766} INFO - DAG(s) dict_keys(['example_xcom_args', 'example_xcom_args_with_operators']) retrieved from /home/airflow/.local/lib/python3.7/site-packages/airflow/example_dags/example_xcomargs.py
[2023-11-01T14:05:31.383+0000] {logging_mixin.py:120} INFO - [2023-11-01T14:05:31.383+0000] {dag.py:2585} INFO - Sync 2 DAGs
[2023-11-01T14:05:31.417+0000] {logging_mixin.py:120} INFO - [2023-11-01T14:05:31.417+0000] {dag.py:3340} INFO - Setting next_dagrun for example_xcom_args to None, run_after=None
[2023-11-01T14:05:31.422+0000] {logging_mixin.py:120} INFO - [2023-11-01T14:05:31.422+0000] {dag.py:3340} INFO - Setting next_dagrun for example_xcom_args_with_operators to None, run_after=None
[2023-11-01T14:05:31.450+0000] {processor.py:176} INFO - Processing /home/airflow/.local/lib/python3.7/site-packages/airflow/example_dags/example_xcomargs.py took 0.149 seconds
[2023-11-01T14:06:01.945+0000] {processor.py:154} INFO - Started process (PID=862) to work on /home/airflow/.local/lib/python3.7/site-packages/airflow/example_dags/example_xcomargs.py
[2023-11-01T14:06:01.955+0000] {processor.py:756} INFO - Processing file /home/airflow/.local/lib/python3.7/site-packages/airflow/example_dags/example_xcomargs.py for tasks to queue
[2023-11-01T14:06:01.957+0000] {logging_mixin.py:120} INFO - [2023-11-01T14:06:01.957+0000] {dagbag.py:537} INFO - Filling up the DagBag from /home/airflow/.local/lib/python3.7/site-packages/airflow/example_dags/example_xcomargs.py
[2023-11-01T14:06:02.000+0000] {processor.py:766} INFO - DAG(s) dict_keys(['example_xcom_args_with_operators', 'example_xcom_args']) retrieved from /home/airflow/.local/lib/python3.7/site-packages/airflow/example_dags/example_xcomargs.py
[2023-11-01T14:06:02.062+0000] {logging_mixin.py:120} INFO - [2023-11-01T14:06:02.061+0000] {dag.py:2585} INFO - Sync 2 DAGs
[2023-11-01T14:06:02.119+0000] {logging_mixin.py:120} INFO - [2023-11-01T14:06:02.119+0000] {dag.py:3340} INFO - Setting next_dagrun for example_xcom_args to None, run_after=None
[2023-11-01T14:06:02.127+0000] {logging_mixin.py:120} INFO - [2023-11-01T14:06:02.126+0000] {dag.py:3340} INFO - Setting next_dagrun for example_xcom_args_with_operators to None, run_after=None
[2023-11-01T14:06:02.186+0000] {processor.py:176} INFO - Processing /home/airflow/.local/lib/python3.7/site-packages/airflow/example_dags/example_xcomargs.py took 0.247 seconds
[2023-11-01T14:06:32.329+0000] {processor.py:154} INFO - Started process (PID=928) to work on /home/airflow/.local/lib/python3.7/site-packages/airflow/example_dags/example_xcomargs.py
[2023-11-01T14:06:32.330+0000] {processor.py:756} INFO - Processing file /home/airflow/.local/lib/python3.7/site-packages/airflow/example_dags/example_xcomargs.py for tasks to queue
[2023-11-01T14:06:32.332+0000] {logging_mixin.py:120} INFO - [2023-11-01T14:06:32.331+0000] {dagbag.py:537} INFO - Filling up the DagBag from /home/airflow/.local/lib/python3.7/site-packages/airflow/example_dags/example_xcomargs.py
[2023-11-01T14:06:32.380+0000] {processor.py:766} INFO - DAG(s) dict_keys(['example_xcom_args_with_operators', 'example_xcom_args']) retrieved from /home/airflow/.local/lib/python3.7/site-packages/airflow/example_dags/example_xcomargs.py
[2023-11-01T14:06:32.460+0000] {logging_mixin.py:120} INFO - [2023-11-01T14:06:32.460+0000] {dag.py:2585} INFO - Sync 2 DAGs
[2023-11-01T14:06:32.492+0000] {logging_mixin.py:120} INFO - [2023-11-01T14:06:32.491+0000] {dag.py:3340} INFO - Setting next_dagrun for example_xcom_args to None, run_after=None
[2023-11-01T14:06:32.496+0000] {logging_mixin.py:120} INFO - [2023-11-01T14:06:32.496+0000] {dag.py:3340} INFO - Setting next_dagrun for example_xcom_args_with_operators to None, run_after=None
[2023-11-01T14:06:32.524+0000] {processor.py:176} INFO - Processing /home/airflow/.local/lib/python3.7/site-packages/airflow/example_dags/example_xcomargs.py took 0.199 seconds
[2023-11-01T14:07:02.683+0000] {processor.py:154} INFO - Started process (PID=986) to work on /home/airflow/.local/lib/python3.7/site-packages/airflow/example_dags/example_xcomargs.py
[2023-11-01T14:07:02.684+0000] {processor.py:756} INFO - Processing file /home/airflow/.local/lib/python3.7/site-packages/airflow/example_dags/example_xcomargs.py for tasks to queue
[2023-11-01T14:07:02.686+0000] {logging_mixin.py:120} INFO - [2023-11-01T14:07:02.685+0000] {dagbag.py:537} INFO - Filling up the DagBag from /home/airflow/.local/lib/python3.7/site-packages/airflow/example_dags/example_xcomargs.py
[2023-11-01T14:07:02.717+0000] {processor.py:766} INFO - DAG(s) dict_keys(['example_xcom_args_with_operators', 'example_xcom_args']) retrieved from /home/airflow/.local/lib/python3.7/site-packages/airflow/example_dags/example_xcomargs.py
[2023-11-01T14:07:02.804+0000] {logging_mixin.py:120} INFO - [2023-11-01T14:07:02.804+0000] {dag.py:2585} INFO - Sync 2 DAGs
[2023-11-01T14:07:02.842+0000] {logging_mixin.py:120} INFO - [2023-11-01T14:07:02.841+0000] {dag.py:3340} INFO - Setting next_dagrun for example_xcom_args to None, run_after=None
[2023-11-01T14:07:02.853+0000] {logging_mixin.py:120} INFO - [2023-11-01T14:07:02.853+0000] {dag.py:3340} INFO - Setting next_dagrun for example_xcom_args_with_operators to None, run_after=None
[2023-11-01T14:07:02.911+0000] {processor.py:176} INFO - Processing /home/airflow/.local/lib/python3.7/site-packages/airflow/example_dags/example_xcomargs.py took 0.232 seconds
