[2023-11-01T13:59:14.457+0000] {processor.py:154} INFO - Started process (PID=48) to work on /home/airflow/.local/lib/python3.7/site-packages/airflow/example_dags/example_latest_only_with_trigger.py
[2023-11-01T13:59:14.459+0000] {processor.py:756} INFO - Processing file /home/airflow/.local/lib/python3.7/site-packages/airflow/example_dags/example_latest_only_with_trigger.py for tasks to queue
[2023-11-01T13:59:14.460+0000] {logging_mixin.py:120} INFO - [2023-11-01T13:59:14.460+0000] {dagbag.py:537} INFO - Filling up the DagBag from /home/airflow/.local/lib/python3.7/site-packages/airflow/example_dags/example_latest_only_with_trigger.py
[2023-11-01T13:59:14.508+0000] {processor.py:766} INFO - DAG(s) dict_keys(['latest_only_with_trigger']) retrieved from /home/airflow/.local/lib/python3.7/site-packages/airflow/example_dags/example_latest_only_with_trigger.py
[2023-11-01T13:59:14.577+0000] {logging_mixin.py:120} INFO - [2023-11-01T13:59:14.577+0000] {dag.py:2585} INFO - Sync 1 DAGs
[2023-11-01T13:59:14.617+0000] {logging_mixin.py:120} INFO - [2023-11-01T13:59:14.617+0000] {dag.py:3340} INFO - Setting next_dagrun for latest_only_with_trigger to 2023-11-01T09:59:14.617273+00:00, run_after=2023-11-01T13:59:14.617273+00:00
[2023-11-01T13:59:14.650+0000] {processor.py:176} INFO - Processing /home/airflow/.local/lib/python3.7/site-packages/airflow/example_dags/example_latest_only_with_trigger.py took 0.195 seconds
[2023-11-01T13:59:45.116+0000] {processor.py:154} INFO - Started process (PID=113) to work on /home/airflow/.local/lib/python3.7/site-packages/airflow/example_dags/example_latest_only_with_trigger.py
[2023-11-01T13:59:45.118+0000] {processor.py:756} INFO - Processing file /home/airflow/.local/lib/python3.7/site-packages/airflow/example_dags/example_latest_only_with_trigger.py for tasks to queue
[2023-11-01T13:59:45.119+0000] {logging_mixin.py:120} INFO - [2023-11-01T13:59:45.119+0000] {dagbag.py:537} INFO - Filling up the DagBag from /home/airflow/.local/lib/python3.7/site-packages/airflow/example_dags/example_latest_only_with_trigger.py
[2023-11-01T13:59:45.139+0000] {processor.py:766} INFO - DAG(s) dict_keys(['latest_only_with_trigger']) retrieved from /home/airflow/.local/lib/python3.7/site-packages/airflow/example_dags/example_latest_only_with_trigger.py
[2023-11-01T13:59:45.185+0000] {logging_mixin.py:120} INFO - [2023-11-01T13:59:45.185+0000] {dag.py:2585} INFO - Sync 1 DAGs
[2023-11-01T13:59:45.219+0000] {logging_mixin.py:120} INFO - [2023-11-01T13:59:45.219+0000] {dag.py:3340} INFO - Setting next_dagrun for latest_only_with_trigger to 2023-11-01T09:59:45.219467+00:00, run_after=2023-11-01T13:59:45.219467+00:00
[2023-11-01T13:59:45.249+0000] {processor.py:176} INFO - Processing /home/airflow/.local/lib/python3.7/site-packages/airflow/example_dags/example_latest_only_with_trigger.py took 0.137 seconds
[2023-11-01T14:00:15.294+0000] {processor.py:154} INFO - Started process (PID=171) to work on /home/airflow/.local/lib/python3.7/site-packages/airflow/example_dags/example_latest_only_with_trigger.py
[2023-11-01T14:00:15.295+0000] {processor.py:756} INFO - Processing file /home/airflow/.local/lib/python3.7/site-packages/airflow/example_dags/example_latest_only_with_trigger.py for tasks to queue
[2023-11-01T14:00:15.296+0000] {logging_mixin.py:120} INFO - [2023-11-01T14:00:15.296+0000] {dagbag.py:537} INFO - Filling up the DagBag from /home/airflow/.local/lib/python3.7/site-packages/airflow/example_dags/example_latest_only_with_trigger.py
[2023-11-01T14:00:15.312+0000] {processor.py:766} INFO - DAG(s) dict_keys(['latest_only_with_trigger']) retrieved from /home/airflow/.local/lib/python3.7/site-packages/airflow/example_dags/example_latest_only_with_trigger.py
[2023-11-01T14:00:15.356+0000] {logging_mixin.py:120} INFO - [2023-11-01T14:00:15.356+0000] {dag.py:2585} INFO - Sync 1 DAGs
[2023-11-01T14:00:15.394+0000] {logging_mixin.py:120} INFO - [2023-11-01T14:00:15.394+0000] {dag.py:3340} INFO - Setting next_dagrun for latest_only_with_trigger to 2023-11-01T10:00:15.394039+00:00, run_after=2023-11-01T14:00:15.394039+00:00
[2023-11-01T14:00:15.423+0000] {processor.py:176} INFO - Processing /home/airflow/.local/lib/python3.7/site-packages/airflow/example_dags/example_latest_only_with_trigger.py took 0.133 seconds
[2023-11-01T14:00:46.118+0000] {processor.py:154} INFO - Started process (PID=237) to work on /home/airflow/.local/lib/python3.7/site-packages/airflow/example_dags/example_latest_only_with_trigger.py
[2023-11-01T14:00:46.119+0000] {processor.py:756} INFO - Processing file /home/airflow/.local/lib/python3.7/site-packages/airflow/example_dags/example_latest_only_with_trigger.py for tasks to queue
[2023-11-01T14:00:46.120+0000] {logging_mixin.py:120} INFO - [2023-11-01T14:00:46.120+0000] {dagbag.py:537} INFO - Filling up the DagBag from /home/airflow/.local/lib/python3.7/site-packages/airflow/example_dags/example_latest_only_with_trigger.py
[2023-11-01T14:00:46.136+0000] {processor.py:766} INFO - DAG(s) dict_keys(['latest_only_with_trigger']) retrieved from /home/airflow/.local/lib/python3.7/site-packages/airflow/example_dags/example_latest_only_with_trigger.py
[2023-11-01T14:00:46.183+0000] {logging_mixin.py:120} INFO - [2023-11-01T14:00:46.183+0000] {dag.py:2585} INFO - Sync 1 DAGs
[2023-11-01T14:00:46.215+0000] {logging_mixin.py:120} INFO - [2023-11-01T14:00:46.215+0000] {dag.py:3340} INFO - Setting next_dagrun for latest_only_with_trigger to 2023-11-01T10:00:46.215120+00:00, run_after=2023-11-01T14:00:46.215120+00:00
[2023-11-01T14:00:46.240+0000] {processor.py:176} INFO - Processing /home/airflow/.local/lib/python3.7/site-packages/airflow/example_dags/example_latest_only_with_trigger.py took 0.126 seconds
[2023-11-01T14:01:16.732+0000] {processor.py:154} INFO - Started process (PID=294) to work on /home/airflow/.local/lib/python3.7/site-packages/airflow/example_dags/example_latest_only_with_trigger.py
[2023-11-01T14:01:16.736+0000] {processor.py:756} INFO - Processing file /home/airflow/.local/lib/python3.7/site-packages/airflow/example_dags/example_latest_only_with_trigger.py for tasks to queue
[2023-11-01T14:01:16.742+0000] {logging_mixin.py:120} INFO - [2023-11-01T14:01:16.742+0000] {dagbag.py:537} INFO - Filling up the DagBag from /home/airflow/.local/lib/python3.7/site-packages/airflow/example_dags/example_latest_only_with_trigger.py
[2023-11-01T14:01:16.794+0000] {processor.py:766} INFO - DAG(s) dict_keys(['latest_only_with_trigger']) retrieved from /home/airflow/.local/lib/python3.7/site-packages/airflow/example_dags/example_latest_only_with_trigger.py
[2023-11-01T14:01:17.046+0000] {logging_mixin.py:120} INFO - [2023-11-01T14:01:17.046+0000] {dag.py:2585} INFO - Sync 1 DAGs
[2023-11-01T14:01:17.141+0000] {logging_mixin.py:120} INFO - [2023-11-01T14:01:17.140+0000] {dag.py:3340} INFO - Setting next_dagrun for latest_only_with_trigger to 2023-11-01T10:01:17.140514+00:00, run_after=2023-11-01T14:01:17.140514+00:00
[2023-11-01T14:01:17.350+0000] {processor.py:176} INFO - Processing /home/airflow/.local/lib/python3.7/site-packages/airflow/example_dags/example_latest_only_with_trigger.py took 0.621 seconds
[2023-11-01T14:01:47.596+0000] {processor.py:154} INFO - Started process (PID=351) to work on /home/airflow/.local/lib/python3.7/site-packages/airflow/example_dags/example_latest_only_with_trigger.py
[2023-11-01T14:01:47.609+0000] {processor.py:756} INFO - Processing file /home/airflow/.local/lib/python3.7/site-packages/airflow/example_dags/example_latest_only_with_trigger.py for tasks to queue
[2023-11-01T14:01:47.611+0000] {logging_mixin.py:120} INFO - [2023-11-01T14:01:47.611+0000] {dagbag.py:537} INFO - Filling up the DagBag from /home/airflow/.local/lib/python3.7/site-packages/airflow/example_dags/example_latest_only_with_trigger.py
[2023-11-01T14:01:47.660+0000] {processor.py:766} INFO - DAG(s) dict_keys(['latest_only_with_trigger']) retrieved from /home/airflow/.local/lib/python3.7/site-packages/airflow/example_dags/example_latest_only_with_trigger.py
[2023-11-01T14:01:47.784+0000] {logging_mixin.py:120} INFO - [2023-11-01T14:01:47.784+0000] {dag.py:2585} INFO - Sync 1 DAGs
[2023-11-01T14:01:47.865+0000] {logging_mixin.py:120} INFO - [2023-11-01T14:01:47.865+0000] {dag.py:3340} INFO - Setting next_dagrun for latest_only_with_trigger to 2023-11-01T10:01:47.864829+00:00, run_after=2023-11-01T14:01:47.864829+00:00
[2023-11-01T14:01:47.914+0000] {processor.py:176} INFO - Processing /home/airflow/.local/lib/python3.7/site-packages/airflow/example_dags/example_latest_only_with_trigger.py took 0.329 seconds
[2023-11-01T14:02:18.104+0000] {processor.py:154} INFO - Started process (PID=416) to work on /home/airflow/.local/lib/python3.7/site-packages/airflow/example_dags/example_latest_only_with_trigger.py
[2023-11-01T14:02:18.107+0000] {processor.py:756} INFO - Processing file /home/airflow/.local/lib/python3.7/site-packages/airflow/example_dags/example_latest_only_with_trigger.py for tasks to queue
[2023-11-01T14:02:18.109+0000] {logging_mixin.py:120} INFO - [2023-11-01T14:02:18.109+0000] {dagbag.py:537} INFO - Filling up the DagBag from /home/airflow/.local/lib/python3.7/site-packages/airflow/example_dags/example_latest_only_with_trigger.py
[2023-11-01T14:02:18.125+0000] {processor.py:766} INFO - DAG(s) dict_keys(['latest_only_with_trigger']) retrieved from /home/airflow/.local/lib/python3.7/site-packages/airflow/example_dags/example_latest_only_with_trigger.py
[2023-11-01T14:02:18.183+0000] {logging_mixin.py:120} INFO - [2023-11-01T14:02:18.183+0000] {dag.py:2585} INFO - Sync 1 DAGs
[2023-11-01T14:02:18.286+0000] {logging_mixin.py:120} INFO - [2023-11-01T14:02:18.285+0000] {dag.py:3340} INFO - Setting next_dagrun for latest_only_with_trigger to 2023-11-01T10:02:18.285711+00:00, run_after=2023-11-01T14:02:18.285711+00:00
[2023-11-01T14:02:18.315+0000] {processor.py:176} INFO - Processing /home/airflow/.local/lib/python3.7/site-packages/airflow/example_dags/example_latest_only_with_trigger.py took 0.213 seconds
[2023-11-01T14:02:48.729+0000] {processor.py:154} INFO - Started process (PID=471) to work on /home/airflow/.local/lib/python3.7/site-packages/airflow/example_dags/example_latest_only_with_trigger.py
[2023-11-01T14:02:48.734+0000] {processor.py:756} INFO - Processing file /home/airflow/.local/lib/python3.7/site-packages/airflow/example_dags/example_latest_only_with_trigger.py for tasks to queue
[2023-11-01T14:02:48.736+0000] {logging_mixin.py:120} INFO - [2023-11-01T14:02:48.736+0000] {dagbag.py:537} INFO - Filling up the DagBag from /home/airflow/.local/lib/python3.7/site-packages/airflow/example_dags/example_latest_only_with_trigger.py
[2023-11-01T14:02:48.757+0000] {processor.py:766} INFO - DAG(s) dict_keys(['latest_only_with_trigger']) retrieved from /home/airflow/.local/lib/python3.7/site-packages/airflow/example_dags/example_latest_only_with_trigger.py
[2023-11-01T14:02:48.829+0000] {logging_mixin.py:120} INFO - [2023-11-01T14:02:48.828+0000] {dag.py:2585} INFO - Sync 1 DAGs
[2023-11-01T14:02:48.887+0000] {logging_mixin.py:120} INFO - [2023-11-01T14:02:48.886+0000] {dag.py:3340} INFO - Setting next_dagrun for latest_only_with_trigger to 2023-11-01T10:02:48.885961+00:00, run_after=2023-11-01T14:02:48.885961+00:00
[2023-11-01T14:02:48.930+0000] {processor.py:176} INFO - Processing /home/airflow/.local/lib/python3.7/site-packages/airflow/example_dags/example_latest_only_with_trigger.py took 0.204 seconds
[2023-11-01T14:03:19.416+0000] {processor.py:154} INFO - Started process (PID=537) to work on /home/airflow/.local/lib/python3.7/site-packages/airflow/example_dags/example_latest_only_with_trigger.py
[2023-11-01T14:03:19.417+0000] {processor.py:756} INFO - Processing file /home/airflow/.local/lib/python3.7/site-packages/airflow/example_dags/example_latest_only_with_trigger.py for tasks to queue
[2023-11-01T14:03:19.418+0000] {logging_mixin.py:120} INFO - [2023-11-01T14:03:19.418+0000] {dagbag.py:537} INFO - Filling up the DagBag from /home/airflow/.local/lib/python3.7/site-packages/airflow/example_dags/example_latest_only_with_trigger.py
[2023-11-01T14:03:19.439+0000] {processor.py:766} INFO - DAG(s) dict_keys(['latest_only_with_trigger']) retrieved from /home/airflow/.local/lib/python3.7/site-packages/airflow/example_dags/example_latest_only_with_trigger.py
[2023-11-01T14:03:19.495+0000] {logging_mixin.py:120} INFO - [2023-11-01T14:03:19.495+0000] {dag.py:2585} INFO - Sync 1 DAGs
[2023-11-01T14:03:19.528+0000] {logging_mixin.py:120} INFO - [2023-11-01T14:03:19.528+0000] {dag.py:3340} INFO - Setting next_dagrun for latest_only_with_trigger to 2023-11-01T10:03:19.528025+00:00, run_after=2023-11-01T14:03:19.528025+00:00
[2023-11-01T14:03:19.557+0000] {processor.py:176} INFO - Processing /home/airflow/.local/lib/python3.7/site-packages/airflow/example_dags/example_latest_only_with_trigger.py took 0.144 seconds
[2023-11-01T14:03:49.791+0000] {processor.py:154} INFO - Started process (PID=594) to work on /home/airflow/.local/lib/python3.7/site-packages/airflow/example_dags/example_latest_only_with_trigger.py
[2023-11-01T14:03:49.794+0000] {processor.py:756} INFO - Processing file /home/airflow/.local/lib/python3.7/site-packages/airflow/example_dags/example_latest_only_with_trigger.py for tasks to queue
[2023-11-01T14:03:49.796+0000] {logging_mixin.py:120} INFO - [2023-11-01T14:03:49.795+0000] {dagbag.py:537} INFO - Filling up the DagBag from /home/airflow/.local/lib/python3.7/site-packages/airflow/example_dags/example_latest_only_with_trigger.py
[2023-11-01T14:03:49.816+0000] {processor.py:766} INFO - DAG(s) dict_keys(['latest_only_with_trigger']) retrieved from /home/airflow/.local/lib/python3.7/site-packages/airflow/example_dags/example_latest_only_with_trigger.py
[2023-11-01T14:03:49.893+0000] {logging_mixin.py:120} INFO - [2023-11-01T14:03:49.893+0000] {dag.py:2585} INFO - Sync 1 DAGs
[2023-11-01T14:03:49.932+0000] {logging_mixin.py:120} INFO - [2023-11-01T14:03:49.931+0000] {dag.py:3340} INFO - Setting next_dagrun for latest_only_with_trigger to 2023-11-01T10:03:49.931542+00:00, run_after=2023-11-01T14:03:49.931542+00:00
[2023-11-01T14:03:49.963+0000] {processor.py:176} INFO - Processing /home/airflow/.local/lib/python3.7/site-packages/airflow/example_dags/example_latest_only_with_trigger.py took 0.176 seconds
[2023-11-01T14:04:20.604+0000] {processor.py:154} INFO - Started process (PID=659) to work on /home/airflow/.local/lib/python3.7/site-packages/airflow/example_dags/example_latest_only_with_trigger.py
[2023-11-01T14:04:20.605+0000] {processor.py:756} INFO - Processing file /home/airflow/.local/lib/python3.7/site-packages/airflow/example_dags/example_latest_only_with_trigger.py for tasks to queue
[2023-11-01T14:04:20.607+0000] {logging_mixin.py:120} INFO - [2023-11-01T14:04:20.606+0000] {dagbag.py:537} INFO - Filling up the DagBag from /home/airflow/.local/lib/python3.7/site-packages/airflow/example_dags/example_latest_only_with_trigger.py
[2023-11-01T14:04:20.622+0000] {processor.py:766} INFO - DAG(s) dict_keys(['latest_only_with_trigger']) retrieved from /home/airflow/.local/lib/python3.7/site-packages/airflow/example_dags/example_latest_only_with_trigger.py
[2023-11-01T14:04:20.673+0000] {logging_mixin.py:120} INFO - [2023-11-01T14:04:20.673+0000] {dag.py:2585} INFO - Sync 1 DAGs
[2023-11-01T14:04:20.708+0000] {logging_mixin.py:120} INFO - [2023-11-01T14:04:20.708+0000] {dag.py:3340} INFO - Setting next_dagrun for latest_only_with_trigger to 2023-11-01T10:04:20.707629+00:00, run_after=2023-11-01T14:04:20.707629+00:00
[2023-11-01T14:04:20.742+0000] {processor.py:176} INFO - Processing /home/airflow/.local/lib/python3.7/site-packages/airflow/example_dags/example_latest_only_with_trigger.py took 0.141 seconds
[2023-11-01T14:04:51.402+0000] {processor.py:154} INFO - Started process (PID=725) to work on /home/airflow/.local/lib/python3.7/site-packages/airflow/example_dags/example_latest_only_with_trigger.py
[2023-11-01T14:04:51.403+0000] {processor.py:756} INFO - Processing file /home/airflow/.local/lib/python3.7/site-packages/airflow/example_dags/example_latest_only_with_trigger.py for tasks to queue
[2023-11-01T14:04:51.405+0000] {logging_mixin.py:120} INFO - [2023-11-01T14:04:51.405+0000] {dagbag.py:537} INFO - Filling up the DagBag from /home/airflow/.local/lib/python3.7/site-packages/airflow/example_dags/example_latest_only_with_trigger.py
[2023-11-01T14:04:51.428+0000] {processor.py:766} INFO - DAG(s) dict_keys(['latest_only_with_trigger']) retrieved from /home/airflow/.local/lib/python3.7/site-packages/airflow/example_dags/example_latest_only_with_trigger.py
[2023-11-01T14:04:51.541+0000] {logging_mixin.py:120} INFO - [2023-11-01T14:04:51.541+0000] {dag.py:2585} INFO - Sync 1 DAGs
[2023-11-01T14:04:51.582+0000] {logging_mixin.py:120} INFO - [2023-11-01T14:04:51.582+0000] {dag.py:3340} INFO - Setting next_dagrun for latest_only_with_trigger to 2023-11-01T10:04:51.582426+00:00, run_after=2023-11-01T14:04:51.582426+00:00
[2023-11-01T14:04:51.611+0000] {processor.py:176} INFO - Processing /home/airflow/.local/lib/python3.7/site-packages/airflow/example_dags/example_latest_only_with_trigger.py took 0.213 seconds
[2023-11-01T14:05:21.822+0000] {processor.py:154} INFO - Started process (PID=781) to work on /home/airflow/.local/lib/python3.7/site-packages/airflow/example_dags/example_latest_only_with_trigger.py
[2023-11-01T14:05:21.823+0000] {processor.py:756} INFO - Processing file /home/airflow/.local/lib/python3.7/site-packages/airflow/example_dags/example_latest_only_with_trigger.py for tasks to queue
[2023-11-01T14:05:21.824+0000] {logging_mixin.py:120} INFO - [2023-11-01T14:05:21.824+0000] {dagbag.py:537} INFO - Filling up the DagBag from /home/airflow/.local/lib/python3.7/site-packages/airflow/example_dags/example_latest_only_with_trigger.py
[2023-11-01T14:05:21.841+0000] {processor.py:766} INFO - DAG(s) dict_keys(['latest_only_with_trigger']) retrieved from /home/airflow/.local/lib/python3.7/site-packages/airflow/example_dags/example_latest_only_with_trigger.py
[2023-11-01T14:05:21.888+0000] {logging_mixin.py:120} INFO - [2023-11-01T14:05:21.887+0000] {dag.py:2585} INFO - Sync 1 DAGs
[2023-11-01T14:05:21.924+0000] {logging_mixin.py:120} INFO - [2023-11-01T14:05:21.923+0000] {dag.py:3340} INFO - Setting next_dagrun for latest_only_with_trigger to 2023-11-01T10:05:21.923455+00:00, run_after=2023-11-01T14:05:21.923455+00:00
[2023-11-01T14:05:21.964+0000] {processor.py:176} INFO - Processing /home/airflow/.local/lib/python3.7/site-packages/airflow/example_dags/example_latest_only_with_trigger.py took 0.145 seconds
[2023-11-01T14:05:52.825+0000] {processor.py:154} INFO - Started process (PID=846) to work on /home/airflow/.local/lib/python3.7/site-packages/airflow/example_dags/example_latest_only_with_trigger.py
[2023-11-01T14:05:52.826+0000] {processor.py:756} INFO - Processing file /home/airflow/.local/lib/python3.7/site-packages/airflow/example_dags/example_latest_only_with_trigger.py for tasks to queue
[2023-11-01T14:05:52.827+0000] {logging_mixin.py:120} INFO - [2023-11-01T14:05:52.827+0000] {dagbag.py:537} INFO - Filling up the DagBag from /home/airflow/.local/lib/python3.7/site-packages/airflow/example_dags/example_latest_only_with_trigger.py
[2023-11-01T14:05:52.844+0000] {processor.py:766} INFO - DAG(s) dict_keys(['latest_only_with_trigger']) retrieved from /home/airflow/.local/lib/python3.7/site-packages/airflow/example_dags/example_latest_only_with_trigger.py
[2023-11-01T14:05:52.895+0000] {logging_mixin.py:120} INFO - [2023-11-01T14:05:52.894+0000] {dag.py:2585} INFO - Sync 1 DAGs
[2023-11-01T14:05:52.929+0000] {logging_mixin.py:120} INFO - [2023-11-01T14:05:52.929+0000] {dag.py:3340} INFO - Setting next_dagrun for latest_only_with_trigger to 2023-11-01T10:05:52.929577+00:00, run_after=2023-11-01T14:05:52.929577+00:00
[2023-11-01T14:05:52.963+0000] {processor.py:176} INFO - Processing /home/airflow/.local/lib/python3.7/site-packages/airflow/example_dags/example_latest_only_with_trigger.py took 0.141 seconds
[2023-11-01T14:06:23.889+0000] {processor.py:154} INFO - Started process (PID=903) to work on /home/airflow/.local/lib/python3.7/site-packages/airflow/example_dags/example_latest_only_with_trigger.py
[2023-11-01T14:06:23.890+0000] {processor.py:756} INFO - Processing file /home/airflow/.local/lib/python3.7/site-packages/airflow/example_dags/example_latest_only_with_trigger.py for tasks to queue
[2023-11-01T14:06:23.892+0000] {logging_mixin.py:120} INFO - [2023-11-01T14:06:23.892+0000] {dagbag.py:537} INFO - Filling up the DagBag from /home/airflow/.local/lib/python3.7/site-packages/airflow/example_dags/example_latest_only_with_trigger.py
[2023-11-01T14:06:23.909+0000] {processor.py:766} INFO - DAG(s) dict_keys(['latest_only_with_trigger']) retrieved from /home/airflow/.local/lib/python3.7/site-packages/airflow/example_dags/example_latest_only_with_trigger.py
[2023-11-01T14:06:23.954+0000] {logging_mixin.py:120} INFO - [2023-11-01T14:06:23.954+0000] {dag.py:2585} INFO - Sync 1 DAGs
[2023-11-01T14:06:23.988+0000] {logging_mixin.py:120} INFO - [2023-11-01T14:06:23.988+0000] {dag.py:3340} INFO - Setting next_dagrun for latest_only_with_trigger to 2023-11-01T10:06:23.988130+00:00, run_after=2023-11-01T14:06:23.988130+00:00
[2023-11-01T14:06:24.036+0000] {processor.py:176} INFO - Processing /home/airflow/.local/lib/python3.7/site-packages/airflow/example_dags/example_latest_only_with_trigger.py took 0.150 seconds
[2023-11-01T14:06:54.588+0000] {processor.py:154} INFO - Started process (PID=968) to work on /home/airflow/.local/lib/python3.7/site-packages/airflow/example_dags/example_latest_only_with_trigger.py
[2023-11-01T14:06:54.590+0000] {processor.py:756} INFO - Processing file /home/airflow/.local/lib/python3.7/site-packages/airflow/example_dags/example_latest_only_with_trigger.py for tasks to queue
[2023-11-01T14:06:54.596+0000] {logging_mixin.py:120} INFO - [2023-11-01T14:06:54.596+0000] {dagbag.py:537} INFO - Filling up the DagBag from /home/airflow/.local/lib/python3.7/site-packages/airflow/example_dags/example_latest_only_with_trigger.py
[2023-11-01T14:06:54.621+0000] {processor.py:766} INFO - DAG(s) dict_keys(['latest_only_with_trigger']) retrieved from /home/airflow/.local/lib/python3.7/site-packages/airflow/example_dags/example_latest_only_with_trigger.py
[2023-11-01T14:06:54.700+0000] {logging_mixin.py:120} INFO - [2023-11-01T14:06:54.699+0000] {dag.py:2585} INFO - Sync 1 DAGs
[2023-11-01T14:06:54.749+0000] {logging_mixin.py:120} INFO - [2023-11-01T14:06:54.749+0000] {dag.py:3340} INFO - Setting next_dagrun for latest_only_with_trigger to 2023-11-01T10:06:54.746845+00:00, run_after=2023-11-01T14:06:54.746845+00:00
[2023-11-01T14:06:54.809+0000] {processor.py:176} INFO - Processing /home/airflow/.local/lib/python3.7/site-packages/airflow/example_dags/example_latest_only_with_trigger.py took 0.227 seconds
