[2023-11-01T13:59:15.078+0000] {processor.py:154} INFO - Started process (PID=51) to work on /home/airflow/.local/lib/python3.7/site-packages/airflow/example_dags/example_task_group_decorator.py
[2023-11-01T13:59:15.079+0000] {processor.py:756} INFO - Processing file /home/airflow/.local/lib/python3.7/site-packages/airflow/example_dags/example_task_group_decorator.py for tasks to queue
[2023-11-01T13:59:15.081+0000] {logging_mixin.py:120} INFO - [2023-11-01T13:59:15.080+0000] {dagbag.py:537} INFO - Filling up the DagBag from /home/airflow/.local/lib/python3.7/site-packages/airflow/example_dags/example_task_group_decorator.py
[2023-11-01T13:59:15.137+0000] {processor.py:766} INFO - DAG(s) dict_keys(['example_task_group_decorator']) retrieved from /home/airflow/.local/lib/python3.7/site-packages/airflow/example_dags/example_task_group_decorator.py
[2023-11-01T13:59:15.194+0000] {logging_mixin.py:120} INFO - [2023-11-01T13:59:15.194+0000] {dag.py:2585} INFO - Sync 1 DAGs
[2023-11-01T13:59:15.251+0000] {logging_mixin.py:120} INFO - [2023-11-01T13:59:15.251+0000] {dag.py:3340} INFO - Setting next_dagrun for example_task_group_decorator to 2023-10-31T13:59:15.238844+00:00, run_after=2023-11-01T13:59:15.238844+00:00
[2023-11-01T13:59:15.293+0000] {processor.py:176} INFO - Processing /home/airflow/.local/lib/python3.7/site-packages/airflow/example_dags/example_task_group_decorator.py took 0.219 seconds
[2023-11-01T13:59:45.443+0000] {processor.py:154} INFO - Started process (PID=116) to work on /home/airflow/.local/lib/python3.7/site-packages/airflow/example_dags/example_task_group_decorator.py
[2023-11-01T13:59:45.444+0000] {processor.py:756} INFO - Processing file /home/airflow/.local/lib/python3.7/site-packages/airflow/example_dags/example_task_group_decorator.py for tasks to queue
[2023-11-01T13:59:45.445+0000] {logging_mixin.py:120} INFO - [2023-11-01T13:59:45.445+0000] {dagbag.py:537} INFO - Filling up the DagBag from /home/airflow/.local/lib/python3.7/site-packages/airflow/example_dags/example_task_group_decorator.py
[2023-11-01T13:59:45.478+0000] {processor.py:766} INFO - DAG(s) dict_keys(['example_task_group_decorator']) retrieved from /home/airflow/.local/lib/python3.7/site-packages/airflow/example_dags/example_task_group_decorator.py
[2023-11-01T13:59:45.527+0000] {logging_mixin.py:120} INFO - [2023-11-01T13:59:45.527+0000] {dag.py:2585} INFO - Sync 1 DAGs
[2023-11-01T13:59:45.562+0000] {logging_mixin.py:120} INFO - [2023-11-01T13:59:45.562+0000] {dag.py:3340} INFO - Setting next_dagrun for example_task_group_decorator to 2023-10-31T13:59:45.562024+00:00, run_after=2023-11-01T13:59:45.562024+00:00
[2023-11-01T13:59:45.591+0000] {processor.py:176} INFO - Processing /home/airflow/.local/lib/python3.7/site-packages/airflow/example_dags/example_task_group_decorator.py took 0.151 seconds
[2023-11-01T14:00:15.634+0000] {processor.py:154} INFO - Started process (PID=174) to work on /home/airflow/.local/lib/python3.7/site-packages/airflow/example_dags/example_task_group_decorator.py
[2023-11-01T14:00:15.635+0000] {processor.py:756} INFO - Processing file /home/airflow/.local/lib/python3.7/site-packages/airflow/example_dags/example_task_group_decorator.py for tasks to queue
[2023-11-01T14:00:15.636+0000] {logging_mixin.py:120} INFO - [2023-11-01T14:00:15.636+0000] {dagbag.py:537} INFO - Filling up the DagBag from /home/airflow/.local/lib/python3.7/site-packages/airflow/example_dags/example_task_group_decorator.py
[2023-11-01T14:00:15.672+0000] {processor.py:766} INFO - DAG(s) dict_keys(['example_task_group_decorator']) retrieved from /home/airflow/.local/lib/python3.7/site-packages/airflow/example_dags/example_task_group_decorator.py
[2023-11-01T14:00:15.722+0000] {logging_mixin.py:120} INFO - [2023-11-01T14:00:15.722+0000] {dag.py:2585} INFO - Sync 1 DAGs
[2023-11-01T14:00:15.756+0000] {logging_mixin.py:120} INFO - [2023-11-01T14:00:15.756+0000] {dag.py:3340} INFO - Setting next_dagrun for example_task_group_decorator to 2023-10-31T14:00:15.756515+00:00, run_after=2023-11-01T14:00:15.756515+00:00
[2023-11-01T14:00:15.783+0000] {processor.py:176} INFO - Processing /home/airflow/.local/lib/python3.7/site-packages/airflow/example_dags/example_task_group_decorator.py took 0.154 seconds
[2023-11-01T14:00:46.430+0000] {processor.py:154} INFO - Started process (PID=240) to work on /home/airflow/.local/lib/python3.7/site-packages/airflow/example_dags/example_task_group_decorator.py
[2023-11-01T14:00:46.431+0000] {processor.py:756} INFO - Processing file /home/airflow/.local/lib/python3.7/site-packages/airflow/example_dags/example_task_group_decorator.py for tasks to queue
[2023-11-01T14:00:46.432+0000] {logging_mixin.py:120} INFO - [2023-11-01T14:00:46.431+0000] {dagbag.py:537} INFO - Filling up the DagBag from /home/airflow/.local/lib/python3.7/site-packages/airflow/example_dags/example_task_group_decorator.py
[2023-11-01T14:00:46.464+0000] {processor.py:766} INFO - DAG(s) dict_keys(['example_task_group_decorator']) retrieved from /home/airflow/.local/lib/python3.7/site-packages/airflow/example_dags/example_task_group_decorator.py
[2023-11-01T14:00:46.512+0000] {logging_mixin.py:120} INFO - [2023-11-01T14:00:46.511+0000] {dag.py:2585} INFO - Sync 1 DAGs
[2023-11-01T14:00:46.545+0000] {logging_mixin.py:120} INFO - [2023-11-01T14:00:46.544+0000] {dag.py:3340} INFO - Setting next_dagrun for example_task_group_decorator to 2023-10-31T14:00:46.544591+00:00, run_after=2023-11-01T14:00:46.544591+00:00
[2023-11-01T14:00:46.570+0000] {processor.py:176} INFO - Processing /home/airflow/.local/lib/python3.7/site-packages/airflow/example_dags/example_task_group_decorator.py took 0.143 seconds
[2023-11-01T14:01:18.067+0000] {processor.py:154} INFO - Started process (PID=304) to work on /home/airflow/.local/lib/python3.7/site-packages/airflow/example_dags/example_task_group_decorator.py
[2023-11-01T14:01:18.068+0000] {processor.py:756} INFO - Processing file /home/airflow/.local/lib/python3.7/site-packages/airflow/example_dags/example_task_group_decorator.py for tasks to queue
[2023-11-01T14:01:18.069+0000] {logging_mixin.py:120} INFO - [2023-11-01T14:01:18.069+0000] {dagbag.py:537} INFO - Filling up the DagBag from /home/airflow/.local/lib/python3.7/site-packages/airflow/example_dags/example_task_group_decorator.py
[2023-11-01T14:01:18.198+0000] {processor.py:766} INFO - DAG(s) dict_keys(['example_task_group_decorator']) retrieved from /home/airflow/.local/lib/python3.7/site-packages/airflow/example_dags/example_task_group_decorator.py
[2023-11-01T14:01:18.363+0000] {logging_mixin.py:120} INFO - [2023-11-01T14:01:18.363+0000] {dag.py:2585} INFO - Sync 1 DAGs
[2023-11-01T14:01:18.466+0000] {logging_mixin.py:120} INFO - [2023-11-01T14:01:18.466+0000] {dag.py:3340} INFO - Setting next_dagrun for example_task_group_decorator to 2023-10-31T14:01:18.466410+00:00, run_after=2023-11-01T14:01:18.466410+00:00
[2023-11-01T14:01:18.579+0000] {processor.py:176} INFO - Processing /home/airflow/.local/lib/python3.7/site-packages/airflow/example_dags/example_task_group_decorator.py took 0.518 seconds
[2023-11-01T14:01:48.965+0000] {processor.py:154} INFO - Started process (PID=354) to work on /home/airflow/.local/lib/python3.7/site-packages/airflow/example_dags/example_task_group_decorator.py
[2023-11-01T14:01:48.966+0000] {processor.py:756} INFO - Processing file /home/airflow/.local/lib/python3.7/site-packages/airflow/example_dags/example_task_group_decorator.py for tasks to queue
[2023-11-01T14:01:48.967+0000] {logging_mixin.py:120} INFO - [2023-11-01T14:01:48.967+0000] {dagbag.py:537} INFO - Filling up the DagBag from /home/airflow/.local/lib/python3.7/site-packages/airflow/example_dags/example_task_group_decorator.py
[2023-11-01T14:01:49.009+0000] {processor.py:766} INFO - DAG(s) dict_keys(['example_task_group_decorator']) retrieved from /home/airflow/.local/lib/python3.7/site-packages/airflow/example_dags/example_task_group_decorator.py
[2023-11-01T14:01:49.063+0000] {logging_mixin.py:120} INFO - [2023-11-01T14:01:49.063+0000] {dag.py:2585} INFO - Sync 1 DAGs
[2023-11-01T14:01:49.115+0000] {logging_mixin.py:120} INFO - [2023-11-01T14:01:49.115+0000] {dag.py:3340} INFO - Setting next_dagrun for example_task_group_decorator to 2023-10-31T14:01:49.114909+00:00, run_after=2023-11-01T14:01:49.114909+00:00
[2023-11-01T14:01:49.157+0000] {processor.py:176} INFO - Processing /home/airflow/.local/lib/python3.7/site-packages/airflow/example_dags/example_task_group_decorator.py took 0.195 seconds
[2023-11-01T14:02:19.464+0000] {processor.py:154} INFO - Started process (PID=419) to work on /home/airflow/.local/lib/python3.7/site-packages/airflow/example_dags/example_task_group_decorator.py
[2023-11-01T14:02:19.465+0000] {processor.py:756} INFO - Processing file /home/airflow/.local/lib/python3.7/site-packages/airflow/example_dags/example_task_group_decorator.py for tasks to queue
[2023-11-01T14:02:19.466+0000] {logging_mixin.py:120} INFO - [2023-11-01T14:02:19.466+0000] {dagbag.py:537} INFO - Filling up the DagBag from /home/airflow/.local/lib/python3.7/site-packages/airflow/example_dags/example_task_group_decorator.py
[2023-11-01T14:02:19.519+0000] {processor.py:766} INFO - DAG(s) dict_keys(['example_task_group_decorator']) retrieved from /home/airflow/.local/lib/python3.7/site-packages/airflow/example_dags/example_task_group_decorator.py
[2023-11-01T14:02:19.614+0000] {logging_mixin.py:120} INFO - [2023-11-01T14:02:19.614+0000] {dag.py:2585} INFO - Sync 1 DAGs
[2023-11-01T14:02:19.662+0000] {logging_mixin.py:120} INFO - [2023-11-01T14:02:19.662+0000] {dag.py:3340} INFO - Setting next_dagrun for example_task_group_decorator to 2023-10-31T14:02:19.661830+00:00, run_after=2023-11-01T14:02:19.661830+00:00
[2023-11-01T14:02:19.697+0000] {processor.py:176} INFO - Processing /home/airflow/.local/lib/python3.7/site-packages/airflow/example_dags/example_task_group_decorator.py took 0.236 seconds
[2023-11-01T14:02:49.845+0000] {processor.py:154} INFO - Started process (PID=474) to work on /home/airflow/.local/lib/python3.7/site-packages/airflow/example_dags/example_task_group_decorator.py
[2023-11-01T14:02:49.847+0000] {processor.py:756} INFO - Processing file /home/airflow/.local/lib/python3.7/site-packages/airflow/example_dags/example_task_group_decorator.py for tasks to queue
[2023-11-01T14:02:49.855+0000] {logging_mixin.py:120} INFO - [2023-11-01T14:02:49.855+0000] {dagbag.py:537} INFO - Filling up the DagBag from /home/airflow/.local/lib/python3.7/site-packages/airflow/example_dags/example_task_group_decorator.py
[2023-11-01T14:02:49.946+0000] {processor.py:766} INFO - DAG(s) dict_keys(['example_task_group_decorator']) retrieved from /home/airflow/.local/lib/python3.7/site-packages/airflow/example_dags/example_task_group_decorator.py
[2023-11-01T14:02:50.048+0000] {logging_mixin.py:120} INFO - [2023-11-01T14:02:50.048+0000] {dag.py:2585} INFO - Sync 1 DAGs
[2023-11-01T14:02:50.089+0000] {logging_mixin.py:120} INFO - [2023-11-01T14:02:50.089+0000] {dag.py:3340} INFO - Setting next_dagrun for example_task_group_decorator to 2023-10-31T14:02:50.088926+00:00, run_after=2023-11-01T14:02:50.088926+00:00
[2023-11-01T14:02:50.127+0000] {processor.py:176} INFO - Processing /home/airflow/.local/lib/python3.7/site-packages/airflow/example_dags/example_task_group_decorator.py took 0.289 seconds
[2023-11-01T14:03:20.597+0000] {processor.py:154} INFO - Started process (PID=540) to work on /home/airflow/.local/lib/python3.7/site-packages/airflow/example_dags/example_task_group_decorator.py
[2023-11-01T14:03:20.598+0000] {processor.py:756} INFO - Processing file /home/airflow/.local/lib/python3.7/site-packages/airflow/example_dags/example_task_group_decorator.py for tasks to queue
[2023-11-01T14:03:20.599+0000] {logging_mixin.py:120} INFO - [2023-11-01T14:03:20.599+0000] {dagbag.py:537} INFO - Filling up the DagBag from /home/airflow/.local/lib/python3.7/site-packages/airflow/example_dags/example_task_group_decorator.py
[2023-11-01T14:03:20.632+0000] {processor.py:766} INFO - DAG(s) dict_keys(['example_task_group_decorator']) retrieved from /home/airflow/.local/lib/python3.7/site-packages/airflow/example_dags/example_task_group_decorator.py
[2023-11-01T14:03:20.682+0000] {logging_mixin.py:120} INFO - [2023-11-01T14:03:20.682+0000] {dag.py:2585} INFO - Sync 1 DAGs
[2023-11-01T14:03:20.716+0000] {logging_mixin.py:120} INFO - [2023-11-01T14:03:20.716+0000] {dag.py:3340} INFO - Setting next_dagrun for example_task_group_decorator to 2023-10-31T14:03:20.715720+00:00, run_after=2023-11-01T14:03:20.715720+00:00
[2023-11-01T14:03:20.748+0000] {processor.py:176} INFO - Processing /home/airflow/.local/lib/python3.7/site-packages/airflow/example_dags/example_task_group_decorator.py took 0.154 seconds
[2023-11-01T14:03:50.813+0000] {processor.py:154} INFO - Started process (PID=606) to work on /home/airflow/.local/lib/python3.7/site-packages/airflow/example_dags/example_task_group_decorator.py
[2023-11-01T14:03:50.815+0000] {processor.py:756} INFO - Processing file /home/airflow/.local/lib/python3.7/site-packages/airflow/example_dags/example_task_group_decorator.py for tasks to queue
[2023-11-01T14:03:50.816+0000] {logging_mixin.py:120} INFO - [2023-11-01T14:03:50.816+0000] {dagbag.py:537} INFO - Filling up the DagBag from /home/airflow/.local/lib/python3.7/site-packages/airflow/example_dags/example_task_group_decorator.py
[2023-11-01T14:03:50.854+0000] {processor.py:766} INFO - DAG(s) dict_keys(['example_task_group_decorator']) retrieved from /home/airflow/.local/lib/python3.7/site-packages/airflow/example_dags/example_task_group_decorator.py
[2023-11-01T14:03:50.941+0000] {logging_mixin.py:120} INFO - [2023-11-01T14:03:50.941+0000] {dag.py:2585} INFO - Sync 1 DAGs
[2023-11-01T14:03:50.983+0000] {logging_mixin.py:120} INFO - [2023-11-01T14:03:50.983+0000] {dag.py:3340} INFO - Setting next_dagrun for example_task_group_decorator to 2023-10-31T14:03:50.983024+00:00, run_after=2023-11-01T14:03:50.983024+00:00
[2023-11-01T14:03:51.020+0000] {processor.py:176} INFO - Processing /home/airflow/.local/lib/python3.7/site-packages/airflow/example_dags/example_task_group_decorator.py took 0.211 seconds
[2023-11-01T14:04:21.637+0000] {processor.py:154} INFO - Started process (PID=662) to work on /home/airflow/.local/lib/python3.7/site-packages/airflow/example_dags/example_task_group_decorator.py
[2023-11-01T14:04:21.638+0000] {processor.py:756} INFO - Processing file /home/airflow/.local/lib/python3.7/site-packages/airflow/example_dags/example_task_group_decorator.py for tasks to queue
[2023-11-01T14:04:21.640+0000] {logging_mixin.py:120} INFO - [2023-11-01T14:04:21.640+0000] {dagbag.py:537} INFO - Filling up the DagBag from /home/airflow/.local/lib/python3.7/site-packages/airflow/example_dags/example_task_group_decorator.py
[2023-11-01T14:04:21.679+0000] {processor.py:766} INFO - DAG(s) dict_keys(['example_task_group_decorator']) retrieved from /home/airflow/.local/lib/python3.7/site-packages/airflow/example_dags/example_task_group_decorator.py
[2023-11-01T14:04:21.750+0000] {logging_mixin.py:120} INFO - [2023-11-01T14:04:21.750+0000] {dag.py:2585} INFO - Sync 1 DAGs
[2023-11-01T14:04:21.785+0000] {logging_mixin.py:120} INFO - [2023-11-01T14:04:21.785+0000] {dag.py:3340} INFO - Setting next_dagrun for example_task_group_decorator to 2023-10-31T14:04:21.784849+00:00, run_after=2023-11-01T14:04:21.784849+00:00
[2023-11-01T14:04:21.815+0000] {processor.py:176} INFO - Processing /home/airflow/.local/lib/python3.7/site-packages/airflow/example_dags/example_task_group_decorator.py took 0.182 seconds
[2023-11-01T14:04:52.606+0000] {processor.py:154} INFO - Started process (PID=728) to work on /home/airflow/.local/lib/python3.7/site-packages/airflow/example_dags/example_task_group_decorator.py
[2023-11-01T14:04:52.608+0000] {processor.py:756} INFO - Processing file /home/airflow/.local/lib/python3.7/site-packages/airflow/example_dags/example_task_group_decorator.py for tasks to queue
[2023-11-01T14:04:52.609+0000] {logging_mixin.py:120} INFO - [2023-11-01T14:04:52.609+0000] {dagbag.py:537} INFO - Filling up the DagBag from /home/airflow/.local/lib/python3.7/site-packages/airflow/example_dags/example_task_group_decorator.py
[2023-11-01T14:04:52.652+0000] {processor.py:766} INFO - DAG(s) dict_keys(['example_task_group_decorator']) retrieved from /home/airflow/.local/lib/python3.7/site-packages/airflow/example_dags/example_task_group_decorator.py
[2023-11-01T14:04:52.702+0000] {logging_mixin.py:120} INFO - [2023-11-01T14:04:52.702+0000] {dag.py:2585} INFO - Sync 1 DAGs
[2023-11-01T14:04:52.735+0000] {logging_mixin.py:120} INFO - [2023-11-01T14:04:52.735+0000] {dag.py:3340} INFO - Setting next_dagrun for example_task_group_decorator to 2023-10-31T14:04:52.734760+00:00, run_after=2023-11-01T14:04:52.734760+00:00
[2023-11-01T14:04:52.765+0000] {processor.py:176} INFO - Processing /home/airflow/.local/lib/python3.7/site-packages/airflow/example_dags/example_task_group_decorator.py took 0.162 seconds
[2023-11-01T14:05:22.922+0000] {processor.py:154} INFO - Started process (PID=784) to work on /home/airflow/.local/lib/python3.7/site-packages/airflow/example_dags/example_task_group_decorator.py
[2023-11-01T14:05:22.923+0000] {processor.py:756} INFO - Processing file /home/airflow/.local/lib/python3.7/site-packages/airflow/example_dags/example_task_group_decorator.py for tasks to queue
[2023-11-01T14:05:22.924+0000] {logging_mixin.py:120} INFO - [2023-11-01T14:05:22.924+0000] {dagbag.py:537} INFO - Filling up the DagBag from /home/airflow/.local/lib/python3.7/site-packages/airflow/example_dags/example_task_group_decorator.py
[2023-11-01T14:05:22.960+0000] {processor.py:766} INFO - DAG(s) dict_keys(['example_task_group_decorator']) retrieved from /home/airflow/.local/lib/python3.7/site-packages/airflow/example_dags/example_task_group_decorator.py
[2023-11-01T14:05:23.016+0000] {logging_mixin.py:120} INFO - [2023-11-01T14:05:23.016+0000] {dag.py:2585} INFO - Sync 1 DAGs
[2023-11-01T14:05:23.049+0000] {logging_mixin.py:120} INFO - [2023-11-01T14:05:23.048+0000] {dag.py:3340} INFO - Setting next_dagrun for example_task_group_decorator to 2023-10-31T14:05:23.048295+00:00, run_after=2023-11-01T14:05:23.048295+00:00
[2023-11-01T14:05:23.078+0000] {processor.py:176} INFO - Processing /home/airflow/.local/lib/python3.7/site-packages/airflow/example_dags/example_task_group_decorator.py took 0.160 seconds
[2023-11-01T14:05:53.971+0000] {processor.py:154} INFO - Started process (PID=849) to work on /home/airflow/.local/lib/python3.7/site-packages/airflow/example_dags/example_task_group_decorator.py
[2023-11-01T14:05:53.972+0000] {processor.py:756} INFO - Processing file /home/airflow/.local/lib/python3.7/site-packages/airflow/example_dags/example_task_group_decorator.py for tasks to queue
[2023-11-01T14:05:53.973+0000] {logging_mixin.py:120} INFO - [2023-11-01T14:05:53.973+0000] {dagbag.py:537} INFO - Filling up the DagBag from /home/airflow/.local/lib/python3.7/site-packages/airflow/example_dags/example_task_group_decorator.py
[2023-11-01T14:05:54.022+0000] {processor.py:766} INFO - DAG(s) dict_keys(['example_task_group_decorator']) retrieved from /home/airflow/.local/lib/python3.7/site-packages/airflow/example_dags/example_task_group_decorator.py
[2023-11-01T14:05:54.074+0000] {logging_mixin.py:120} INFO - [2023-11-01T14:05:54.074+0000] {dag.py:2585} INFO - Sync 1 DAGs
[2023-11-01T14:05:54.111+0000] {logging_mixin.py:120} INFO - [2023-11-01T14:05:54.111+0000] {dag.py:3340} INFO - Setting next_dagrun for example_task_group_decorator to 2023-10-31T14:05:54.111153+00:00, run_after=2023-11-01T14:05:54.111153+00:00
[2023-11-01T14:05:54.148+0000] {processor.py:176} INFO - Processing /home/airflow/.local/lib/python3.7/site-packages/airflow/example_dags/example_task_group_decorator.py took 0.180 seconds
[2023-11-01T14:06:25.074+0000] {processor.py:154} INFO - Started process (PID=906) to work on /home/airflow/.local/lib/python3.7/site-packages/airflow/example_dags/example_task_group_decorator.py
[2023-11-01T14:06:25.075+0000] {processor.py:756} INFO - Processing file /home/airflow/.local/lib/python3.7/site-packages/airflow/example_dags/example_task_group_decorator.py for tasks to queue
[2023-11-01T14:06:25.077+0000] {logging_mixin.py:120} INFO - [2023-11-01T14:06:25.076+0000] {dagbag.py:537} INFO - Filling up the DagBag from /home/airflow/.local/lib/python3.7/site-packages/airflow/example_dags/example_task_group_decorator.py
[2023-11-01T14:06:25.124+0000] {processor.py:766} INFO - DAG(s) dict_keys(['example_task_group_decorator']) retrieved from /home/airflow/.local/lib/python3.7/site-packages/airflow/example_dags/example_task_group_decorator.py
[2023-11-01T14:06:25.192+0000] {logging_mixin.py:120} INFO - [2023-11-01T14:06:25.191+0000] {dag.py:2585} INFO - Sync 1 DAGs
[2023-11-01T14:06:25.242+0000] {logging_mixin.py:120} INFO - [2023-11-01T14:06:25.241+0000] {dag.py:3340} INFO - Setting next_dagrun for example_task_group_decorator to 2023-10-31T14:06:25.241582+00:00, run_after=2023-11-01T14:06:25.241582+00:00
[2023-11-01T14:06:25.280+0000] {processor.py:176} INFO - Processing /home/airflow/.local/lib/python3.7/site-packages/airflow/example_dags/example_task_group_decorator.py took 0.208 seconds
[2023-11-01T14:06:55.877+0000] {processor.py:154} INFO - Started process (PID=971) to work on /home/airflow/.local/lib/python3.7/site-packages/airflow/example_dags/example_task_group_decorator.py
[2023-11-01T14:06:55.878+0000] {processor.py:756} INFO - Processing file /home/airflow/.local/lib/python3.7/site-packages/airflow/example_dags/example_task_group_decorator.py for tasks to queue
[2023-11-01T14:06:55.881+0000] {logging_mixin.py:120} INFO - [2023-11-01T14:06:55.881+0000] {dagbag.py:537} INFO - Filling up the DagBag from /home/airflow/.local/lib/python3.7/site-packages/airflow/example_dags/example_task_group_decorator.py
[2023-11-01T14:06:55.925+0000] {processor.py:766} INFO - DAG(s) dict_keys(['example_task_group_decorator']) retrieved from /home/airflow/.local/lib/python3.7/site-packages/airflow/example_dags/example_task_group_decorator.py
[2023-11-01T14:06:55.980+0000] {logging_mixin.py:120} INFO - [2023-11-01T14:06:55.980+0000] {dag.py:2585} INFO - Sync 1 DAGs
[2023-11-01T14:06:56.017+0000] {logging_mixin.py:120} INFO - [2023-11-01T14:06:56.017+0000] {dag.py:3340} INFO - Setting next_dagrun for example_task_group_decorator to 2023-10-31T14:06:56.016768+00:00, run_after=2023-11-01T14:06:56.016768+00:00
[2023-11-01T14:06:56.048+0000] {processor.py:176} INFO - Processing /home/airflow/.local/lib/python3.7/site-packages/airflow/example_dags/example_task_group_decorator.py took 0.175 seconds
