[2023-11-01T13:59:21.025+0000] {processor.py:154} INFO - Started process (PID=86) to work on /home/airflow/.local/lib/python3.7/site-packages/airflow/example_dags/tutorial_taskflow_api_virtualenv.py
[2023-11-01T13:59:21.028+0000] {processor.py:756} INFO - Processing file /home/airflow/.local/lib/python3.7/site-packages/airflow/example_dags/tutorial_taskflow_api_virtualenv.py for tasks to queue
[2023-11-01T13:59:21.030+0000] {logging_mixin.py:120} INFO - [2023-11-01T13:59:21.029+0000] {dagbag.py:537} INFO - Filling up the DagBag from /home/airflow/.local/lib/python3.7/site-packages/airflow/example_dags/tutorial_taskflow_api_virtualenv.py
[2023-11-01T13:59:21.084+0000] {processor.py:766} INFO - DAG(s) dict_keys(['tutorial_taskflow_api_virtualenv']) retrieved from /home/airflow/.local/lib/python3.7/site-packages/airflow/example_dags/tutorial_taskflow_api_virtualenv.py
[2023-11-01T13:59:21.166+0000] {logging_mixin.py:120} INFO - [2023-11-01T13:59:21.166+0000] {dag.py:2585} INFO - Sync 1 DAGs
[2023-11-01T13:59:21.216+0000] {logging_mixin.py:120} INFO - [2023-11-01T13:59:21.215+0000] {dag.py:3340} INFO - Setting next_dagrun for tutorial_taskflow_api_virtualenv to None, run_after=None
[2023-11-01T13:59:21.286+0000] {processor.py:176} INFO - Processing /home/airflow/.local/lib/python3.7/site-packages/airflow/example_dags/tutorial_taskflow_api_virtualenv.py took 0.265 seconds
[2023-11-01T13:59:51.433+0000] {processor.py:154} INFO - Started process (PID=142) to work on /home/airflow/.local/lib/python3.7/site-packages/airflow/example_dags/tutorial_taskflow_api_virtualenv.py
[2023-11-01T13:59:51.434+0000] {processor.py:756} INFO - Processing file /home/airflow/.local/lib/python3.7/site-packages/airflow/example_dags/tutorial_taskflow_api_virtualenv.py for tasks to queue
[2023-11-01T13:59:51.437+0000] {logging_mixin.py:120} INFO - [2023-11-01T13:59:51.437+0000] {dagbag.py:537} INFO - Filling up the DagBag from /home/airflow/.local/lib/python3.7/site-packages/airflow/example_dags/tutorial_taskflow_api_virtualenv.py
[2023-11-01T13:59:51.461+0000] {processor.py:766} INFO - DAG(s) dict_keys(['tutorial_taskflow_api_virtualenv']) retrieved from /home/airflow/.local/lib/python3.7/site-packages/airflow/example_dags/tutorial_taskflow_api_virtualenv.py
[2023-11-01T13:59:51.503+0000] {logging_mixin.py:120} INFO - [2023-11-01T13:59:51.502+0000] {dag.py:2585} INFO - Sync 1 DAGs
[2023-11-01T13:59:51.533+0000] {logging_mixin.py:120} INFO - [2023-11-01T13:59:51.533+0000] {dag.py:3340} INFO - Setting next_dagrun for tutorial_taskflow_api_virtualenv to None, run_after=None
[2023-11-01T13:59:51.559+0000] {processor.py:176} INFO - Processing /home/airflow/.local/lib/python3.7/site-packages/airflow/example_dags/tutorial_taskflow_api_virtualenv.py took 0.128 seconds
[2023-11-01T14:00:22.230+0000] {processor.py:154} INFO - Started process (PID=209) to work on /home/airflow/.local/lib/python3.7/site-packages/airflow/example_dags/tutorial_taskflow_api_virtualenv.py
[2023-11-01T14:00:22.231+0000] {processor.py:756} INFO - Processing file /home/airflow/.local/lib/python3.7/site-packages/airflow/example_dags/tutorial_taskflow_api_virtualenv.py for tasks to queue
[2023-11-01T14:00:22.232+0000] {logging_mixin.py:120} INFO - [2023-11-01T14:00:22.232+0000] {dagbag.py:537} INFO - Filling up the DagBag from /home/airflow/.local/lib/python3.7/site-packages/airflow/example_dags/tutorial_taskflow_api_virtualenv.py
[2023-11-01T14:00:22.257+0000] {processor.py:766} INFO - DAG(s) dict_keys(['tutorial_taskflow_api_virtualenv']) retrieved from /home/airflow/.local/lib/python3.7/site-packages/airflow/example_dags/tutorial_taskflow_api_virtualenv.py
[2023-11-01T14:00:22.302+0000] {logging_mixin.py:120} INFO - [2023-11-01T14:00:22.302+0000] {dag.py:2585} INFO - Sync 1 DAGs
[2023-11-01T14:00:22.334+0000] {logging_mixin.py:120} INFO - [2023-11-01T14:00:22.334+0000] {dag.py:3340} INFO - Setting next_dagrun for tutorial_taskflow_api_virtualenv to None, run_after=None
[2023-11-01T14:00:22.362+0000] {processor.py:176} INFO - Processing /home/airflow/.local/lib/python3.7/site-packages/airflow/example_dags/tutorial_taskflow_api_virtualenv.py took 0.135 seconds
[2023-11-01T14:00:52.931+0000] {processor.py:154} INFO - Started process (PID=266) to work on /home/airflow/.local/lib/python3.7/site-packages/airflow/example_dags/tutorial_taskflow_api_virtualenv.py
[2023-11-01T14:00:52.932+0000] {processor.py:756} INFO - Processing file /home/airflow/.local/lib/python3.7/site-packages/airflow/example_dags/tutorial_taskflow_api_virtualenv.py for tasks to queue
[2023-11-01T14:00:52.934+0000] {logging_mixin.py:120} INFO - [2023-11-01T14:00:52.933+0000] {dagbag.py:537} INFO - Filling up the DagBag from /home/airflow/.local/lib/python3.7/site-packages/airflow/example_dags/tutorial_taskflow_api_virtualenv.py
[2023-11-01T14:00:52.964+0000] {processor.py:766} INFO - DAG(s) dict_keys(['tutorial_taskflow_api_virtualenv']) retrieved from /home/airflow/.local/lib/python3.7/site-packages/airflow/example_dags/tutorial_taskflow_api_virtualenv.py
[2023-11-01T14:00:53.022+0000] {logging_mixin.py:120} INFO - [2023-11-01T14:00:53.021+0000] {dag.py:2585} INFO - Sync 1 DAGs
[2023-11-01T14:00:53.057+0000] {logging_mixin.py:120} INFO - [2023-11-01T14:00:53.057+0000] {dag.py:3340} INFO - Setting next_dagrun for tutorial_taskflow_api_virtualenv to None, run_after=None
[2023-11-01T14:00:53.084+0000] {processor.py:176} INFO - Processing /home/airflow/.local/lib/python3.7/site-packages/airflow/example_dags/tutorial_taskflow_api_virtualenv.py took 0.155 seconds
[2023-11-01T14:01:31.447+0000] {processor.py:154} INFO - Started process (PID=332) to work on /home/airflow/.local/lib/python3.7/site-packages/airflow/example_dags/tutorial_taskflow_api_virtualenv.py
[2023-11-01T14:01:31.455+0000] {processor.py:756} INFO - Processing file /home/airflow/.local/lib/python3.7/site-packages/airflow/example_dags/tutorial_taskflow_api_virtualenv.py for tasks to queue
[2023-11-01T14:01:31.457+0000] {logging_mixin.py:120} INFO - [2023-11-01T14:01:31.456+0000] {dagbag.py:537} INFO - Filling up the DagBag from /home/airflow/.local/lib/python3.7/site-packages/airflow/example_dags/tutorial_taskflow_api_virtualenv.py
[2023-11-01T14:01:31.555+0000] {processor.py:766} INFO - DAG(s) dict_keys(['tutorial_taskflow_api_virtualenv']) retrieved from /home/airflow/.local/lib/python3.7/site-packages/airflow/example_dags/tutorial_taskflow_api_virtualenv.py
[2023-11-01T14:01:31.720+0000] {logging_mixin.py:120} INFO - [2023-11-01T14:01:31.720+0000] {dag.py:2585} INFO - Sync 1 DAGs
[2023-11-01T14:01:31.847+0000] {logging_mixin.py:120} INFO - [2023-11-01T14:01:31.847+0000] {dag.py:3340} INFO - Setting next_dagrun for tutorial_taskflow_api_virtualenv to None, run_after=None
[2023-11-01T14:01:31.980+0000] {processor.py:176} INFO - Processing /home/airflow/.local/lib/python3.7/site-packages/airflow/example_dags/tutorial_taskflow_api_virtualenv.py took 0.536 seconds
[2023-11-01T14:02:02.210+0000] {processor.py:154} INFO - Started process (PID=396) to work on /home/airflow/.local/lib/python3.7/site-packages/airflow/example_dags/tutorial_taskflow_api_virtualenv.py
[2023-11-01T14:02:02.212+0000] {processor.py:756} INFO - Processing file /home/airflow/.local/lib/python3.7/site-packages/airflow/example_dags/tutorial_taskflow_api_virtualenv.py for tasks to queue
[2023-11-01T14:02:02.213+0000] {logging_mixin.py:120} INFO - [2023-11-01T14:02:02.212+0000] {dagbag.py:537} INFO - Filling up the DagBag from /home/airflow/.local/lib/python3.7/site-packages/airflow/example_dags/tutorial_taskflow_api_virtualenv.py
[2023-11-01T14:02:02.239+0000] {processor.py:766} INFO - DAG(s) dict_keys(['tutorial_taskflow_api_virtualenv']) retrieved from /home/airflow/.local/lib/python3.7/site-packages/airflow/example_dags/tutorial_taskflow_api_virtualenv.py
[2023-11-01T14:02:02.291+0000] {logging_mixin.py:120} INFO - [2023-11-01T14:02:02.291+0000] {dag.py:2585} INFO - Sync 1 DAGs
[2023-11-01T14:02:02.332+0000] {logging_mixin.py:120} INFO - [2023-11-01T14:02:02.332+0000] {dag.py:3340} INFO - Setting next_dagrun for tutorial_taskflow_api_virtualenv to None, run_after=None
[2023-11-01T14:02:02.364+0000] {processor.py:176} INFO - Processing /home/airflow/.local/lib/python3.7/site-packages/airflow/example_dags/tutorial_taskflow_api_virtualenv.py took 0.157 seconds
[2023-11-01T14:02:32.585+0000] {processor.py:154} INFO - Started process (PID=454) to work on /home/airflow/.local/lib/python3.7/site-packages/airflow/example_dags/tutorial_taskflow_api_virtualenv.py
[2023-11-01T14:02:32.586+0000] {processor.py:756} INFO - Processing file /home/airflow/.local/lib/python3.7/site-packages/airflow/example_dags/tutorial_taskflow_api_virtualenv.py for tasks to queue
[2023-11-01T14:02:32.587+0000] {logging_mixin.py:120} INFO - [2023-11-01T14:02:32.587+0000] {dagbag.py:537} INFO - Filling up the DagBag from /home/airflow/.local/lib/python3.7/site-packages/airflow/example_dags/tutorial_taskflow_api_virtualenv.py
[2023-11-01T14:02:32.620+0000] {processor.py:766} INFO - DAG(s) dict_keys(['tutorial_taskflow_api_virtualenv']) retrieved from /home/airflow/.local/lib/python3.7/site-packages/airflow/example_dags/tutorial_taskflow_api_virtualenv.py
[2023-11-01T14:02:32.681+0000] {logging_mixin.py:120} INFO - [2023-11-01T14:02:32.680+0000] {dag.py:2585} INFO - Sync 1 DAGs
[2023-11-01T14:02:32.723+0000] {logging_mixin.py:120} INFO - [2023-11-01T14:02:32.723+0000] {dag.py:3340} INFO - Setting next_dagrun for tutorial_taskflow_api_virtualenv to None, run_after=None
[2023-11-01T14:02:32.762+0000] {processor.py:176} INFO - Processing /home/airflow/.local/lib/python3.7/site-packages/airflow/example_dags/tutorial_taskflow_api_virtualenv.py took 0.180 seconds
[2023-11-01T14:03:03.786+0000] {processor.py:154} INFO - Started process (PID=519) to work on /home/airflow/.local/lib/python3.7/site-packages/airflow/example_dags/tutorial_taskflow_api_virtualenv.py
[2023-11-01T14:03:03.788+0000] {processor.py:756} INFO - Processing file /home/airflow/.local/lib/python3.7/site-packages/airflow/example_dags/tutorial_taskflow_api_virtualenv.py for tasks to queue
[2023-11-01T14:03:03.789+0000] {logging_mixin.py:120} INFO - [2023-11-01T14:03:03.789+0000] {dagbag.py:537} INFO - Filling up the DagBag from /home/airflow/.local/lib/python3.7/site-packages/airflow/example_dags/tutorial_taskflow_api_virtualenv.py
[2023-11-01T14:03:03.818+0000] {processor.py:766} INFO - DAG(s) dict_keys(['tutorial_taskflow_api_virtualenv']) retrieved from /home/airflow/.local/lib/python3.7/site-packages/airflow/example_dags/tutorial_taskflow_api_virtualenv.py
[2023-11-01T14:03:03.881+0000] {logging_mixin.py:120} INFO - [2023-11-01T14:03:03.881+0000] {dag.py:2585} INFO - Sync 1 DAGs
[2023-11-01T14:03:03.927+0000] {logging_mixin.py:120} INFO - [2023-11-01T14:03:03.927+0000] {dag.py:3340} INFO - Setting next_dagrun for tutorial_taskflow_api_virtualenv to None, run_after=None
[2023-11-01T14:03:03.960+0000] {processor.py:176} INFO - Processing /home/airflow/.local/lib/python3.7/site-packages/airflow/example_dags/tutorial_taskflow_api_virtualenv.py took 0.177 seconds
[2023-11-01T14:03:34.284+0000] {processor.py:154} INFO - Started process (PID=575) to work on /home/airflow/.local/lib/python3.7/site-packages/airflow/example_dags/tutorial_taskflow_api_virtualenv.py
[2023-11-01T14:03:34.285+0000] {processor.py:756} INFO - Processing file /home/airflow/.local/lib/python3.7/site-packages/airflow/example_dags/tutorial_taskflow_api_virtualenv.py for tasks to queue
[2023-11-01T14:03:34.287+0000] {logging_mixin.py:120} INFO - [2023-11-01T14:03:34.286+0000] {dagbag.py:537} INFO - Filling up the DagBag from /home/airflow/.local/lib/python3.7/site-packages/airflow/example_dags/tutorial_taskflow_api_virtualenv.py
[2023-11-01T14:03:34.312+0000] {processor.py:766} INFO - DAG(s) dict_keys(['tutorial_taskflow_api_virtualenv']) retrieved from /home/airflow/.local/lib/python3.7/site-packages/airflow/example_dags/tutorial_taskflow_api_virtualenv.py
[2023-11-01T14:03:34.357+0000] {logging_mixin.py:120} INFO - [2023-11-01T14:03:34.357+0000] {dag.py:2585} INFO - Sync 1 DAGs
[2023-11-01T14:03:34.408+0000] {logging_mixin.py:120} INFO - [2023-11-01T14:03:34.408+0000] {dag.py:3340} INFO - Setting next_dagrun for tutorial_taskflow_api_virtualenv to None, run_after=None
[2023-11-01T14:03:34.439+0000] {processor.py:176} INFO - Processing /home/airflow/.local/lib/python3.7/site-packages/airflow/example_dags/tutorial_taskflow_api_virtualenv.py took 0.158 seconds
[2023-11-01T14:04:05.370+0000] {processor.py:154} INFO - Started process (PID=641) to work on /home/airflow/.local/lib/python3.7/site-packages/airflow/example_dags/tutorial_taskflow_api_virtualenv.py
[2023-11-01T14:04:05.371+0000] {processor.py:756} INFO - Processing file /home/airflow/.local/lib/python3.7/site-packages/airflow/example_dags/tutorial_taskflow_api_virtualenv.py for tasks to queue
[2023-11-01T14:04:05.372+0000] {logging_mixin.py:120} INFO - [2023-11-01T14:04:05.372+0000] {dagbag.py:537} INFO - Filling up the DagBag from /home/airflow/.local/lib/python3.7/site-packages/airflow/example_dags/tutorial_taskflow_api_virtualenv.py
[2023-11-01T14:04:05.398+0000] {processor.py:766} INFO - DAG(s) dict_keys(['tutorial_taskflow_api_virtualenv']) retrieved from /home/airflow/.local/lib/python3.7/site-packages/airflow/example_dags/tutorial_taskflow_api_virtualenv.py
[2023-11-01T14:04:05.443+0000] {logging_mixin.py:120} INFO - [2023-11-01T14:04:05.442+0000] {dag.py:2585} INFO - Sync 1 DAGs
[2023-11-01T14:04:05.478+0000] {logging_mixin.py:120} INFO - [2023-11-01T14:04:05.478+0000] {dag.py:3340} INFO - Setting next_dagrun for tutorial_taskflow_api_virtualenv to None, run_after=None
[2023-11-01T14:04:05.515+0000] {processor.py:176} INFO - Processing /home/airflow/.local/lib/python3.7/site-packages/airflow/example_dags/tutorial_taskflow_api_virtualenv.py took 0.148 seconds
[2023-11-01T14:04:35.918+0000] {processor.py:154} INFO - Started process (PID=697) to work on /home/airflow/.local/lib/python3.7/site-packages/airflow/example_dags/tutorial_taskflow_api_virtualenv.py
[2023-11-01T14:04:35.920+0000] {processor.py:756} INFO - Processing file /home/airflow/.local/lib/python3.7/site-packages/airflow/example_dags/tutorial_taskflow_api_virtualenv.py for tasks to queue
[2023-11-01T14:04:35.921+0000] {logging_mixin.py:120} INFO - [2023-11-01T14:04:35.921+0000] {dagbag.py:537} INFO - Filling up the DagBag from /home/airflow/.local/lib/python3.7/site-packages/airflow/example_dags/tutorial_taskflow_api_virtualenv.py
[2023-11-01T14:04:35.947+0000] {processor.py:766} INFO - DAG(s) dict_keys(['tutorial_taskflow_api_virtualenv']) retrieved from /home/airflow/.local/lib/python3.7/site-packages/airflow/example_dags/tutorial_taskflow_api_virtualenv.py
[2023-11-01T14:04:35.998+0000] {logging_mixin.py:120} INFO - [2023-11-01T14:04:35.997+0000] {dag.py:2585} INFO - Sync 1 DAGs
[2023-11-01T14:04:36.031+0000] {logging_mixin.py:120} INFO - [2023-11-01T14:04:36.031+0000] {dag.py:3340} INFO - Setting next_dagrun for tutorial_taskflow_api_virtualenv to None, run_after=None
[2023-11-01T14:04:36.061+0000] {processor.py:176} INFO - Processing /home/airflow/.local/lib/python3.7/site-packages/airflow/example_dags/tutorial_taskflow_api_virtualenv.py took 0.147 seconds
[2023-11-01T14:05:06.539+0000] {processor.py:154} INFO - Started process (PID=763) to work on /home/airflow/.local/lib/python3.7/site-packages/airflow/example_dags/tutorial_taskflow_api_virtualenv.py
[2023-11-01T14:05:06.540+0000] {processor.py:756} INFO - Processing file /home/airflow/.local/lib/python3.7/site-packages/airflow/example_dags/tutorial_taskflow_api_virtualenv.py for tasks to queue
[2023-11-01T14:05:06.541+0000] {logging_mixin.py:120} INFO - [2023-11-01T14:05:06.541+0000] {dagbag.py:537} INFO - Filling up the DagBag from /home/airflow/.local/lib/python3.7/site-packages/airflow/example_dags/tutorial_taskflow_api_virtualenv.py
[2023-11-01T14:05:06.567+0000] {processor.py:766} INFO - DAG(s) dict_keys(['tutorial_taskflow_api_virtualenv']) retrieved from /home/airflow/.local/lib/python3.7/site-packages/airflow/example_dags/tutorial_taskflow_api_virtualenv.py
[2023-11-01T14:05:06.615+0000] {logging_mixin.py:120} INFO - [2023-11-01T14:05:06.615+0000] {dag.py:2585} INFO - Sync 1 DAGs
[2023-11-01T14:05:06.648+0000] {logging_mixin.py:120} INFO - [2023-11-01T14:05:06.648+0000] {dag.py:3340} INFO - Setting next_dagrun for tutorial_taskflow_api_virtualenv to None, run_after=None
[2023-11-01T14:05:06.680+0000] {processor.py:176} INFO - Processing /home/airflow/.local/lib/python3.7/site-packages/airflow/example_dags/tutorial_taskflow_api_virtualenv.py took 0.144 seconds
[2023-11-01T14:05:37.110+0000] {processor.py:154} INFO - Started process (PID=819) to work on /home/airflow/.local/lib/python3.7/site-packages/airflow/example_dags/tutorial_taskflow_api_virtualenv.py
[2023-11-01T14:05:37.111+0000] {processor.py:756} INFO - Processing file /home/airflow/.local/lib/python3.7/site-packages/airflow/example_dags/tutorial_taskflow_api_virtualenv.py for tasks to queue
[2023-11-01T14:05:37.112+0000] {logging_mixin.py:120} INFO - [2023-11-01T14:05:37.112+0000] {dagbag.py:537} INFO - Filling up the DagBag from /home/airflow/.local/lib/python3.7/site-packages/airflow/example_dags/tutorial_taskflow_api_virtualenv.py
[2023-11-01T14:05:37.160+0000] {processor.py:766} INFO - DAG(s) dict_keys(['tutorial_taskflow_api_virtualenv']) retrieved from /home/airflow/.local/lib/python3.7/site-packages/airflow/example_dags/tutorial_taskflow_api_virtualenv.py
[2023-11-01T14:05:37.224+0000] {logging_mixin.py:120} INFO - [2023-11-01T14:05:37.224+0000] {dag.py:2585} INFO - Sync 1 DAGs
[2023-11-01T14:05:37.270+0000] {logging_mixin.py:120} INFO - [2023-11-01T14:05:37.270+0000] {dag.py:3340} INFO - Setting next_dagrun for tutorial_taskflow_api_virtualenv to None, run_after=None
[2023-11-01T14:05:37.340+0000] {processor.py:176} INFO - Processing /home/airflow/.local/lib/python3.7/site-packages/airflow/example_dags/tutorial_taskflow_api_virtualenv.py took 0.234 seconds
[2023-11-01T14:06:07.828+0000] {processor.py:154} INFO - Started process (PID=884) to work on /home/airflow/.local/lib/python3.7/site-packages/airflow/example_dags/tutorial_taskflow_api_virtualenv.py
[2023-11-01T14:06:07.829+0000] {processor.py:756} INFO - Processing file /home/airflow/.local/lib/python3.7/site-packages/airflow/example_dags/tutorial_taskflow_api_virtualenv.py for tasks to queue
[2023-11-01T14:06:07.830+0000] {logging_mixin.py:120} INFO - [2023-11-01T14:06:07.830+0000] {dagbag.py:537} INFO - Filling up the DagBag from /home/airflow/.local/lib/python3.7/site-packages/airflow/example_dags/tutorial_taskflow_api_virtualenv.py
[2023-11-01T14:06:07.862+0000] {processor.py:766} INFO - DAG(s) dict_keys(['tutorial_taskflow_api_virtualenv']) retrieved from /home/airflow/.local/lib/python3.7/site-packages/airflow/example_dags/tutorial_taskflow_api_virtualenv.py
[2023-11-01T14:06:07.911+0000] {logging_mixin.py:120} INFO - [2023-11-01T14:06:07.911+0000] {dag.py:2585} INFO - Sync 1 DAGs
[2023-11-01T14:06:07.956+0000] {logging_mixin.py:120} INFO - [2023-11-01T14:06:07.956+0000] {dag.py:3340} INFO - Setting next_dagrun for tutorial_taskflow_api_virtualenv to None, run_after=None
[2023-11-01T14:06:07.988+0000] {processor.py:176} INFO - Processing /home/airflow/.local/lib/python3.7/site-packages/airflow/example_dags/tutorial_taskflow_api_virtualenv.py took 0.163 seconds
[2023-11-01T14:06:38.197+0000] {processor.py:154} INFO - Started process (PID=941) to work on /home/airflow/.local/lib/python3.7/site-packages/airflow/example_dags/tutorial_taskflow_api_virtualenv.py
[2023-11-01T14:06:38.199+0000] {processor.py:756} INFO - Processing file /home/airflow/.local/lib/python3.7/site-packages/airflow/example_dags/tutorial_taskflow_api_virtualenv.py for tasks to queue
[2023-11-01T14:06:38.202+0000] {logging_mixin.py:120} INFO - [2023-11-01T14:06:38.202+0000] {dagbag.py:537} INFO - Filling up the DagBag from /home/airflow/.local/lib/python3.7/site-packages/airflow/example_dags/tutorial_taskflow_api_virtualenv.py
[2023-11-01T14:06:38.232+0000] {processor.py:766} INFO - DAG(s) dict_keys(['tutorial_taskflow_api_virtualenv']) retrieved from /home/airflow/.local/lib/python3.7/site-packages/airflow/example_dags/tutorial_taskflow_api_virtualenv.py
[2023-11-01T14:06:38.348+0000] {logging_mixin.py:120} INFO - [2023-11-01T14:06:38.347+0000] {dag.py:2585} INFO - Sync 1 DAGs
[2023-11-01T14:06:38.389+0000] {logging_mixin.py:120} INFO - [2023-11-01T14:06:38.389+0000] {dag.py:3340} INFO - Setting next_dagrun for tutorial_taskflow_api_virtualenv to None, run_after=None
[2023-11-01T14:06:38.423+0000] {processor.py:176} INFO - Processing /home/airflow/.local/lib/python3.7/site-packages/airflow/example_dags/tutorial_taskflow_api_virtualenv.py took 0.229 seconds
[2023-11-01T14:07:08.904+0000] {processor.py:154} INFO - Started process (PID=1006) to work on /home/airflow/.local/lib/python3.7/site-packages/airflow/example_dags/tutorial_taskflow_api_virtualenv.py
[2023-11-01T14:07:08.905+0000] {processor.py:756} INFO - Processing file /home/airflow/.local/lib/python3.7/site-packages/airflow/example_dags/tutorial_taskflow_api_virtualenv.py for tasks to queue
[2023-11-01T14:07:08.906+0000] {logging_mixin.py:120} INFO - [2023-11-01T14:07:08.906+0000] {dagbag.py:537} INFO - Filling up the DagBag from /home/airflow/.local/lib/python3.7/site-packages/airflow/example_dags/tutorial_taskflow_api_virtualenv.py
[2023-11-01T14:07:08.932+0000] {processor.py:766} INFO - DAG(s) dict_keys(['tutorial_taskflow_api_virtualenv']) retrieved from /home/airflow/.local/lib/python3.7/site-packages/airflow/example_dags/tutorial_taskflow_api_virtualenv.py
[2023-11-01T14:07:08.982+0000] {logging_mixin.py:120} INFO - [2023-11-01T14:07:08.982+0000] {dag.py:2585} INFO - Sync 1 DAGs
[2023-11-01T14:07:09.021+0000] {logging_mixin.py:120} INFO - [2023-11-01T14:07:09.021+0000] {dag.py:3340} INFO - Setting next_dagrun for tutorial_taskflow_api_virtualenv to None, run_after=None
[2023-11-01T14:07:09.055+0000] {processor.py:176} INFO - Processing /home/airflow/.local/lib/python3.7/site-packages/airflow/example_dags/tutorial_taskflow_api_virtualenv.py took 0.154 seconds
