[2023-11-01T13:59:22.718+0000] {processor.py:154} INFO - Started process (PID=92) to work on /home/airflow/.local/lib/python3.7/site-packages/airflow/example_dags/tutorial_taskflow_api.py
[2023-11-01T13:59:22.720+0000] {processor.py:756} INFO - Processing file /home/airflow/.local/lib/python3.7/site-packages/airflow/example_dags/tutorial_taskflow_api.py for tasks to queue
[2023-11-01T13:59:22.721+0000] {logging_mixin.py:120} INFO - [2023-11-01T13:59:22.721+0000] {dagbag.py:537} INFO - Filling up the DagBag from /home/airflow/.local/lib/python3.7/site-packages/airflow/example_dags/tutorial_taskflow_api.py
[2023-11-01T13:59:22.753+0000] {processor.py:766} INFO - DAG(s) dict_keys(['tutorial_taskflow_api']) retrieved from /home/airflow/.local/lib/python3.7/site-packages/airflow/example_dags/tutorial_taskflow_api.py
[2023-11-01T13:59:22.810+0000] {logging_mixin.py:120} INFO - [2023-11-01T13:59:22.810+0000] {dag.py:2585} INFO - Sync 1 DAGs
[2023-11-01T13:59:22.851+0000] {logging_mixin.py:120} INFO - [2023-11-01T13:59:22.851+0000] {dag.py:3340} INFO - Setting next_dagrun for tutorial_taskflow_api to None, run_after=None
[2023-11-01T13:59:22.882+0000] {processor.py:176} INFO - Processing /home/airflow/.local/lib/python3.7/site-packages/airflow/example_dags/tutorial_taskflow_api.py took 0.166 seconds
[2023-11-01T13:59:52.979+0000] {processor.py:154} INFO - Started process (PID=148) to work on /home/airflow/.local/lib/python3.7/site-packages/airflow/example_dags/tutorial_taskflow_api.py
[2023-11-01T13:59:52.980+0000] {processor.py:756} INFO - Processing file /home/airflow/.local/lib/python3.7/site-packages/airflow/example_dags/tutorial_taskflow_api.py for tasks to queue
[2023-11-01T13:59:52.982+0000] {logging_mixin.py:120} INFO - [2023-11-01T13:59:52.981+0000] {dagbag.py:537} INFO - Filling up the DagBag from /home/airflow/.local/lib/python3.7/site-packages/airflow/example_dags/tutorial_taskflow_api.py
[2023-11-01T13:59:53.007+0000] {processor.py:766} INFO - DAG(s) dict_keys(['tutorial_taskflow_api']) retrieved from /home/airflow/.local/lib/python3.7/site-packages/airflow/example_dags/tutorial_taskflow_api.py
[2023-11-01T13:59:53.055+0000] {logging_mixin.py:120} INFO - [2023-11-01T13:59:53.055+0000] {dag.py:2585} INFO - Sync 1 DAGs
[2023-11-01T13:59:53.087+0000] {logging_mixin.py:120} INFO - [2023-11-01T13:59:53.087+0000] {dag.py:3340} INFO - Setting next_dagrun for tutorial_taskflow_api to None, run_after=None
[2023-11-01T13:59:53.113+0000] {processor.py:176} INFO - Processing /home/airflow/.local/lib/python3.7/site-packages/airflow/example_dags/tutorial_taskflow_api.py took 0.137 seconds
[2023-11-01T14:00:23.809+0000] {processor.py:154} INFO - Started process (PID=215) to work on /home/airflow/.local/lib/python3.7/site-packages/airflow/example_dags/tutorial_taskflow_api.py
[2023-11-01T14:00:23.810+0000] {processor.py:756} INFO - Processing file /home/airflow/.local/lib/python3.7/site-packages/airflow/example_dags/tutorial_taskflow_api.py for tasks to queue
[2023-11-01T14:00:23.811+0000] {logging_mixin.py:120} INFO - [2023-11-01T14:00:23.811+0000] {dagbag.py:537} INFO - Filling up the DagBag from /home/airflow/.local/lib/python3.7/site-packages/airflow/example_dags/tutorial_taskflow_api.py
[2023-11-01T14:00:23.837+0000] {processor.py:766} INFO - DAG(s) dict_keys(['tutorial_taskflow_api']) retrieved from /home/airflow/.local/lib/python3.7/site-packages/airflow/example_dags/tutorial_taskflow_api.py
[2023-11-01T14:00:23.885+0000] {logging_mixin.py:120} INFO - [2023-11-01T14:00:23.885+0000] {dag.py:2585} INFO - Sync 1 DAGs
[2023-11-01T14:00:23.918+0000] {logging_mixin.py:120} INFO - [2023-11-01T14:00:23.918+0000] {dag.py:3340} INFO - Setting next_dagrun for tutorial_taskflow_api to None, run_after=None
[2023-11-01T14:00:23.944+0000] {processor.py:176} INFO - Processing /home/airflow/.local/lib/python3.7/site-packages/airflow/example_dags/tutorial_taskflow_api.py took 0.138 seconds
[2023-11-01T14:00:54.741+0000] {processor.py:154} INFO - Started process (PID=282) to work on /home/airflow/.local/lib/python3.7/site-packages/airflow/example_dags/tutorial_taskflow_api.py
[2023-11-01T14:00:54.742+0000] {processor.py:756} INFO - Processing file /home/airflow/.local/lib/python3.7/site-packages/airflow/example_dags/tutorial_taskflow_api.py for tasks to queue
[2023-11-01T14:00:54.743+0000] {logging_mixin.py:120} INFO - [2023-11-01T14:00:54.743+0000] {dagbag.py:537} INFO - Filling up the DagBag from /home/airflow/.local/lib/python3.7/site-packages/airflow/example_dags/tutorial_taskflow_api.py
[2023-11-01T14:00:54.769+0000] {processor.py:766} INFO - DAG(s) dict_keys(['tutorial_taskflow_api']) retrieved from /home/airflow/.local/lib/python3.7/site-packages/airflow/example_dags/tutorial_taskflow_api.py
[2023-11-01T14:00:54.815+0000] {logging_mixin.py:120} INFO - [2023-11-01T14:00:54.815+0000] {dag.py:2585} INFO - Sync 1 DAGs
[2023-11-01T14:00:54.847+0000] {logging_mixin.py:120} INFO - [2023-11-01T14:00:54.847+0000] {dag.py:3340} INFO - Setting next_dagrun for tutorial_taskflow_api to None, run_after=None
[2023-11-01T14:00:54.880+0000] {processor.py:176} INFO - Processing /home/airflow/.local/lib/python3.7/site-packages/airflow/example_dags/tutorial_taskflow_api.py took 0.143 seconds
[2023-11-01T14:01:33.811+0000] {processor.py:154} INFO - Started process (PID=338) to work on /home/airflow/.local/lib/python3.7/site-packages/airflow/example_dags/tutorial_taskflow_api.py
[2023-11-01T14:01:33.812+0000] {processor.py:756} INFO - Processing file /home/airflow/.local/lib/python3.7/site-packages/airflow/example_dags/tutorial_taskflow_api.py for tasks to queue
[2023-11-01T14:01:33.814+0000] {logging_mixin.py:120} INFO - [2023-11-01T14:01:33.814+0000] {dagbag.py:537} INFO - Filling up the DagBag from /home/airflow/.local/lib/python3.7/site-packages/airflow/example_dags/tutorial_taskflow_api.py
[2023-11-01T14:01:33.923+0000] {processor.py:766} INFO - DAG(s) dict_keys(['tutorial_taskflow_api']) retrieved from /home/airflow/.local/lib/python3.7/site-packages/airflow/example_dags/tutorial_taskflow_api.py
[2023-11-01T14:01:34.101+0000] {logging_mixin.py:120} INFO - [2023-11-01T14:01:34.100+0000] {dag.py:2585} INFO - Sync 1 DAGs
[2023-11-01T14:01:34.210+0000] {logging_mixin.py:120} INFO - [2023-11-01T14:01:34.199+0000] {dag.py:3340} INFO - Setting next_dagrun for tutorial_taskflow_api to None, run_after=None
[2023-11-01T14:01:34.315+0000] {processor.py:176} INFO - Processing /home/airflow/.local/lib/python3.7/site-packages/airflow/example_dags/tutorial_taskflow_api.py took 0.514 seconds
[2023-11-01T14:02:04.807+0000] {processor.py:154} INFO - Started process (PID=404) to work on /home/airflow/.local/lib/python3.7/site-packages/airflow/example_dags/tutorial_taskflow_api.py
[2023-11-01T14:02:04.808+0000] {processor.py:756} INFO - Processing file /home/airflow/.local/lib/python3.7/site-packages/airflow/example_dags/tutorial_taskflow_api.py for tasks to queue
[2023-11-01T14:02:04.809+0000] {logging_mixin.py:120} INFO - [2023-11-01T14:02:04.809+0000] {dagbag.py:537} INFO - Filling up the DagBag from /home/airflow/.local/lib/python3.7/site-packages/airflow/example_dags/tutorial_taskflow_api.py
[2023-11-01T14:02:04.836+0000] {processor.py:766} INFO - DAG(s) dict_keys(['tutorial_taskflow_api']) retrieved from /home/airflow/.local/lib/python3.7/site-packages/airflow/example_dags/tutorial_taskflow_api.py
[2023-11-01T14:02:04.892+0000] {logging_mixin.py:120} INFO - [2023-11-01T14:02:04.892+0000] {dag.py:2585} INFO - Sync 1 DAGs
[2023-11-01T14:02:04.936+0000] {logging_mixin.py:120} INFO - [2023-11-01T14:02:04.935+0000] {dag.py:3340} INFO - Setting next_dagrun for tutorial_taskflow_api to None, run_after=None
[2023-11-01T14:02:04.964+0000] {processor.py:176} INFO - Processing /home/airflow/.local/lib/python3.7/site-packages/airflow/example_dags/tutorial_taskflow_api.py took 0.161 seconds
[2023-11-01T14:02:35.392+0000] {processor.py:154} INFO - Started process (PID=460) to work on /home/airflow/.local/lib/python3.7/site-packages/airflow/example_dags/tutorial_taskflow_api.py
[2023-11-01T14:02:35.394+0000] {processor.py:756} INFO - Processing file /home/airflow/.local/lib/python3.7/site-packages/airflow/example_dags/tutorial_taskflow_api.py for tasks to queue
[2023-11-01T14:02:35.397+0000] {logging_mixin.py:120} INFO - [2023-11-01T14:02:35.397+0000] {dagbag.py:537} INFO - Filling up the DagBag from /home/airflow/.local/lib/python3.7/site-packages/airflow/example_dags/tutorial_taskflow_api.py
[2023-11-01T14:02:35.435+0000] {processor.py:766} INFO - DAG(s) dict_keys(['tutorial_taskflow_api']) retrieved from /home/airflow/.local/lib/python3.7/site-packages/airflow/example_dags/tutorial_taskflow_api.py
[2023-11-01T14:02:35.508+0000] {logging_mixin.py:120} INFO - [2023-11-01T14:02:35.508+0000] {dag.py:2585} INFO - Sync 1 DAGs
[2023-11-01T14:02:35.558+0000] {logging_mixin.py:120} INFO - [2023-11-01T14:02:35.558+0000] {dag.py:3340} INFO - Setting next_dagrun for tutorial_taskflow_api to None, run_after=None
[2023-11-01T14:02:35.592+0000] {processor.py:176} INFO - Processing /home/airflow/.local/lib/python3.7/site-packages/airflow/example_dags/tutorial_taskflow_api.py took 0.203 seconds
[2023-11-01T14:03:06.116+0000] {processor.py:154} INFO - Started process (PID=525) to work on /home/airflow/.local/lib/python3.7/site-packages/airflow/example_dags/tutorial_taskflow_api.py
[2023-11-01T14:03:06.117+0000] {processor.py:756} INFO - Processing file /home/airflow/.local/lib/python3.7/site-packages/airflow/example_dags/tutorial_taskflow_api.py for tasks to queue
[2023-11-01T14:03:06.119+0000] {logging_mixin.py:120} INFO - [2023-11-01T14:03:06.118+0000] {dagbag.py:537} INFO - Filling up the DagBag from /home/airflow/.local/lib/python3.7/site-packages/airflow/example_dags/tutorial_taskflow_api.py
[2023-11-01T14:03:06.152+0000] {processor.py:766} INFO - DAG(s) dict_keys(['tutorial_taskflow_api']) retrieved from /home/airflow/.local/lib/python3.7/site-packages/airflow/example_dags/tutorial_taskflow_api.py
[2023-11-01T14:03:06.234+0000] {logging_mixin.py:120} INFO - [2023-11-01T14:03:06.234+0000] {dag.py:2585} INFO - Sync 1 DAGs
[2023-11-01T14:03:06.282+0000] {logging_mixin.py:120} INFO - [2023-11-01T14:03:06.282+0000] {dag.py:3340} INFO - Setting next_dagrun for tutorial_taskflow_api to None, run_after=None
[2023-11-01T14:03:06.320+0000] {processor.py:176} INFO - Processing /home/airflow/.local/lib/python3.7/site-packages/airflow/example_dags/tutorial_taskflow_api.py took 0.208 seconds
[2023-11-01T14:03:36.379+0000] {processor.py:154} INFO - Started process (PID=581) to work on /home/airflow/.local/lib/python3.7/site-packages/airflow/example_dags/tutorial_taskflow_api.py
[2023-11-01T14:03:36.380+0000] {processor.py:756} INFO - Processing file /home/airflow/.local/lib/python3.7/site-packages/airflow/example_dags/tutorial_taskflow_api.py for tasks to queue
[2023-11-01T14:03:36.382+0000] {logging_mixin.py:120} INFO - [2023-11-01T14:03:36.382+0000] {dagbag.py:537} INFO - Filling up the DagBag from /home/airflow/.local/lib/python3.7/site-packages/airflow/example_dags/tutorial_taskflow_api.py
[2023-11-01T14:03:36.413+0000] {processor.py:766} INFO - DAG(s) dict_keys(['tutorial_taskflow_api']) retrieved from /home/airflow/.local/lib/python3.7/site-packages/airflow/example_dags/tutorial_taskflow_api.py
[2023-11-01T14:03:36.468+0000] {logging_mixin.py:120} INFO - [2023-11-01T14:03:36.468+0000] {dag.py:2585} INFO - Sync 1 DAGs
[2023-11-01T14:03:36.505+0000] {logging_mixin.py:120} INFO - [2023-11-01T14:03:36.505+0000] {dag.py:3340} INFO - Setting next_dagrun for tutorial_taskflow_api to None, run_after=None
[2023-11-01T14:03:36.544+0000] {processor.py:176} INFO - Processing /home/airflow/.local/lib/python3.7/site-packages/airflow/example_dags/tutorial_taskflow_api.py took 0.169 seconds
[2023-11-01T14:04:07.226+0000] {processor.py:154} INFO - Started process (PID=647) to work on /home/airflow/.local/lib/python3.7/site-packages/airflow/example_dags/tutorial_taskflow_api.py
[2023-11-01T14:04:07.228+0000] {processor.py:756} INFO - Processing file /home/airflow/.local/lib/python3.7/site-packages/airflow/example_dags/tutorial_taskflow_api.py for tasks to queue
[2023-11-01T14:04:07.229+0000] {logging_mixin.py:120} INFO - [2023-11-01T14:04:07.229+0000] {dagbag.py:537} INFO - Filling up the DagBag from /home/airflow/.local/lib/python3.7/site-packages/airflow/example_dags/tutorial_taskflow_api.py
[2023-11-01T14:04:07.253+0000] {processor.py:766} INFO - DAG(s) dict_keys(['tutorial_taskflow_api']) retrieved from /home/airflow/.local/lib/python3.7/site-packages/airflow/example_dags/tutorial_taskflow_api.py
[2023-11-01T14:04:07.301+0000] {logging_mixin.py:120} INFO - [2023-11-01T14:04:07.301+0000] {dag.py:2585} INFO - Sync 1 DAGs
[2023-11-01T14:04:07.338+0000] {logging_mixin.py:120} INFO - [2023-11-01T14:04:07.338+0000] {dag.py:3340} INFO - Setting next_dagrun for tutorial_taskflow_api to None, run_after=None
[2023-11-01T14:04:07.381+0000] {processor.py:176} INFO - Processing /home/airflow/.local/lib/python3.7/site-packages/airflow/example_dags/tutorial_taskflow_api.py took 0.158 seconds
[2023-11-01T14:04:37.977+0000] {processor.py:154} INFO - Started process (PID=710) to work on /home/airflow/.local/lib/python3.7/site-packages/airflow/example_dags/tutorial_taskflow_api.py
[2023-11-01T14:04:37.988+0000] {processor.py:756} INFO - Processing file /home/airflow/.local/lib/python3.7/site-packages/airflow/example_dags/tutorial_taskflow_api.py for tasks to queue
[2023-11-01T14:04:37.990+0000] {logging_mixin.py:120} INFO - [2023-11-01T14:04:37.989+0000] {dagbag.py:537} INFO - Filling up the DagBag from /home/airflow/.local/lib/python3.7/site-packages/airflow/example_dags/tutorial_taskflow_api.py
[2023-11-01T14:04:38.057+0000] {processor.py:766} INFO - DAG(s) dict_keys(['tutorial_taskflow_api']) retrieved from /home/airflow/.local/lib/python3.7/site-packages/airflow/example_dags/tutorial_taskflow_api.py
[2023-11-01T14:04:38.155+0000] {logging_mixin.py:120} INFO - [2023-11-01T14:04:38.147+0000] {dag.py:2585} INFO - Sync 1 DAGs
[2023-11-01T14:04:38.196+0000] {logging_mixin.py:120} INFO - [2023-11-01T14:04:38.196+0000] {dag.py:3340} INFO - Setting next_dagrun for tutorial_taskflow_api to None, run_after=None
[2023-11-01T14:04:38.289+0000] {processor.py:176} INFO - Processing /home/airflow/.local/lib/python3.7/site-packages/airflow/example_dags/tutorial_taskflow_api.py took 0.315 seconds
[2023-11-01T14:05:08.488+0000] {processor.py:154} INFO - Started process (PID=769) to work on /home/airflow/.local/lib/python3.7/site-packages/airflow/example_dags/tutorial_taskflow_api.py
[2023-11-01T14:05:08.489+0000] {processor.py:756} INFO - Processing file /home/airflow/.local/lib/python3.7/site-packages/airflow/example_dags/tutorial_taskflow_api.py for tasks to queue
[2023-11-01T14:05:08.490+0000] {logging_mixin.py:120} INFO - [2023-11-01T14:05:08.490+0000] {dagbag.py:537} INFO - Filling up the DagBag from /home/airflow/.local/lib/python3.7/site-packages/airflow/example_dags/tutorial_taskflow_api.py
[2023-11-01T14:05:08.539+0000] {processor.py:766} INFO - DAG(s) dict_keys(['tutorial_taskflow_api']) retrieved from /home/airflow/.local/lib/python3.7/site-packages/airflow/example_dags/tutorial_taskflow_api.py
[2023-11-01T14:05:08.628+0000] {logging_mixin.py:120} INFO - [2023-11-01T14:05:08.628+0000] {dag.py:2585} INFO - Sync 1 DAGs
[2023-11-01T14:05:08.692+0000] {logging_mixin.py:120} INFO - [2023-11-01T14:05:08.692+0000] {dag.py:3340} INFO - Setting next_dagrun for tutorial_taskflow_api to None, run_after=None
[2023-11-01T14:05:08.757+0000] {processor.py:176} INFO - Processing /home/airflow/.local/lib/python3.7/site-packages/airflow/example_dags/tutorial_taskflow_api.py took 0.280 seconds
[2023-11-01T14:05:39.502+0000] {processor.py:154} INFO - Started process (PID=835) to work on /home/airflow/.local/lib/python3.7/site-packages/airflow/example_dags/tutorial_taskflow_api.py
[2023-11-01T14:05:39.503+0000] {processor.py:756} INFO - Processing file /home/airflow/.local/lib/python3.7/site-packages/airflow/example_dags/tutorial_taskflow_api.py for tasks to queue
[2023-11-01T14:05:39.510+0000] {logging_mixin.py:120} INFO - [2023-11-01T14:05:39.510+0000] {dagbag.py:537} INFO - Filling up the DagBag from /home/airflow/.local/lib/python3.7/site-packages/airflow/example_dags/tutorial_taskflow_api.py
[2023-11-01T14:05:39.544+0000] {processor.py:766} INFO - DAG(s) dict_keys(['tutorial_taskflow_api']) retrieved from /home/airflow/.local/lib/python3.7/site-packages/airflow/example_dags/tutorial_taskflow_api.py
[2023-11-01T14:05:39.630+0000] {logging_mixin.py:120} INFO - [2023-11-01T14:05:39.629+0000] {dag.py:2585} INFO - Sync 1 DAGs
[2023-11-01T14:05:39.691+0000] {logging_mixin.py:120} INFO - [2023-11-01T14:05:39.691+0000] {dag.py:3340} INFO - Setting next_dagrun for tutorial_taskflow_api to None, run_after=None
[2023-11-01T14:05:39.758+0000] {processor.py:176} INFO - Processing /home/airflow/.local/lib/python3.7/site-packages/airflow/example_dags/tutorial_taskflow_api.py took 0.261 seconds
[2023-11-01T14:06:10.526+0000] {processor.py:154} INFO - Started process (PID=890) to work on /home/airflow/.local/lib/python3.7/site-packages/airflow/example_dags/tutorial_taskflow_api.py
[2023-11-01T14:06:10.527+0000] {processor.py:756} INFO - Processing file /home/airflow/.local/lib/python3.7/site-packages/airflow/example_dags/tutorial_taskflow_api.py for tasks to queue
[2023-11-01T14:06:10.528+0000] {logging_mixin.py:120} INFO - [2023-11-01T14:06:10.528+0000] {dagbag.py:537} INFO - Filling up the DagBag from /home/airflow/.local/lib/python3.7/site-packages/airflow/example_dags/tutorial_taskflow_api.py
[2023-11-01T14:06:10.567+0000] {processor.py:766} INFO - DAG(s) dict_keys(['tutorial_taskflow_api']) retrieved from /home/airflow/.local/lib/python3.7/site-packages/airflow/example_dags/tutorial_taskflow_api.py
[2023-11-01T14:06:10.631+0000] {logging_mixin.py:120} INFO - [2023-11-01T14:06:10.631+0000] {dag.py:2585} INFO - Sync 1 DAGs
[2023-11-01T14:06:10.665+0000] {logging_mixin.py:120} INFO - [2023-11-01T14:06:10.665+0000] {dag.py:3340} INFO - Setting next_dagrun for tutorial_taskflow_api to None, run_after=None
[2023-11-01T14:06:10.691+0000] {processor.py:176} INFO - Processing /home/airflow/.local/lib/python3.7/site-packages/airflow/example_dags/tutorial_taskflow_api.py took 0.169 seconds
[2023-11-01T14:06:41.046+0000] {processor.py:154} INFO - Started process (PID=956) to work on /home/airflow/.local/lib/python3.7/site-packages/airflow/example_dags/tutorial_taskflow_api.py
[2023-11-01T14:06:41.048+0000] {processor.py:756} INFO - Processing file /home/airflow/.local/lib/python3.7/site-packages/airflow/example_dags/tutorial_taskflow_api.py for tasks to queue
[2023-11-01T14:06:41.051+0000] {logging_mixin.py:120} INFO - [2023-11-01T14:06:41.050+0000] {dagbag.py:537} INFO - Filling up the DagBag from /home/airflow/.local/lib/python3.7/site-packages/airflow/example_dags/tutorial_taskflow_api.py
[2023-11-01T14:06:41.076+0000] {processor.py:766} INFO - DAG(s) dict_keys(['tutorial_taskflow_api']) retrieved from /home/airflow/.local/lib/python3.7/site-packages/airflow/example_dags/tutorial_taskflow_api.py
[2023-11-01T14:06:41.139+0000] {logging_mixin.py:120} INFO - [2023-11-01T14:06:41.139+0000] {dag.py:2585} INFO - Sync 1 DAGs
[2023-11-01T14:06:41.179+0000] {logging_mixin.py:120} INFO - [2023-11-01T14:06:41.178+0000] {dag.py:3340} INFO - Setting next_dagrun for tutorial_taskflow_api to None, run_after=None
[2023-11-01T14:06:41.209+0000] {processor.py:176} INFO - Processing /home/airflow/.local/lib/python3.7/site-packages/airflow/example_dags/tutorial_taskflow_api.py took 0.168 seconds
[2023-11-01T14:07:11.670+0000] {processor.py:154} INFO - Started process (PID=1012) to work on /home/airflow/.local/lib/python3.7/site-packages/airflow/example_dags/tutorial_taskflow_api.py
[2023-11-01T14:07:11.671+0000] {processor.py:756} INFO - Processing file /home/airflow/.local/lib/python3.7/site-packages/airflow/example_dags/tutorial_taskflow_api.py for tasks to queue
[2023-11-01T14:07:11.673+0000] {logging_mixin.py:120} INFO - [2023-11-01T14:07:11.672+0000] {dagbag.py:537} INFO - Filling up the DagBag from /home/airflow/.local/lib/python3.7/site-packages/airflow/example_dags/tutorial_taskflow_api.py
[2023-11-01T14:07:11.699+0000] {processor.py:766} INFO - DAG(s) dict_keys(['tutorial_taskflow_api']) retrieved from /home/airflow/.local/lib/python3.7/site-packages/airflow/example_dags/tutorial_taskflow_api.py
[2023-11-01T14:07:11.754+0000] {logging_mixin.py:120} INFO - [2023-11-01T14:07:11.754+0000] {dag.py:2585} INFO - Sync 1 DAGs
[2023-11-01T14:07:11.790+0000] {logging_mixin.py:120} INFO - [2023-11-01T14:07:11.789+0000] {dag.py:3340} INFO - Setting next_dagrun for tutorial_taskflow_api to None, run_after=None
[2023-11-01T14:07:11.818+0000] {processor.py:176} INFO - Processing /home/airflow/.local/lib/python3.7/site-packages/airflow/example_dags/tutorial_taskflow_api.py took 0.151 seconds
