[2023-11-01T13:59:14.879+0000] {processor.py:154} INFO - Started process (PID=50) to work on /home/airflow/.local/lib/python3.7/site-packages/airflow/example_dags/tutorial_dag.py
[2023-11-01T13:59:14.881+0000] {processor.py:756} INFO - Processing file /home/airflow/.local/lib/python3.7/site-packages/airflow/example_dags/tutorial_dag.py for tasks to queue
[2023-11-01T13:59:14.882+0000] {logging_mixin.py:120} INFO - [2023-11-01T13:59:14.882+0000] {dagbag.py:537} INFO - Filling up the DagBag from /home/airflow/.local/lib/python3.7/site-packages/airflow/example_dags/tutorial_dag.py
[2023-11-01T13:59:14.898+0000] {processor.py:766} INFO - DAG(s) dict_keys(['tutorial_dag']) retrieved from /home/airflow/.local/lib/python3.7/site-packages/airflow/example_dags/tutorial_dag.py
[2023-11-01T13:59:14.950+0000] {logging_mixin.py:120} INFO - [2023-11-01T13:59:14.950+0000] {dag.py:2585} INFO - Sync 1 DAGs
[2023-11-01T13:59:14.985+0000] {logging_mixin.py:120} INFO - [2023-11-01T13:59:14.985+0000] {dag.py:3340} INFO - Setting next_dagrun for tutorial_dag to None, run_after=None
[2023-11-01T13:59:15.024+0000] {processor.py:176} INFO - Processing /home/airflow/.local/lib/python3.7/site-packages/airflow/example_dags/tutorial_dag.py took 0.147 seconds
[2023-11-01T13:59:45.284+0000] {processor.py:154} INFO - Started process (PID=115) to work on /home/airflow/.local/lib/python3.7/site-packages/airflow/example_dags/tutorial_dag.py
[2023-11-01T13:59:45.285+0000] {processor.py:756} INFO - Processing file /home/airflow/.local/lib/python3.7/site-packages/airflow/example_dags/tutorial_dag.py for tasks to queue
[2023-11-01T13:59:45.286+0000] {logging_mixin.py:120} INFO - [2023-11-01T13:59:45.286+0000] {dagbag.py:537} INFO - Filling up the DagBag from /home/airflow/.local/lib/python3.7/site-packages/airflow/example_dags/tutorial_dag.py
[2023-11-01T13:59:45.301+0000] {processor.py:766} INFO - DAG(s) dict_keys(['tutorial_dag']) retrieved from /home/airflow/.local/lib/python3.7/site-packages/airflow/example_dags/tutorial_dag.py
[2023-11-01T13:59:45.348+0000] {logging_mixin.py:120} INFO - [2023-11-01T13:59:45.348+0000] {dag.py:2585} INFO - Sync 1 DAGs
[2023-11-01T13:59:45.380+0000] {logging_mixin.py:120} INFO - [2023-11-01T13:59:45.380+0000] {dag.py:3340} INFO - Setting next_dagrun for tutorial_dag to None, run_after=None
[2023-11-01T13:59:45.406+0000] {processor.py:176} INFO - Processing /home/airflow/.local/lib/python3.7/site-packages/airflow/example_dags/tutorial_dag.py took 0.125 seconds
[2023-11-01T14:00:15.466+0000] {processor.py:154} INFO - Started process (PID=173) to work on /home/airflow/.local/lib/python3.7/site-packages/airflow/example_dags/tutorial_dag.py
[2023-11-01T14:00:15.467+0000] {processor.py:756} INFO - Processing file /home/airflow/.local/lib/python3.7/site-packages/airflow/example_dags/tutorial_dag.py for tasks to queue
[2023-11-01T14:00:15.468+0000] {logging_mixin.py:120} INFO - [2023-11-01T14:00:15.468+0000] {dagbag.py:537} INFO - Filling up the DagBag from /home/airflow/.local/lib/python3.7/site-packages/airflow/example_dags/tutorial_dag.py
[2023-11-01T14:00:15.483+0000] {processor.py:766} INFO - DAG(s) dict_keys(['tutorial_dag']) retrieved from /home/airflow/.local/lib/python3.7/site-packages/airflow/example_dags/tutorial_dag.py
[2023-11-01T14:00:15.533+0000] {logging_mixin.py:120} INFO - [2023-11-01T14:00:15.533+0000] {dag.py:2585} INFO - Sync 1 DAGs
[2023-11-01T14:00:15.566+0000] {logging_mixin.py:120} INFO - [2023-11-01T14:00:15.566+0000] {dag.py:3340} INFO - Setting next_dagrun for tutorial_dag to None, run_after=None
[2023-11-01T14:00:15.593+0000] {processor.py:176} INFO - Processing /home/airflow/.local/lib/python3.7/site-packages/airflow/example_dags/tutorial_dag.py took 0.131 seconds
[2023-11-01T14:00:46.275+0000] {processor.py:154} INFO - Started process (PID=239) to work on /home/airflow/.local/lib/python3.7/site-packages/airflow/example_dags/tutorial_dag.py
[2023-11-01T14:00:46.276+0000] {processor.py:756} INFO - Processing file /home/airflow/.local/lib/python3.7/site-packages/airflow/example_dags/tutorial_dag.py for tasks to queue
[2023-11-01T14:00:46.276+0000] {logging_mixin.py:120} INFO - [2023-11-01T14:00:46.276+0000] {dagbag.py:537} INFO - Filling up the DagBag from /home/airflow/.local/lib/python3.7/site-packages/airflow/example_dags/tutorial_dag.py
[2023-11-01T14:00:46.289+0000] {processor.py:766} INFO - DAG(s) dict_keys(['tutorial_dag']) retrieved from /home/airflow/.local/lib/python3.7/site-packages/airflow/example_dags/tutorial_dag.py
[2023-11-01T14:00:46.336+0000] {logging_mixin.py:120} INFO - [2023-11-01T14:00:46.336+0000] {dag.py:2585} INFO - Sync 1 DAGs
[2023-11-01T14:00:46.368+0000] {logging_mixin.py:120} INFO - [2023-11-01T14:00:46.367+0000] {dag.py:3340} INFO - Setting next_dagrun for tutorial_dag to None, run_after=None
[2023-11-01T14:00:46.393+0000] {processor.py:176} INFO - Processing /home/airflow/.local/lib/python3.7/site-packages/airflow/example_dags/tutorial_dag.py took 0.121 seconds
[2023-11-01T14:01:17.560+0000] {processor.py:154} INFO - Started process (PID=298) to work on /home/airflow/.local/lib/python3.7/site-packages/airflow/example_dags/tutorial_dag.py
[2023-11-01T14:01:17.562+0000] {processor.py:756} INFO - Processing file /home/airflow/.local/lib/python3.7/site-packages/airflow/example_dags/tutorial_dag.py for tasks to queue
[2023-11-01T14:01:17.563+0000] {logging_mixin.py:120} INFO - [2023-11-01T14:01:17.563+0000] {dagbag.py:537} INFO - Filling up the DagBag from /home/airflow/.local/lib/python3.7/site-packages/airflow/example_dags/tutorial_dag.py
[2023-11-01T14:01:17.622+0000] {processor.py:766} INFO - DAG(s) dict_keys(['tutorial_dag']) retrieved from /home/airflow/.local/lib/python3.7/site-packages/airflow/example_dags/tutorial_dag.py
[2023-11-01T14:01:17.784+0000] {logging_mixin.py:120} INFO - [2023-11-01T14:01:17.784+0000] {dag.py:2585} INFO - Sync 1 DAGs
[2023-11-01T14:01:17.897+0000] {logging_mixin.py:120} INFO - [2023-11-01T14:01:17.896+0000] {dag.py:3340} INFO - Setting next_dagrun for tutorial_dag to None, run_after=None
[2023-11-01T14:01:17.986+0000] {processor.py:176} INFO - Processing /home/airflow/.local/lib/python3.7/site-packages/airflow/example_dags/tutorial_dag.py took 0.430 seconds
[2023-11-01T14:01:48.955+0000] {processor.py:154} INFO - Started process (PID=353) to work on /home/airflow/.local/lib/python3.7/site-packages/airflow/example_dags/tutorial_dag.py
[2023-11-01T14:01:48.956+0000] {processor.py:756} INFO - Processing file /home/airflow/.local/lib/python3.7/site-packages/airflow/example_dags/tutorial_dag.py for tasks to queue
[2023-11-01T14:01:48.958+0000] {logging_mixin.py:120} INFO - [2023-11-01T14:01:48.958+0000] {dagbag.py:537} INFO - Filling up the DagBag from /home/airflow/.local/lib/python3.7/site-packages/airflow/example_dags/tutorial_dag.py
[2023-11-01T14:01:48.978+0000] {processor.py:766} INFO - DAG(s) dict_keys(['tutorial_dag']) retrieved from /home/airflow/.local/lib/python3.7/site-packages/airflow/example_dags/tutorial_dag.py
[2023-11-01T14:01:49.038+0000] {logging_mixin.py:120} INFO - [2023-11-01T14:01:49.038+0000] {dag.py:2585} INFO - Sync 1 DAGs
[2023-11-01T14:01:49.075+0000] {logging_mixin.py:120} INFO - [2023-11-01T14:01:49.075+0000] {dag.py:3340} INFO - Setting next_dagrun for tutorial_dag to None, run_after=None
[2023-11-01T14:01:49.131+0000] {processor.py:176} INFO - Processing /home/airflow/.local/lib/python3.7/site-packages/airflow/example_dags/tutorial_dag.py took 0.180 seconds
[2023-11-01T14:02:19.462+0000] {processor.py:154} INFO - Started process (PID=418) to work on /home/airflow/.local/lib/python3.7/site-packages/airflow/example_dags/tutorial_dag.py
[2023-11-01T14:02:19.463+0000] {processor.py:756} INFO - Processing file /home/airflow/.local/lib/python3.7/site-packages/airflow/example_dags/tutorial_dag.py for tasks to queue
[2023-11-01T14:02:19.465+0000] {logging_mixin.py:120} INFO - [2023-11-01T14:02:19.465+0000] {dagbag.py:537} INFO - Filling up the DagBag from /home/airflow/.local/lib/python3.7/site-packages/airflow/example_dags/tutorial_dag.py
[2023-11-01T14:02:19.494+0000] {processor.py:766} INFO - DAG(s) dict_keys(['tutorial_dag']) retrieved from /home/airflow/.local/lib/python3.7/site-packages/airflow/example_dags/tutorial_dag.py
[2023-11-01T14:02:19.570+0000] {logging_mixin.py:120} INFO - [2023-11-01T14:02:19.569+0000] {dag.py:2585} INFO - Sync 1 DAGs
[2023-11-01T14:02:19.645+0000] {logging_mixin.py:120} INFO - [2023-11-01T14:02:19.645+0000] {dag.py:3340} INFO - Setting next_dagrun for tutorial_dag to None, run_after=None
[2023-11-01T14:02:19.692+0000] {processor.py:176} INFO - Processing /home/airflow/.local/lib/python3.7/site-packages/airflow/example_dags/tutorial_dag.py took 0.233 seconds
[2023-11-01T14:02:49.850+0000] {processor.py:154} INFO - Started process (PID=473) to work on /home/airflow/.local/lib/python3.7/site-packages/airflow/example_dags/tutorial_dag.py
[2023-11-01T14:02:49.852+0000] {processor.py:756} INFO - Processing file /home/airflow/.local/lib/python3.7/site-packages/airflow/example_dags/tutorial_dag.py for tasks to queue
[2023-11-01T14:02:49.854+0000] {logging_mixin.py:120} INFO - [2023-11-01T14:02:49.853+0000] {dagbag.py:537} INFO - Filling up the DagBag from /home/airflow/.local/lib/python3.7/site-packages/airflow/example_dags/tutorial_dag.py
[2023-11-01T14:02:49.884+0000] {processor.py:766} INFO - DAG(s) dict_keys(['tutorial_dag']) retrieved from /home/airflow/.local/lib/python3.7/site-packages/airflow/example_dags/tutorial_dag.py
[2023-11-01T14:02:49.988+0000] {logging_mixin.py:120} INFO - [2023-11-01T14:02:49.988+0000] {dag.py:2585} INFO - Sync 1 DAGs
[2023-11-01T14:02:50.034+0000] {logging_mixin.py:120} INFO - [2023-11-01T14:02:50.034+0000] {dag.py:3340} INFO - Setting next_dagrun for tutorial_dag to None, run_after=None
[2023-11-01T14:02:50.079+0000] {processor.py:176} INFO - Processing /home/airflow/.local/lib/python3.7/site-packages/airflow/example_dags/tutorial_dag.py took 0.231 seconds
[2023-11-01T14:03:20.597+0000] {processor.py:154} INFO - Started process (PID=539) to work on /home/airflow/.local/lib/python3.7/site-packages/airflow/example_dags/tutorial_dag.py
[2023-11-01T14:03:20.598+0000] {processor.py:756} INFO - Processing file /home/airflow/.local/lib/python3.7/site-packages/airflow/example_dags/tutorial_dag.py for tasks to queue
[2023-11-01T14:03:20.599+0000] {logging_mixin.py:120} INFO - [2023-11-01T14:03:20.599+0000] {dagbag.py:537} INFO - Filling up the DagBag from /home/airflow/.local/lib/python3.7/site-packages/airflow/example_dags/tutorial_dag.py
[2023-11-01T14:03:20.615+0000] {processor.py:766} INFO - DAG(s) dict_keys(['tutorial_dag']) retrieved from /home/airflow/.local/lib/python3.7/site-packages/airflow/example_dags/tutorial_dag.py
[2023-11-01T14:03:20.662+0000] {logging_mixin.py:120} INFO - [2023-11-01T14:03:20.662+0000] {dag.py:2585} INFO - Sync 1 DAGs
[2023-11-01T14:03:20.695+0000] {logging_mixin.py:120} INFO - [2023-11-01T14:03:20.695+0000] {dag.py:3340} INFO - Setting next_dagrun for tutorial_dag to None, run_after=None
[2023-11-01T14:03:20.722+0000] {processor.py:176} INFO - Processing /home/airflow/.local/lib/python3.7/site-packages/airflow/example_dags/tutorial_dag.py took 0.128 seconds
[2023-11-01T14:03:50.812+0000] {processor.py:154} INFO - Started process (PID=605) to work on /home/airflow/.local/lib/python3.7/site-packages/airflow/example_dags/tutorial_dag.py
[2023-11-01T14:03:50.813+0000] {processor.py:756} INFO - Processing file /home/airflow/.local/lib/python3.7/site-packages/airflow/example_dags/tutorial_dag.py for tasks to queue
[2023-11-01T14:03:50.815+0000] {logging_mixin.py:120} INFO - [2023-11-01T14:03:50.815+0000] {dagbag.py:537} INFO - Filling up the DagBag from /home/airflow/.local/lib/python3.7/site-packages/airflow/example_dags/tutorial_dag.py
[2023-11-01T14:03:50.831+0000] {processor.py:766} INFO - DAG(s) dict_keys(['tutorial_dag']) retrieved from /home/airflow/.local/lib/python3.7/site-packages/airflow/example_dags/tutorial_dag.py
[2023-11-01T14:03:50.904+0000] {logging_mixin.py:120} INFO - [2023-11-01T14:03:50.904+0000] {dag.py:2585} INFO - Sync 1 DAGs
[2023-11-01T14:03:50.951+0000] {logging_mixin.py:120} INFO - [2023-11-01T14:03:50.951+0000] {dag.py:3340} INFO - Setting next_dagrun for tutorial_dag to None, run_after=None
[2023-11-01T14:03:50.992+0000] {processor.py:176} INFO - Processing /home/airflow/.local/lib/python3.7/site-packages/airflow/example_dags/tutorial_dag.py took 0.183 seconds
[2023-11-01T14:04:21.636+0000] {processor.py:154} INFO - Started process (PID=661) to work on /home/airflow/.local/lib/python3.7/site-packages/airflow/example_dags/tutorial_dag.py
[2023-11-01T14:04:21.638+0000] {processor.py:756} INFO - Processing file /home/airflow/.local/lib/python3.7/site-packages/airflow/example_dags/tutorial_dag.py for tasks to queue
[2023-11-01T14:04:21.639+0000] {logging_mixin.py:120} INFO - [2023-11-01T14:04:21.639+0000] {dagbag.py:537} INFO - Filling up the DagBag from /home/airflow/.local/lib/python3.7/site-packages/airflow/example_dags/tutorial_dag.py
[2023-11-01T14:04:21.658+0000] {processor.py:766} INFO - DAG(s) dict_keys(['tutorial_dag']) retrieved from /home/airflow/.local/lib/python3.7/site-packages/airflow/example_dags/tutorial_dag.py
[2023-11-01T14:04:21.704+0000] {logging_mixin.py:120} INFO - [2023-11-01T14:04:21.704+0000] {dag.py:2585} INFO - Sync 1 DAGs
[2023-11-01T14:04:21.754+0000] {logging_mixin.py:120} INFO - [2023-11-01T14:04:21.754+0000] {dag.py:3340} INFO - Setting next_dagrun for tutorial_dag to None, run_after=None
[2023-11-01T14:04:21.785+0000] {processor.py:176} INFO - Processing /home/airflow/.local/lib/python3.7/site-packages/airflow/example_dags/tutorial_dag.py took 0.152 seconds
[2023-11-01T14:04:52.605+0000] {processor.py:154} INFO - Started process (PID=727) to work on /home/airflow/.local/lib/python3.7/site-packages/airflow/example_dags/tutorial_dag.py
[2023-11-01T14:04:52.606+0000] {processor.py:756} INFO - Processing file /home/airflow/.local/lib/python3.7/site-packages/airflow/example_dags/tutorial_dag.py for tasks to queue
[2023-11-01T14:04:52.608+0000] {logging_mixin.py:120} INFO - [2023-11-01T14:04:52.608+0000] {dagbag.py:537} INFO - Filling up the DagBag from /home/airflow/.local/lib/python3.7/site-packages/airflow/example_dags/tutorial_dag.py
[2023-11-01T14:04:52.630+0000] {processor.py:766} INFO - DAG(s) dict_keys(['tutorial_dag']) retrieved from /home/airflow/.local/lib/python3.7/site-packages/airflow/example_dags/tutorial_dag.py
[2023-11-01T14:04:52.682+0000] {logging_mixin.py:120} INFO - [2023-11-01T14:04:52.681+0000] {dag.py:2585} INFO - Sync 1 DAGs
[2023-11-01T14:04:52.715+0000] {logging_mixin.py:120} INFO - [2023-11-01T14:04:52.715+0000] {dag.py:3340} INFO - Setting next_dagrun for tutorial_dag to None, run_after=None
[2023-11-01T14:04:52.743+0000] {processor.py:176} INFO - Processing /home/airflow/.local/lib/python3.7/site-packages/airflow/example_dags/tutorial_dag.py took 0.142 seconds
[2023-11-01T14:05:22.922+0000] {processor.py:154} INFO - Started process (PID=783) to work on /home/airflow/.local/lib/python3.7/site-packages/airflow/example_dags/tutorial_dag.py
[2023-11-01T14:05:22.923+0000] {processor.py:756} INFO - Processing file /home/airflow/.local/lib/python3.7/site-packages/airflow/example_dags/tutorial_dag.py for tasks to queue
[2023-11-01T14:05:22.924+0000] {logging_mixin.py:120} INFO - [2023-11-01T14:05:22.924+0000] {dagbag.py:537} INFO - Filling up the DagBag from /home/airflow/.local/lib/python3.7/site-packages/airflow/example_dags/tutorial_dag.py
[2023-11-01T14:05:22.940+0000] {processor.py:766} INFO - DAG(s) dict_keys(['tutorial_dag']) retrieved from /home/airflow/.local/lib/python3.7/site-packages/airflow/example_dags/tutorial_dag.py
[2023-11-01T14:05:22.995+0000] {logging_mixin.py:120} INFO - [2023-11-01T14:05:22.995+0000] {dag.py:2585} INFO - Sync 1 DAGs
[2023-11-01T14:05:23.026+0000] {logging_mixin.py:120} INFO - [2023-11-01T14:05:23.026+0000] {dag.py:3340} INFO - Setting next_dagrun for tutorial_dag to None, run_after=None
[2023-11-01T14:05:23.054+0000] {processor.py:176} INFO - Processing /home/airflow/.local/lib/python3.7/site-packages/airflow/example_dags/tutorial_dag.py took 0.134 seconds
[2023-11-01T14:05:53.971+0000] {processor.py:154} INFO - Started process (PID=848) to work on /home/airflow/.local/lib/python3.7/site-packages/airflow/example_dags/tutorial_dag.py
[2023-11-01T14:05:53.972+0000] {processor.py:756} INFO - Processing file /home/airflow/.local/lib/python3.7/site-packages/airflow/example_dags/tutorial_dag.py for tasks to queue
[2023-11-01T14:05:53.973+0000] {logging_mixin.py:120} INFO - [2023-11-01T14:05:53.973+0000] {dagbag.py:537} INFO - Filling up the DagBag from /home/airflow/.local/lib/python3.7/site-packages/airflow/example_dags/tutorial_dag.py
[2023-11-01T14:05:54.001+0000] {processor.py:766} INFO - DAG(s) dict_keys(['tutorial_dag']) retrieved from /home/airflow/.local/lib/python3.7/site-packages/airflow/example_dags/tutorial_dag.py
[2023-11-01T14:05:54.053+0000] {logging_mixin.py:120} INFO - [2023-11-01T14:05:54.053+0000] {dag.py:2585} INFO - Sync 1 DAGs
[2023-11-01T14:05:54.089+0000] {logging_mixin.py:120} INFO - [2023-11-01T14:05:54.089+0000] {dag.py:3340} INFO - Setting next_dagrun for tutorial_dag to None, run_after=None
[2023-11-01T14:05:54.122+0000] {processor.py:176} INFO - Processing /home/airflow/.local/lib/python3.7/site-packages/airflow/example_dags/tutorial_dag.py took 0.154 seconds
[2023-11-01T14:06:25.074+0000] {processor.py:154} INFO - Started process (PID=905) to work on /home/airflow/.local/lib/python3.7/site-packages/airflow/example_dags/tutorial_dag.py
[2023-11-01T14:06:25.075+0000] {processor.py:756} INFO - Processing file /home/airflow/.local/lib/python3.7/site-packages/airflow/example_dags/tutorial_dag.py for tasks to queue
[2023-11-01T14:06:25.077+0000] {logging_mixin.py:120} INFO - [2023-11-01T14:06:25.076+0000] {dagbag.py:537} INFO - Filling up the DagBag from /home/airflow/.local/lib/python3.7/site-packages/airflow/example_dags/tutorial_dag.py
[2023-11-01T14:06:25.098+0000] {processor.py:766} INFO - DAG(s) dict_keys(['tutorial_dag']) retrieved from /home/airflow/.local/lib/python3.7/site-packages/airflow/example_dags/tutorial_dag.py
[2023-11-01T14:06:25.157+0000] {logging_mixin.py:120} INFO - [2023-11-01T14:06:25.156+0000] {dag.py:2585} INFO - Sync 1 DAGs
[2023-11-01T14:06:25.203+0000] {logging_mixin.py:120} INFO - [2023-11-01T14:06:25.203+0000] {dag.py:3340} INFO - Setting next_dagrun for tutorial_dag to None, run_after=None
[2023-11-01T14:06:25.237+0000] {processor.py:176} INFO - Processing /home/airflow/.local/lib/python3.7/site-packages/airflow/example_dags/tutorial_dag.py took 0.166 seconds
[2023-11-01T14:06:55.877+0000] {processor.py:154} INFO - Started process (PID=970) to work on /home/airflow/.local/lib/python3.7/site-packages/airflow/example_dags/tutorial_dag.py
[2023-11-01T14:06:55.878+0000] {processor.py:756} INFO - Processing file /home/airflow/.local/lib/python3.7/site-packages/airflow/example_dags/tutorial_dag.py for tasks to queue
[2023-11-01T14:06:55.881+0000] {logging_mixin.py:120} INFO - [2023-11-01T14:06:55.881+0000] {dagbag.py:537} INFO - Filling up the DagBag from /home/airflow/.local/lib/python3.7/site-packages/airflow/example_dags/tutorial_dag.py
[2023-11-01T14:06:55.902+0000] {processor.py:766} INFO - DAG(s) dict_keys(['tutorial_dag']) retrieved from /home/airflow/.local/lib/python3.7/site-packages/airflow/example_dags/tutorial_dag.py
[2023-11-01T14:06:55.965+0000] {logging_mixin.py:120} INFO - [2023-11-01T14:06:55.965+0000] {dag.py:2585} INFO - Sync 1 DAGs
[2023-11-01T14:06:55.998+0000] {logging_mixin.py:120} INFO - [2023-11-01T14:06:55.998+0000] {dag.py:3340} INFO - Setting next_dagrun for tutorial_dag to None, run_after=None
[2023-11-01T14:06:56.034+0000] {processor.py:176} INFO - Processing /home/airflow/.local/lib/python3.7/site-packages/airflow/example_dags/tutorial_dag.py took 0.161 seconds
