[2023-11-01T13:59:18.863+0000] {processor.py:154} INFO - Started process (PID=67) to work on /home/airflow/.local/lib/python3.7/site-packages/airflow/example_dags/tutorial.py
[2023-11-01T13:59:18.864+0000] {processor.py:756} INFO - Processing file /home/airflow/.local/lib/python3.7/site-packages/airflow/example_dags/tutorial.py for tasks to queue
[2023-11-01T13:59:18.866+0000] {logging_mixin.py:120} INFO - [2023-11-01T13:59:18.866+0000] {dagbag.py:537} INFO - Filling up the DagBag from /home/airflow/.local/lib/python3.7/site-packages/airflow/example_dags/tutorial.py
[2023-11-01T13:59:18.885+0000] {processor.py:766} INFO - DAG(s) dict_keys(['tutorial']) retrieved from /home/airflow/.local/lib/python3.7/site-packages/airflow/example_dags/tutorial.py
[2023-11-01T13:59:18.942+0000] {logging_mixin.py:120} INFO - [2023-11-01T13:59:18.942+0000] {dag.py:2585} INFO - Sync 1 DAGs
[2023-11-01T13:59:19.009+0000] {logging_mixin.py:120} INFO - [2023-11-01T13:59:19.007+0000] {dag.py:3340} INFO - Setting next_dagrun for tutorial to 2023-10-31T13:59:19.005657+00:00, run_after=2023-11-01T13:59:19.005657+00:00
[2023-11-01T13:59:19.063+0000] {processor.py:176} INFO - Processing /home/airflow/.local/lib/python3.7/site-packages/airflow/example_dags/tutorial.py took 0.202 seconds
[2023-11-01T13:59:49.328+0000] {processor.py:154} INFO - Started process (PID=133) to work on /home/airflow/.local/lib/python3.7/site-packages/airflow/example_dags/tutorial.py
[2023-11-01T13:59:49.329+0000] {processor.py:756} INFO - Processing file /home/airflow/.local/lib/python3.7/site-packages/airflow/example_dags/tutorial.py for tasks to queue
[2023-11-01T13:59:49.330+0000] {logging_mixin.py:120} INFO - [2023-11-01T13:59:49.330+0000] {dagbag.py:537} INFO - Filling up the DagBag from /home/airflow/.local/lib/python3.7/site-packages/airflow/example_dags/tutorial.py
[2023-11-01T13:59:49.346+0000] {processor.py:766} INFO - DAG(s) dict_keys(['tutorial']) retrieved from /home/airflow/.local/lib/python3.7/site-packages/airflow/example_dags/tutorial.py
[2023-11-01T13:59:49.389+0000] {logging_mixin.py:120} INFO - [2023-11-01T13:59:49.389+0000] {dag.py:2585} INFO - Sync 1 DAGs
[2023-11-01T13:59:49.421+0000] {logging_mixin.py:120} INFO - [2023-11-01T13:59:49.421+0000] {dag.py:3340} INFO - Setting next_dagrun for tutorial to 2023-10-31T13:59:49.420859+00:00, run_after=2023-11-01T13:59:49.420859+00:00
[2023-11-01T13:59:49.447+0000] {processor.py:176} INFO - Processing /home/airflow/.local/lib/python3.7/site-packages/airflow/example_dags/tutorial.py took 0.122 seconds
[2023-11-01T14:00:20.153+0000] {processor.py:154} INFO - Started process (PID=200) to work on /home/airflow/.local/lib/python3.7/site-packages/airflow/example_dags/tutorial.py
[2023-11-01T14:00:20.154+0000] {processor.py:756} INFO - Processing file /home/airflow/.local/lib/python3.7/site-packages/airflow/example_dags/tutorial.py for tasks to queue
[2023-11-01T14:00:20.155+0000] {logging_mixin.py:120} INFO - [2023-11-01T14:00:20.155+0000] {dagbag.py:537} INFO - Filling up the DagBag from /home/airflow/.local/lib/python3.7/site-packages/airflow/example_dags/tutorial.py
[2023-11-01T14:00:20.171+0000] {processor.py:766} INFO - DAG(s) dict_keys(['tutorial']) retrieved from /home/airflow/.local/lib/python3.7/site-packages/airflow/example_dags/tutorial.py
[2023-11-01T14:00:20.216+0000] {logging_mixin.py:120} INFO - [2023-11-01T14:00:20.215+0000] {dag.py:2585} INFO - Sync 1 DAGs
[2023-11-01T14:00:20.249+0000] {logging_mixin.py:120} INFO - [2023-11-01T14:00:20.248+0000] {dag.py:3340} INFO - Setting next_dagrun for tutorial to 2023-10-31T14:00:20.248616+00:00, run_after=2023-11-01T14:00:20.248616+00:00
[2023-11-01T14:00:20.281+0000] {processor.py:176} INFO - Processing /home/airflow/.local/lib/python3.7/site-packages/airflow/example_dags/tutorial.py took 0.131 seconds
[2023-11-01T14:00:51.019+0000] {processor.py:154} INFO - Started process (PID=257) to work on /home/airflow/.local/lib/python3.7/site-packages/airflow/example_dags/tutorial.py
[2023-11-01T14:00:51.020+0000] {processor.py:756} INFO - Processing file /home/airflow/.local/lib/python3.7/site-packages/airflow/example_dags/tutorial.py for tasks to queue
[2023-11-01T14:00:51.021+0000] {logging_mixin.py:120} INFO - [2023-11-01T14:00:51.021+0000] {dagbag.py:537} INFO - Filling up the DagBag from /home/airflow/.local/lib/python3.7/site-packages/airflow/example_dags/tutorial.py
[2023-11-01T14:00:51.035+0000] {processor.py:766} INFO - DAG(s) dict_keys(['tutorial']) retrieved from /home/airflow/.local/lib/python3.7/site-packages/airflow/example_dags/tutorial.py
[2023-11-01T14:00:51.080+0000] {logging_mixin.py:120} INFO - [2023-11-01T14:00:51.080+0000] {dag.py:2585} INFO - Sync 1 DAGs
[2023-11-01T14:00:51.111+0000] {logging_mixin.py:120} INFO - [2023-11-01T14:00:51.111+0000] {dag.py:3340} INFO - Setting next_dagrun for tutorial to 2023-10-31T14:00:51.111451+00:00, run_after=2023-11-01T14:00:51.111451+00:00
[2023-11-01T14:00:51.137+0000] {processor.py:176} INFO - Processing /home/airflow/.local/lib/python3.7/site-packages/airflow/example_dags/tutorial.py took 0.121 seconds
[2023-11-01T14:01:27.585+0000] {processor.py:154} INFO - Started process (PID=323) to work on /home/airflow/.local/lib/python3.7/site-packages/airflow/example_dags/tutorial.py
[2023-11-01T14:01:27.588+0000] {processor.py:756} INFO - Processing file /home/airflow/.local/lib/python3.7/site-packages/airflow/example_dags/tutorial.py for tasks to queue
[2023-11-01T14:01:27.599+0000] {logging_mixin.py:120} INFO - [2023-11-01T14:01:27.599+0000] {dagbag.py:537} INFO - Filling up the DagBag from /home/airflow/.local/lib/python3.7/site-packages/airflow/example_dags/tutorial.py
[2023-11-01T14:01:27.653+0000] {processor.py:766} INFO - DAG(s) dict_keys(['tutorial']) retrieved from /home/airflow/.local/lib/python3.7/site-packages/airflow/example_dags/tutorial.py
[2023-11-01T14:01:27.812+0000] {logging_mixin.py:120} INFO - [2023-11-01T14:01:27.812+0000] {dag.py:2585} INFO - Sync 1 DAGs
[2023-11-01T14:01:27.941+0000] {logging_mixin.py:120} INFO - [2023-11-01T14:01:27.941+0000] {dag.py:3340} INFO - Setting next_dagrun for tutorial to 2023-10-31T14:01:27.940976+00:00, run_after=2023-11-01T14:01:27.940976+00:00
[2023-11-01T14:01:28.055+0000] {processor.py:176} INFO - Processing /home/airflow/.local/lib/python3.7/site-packages/airflow/example_dags/tutorial.py took 0.474 seconds
[2023-11-01T14:01:58.751+0000] {processor.py:154} INFO - Started process (PID=380) to work on /home/airflow/.local/lib/python3.7/site-packages/airflow/example_dags/tutorial.py
[2023-11-01T14:01:58.752+0000] {processor.py:756} INFO - Processing file /home/airflow/.local/lib/python3.7/site-packages/airflow/example_dags/tutorial.py for tasks to queue
[2023-11-01T14:01:58.753+0000] {logging_mixin.py:120} INFO - [2023-11-01T14:01:58.753+0000] {dagbag.py:537} INFO - Filling up the DagBag from /home/airflow/.local/lib/python3.7/site-packages/airflow/example_dags/tutorial.py
[2023-11-01T14:01:58.773+0000] {processor.py:766} INFO - DAG(s) dict_keys(['tutorial']) retrieved from /home/airflow/.local/lib/python3.7/site-packages/airflow/example_dags/tutorial.py
[2023-11-01T14:01:58.843+0000] {logging_mixin.py:120} INFO - [2023-11-01T14:01:58.843+0000] {dag.py:2585} INFO - Sync 1 DAGs
[2023-11-01T14:01:58.888+0000] {logging_mixin.py:120} INFO - [2023-11-01T14:01:58.888+0000] {dag.py:3340} INFO - Setting next_dagrun for tutorial to 2023-10-31T14:01:58.888039+00:00, run_after=2023-11-01T14:01:58.888039+00:00
[2023-11-01T14:01:58.929+0000] {processor.py:176} INFO - Processing /home/airflow/.local/lib/python3.7/site-packages/airflow/example_dags/tutorial.py took 0.182 seconds
[2023-11-01T14:02:29.192+0000] {processor.py:154} INFO - Started process (PID=445) to work on /home/airflow/.local/lib/python3.7/site-packages/airflow/example_dags/tutorial.py
[2023-11-01T14:02:29.194+0000] {processor.py:756} INFO - Processing file /home/airflow/.local/lib/python3.7/site-packages/airflow/example_dags/tutorial.py for tasks to queue
[2023-11-01T14:02:29.195+0000] {logging_mixin.py:120} INFO - [2023-11-01T14:02:29.195+0000] {dagbag.py:537} INFO - Filling up the DagBag from /home/airflow/.local/lib/python3.7/site-packages/airflow/example_dags/tutorial.py
[2023-11-01T14:02:29.216+0000] {processor.py:766} INFO - DAG(s) dict_keys(['tutorial']) retrieved from /home/airflow/.local/lib/python3.7/site-packages/airflow/example_dags/tutorial.py
[2023-11-01T14:02:29.284+0000] {logging_mixin.py:120} INFO - [2023-11-01T14:02:29.284+0000] {dag.py:2585} INFO - Sync 1 DAGs
[2023-11-01T14:02:29.318+0000] {logging_mixin.py:120} INFO - [2023-11-01T14:02:29.318+0000] {dag.py:3340} INFO - Setting next_dagrun for tutorial to 2023-10-31T14:02:29.318462+00:00, run_after=2023-11-01T14:02:29.318462+00:00
[2023-11-01T14:02:29.350+0000] {processor.py:176} INFO - Processing /home/airflow/.local/lib/python3.7/site-packages/airflow/example_dags/tutorial.py took 0.162 seconds
[2023-11-01T14:02:59.730+0000] {processor.py:154} INFO - Started process (PID=501) to work on /home/airflow/.local/lib/python3.7/site-packages/airflow/example_dags/tutorial.py
[2023-11-01T14:02:59.732+0000] {processor.py:756} INFO - Processing file /home/airflow/.local/lib/python3.7/site-packages/airflow/example_dags/tutorial.py for tasks to queue
[2023-11-01T14:02:59.733+0000] {logging_mixin.py:120} INFO - [2023-11-01T14:02:59.733+0000] {dagbag.py:537} INFO - Filling up the DagBag from /home/airflow/.local/lib/python3.7/site-packages/airflow/example_dags/tutorial.py
[2023-11-01T14:02:59.752+0000] {processor.py:766} INFO - DAG(s) dict_keys(['tutorial']) retrieved from /home/airflow/.local/lib/python3.7/site-packages/airflow/example_dags/tutorial.py
[2023-11-01T14:02:59.812+0000] {logging_mixin.py:120} INFO - [2023-11-01T14:02:59.812+0000] {dag.py:2585} INFO - Sync 1 DAGs
[2023-11-01T14:02:59.855+0000] {logging_mixin.py:120} INFO - [2023-11-01T14:02:59.855+0000] {dag.py:3340} INFO - Setting next_dagrun for tutorial to 2023-10-31T14:02:59.854795+00:00, run_after=2023-11-01T14:02:59.854795+00:00
[2023-11-01T14:02:59.894+0000] {processor.py:176} INFO - Processing /home/airflow/.local/lib/python3.7/site-packages/airflow/example_dags/tutorial.py took 0.168 seconds
[2023-11-01T14:03:30.474+0000] {processor.py:154} INFO - Started process (PID=566) to work on /home/airflow/.local/lib/python3.7/site-packages/airflow/example_dags/tutorial.py
[2023-11-01T14:03:30.475+0000] {processor.py:756} INFO - Processing file /home/airflow/.local/lib/python3.7/site-packages/airflow/example_dags/tutorial.py for tasks to queue
[2023-11-01T14:03:30.477+0000] {logging_mixin.py:120} INFO - [2023-11-01T14:03:30.477+0000] {dagbag.py:537} INFO - Filling up the DagBag from /home/airflow/.local/lib/python3.7/site-packages/airflow/example_dags/tutorial.py
[2023-11-01T14:03:30.492+0000] {processor.py:766} INFO - DAG(s) dict_keys(['tutorial']) retrieved from /home/airflow/.local/lib/python3.7/site-packages/airflow/example_dags/tutorial.py
[2023-11-01T14:03:30.540+0000] {logging_mixin.py:120} INFO - [2023-11-01T14:03:30.539+0000] {dag.py:2585} INFO - Sync 1 DAGs
[2023-11-01T14:03:30.571+0000] {logging_mixin.py:120} INFO - [2023-11-01T14:03:30.571+0000] {dag.py:3340} INFO - Setting next_dagrun for tutorial to 2023-10-31T14:03:30.571456+00:00, run_after=2023-11-01T14:03:30.571456+00:00
[2023-11-01T14:03:30.600+0000] {processor.py:176} INFO - Processing /home/airflow/.local/lib/python3.7/site-packages/airflow/example_dags/tutorial.py took 0.129 seconds
[2023-11-01T14:04:00.985+0000] {processor.py:154} INFO - Started process (PID=623) to work on /home/airflow/.local/lib/python3.7/site-packages/airflow/example_dags/tutorial.py
[2023-11-01T14:04:00.986+0000] {processor.py:756} INFO - Processing file /home/airflow/.local/lib/python3.7/site-packages/airflow/example_dags/tutorial.py for tasks to queue
[2023-11-01T14:04:00.988+0000] {logging_mixin.py:120} INFO - [2023-11-01T14:04:00.988+0000] {dagbag.py:537} INFO - Filling up the DagBag from /home/airflow/.local/lib/python3.7/site-packages/airflow/example_dags/tutorial.py
[2023-11-01T14:04:01.006+0000] {processor.py:766} INFO - DAG(s) dict_keys(['tutorial']) retrieved from /home/airflow/.local/lib/python3.7/site-packages/airflow/example_dags/tutorial.py
[2023-11-01T14:04:01.093+0000] {logging_mixin.py:120} INFO - [2023-11-01T14:04:01.093+0000] {dag.py:2585} INFO - Sync 1 DAGs
[2023-11-01T14:04:01.150+0000] {logging_mixin.py:120} INFO - [2023-11-01T14:04:01.149+0000] {dag.py:3340} INFO - Setting next_dagrun for tutorial to 2023-10-31T14:04:01.149593+00:00, run_after=2023-11-01T14:04:01.149593+00:00
[2023-11-01T14:04:01.187+0000] {processor.py:176} INFO - Processing /home/airflow/.local/lib/python3.7/site-packages/airflow/example_dags/tutorial.py took 0.205 seconds
[2023-11-01T14:04:31.267+0000] {processor.py:154} INFO - Started process (PID=686) to work on /home/airflow/.local/lib/python3.7/site-packages/airflow/example_dags/tutorial.py
[2023-11-01T14:04:31.268+0000] {processor.py:756} INFO - Processing file /home/airflow/.local/lib/python3.7/site-packages/airflow/example_dags/tutorial.py for tasks to queue
[2023-11-01T14:04:31.270+0000] {logging_mixin.py:120} INFO - [2023-11-01T14:04:31.270+0000] {dagbag.py:537} INFO - Filling up the DagBag from /home/airflow/.local/lib/python3.7/site-packages/airflow/example_dags/tutorial.py
[2023-11-01T14:04:31.287+0000] {processor.py:766} INFO - DAG(s) dict_keys(['tutorial']) retrieved from /home/airflow/.local/lib/python3.7/site-packages/airflow/example_dags/tutorial.py
[2023-11-01T14:04:31.335+0000] {logging_mixin.py:120} INFO - [2023-11-01T14:04:31.335+0000] {dag.py:2585} INFO - Sync 1 DAGs
[2023-11-01T14:04:31.371+0000] {logging_mixin.py:120} INFO - [2023-11-01T14:04:31.371+0000] {dag.py:3340} INFO - Setting next_dagrun for tutorial to 2023-10-31T14:04:31.371336+00:00, run_after=2023-11-01T14:04:31.371336+00:00
[2023-11-01T14:04:31.399+0000] {processor.py:176} INFO - Processing /home/airflow/.local/lib/python3.7/site-packages/airflow/example_dags/tutorial.py took 0.136 seconds
[2023-11-01T14:05:01.898+0000] {processor.py:154} INFO - Started process (PID=743) to work on /home/airflow/.local/lib/python3.7/site-packages/airflow/example_dags/tutorial.py
[2023-11-01T14:05:01.902+0000] {processor.py:756} INFO - Processing file /home/airflow/.local/lib/python3.7/site-packages/airflow/example_dags/tutorial.py for tasks to queue
[2023-11-01T14:05:01.904+0000] {logging_mixin.py:120} INFO - [2023-11-01T14:05:01.904+0000] {dagbag.py:537} INFO - Filling up the DagBag from /home/airflow/.local/lib/python3.7/site-packages/airflow/example_dags/tutorial.py
[2023-11-01T14:05:01.938+0000] {processor.py:766} INFO - DAG(s) dict_keys(['tutorial']) retrieved from /home/airflow/.local/lib/python3.7/site-packages/airflow/example_dags/tutorial.py
[2023-11-01T14:05:02.099+0000] {logging_mixin.py:120} INFO - [2023-11-01T14:05:02.098+0000] {dag.py:2585} INFO - Sync 1 DAGs
[2023-11-01T14:05:02.157+0000] {logging_mixin.py:120} INFO - [2023-11-01T14:05:02.156+0000] {dag.py:3340} INFO - Setting next_dagrun for tutorial to 2023-10-31T14:05:02.155993+00:00, run_after=2023-11-01T14:05:02.155993+00:00
[2023-11-01T14:05:02.219+0000] {processor.py:176} INFO - Processing /home/airflow/.local/lib/python3.7/site-packages/airflow/example_dags/tutorial.py took 0.327 seconds
[2023-11-01T14:05:32.375+0000] {processor.py:154} INFO - Started process (PID=808) to work on /home/airflow/.local/lib/python3.7/site-packages/airflow/example_dags/tutorial.py
[2023-11-01T14:05:32.376+0000] {processor.py:756} INFO - Processing file /home/airflow/.local/lib/python3.7/site-packages/airflow/example_dags/tutorial.py for tasks to queue
[2023-11-01T14:05:32.377+0000] {logging_mixin.py:120} INFO - [2023-11-01T14:05:32.377+0000] {dagbag.py:537} INFO - Filling up the DagBag from /home/airflow/.local/lib/python3.7/site-packages/airflow/example_dags/tutorial.py
[2023-11-01T14:05:32.394+0000] {processor.py:766} INFO - DAG(s) dict_keys(['tutorial']) retrieved from /home/airflow/.local/lib/python3.7/site-packages/airflow/example_dags/tutorial.py
[2023-11-01T14:05:32.443+0000] {logging_mixin.py:120} INFO - [2023-11-01T14:05:32.443+0000] {dag.py:2585} INFO - Sync 1 DAGs
[2023-11-01T14:05:32.478+0000] {logging_mixin.py:120} INFO - [2023-11-01T14:05:32.478+0000] {dag.py:3340} INFO - Setting next_dagrun for tutorial to 2023-10-31T14:05:32.478202+00:00, run_after=2023-11-01T14:05:32.478202+00:00
[2023-11-01T14:05:32.505+0000] {processor.py:176} INFO - Processing /home/airflow/.local/lib/python3.7/site-packages/airflow/example_dags/tutorial.py took 0.133 seconds
[2023-11-01T14:06:03.176+0000] {processor.py:154} INFO - Started process (PID=873) to work on /home/airflow/.local/lib/python3.7/site-packages/airflow/example_dags/tutorial.py
[2023-11-01T14:06:03.179+0000] {processor.py:756} INFO - Processing file /home/airflow/.local/lib/python3.7/site-packages/airflow/example_dags/tutorial.py for tasks to queue
[2023-11-01T14:06:03.184+0000] {logging_mixin.py:120} INFO - [2023-11-01T14:06:03.184+0000] {dagbag.py:537} INFO - Filling up the DagBag from /home/airflow/.local/lib/python3.7/site-packages/airflow/example_dags/tutorial.py
[2023-11-01T14:06:03.229+0000] {processor.py:766} INFO - DAG(s) dict_keys(['tutorial']) retrieved from /home/airflow/.local/lib/python3.7/site-packages/airflow/example_dags/tutorial.py
[2023-11-01T14:06:03.365+0000] {logging_mixin.py:120} INFO - [2023-11-01T14:06:03.365+0000] {dag.py:2585} INFO - Sync 1 DAGs
[2023-11-01T14:06:03.409+0000] {logging_mixin.py:120} INFO - [2023-11-01T14:06:03.409+0000] {dag.py:3340} INFO - Setting next_dagrun for tutorial to 2023-10-31T14:06:03.408690+00:00, run_after=2023-11-01T14:06:03.408690+00:00
[2023-11-01T14:06:03.440+0000] {processor.py:176} INFO - Processing /home/airflow/.local/lib/python3.7/site-packages/airflow/example_dags/tutorial.py took 0.267 seconds
[2023-11-01T14:06:33.589+0000] {processor.py:154} INFO - Started process (PID=930) to work on /home/airflow/.local/lib/python3.7/site-packages/airflow/example_dags/tutorial.py
[2023-11-01T14:06:33.590+0000] {processor.py:756} INFO - Processing file /home/airflow/.local/lib/python3.7/site-packages/airflow/example_dags/tutorial.py for tasks to queue
[2023-11-01T14:06:33.592+0000] {logging_mixin.py:120} INFO - [2023-11-01T14:06:33.591+0000] {dagbag.py:537} INFO - Filling up the DagBag from /home/airflow/.local/lib/python3.7/site-packages/airflow/example_dags/tutorial.py
[2023-11-01T14:06:33.609+0000] {processor.py:766} INFO - DAG(s) dict_keys(['tutorial']) retrieved from /home/airflow/.local/lib/python3.7/site-packages/airflow/example_dags/tutorial.py
[2023-11-01T14:06:33.672+0000] {logging_mixin.py:120} INFO - [2023-11-01T14:06:33.672+0000] {dag.py:2585} INFO - Sync 1 DAGs
[2023-11-01T14:06:33.713+0000] {logging_mixin.py:120} INFO - [2023-11-01T14:06:33.712+0000] {dag.py:3340} INFO - Setting next_dagrun for tutorial to 2023-10-31T14:06:33.712555+00:00, run_after=2023-11-01T14:06:33.712555+00:00
[2023-11-01T14:06:33.756+0000] {processor.py:176} INFO - Processing /home/airflow/.local/lib/python3.7/site-packages/airflow/example_dags/tutorial.py took 0.170 seconds
[2023-11-01T14:07:03.978+0000] {processor.py:154} INFO - Started process (PID=995) to work on /home/airflow/.local/lib/python3.7/site-packages/airflow/example_dags/tutorial.py
[2023-11-01T14:07:03.979+0000] {processor.py:756} INFO - Processing file /home/airflow/.local/lib/python3.7/site-packages/airflow/example_dags/tutorial.py for tasks to queue
[2023-11-01T14:07:03.981+0000] {logging_mixin.py:120} INFO - [2023-11-01T14:07:03.980+0000] {dagbag.py:537} INFO - Filling up the DagBag from /home/airflow/.local/lib/python3.7/site-packages/airflow/example_dags/tutorial.py
[2023-11-01T14:07:04.001+0000] {processor.py:766} INFO - DAG(s) dict_keys(['tutorial']) retrieved from /home/airflow/.local/lib/python3.7/site-packages/airflow/example_dags/tutorial.py
[2023-11-01T14:07:04.103+0000] {logging_mixin.py:120} INFO - [2023-11-01T14:07:04.103+0000] {dag.py:2585} INFO - Sync 1 DAGs
[2023-11-01T14:07:04.192+0000] {logging_mixin.py:120} INFO - [2023-11-01T14:07:04.192+0000] {dag.py:3340} INFO - Setting next_dagrun for tutorial to 2023-10-31T14:07:04.192381+00:00, run_after=2023-11-01T14:07:04.192381+00:00
[2023-11-01T14:07:04.272+0000] {processor.py:176} INFO - Processing /home/airflow/.local/lib/python3.7/site-packages/airflow/example_dags/tutorial.py took 0.298 seconds
