[2023-11-10T11:48:52.195+0000] {taskinstance.py:1087} INFO - Dependencies all met for <TaskInstance: create_merged_table.create_merged_table manual__2023-11-10T11:48:49.515941+00:00 [queued]>
[2023-11-10T11:48:52.209+0000] {taskinstance.py:1087} INFO - Dependencies all met for <TaskInstance: create_merged_table.create_merged_table manual__2023-11-10T11:48:49.515941+00:00 [queued]>
[2023-11-10T11:48:52.210+0000] {taskinstance.py:1283} INFO - 
--------------------------------------------------------------------------------
[2023-11-10T11:48:52.211+0000] {taskinstance.py:1284} INFO - Starting attempt 1 of 1
[2023-11-10T11:48:52.211+0000] {taskinstance.py:1285} INFO - 
--------------------------------------------------------------------------------
[2023-11-10T11:48:52.232+0000] {taskinstance.py:1304} INFO - Executing <Task(PostgresOperator): create_merged_table> on 2023-11-10 11:48:49.515941+00:00
[2023-11-10T11:48:52.238+0000] {standard_task_runner.py:55} INFO - Started process 931 to run task
[2023-11-10T11:48:52.241+0000] {standard_task_runner.py:82} INFO - Running: ['***', 'tasks', 'run', 'create_merged_table', 'create_merged_table', 'manual__2023-11-10T11:48:49.515941+00:00', '--job-id', '504', '--raw', '--subdir', 'DAGS_FOLDER/union.py', '--cfg-path', '/tmp/tmp56u54e3i']
[2023-11-10T11:48:52.243+0000] {standard_task_runner.py:83} INFO - Job 504: Subtask create_merged_table
[2023-11-10T11:48:52.324+0000] {task_command.py:389} INFO - Running <TaskInstance: create_merged_table.create_merged_table manual__2023-11-10T11:48:49.515941+00:00 [running]> on host ae05fe974d8d
[2023-11-10T11:48:52.425+0000] {taskinstance.py:1513} INFO - Exporting the following env vars:
AIRFLOW_CTX_DAG_OWNER=Tetiana
AIRFLOW_CTX_DAG_ID=create_merged_table
AIRFLOW_CTX_TASK_ID=create_merged_table
AIRFLOW_CTX_EXECUTION_DATE=2023-11-10T11:48:49.515941+00:00
AIRFLOW_CTX_TRY_NUMBER=1
AIRFLOW_CTX_DAG_RUN_ID=manual__2023-11-10T11:48:49.515941+00:00
[2023-11-10T11:48:52.427+0000] {sql.py:253} INFO - Executing: 
        CREATE TABLE IF NOT EXISTS merged_table AS
        SELECT
        people.user_id AS people_user_id,
        people.first_name AS people_first_name,
        people.last_name AS people_last_name,
        people.sex AS people_sex,
        people.email AS people_email,
        people.phone AS people_phone,
        people.date_of_birth AS people_date_of_birth,
        people.job_title AS people_job_title
        FROM people
        INNER JOIN customers ON people.user_id = customers.customer_id;
        
        
[2023-11-10T11:48:52.437+0000] {base.py:73} INFO - Using connection ID 'postgres' for task execution.
[2023-11-10T11:48:52.732+0000] {base.py:73} INFO - Using connection ID 'postgres' for task execution.
[2023-11-10T11:48:52.737+0000] {sql.py:364} INFO - Running statement: 
        CREATE TABLE IF NOT EXISTS merged_table AS
        SELECT
        people.user_id AS people_user_id,
        people.first_name AS people_first_name,
        people.last_name AS people_last_name,
        people.sex AS people_sex,
        people.email AS people_email,
        people.phone AS people_phone,
        people.date_of_birth AS people_date_of_birth,
        people.job_title AS people_job_title
        FROM people
        INNER JOIN customers ON people.user_id = customers.customer_id;
        
        , parameters: None
[2023-11-10T11:48:52.745+0000] {sql.py:373} INFO - Rows affected: 10
[2023-11-10T11:48:52.759+0000] {taskinstance.py:1327} INFO - Marking task as SUCCESS. dag_id=create_merged_table, task_id=create_merged_table, execution_date=20231110T114849, start_date=20231110T114852, end_date=20231110T114852
[2023-11-10T11:48:52.816+0000] {local_task_job.py:159} INFO - Task exited with return code 0
[2023-11-10T11:48:52.839+0000] {taskinstance.py:2582} INFO - 0 downstream tasks scheduled from follow-on schedule check
