[2023-11-10T14:55:45.384+0000] {taskinstance.py:1087} INFO - Dependencies all met for <TaskInstance: customers.read_customers manual__2023-11-10T14:55:41.327810+00:00 [queued]>
[2023-11-10T14:55:45.404+0000] {taskinstance.py:1087} INFO - Dependencies all met for <TaskInstance: customers.read_customers manual__2023-11-10T14:55:41.327810+00:00 [queued]>
[2023-11-10T14:55:45.405+0000] {taskinstance.py:1283} INFO - 
--------------------------------------------------------------------------------
[2023-11-10T14:55:45.406+0000] {taskinstance.py:1284} INFO - Starting attempt 1 of 1
[2023-11-10T14:55:45.407+0000] {taskinstance.py:1285} INFO - 
--------------------------------------------------------------------------------
[2023-11-10T14:55:45.427+0000] {taskinstance.py:1304} INFO - Executing <Task(PythonOperator): read_customers> on 2023-11-10 14:55:41.327810+00:00
[2023-11-10T14:55:45.434+0000] {standard_task_runner.py:55} INFO - Started process 2749 to run task
[2023-11-10T14:55:45.437+0000] {standard_task_runner.py:82} INFO - Running: ['***', 'tasks', 'run', 'customers', 'read_customers', 'manual__2023-11-10T14:55:41.327810+00:00', '--job-id', '517', '--raw', '--subdir', 'DAGS_FOLDER/customer.py', '--cfg-path', '/tmp/tmpuvk_hvwv']
[2023-11-10T14:55:45.439+0000] {standard_task_runner.py:83} INFO - Job 517: Subtask read_customers
[2023-11-10T14:55:45.514+0000] {task_command.py:389} INFO - Running <TaskInstance: customers.read_customers manual__2023-11-10T14:55:41.327810+00:00 [running]> on host ae05fe974d8d
[2023-11-10T14:55:45.757+0000] {taskinstance.py:1513} INFO - Exporting the following env vars:
AIRFLOW_CTX_DAG_OWNER=Tetiana
AIRFLOW_CTX_DAG_ID=customers
AIRFLOW_CTX_TASK_ID=read_customers
AIRFLOW_CTX_EXECUTION_DATE=2023-11-10T14:55:41.327810+00:00
AIRFLOW_CTX_TRY_NUMBER=1
AIRFLOW_CTX_DAG_RUN_ID=manual__2023-11-10T14:55:41.327810+00:00
[2023-11-10T14:55:45.774+0000] {logging_mixin.py:137} INFO - An error occurred for country Pitcairn Islands: (0) Missing or invalid default region.. Adding '+' to the phone number.
[2023-11-10T14:55:45.780+0000] {logging_mixin.py:137} INFO - An error occurred for country Vietnam: (0) Missing or invalid default region.. Adding '+' to the phone number.
[2023-11-10T14:55:45.798+0000] {logging_mixin.py:137} INFO - An error occurred for country Tanzania: (0) Missing or invalid default region.. Adding '+' to the phone number.
[2023-11-10T14:55:45.809+0000] {logging_mixin.py:137} INFO - An error occurred for country Bolivia: (0) Missing or invalid default region.. Adding '+' to the phone number.
[2023-11-10T14:55:45.816+0000] {logging_mixin.py:137} INFO - An error occurred for country Swaziland: (0) Missing or invalid default region.. Adding '+' to the phone number.
[2023-11-10T14:55:45.818+0000] {logging_mixin.py:137} INFO - An error occurred for country Palestinian Territory: (0) Missing or invalid default region.. Adding '+' to the phone number.
[2023-11-10T14:55:45.819+0000] {logging_mixin.py:137} INFO - An error occurred for country Saint Barthelemy: (0) Missing or invalid default region.. Adding '+' to the phone number.
[2023-11-10T14:55:45.827+0000] {logging_mixin.py:137} INFO - An error occurred for country French Southern Territories: (0) Missing or invalid default region.. Adding '+' to the phone number.
[2023-11-10T14:55:45.828+0000] {logging_mixin.py:137} INFO - An error occurred for country Iran: (0) Missing or invalid default region.. Adding '+' to the phone number.
[2023-11-10T14:55:45.832+0000] {logging_mixin.py:137} INFO - An error occurred for country United States Virgin Islands: (0) Missing or invalid default region.. Adding '+' to the phone number.
[2023-11-10T14:55:45.833+0000] {logging_mixin.py:137} INFO - An error occurred for country Kyrgyz Republic: (0) Missing or invalid default region.. Adding '+' to the phone number.
[2023-11-10T14:55:45.836+0000] {logging_mixin.py:137} INFO - An error occurred for country Micronesia: (0) Missing or invalid default region.. Adding '+' to the phone number.
[2023-11-10T14:55:45.862+0000] {base.py:73} INFO - Using connection ID 'postgres' for task execution.
[2023-11-10T14:55:45.899+0000] {sql.py:462} INFO - Done loading. Loaded a total of 106 rows into customers
[2023-11-10T14:55:45.901+0000] {python.py:177} INFO - Done. Returned value was: None
[2023-11-10T14:55:45.914+0000] {taskinstance.py:1327} INFO - Marking task as SUCCESS. dag_id=customers, task_id=read_customers, execution_date=20231110T145541, start_date=20231110T145545, end_date=20231110T145545
[2023-11-10T14:55:45.971+0000] {local_task_job.py:159} INFO - Task exited with return code 0
[2023-11-10T14:55:45.999+0000] {taskinstance.py:2582} INFO - 1 downstream tasks scheduled from follow-on schedule check
