[2023-11-02T17:02:15.402+0000] {processor.py:154} INFO - Started process (PID=72) to work on /home/airflow/.local/lib/python3.7/site-packages/airflow/example_dags/example_datasets.py
[2023-11-02T17:02:15.403+0000] {processor.py:756} INFO - Processing file /home/airflow/.local/lib/python3.7/site-packages/airflow/example_dags/example_datasets.py for tasks to queue
[2023-11-02T17:02:15.404+0000] {logging_mixin.py:120} INFO - [2023-11-02T17:02:15.404+0000] {dagbag.py:537} INFO - Filling up the DagBag from /home/airflow/.local/lib/python3.7/site-packages/airflow/example_dags/example_datasets.py
[2023-11-02T17:02:15.458+0000] {processor.py:766} INFO - DAG(s) dict_keys(['dataset_consumes_1', 'dataset_consumes_unknown_never_scheduled', 'dataset_consumes_1_never_scheduled', 'dataset_produces_1', 'dataset_produces_2', 'dataset_consumes_1_and_2']) retrieved from /home/airflow/.local/lib/python3.7/site-packages/airflow/example_dags/example_datasets.py
[2023-11-02T17:02:15.621+0000] {logging_mixin.py:120} INFO - [2023-11-02T17:02:15.621+0000] {dag.py:2585} INFO - Sync 6 DAGs
[2023-11-02T17:02:15.666+0000] {logging_mixin.py:120} INFO - [2023-11-02T17:02:15.666+0000] {dag.py:3340} INFO - Setting next_dagrun for dataset_consumes_1 to None, run_after=None
[2023-11-02T17:02:15.674+0000] {logging_mixin.py:120} INFO - [2023-11-02T17:02:15.674+0000] {dag.py:3340} INFO - Setting next_dagrun for dataset_consumes_1_and_2 to None, run_after=None
[2023-11-02T17:02:15.677+0000] {logging_mixin.py:120} INFO - [2023-11-02T17:02:15.676+0000] {dag.py:3340} INFO - Setting next_dagrun for dataset_consumes_1_never_scheduled to None, run_after=None
[2023-11-02T17:02:15.683+0000] {logging_mixin.py:120} INFO - [2023-11-02T17:02:15.682+0000] {dag.py:3340} INFO - Setting next_dagrun for dataset_consumes_unknown_never_scheduled to None, run_after=None
[2023-11-02T17:02:15.688+0000] {logging_mixin.py:120} INFO - [2023-11-02T17:02:15.687+0000] {dag.py:3340} INFO - Setting next_dagrun for dataset_produces_1 to 2023-11-01T00:00:00+00:00, run_after=2023-11-02T00:00:00+00:00
[2023-11-02T17:02:15.690+0000] {logging_mixin.py:120} INFO - [2023-11-02T17:02:15.690+0000] {dag.py:3340} INFO - Setting next_dagrun for dataset_produces_2 to None, run_after=None
[2023-11-02T17:02:15.763+0000] {processor.py:176} INFO - Processing /home/airflow/.local/lib/python3.7/site-packages/airflow/example_dags/example_datasets.py took 0.365 seconds
[2023-11-02T17:02:46.407+0000] {processor.py:154} INFO - Started process (PID=147) to work on /home/airflow/.local/lib/python3.7/site-packages/airflow/example_dags/example_datasets.py
[2023-11-02T17:02:46.408+0000] {processor.py:756} INFO - Processing file /home/airflow/.local/lib/python3.7/site-packages/airflow/example_dags/example_datasets.py for tasks to queue
[2023-11-02T17:02:46.410+0000] {logging_mixin.py:120} INFO - [2023-11-02T17:02:46.409+0000] {dagbag.py:537} INFO - Filling up the DagBag from /home/airflow/.local/lib/python3.7/site-packages/airflow/example_dags/example_datasets.py
[2023-11-02T17:02:46.427+0000] {processor.py:766} INFO - DAG(s) dict_keys(['dataset_consumes_unknown_never_scheduled', 'dataset_produces_2', 'dataset_consumes_1', 'dataset_consumes_1_never_scheduled', 'dataset_consumes_1_and_2', 'dataset_produces_1']) retrieved from /home/airflow/.local/lib/python3.7/site-packages/airflow/example_dags/example_datasets.py
[2023-11-02T17:02:46.495+0000] {logging_mixin.py:120} INFO - [2023-11-02T17:02:46.495+0000] {dag.py:2585} INFO - Sync 6 DAGs
[2023-11-02T17:02:46.530+0000] {logging_mixin.py:120} INFO - [2023-11-02T17:02:46.530+0000] {dag.py:3340} INFO - Setting next_dagrun for dataset_consumes_1 to None, run_after=None
[2023-11-02T17:02:46.536+0000] {logging_mixin.py:120} INFO - [2023-11-02T17:02:46.536+0000] {dag.py:3340} INFO - Setting next_dagrun for dataset_consumes_1_and_2 to None, run_after=None
[2023-11-02T17:02:46.538+0000] {logging_mixin.py:120} INFO - [2023-11-02T17:02:46.538+0000] {dag.py:3340} INFO - Setting next_dagrun for dataset_consumes_1_never_scheduled to None, run_after=None
[2023-11-02T17:02:46.540+0000] {logging_mixin.py:120} INFO - [2023-11-02T17:02:46.540+0000] {dag.py:3340} INFO - Setting next_dagrun for dataset_consumes_unknown_never_scheduled to None, run_after=None
[2023-11-02T17:02:46.545+0000] {logging_mixin.py:120} INFO - [2023-11-02T17:02:46.544+0000] {dag.py:3340} INFO - Setting next_dagrun for dataset_produces_1 to 2023-11-01T00:00:00+00:00, run_after=2023-11-02T00:00:00+00:00
[2023-11-02T17:02:46.547+0000] {logging_mixin.py:120} INFO - [2023-11-02T17:02:46.547+0000] {dag.py:3340} INFO - Setting next_dagrun for dataset_produces_2 to None, run_after=None
[2023-11-02T17:02:46.596+0000] {processor.py:176} INFO - Processing /home/airflow/.local/lib/python3.7/site-packages/airflow/example_dags/example_datasets.py took 0.192 seconds
[2023-11-02T17:03:17.568+0000] {processor.py:154} INFO - Started process (PID=215) to work on /home/airflow/.local/lib/python3.7/site-packages/airflow/example_dags/example_datasets.py
[2023-11-02T17:03:17.569+0000] {processor.py:756} INFO - Processing file /home/airflow/.local/lib/python3.7/site-packages/airflow/example_dags/example_datasets.py for tasks to queue
[2023-11-02T17:03:17.570+0000] {logging_mixin.py:120} INFO - [2023-11-02T17:03:17.570+0000] {dagbag.py:537} INFO - Filling up the DagBag from /home/airflow/.local/lib/python3.7/site-packages/airflow/example_dags/example_datasets.py
[2023-11-02T17:03:17.595+0000] {processor.py:766} INFO - DAG(s) dict_keys(['dataset_produces_2', 'dataset_consumes_unknown_never_scheduled', 'dataset_consumes_1_and_2', 'dataset_consumes_1_never_scheduled', 'dataset_produces_1', 'dataset_consumes_1']) retrieved from /home/airflow/.local/lib/python3.7/site-packages/airflow/example_dags/example_datasets.py
[2023-11-02T17:03:17.700+0000] {logging_mixin.py:120} INFO - [2023-11-02T17:03:17.700+0000] {dag.py:2585} INFO - Sync 6 DAGs
[2023-11-02T17:03:17.799+0000] {logging_mixin.py:120} INFO - [2023-11-02T17:03:17.798+0000] {dag.py:3340} INFO - Setting next_dagrun for dataset_consumes_1 to None, run_after=None
[2023-11-02T17:03:17.804+0000] {logging_mixin.py:120} INFO - [2023-11-02T17:03:17.804+0000] {dag.py:3340} INFO - Setting next_dagrun for dataset_consumes_1_and_2 to None, run_after=None
[2023-11-02T17:03:17.815+0000] {logging_mixin.py:120} INFO - [2023-11-02T17:03:17.815+0000] {dag.py:3340} INFO - Setting next_dagrun for dataset_consumes_1_never_scheduled to None, run_after=None
[2023-11-02T17:03:17.818+0000] {logging_mixin.py:120} INFO - [2023-11-02T17:03:17.818+0000] {dag.py:3340} INFO - Setting next_dagrun for dataset_consumes_unknown_never_scheduled to None, run_after=None
[2023-11-02T17:03:17.825+0000] {logging_mixin.py:120} INFO - [2023-11-02T17:03:17.825+0000] {dag.py:3340} INFO - Setting next_dagrun for dataset_produces_1 to 2023-11-01T00:00:00+00:00, run_after=2023-11-02T00:00:00+00:00
[2023-11-02T17:03:17.834+0000] {logging_mixin.py:120} INFO - [2023-11-02T17:03:17.833+0000] {dag.py:3340} INFO - Setting next_dagrun for dataset_produces_2 to None, run_after=None
[2023-11-02T17:03:17.886+0000] {processor.py:176} INFO - Processing /home/airflow/.local/lib/python3.7/site-packages/airflow/example_dags/example_datasets.py took 0.320 seconds
[2023-11-02T17:03:48.143+0000] {processor.py:154} INFO - Started process (PID=290) to work on /home/airflow/.local/lib/python3.7/site-packages/airflow/example_dags/example_datasets.py
[2023-11-02T17:03:48.144+0000] {processor.py:756} INFO - Processing file /home/airflow/.local/lib/python3.7/site-packages/airflow/example_dags/example_datasets.py for tasks to queue
[2023-11-02T17:03:48.145+0000] {logging_mixin.py:120} INFO - [2023-11-02T17:03:48.145+0000] {dagbag.py:537} INFO - Filling up the DagBag from /home/airflow/.local/lib/python3.7/site-packages/airflow/example_dags/example_datasets.py
[2023-11-02T17:03:48.162+0000] {processor.py:766} INFO - DAG(s) dict_keys(['dataset_consumes_unknown_never_scheduled', 'dataset_produces_1', 'dataset_produces_2', 'dataset_consumes_1_and_2', 'dataset_consumes_1_never_scheduled', 'dataset_consumes_1']) retrieved from /home/airflow/.local/lib/python3.7/site-packages/airflow/example_dags/example_datasets.py
[2023-11-02T17:03:48.226+0000] {logging_mixin.py:120} INFO - [2023-11-02T17:03:48.225+0000] {dag.py:2585} INFO - Sync 6 DAGs
[2023-11-02T17:03:48.258+0000] {logging_mixin.py:120} INFO - [2023-11-02T17:03:48.258+0000] {dag.py:3340} INFO - Setting next_dagrun for dataset_consumes_1 to None, run_after=None
[2023-11-02T17:03:48.263+0000] {logging_mixin.py:120} INFO - [2023-11-02T17:03:48.263+0000] {dag.py:3340} INFO - Setting next_dagrun for dataset_consumes_1_and_2 to None, run_after=None
[2023-11-02T17:03:48.266+0000] {logging_mixin.py:120} INFO - [2023-11-02T17:03:48.265+0000] {dag.py:3340} INFO - Setting next_dagrun for dataset_consumes_1_never_scheduled to None, run_after=None
[2023-11-02T17:03:48.268+0000] {logging_mixin.py:120} INFO - [2023-11-02T17:03:48.268+0000] {dag.py:3340} INFO - Setting next_dagrun for dataset_consumes_unknown_never_scheduled to None, run_after=None
[2023-11-02T17:03:48.273+0000] {logging_mixin.py:120} INFO - [2023-11-02T17:03:48.272+0000] {dag.py:3340} INFO - Setting next_dagrun for dataset_produces_1 to 2023-11-01T00:00:00+00:00, run_after=2023-11-02T00:00:00+00:00
[2023-11-02T17:03:48.275+0000] {logging_mixin.py:120} INFO - [2023-11-02T17:03:48.275+0000] {dag.py:3340} INFO - Setting next_dagrun for dataset_produces_2 to None, run_after=None
[2023-11-02T17:03:48.316+0000] {processor.py:176} INFO - Processing /home/airflow/.local/lib/python3.7/site-packages/airflow/example_dags/example_datasets.py took 0.175 seconds
[2023-11-02T17:04:18.920+0000] {processor.py:154} INFO - Started process (PID=368) to work on /home/airflow/.local/lib/python3.7/site-packages/airflow/example_dags/example_datasets.py
[2023-11-02T17:04:18.922+0000] {processor.py:756} INFO - Processing file /home/airflow/.local/lib/python3.7/site-packages/airflow/example_dags/example_datasets.py for tasks to queue
[2023-11-02T17:04:18.924+0000] {logging_mixin.py:120} INFO - [2023-11-02T17:04:18.923+0000] {dagbag.py:537} INFO - Filling up the DagBag from /home/airflow/.local/lib/python3.7/site-packages/airflow/example_dags/example_datasets.py
[2023-11-02T17:04:18.954+0000] {processor.py:766} INFO - DAG(s) dict_keys(['dataset_produces_1', 'dataset_consumes_1_and_2', 'dataset_consumes_1_never_scheduled', 'dataset_consumes_unknown_never_scheduled', 'dataset_produces_2', 'dataset_consumes_1']) retrieved from /home/airflow/.local/lib/python3.7/site-packages/airflow/example_dags/example_datasets.py
[2023-11-02T17:04:19.037+0000] {logging_mixin.py:120} INFO - [2023-11-02T17:04:19.037+0000] {dag.py:2585} INFO - Sync 6 DAGs
[2023-11-02T17:04:19.076+0000] {logging_mixin.py:120} INFO - [2023-11-02T17:04:19.076+0000] {dag.py:3340} INFO - Setting next_dagrun for dataset_consumes_1 to None, run_after=None
[2023-11-02T17:04:19.082+0000] {logging_mixin.py:120} INFO - [2023-11-02T17:04:19.081+0000] {dag.py:3340} INFO - Setting next_dagrun for dataset_consumes_1_and_2 to None, run_after=None
[2023-11-02T17:04:19.084+0000] {logging_mixin.py:120} INFO - [2023-11-02T17:04:19.084+0000] {dag.py:3340} INFO - Setting next_dagrun for dataset_consumes_1_never_scheduled to None, run_after=None
[2023-11-02T17:04:19.087+0000] {logging_mixin.py:120} INFO - [2023-11-02T17:04:19.087+0000] {dag.py:3340} INFO - Setting next_dagrun for dataset_consumes_unknown_never_scheduled to None, run_after=None
[2023-11-02T17:04:19.091+0000] {logging_mixin.py:120} INFO - [2023-11-02T17:04:19.091+0000] {dag.py:3340} INFO - Setting next_dagrun for dataset_produces_1 to 2023-11-01T00:00:00+00:00, run_after=2023-11-02T00:00:00+00:00
[2023-11-02T17:04:19.094+0000] {logging_mixin.py:120} INFO - [2023-11-02T17:04:19.094+0000] {dag.py:3340} INFO - Setting next_dagrun for dataset_produces_2 to None, run_after=None
[2023-11-02T17:04:19.138+0000] {processor.py:176} INFO - Processing /home/airflow/.local/lib/python3.7/site-packages/airflow/example_dags/example_datasets.py took 0.220 seconds
[2023-11-02T17:04:49.955+0000] {processor.py:154} INFO - Started process (PID=435) to work on /home/airflow/.local/lib/python3.7/site-packages/airflow/example_dags/example_datasets.py
[2023-11-02T17:04:49.956+0000] {processor.py:756} INFO - Processing file /home/airflow/.local/lib/python3.7/site-packages/airflow/example_dags/example_datasets.py for tasks to queue
[2023-11-02T17:04:49.957+0000] {logging_mixin.py:120} INFO - [2023-11-02T17:04:49.957+0000] {dagbag.py:537} INFO - Filling up the DagBag from /home/airflow/.local/lib/python3.7/site-packages/airflow/example_dags/example_datasets.py
[2023-11-02T17:04:49.974+0000] {processor.py:766} INFO - DAG(s) dict_keys(['dataset_consumes_1_never_scheduled', 'dataset_consumes_1_and_2', 'dataset_produces_1', 'dataset_consumes_unknown_never_scheduled', 'dataset_consumes_1', 'dataset_produces_2']) retrieved from /home/airflow/.local/lib/python3.7/site-packages/airflow/example_dags/example_datasets.py
[2023-11-02T17:04:50.047+0000] {logging_mixin.py:120} INFO - [2023-11-02T17:04:50.047+0000] {dag.py:2585} INFO - Sync 6 DAGs
[2023-11-02T17:04:50.083+0000] {logging_mixin.py:120} INFO - [2023-11-02T17:04:50.082+0000] {dag.py:3340} INFO - Setting next_dagrun for dataset_consumes_1 to None, run_after=None
[2023-11-02T17:04:50.087+0000] {logging_mixin.py:120} INFO - [2023-11-02T17:04:50.087+0000] {dag.py:3340} INFO - Setting next_dagrun for dataset_consumes_1_and_2 to None, run_after=None
[2023-11-02T17:04:50.090+0000] {logging_mixin.py:120} INFO - [2023-11-02T17:04:50.090+0000] {dag.py:3340} INFO - Setting next_dagrun for dataset_consumes_1_never_scheduled to None, run_after=None
[2023-11-02T17:04:50.093+0000] {logging_mixin.py:120} INFO - [2023-11-02T17:04:50.092+0000] {dag.py:3340} INFO - Setting next_dagrun for dataset_consumes_unknown_never_scheduled to None, run_after=None
[2023-11-02T17:04:50.097+0000] {logging_mixin.py:120} INFO - [2023-11-02T17:04:50.097+0000] {dag.py:3340} INFO - Setting next_dagrun for dataset_produces_1 to 2023-11-01T00:00:00+00:00, run_after=2023-11-02T00:00:00+00:00
[2023-11-02T17:04:50.099+0000] {logging_mixin.py:120} INFO - [2023-11-02T17:04:50.099+0000] {dag.py:3340} INFO - Setting next_dagrun for dataset_produces_2 to None, run_after=None
[2023-11-02T17:04:50.141+0000] {processor.py:176} INFO - Processing /home/airflow/.local/lib/python3.7/site-packages/airflow/example_dags/example_datasets.py took 0.189 seconds
[2023-11-02T17:05:20.479+0000] {processor.py:154} INFO - Started process (PID=511) to work on /home/airflow/.local/lib/python3.7/site-packages/airflow/example_dags/example_datasets.py
[2023-11-02T17:05:20.480+0000] {processor.py:756} INFO - Processing file /home/airflow/.local/lib/python3.7/site-packages/airflow/example_dags/example_datasets.py for tasks to queue
[2023-11-02T17:05:20.481+0000] {logging_mixin.py:120} INFO - [2023-11-02T17:05:20.481+0000] {dagbag.py:537} INFO - Filling up the DagBag from /home/airflow/.local/lib/python3.7/site-packages/airflow/example_dags/example_datasets.py
[2023-11-02T17:05:20.497+0000] {processor.py:766} INFO - DAG(s) dict_keys(['dataset_consumes_unknown_never_scheduled', 'dataset_consumes_1_never_scheduled', 'dataset_produces_1', 'dataset_produces_2', 'dataset_consumes_1', 'dataset_consumes_1_and_2']) retrieved from /home/airflow/.local/lib/python3.7/site-packages/airflow/example_dags/example_datasets.py
[2023-11-02T17:05:20.559+0000] {logging_mixin.py:120} INFO - [2023-11-02T17:05:20.558+0000] {dag.py:2585} INFO - Sync 6 DAGs
[2023-11-02T17:05:20.590+0000] {logging_mixin.py:120} INFO - [2023-11-02T17:05:20.590+0000] {dag.py:3340} INFO - Setting next_dagrun for dataset_consumes_1 to None, run_after=None
[2023-11-02T17:05:20.595+0000] {logging_mixin.py:120} INFO - [2023-11-02T17:05:20.594+0000] {dag.py:3340} INFO - Setting next_dagrun for dataset_consumes_1_and_2 to None, run_after=None
[2023-11-02T17:05:20.597+0000] {logging_mixin.py:120} INFO - [2023-11-02T17:05:20.597+0000] {dag.py:3340} INFO - Setting next_dagrun for dataset_consumes_1_never_scheduled to None, run_after=None
[2023-11-02T17:05:20.599+0000] {logging_mixin.py:120} INFO - [2023-11-02T17:05:20.599+0000] {dag.py:3340} INFO - Setting next_dagrun for dataset_consumes_unknown_never_scheduled to None, run_after=None
[2023-11-02T17:05:20.603+0000] {logging_mixin.py:120} INFO - [2023-11-02T17:05:20.603+0000] {dag.py:3340} INFO - Setting next_dagrun for dataset_produces_1 to 2023-11-01T00:00:00+00:00, run_after=2023-11-02T00:00:00+00:00
[2023-11-02T17:05:20.605+0000] {logging_mixin.py:120} INFO - [2023-11-02T17:05:20.605+0000] {dag.py:3340} INFO - Setting next_dagrun for dataset_produces_2 to None, run_after=None
[2023-11-02T17:05:20.644+0000] {processor.py:176} INFO - Processing /home/airflow/.local/lib/python3.7/site-packages/airflow/example_dags/example_datasets.py took 0.168 seconds
[2023-11-02T17:05:51.741+0000] {processor.py:154} INFO - Started process (PID=586) to work on /home/airflow/.local/lib/python3.7/site-packages/airflow/example_dags/example_datasets.py
[2023-11-02T17:05:51.742+0000] {processor.py:756} INFO - Processing file /home/airflow/.local/lib/python3.7/site-packages/airflow/example_dags/example_datasets.py for tasks to queue
[2023-11-02T17:05:51.748+0000] {logging_mixin.py:120} INFO - [2023-11-02T17:05:51.746+0000] {dagbag.py:537} INFO - Filling up the DagBag from /home/airflow/.local/lib/python3.7/site-packages/airflow/example_dags/example_datasets.py
[2023-11-02T17:05:51.769+0000] {processor.py:766} INFO - DAG(s) dict_keys(['dataset_consumes_1_never_scheduled', 'dataset_consumes_1_and_2', 'dataset_produces_2', 'dataset_consumes_1', 'dataset_produces_1', 'dataset_consumes_unknown_never_scheduled']) retrieved from /home/airflow/.local/lib/python3.7/site-packages/airflow/example_dags/example_datasets.py
[2023-11-02T17:05:51.849+0000] {logging_mixin.py:120} INFO - [2023-11-02T17:05:51.848+0000] {dag.py:2585} INFO - Sync 6 DAGs
[2023-11-02T17:05:51.886+0000] {logging_mixin.py:120} INFO - [2023-11-02T17:05:51.886+0000] {dag.py:3340} INFO - Setting next_dagrun for dataset_consumes_1 to None, run_after=None
[2023-11-02T17:05:51.892+0000] {logging_mixin.py:120} INFO - [2023-11-02T17:05:51.892+0000] {dag.py:3340} INFO - Setting next_dagrun for dataset_consumes_1_and_2 to None, run_after=None
[2023-11-02T17:05:51.897+0000] {logging_mixin.py:120} INFO - [2023-11-02T17:05:51.895+0000] {dag.py:3340} INFO - Setting next_dagrun for dataset_consumes_1_never_scheduled to None, run_after=None
[2023-11-02T17:05:51.900+0000] {logging_mixin.py:120} INFO - [2023-11-02T17:05:51.900+0000] {dag.py:3340} INFO - Setting next_dagrun for dataset_consumes_unknown_never_scheduled to None, run_after=None
[2023-11-02T17:05:51.905+0000] {logging_mixin.py:120} INFO - [2023-11-02T17:05:51.905+0000] {dag.py:3340} INFO - Setting next_dagrun for dataset_produces_1 to 2023-11-01T00:00:00+00:00, run_after=2023-11-02T00:00:00+00:00
[2023-11-02T17:05:51.908+0000] {logging_mixin.py:120} INFO - [2023-11-02T17:05:51.908+0000] {dag.py:3340} INFO - Setting next_dagrun for dataset_produces_2 to None, run_after=None
[2023-11-02T17:05:51.950+0000] {processor.py:176} INFO - Processing /home/airflow/.local/lib/python3.7/site-packages/airflow/example_dags/example_datasets.py took 0.211 seconds
