[2023-11-02T17:02:19.114+0000] {processor.py:154} INFO - Started process (PID=96) to work on /home/airflow/.local/lib/python3.7/site-packages/airflow/example_dags/example_xcomargs.py
[2023-11-02T17:02:19.118+0000] {processor.py:756} INFO - Processing file /home/airflow/.local/lib/python3.7/site-packages/airflow/example_dags/example_xcomargs.py for tasks to queue
[2023-11-02T17:02:19.121+0000] {logging_mixin.py:120} INFO - [2023-11-02T17:02:19.121+0000] {dagbag.py:537} INFO - Filling up the DagBag from /home/airflow/.local/lib/python3.7/site-packages/airflow/example_dags/example_xcomargs.py
[2023-11-02T17:02:19.224+0000] {processor.py:766} INFO - DAG(s) dict_keys(['example_xcom_args', 'example_xcom_args_with_operators']) retrieved from /home/airflow/.local/lib/python3.7/site-packages/airflow/example_dags/example_xcomargs.py
[2023-11-02T17:02:19.509+0000] {logging_mixin.py:120} INFO - [2023-11-02T17:02:19.508+0000] {dag.py:2585} INFO - Sync 2 DAGs
[2023-11-02T17:02:19.612+0000] {logging_mixin.py:120} INFO - [2023-11-02T17:02:19.612+0000] {dag.py:3340} INFO - Setting next_dagrun for example_xcom_args to None, run_after=None
[2023-11-02T17:02:19.626+0000] {logging_mixin.py:120} INFO - [2023-11-02T17:02:19.626+0000] {dag.py:3340} INFO - Setting next_dagrun for example_xcom_args_with_operators to None, run_after=None
[2023-11-02T17:02:19.709+0000] {processor.py:176} INFO - Processing /home/airflow/.local/lib/python3.7/site-packages/airflow/example_dags/example_xcomargs.py took 0.598 seconds
[2023-11-02T17:02:50.221+0000] {processor.py:154} INFO - Started process (PID=162) to work on /home/airflow/.local/lib/python3.7/site-packages/airflow/example_dags/example_xcomargs.py
[2023-11-02T17:02:50.223+0000] {processor.py:756} INFO - Processing file /home/airflow/.local/lib/python3.7/site-packages/airflow/example_dags/example_xcomargs.py for tasks to queue
[2023-11-02T17:02:50.224+0000] {logging_mixin.py:120} INFO - [2023-11-02T17:02:50.224+0000] {dagbag.py:537} INFO - Filling up the DagBag from /home/airflow/.local/lib/python3.7/site-packages/airflow/example_dags/example_xcomargs.py
[2023-11-02T17:02:50.252+0000] {processor.py:766} INFO - DAG(s) dict_keys(['example_xcom_args_with_operators', 'example_xcom_args']) retrieved from /home/airflow/.local/lib/python3.7/site-packages/airflow/example_dags/example_xcomargs.py
[2023-11-02T17:02:50.303+0000] {logging_mixin.py:120} INFO - [2023-11-02T17:02:50.303+0000] {dag.py:2585} INFO - Sync 2 DAGs
[2023-11-02T17:02:50.334+0000] {logging_mixin.py:120} INFO - [2023-11-02T17:02:50.334+0000] {dag.py:3340} INFO - Setting next_dagrun for example_xcom_args to None, run_after=None
[2023-11-02T17:02:50.340+0000] {logging_mixin.py:120} INFO - [2023-11-02T17:02:50.339+0000] {dag.py:3340} INFO - Setting next_dagrun for example_xcom_args_with_operators to None, run_after=None
[2023-11-02T17:02:50.366+0000] {processor.py:176} INFO - Processing /home/airflow/.local/lib/python3.7/site-packages/airflow/example_dags/example_xcomargs.py took 0.147 seconds
[2023-11-02T17:03:20.877+0000] {processor.py:154} INFO - Started process (PID=239) to work on /home/airflow/.local/lib/python3.7/site-packages/airflow/example_dags/example_xcomargs.py
[2023-11-02T17:03:20.881+0000] {processor.py:756} INFO - Processing file /home/airflow/.local/lib/python3.7/site-packages/airflow/example_dags/example_xcomargs.py for tasks to queue
[2023-11-02T17:03:20.882+0000] {logging_mixin.py:120} INFO - [2023-11-02T17:03:20.882+0000] {dagbag.py:537} INFO - Filling up the DagBag from /home/airflow/.local/lib/python3.7/site-packages/airflow/example_dags/example_xcomargs.py
[2023-11-02T17:03:20.916+0000] {processor.py:766} INFO - DAG(s) dict_keys(['example_xcom_args', 'example_xcom_args_with_operators']) retrieved from /home/airflow/.local/lib/python3.7/site-packages/airflow/example_dags/example_xcomargs.py
[2023-11-02T17:03:20.982+0000] {logging_mixin.py:120} INFO - [2023-11-02T17:03:20.982+0000] {dag.py:2585} INFO - Sync 2 DAGs
[2023-11-02T17:03:21.015+0000] {logging_mixin.py:120} INFO - [2023-11-02T17:03:21.014+0000] {dag.py:3340} INFO - Setting next_dagrun for example_xcom_args to None, run_after=None
[2023-11-02T17:03:21.020+0000] {logging_mixin.py:120} INFO - [2023-11-02T17:03:21.020+0000] {dag.py:3340} INFO - Setting next_dagrun for example_xcom_args_with_operators to None, run_after=None
[2023-11-02T17:03:21.055+0000] {processor.py:176} INFO - Processing /home/airflow/.local/lib/python3.7/site-packages/airflow/example_dags/example_xcomargs.py took 0.180 seconds
[2023-11-02T17:03:51.139+0000] {processor.py:154} INFO - Started process (PID=305) to work on /home/airflow/.local/lib/python3.7/site-packages/airflow/example_dags/example_xcomargs.py
[2023-11-02T17:03:51.140+0000] {processor.py:756} INFO - Processing file /home/airflow/.local/lib/python3.7/site-packages/airflow/example_dags/example_xcomargs.py for tasks to queue
[2023-11-02T17:03:51.141+0000] {logging_mixin.py:120} INFO - [2023-11-02T17:03:51.141+0000] {dagbag.py:537} INFO - Filling up the DagBag from /home/airflow/.local/lib/python3.7/site-packages/airflow/example_dags/example_xcomargs.py
[2023-11-02T17:03:51.164+0000] {processor.py:766} INFO - DAG(s) dict_keys(['example_xcom_args', 'example_xcom_args_with_operators']) retrieved from /home/airflow/.local/lib/python3.7/site-packages/airflow/example_dags/example_xcomargs.py
[2023-11-02T17:03:51.211+0000] {logging_mixin.py:120} INFO - [2023-11-02T17:03:51.210+0000] {dag.py:2585} INFO - Sync 2 DAGs
[2023-11-02T17:03:51.241+0000] {logging_mixin.py:120} INFO - [2023-11-02T17:03:51.241+0000] {dag.py:3340} INFO - Setting next_dagrun for example_xcom_args to None, run_after=None
[2023-11-02T17:03:51.246+0000] {logging_mixin.py:120} INFO - [2023-11-02T17:03:51.245+0000] {dag.py:3340} INFO - Setting next_dagrun for example_xcom_args_with_operators to None, run_after=None
[2023-11-02T17:03:51.270+0000] {processor.py:176} INFO - Processing /home/airflow/.local/lib/python3.7/site-packages/airflow/example_dags/example_xcomargs.py took 0.133 seconds
[2023-11-02T17:04:21.412+0000] {processor.py:154} INFO - Started process (PID=382) to work on /home/airflow/.local/lib/python3.7/site-packages/airflow/example_dags/example_xcomargs.py
[2023-11-02T17:04:21.414+0000] {processor.py:756} INFO - Processing file /home/airflow/.local/lib/python3.7/site-packages/airflow/example_dags/example_xcomargs.py for tasks to queue
[2023-11-02T17:04:21.415+0000] {logging_mixin.py:120} INFO - [2023-11-02T17:04:21.414+0000] {dagbag.py:537} INFO - Filling up the DagBag from /home/airflow/.local/lib/python3.7/site-packages/airflow/example_dags/example_xcomargs.py
[2023-11-02T17:04:21.440+0000] {processor.py:766} INFO - DAG(s) dict_keys(['example_xcom_args', 'example_xcom_args_with_operators']) retrieved from /home/airflow/.local/lib/python3.7/site-packages/airflow/example_dags/example_xcomargs.py
[2023-11-02T17:04:21.487+0000] {logging_mixin.py:120} INFO - [2023-11-02T17:04:21.487+0000] {dag.py:2585} INFO - Sync 2 DAGs
[2023-11-02T17:04:21.521+0000] {logging_mixin.py:120} INFO - [2023-11-02T17:04:21.520+0000] {dag.py:3340} INFO - Setting next_dagrun for example_xcom_args to None, run_after=None
[2023-11-02T17:04:21.526+0000] {logging_mixin.py:120} INFO - [2023-11-02T17:04:21.525+0000] {dag.py:3340} INFO - Setting next_dagrun for example_xcom_args_with_operators to None, run_after=None
[2023-11-02T17:04:21.547+0000] {processor.py:176} INFO - Processing /home/airflow/.local/lib/python3.7/site-packages/airflow/example_dags/example_xcomargs.py took 0.137 seconds
[2023-11-02T17:04:52.448+0000] {processor.py:154} INFO - Started process (PID=456) to work on /home/airflow/.local/lib/python3.7/site-packages/airflow/example_dags/example_xcomargs.py
[2023-11-02T17:04:52.449+0000] {processor.py:756} INFO - Processing file /home/airflow/.local/lib/python3.7/site-packages/airflow/example_dags/example_xcomargs.py for tasks to queue
[2023-11-02T17:04:52.450+0000] {logging_mixin.py:120} INFO - [2023-11-02T17:04:52.450+0000] {dagbag.py:537} INFO - Filling up the DagBag from /home/airflow/.local/lib/python3.7/site-packages/airflow/example_dags/example_xcomargs.py
[2023-11-02T17:04:52.478+0000] {processor.py:766} INFO - DAG(s) dict_keys(['example_xcom_args', 'example_xcom_args_with_operators']) retrieved from /home/airflow/.local/lib/python3.7/site-packages/airflow/example_dags/example_xcomargs.py
[2023-11-02T17:04:52.531+0000] {logging_mixin.py:120} INFO - [2023-11-02T17:04:52.531+0000] {dag.py:2585} INFO - Sync 2 DAGs
[2023-11-02T17:04:52.563+0000] {logging_mixin.py:120} INFO - [2023-11-02T17:04:52.563+0000] {dag.py:3340} INFO - Setting next_dagrun for example_xcom_args to None, run_after=None
[2023-11-02T17:04:52.568+0000] {logging_mixin.py:120} INFO - [2023-11-02T17:04:52.567+0000] {dag.py:3340} INFO - Setting next_dagrun for example_xcom_args_with_operators to None, run_after=None
[2023-11-02T17:04:52.594+0000] {processor.py:176} INFO - Processing /home/airflow/.local/lib/python3.7/site-packages/airflow/example_dags/example_xcomargs.py took 0.148 seconds
[2023-11-02T17:05:22.793+0000] {processor.py:154} INFO - Started process (PID=525) to work on /home/airflow/.local/lib/python3.7/site-packages/airflow/example_dags/example_xcomargs.py
[2023-11-02T17:05:22.793+0000] {processor.py:756} INFO - Processing file /home/airflow/.local/lib/python3.7/site-packages/airflow/example_dags/example_xcomargs.py for tasks to queue
[2023-11-02T17:05:22.795+0000] {logging_mixin.py:120} INFO - [2023-11-02T17:05:22.795+0000] {dagbag.py:537} INFO - Filling up the DagBag from /home/airflow/.local/lib/python3.7/site-packages/airflow/example_dags/example_xcomargs.py
[2023-11-02T17:05:22.821+0000] {processor.py:766} INFO - DAG(s) dict_keys(['example_xcom_args_with_operators', 'example_xcom_args']) retrieved from /home/airflow/.local/lib/python3.7/site-packages/airflow/example_dags/example_xcomargs.py
[2023-11-02T17:05:22.871+0000] {logging_mixin.py:120} INFO - [2023-11-02T17:05:22.871+0000] {dag.py:2585} INFO - Sync 2 DAGs
[2023-11-02T17:05:22.902+0000] {logging_mixin.py:120} INFO - [2023-11-02T17:05:22.901+0000] {dag.py:3340} INFO - Setting next_dagrun for example_xcom_args to None, run_after=None
[2023-11-02T17:05:22.907+0000] {logging_mixin.py:120} INFO - [2023-11-02T17:05:22.906+0000] {dag.py:3340} INFO - Setting next_dagrun for example_xcom_args_with_operators to None, run_after=None
[2023-11-02T17:05:22.928+0000] {processor.py:176} INFO - Processing /home/airflow/.local/lib/python3.7/site-packages/airflow/example_dags/example_xcomargs.py took 0.139 seconds
[2023-11-02T17:05:53.113+0000] {processor.py:154} INFO - Started process (PID=600) to work on /home/airflow/.local/lib/python3.7/site-packages/airflow/example_dags/example_xcomargs.py
[2023-11-02T17:05:53.114+0000] {processor.py:756} INFO - Processing file /home/airflow/.local/lib/python3.7/site-packages/airflow/example_dags/example_xcomargs.py for tasks to queue
[2023-11-02T17:05:53.115+0000] {logging_mixin.py:120} INFO - [2023-11-02T17:05:53.114+0000] {dagbag.py:537} INFO - Filling up the DagBag from /home/airflow/.local/lib/python3.7/site-packages/airflow/example_dags/example_xcomargs.py
[2023-11-02T17:05:53.138+0000] {processor.py:766} INFO - DAG(s) dict_keys(['example_xcom_args_with_operators', 'example_xcom_args']) retrieved from /home/airflow/.local/lib/python3.7/site-packages/airflow/example_dags/example_xcomargs.py
[2023-11-02T17:05:53.201+0000] {logging_mixin.py:120} INFO - [2023-11-02T17:05:53.200+0000] {dag.py:2585} INFO - Sync 2 DAGs
[2023-11-02T17:05:53.237+0000] {logging_mixin.py:120} INFO - [2023-11-02T17:05:53.237+0000] {dag.py:3340} INFO - Setting next_dagrun for example_xcom_args to None, run_after=None
[2023-11-02T17:05:53.243+0000] {logging_mixin.py:120} INFO - [2023-11-02T17:05:53.242+0000] {dag.py:3340} INFO - Setting next_dagrun for example_xcom_args_with_operators to None, run_after=None
[2023-11-02T17:05:53.271+0000] {processor.py:176} INFO - Processing /home/airflow/.local/lib/python3.7/site-packages/airflow/example_dags/example_xcomargs.py took 0.162 seconds
