[2023-11-02T17:02:14.215+0000] {processor.py:154} INFO - Started process (PID=64) to work on /home/airflow/.local/lib/python3.7/site-packages/airflow/example_dags/example_complex.py
[2023-11-02T17:02:14.221+0000] {processor.py:756} INFO - Processing file /home/airflow/.local/lib/python3.7/site-packages/airflow/example_dags/example_complex.py for tasks to queue
[2023-11-02T17:02:14.222+0000] {logging_mixin.py:120} INFO - [2023-11-02T17:02:14.222+0000] {dagbag.py:537} INFO - Filling up the DagBag from /home/airflow/.local/lib/python3.7/site-packages/airflow/example_dags/example_complex.py
[2023-11-02T17:02:14.240+0000] {logging_mixin.py:120} INFO - [2023-11-02T17:02:14.240+0000] {taskmixin.py:205} WARNING - Dependency <Task(BashOperator): create_entry_group>, delete_entry_group already registered for DAG: example_complex
[2023-11-02T17:02:14.241+0000] {logging_mixin.py:120} INFO - [2023-11-02T17:02:14.240+0000] {taskmixin.py:205} WARNING - Dependency <Task(BashOperator): delete_entry_group>, create_entry_group already registered for DAG: example_complex
[2023-11-02T17:02:14.242+0000] {logging_mixin.py:120} INFO - [2023-11-02T17:02:14.241+0000] {taskmixin.py:205} WARNING - Dependency <Task(BashOperator): create_entry_gcs>, delete_entry already registered for DAG: example_complex
[2023-11-02T17:02:14.243+0000] {logging_mixin.py:120} INFO - [2023-11-02T17:02:14.242+0000] {taskmixin.py:205} WARNING - Dependency <Task(BashOperator): delete_entry>, create_entry_gcs already registered for DAG: example_complex
[2023-11-02T17:02:14.244+0000] {logging_mixin.py:120} INFO - [2023-11-02T17:02:14.244+0000] {taskmixin.py:205} WARNING - Dependency <Task(BashOperator): create_tag>, delete_tag already registered for DAG: example_complex
[2023-11-02T17:02:14.245+0000] {logging_mixin.py:120} INFO - [2023-11-02T17:02:14.244+0000] {taskmixin.py:205} WARNING - Dependency <Task(BashOperator): delete_tag>, create_tag already registered for DAG: example_complex
[2023-11-02T17:02:14.256+0000] {processor.py:766} INFO - DAG(s) dict_keys(['example_complex']) retrieved from /home/airflow/.local/lib/python3.7/site-packages/airflow/example_dags/example_complex.py
[2023-11-02T17:02:14.311+0000] {logging_mixin.py:120} INFO - [2023-11-02T17:02:14.311+0000] {dag.py:2585} INFO - Sync 1 DAGs
[2023-11-02T17:02:14.375+0000] {logging_mixin.py:120} INFO - [2023-11-02T17:02:14.375+0000] {dag.py:3340} INFO - Setting next_dagrun for example_complex to None, run_after=None
[2023-11-02T17:02:14.441+0000] {processor.py:176} INFO - Processing /home/airflow/.local/lib/python3.7/site-packages/airflow/example_dags/example_complex.py took 0.231 seconds
[2023-11-02T17:02:45.719+0000] {processor.py:154} INFO - Started process (PID=139) to work on /home/airflow/.local/lib/python3.7/site-packages/airflow/example_dags/example_complex.py
[2023-11-02T17:02:45.720+0000] {processor.py:756} INFO - Processing file /home/airflow/.local/lib/python3.7/site-packages/airflow/example_dags/example_complex.py for tasks to queue
[2023-11-02T17:02:45.721+0000] {logging_mixin.py:120} INFO - [2023-11-02T17:02:45.721+0000] {dagbag.py:537} INFO - Filling up the DagBag from /home/airflow/.local/lib/python3.7/site-packages/airflow/example_dags/example_complex.py
[2023-11-02T17:02:45.733+0000] {logging_mixin.py:120} INFO - [2023-11-02T17:02:45.733+0000] {taskmixin.py:205} WARNING - Dependency <Task(BashOperator): create_entry_group>, delete_entry_group already registered for DAG: example_complex
[2023-11-02T17:02:45.734+0000] {logging_mixin.py:120} INFO - [2023-11-02T17:02:45.734+0000] {taskmixin.py:205} WARNING - Dependency <Task(BashOperator): delete_entry_group>, create_entry_group already registered for DAG: example_complex
[2023-11-02T17:02:45.735+0000] {logging_mixin.py:120} INFO - [2023-11-02T17:02:45.735+0000] {taskmixin.py:205} WARNING - Dependency <Task(BashOperator): create_entry_gcs>, delete_entry already registered for DAG: example_complex
[2023-11-02T17:02:45.735+0000] {logging_mixin.py:120} INFO - [2023-11-02T17:02:45.735+0000] {taskmixin.py:205} WARNING - Dependency <Task(BashOperator): delete_entry>, create_entry_gcs already registered for DAG: example_complex
[2023-11-02T17:02:45.736+0000] {logging_mixin.py:120} INFO - [2023-11-02T17:02:45.736+0000] {taskmixin.py:205} WARNING - Dependency <Task(BashOperator): create_tag>, delete_tag already registered for DAG: example_complex
[2023-11-02T17:02:45.737+0000] {logging_mixin.py:120} INFO - [2023-11-02T17:02:45.737+0000] {taskmixin.py:205} WARNING - Dependency <Task(BashOperator): delete_tag>, create_tag already registered for DAG: example_complex
[2023-11-02T17:02:45.746+0000] {processor.py:766} INFO - DAG(s) dict_keys(['example_complex']) retrieved from /home/airflow/.local/lib/python3.7/site-packages/airflow/example_dags/example_complex.py
[2023-11-02T17:02:45.798+0000] {logging_mixin.py:120} INFO - [2023-11-02T17:02:45.798+0000] {dag.py:2585} INFO - Sync 1 DAGs
[2023-11-02T17:02:45.829+0000] {logging_mixin.py:120} INFO - [2023-11-02T17:02:45.829+0000] {dag.py:3340} INFO - Setting next_dagrun for example_complex to None, run_after=None
[2023-11-02T17:02:45.855+0000] {processor.py:176} INFO - Processing /home/airflow/.local/lib/python3.7/site-packages/airflow/example_dags/example_complex.py took 0.141 seconds
[2023-11-02T17:03:16.786+0000] {processor.py:154} INFO - Started process (PID=207) to work on /home/airflow/.local/lib/python3.7/site-packages/airflow/example_dags/example_complex.py
[2023-11-02T17:03:16.787+0000] {processor.py:756} INFO - Processing file /home/airflow/.local/lib/python3.7/site-packages/airflow/example_dags/example_complex.py for tasks to queue
[2023-11-02T17:03:16.788+0000] {logging_mixin.py:120} INFO - [2023-11-02T17:03:16.788+0000] {dagbag.py:537} INFO - Filling up the DagBag from /home/airflow/.local/lib/python3.7/site-packages/airflow/example_dags/example_complex.py
[2023-11-02T17:03:16.803+0000] {logging_mixin.py:120} INFO - [2023-11-02T17:03:16.802+0000] {taskmixin.py:205} WARNING - Dependency <Task(BashOperator): create_entry_group>, delete_entry_group already registered for DAG: example_complex
[2023-11-02T17:03:16.804+0000] {logging_mixin.py:120} INFO - [2023-11-02T17:03:16.803+0000] {taskmixin.py:205} WARNING - Dependency <Task(BashOperator): delete_entry_group>, create_entry_group already registered for DAG: example_complex
[2023-11-02T17:03:16.805+0000] {logging_mixin.py:120} INFO - [2023-11-02T17:03:16.804+0000] {taskmixin.py:205} WARNING - Dependency <Task(BashOperator): create_entry_gcs>, delete_entry already registered for DAG: example_complex
[2023-11-02T17:03:16.805+0000] {logging_mixin.py:120} INFO - [2023-11-02T17:03:16.805+0000] {taskmixin.py:205} WARNING - Dependency <Task(BashOperator): delete_entry>, create_entry_gcs already registered for DAG: example_complex
[2023-11-02T17:03:16.807+0000] {logging_mixin.py:120} INFO - [2023-11-02T17:03:16.806+0000] {taskmixin.py:205} WARNING - Dependency <Task(BashOperator): create_tag>, delete_tag already registered for DAG: example_complex
[2023-11-02T17:03:16.807+0000] {logging_mixin.py:120} INFO - [2023-11-02T17:03:16.807+0000] {taskmixin.py:205} WARNING - Dependency <Task(BashOperator): delete_tag>, create_tag already registered for DAG: example_complex
[2023-11-02T17:03:16.818+0000] {processor.py:766} INFO - DAG(s) dict_keys(['example_complex']) retrieved from /home/airflow/.local/lib/python3.7/site-packages/airflow/example_dags/example_complex.py
[2023-11-02T17:03:16.899+0000] {logging_mixin.py:120} INFO - [2023-11-02T17:03:16.898+0000] {dag.py:2585} INFO - Sync 1 DAGs
[2023-11-02T17:03:16.954+0000] {logging_mixin.py:120} INFO - [2023-11-02T17:03:16.954+0000] {dag.py:3340} INFO - Setting next_dagrun for example_complex to None, run_after=None
[2023-11-02T17:03:16.984+0000] {processor.py:176} INFO - Processing /home/airflow/.local/lib/python3.7/site-packages/airflow/example_dags/example_complex.py took 0.201 seconds
[2023-11-02T17:03:47.430+0000] {processor.py:154} INFO - Started process (PID=283) to work on /home/airflow/.local/lib/python3.7/site-packages/airflow/example_dags/example_complex.py
[2023-11-02T17:03:47.432+0000] {processor.py:756} INFO - Processing file /home/airflow/.local/lib/python3.7/site-packages/airflow/example_dags/example_complex.py for tasks to queue
[2023-11-02T17:03:47.433+0000] {logging_mixin.py:120} INFO - [2023-11-02T17:03:47.433+0000] {dagbag.py:537} INFO - Filling up the DagBag from /home/airflow/.local/lib/python3.7/site-packages/airflow/example_dags/example_complex.py
[2023-11-02T17:03:47.446+0000] {logging_mixin.py:120} INFO - [2023-11-02T17:03:47.446+0000] {taskmixin.py:205} WARNING - Dependency <Task(BashOperator): create_entry_group>, delete_entry_group already registered for DAG: example_complex
[2023-11-02T17:03:47.447+0000] {logging_mixin.py:120} INFO - [2023-11-02T17:03:47.447+0000] {taskmixin.py:205} WARNING - Dependency <Task(BashOperator): delete_entry_group>, create_entry_group already registered for DAG: example_complex
[2023-11-02T17:03:47.448+0000] {logging_mixin.py:120} INFO - [2023-11-02T17:03:47.448+0000] {taskmixin.py:205} WARNING - Dependency <Task(BashOperator): create_entry_gcs>, delete_entry already registered for DAG: example_complex
[2023-11-02T17:03:47.449+0000] {logging_mixin.py:120} INFO - [2023-11-02T17:03:47.449+0000] {taskmixin.py:205} WARNING - Dependency <Task(BashOperator): delete_entry>, create_entry_gcs already registered for DAG: example_complex
[2023-11-02T17:03:47.450+0000] {logging_mixin.py:120} INFO - [2023-11-02T17:03:47.450+0000] {taskmixin.py:205} WARNING - Dependency <Task(BashOperator): create_tag>, delete_tag already registered for DAG: example_complex
[2023-11-02T17:03:47.451+0000] {logging_mixin.py:120} INFO - [2023-11-02T17:03:47.450+0000] {taskmixin.py:205} WARNING - Dependency <Task(BashOperator): delete_tag>, create_tag already registered for DAG: example_complex
[2023-11-02T17:03:47.459+0000] {processor.py:766} INFO - DAG(s) dict_keys(['example_complex']) retrieved from /home/airflow/.local/lib/python3.7/site-packages/airflow/example_dags/example_complex.py
[2023-11-02T17:03:47.518+0000] {logging_mixin.py:120} INFO - [2023-11-02T17:03:47.518+0000] {dag.py:2585} INFO - Sync 1 DAGs
[2023-11-02T17:03:47.552+0000] {logging_mixin.py:120} INFO - [2023-11-02T17:03:47.552+0000] {dag.py:3340} INFO - Setting next_dagrun for example_complex to None, run_after=None
[2023-11-02T17:03:47.578+0000] {processor.py:176} INFO - Processing /home/airflow/.local/lib/python3.7/site-packages/airflow/example_dags/example_complex.py took 0.150 seconds
[2023-11-02T17:04:18.098+0000] {processor.py:154} INFO - Started process (PID=360) to work on /home/airflow/.local/lib/python3.7/site-packages/airflow/example_dags/example_complex.py
[2023-11-02T17:04:18.099+0000] {processor.py:756} INFO - Processing file /home/airflow/.local/lib/python3.7/site-packages/airflow/example_dags/example_complex.py for tasks to queue
[2023-11-02T17:04:18.100+0000] {logging_mixin.py:120} INFO - [2023-11-02T17:04:18.100+0000] {dagbag.py:537} INFO - Filling up the DagBag from /home/airflow/.local/lib/python3.7/site-packages/airflow/example_dags/example_complex.py
[2023-11-02T17:04:18.114+0000] {logging_mixin.py:120} INFO - [2023-11-02T17:04:18.114+0000] {taskmixin.py:205} WARNING - Dependency <Task(BashOperator): create_entry_group>, delete_entry_group already registered for DAG: example_complex
[2023-11-02T17:04:18.115+0000] {logging_mixin.py:120} INFO - [2023-11-02T17:04:18.115+0000] {taskmixin.py:205} WARNING - Dependency <Task(BashOperator): delete_entry_group>, create_entry_group already registered for DAG: example_complex
[2023-11-02T17:04:18.116+0000] {logging_mixin.py:120} INFO - [2023-11-02T17:04:18.116+0000] {taskmixin.py:205} WARNING - Dependency <Task(BashOperator): create_entry_gcs>, delete_entry already registered for DAG: example_complex
[2023-11-02T17:04:18.117+0000] {logging_mixin.py:120} INFO - [2023-11-02T17:04:18.117+0000] {taskmixin.py:205} WARNING - Dependency <Task(BashOperator): delete_entry>, create_entry_gcs already registered for DAG: example_complex
[2023-11-02T17:04:18.118+0000] {logging_mixin.py:120} INFO - [2023-11-02T17:04:18.118+0000] {taskmixin.py:205} WARNING - Dependency <Task(BashOperator): create_tag>, delete_tag already registered for DAG: example_complex
[2023-11-02T17:04:18.119+0000] {logging_mixin.py:120} INFO - [2023-11-02T17:04:18.119+0000] {taskmixin.py:205} WARNING - Dependency <Task(BashOperator): delete_tag>, create_tag already registered for DAG: example_complex
[2023-11-02T17:04:18.130+0000] {processor.py:766} INFO - DAG(s) dict_keys(['example_complex']) retrieved from /home/airflow/.local/lib/python3.7/site-packages/airflow/example_dags/example_complex.py
[2023-11-02T17:04:18.184+0000] {logging_mixin.py:120} INFO - [2023-11-02T17:04:18.184+0000] {dag.py:2585} INFO - Sync 1 DAGs
[2023-11-02T17:04:18.221+0000] {logging_mixin.py:120} INFO - [2023-11-02T17:04:18.221+0000] {dag.py:3340} INFO - Setting next_dagrun for example_complex to None, run_after=None
[2023-11-02T17:04:18.248+0000] {processor.py:176} INFO - Processing /home/airflow/.local/lib/python3.7/site-packages/airflow/example_dags/example_complex.py took 0.154 seconds
[2023-11-02T17:04:49.104+0000] {processor.py:154} INFO - Started process (PID=427) to work on /home/airflow/.local/lib/python3.7/site-packages/airflow/example_dags/example_complex.py
[2023-11-02T17:04:49.105+0000] {processor.py:756} INFO - Processing file /home/airflow/.local/lib/python3.7/site-packages/airflow/example_dags/example_complex.py for tasks to queue
[2023-11-02T17:04:49.106+0000] {logging_mixin.py:120} INFO - [2023-11-02T17:04:49.106+0000] {dagbag.py:537} INFO - Filling up the DagBag from /home/airflow/.local/lib/python3.7/site-packages/airflow/example_dags/example_complex.py
[2023-11-02T17:04:49.120+0000] {logging_mixin.py:120} INFO - [2023-11-02T17:04:49.120+0000] {taskmixin.py:205} WARNING - Dependency <Task(BashOperator): create_entry_group>, delete_entry_group already registered for DAG: example_complex
[2023-11-02T17:04:49.121+0000] {logging_mixin.py:120} INFO - [2023-11-02T17:04:49.121+0000] {taskmixin.py:205} WARNING - Dependency <Task(BashOperator): delete_entry_group>, create_entry_group already registered for DAG: example_complex
[2023-11-02T17:04:49.122+0000] {logging_mixin.py:120} INFO - [2023-11-02T17:04:49.121+0000] {taskmixin.py:205} WARNING - Dependency <Task(BashOperator): create_entry_gcs>, delete_entry already registered for DAG: example_complex
[2023-11-02T17:04:49.122+0000] {logging_mixin.py:120} INFO - [2023-11-02T17:04:49.122+0000] {taskmixin.py:205} WARNING - Dependency <Task(BashOperator): delete_entry>, create_entry_gcs already registered for DAG: example_complex
[2023-11-02T17:04:49.123+0000] {logging_mixin.py:120} INFO - [2023-11-02T17:04:49.123+0000] {taskmixin.py:205} WARNING - Dependency <Task(BashOperator): create_tag>, delete_tag already registered for DAG: example_complex
[2023-11-02T17:04:49.124+0000] {logging_mixin.py:120} INFO - [2023-11-02T17:04:49.124+0000] {taskmixin.py:205} WARNING - Dependency <Task(BashOperator): delete_tag>, create_tag already registered for DAG: example_complex
[2023-11-02T17:04:49.133+0000] {processor.py:766} INFO - DAG(s) dict_keys(['example_complex']) retrieved from /home/airflow/.local/lib/python3.7/site-packages/airflow/example_dags/example_complex.py
[2023-11-02T17:04:49.182+0000] {logging_mixin.py:120} INFO - [2023-11-02T17:04:49.182+0000] {dag.py:2585} INFO - Sync 1 DAGs
[2023-11-02T17:04:49.214+0000] {logging_mixin.py:120} INFO - [2023-11-02T17:04:49.213+0000] {dag.py:3340} INFO - Setting next_dagrun for example_complex to None, run_after=None
[2023-11-02T17:04:49.241+0000] {processor.py:176} INFO - Processing /home/airflow/.local/lib/python3.7/site-packages/airflow/example_dags/example_complex.py took 0.139 seconds
[2023-11-02T17:05:19.497+0000] {processor.py:154} INFO - Started process (PID=503) to work on /home/airflow/.local/lib/python3.7/site-packages/airflow/example_dags/example_complex.py
[2023-11-02T17:05:19.498+0000] {processor.py:756} INFO - Processing file /home/airflow/.local/lib/python3.7/site-packages/airflow/example_dags/example_complex.py for tasks to queue
[2023-11-02T17:05:19.499+0000] {logging_mixin.py:120} INFO - [2023-11-02T17:05:19.499+0000] {dagbag.py:537} INFO - Filling up the DagBag from /home/airflow/.local/lib/python3.7/site-packages/airflow/example_dags/example_complex.py
[2023-11-02T17:05:19.511+0000] {logging_mixin.py:120} INFO - [2023-11-02T17:05:19.510+0000] {taskmixin.py:205} WARNING - Dependency <Task(BashOperator): create_entry_group>, delete_entry_group already registered for DAG: example_complex
[2023-11-02T17:05:19.512+0000] {logging_mixin.py:120} INFO - [2023-11-02T17:05:19.511+0000] {taskmixin.py:205} WARNING - Dependency <Task(BashOperator): delete_entry_group>, create_entry_group already registered for DAG: example_complex
[2023-11-02T17:05:19.513+0000] {logging_mixin.py:120} INFO - [2023-11-02T17:05:19.512+0000] {taskmixin.py:205} WARNING - Dependency <Task(BashOperator): create_entry_gcs>, delete_entry already registered for DAG: example_complex
[2023-11-02T17:05:19.514+0000] {logging_mixin.py:120} INFO - [2023-11-02T17:05:19.513+0000] {taskmixin.py:205} WARNING - Dependency <Task(BashOperator): delete_entry>, create_entry_gcs already registered for DAG: example_complex
[2023-11-02T17:05:19.515+0000] {logging_mixin.py:120} INFO - [2023-11-02T17:05:19.514+0000] {taskmixin.py:205} WARNING - Dependency <Task(BashOperator): create_tag>, delete_tag already registered for DAG: example_complex
[2023-11-02T17:05:19.515+0000] {logging_mixin.py:120} INFO - [2023-11-02T17:05:19.515+0000] {taskmixin.py:205} WARNING - Dependency <Task(BashOperator): delete_tag>, create_tag already registered for DAG: example_complex
[2023-11-02T17:05:19.524+0000] {processor.py:766} INFO - DAG(s) dict_keys(['example_complex']) retrieved from /home/airflow/.local/lib/python3.7/site-packages/airflow/example_dags/example_complex.py
[2023-11-02T17:05:19.574+0000] {logging_mixin.py:120} INFO - [2023-11-02T17:05:19.574+0000] {dag.py:2585} INFO - Sync 1 DAGs
[2023-11-02T17:05:19.605+0000] {logging_mixin.py:120} INFO - [2023-11-02T17:05:19.605+0000] {dag.py:3340} INFO - Setting next_dagrun for example_complex to None, run_after=None
[2023-11-02T17:05:19.633+0000] {processor.py:176} INFO - Processing /home/airflow/.local/lib/python3.7/site-packages/airflow/example_dags/example_complex.py took 0.140 seconds
[2023-11-02T17:05:50.146+0000] {processor.py:154} INFO - Started process (PID=567) to work on /home/airflow/.local/lib/python3.7/site-packages/airflow/example_dags/example_complex.py
[2023-11-02T17:05:50.147+0000] {processor.py:756} INFO - Processing file /home/airflow/.local/lib/python3.7/site-packages/airflow/example_dags/example_complex.py for tasks to queue
[2023-11-02T17:05:50.149+0000] {logging_mixin.py:120} INFO - [2023-11-02T17:05:50.148+0000] {dagbag.py:537} INFO - Filling up the DagBag from /home/airflow/.local/lib/python3.7/site-packages/airflow/example_dags/example_complex.py
[2023-11-02T17:05:50.161+0000] {logging_mixin.py:120} INFO - [2023-11-02T17:05:50.161+0000] {taskmixin.py:205} WARNING - Dependency <Task(BashOperator): create_entry_group>, delete_entry_group already registered for DAG: example_complex
[2023-11-02T17:05:50.162+0000] {logging_mixin.py:120} INFO - [2023-11-02T17:05:50.162+0000] {taskmixin.py:205} WARNING - Dependency <Task(BashOperator): delete_entry_group>, create_entry_group already registered for DAG: example_complex
[2023-11-02T17:05:50.163+0000] {logging_mixin.py:120} INFO - [2023-11-02T17:05:50.163+0000] {taskmixin.py:205} WARNING - Dependency <Task(BashOperator): create_entry_gcs>, delete_entry already registered for DAG: example_complex
[2023-11-02T17:05:50.164+0000] {logging_mixin.py:120} INFO - [2023-11-02T17:05:50.164+0000] {taskmixin.py:205} WARNING - Dependency <Task(BashOperator): delete_entry>, create_entry_gcs already registered for DAG: example_complex
[2023-11-02T17:05:50.165+0000] {logging_mixin.py:120} INFO - [2023-11-02T17:05:50.165+0000] {taskmixin.py:205} WARNING - Dependency <Task(BashOperator): create_tag>, delete_tag already registered for DAG: example_complex
[2023-11-02T17:05:50.165+0000] {logging_mixin.py:120} INFO - [2023-11-02T17:05:50.165+0000] {taskmixin.py:205} WARNING - Dependency <Task(BashOperator): delete_tag>, create_tag already registered for DAG: example_complex
[2023-11-02T17:05:50.174+0000] {processor.py:766} INFO - DAG(s) dict_keys(['example_complex']) retrieved from /home/airflow/.local/lib/python3.7/site-packages/airflow/example_dags/example_complex.py
[2023-11-02T17:05:50.243+0000] {logging_mixin.py:120} INFO - [2023-11-02T17:05:50.243+0000] {dag.py:2585} INFO - Sync 1 DAGs
[2023-11-02T17:05:50.289+0000] {logging_mixin.py:120} INFO - [2023-11-02T17:05:50.289+0000] {dag.py:3340} INFO - Setting next_dagrun for example_complex to None, run_after=None
[2023-11-02T17:05:50.316+0000] {processor.py:176} INFO - Processing /home/airflow/.local/lib/python3.7/site-packages/airflow/example_dags/example_complex.py took 0.172 seconds
