[2023-11-02T17:02:16.291+0000] {processor.py:154} INFO - Started process (PID=78) to work on /home/airflow/.local/lib/python3.7/site-packages/airflow/example_dags/example_kubernetes_executor.py
[2023-11-02T17:02:16.292+0000] {processor.py:756} INFO - Processing file /home/airflow/.local/lib/python3.7/site-packages/airflow/example_dags/example_kubernetes_executor.py for tasks to queue
[2023-11-02T17:02:16.303+0000] {logging_mixin.py:120} INFO - [2023-11-02T17:02:16.303+0000] {dagbag.py:537} INFO - Filling up the DagBag from /home/airflow/.local/lib/python3.7/site-packages/airflow/example_dags/example_kubernetes_executor.py
[2023-11-02T17:02:16.373+0000] {processor.py:766} INFO - DAG(s) dict_keys(['example_kubernetes_executor']) retrieved from /home/airflow/.local/lib/python3.7/site-packages/airflow/example_dags/example_kubernetes_executor.py
[2023-11-02T17:02:16.464+0000] {logging_mixin.py:120} INFO - [2023-11-02T17:02:16.464+0000] {dag.py:2585} INFO - Sync 1 DAGs
[2023-11-02T17:02:16.545+0000] {logging_mixin.py:120} INFO - [2023-11-02T17:02:16.544+0000] {dag.py:3340} INFO - Setting next_dagrun for example_kubernetes_executor to None, run_after=None
[2023-11-02T17:02:16.605+0000] {processor.py:176} INFO - Processing /home/airflow/.local/lib/python3.7/site-packages/airflow/example_dags/example_kubernetes_executor.py took 0.317 seconds
[2023-11-02T17:02:47.263+0000] {processor.py:154} INFO - Started process (PID=153) to work on /home/airflow/.local/lib/python3.7/site-packages/airflow/example_dags/example_kubernetes_executor.py
[2023-11-02T17:02:47.265+0000] {processor.py:756} INFO - Processing file /home/airflow/.local/lib/python3.7/site-packages/airflow/example_dags/example_kubernetes_executor.py for tasks to queue
[2023-11-02T17:02:47.266+0000] {logging_mixin.py:120} INFO - [2023-11-02T17:02:47.266+0000] {dagbag.py:537} INFO - Filling up the DagBag from /home/airflow/.local/lib/python3.7/site-packages/airflow/example_dags/example_kubernetes_executor.py
[2023-11-02T17:02:47.299+0000] {processor.py:766} INFO - DAG(s) dict_keys(['example_kubernetes_executor']) retrieved from /home/airflow/.local/lib/python3.7/site-packages/airflow/example_dags/example_kubernetes_executor.py
[2023-11-02T17:02:47.346+0000] {logging_mixin.py:120} INFO - [2023-11-02T17:02:47.346+0000] {dag.py:2585} INFO - Sync 1 DAGs
[2023-11-02T17:02:47.376+0000] {logging_mixin.py:120} INFO - [2023-11-02T17:02:47.376+0000] {dag.py:3340} INFO - Setting next_dagrun for example_kubernetes_executor to None, run_after=None
[2023-11-02T17:02:47.400+0000] {processor.py:176} INFO - Processing /home/airflow/.local/lib/python3.7/site-packages/airflow/example_dags/example_kubernetes_executor.py took 0.139 seconds
[2023-11-02T17:03:18.871+0000] {processor.py:154} INFO - Started process (PID=228) to work on /home/airflow/.local/lib/python3.7/site-packages/airflow/example_dags/example_kubernetes_executor.py
[2023-11-02T17:03:18.873+0000] {processor.py:756} INFO - Processing file /home/airflow/.local/lib/python3.7/site-packages/airflow/example_dags/example_kubernetes_executor.py for tasks to queue
[2023-11-02T17:03:18.874+0000] {logging_mixin.py:120} INFO - [2023-11-02T17:03:18.874+0000] {dagbag.py:537} INFO - Filling up the DagBag from /home/airflow/.local/lib/python3.7/site-packages/airflow/example_dags/example_kubernetes_executor.py
[2023-11-02T17:03:18.921+0000] {processor.py:766} INFO - DAG(s) dict_keys(['example_kubernetes_executor']) retrieved from /home/airflow/.local/lib/python3.7/site-packages/airflow/example_dags/example_kubernetes_executor.py
[2023-11-02T17:03:18.984+0000] {logging_mixin.py:120} INFO - [2023-11-02T17:03:18.984+0000] {dag.py:2585} INFO - Sync 1 DAGs
[2023-11-02T17:03:19.014+0000] {logging_mixin.py:120} INFO - [2023-11-02T17:03:19.014+0000] {dag.py:3340} INFO - Setting next_dagrun for example_kubernetes_executor to None, run_after=None
[2023-11-02T17:03:19.041+0000] {processor.py:176} INFO - Processing /home/airflow/.local/lib/python3.7/site-packages/airflow/example_dags/example_kubernetes_executor.py took 0.172 seconds
[2023-11-02T17:03:49.233+0000] {processor.py:154} INFO - Started process (PID=297) to work on /home/airflow/.local/lib/python3.7/site-packages/airflow/example_dags/example_kubernetes_executor.py
[2023-11-02T17:03:49.234+0000] {processor.py:756} INFO - Processing file /home/airflow/.local/lib/python3.7/site-packages/airflow/example_dags/example_kubernetes_executor.py for tasks to queue
[2023-11-02T17:03:49.236+0000] {logging_mixin.py:120} INFO - [2023-11-02T17:03:49.236+0000] {dagbag.py:537} INFO - Filling up the DagBag from /home/airflow/.local/lib/python3.7/site-packages/airflow/example_dags/example_kubernetes_executor.py
[2023-11-02T17:03:49.266+0000] {processor.py:766} INFO - DAG(s) dict_keys(['example_kubernetes_executor']) retrieved from /home/airflow/.local/lib/python3.7/site-packages/airflow/example_dags/example_kubernetes_executor.py
[2023-11-02T17:03:49.309+0000] {logging_mixin.py:120} INFO - [2023-11-02T17:03:49.309+0000] {dag.py:2585} INFO - Sync 1 DAGs
[2023-11-02T17:03:49.340+0000] {logging_mixin.py:120} INFO - [2023-11-02T17:03:49.340+0000] {dag.py:3340} INFO - Setting next_dagrun for example_kubernetes_executor to None, run_after=None
[2023-11-02T17:03:49.364+0000] {processor.py:176} INFO - Processing /home/airflow/.local/lib/python3.7/site-packages/airflow/example_dags/example_kubernetes_executor.py took 0.133 seconds
[2023-11-02T17:04:19.622+0000] {processor.py:154} INFO - Started process (PID=374) to work on /home/airflow/.local/lib/python3.7/site-packages/airflow/example_dags/example_kubernetes_executor.py
[2023-11-02T17:04:19.623+0000] {processor.py:756} INFO - Processing file /home/airflow/.local/lib/python3.7/site-packages/airflow/example_dags/example_kubernetes_executor.py for tasks to queue
[2023-11-02T17:04:19.625+0000] {logging_mixin.py:120} INFO - [2023-11-02T17:04:19.625+0000] {dagbag.py:537} INFO - Filling up the DagBag from /home/airflow/.local/lib/python3.7/site-packages/airflow/example_dags/example_kubernetes_executor.py
[2023-11-02T17:04:19.665+0000] {processor.py:766} INFO - DAG(s) dict_keys(['example_kubernetes_executor']) retrieved from /home/airflow/.local/lib/python3.7/site-packages/airflow/example_dags/example_kubernetes_executor.py
[2023-11-02T17:04:19.716+0000] {logging_mixin.py:120} INFO - [2023-11-02T17:04:19.716+0000] {dag.py:2585} INFO - Sync 1 DAGs
[2023-11-02T17:04:19.759+0000] {logging_mixin.py:120} INFO - [2023-11-02T17:04:19.759+0000] {dag.py:3340} INFO - Setting next_dagrun for example_kubernetes_executor to None, run_after=None
[2023-11-02T17:04:19.789+0000] {processor.py:176} INFO - Processing /home/airflow/.local/lib/python3.7/site-packages/airflow/example_dags/example_kubernetes_executor.py took 0.170 seconds
[2023-11-02T17:04:50.694+0000] {processor.py:154} INFO - Started process (PID=441) to work on /home/airflow/.local/lib/python3.7/site-packages/airflow/example_dags/example_kubernetes_executor.py
[2023-11-02T17:04:50.695+0000] {processor.py:756} INFO - Processing file /home/airflow/.local/lib/python3.7/site-packages/airflow/example_dags/example_kubernetes_executor.py for tasks to queue
[2023-11-02T17:04:50.696+0000] {logging_mixin.py:120} INFO - [2023-11-02T17:04:50.696+0000] {dagbag.py:537} INFO - Filling up the DagBag from /home/airflow/.local/lib/python3.7/site-packages/airflow/example_dags/example_kubernetes_executor.py
[2023-11-02T17:04:50.728+0000] {processor.py:766} INFO - DAG(s) dict_keys(['example_kubernetes_executor']) retrieved from /home/airflow/.local/lib/python3.7/site-packages/airflow/example_dags/example_kubernetes_executor.py
[2023-11-02T17:04:50.781+0000] {logging_mixin.py:120} INFO - [2023-11-02T17:04:50.781+0000] {dag.py:2585} INFO - Sync 1 DAGs
[2023-11-02T17:04:50.813+0000] {logging_mixin.py:120} INFO - [2023-11-02T17:04:50.813+0000] {dag.py:3340} INFO - Setting next_dagrun for example_kubernetes_executor to None, run_after=None
[2023-11-02T17:04:50.843+0000] {processor.py:176} INFO - Processing /home/airflow/.local/lib/python3.7/site-packages/airflow/example_dags/example_kubernetes_executor.py took 0.151 seconds
[2023-11-02T17:05:21.062+0000] {processor.py:154} INFO - Started process (PID=517) to work on /home/airflow/.local/lib/python3.7/site-packages/airflow/example_dags/example_kubernetes_executor.py
[2023-11-02T17:05:21.063+0000] {processor.py:756} INFO - Processing file /home/airflow/.local/lib/python3.7/site-packages/airflow/example_dags/example_kubernetes_executor.py for tasks to queue
[2023-11-02T17:05:21.064+0000] {logging_mixin.py:120} INFO - [2023-11-02T17:05:21.064+0000] {dagbag.py:537} INFO - Filling up the DagBag from /home/airflow/.local/lib/python3.7/site-packages/airflow/example_dags/example_kubernetes_executor.py
[2023-11-02T17:05:21.094+0000] {processor.py:766} INFO - DAG(s) dict_keys(['example_kubernetes_executor']) retrieved from /home/airflow/.local/lib/python3.7/site-packages/airflow/example_dags/example_kubernetes_executor.py
[2023-11-02T17:05:21.140+0000] {logging_mixin.py:120} INFO - [2023-11-02T17:05:21.140+0000] {dag.py:2585} INFO - Sync 1 DAGs
[2023-11-02T17:05:21.170+0000] {logging_mixin.py:120} INFO - [2023-11-02T17:05:21.170+0000] {dag.py:3340} INFO - Setting next_dagrun for example_kubernetes_executor to None, run_after=None
[2023-11-02T17:05:21.198+0000] {processor.py:176} INFO - Processing /home/airflow/.local/lib/python3.7/site-packages/airflow/example_dags/example_kubernetes_executor.py took 0.139 seconds
[2023-11-02T17:05:52.389+0000] {processor.py:154} INFO - Started process (PID=592) to work on /home/airflow/.local/lib/python3.7/site-packages/airflow/example_dags/example_kubernetes_executor.py
[2023-11-02T17:05:52.390+0000] {processor.py:756} INFO - Processing file /home/airflow/.local/lib/python3.7/site-packages/airflow/example_dags/example_kubernetes_executor.py for tasks to queue
[2023-11-02T17:05:52.391+0000] {logging_mixin.py:120} INFO - [2023-11-02T17:05:52.391+0000] {dagbag.py:537} INFO - Filling up the DagBag from /home/airflow/.local/lib/python3.7/site-packages/airflow/example_dags/example_kubernetes_executor.py
[2023-11-02T17:05:52.420+0000] {processor.py:766} INFO - DAG(s) dict_keys(['example_kubernetes_executor']) retrieved from /home/airflow/.local/lib/python3.7/site-packages/airflow/example_dags/example_kubernetes_executor.py
[2023-11-02T17:05:52.464+0000] {logging_mixin.py:120} INFO - [2023-11-02T17:05:52.464+0000] {dag.py:2585} INFO - Sync 1 DAGs
[2023-11-02T17:05:52.495+0000] {logging_mixin.py:120} INFO - [2023-11-02T17:05:52.495+0000] {dag.py:3340} INFO - Setting next_dagrun for example_kubernetes_executor to None, run_after=None
[2023-11-02T17:05:52.523+0000] {processor.py:176} INFO - Processing /home/airflow/.local/lib/python3.7/site-packages/airflow/example_dags/example_kubernetes_executor.py took 0.137 seconds
