[2023-11-02T17:02:16.243+0000] {processor.py:154} INFO - Started process (PID=77) to work on /home/airflow/.local/lib/python3.7/site-packages/airflow/example_dags/example_branch_operator.py
[2023-11-02T17:02:16.251+0000] {processor.py:756} INFO - Processing file /home/airflow/.local/lib/python3.7/site-packages/airflow/example_dags/example_branch_operator.py for tasks to queue
[2023-11-02T17:02:16.253+0000] {logging_mixin.py:120} INFO - [2023-11-02T17:02:16.252+0000] {dagbag.py:537} INFO - Filling up the DagBag from /home/airflow/.local/lib/python3.7/site-packages/airflow/example_dags/example_branch_operator.py
[2023-11-02T17:02:16.304+0000] {processor.py:766} INFO - DAG(s) dict_keys(['example_branch_operator']) retrieved from /home/airflow/.local/lib/python3.7/site-packages/airflow/example_dags/example_branch_operator.py
[2023-11-02T17:02:16.400+0000] {logging_mixin.py:120} INFO - [2023-11-02T17:02:16.400+0000] {dag.py:2585} INFO - Sync 1 DAGs
[2023-11-02T17:02:16.467+0000] {logging_mixin.py:120} INFO - [2023-11-02T17:02:16.467+0000] {dag.py:3340} INFO - Setting next_dagrun for example_branch_operator to 2023-11-01T00:00:00+00:00, run_after=2023-11-02T00:00:00+00:00
[2023-11-02T17:02:16.535+0000] {processor.py:176} INFO - Processing /home/airflow/.local/lib/python3.7/site-packages/airflow/example_dags/example_branch_operator.py took 0.297 seconds
[2023-11-02T17:02:47.263+0000] {processor.py:154} INFO - Started process (PID=152) to work on /home/airflow/.local/lib/python3.7/site-packages/airflow/example_dags/example_branch_operator.py
[2023-11-02T17:02:47.265+0000] {processor.py:756} INFO - Processing file /home/airflow/.local/lib/python3.7/site-packages/airflow/example_dags/example_branch_operator.py for tasks to queue
[2023-11-02T17:02:47.266+0000] {logging_mixin.py:120} INFO - [2023-11-02T17:02:47.266+0000] {dagbag.py:537} INFO - Filling up the DagBag from /home/airflow/.local/lib/python3.7/site-packages/airflow/example_dags/example_branch_operator.py
[2023-11-02T17:02:47.284+0000] {processor.py:766} INFO - DAG(s) dict_keys(['example_branch_operator']) retrieved from /home/airflow/.local/lib/python3.7/site-packages/airflow/example_dags/example_branch_operator.py
[2023-11-02T17:02:47.330+0000] {logging_mixin.py:120} INFO - [2023-11-02T17:02:47.329+0000] {dag.py:2585} INFO - Sync 1 DAGs
[2023-11-02T17:02:47.365+0000] {logging_mixin.py:120} INFO - [2023-11-02T17:02:47.365+0000] {dag.py:3340} INFO - Setting next_dagrun for example_branch_operator to 2023-11-01T00:00:00+00:00, run_after=2023-11-02T00:00:00+00:00
[2023-11-02T17:02:47.392+0000] {processor.py:176} INFO - Processing /home/airflow/.local/lib/python3.7/site-packages/airflow/example_dags/example_branch_operator.py took 0.131 seconds
[2023-11-02T17:03:18.667+0000] {processor.py:154} INFO - Started process (PID=227) to work on /home/airflow/.local/lib/python3.7/site-packages/airflow/example_dags/example_branch_operator.py
[2023-11-02T17:03:18.669+0000] {processor.py:756} INFO - Processing file /home/airflow/.local/lib/python3.7/site-packages/airflow/example_dags/example_branch_operator.py for tasks to queue
[2023-11-02T17:03:18.671+0000] {logging_mixin.py:120} INFO - [2023-11-02T17:03:18.670+0000] {dagbag.py:537} INFO - Filling up the DagBag from /home/airflow/.local/lib/python3.7/site-packages/airflow/example_dags/example_branch_operator.py
[2023-11-02T17:03:18.769+0000] {processor.py:766} INFO - DAG(s) dict_keys(['example_branch_operator']) retrieved from /home/airflow/.local/lib/python3.7/site-packages/airflow/example_dags/example_branch_operator.py
[2023-11-02T17:03:18.860+0000] {logging_mixin.py:120} INFO - [2023-11-02T17:03:18.859+0000] {dag.py:2585} INFO - Sync 1 DAGs
[2023-11-02T17:03:18.905+0000] {logging_mixin.py:120} INFO - [2023-11-02T17:03:18.905+0000] {dag.py:3340} INFO - Setting next_dagrun for example_branch_operator to 2023-11-01T00:00:00+00:00, run_after=2023-11-02T00:00:00+00:00
[2023-11-02T17:03:18.945+0000] {processor.py:176} INFO - Processing /home/airflow/.local/lib/python3.7/site-packages/airflow/example_dags/example_branch_operator.py took 0.294 seconds
[2023-11-02T17:03:49.056+0000] {processor.py:154} INFO - Started process (PID=296) to work on /home/airflow/.local/lib/python3.7/site-packages/airflow/example_dags/example_branch_operator.py
[2023-11-02T17:03:49.057+0000] {processor.py:756} INFO - Processing file /home/airflow/.local/lib/python3.7/site-packages/airflow/example_dags/example_branch_operator.py for tasks to queue
[2023-11-02T17:03:49.058+0000] {logging_mixin.py:120} INFO - [2023-11-02T17:03:49.058+0000] {dagbag.py:537} INFO - Filling up the DagBag from /home/airflow/.local/lib/python3.7/site-packages/airflow/example_dags/example_branch_operator.py
[2023-11-02T17:03:49.076+0000] {processor.py:766} INFO - DAG(s) dict_keys(['example_branch_operator']) retrieved from /home/airflow/.local/lib/python3.7/site-packages/airflow/example_dags/example_branch_operator.py
[2023-11-02T17:03:49.121+0000] {logging_mixin.py:120} INFO - [2023-11-02T17:03:49.121+0000] {dag.py:2585} INFO - Sync 1 DAGs
[2023-11-02T17:03:49.155+0000] {logging_mixin.py:120} INFO - [2023-11-02T17:03:49.155+0000] {dag.py:3340} INFO - Setting next_dagrun for example_branch_operator to 2023-11-01T00:00:00+00:00, run_after=2023-11-02T00:00:00+00:00
[2023-11-02T17:03:49.180+0000] {processor.py:176} INFO - Processing /home/airflow/.local/lib/python3.7/site-packages/airflow/example_dags/example_branch_operator.py took 0.126 seconds
[2023-11-02T17:04:19.584+0000] {processor.py:154} INFO - Started process (PID=373) to work on /home/airflow/.local/lib/python3.7/site-packages/airflow/example_dags/example_branch_operator.py
[2023-11-02T17:04:19.585+0000] {processor.py:756} INFO - Processing file /home/airflow/.local/lib/python3.7/site-packages/airflow/example_dags/example_branch_operator.py for tasks to queue
[2023-11-02T17:04:19.586+0000] {logging_mixin.py:120} INFO - [2023-11-02T17:04:19.586+0000] {dagbag.py:537} INFO - Filling up the DagBag from /home/airflow/.local/lib/python3.7/site-packages/airflow/example_dags/example_branch_operator.py
[2023-11-02T17:04:19.606+0000] {processor.py:766} INFO - DAG(s) dict_keys(['example_branch_operator']) retrieved from /home/airflow/.local/lib/python3.7/site-packages/airflow/example_dags/example_branch_operator.py
[2023-11-02T17:04:19.657+0000] {logging_mixin.py:120} INFO - [2023-11-02T17:04:19.657+0000] {dag.py:2585} INFO - Sync 1 DAGs
[2023-11-02T17:04:19.696+0000] {logging_mixin.py:120} INFO - [2023-11-02T17:04:19.696+0000] {dag.py:3340} INFO - Setting next_dagrun for example_branch_operator to 2023-11-01T00:00:00+00:00, run_after=2023-11-02T00:00:00+00:00
[2023-11-02T17:04:19.726+0000] {processor.py:176} INFO - Processing /home/airflow/.local/lib/python3.7/site-packages/airflow/example_dags/example_branch_operator.py took 0.145 seconds
[2023-11-02T17:04:50.599+0000] {processor.py:154} INFO - Started process (PID=440) to work on /home/airflow/.local/lib/python3.7/site-packages/airflow/example_dags/example_branch_operator.py
[2023-11-02T17:04:50.600+0000] {processor.py:756} INFO - Processing file /home/airflow/.local/lib/python3.7/site-packages/airflow/example_dags/example_branch_operator.py for tasks to queue
[2023-11-02T17:04:50.602+0000] {logging_mixin.py:120} INFO - [2023-11-02T17:04:50.601+0000] {dagbag.py:537} INFO - Filling up the DagBag from /home/airflow/.local/lib/python3.7/site-packages/airflow/example_dags/example_branch_operator.py
[2023-11-02T17:04:50.621+0000] {processor.py:766} INFO - DAG(s) dict_keys(['example_branch_operator']) retrieved from /home/airflow/.local/lib/python3.7/site-packages/airflow/example_dags/example_branch_operator.py
[2023-11-02T17:04:50.668+0000] {logging_mixin.py:120} INFO - [2023-11-02T17:04:50.668+0000] {dag.py:2585} INFO - Sync 1 DAGs
[2023-11-02T17:04:50.705+0000] {logging_mixin.py:120} INFO - [2023-11-02T17:04:50.704+0000] {dag.py:3340} INFO - Setting next_dagrun for example_branch_operator to 2023-11-01T00:00:00+00:00, run_after=2023-11-02T00:00:00+00:00
[2023-11-02T17:04:50.731+0000] {processor.py:176} INFO - Processing /home/airflow/.local/lib/python3.7/site-packages/airflow/example_dags/example_branch_operator.py took 0.134 seconds
[2023-11-02T17:05:21.039+0000] {processor.py:154} INFO - Started process (PID=516) to work on /home/airflow/.local/lib/python3.7/site-packages/airflow/example_dags/example_branch_operator.py
[2023-11-02T17:05:21.040+0000] {processor.py:756} INFO - Processing file /home/airflow/.local/lib/python3.7/site-packages/airflow/example_dags/example_branch_operator.py for tasks to queue
[2023-11-02T17:05:21.042+0000] {logging_mixin.py:120} INFO - [2023-11-02T17:05:21.042+0000] {dagbag.py:537} INFO - Filling up the DagBag from /home/airflow/.local/lib/python3.7/site-packages/airflow/example_dags/example_branch_operator.py
[2023-11-02T17:05:21.060+0000] {processor.py:766} INFO - DAG(s) dict_keys(['example_branch_operator']) retrieved from /home/airflow/.local/lib/python3.7/site-packages/airflow/example_dags/example_branch_operator.py
[2023-11-02T17:05:21.105+0000] {logging_mixin.py:120} INFO - [2023-11-02T17:05:21.105+0000] {dag.py:2585} INFO - Sync 1 DAGs
[2023-11-02T17:05:21.138+0000] {logging_mixin.py:120} INFO - [2023-11-02T17:05:21.138+0000] {dag.py:3340} INFO - Setting next_dagrun for example_branch_operator to 2023-11-01T00:00:00+00:00, run_after=2023-11-02T00:00:00+00:00
[2023-11-02T17:05:21.165+0000] {processor.py:176} INFO - Processing /home/airflow/.local/lib/python3.7/site-packages/airflow/example_dags/example_branch_operator.py took 0.128 seconds
[2023-11-02T17:05:52.354+0000] {processor.py:154} INFO - Started process (PID=591) to work on /home/airflow/.local/lib/python3.7/site-packages/airflow/example_dags/example_branch_operator.py
[2023-11-02T17:05:52.355+0000] {processor.py:756} INFO - Processing file /home/airflow/.local/lib/python3.7/site-packages/airflow/example_dags/example_branch_operator.py for tasks to queue
[2023-11-02T17:05:52.357+0000] {logging_mixin.py:120} INFO - [2023-11-02T17:05:52.356+0000] {dagbag.py:537} INFO - Filling up the DagBag from /home/airflow/.local/lib/python3.7/site-packages/airflow/example_dags/example_branch_operator.py
[2023-11-02T17:05:52.375+0000] {processor.py:766} INFO - DAG(s) dict_keys(['example_branch_operator']) retrieved from /home/airflow/.local/lib/python3.7/site-packages/airflow/example_dags/example_branch_operator.py
[2023-11-02T17:05:52.418+0000] {logging_mixin.py:120} INFO - [2023-11-02T17:05:52.418+0000] {dag.py:2585} INFO - Sync 1 DAGs
[2023-11-02T17:05:52.449+0000] {logging_mixin.py:120} INFO - [2023-11-02T17:05:52.449+0000] {dag.py:3340} INFO - Setting next_dagrun for example_branch_operator to 2023-11-01T00:00:00+00:00, run_after=2023-11-02T00:00:00+00:00
[2023-11-02T17:05:52.476+0000] {processor.py:176} INFO - Processing /home/airflow/.local/lib/python3.7/site-packages/airflow/example_dags/example_branch_operator.py took 0.124 seconds
