[2023-11-02T17:02:13.267+0000] {processor.py:154} INFO - Started process (PID=57) to work on /home/airflow/.local/lib/python3.7/site-packages/airflow/example_dags/example_branch_day_of_week_operator.py
[2023-11-02T17:02:13.268+0000] {processor.py:756} INFO - Processing file /home/airflow/.local/lib/python3.7/site-packages/airflow/example_dags/example_branch_day_of_week_operator.py for tasks to queue
[2023-11-02T17:02:13.269+0000] {logging_mixin.py:120} INFO - [2023-11-02T17:02:13.269+0000] {dagbag.py:537} INFO - Filling up the DagBag from /home/airflow/.local/lib/python3.7/site-packages/airflow/example_dags/example_branch_day_of_week_operator.py
[2023-11-02T17:02:13.289+0000] {processor.py:766} INFO - DAG(s) dict_keys(['example_weekday_branch_operator']) retrieved from /home/airflow/.local/lib/python3.7/site-packages/airflow/example_dags/example_branch_day_of_week_operator.py
[2023-11-02T17:02:13.339+0000] {logging_mixin.py:120} INFO - [2023-11-02T17:02:13.339+0000] {dag.py:2585} INFO - Sync 1 DAGs
[2023-11-02T17:02:13.378+0000] {logging_mixin.py:120} INFO - [2023-11-02T17:02:13.378+0000] {dag.py:3340} INFO - Setting next_dagrun for example_weekday_branch_operator to 2023-11-01T00:00:00+00:00, run_after=2023-11-02T00:00:00+00:00
[2023-11-02T17:02:13.410+0000] {processor.py:176} INFO - Processing /home/airflow/.local/lib/python3.7/site-packages/airflow/example_dags/example_branch_day_of_week_operator.py took 0.146 seconds
[2023-11-02T17:02:44.866+0000] {processor.py:154} INFO - Started process (PID=132) to work on /home/airflow/.local/lib/python3.7/site-packages/airflow/example_dags/example_branch_day_of_week_operator.py
[2023-11-02T17:02:44.867+0000] {processor.py:756} INFO - Processing file /home/airflow/.local/lib/python3.7/site-packages/airflow/example_dags/example_branch_day_of_week_operator.py for tasks to queue
[2023-11-02T17:02:44.868+0000] {logging_mixin.py:120} INFO - [2023-11-02T17:02:44.868+0000] {dagbag.py:537} INFO - Filling up the DagBag from /home/airflow/.local/lib/python3.7/site-packages/airflow/example_dags/example_branch_day_of_week_operator.py
[2023-11-02T17:02:44.898+0000] {processor.py:766} INFO - DAG(s) dict_keys(['example_weekday_branch_operator']) retrieved from /home/airflow/.local/lib/python3.7/site-packages/airflow/example_dags/example_branch_day_of_week_operator.py
[2023-11-02T17:02:44.999+0000] {logging_mixin.py:120} INFO - [2023-11-02T17:02:44.998+0000] {dag.py:2585} INFO - Sync 1 DAGs
[2023-11-02T17:02:45.061+0000] {logging_mixin.py:120} INFO - [2023-11-02T17:02:45.061+0000] {dag.py:3340} INFO - Setting next_dagrun for example_weekday_branch_operator to 2023-11-01T00:00:00+00:00, run_after=2023-11-02T00:00:00+00:00
[2023-11-02T17:02:45.098+0000] {processor.py:176} INFO - Processing /home/airflow/.local/lib/python3.7/site-packages/airflow/example_dags/example_branch_day_of_week_operator.py took 0.236 seconds
[2023-11-02T17:03:15.950+0000] {processor.py:154} INFO - Started process (PID=200) to work on /home/airflow/.local/lib/python3.7/site-packages/airflow/example_dags/example_branch_day_of_week_operator.py
[2023-11-02T17:03:15.952+0000] {processor.py:756} INFO - Processing file /home/airflow/.local/lib/python3.7/site-packages/airflow/example_dags/example_branch_day_of_week_operator.py for tasks to queue
[2023-11-02T17:03:15.953+0000] {logging_mixin.py:120} INFO - [2023-11-02T17:03:15.953+0000] {dagbag.py:537} INFO - Filling up the DagBag from /home/airflow/.local/lib/python3.7/site-packages/airflow/example_dags/example_branch_day_of_week_operator.py
[2023-11-02T17:03:15.977+0000] {processor.py:766} INFO - DAG(s) dict_keys(['example_weekday_branch_operator']) retrieved from /home/airflow/.local/lib/python3.7/site-packages/airflow/example_dags/example_branch_day_of_week_operator.py
[2023-11-02T17:03:16.027+0000] {logging_mixin.py:120} INFO - [2023-11-02T17:03:16.027+0000] {dag.py:2585} INFO - Sync 1 DAGs
[2023-11-02T17:03:16.065+0000] {logging_mixin.py:120} INFO - [2023-11-02T17:03:16.065+0000] {dag.py:3340} INFO - Setting next_dagrun for example_weekday_branch_operator to 2023-11-01T00:00:00+00:00, run_after=2023-11-02T00:00:00+00:00
[2023-11-02T17:03:16.091+0000] {processor.py:176} INFO - Processing /home/airflow/.local/lib/python3.7/site-packages/airflow/example_dags/example_branch_day_of_week_operator.py took 0.143 seconds
[2023-11-02T17:03:46.251+0000] {processor.py:154} INFO - Started process (PID=275) to work on /home/airflow/.local/lib/python3.7/site-packages/airflow/example_dags/example_branch_day_of_week_operator.py
[2023-11-02T17:03:46.252+0000] {processor.py:756} INFO - Processing file /home/airflow/.local/lib/python3.7/site-packages/airflow/example_dags/example_branch_day_of_week_operator.py for tasks to queue
[2023-11-02T17:03:46.253+0000] {logging_mixin.py:120} INFO - [2023-11-02T17:03:46.253+0000] {dagbag.py:537} INFO - Filling up the DagBag from /home/airflow/.local/lib/python3.7/site-packages/airflow/example_dags/example_branch_day_of_week_operator.py
[2023-11-02T17:03:46.272+0000] {processor.py:766} INFO - DAG(s) dict_keys(['example_weekday_branch_operator']) retrieved from /home/airflow/.local/lib/python3.7/site-packages/airflow/example_dags/example_branch_day_of_week_operator.py
[2023-11-02T17:03:46.320+0000] {logging_mixin.py:120} INFO - [2023-11-02T17:03:46.319+0000] {dag.py:2585} INFO - Sync 1 DAGs
[2023-11-02T17:03:46.364+0000] {logging_mixin.py:120} INFO - [2023-11-02T17:03:46.364+0000] {dag.py:3340} INFO - Setting next_dagrun for example_weekday_branch_operator to 2023-11-01T00:00:00+00:00, run_after=2023-11-02T00:00:00+00:00
[2023-11-02T17:03:46.401+0000] {processor.py:176} INFO - Processing /home/airflow/.local/lib/python3.7/site-packages/airflow/example_dags/example_branch_day_of_week_operator.py took 0.153 seconds
[2023-11-02T17:04:16.660+0000] {processor.py:154} INFO - Started process (PID=342) to work on /home/airflow/.local/lib/python3.7/site-packages/airflow/example_dags/example_branch_day_of_week_operator.py
[2023-11-02T17:04:16.661+0000] {processor.py:756} INFO - Processing file /home/airflow/.local/lib/python3.7/site-packages/airflow/example_dags/example_branch_day_of_week_operator.py for tasks to queue
[2023-11-02T17:04:16.662+0000] {logging_mixin.py:120} INFO - [2023-11-02T17:04:16.662+0000] {dagbag.py:537} INFO - Filling up the DagBag from /home/airflow/.local/lib/python3.7/site-packages/airflow/example_dags/example_branch_day_of_week_operator.py
[2023-11-02T17:04:16.679+0000] {processor.py:766} INFO - DAG(s) dict_keys(['example_weekday_branch_operator']) retrieved from /home/airflow/.local/lib/python3.7/site-packages/airflow/example_dags/example_branch_day_of_week_operator.py
[2023-11-02T17:04:16.723+0000] {logging_mixin.py:120} INFO - [2023-11-02T17:04:16.722+0000] {dag.py:2585} INFO - Sync 1 DAGs
[2023-11-02T17:04:16.756+0000] {logging_mixin.py:120} INFO - [2023-11-02T17:04:16.756+0000] {dag.py:3340} INFO - Setting next_dagrun for example_weekday_branch_operator to 2023-11-01T00:00:00+00:00, run_after=2023-11-02T00:00:00+00:00
[2023-11-02T17:04:16.785+0000] {processor.py:176} INFO - Processing /home/airflow/.local/lib/python3.7/site-packages/airflow/example_dags/example_branch_day_of_week_operator.py took 0.128 seconds
[2023-11-02T17:04:47.021+0000] {processor.py:154} INFO - Started process (PID=418) to work on /home/airflow/.local/lib/python3.7/site-packages/airflow/example_dags/example_branch_day_of_week_operator.py
[2023-11-02T17:04:47.022+0000] {processor.py:756} INFO - Processing file /home/airflow/.local/lib/python3.7/site-packages/airflow/example_dags/example_branch_day_of_week_operator.py for tasks to queue
[2023-11-02T17:04:47.023+0000] {logging_mixin.py:120} INFO - [2023-11-02T17:04:47.023+0000] {dagbag.py:537} INFO - Filling up the DagBag from /home/airflow/.local/lib/python3.7/site-packages/airflow/example_dags/example_branch_day_of_week_operator.py
[2023-11-02T17:04:47.039+0000] {processor.py:766} INFO - DAG(s) dict_keys(['example_weekday_branch_operator']) retrieved from /home/airflow/.local/lib/python3.7/site-packages/airflow/example_dags/example_branch_day_of_week_operator.py
[2023-11-02T17:04:47.082+0000] {logging_mixin.py:120} INFO - [2023-11-02T17:04:47.082+0000] {dag.py:2585} INFO - Sync 1 DAGs
[2023-11-02T17:04:47.115+0000] {logging_mixin.py:120} INFO - [2023-11-02T17:04:47.115+0000] {dag.py:3340} INFO - Setting next_dagrun for example_weekday_branch_operator to 2023-11-01T00:00:00+00:00, run_after=2023-11-02T00:00:00+00:00
[2023-11-02T17:04:47.145+0000] {processor.py:176} INFO - Processing /home/airflow/.local/lib/python3.7/site-packages/airflow/example_dags/example_branch_day_of_week_operator.py took 0.127 seconds
[2023-11-02T17:05:17.629+0000] {processor.py:154} INFO - Started process (PID=494) to work on /home/airflow/.local/lib/python3.7/site-packages/airflow/example_dags/example_branch_day_of_week_operator.py
[2023-11-02T17:05:17.630+0000] {processor.py:756} INFO - Processing file /home/airflow/.local/lib/python3.7/site-packages/airflow/example_dags/example_branch_day_of_week_operator.py for tasks to queue
[2023-11-02T17:05:17.631+0000] {logging_mixin.py:120} INFO - [2023-11-02T17:05:17.631+0000] {dagbag.py:537} INFO - Filling up the DagBag from /home/airflow/.local/lib/python3.7/site-packages/airflow/example_dags/example_branch_day_of_week_operator.py
[2023-11-02T17:05:17.648+0000] {processor.py:766} INFO - DAG(s) dict_keys(['example_weekday_branch_operator']) retrieved from /home/airflow/.local/lib/python3.7/site-packages/airflow/example_dags/example_branch_day_of_week_operator.py
[2023-11-02T17:05:17.700+0000] {logging_mixin.py:120} INFO - [2023-11-02T17:05:17.700+0000] {dag.py:2585} INFO - Sync 1 DAGs
[2023-11-02T17:05:17.735+0000] {logging_mixin.py:120} INFO - [2023-11-02T17:05:17.734+0000] {dag.py:3340} INFO - Setting next_dagrun for example_weekday_branch_operator to 2023-11-01T00:00:00+00:00, run_after=2023-11-02T00:00:00+00:00
[2023-11-02T17:05:17.765+0000] {processor.py:176} INFO - Processing /home/airflow/.local/lib/python3.7/site-packages/airflow/example_dags/example_branch_day_of_week_operator.py took 0.139 seconds
[2023-11-02T17:05:48.381+0000] {processor.py:154} INFO - Started process (PID=560) to work on /home/airflow/.local/lib/python3.7/site-packages/airflow/example_dags/example_branch_day_of_week_operator.py
[2023-11-02T17:05:48.382+0000] {processor.py:756} INFO - Processing file /home/airflow/.local/lib/python3.7/site-packages/airflow/example_dags/example_branch_day_of_week_operator.py for tasks to queue
[2023-11-02T17:05:48.384+0000] {logging_mixin.py:120} INFO - [2023-11-02T17:05:48.383+0000] {dagbag.py:537} INFO - Filling up the DagBag from /home/airflow/.local/lib/python3.7/site-packages/airflow/example_dags/example_branch_day_of_week_operator.py
[2023-11-02T17:05:48.400+0000] {processor.py:766} INFO - DAG(s) dict_keys(['example_weekday_branch_operator']) retrieved from /home/airflow/.local/lib/python3.7/site-packages/airflow/example_dags/example_branch_day_of_week_operator.py
[2023-11-02T17:05:48.451+0000] {logging_mixin.py:120} INFO - [2023-11-02T17:05:48.451+0000] {dag.py:2585} INFO - Sync 1 DAGs
[2023-11-02T17:05:48.487+0000] {logging_mixin.py:120} INFO - [2023-11-02T17:05:48.487+0000] {dag.py:3340} INFO - Setting next_dagrun for example_weekday_branch_operator to 2023-11-01T00:00:00+00:00, run_after=2023-11-02T00:00:00+00:00
[2023-11-02T17:05:48.527+0000] {processor.py:176} INFO - Processing /home/airflow/.local/lib/python3.7/site-packages/airflow/example_dags/example_branch_day_of_week_operator.py took 0.148 seconds
