[2023-11-02T17:02:15.989+0000] {processor.py:154} INFO - Started process (PID=75) to work on /home/airflow/.local/lib/python3.7/site-packages/airflow/example_dags/example_dag_decorator.py
[2023-11-02T17:02:15.993+0000] {processor.py:756} INFO - Processing file /home/airflow/.local/lib/python3.7/site-packages/airflow/example_dags/example_dag_decorator.py for tasks to queue
[2023-11-02T17:02:15.994+0000] {logging_mixin.py:120} INFO - [2023-11-02T17:02:15.994+0000] {dagbag.py:537} INFO - Filling up the DagBag from /home/airflow/.local/lib/python3.7/site-packages/airflow/example_dags/example_dag_decorator.py
[2023-11-02T17:02:16.030+0000] {logging_mixin.py:120} INFO - [2023-11-02T17:02:16.030+0000] {taskmixin.py:205} WARNING - Dependency <Task(_PythonDecoratedOperator): prepare_email>, send_email already registered for DAG: example_dag_decorator
[2023-11-02T17:02:16.031+0000] {logging_mixin.py:120} INFO - [2023-11-02T17:02:16.031+0000] {taskmixin.py:205} WARNING - Dependency <Task(EmailOperator): send_email>, prepare_email already registered for DAG: example_dag_decorator
[2023-11-02T17:02:16.053+0000] {processor.py:766} INFO - DAG(s) dict_keys(['example_dag_decorator']) retrieved from /home/airflow/.local/lib/python3.7/site-packages/airflow/example_dags/example_dag_decorator.py
[2023-11-02T17:02:16.157+0000] {logging_mixin.py:120} INFO - [2023-11-02T17:02:16.157+0000] {dag.py:2585} INFO - Sync 1 DAGs
[2023-11-02T17:02:16.187+0000] {logging_mixin.py:120} INFO - [2023-11-02T17:02:16.187+0000] {dag.py:3340} INFO - Setting next_dagrun for example_dag_decorator to None, run_after=None
[2023-11-02T17:02:16.223+0000] {processor.py:176} INFO - Processing /home/airflow/.local/lib/python3.7/site-packages/airflow/example_dags/example_dag_decorator.py took 0.237 seconds
[2023-11-02T17:02:47.032+0000] {processor.py:154} INFO - Started process (PID=151) to work on /home/airflow/.local/lib/python3.7/site-packages/airflow/example_dags/example_dag_decorator.py
[2023-11-02T17:02:47.033+0000] {processor.py:756} INFO - Processing file /home/airflow/.local/lib/python3.7/site-packages/airflow/example_dags/example_dag_decorator.py for tasks to queue
[2023-11-02T17:02:47.034+0000] {logging_mixin.py:120} INFO - [2023-11-02T17:02:47.034+0000] {dagbag.py:537} INFO - Filling up the DagBag from /home/airflow/.local/lib/python3.7/site-packages/airflow/example_dags/example_dag_decorator.py
[2023-11-02T17:02:47.051+0000] {logging_mixin.py:120} INFO - [2023-11-02T17:02:47.051+0000] {taskmixin.py:205} WARNING - Dependency <Task(_PythonDecoratedOperator): prepare_email>, send_email already registered for DAG: example_dag_decorator
[2023-11-02T17:02:47.052+0000] {logging_mixin.py:120} INFO - [2023-11-02T17:02:47.052+0000] {taskmixin.py:205} WARNING - Dependency <Task(EmailOperator): send_email>, prepare_email already registered for DAG: example_dag_decorator
[2023-11-02T17:02:47.066+0000] {processor.py:766} INFO - DAG(s) dict_keys(['example_dag_decorator']) retrieved from /home/airflow/.local/lib/python3.7/site-packages/airflow/example_dags/example_dag_decorator.py
[2023-11-02T17:02:47.165+0000] {logging_mixin.py:120} INFO - [2023-11-02T17:02:47.165+0000] {dag.py:2585} INFO - Sync 1 DAGs
[2023-11-02T17:02:47.197+0000] {logging_mixin.py:120} INFO - [2023-11-02T17:02:47.197+0000] {dag.py:3340} INFO - Setting next_dagrun for example_dag_decorator to None, run_after=None
[2023-11-02T17:02:47.227+0000] {processor.py:176} INFO - Processing /home/airflow/.local/lib/python3.7/site-packages/airflow/example_dags/example_dag_decorator.py took 0.197 seconds
[2023-11-02T17:03:18.173+0000] {processor.py:154} INFO - Started process (PID=218) to work on /home/airflow/.local/lib/python3.7/site-packages/airflow/example_dags/example_dag_decorator.py
[2023-11-02T17:03:18.174+0000] {processor.py:756} INFO - Processing file /home/airflow/.local/lib/python3.7/site-packages/airflow/example_dags/example_dag_decorator.py for tasks to queue
[2023-11-02T17:03:18.175+0000] {logging_mixin.py:120} INFO - [2023-11-02T17:03:18.175+0000] {dagbag.py:537} INFO - Filling up the DagBag from /home/airflow/.local/lib/python3.7/site-packages/airflow/example_dags/example_dag_decorator.py
[2023-11-02T17:03:18.197+0000] {logging_mixin.py:120} INFO - [2023-11-02T17:03:18.196+0000] {taskmixin.py:205} WARNING - Dependency <Task(_PythonDecoratedOperator): prepare_email>, send_email already registered for DAG: example_dag_decorator
[2023-11-02T17:03:18.198+0000] {logging_mixin.py:120} INFO - [2023-11-02T17:03:18.198+0000] {taskmixin.py:205} WARNING - Dependency <Task(EmailOperator): send_email>, prepare_email already registered for DAG: example_dag_decorator
[2023-11-02T17:03:18.217+0000] {processor.py:766} INFO - DAG(s) dict_keys(['example_dag_decorator']) retrieved from /home/airflow/.local/lib/python3.7/site-packages/airflow/example_dags/example_dag_decorator.py
[2023-11-02T17:03:18.455+0000] {logging_mixin.py:120} INFO - [2023-11-02T17:03:18.454+0000] {dag.py:2585} INFO - Sync 1 DAGs
[2023-11-02T17:03:18.535+0000] {logging_mixin.py:120} INFO - [2023-11-02T17:03:18.533+0000] {dag.py:3340} INFO - Setting next_dagrun for example_dag_decorator to None, run_after=None
[2023-11-02T17:03:18.585+0000] {processor.py:176} INFO - Processing /home/airflow/.local/lib/python3.7/site-packages/airflow/example_dags/example_dag_decorator.py took 0.415 seconds
[2023-11-02T17:03:48.650+0000] {processor.py:154} INFO - Started process (PID=294) to work on /home/airflow/.local/lib/python3.7/site-packages/airflow/example_dags/example_dag_decorator.py
[2023-11-02T17:03:48.651+0000] {processor.py:756} INFO - Processing file /home/airflow/.local/lib/python3.7/site-packages/airflow/example_dags/example_dag_decorator.py for tasks to queue
[2023-11-02T17:03:48.652+0000] {logging_mixin.py:120} INFO - [2023-11-02T17:03:48.652+0000] {dagbag.py:537} INFO - Filling up the DagBag from /home/airflow/.local/lib/python3.7/site-packages/airflow/example_dags/example_dag_decorator.py
[2023-11-02T17:03:48.668+0000] {logging_mixin.py:120} INFO - [2023-11-02T17:03:48.668+0000] {taskmixin.py:205} WARNING - Dependency <Task(_PythonDecoratedOperator): prepare_email>, send_email already registered for DAG: example_dag_decorator
[2023-11-02T17:03:48.669+0000] {logging_mixin.py:120} INFO - [2023-11-02T17:03:48.669+0000] {taskmixin.py:205} WARNING - Dependency <Task(EmailOperator): send_email>, prepare_email already registered for DAG: example_dag_decorator
[2023-11-02T17:03:48.683+0000] {processor.py:766} INFO - DAG(s) dict_keys(['example_dag_decorator']) retrieved from /home/airflow/.local/lib/python3.7/site-packages/airflow/example_dags/example_dag_decorator.py
[2023-11-02T17:03:48.779+0000] {logging_mixin.py:120} INFO - [2023-11-02T17:03:48.779+0000] {dag.py:2585} INFO - Sync 1 DAGs
[2023-11-02T17:03:48.809+0000] {logging_mixin.py:120} INFO - [2023-11-02T17:03:48.809+0000] {dag.py:3340} INFO - Setting next_dagrun for example_dag_decorator to None, run_after=None
[2023-11-02T17:03:48.834+0000] {processor.py:176} INFO - Processing /home/airflow/.local/lib/python3.7/site-packages/airflow/example_dags/example_dag_decorator.py took 0.187 seconds
[2023-11-02T17:04:19.351+0000] {processor.py:154} INFO - Started process (PID=371) to work on /home/airflow/.local/lib/python3.7/site-packages/airflow/example_dags/example_dag_decorator.py
[2023-11-02T17:04:19.352+0000] {processor.py:756} INFO - Processing file /home/airflow/.local/lib/python3.7/site-packages/airflow/example_dags/example_dag_decorator.py for tasks to queue
[2023-11-02T17:04:19.353+0000] {logging_mixin.py:120} INFO - [2023-11-02T17:04:19.353+0000] {dagbag.py:537} INFO - Filling up the DagBag from /home/airflow/.local/lib/python3.7/site-packages/airflow/example_dags/example_dag_decorator.py
[2023-11-02T17:04:19.371+0000] {logging_mixin.py:120} INFO - [2023-11-02T17:04:19.371+0000] {taskmixin.py:205} WARNING - Dependency <Task(_PythonDecoratedOperator): prepare_email>, send_email already registered for DAG: example_dag_decorator
[2023-11-02T17:04:19.372+0000] {logging_mixin.py:120} INFO - [2023-11-02T17:04:19.372+0000] {taskmixin.py:205} WARNING - Dependency <Task(EmailOperator): send_email>, prepare_email already registered for DAG: example_dag_decorator
[2023-11-02T17:04:19.386+0000] {processor.py:766} INFO - DAG(s) dict_keys(['example_dag_decorator']) retrieved from /home/airflow/.local/lib/python3.7/site-packages/airflow/example_dags/example_dag_decorator.py
[2023-11-02T17:04:19.485+0000] {logging_mixin.py:120} INFO - [2023-11-02T17:04:19.485+0000] {dag.py:2585} INFO - Sync 1 DAGs
[2023-11-02T17:04:19.513+0000] {logging_mixin.py:120} INFO - [2023-11-02T17:04:19.512+0000] {dag.py:3340} INFO - Setting next_dagrun for example_dag_decorator to None, run_after=None
[2023-11-02T17:04:19.546+0000] {processor.py:176} INFO - Processing /home/airflow/.local/lib/python3.7/site-packages/airflow/example_dags/example_dag_decorator.py took 0.199 seconds
[2023-11-02T17:04:50.369+0000] {processor.py:154} INFO - Started process (PID=438) to work on /home/airflow/.local/lib/python3.7/site-packages/airflow/example_dags/example_dag_decorator.py
[2023-11-02T17:04:50.370+0000] {processor.py:756} INFO - Processing file /home/airflow/.local/lib/python3.7/site-packages/airflow/example_dags/example_dag_decorator.py for tasks to queue
[2023-11-02T17:04:50.372+0000] {logging_mixin.py:120} INFO - [2023-11-02T17:04:50.371+0000] {dagbag.py:537} INFO - Filling up the DagBag from /home/airflow/.local/lib/python3.7/site-packages/airflow/example_dags/example_dag_decorator.py
[2023-11-02T17:04:50.387+0000] {logging_mixin.py:120} INFO - [2023-11-02T17:04:50.387+0000] {taskmixin.py:205} WARNING - Dependency <Task(_PythonDecoratedOperator): prepare_email>, send_email already registered for DAG: example_dag_decorator
[2023-11-02T17:04:50.388+0000] {logging_mixin.py:120} INFO - [2023-11-02T17:04:50.388+0000] {taskmixin.py:205} WARNING - Dependency <Task(EmailOperator): send_email>, prepare_email already registered for DAG: example_dag_decorator
[2023-11-02T17:04:50.402+0000] {processor.py:766} INFO - DAG(s) dict_keys(['example_dag_decorator']) retrieved from /home/airflow/.local/lib/python3.7/site-packages/airflow/example_dags/example_dag_decorator.py
[2023-11-02T17:04:50.504+0000] {logging_mixin.py:120} INFO - [2023-11-02T17:04:50.504+0000] {dag.py:2585} INFO - Sync 1 DAGs
[2023-11-02T17:04:50.538+0000] {logging_mixin.py:120} INFO - [2023-11-02T17:04:50.538+0000] {dag.py:3340} INFO - Setting next_dagrun for example_dag_decorator to None, run_after=None
[2023-11-02T17:04:50.567+0000] {processor.py:176} INFO - Processing /home/airflow/.local/lib/python3.7/site-packages/airflow/example_dags/example_dag_decorator.py took 0.200 seconds
[2023-11-02T17:05:20.834+0000] {processor.py:154} INFO - Started process (PID=514) to work on /home/airflow/.local/lib/python3.7/site-packages/airflow/example_dags/example_dag_decorator.py
[2023-11-02T17:05:20.835+0000] {processor.py:756} INFO - Processing file /home/airflow/.local/lib/python3.7/site-packages/airflow/example_dags/example_dag_decorator.py for tasks to queue
[2023-11-02T17:05:20.836+0000] {logging_mixin.py:120} INFO - [2023-11-02T17:05:20.836+0000] {dagbag.py:537} INFO - Filling up the DagBag from /home/airflow/.local/lib/python3.7/site-packages/airflow/example_dags/example_dag_decorator.py
[2023-11-02T17:05:20.853+0000] {logging_mixin.py:120} INFO - [2023-11-02T17:05:20.853+0000] {taskmixin.py:205} WARNING - Dependency <Task(_PythonDecoratedOperator): prepare_email>, send_email already registered for DAG: example_dag_decorator
[2023-11-02T17:05:20.854+0000] {logging_mixin.py:120} INFO - [2023-11-02T17:05:20.854+0000] {taskmixin.py:205} WARNING - Dependency <Task(EmailOperator): send_email>, prepare_email already registered for DAG: example_dag_decorator
[2023-11-02T17:05:20.871+0000] {processor.py:766} INFO - DAG(s) dict_keys(['example_dag_decorator']) retrieved from /home/airflow/.local/lib/python3.7/site-packages/airflow/example_dags/example_dag_decorator.py
[2023-11-02T17:05:20.972+0000] {logging_mixin.py:120} INFO - [2023-11-02T17:05:20.972+0000] {dag.py:2585} INFO - Sync 1 DAGs
[2023-11-02T17:05:21.004+0000] {logging_mixin.py:120} INFO - [2023-11-02T17:05:21.003+0000] {dag.py:3340} INFO - Setting next_dagrun for example_dag_decorator to None, run_after=None
[2023-11-02T17:05:21.031+0000] {processor.py:176} INFO - Processing /home/airflow/.local/lib/python3.7/site-packages/airflow/example_dags/example_dag_decorator.py took 0.199 seconds
[2023-11-02T17:05:52.136+0000] {processor.py:154} INFO - Started process (PID=589) to work on /home/airflow/.local/lib/python3.7/site-packages/airflow/example_dags/example_dag_decorator.py
[2023-11-02T17:05:52.136+0000] {processor.py:756} INFO - Processing file /home/airflow/.local/lib/python3.7/site-packages/airflow/example_dags/example_dag_decorator.py for tasks to queue
[2023-11-02T17:05:52.138+0000] {logging_mixin.py:120} INFO - [2023-11-02T17:05:52.137+0000] {dagbag.py:537} INFO - Filling up the DagBag from /home/airflow/.local/lib/python3.7/site-packages/airflow/example_dags/example_dag_decorator.py
[2023-11-02T17:05:52.154+0000] {logging_mixin.py:120} INFO - [2023-11-02T17:05:52.153+0000] {taskmixin.py:205} WARNING - Dependency <Task(_PythonDecoratedOperator): prepare_email>, send_email already registered for DAG: example_dag_decorator
[2023-11-02T17:05:52.154+0000] {logging_mixin.py:120} INFO - [2023-11-02T17:05:52.154+0000] {taskmixin.py:205} WARNING - Dependency <Task(EmailOperator): send_email>, prepare_email already registered for DAG: example_dag_decorator
[2023-11-02T17:05:52.167+0000] {processor.py:766} INFO - DAG(s) dict_keys(['example_dag_decorator']) retrieved from /home/airflow/.local/lib/python3.7/site-packages/airflow/example_dags/example_dag_decorator.py
[2023-11-02T17:05:52.267+0000] {logging_mixin.py:120} INFO - [2023-11-02T17:05:52.266+0000] {dag.py:2585} INFO - Sync 1 DAGs
[2023-11-02T17:05:52.297+0000] {logging_mixin.py:120} INFO - [2023-11-02T17:05:52.297+0000] {dag.py:3340} INFO - Setting next_dagrun for example_dag_decorator to None, run_after=None
[2023-11-02T17:05:52.326+0000] {processor.py:176} INFO - Processing /home/airflow/.local/lib/python3.7/site-packages/airflow/example_dags/example_dag_decorator.py took 0.193 seconds
