[2023-11-02T17:02:18.330+0000] {processor.py:154} INFO - Started process (PID=95) to work on /home/airflow/.local/lib/python3.7/site-packages/airflow/example_dags/example_subdag_operator.py
[2023-11-02T17:02:18.336+0000] {processor.py:756} INFO - Processing file /home/airflow/.local/lib/python3.7/site-packages/airflow/example_dags/example_subdag_operator.py for tasks to queue
[2023-11-02T17:02:18.337+0000] {logging_mixin.py:120} INFO - [2023-11-02T17:02:18.337+0000] {dagbag.py:537} INFO - Filling up the DagBag from /home/airflow/.local/lib/python3.7/site-packages/airflow/example_dags/example_subdag_operator.py
[2023-11-02T17:02:18.491+0000] {processor.py:766} INFO - DAG(s) dict_keys(['example_subdag_operator.section-1', 'example_subdag_operator.section-2', 'example_subdag_operator']) retrieved from /home/airflow/.local/lib/python3.7/site-packages/airflow/example_dags/example_subdag_operator.py
[2023-11-02T17:02:19.880+0000] {logging_mixin.py:120} INFO - [2023-11-02T17:02:19.880+0000] {dag.py:2585} INFO - Sync 3 DAGs
[2023-11-02T17:02:19.938+0000] {logging_mixin.py:120} INFO - [2023-11-02T17:02:19.938+0000] {dag.py:3340} INFO - Setting next_dagrun for example_subdag_operator to 2022-01-01T00:00:00+00:00, run_after=2022-01-01T00:00:00+00:00
[2023-11-02T17:02:19.957+0000] {logging_mixin.py:120} INFO - [2023-11-02T17:02:19.957+0000] {dag.py:3340} INFO - Setting next_dagrun for example_subdag_operator.section-1 to None, run_after=None
[2023-11-02T17:02:19.960+0000] {logging_mixin.py:120} INFO - [2023-11-02T17:02:19.960+0000] {dag.py:3340} INFO - Setting next_dagrun for example_subdag_operator.section-2 to None, run_after=None
[2023-11-02T17:02:19.983+0000] {logging_mixin.py:120} INFO - [2023-11-02T17:02:19.983+0000] {dag.py:2585} INFO - Sync 2 DAGs
[2023-11-02T17:02:19.998+0000] {logging_mixin.py:120} INFO - [2023-11-02T17:02:19.997+0000] {dag.py:3340} INFO - Setting next_dagrun for example_subdag_operator.section-1 to None, run_after=None
[2023-11-02T17:02:20.003+0000] {logging_mixin.py:120} INFO - [2023-11-02T17:02:20.002+0000] {dag.py:3340} INFO - Setting next_dagrun for example_subdag_operator.section-2 to None, run_after=None
[2023-11-02T17:02:20.033+0000] {processor.py:176} INFO - Processing /home/airflow/.local/lib/python3.7/site-packages/airflow/example_dags/example_subdag_operator.py took 1.706 seconds
[2023-11-02T17:02:50.221+0000] {processor.py:154} INFO - Started process (PID=161) to work on /home/airflow/.local/lib/python3.7/site-packages/airflow/example_dags/example_subdag_operator.py
[2023-11-02T17:02:50.223+0000] {processor.py:756} INFO - Processing file /home/airflow/.local/lib/python3.7/site-packages/airflow/example_dags/example_subdag_operator.py for tasks to queue
[2023-11-02T17:02:50.224+0000] {logging_mixin.py:120} INFO - [2023-11-02T17:02:50.224+0000] {dagbag.py:537} INFO - Filling up the DagBag from /home/airflow/.local/lib/python3.7/site-packages/airflow/example_dags/example_subdag_operator.py
[2023-11-02T17:02:50.261+0000] {processor.py:766} INFO - DAG(s) dict_keys(['example_subdag_operator.section-1', 'example_subdag_operator.section-2', 'example_subdag_operator']) retrieved from /home/airflow/.local/lib/python3.7/site-packages/airflow/example_dags/example_subdag_operator.py
[2023-11-02T17:02:50.556+0000] {logging_mixin.py:120} INFO - [2023-11-02T17:02:50.556+0000] {dag.py:2585} INFO - Sync 3 DAGs
[2023-11-02T17:02:50.586+0000] {logging_mixin.py:120} INFO - [2023-11-02T17:02:50.586+0000] {dag.py:3340} INFO - Setting next_dagrun for example_subdag_operator to 2022-01-01T00:00:00+00:00, run_after=2022-01-01T00:00:00+00:00
[2023-11-02T17:02:50.591+0000] {logging_mixin.py:120} INFO - [2023-11-02T17:02:50.591+0000] {dag.py:3340} INFO - Setting next_dagrun for example_subdag_operator.section-1 to None, run_after=None
[2023-11-02T17:02:50.593+0000] {logging_mixin.py:120} INFO - [2023-11-02T17:02:50.593+0000] {dag.py:3340} INFO - Setting next_dagrun for example_subdag_operator.section-2 to None, run_after=None
[2023-11-02T17:02:50.603+0000] {logging_mixin.py:120} INFO - [2023-11-02T17:02:50.603+0000] {dag.py:2585} INFO - Sync 2 DAGs
[2023-11-02T17:02:50.611+0000] {logging_mixin.py:120} INFO - [2023-11-02T17:02:50.611+0000] {dag.py:3340} INFO - Setting next_dagrun for example_subdag_operator.section-1 to None, run_after=None
[2023-11-02T17:02:50.612+0000] {logging_mixin.py:120} INFO - [2023-11-02T17:02:50.612+0000] {dag.py:3340} INFO - Setting next_dagrun for example_subdag_operator.section-2 to None, run_after=None
[2023-11-02T17:02:50.628+0000] {processor.py:176} INFO - Processing /home/airflow/.local/lib/python3.7/site-packages/airflow/example_dags/example_subdag_operator.py took 0.409 seconds
[2023-11-02T17:03:20.875+0000] {processor.py:154} INFO - Started process (PID=238) to work on /home/airflow/.local/lib/python3.7/site-packages/airflow/example_dags/example_subdag_operator.py
[2023-11-02T17:03:20.876+0000] {processor.py:756} INFO - Processing file /home/airflow/.local/lib/python3.7/site-packages/airflow/example_dags/example_subdag_operator.py for tasks to queue
[2023-11-02T17:03:20.877+0000] {logging_mixin.py:120} INFO - [2023-11-02T17:03:20.877+0000] {dagbag.py:537} INFO - Filling up the DagBag from /home/airflow/.local/lib/python3.7/site-packages/airflow/example_dags/example_subdag_operator.py
[2023-11-02T17:03:20.917+0000] {processor.py:766} INFO - DAG(s) dict_keys(['example_subdag_operator.section-1', 'example_subdag_operator.section-2', 'example_subdag_operator']) retrieved from /home/airflow/.local/lib/python3.7/site-packages/airflow/example_dags/example_subdag_operator.py
[2023-11-02T17:03:21.265+0000] {logging_mixin.py:120} INFO - [2023-11-02T17:03:21.265+0000] {dag.py:2585} INFO - Sync 3 DAGs
[2023-11-02T17:03:21.305+0000] {logging_mixin.py:120} INFO - [2023-11-02T17:03:21.305+0000] {dag.py:3340} INFO - Setting next_dagrun for example_subdag_operator to 2022-01-01T00:00:00+00:00, run_after=2022-01-01T00:00:00+00:00
[2023-11-02T17:03:21.309+0000] {logging_mixin.py:120} INFO - [2023-11-02T17:03:21.309+0000] {dag.py:3340} INFO - Setting next_dagrun for example_subdag_operator.section-1 to None, run_after=None
[2023-11-02T17:03:21.313+0000] {logging_mixin.py:120} INFO - [2023-11-02T17:03:21.312+0000] {dag.py:3340} INFO - Setting next_dagrun for example_subdag_operator.section-2 to None, run_after=None
[2023-11-02T17:03:21.323+0000] {logging_mixin.py:120} INFO - [2023-11-02T17:03:21.323+0000] {dag.py:2585} INFO - Sync 2 DAGs
[2023-11-02T17:03:21.333+0000] {logging_mixin.py:120} INFO - [2023-11-02T17:03:21.333+0000] {dag.py:3340} INFO - Setting next_dagrun for example_subdag_operator.section-1 to None, run_after=None
[2023-11-02T17:03:21.334+0000] {logging_mixin.py:120} INFO - [2023-11-02T17:03:21.334+0000] {dag.py:3340} INFO - Setting next_dagrun for example_subdag_operator.section-2 to None, run_after=None
[2023-11-02T17:03:21.354+0000] {processor.py:176} INFO - Processing /home/airflow/.local/lib/python3.7/site-packages/airflow/example_dags/example_subdag_operator.py took 0.483 seconds
[2023-11-02T17:03:52.355+0000] {processor.py:154} INFO - Started process (PID=308) to work on /home/airflow/.local/lib/python3.7/site-packages/airflow/example_dags/example_subdag_operator.py
[2023-11-02T17:03:52.356+0000] {processor.py:756} INFO - Processing file /home/airflow/.local/lib/python3.7/site-packages/airflow/example_dags/example_subdag_operator.py for tasks to queue
[2023-11-02T17:03:52.357+0000] {logging_mixin.py:120} INFO - [2023-11-02T17:03:52.357+0000] {dagbag.py:537} INFO - Filling up the DagBag from /home/airflow/.local/lib/python3.7/site-packages/airflow/example_dags/example_subdag_operator.py
[2023-11-02T17:03:52.395+0000] {processor.py:766} INFO - DAG(s) dict_keys(['example_subdag_operator.section-1', 'example_subdag_operator.section-2', 'example_subdag_operator']) retrieved from /home/airflow/.local/lib/python3.7/site-packages/airflow/example_dags/example_subdag_operator.py
[2023-11-02T17:03:52.633+0000] {logging_mixin.py:120} INFO - [2023-11-02T17:03:52.633+0000] {dag.py:2585} INFO - Sync 3 DAGs
[2023-11-02T17:03:52.664+0000] {logging_mixin.py:120} INFO - [2023-11-02T17:03:52.664+0000] {dag.py:3340} INFO - Setting next_dagrun for example_subdag_operator to 2022-01-01T00:00:00+00:00, run_after=2022-01-01T00:00:00+00:00
[2023-11-02T17:03:52.669+0000] {logging_mixin.py:120} INFO - [2023-11-02T17:03:52.668+0000] {dag.py:3340} INFO - Setting next_dagrun for example_subdag_operator.section-1 to None, run_after=None
[2023-11-02T17:03:52.671+0000] {logging_mixin.py:120} INFO - [2023-11-02T17:03:52.671+0000] {dag.py:3340} INFO - Setting next_dagrun for example_subdag_operator.section-2 to None, run_after=None
[2023-11-02T17:03:52.681+0000] {logging_mixin.py:120} INFO - [2023-11-02T17:03:52.680+0000] {dag.py:2585} INFO - Sync 2 DAGs
[2023-11-02T17:03:52.688+0000] {logging_mixin.py:120} INFO - [2023-11-02T17:03:52.688+0000] {dag.py:3340} INFO - Setting next_dagrun for example_subdag_operator.section-1 to None, run_after=None
[2023-11-02T17:03:52.689+0000] {logging_mixin.py:120} INFO - [2023-11-02T17:03:52.689+0000] {dag.py:3340} INFO - Setting next_dagrun for example_subdag_operator.section-2 to None, run_after=None
[2023-11-02T17:03:52.708+0000] {processor.py:176} INFO - Processing /home/airflow/.local/lib/python3.7/site-packages/airflow/example_dags/example_subdag_operator.py took 0.355 seconds
[2023-11-02T17:04:23.600+0000] {processor.py:154} INFO - Started process (PID=385) to work on /home/airflow/.local/lib/python3.7/site-packages/airflow/example_dags/example_subdag_operator.py
[2023-11-02T17:04:23.601+0000] {processor.py:756} INFO - Processing file /home/airflow/.local/lib/python3.7/site-packages/airflow/example_dags/example_subdag_operator.py for tasks to queue
[2023-11-02T17:04:23.602+0000] {logging_mixin.py:120} INFO - [2023-11-02T17:04:23.602+0000] {dagbag.py:537} INFO - Filling up the DagBag from /home/airflow/.local/lib/python3.7/site-packages/airflow/example_dags/example_subdag_operator.py
[2023-11-02T17:04:23.635+0000] {processor.py:766} INFO - DAG(s) dict_keys(['example_subdag_operator.section-1', 'example_subdag_operator.section-2', 'example_subdag_operator']) retrieved from /home/airflow/.local/lib/python3.7/site-packages/airflow/example_dags/example_subdag_operator.py
[2023-11-02T17:04:23.865+0000] {logging_mixin.py:120} INFO - [2023-11-02T17:04:23.865+0000] {dag.py:2585} INFO - Sync 3 DAGs
[2023-11-02T17:04:23.895+0000] {logging_mixin.py:120} INFO - [2023-11-02T17:04:23.895+0000] {dag.py:3340} INFO - Setting next_dagrun for example_subdag_operator to 2022-01-01T00:00:00+00:00, run_after=2022-01-01T00:00:00+00:00
[2023-11-02T17:04:23.900+0000] {logging_mixin.py:120} INFO - [2023-11-02T17:04:23.899+0000] {dag.py:3340} INFO - Setting next_dagrun for example_subdag_operator.section-1 to None, run_after=None
[2023-11-02T17:04:23.902+0000] {logging_mixin.py:120} INFO - [2023-11-02T17:04:23.902+0000] {dag.py:3340} INFO - Setting next_dagrun for example_subdag_operator.section-2 to None, run_after=None
[2023-11-02T17:04:23.911+0000] {logging_mixin.py:120} INFO - [2023-11-02T17:04:23.910+0000] {dag.py:2585} INFO - Sync 2 DAGs
[2023-11-02T17:04:23.918+0000] {logging_mixin.py:120} INFO - [2023-11-02T17:04:23.918+0000] {dag.py:3340} INFO - Setting next_dagrun for example_subdag_operator.section-1 to None, run_after=None
[2023-11-02T17:04:23.920+0000] {logging_mixin.py:120} INFO - [2023-11-02T17:04:23.919+0000] {dag.py:3340} INFO - Setting next_dagrun for example_subdag_operator.section-2 to None, run_after=None
[2023-11-02T17:04:23.937+0000] {processor.py:176} INFO - Processing /home/airflow/.local/lib/python3.7/site-packages/airflow/example_dags/example_subdag_operator.py took 0.339 seconds
[2023-11-02T17:04:54.626+0000] {processor.py:154} INFO - Started process (PID=461) to work on /home/airflow/.local/lib/python3.7/site-packages/airflow/example_dags/example_subdag_operator.py
[2023-11-02T17:04:54.628+0000] {processor.py:756} INFO - Processing file /home/airflow/.local/lib/python3.7/site-packages/airflow/example_dags/example_subdag_operator.py for tasks to queue
[2023-11-02T17:04:54.629+0000] {logging_mixin.py:120} INFO - [2023-11-02T17:04:54.629+0000] {dagbag.py:537} INFO - Filling up the DagBag from /home/airflow/.local/lib/python3.7/site-packages/airflow/example_dags/example_subdag_operator.py
[2023-11-02T17:04:54.666+0000] {processor.py:766} INFO - DAG(s) dict_keys(['example_subdag_operator.section-1', 'example_subdag_operator.section-2', 'example_subdag_operator']) retrieved from /home/airflow/.local/lib/python3.7/site-packages/airflow/example_dags/example_subdag_operator.py
[2023-11-02T17:04:54.900+0000] {logging_mixin.py:120} INFO - [2023-11-02T17:04:54.900+0000] {dag.py:2585} INFO - Sync 3 DAGs
[2023-11-02T17:04:54.933+0000] {logging_mixin.py:120} INFO - [2023-11-02T17:04:54.933+0000] {dag.py:3340} INFO - Setting next_dagrun for example_subdag_operator to 2022-01-01T00:00:00+00:00, run_after=2022-01-01T00:00:00+00:00
[2023-11-02T17:04:54.938+0000] {logging_mixin.py:120} INFO - [2023-11-02T17:04:54.938+0000] {dag.py:3340} INFO - Setting next_dagrun for example_subdag_operator.section-1 to None, run_after=None
[2023-11-02T17:04:54.941+0000] {logging_mixin.py:120} INFO - [2023-11-02T17:04:54.941+0000] {dag.py:3340} INFO - Setting next_dagrun for example_subdag_operator.section-2 to None, run_after=None
[2023-11-02T17:04:54.951+0000] {logging_mixin.py:120} INFO - [2023-11-02T17:04:54.951+0000] {dag.py:2585} INFO - Sync 2 DAGs
[2023-11-02T17:04:54.959+0000] {logging_mixin.py:120} INFO - [2023-11-02T17:04:54.959+0000] {dag.py:3340} INFO - Setting next_dagrun for example_subdag_operator.section-1 to None, run_after=None
[2023-11-02T17:04:54.960+0000] {logging_mixin.py:120} INFO - [2023-11-02T17:04:54.960+0000] {dag.py:3340} INFO - Setting next_dagrun for example_subdag_operator.section-2 to None, run_after=None
[2023-11-02T17:04:54.977+0000] {processor.py:176} INFO - Processing /home/airflow/.local/lib/python3.7/site-packages/airflow/example_dags/example_subdag_operator.py took 0.353 seconds
[2023-11-02T17:05:25.991+0000] {processor.py:154} INFO - Started process (PID=528) to work on /home/airflow/.local/lib/python3.7/site-packages/airflow/example_dags/example_subdag_operator.py
[2023-11-02T17:05:25.993+0000] {processor.py:756} INFO - Processing file /home/airflow/.local/lib/python3.7/site-packages/airflow/example_dags/example_subdag_operator.py for tasks to queue
[2023-11-02T17:05:25.995+0000] {logging_mixin.py:120} INFO - [2023-11-02T17:05:25.995+0000] {dagbag.py:537} INFO - Filling up the DagBag from /home/airflow/.local/lib/python3.7/site-packages/airflow/example_dags/example_subdag_operator.py
[2023-11-02T17:05:26.029+0000] {processor.py:766} INFO - DAG(s) dict_keys(['example_subdag_operator.section-1', 'example_subdag_operator.section-2', 'example_subdag_operator']) retrieved from /home/airflow/.local/lib/python3.7/site-packages/airflow/example_dags/example_subdag_operator.py
[2023-11-02T17:05:26.255+0000] {logging_mixin.py:120} INFO - [2023-11-02T17:05:26.255+0000] {dag.py:2585} INFO - Sync 3 DAGs
[2023-11-02T17:05:26.290+0000] {logging_mixin.py:120} INFO - [2023-11-02T17:05:26.289+0000] {dag.py:3340} INFO - Setting next_dagrun for example_subdag_operator to 2022-01-01T00:00:00+00:00, run_after=2022-01-01T00:00:00+00:00
[2023-11-02T17:05:26.295+0000] {logging_mixin.py:120} INFO - [2023-11-02T17:05:26.294+0000] {dag.py:3340} INFO - Setting next_dagrun for example_subdag_operator.section-1 to None, run_after=None
[2023-11-02T17:05:26.297+0000] {logging_mixin.py:120} INFO - [2023-11-02T17:05:26.297+0000] {dag.py:3340} INFO - Setting next_dagrun for example_subdag_operator.section-2 to None, run_after=None
[2023-11-02T17:05:26.307+0000] {logging_mixin.py:120} INFO - [2023-11-02T17:05:26.307+0000] {dag.py:2585} INFO - Sync 2 DAGs
[2023-11-02T17:05:26.318+0000] {logging_mixin.py:120} INFO - [2023-11-02T17:05:26.318+0000] {dag.py:3340} INFO - Setting next_dagrun for example_subdag_operator.section-1 to None, run_after=None
[2023-11-02T17:05:26.319+0000] {logging_mixin.py:120} INFO - [2023-11-02T17:05:26.319+0000] {dag.py:3340} INFO - Setting next_dagrun for example_subdag_operator.section-2 to None, run_after=None
[2023-11-02T17:05:26.337+0000] {processor.py:176} INFO - Processing /home/airflow/.local/lib/python3.7/site-packages/airflow/example_dags/example_subdag_operator.py took 0.348 seconds
[2023-11-02T17:05:57.362+0000] {processor.py:154} INFO - Started process (PID=603) to work on /home/airflow/.local/lib/python3.7/site-packages/airflow/example_dags/example_subdag_operator.py
[2023-11-02T17:05:57.363+0000] {processor.py:756} INFO - Processing file /home/airflow/.local/lib/python3.7/site-packages/airflow/example_dags/example_subdag_operator.py for tasks to queue
[2023-11-02T17:05:57.365+0000] {logging_mixin.py:120} INFO - [2023-11-02T17:05:57.365+0000] {dagbag.py:537} INFO - Filling up the DagBag from /home/airflow/.local/lib/python3.7/site-packages/airflow/example_dags/example_subdag_operator.py
[2023-11-02T17:05:57.400+0000] {processor.py:766} INFO - DAG(s) dict_keys(['example_subdag_operator.section-1', 'example_subdag_operator.section-2', 'example_subdag_operator']) retrieved from /home/airflow/.local/lib/python3.7/site-packages/airflow/example_dags/example_subdag_operator.py
[2023-11-02T17:05:57.640+0000] {logging_mixin.py:120} INFO - [2023-11-02T17:05:57.640+0000] {dag.py:2585} INFO - Sync 3 DAGs
[2023-11-02T17:05:57.675+0000] {logging_mixin.py:120} INFO - [2023-11-02T17:05:57.674+0000] {dag.py:3340} INFO - Setting next_dagrun for example_subdag_operator to 2022-01-01T00:00:00+00:00, run_after=2022-01-01T00:00:00+00:00
[2023-11-02T17:05:57.680+0000] {logging_mixin.py:120} INFO - [2023-11-02T17:05:57.679+0000] {dag.py:3340} INFO - Setting next_dagrun for example_subdag_operator.section-1 to None, run_after=None
[2023-11-02T17:05:57.682+0000] {logging_mixin.py:120} INFO - [2023-11-02T17:05:57.682+0000] {dag.py:3340} INFO - Setting next_dagrun for example_subdag_operator.section-2 to None, run_after=None
[2023-11-02T17:05:57.691+0000] {logging_mixin.py:120} INFO - [2023-11-02T17:05:57.691+0000] {dag.py:2585} INFO - Sync 2 DAGs
[2023-11-02T17:05:57.699+0000] {logging_mixin.py:120} INFO - [2023-11-02T17:05:57.699+0000] {dag.py:3340} INFO - Setting next_dagrun for example_subdag_operator.section-1 to None, run_after=None
[2023-11-02T17:05:57.700+0000] {logging_mixin.py:120} INFO - [2023-11-02T17:05:57.700+0000] {dag.py:3340} INFO - Setting next_dagrun for example_subdag_operator.section-2 to None, run_after=None
[2023-11-02T17:05:57.716+0000] {processor.py:176} INFO - Processing /home/airflow/.local/lib/python3.7/site-packages/airflow/example_dags/example_subdag_operator.py took 0.357 seconds
