[2023-11-02T17:02:13.086+0000] {processor.py:154} INFO - Started process (PID=56) to work on /home/airflow/.local/lib/python3.7/site-packages/airflow/example_dags/example_short_circuit_operator.py
[2023-11-02T17:02:13.087+0000] {processor.py:756} INFO - Processing file /home/airflow/.local/lib/python3.7/site-packages/airflow/example_dags/example_short_circuit_operator.py for tasks to queue
[2023-11-02T17:02:13.088+0000] {logging_mixin.py:120} INFO - [2023-11-02T17:02:13.088+0000] {dagbag.py:537} INFO - Filling up the DagBag from /home/airflow/.local/lib/python3.7/site-packages/airflow/example_dags/example_short_circuit_operator.py
[2023-11-02T17:02:13.110+0000] {processor.py:766} INFO - DAG(s) dict_keys(['example_short_circuit_operator']) retrieved from /home/airflow/.local/lib/python3.7/site-packages/airflow/example_dags/example_short_circuit_operator.py
[2023-11-02T17:02:13.159+0000] {logging_mixin.py:120} INFO - [2023-11-02T17:02:13.159+0000] {dag.py:2585} INFO - Sync 1 DAGs
[2023-11-02T17:02:13.192+0000] {logging_mixin.py:120} INFO - [2023-11-02T17:02:13.191+0000] {dag.py:3340} INFO - Setting next_dagrun for example_short_circuit_operator to 2023-11-01T17:02:13.191764+00:00, run_after=2023-11-02T17:02:13.191764+00:00
[2023-11-02T17:02:13.223+0000] {processor.py:176} INFO - Processing /home/airflow/.local/lib/python3.7/site-packages/airflow/example_dags/example_short_circuit_operator.py took 0.140 seconds
[2023-11-02T17:02:44.593+0000] {processor.py:154} INFO - Started process (PID=131) to work on /home/airflow/.local/lib/python3.7/site-packages/airflow/example_dags/example_short_circuit_operator.py
[2023-11-02T17:02:44.595+0000] {processor.py:756} INFO - Processing file /home/airflow/.local/lib/python3.7/site-packages/airflow/example_dags/example_short_circuit_operator.py for tasks to queue
[2023-11-02T17:02:44.596+0000] {logging_mixin.py:120} INFO - [2023-11-02T17:02:44.596+0000] {dagbag.py:537} INFO - Filling up the DagBag from /home/airflow/.local/lib/python3.7/site-packages/airflow/example_dags/example_short_circuit_operator.py
[2023-11-02T17:02:44.627+0000] {processor.py:766} INFO - DAG(s) dict_keys(['example_short_circuit_operator']) retrieved from /home/airflow/.local/lib/python3.7/site-packages/airflow/example_dags/example_short_circuit_operator.py
[2023-11-02T17:02:44.726+0000] {logging_mixin.py:120} INFO - [2023-11-02T17:02:44.725+0000] {dag.py:2585} INFO - Sync 1 DAGs
[2023-11-02T17:02:44.764+0000] {logging_mixin.py:120} INFO - [2023-11-02T17:02:44.764+0000] {dag.py:3340} INFO - Setting next_dagrun for example_short_circuit_operator to 2023-11-01T17:02:44.764416+00:00, run_after=2023-11-02T17:02:44.764416+00:00
[2023-11-02T17:02:44.796+0000] {processor.py:176} INFO - Processing /home/airflow/.local/lib/python3.7/site-packages/airflow/example_dags/example_short_circuit_operator.py took 0.205 seconds
[2023-11-02T17:03:15.756+0000] {processor.py:154} INFO - Started process (PID=199) to work on /home/airflow/.local/lib/python3.7/site-packages/airflow/example_dags/example_short_circuit_operator.py
[2023-11-02T17:03:15.757+0000] {processor.py:756} INFO - Processing file /home/airflow/.local/lib/python3.7/site-packages/airflow/example_dags/example_short_circuit_operator.py for tasks to queue
[2023-11-02T17:03:15.759+0000] {logging_mixin.py:120} INFO - [2023-11-02T17:03:15.758+0000] {dagbag.py:537} INFO - Filling up the DagBag from /home/airflow/.local/lib/python3.7/site-packages/airflow/example_dags/example_short_circuit_operator.py
[2023-11-02T17:03:15.780+0000] {processor.py:766} INFO - DAG(s) dict_keys(['example_short_circuit_operator']) retrieved from /home/airflow/.local/lib/python3.7/site-packages/airflow/example_dags/example_short_circuit_operator.py
[2023-11-02T17:03:15.826+0000] {logging_mixin.py:120} INFO - [2023-11-02T17:03:15.826+0000] {dag.py:2585} INFO - Sync 1 DAGs
[2023-11-02T17:03:15.860+0000] {logging_mixin.py:120} INFO - [2023-11-02T17:03:15.859+0000] {dag.py:3340} INFO - Setting next_dagrun for example_short_circuit_operator to 2023-11-01T17:03:15.859714+00:00, run_after=2023-11-02T17:03:15.859714+00:00
[2023-11-02T17:03:15.889+0000] {processor.py:176} INFO - Processing /home/airflow/.local/lib/python3.7/site-packages/airflow/example_dags/example_short_circuit_operator.py took 0.135 seconds
[2023-11-02T17:03:46.028+0000] {processor.py:154} INFO - Started process (PID=273) to work on /home/airflow/.local/lib/python3.7/site-packages/airflow/example_dags/example_short_circuit_operator.py
[2023-11-02T17:03:46.029+0000] {processor.py:756} INFO - Processing file /home/airflow/.local/lib/python3.7/site-packages/airflow/example_dags/example_short_circuit_operator.py for tasks to queue
[2023-11-02T17:03:46.030+0000] {logging_mixin.py:120} INFO - [2023-11-02T17:03:46.030+0000] {dagbag.py:537} INFO - Filling up the DagBag from /home/airflow/.local/lib/python3.7/site-packages/airflow/example_dags/example_short_circuit_operator.py
[2023-11-02T17:03:46.047+0000] {processor.py:766} INFO - DAG(s) dict_keys(['example_short_circuit_operator']) retrieved from /home/airflow/.local/lib/python3.7/site-packages/airflow/example_dags/example_short_circuit_operator.py
[2023-11-02T17:03:46.093+0000] {logging_mixin.py:120} INFO - [2023-11-02T17:03:46.093+0000] {dag.py:2585} INFO - Sync 1 DAGs
[2023-11-02T17:03:46.124+0000] {logging_mixin.py:120} INFO - [2023-11-02T17:03:46.124+0000] {dag.py:3340} INFO - Setting next_dagrun for example_short_circuit_operator to 2023-11-01T17:03:46.124442+00:00, run_after=2023-11-02T17:03:46.124442+00:00
[2023-11-02T17:03:46.151+0000] {processor.py:176} INFO - Processing /home/airflow/.local/lib/python3.7/site-packages/airflow/example_dags/example_short_circuit_operator.py took 0.125 seconds
[2023-11-02T17:04:16.494+0000] {processor.py:154} INFO - Started process (PID=341) to work on /home/airflow/.local/lib/python3.7/site-packages/airflow/example_dags/example_short_circuit_operator.py
[2023-11-02T17:04:16.495+0000] {processor.py:756} INFO - Processing file /home/airflow/.local/lib/python3.7/site-packages/airflow/example_dags/example_short_circuit_operator.py for tasks to queue
[2023-11-02T17:04:16.496+0000] {logging_mixin.py:120} INFO - [2023-11-02T17:04:16.496+0000] {dagbag.py:537} INFO - Filling up the DagBag from /home/airflow/.local/lib/python3.7/site-packages/airflow/example_dags/example_short_circuit_operator.py
[2023-11-02T17:04:16.512+0000] {processor.py:766} INFO - DAG(s) dict_keys(['example_short_circuit_operator']) retrieved from /home/airflow/.local/lib/python3.7/site-packages/airflow/example_dags/example_short_circuit_operator.py
[2023-11-02T17:04:16.556+0000] {logging_mixin.py:120} INFO - [2023-11-02T17:04:16.556+0000] {dag.py:2585} INFO - Sync 1 DAGs
[2023-11-02T17:04:16.590+0000] {logging_mixin.py:120} INFO - [2023-11-02T17:04:16.590+0000] {dag.py:3340} INFO - Setting next_dagrun for example_short_circuit_operator to 2023-11-01T17:04:16.589807+00:00, run_after=2023-11-02T17:04:16.589807+00:00
[2023-11-02T17:04:16.618+0000] {processor.py:176} INFO - Processing /home/airflow/.local/lib/python3.7/site-packages/airflow/example_dags/example_short_circuit_operator.py took 0.127 seconds
[2023-11-02T17:04:46.868+0000] {processor.py:154} INFO - Started process (PID=417) to work on /home/airflow/.local/lib/python3.7/site-packages/airflow/example_dags/example_short_circuit_operator.py
[2023-11-02T17:04:46.870+0000] {processor.py:756} INFO - Processing file /home/airflow/.local/lib/python3.7/site-packages/airflow/example_dags/example_short_circuit_operator.py for tasks to queue
[2023-11-02T17:04:46.871+0000] {logging_mixin.py:120} INFO - [2023-11-02T17:04:46.871+0000] {dagbag.py:537} INFO - Filling up the DagBag from /home/airflow/.local/lib/python3.7/site-packages/airflow/example_dags/example_short_circuit_operator.py
[2023-11-02T17:04:46.889+0000] {processor.py:766} INFO - DAG(s) dict_keys(['example_short_circuit_operator']) retrieved from /home/airflow/.local/lib/python3.7/site-packages/airflow/example_dags/example_short_circuit_operator.py
[2023-11-02T17:04:46.934+0000] {logging_mixin.py:120} INFO - [2023-11-02T17:04:46.933+0000] {dag.py:2585} INFO - Sync 1 DAGs
[2023-11-02T17:04:46.966+0000] {logging_mixin.py:120} INFO - [2023-11-02T17:04:46.966+0000] {dag.py:3340} INFO - Setting next_dagrun for example_short_circuit_operator to 2023-11-01T17:04:46.966137+00:00, run_after=2023-11-02T17:04:46.966137+00:00
[2023-11-02T17:04:46.992+0000] {processor.py:176} INFO - Processing /home/airflow/.local/lib/python3.7/site-packages/airflow/example_dags/example_short_circuit_operator.py took 0.125 seconds
[2023-11-02T17:05:17.128+0000] {processor.py:154} INFO - Started process (PID=491) to work on /home/airflow/.local/lib/python3.7/site-packages/airflow/example_dags/example_short_circuit_operator.py
[2023-11-02T17:05:17.129+0000] {processor.py:756} INFO - Processing file /home/airflow/.local/lib/python3.7/site-packages/airflow/example_dags/example_short_circuit_operator.py for tasks to queue
[2023-11-02T17:05:17.130+0000] {logging_mixin.py:120} INFO - [2023-11-02T17:05:17.130+0000] {dagbag.py:537} INFO - Filling up the DagBag from /home/airflow/.local/lib/python3.7/site-packages/airflow/example_dags/example_short_circuit_operator.py
[2023-11-02T17:05:17.149+0000] {processor.py:766} INFO - DAG(s) dict_keys(['example_short_circuit_operator']) retrieved from /home/airflow/.local/lib/python3.7/site-packages/airflow/example_dags/example_short_circuit_operator.py
[2023-11-02T17:05:17.199+0000] {logging_mixin.py:120} INFO - [2023-11-02T17:05:17.199+0000] {dag.py:2585} INFO - Sync 1 DAGs
[2023-11-02T17:05:17.230+0000] {logging_mixin.py:120} INFO - [2023-11-02T17:05:17.230+0000] {dag.py:3340} INFO - Setting next_dagrun for example_short_circuit_operator to 2023-11-01T17:05:17.230401+00:00, run_after=2023-11-02T17:05:17.230401+00:00
[2023-11-02T17:05:17.263+0000] {processor.py:176} INFO - Processing /home/airflow/.local/lib/python3.7/site-packages/airflow/example_dags/example_short_circuit_operator.py took 0.137 seconds
[2023-11-02T17:05:47.524+0000] {processor.py:154} INFO - Started process (PID=556) to work on /home/airflow/.local/lib/python3.7/site-packages/airflow/example_dags/example_short_circuit_operator.py
[2023-11-02T17:05:47.525+0000] {processor.py:756} INFO - Processing file /home/airflow/.local/lib/python3.7/site-packages/airflow/example_dags/example_short_circuit_operator.py for tasks to queue
[2023-11-02T17:05:47.526+0000] {logging_mixin.py:120} INFO - [2023-11-02T17:05:47.525+0000] {dagbag.py:537} INFO - Filling up the DagBag from /home/airflow/.local/lib/python3.7/site-packages/airflow/example_dags/example_short_circuit_operator.py
[2023-11-02T17:05:47.548+0000] {processor.py:766} INFO - DAG(s) dict_keys(['example_short_circuit_operator']) retrieved from /home/airflow/.local/lib/python3.7/site-packages/airflow/example_dags/example_short_circuit_operator.py
[2023-11-02T17:05:47.603+0000] {logging_mixin.py:120} INFO - [2023-11-02T17:05:47.602+0000] {dag.py:2585} INFO - Sync 1 DAGs
[2023-11-02T17:05:47.648+0000] {logging_mixin.py:120} INFO - [2023-11-02T17:05:47.647+0000] {dag.py:3340} INFO - Setting next_dagrun for example_short_circuit_operator to 2023-11-01T17:05:47.646727+00:00, run_after=2023-11-02T17:05:47.646727+00:00
[2023-11-02T17:05:47.689+0000] {processor.py:176} INFO - Processing /home/airflow/.local/lib/python3.7/site-packages/airflow/example_dags/example_short_circuit_operator.py took 0.168 seconds
