[2023-11-02T17:02:17.030+0000] {processor.py:154} INFO - Started process (PID=82) to work on /home/airflow/.local/lib/python3.7/site-packages/airflow/example_dags/example_nested_branch_dag.py
[2023-11-02T17:02:17.036+0000] {processor.py:756} INFO - Processing file /home/airflow/.local/lib/python3.7/site-packages/airflow/example_dags/example_nested_branch_dag.py for tasks to queue
[2023-11-02T17:02:17.038+0000] {logging_mixin.py:120} INFO - [2023-11-02T17:02:17.038+0000] {dagbag.py:537} INFO - Filling up the DagBag from /home/airflow/.local/lib/python3.7/site-packages/airflow/example_dags/example_nested_branch_dag.py
[2023-11-02T17:02:17.099+0000] {processor.py:766} INFO - DAG(s) dict_keys(['example_nested_branch_dag']) retrieved from /home/airflow/.local/lib/python3.7/site-packages/airflow/example_dags/example_nested_branch_dag.py
[2023-11-02T17:02:17.237+0000] {logging_mixin.py:120} INFO - [2023-11-02T17:02:17.237+0000] {dag.py:2585} INFO - Sync 1 DAGs
[2023-11-02T17:02:17.366+0000] {logging_mixin.py:120} INFO - [2023-11-02T17:02:17.366+0000] {dag.py:3340} INFO - Setting next_dagrun for example_nested_branch_dag to 2023-11-01T00:00:00+00:00, run_after=2023-11-02T00:00:00+00:00
[2023-11-02T17:02:17.506+0000] {processor.py:176} INFO - Processing /home/airflow/.local/lib/python3.7/site-packages/airflow/example_dags/example_nested_branch_dag.py took 0.482 seconds
[2023-11-02T17:02:47.779+0000] {processor.py:154} INFO - Started process (PID=157) to work on /home/airflow/.local/lib/python3.7/site-packages/airflow/example_dags/example_nested_branch_dag.py
[2023-11-02T17:02:47.780+0000] {processor.py:756} INFO - Processing file /home/airflow/.local/lib/python3.7/site-packages/airflow/example_dags/example_nested_branch_dag.py for tasks to queue
[2023-11-02T17:02:47.781+0000] {logging_mixin.py:120} INFO - [2023-11-02T17:02:47.781+0000] {dagbag.py:537} INFO - Filling up the DagBag from /home/airflow/.local/lib/python3.7/site-packages/airflow/example_dags/example_nested_branch_dag.py
[2023-11-02T17:02:47.807+0000] {processor.py:766} INFO - DAG(s) dict_keys(['example_nested_branch_dag']) retrieved from /home/airflow/.local/lib/python3.7/site-packages/airflow/example_dags/example_nested_branch_dag.py
[2023-11-02T17:02:47.854+0000] {logging_mixin.py:120} INFO - [2023-11-02T17:02:47.853+0000] {dag.py:2585} INFO - Sync 1 DAGs
[2023-11-02T17:02:47.886+0000] {logging_mixin.py:120} INFO - [2023-11-02T17:02:47.886+0000] {dag.py:3340} INFO - Setting next_dagrun for example_nested_branch_dag to 2023-11-01T00:00:00+00:00, run_after=2023-11-02T00:00:00+00:00
[2023-11-02T17:02:47.912+0000] {processor.py:176} INFO - Processing /home/airflow/.local/lib/python3.7/site-packages/airflow/example_dags/example_nested_branch_dag.py took 0.135 seconds
[2023-11-02T17:03:19.338+0000] {processor.py:154} INFO - Started process (PID=234) to work on /home/airflow/.local/lib/python3.7/site-packages/airflow/example_dags/example_nested_branch_dag.py
[2023-11-02T17:03:19.340+0000] {processor.py:756} INFO - Processing file /home/airflow/.local/lib/python3.7/site-packages/airflow/example_dags/example_nested_branch_dag.py for tasks to queue
[2023-11-02T17:03:19.341+0000] {logging_mixin.py:120} INFO - [2023-11-02T17:03:19.341+0000] {dagbag.py:537} INFO - Filling up the DagBag from /home/airflow/.local/lib/python3.7/site-packages/airflow/example_dags/example_nested_branch_dag.py
[2023-11-02T17:03:19.378+0000] {processor.py:766} INFO - DAG(s) dict_keys(['example_nested_branch_dag']) retrieved from /home/airflow/.local/lib/python3.7/site-packages/airflow/example_dags/example_nested_branch_dag.py
[2023-11-02T17:03:19.459+0000] {logging_mixin.py:120} INFO - [2023-11-02T17:03:19.459+0000] {dag.py:2585} INFO - Sync 1 DAGs
[2023-11-02T17:03:19.525+0000] {logging_mixin.py:120} INFO - [2023-11-02T17:03:19.525+0000] {dag.py:3340} INFO - Setting next_dagrun for example_nested_branch_dag to 2023-11-01T00:00:00+00:00, run_after=2023-11-02T00:00:00+00:00
[2023-11-02T17:03:19.562+0000] {processor.py:176} INFO - Processing /home/airflow/.local/lib/python3.7/site-packages/airflow/example_dags/example_nested_branch_dag.py took 0.226 seconds
[2023-11-02T17:03:49.763+0000] {processor.py:154} INFO - Started process (PID=301) to work on /home/airflow/.local/lib/python3.7/site-packages/airflow/example_dags/example_nested_branch_dag.py
[2023-11-02T17:03:49.764+0000] {processor.py:756} INFO - Processing file /home/airflow/.local/lib/python3.7/site-packages/airflow/example_dags/example_nested_branch_dag.py for tasks to queue
[2023-11-02T17:03:49.765+0000] {logging_mixin.py:120} INFO - [2023-11-02T17:03:49.765+0000] {dagbag.py:537} INFO - Filling up the DagBag from /home/airflow/.local/lib/python3.7/site-packages/airflow/example_dags/example_nested_branch_dag.py
[2023-11-02T17:03:49.791+0000] {processor.py:766} INFO - DAG(s) dict_keys(['example_nested_branch_dag']) retrieved from /home/airflow/.local/lib/python3.7/site-packages/airflow/example_dags/example_nested_branch_dag.py
[2023-11-02T17:03:49.834+0000] {logging_mixin.py:120} INFO - [2023-11-02T17:03:49.834+0000] {dag.py:2585} INFO - Sync 1 DAGs
[2023-11-02T17:03:49.865+0000] {logging_mixin.py:120} INFO - [2023-11-02T17:03:49.864+0000] {dag.py:3340} INFO - Setting next_dagrun for example_nested_branch_dag to 2023-11-01T00:00:00+00:00, run_after=2023-11-02T00:00:00+00:00
[2023-11-02T17:03:49.890+0000] {processor.py:176} INFO - Processing /home/airflow/.local/lib/python3.7/site-packages/airflow/example_dags/example_nested_branch_dag.py took 0.130 seconds
[2023-11-02T17:04:20.137+0000] {processor.py:154} INFO - Started process (PID=379) to work on /home/airflow/.local/lib/python3.7/site-packages/airflow/example_dags/example_nested_branch_dag.py
[2023-11-02T17:04:20.138+0000] {processor.py:756} INFO - Processing file /home/airflow/.local/lib/python3.7/site-packages/airflow/example_dags/example_nested_branch_dag.py for tasks to queue
[2023-11-02T17:04:20.139+0000] {logging_mixin.py:120} INFO - [2023-11-02T17:04:20.139+0000] {dagbag.py:537} INFO - Filling up the DagBag from /home/airflow/.local/lib/python3.7/site-packages/airflow/example_dags/example_nested_branch_dag.py
[2023-11-02T17:04:20.167+0000] {processor.py:766} INFO - DAG(s) dict_keys(['example_nested_branch_dag']) retrieved from /home/airflow/.local/lib/python3.7/site-packages/airflow/example_dags/example_nested_branch_dag.py
[2023-11-02T17:04:20.212+0000] {logging_mixin.py:120} INFO - [2023-11-02T17:04:20.212+0000] {dag.py:2585} INFO - Sync 1 DAGs
[2023-11-02T17:04:20.250+0000] {logging_mixin.py:120} INFO - [2023-11-02T17:04:20.249+0000] {dag.py:3340} INFO - Setting next_dagrun for example_nested_branch_dag to 2023-11-01T00:00:00+00:00, run_after=2023-11-02T00:00:00+00:00
[2023-11-02T17:04:20.287+0000] {processor.py:176} INFO - Processing /home/airflow/.local/lib/python3.7/site-packages/airflow/example_dags/example_nested_branch_dag.py took 0.153 seconds
[2023-11-02T17:04:51.055+0000] {processor.py:154} INFO - Started process (PID=445) to work on /home/airflow/.local/lib/python3.7/site-packages/airflow/example_dags/example_nested_branch_dag.py
[2023-11-02T17:04:51.056+0000] {processor.py:756} INFO - Processing file /home/airflow/.local/lib/python3.7/site-packages/airflow/example_dags/example_nested_branch_dag.py for tasks to queue
[2023-11-02T17:04:51.058+0000] {logging_mixin.py:120} INFO - [2023-11-02T17:04:51.057+0000] {dagbag.py:537} INFO - Filling up the DagBag from /home/airflow/.local/lib/python3.7/site-packages/airflow/example_dags/example_nested_branch_dag.py
[2023-11-02T17:04:51.090+0000] {processor.py:766} INFO - DAG(s) dict_keys(['example_nested_branch_dag']) retrieved from /home/airflow/.local/lib/python3.7/site-packages/airflow/example_dags/example_nested_branch_dag.py
[2023-11-02T17:04:51.138+0000] {logging_mixin.py:120} INFO - [2023-11-02T17:04:51.138+0000] {dag.py:2585} INFO - Sync 1 DAGs
[2023-11-02T17:04:51.172+0000] {logging_mixin.py:120} INFO - [2023-11-02T17:04:51.172+0000] {dag.py:3340} INFO - Setting next_dagrun for example_nested_branch_dag to 2023-11-01T00:00:00+00:00, run_after=2023-11-02T00:00:00+00:00
[2023-11-02T17:04:51.201+0000] {processor.py:176} INFO - Processing /home/airflow/.local/lib/python3.7/site-packages/airflow/example_dags/example_nested_branch_dag.py took 0.148 seconds
[2023-11-02T17:05:21.404+0000] {processor.py:154} INFO - Started process (PID=521) to work on /home/airflow/.local/lib/python3.7/site-packages/airflow/example_dags/example_nested_branch_dag.py
[2023-11-02T17:05:21.405+0000] {processor.py:756} INFO - Processing file /home/airflow/.local/lib/python3.7/site-packages/airflow/example_dags/example_nested_branch_dag.py for tasks to queue
[2023-11-02T17:05:21.407+0000] {logging_mixin.py:120} INFO - [2023-11-02T17:05:21.406+0000] {dagbag.py:537} INFO - Filling up the DagBag from /home/airflow/.local/lib/python3.7/site-packages/airflow/example_dags/example_nested_branch_dag.py
[2023-11-02T17:05:21.433+0000] {processor.py:766} INFO - DAG(s) dict_keys(['example_nested_branch_dag']) retrieved from /home/airflow/.local/lib/python3.7/site-packages/airflow/example_dags/example_nested_branch_dag.py
[2023-11-02T17:05:21.477+0000] {logging_mixin.py:120} INFO - [2023-11-02T17:05:21.477+0000] {dag.py:2585} INFO - Sync 1 DAGs
[2023-11-02T17:05:21.509+0000] {logging_mixin.py:120} INFO - [2023-11-02T17:05:21.509+0000] {dag.py:3340} INFO - Setting next_dagrun for example_nested_branch_dag to 2023-11-01T00:00:00+00:00, run_after=2023-11-02T00:00:00+00:00
[2023-11-02T17:05:21.535+0000] {processor.py:176} INFO - Processing /home/airflow/.local/lib/python3.7/site-packages/airflow/example_dags/example_nested_branch_dag.py took 0.134 seconds
[2023-11-02T17:05:52.706+0000] {processor.py:154} INFO - Started process (PID=596) to work on /home/airflow/.local/lib/python3.7/site-packages/airflow/example_dags/example_nested_branch_dag.py
[2023-11-02T17:05:52.707+0000] {processor.py:756} INFO - Processing file /home/airflow/.local/lib/python3.7/site-packages/airflow/example_dags/example_nested_branch_dag.py for tasks to queue
[2023-11-02T17:05:52.708+0000] {logging_mixin.py:120} INFO - [2023-11-02T17:05:52.708+0000] {dagbag.py:537} INFO - Filling up the DagBag from /home/airflow/.local/lib/python3.7/site-packages/airflow/example_dags/example_nested_branch_dag.py
[2023-11-02T17:05:52.736+0000] {processor.py:766} INFO - DAG(s) dict_keys(['example_nested_branch_dag']) retrieved from /home/airflow/.local/lib/python3.7/site-packages/airflow/example_dags/example_nested_branch_dag.py
[2023-11-02T17:05:52.779+0000] {logging_mixin.py:120} INFO - [2023-11-02T17:05:52.779+0000] {dag.py:2585} INFO - Sync 1 DAGs
[2023-11-02T17:05:52.812+0000] {logging_mixin.py:120} INFO - [2023-11-02T17:05:52.811+0000] {dag.py:3340} INFO - Setting next_dagrun for example_nested_branch_dag to 2023-11-01T00:00:00+00:00, run_after=2023-11-02T00:00:00+00:00
[2023-11-02T17:05:52.845+0000] {processor.py:176} INFO - Processing /home/airflow/.local/lib/python3.7/site-packages/airflow/example_dags/example_nested_branch_dag.py took 0.141 seconds
