[2023-11-02T17:02:13.444+0000] {processor.py:154} INFO - Started process (PID=59) to work on /home/airflow/.local/lib/python3.7/site-packages/airflow/example_dags/example_sla_dag.py
[2023-11-02T17:02:13.446+0000] {processor.py:756} INFO - Processing file /home/airflow/.local/lib/python3.7/site-packages/airflow/example_dags/example_sla_dag.py for tasks to queue
[2023-11-02T17:02:13.447+0000] {logging_mixin.py:120} INFO - [2023-11-02T17:02:13.447+0000] {dagbag.py:537} INFO - Filling up the DagBag from /home/airflow/.local/lib/python3.7/site-packages/airflow/example_dags/example_sla_dag.py
[2023-11-02T17:02:13.476+0000] {processor.py:766} INFO - DAG(s) dict_keys(['example_sla_dag']) retrieved from /home/airflow/.local/lib/python3.7/site-packages/airflow/example_dags/example_sla_dag.py
[2023-11-02T17:02:13.532+0000] {logging_mixin.py:120} INFO - [2023-11-02T17:02:13.531+0000] {dag.py:2585} INFO - Sync 1 DAGs
[2023-11-02T17:02:13.604+0000] {logging_mixin.py:120} INFO - [2023-11-02T17:02:13.602+0000] {dag.py:3340} INFO - Setting next_dagrun for example_sla_dag to 2023-11-02T17:00:00+00:00, run_after=2023-11-02T17:02:00+00:00
[2023-11-02T17:02:13.656+0000] {processor.py:176} INFO - Processing /home/airflow/.local/lib/python3.7/site-packages/airflow/example_dags/example_sla_dag.py took 0.214 seconds
[2023-11-02T17:02:45.132+0000] {processor.py:154} INFO - Started process (PID=134) to work on /home/airflow/.local/lib/python3.7/site-packages/airflow/example_dags/example_sla_dag.py
[2023-11-02T17:02:45.133+0000] {processor.py:756} INFO - Processing file /home/airflow/.local/lib/python3.7/site-packages/airflow/example_dags/example_sla_dag.py for tasks to queue
[2023-11-02T17:02:45.134+0000] {logging_mixin.py:120} INFO - [2023-11-02T17:02:45.134+0000] {dagbag.py:537} INFO - Filling up the DagBag from /home/airflow/.local/lib/python3.7/site-packages/airflow/example_dags/example_sla_dag.py
[2023-11-02T17:02:45.171+0000] {processor.py:766} INFO - DAG(s) dict_keys(['example_sla_dag']) retrieved from /home/airflow/.local/lib/python3.7/site-packages/airflow/example_dags/example_sla_dag.py
[2023-11-02T17:02:45.229+0000] {logging_mixin.py:120} INFO - [2023-11-02T17:02:45.229+0000] {dag.py:2585} INFO - Sync 1 DAGs
[2023-11-02T17:02:45.270+0000] {logging_mixin.py:120} INFO - [2023-11-02T17:02:45.269+0000] {dag.py:3340} INFO - Setting next_dagrun for example_sla_dag to 2023-11-02T17:00:00+00:00, run_after=2023-11-02T17:02:00+00:00
[2023-11-02T17:02:45.295+0000] {processor.py:176} INFO - Processing /home/airflow/.local/lib/python3.7/site-packages/airflow/example_dags/example_sla_dag.py took 0.166 seconds
[2023-11-02T17:03:16.223+0000] {processor.py:154} INFO - Started process (PID=202) to work on /home/airflow/.local/lib/python3.7/site-packages/airflow/example_dags/example_sla_dag.py
[2023-11-02T17:03:16.225+0000] {processor.py:756} INFO - Processing file /home/airflow/.local/lib/python3.7/site-packages/airflow/example_dags/example_sla_dag.py for tasks to queue
[2023-11-02T17:03:16.226+0000] {logging_mixin.py:120} INFO - [2023-11-02T17:03:16.226+0000] {dagbag.py:537} INFO - Filling up the DagBag from /home/airflow/.local/lib/python3.7/site-packages/airflow/example_dags/example_sla_dag.py
[2023-11-02T17:03:16.253+0000] {processor.py:766} INFO - DAG(s) dict_keys(['example_sla_dag']) retrieved from /home/airflow/.local/lib/python3.7/site-packages/airflow/example_dags/example_sla_dag.py
[2023-11-02T17:03:16.340+0000] {logging_mixin.py:120} INFO - [2023-11-02T17:03:16.339+0000] {dag.py:2585} INFO - Sync 1 DAGs
[2023-11-02T17:03:16.389+0000] {logging_mixin.py:120} INFO - [2023-11-02T17:03:16.389+0000] {dag.py:3340} INFO - Setting next_dagrun for example_sla_dag to 2023-11-02T17:00:00+00:00, run_after=2023-11-02T17:02:00+00:00
[2023-11-02T17:03:16.418+0000] {processor.py:176} INFO - Processing /home/airflow/.local/lib/python3.7/site-packages/airflow/example_dags/example_sla_dag.py took 0.197 seconds
[2023-11-02T17:03:46.715+0000] {processor.py:154} INFO - Started process (PID=278) to work on /home/airflow/.local/lib/python3.7/site-packages/airflow/example_dags/example_sla_dag.py
[2023-11-02T17:03:46.716+0000] {processor.py:756} INFO - Processing file /home/airflow/.local/lib/python3.7/site-packages/airflow/example_dags/example_sla_dag.py for tasks to queue
[2023-11-02T17:03:46.718+0000] {logging_mixin.py:120} INFO - [2023-11-02T17:03:46.717+0000] {dagbag.py:537} INFO - Filling up the DagBag from /home/airflow/.local/lib/python3.7/site-packages/airflow/example_dags/example_sla_dag.py
[2023-11-02T17:03:46.740+0000] {processor.py:766} INFO - DAG(s) dict_keys(['example_sla_dag']) retrieved from /home/airflow/.local/lib/python3.7/site-packages/airflow/example_dags/example_sla_dag.py
[2023-11-02T17:03:46.785+0000] {logging_mixin.py:120} INFO - [2023-11-02T17:03:46.785+0000] {dag.py:2585} INFO - Sync 1 DAGs
[2023-11-02T17:03:46.818+0000] {logging_mixin.py:120} INFO - [2023-11-02T17:03:46.818+0000] {dag.py:3340} INFO - Setting next_dagrun for example_sla_dag to 2023-11-02T17:00:00+00:00, run_after=2023-11-02T17:02:00+00:00
[2023-11-02T17:03:46.846+0000] {processor.py:176} INFO - Processing /home/airflow/.local/lib/python3.7/site-packages/airflow/example_dags/example_sla_dag.py took 0.132 seconds
[2023-11-02T17:04:16.951+0000] {processor.py:154} INFO - Started process (PID=344) to work on /home/airflow/.local/lib/python3.7/site-packages/airflow/example_dags/example_sla_dag.py
[2023-11-02T17:04:16.952+0000] {processor.py:756} INFO - Processing file /home/airflow/.local/lib/python3.7/site-packages/airflow/example_dags/example_sla_dag.py for tasks to queue
[2023-11-02T17:04:16.953+0000] {logging_mixin.py:120} INFO - [2023-11-02T17:04:16.953+0000] {dagbag.py:537} INFO - Filling up the DagBag from /home/airflow/.local/lib/python3.7/site-packages/airflow/example_dags/example_sla_dag.py
[2023-11-02T17:04:16.977+0000] {processor.py:766} INFO - DAG(s) dict_keys(['example_sla_dag']) retrieved from /home/airflow/.local/lib/python3.7/site-packages/airflow/example_dags/example_sla_dag.py
[2023-11-02T17:04:17.125+0000] {logging_mixin.py:120} INFO - [2023-11-02T17:04:17.125+0000] {dag.py:2585} INFO - Sync 1 DAGs
[2023-11-02T17:04:17.164+0000] {logging_mixin.py:120} INFO - [2023-11-02T17:04:17.164+0000] {dag.py:3340} INFO - Setting next_dagrun for example_sla_dag to 2023-11-02T17:02:00+00:00, run_after=2023-11-02T17:04:00+00:00
[2023-11-02T17:04:17.191+0000] {processor.py:176} INFO - Processing /home/airflow/.local/lib/python3.7/site-packages/airflow/example_dags/example_sla_dag.py took 0.243 seconds
[2023-11-02T17:04:47.240+0000] {processor.py:154} INFO - Started process (PID=420) to work on /home/airflow/.local/lib/python3.7/site-packages/airflow/example_dags/example_sla_dag.py
[2023-11-02T17:04:47.241+0000] {processor.py:756} INFO - Processing file /home/airflow/.local/lib/python3.7/site-packages/airflow/example_dags/example_sla_dag.py for tasks to queue
[2023-11-02T17:04:47.242+0000] {logging_mixin.py:120} INFO - [2023-11-02T17:04:47.242+0000] {dagbag.py:537} INFO - Filling up the DagBag from /home/airflow/.local/lib/python3.7/site-packages/airflow/example_dags/example_sla_dag.py
[2023-11-02T17:04:47.265+0000] {processor.py:766} INFO - DAG(s) dict_keys(['example_sla_dag']) retrieved from /home/airflow/.local/lib/python3.7/site-packages/airflow/example_dags/example_sla_dag.py
[2023-11-02T17:04:47.311+0000] {logging_mixin.py:120} INFO - [2023-11-02T17:04:47.311+0000] {dag.py:2585} INFO - Sync 1 DAGs
[2023-11-02T17:04:47.345+0000] {logging_mixin.py:120} INFO - [2023-11-02T17:04:47.345+0000] {dag.py:3340} INFO - Setting next_dagrun for example_sla_dag to 2023-11-02T17:02:00+00:00, run_after=2023-11-02T17:04:00+00:00
[2023-11-02T17:04:47.372+0000] {processor.py:176} INFO - Processing /home/airflow/.local/lib/python3.7/site-packages/airflow/example_dags/example_sla_dag.py took 0.135 seconds
[2023-11-02T17:05:17.795+0000] {processor.py:154} INFO - Started process (PID=496) to work on /home/airflow/.local/lib/python3.7/site-packages/airflow/example_dags/example_sla_dag.py
[2023-11-02T17:05:17.797+0000] {processor.py:756} INFO - Processing file /home/airflow/.local/lib/python3.7/site-packages/airflow/example_dags/example_sla_dag.py for tasks to queue
[2023-11-02T17:05:17.798+0000] {logging_mixin.py:120} INFO - [2023-11-02T17:05:17.798+0000] {dagbag.py:537} INFO - Filling up the DagBag from /home/airflow/.local/lib/python3.7/site-packages/airflow/example_dags/example_sla_dag.py
[2023-11-02T17:05:17.827+0000] {processor.py:766} INFO - DAG(s) dict_keys(['example_sla_dag']) retrieved from /home/airflow/.local/lib/python3.7/site-packages/airflow/example_dags/example_sla_dag.py
[2023-11-02T17:05:17.873+0000] {logging_mixin.py:120} INFO - [2023-11-02T17:05:17.873+0000] {dag.py:2585} INFO - Sync 1 DAGs
[2023-11-02T17:05:17.911+0000] {logging_mixin.py:120} INFO - [2023-11-02T17:05:17.911+0000] {dag.py:3340} INFO - Setting next_dagrun for example_sla_dag to 2023-11-02T17:02:00+00:00, run_after=2023-11-02T17:04:00+00:00
[2023-11-02T17:05:17.936+0000] {processor.py:176} INFO - Processing /home/airflow/.local/lib/python3.7/site-packages/airflow/example_dags/example_sla_dag.py took 0.143 seconds
[2023-11-02T17:05:48.785+0000] {processor.py:154} INFO - Started process (PID=562) to work on /home/airflow/.local/lib/python3.7/site-packages/airflow/example_dags/example_sla_dag.py
[2023-11-02T17:05:48.787+0000] {processor.py:756} INFO - Processing file /home/airflow/.local/lib/python3.7/site-packages/airflow/example_dags/example_sla_dag.py for tasks to queue
[2023-11-02T17:05:48.789+0000] {logging_mixin.py:120} INFO - [2023-11-02T17:05:48.788+0000] {dagbag.py:537} INFO - Filling up the DagBag from /home/airflow/.local/lib/python3.7/site-packages/airflow/example_dags/example_sla_dag.py
[2023-11-02T17:05:48.818+0000] {processor.py:766} INFO - DAG(s) dict_keys(['example_sla_dag']) retrieved from /home/airflow/.local/lib/python3.7/site-packages/airflow/example_dags/example_sla_dag.py
[2023-11-02T17:05:48.869+0000] {logging_mixin.py:120} INFO - [2023-11-02T17:05:48.868+0000] {dag.py:2585} INFO - Sync 1 DAGs
[2023-11-02T17:05:48.904+0000] {logging_mixin.py:120} INFO - [2023-11-02T17:05:48.904+0000] {dag.py:3340} INFO - Setting next_dagrun for example_sla_dag to 2023-11-02T17:02:00+00:00, run_after=2023-11-02T17:04:00+00:00
[2023-11-02T17:05:48.934+0000] {processor.py:176} INFO - Processing /home/airflow/.local/lib/python3.7/site-packages/airflow/example_dags/example_sla_dag.py took 0.152 seconds
