[2023-11-02T17:02:14.117+0000] {processor.py:154} INFO - Started process (PID=63) to work on /home/airflow/.local/lib/python3.7/site-packages/airflow/example_dags/example_branch_python_dop_operator_3.py
[2023-11-02T17:02:14.118+0000] {processor.py:756} INFO - Processing file /home/airflow/.local/lib/python3.7/site-packages/airflow/example_dags/example_branch_python_dop_operator_3.py for tasks to queue
[2023-11-02T17:02:14.123+0000] {logging_mixin.py:120} INFO - [2023-11-02T17:02:14.123+0000] {dagbag.py:537} INFO - Filling up the DagBag from /home/airflow/.local/lib/python3.7/site-packages/airflow/example_dags/example_branch_python_dop_operator_3.py
[2023-11-02T17:02:14.174+0000] {processor.py:766} INFO - DAG(s) dict_keys(['example_branch_dop_operator_v3']) retrieved from /home/airflow/.local/lib/python3.7/site-packages/airflow/example_dags/example_branch_python_dop_operator_3.py
[2023-11-02T17:02:14.251+0000] {logging_mixin.py:120} INFO - [2023-11-02T17:02:14.250+0000] {dag.py:2585} INFO - Sync 1 DAGs
[2023-11-02T17:02:14.311+0000] {logging_mixin.py:120} INFO - [2023-11-02T17:02:14.311+0000] {dag.py:3340} INFO - Setting next_dagrun for example_branch_dop_operator_v3 to 2023-11-02T17:01:00+00:00, run_after=2023-11-02T17:02:00+00:00
[2023-11-02T17:02:14.345+0000] {processor.py:176} INFO - Processing /home/airflow/.local/lib/python3.7/site-packages/airflow/example_dags/example_branch_python_dop_operator_3.py took 0.231 seconds
[2023-11-02T17:02:45.587+0000] {processor.py:154} INFO - Started process (PID=138) to work on /home/airflow/.local/lib/python3.7/site-packages/airflow/example_dags/example_branch_python_dop_operator_3.py
[2023-11-02T17:02:45.588+0000] {processor.py:756} INFO - Processing file /home/airflow/.local/lib/python3.7/site-packages/airflow/example_dags/example_branch_python_dop_operator_3.py for tasks to queue
[2023-11-02T17:02:45.589+0000] {logging_mixin.py:120} INFO - [2023-11-02T17:02:45.589+0000] {dagbag.py:537} INFO - Filling up the DagBag from /home/airflow/.local/lib/python3.7/site-packages/airflow/example_dags/example_branch_python_dop_operator_3.py
[2023-11-02T17:02:45.617+0000] {processor.py:766} INFO - DAG(s) dict_keys(['example_branch_dop_operator_v3']) retrieved from /home/airflow/.local/lib/python3.7/site-packages/airflow/example_dags/example_branch_python_dop_operator_3.py
[2023-11-02T17:02:45.664+0000] {logging_mixin.py:120} INFO - [2023-11-02T17:02:45.664+0000] {dag.py:2585} INFO - Sync 1 DAGs
[2023-11-02T17:02:45.706+0000] {logging_mixin.py:120} INFO - [2023-11-02T17:02:45.706+0000] {dag.py:3340} INFO - Setting next_dagrun for example_branch_dop_operator_v3 to 2023-11-02T17:01:00+00:00, run_after=2023-11-02T17:02:00+00:00
[2023-11-02T17:02:45.734+0000] {processor.py:176} INFO - Processing /home/airflow/.local/lib/python3.7/site-packages/airflow/example_dags/example_branch_python_dop_operator_3.py took 0.151 seconds
[2023-11-02T17:03:16.698+0000] {processor.py:154} INFO - Started process (PID=206) to work on /home/airflow/.local/lib/python3.7/site-packages/airflow/example_dags/example_branch_python_dop_operator_3.py
[2023-11-02T17:03:16.699+0000] {processor.py:756} INFO - Processing file /home/airflow/.local/lib/python3.7/site-packages/airflow/example_dags/example_branch_python_dop_operator_3.py for tasks to queue
[2023-11-02T17:03:16.701+0000] {logging_mixin.py:120} INFO - [2023-11-02T17:03:16.700+0000] {dagbag.py:537} INFO - Filling up the DagBag from /home/airflow/.local/lib/python3.7/site-packages/airflow/example_dags/example_branch_python_dop_operator_3.py
[2023-11-02T17:03:16.736+0000] {processor.py:766} INFO - DAG(s) dict_keys(['example_branch_dop_operator_v3']) retrieved from /home/airflow/.local/lib/python3.7/site-packages/airflow/example_dags/example_branch_python_dop_operator_3.py
[2023-11-02T17:03:16.804+0000] {logging_mixin.py:120} INFO - [2023-11-02T17:03:16.804+0000] {dag.py:2585} INFO - Sync 1 DAGs
[2023-11-02T17:03:16.846+0000] {logging_mixin.py:120} INFO - [2023-11-02T17:03:16.845+0000] {dag.py:3340} INFO - Setting next_dagrun for example_branch_dop_operator_v3 to 2023-11-02T17:02:00+00:00, run_after=2023-11-02T17:03:00+00:00
[2023-11-02T17:03:16.877+0000] {processor.py:176} INFO - Processing /home/airflow/.local/lib/python3.7/site-packages/airflow/example_dags/example_branch_python_dop_operator_3.py took 0.184 seconds
[2023-11-02T17:03:47.430+0000] {processor.py:154} INFO - Started process (PID=282) to work on /home/airflow/.local/lib/python3.7/site-packages/airflow/example_dags/example_branch_python_dop_operator_3.py
[2023-11-02T17:03:47.432+0000] {processor.py:756} INFO - Processing file /home/airflow/.local/lib/python3.7/site-packages/airflow/example_dags/example_branch_python_dop_operator_3.py for tasks to queue
[2023-11-02T17:03:47.433+0000] {logging_mixin.py:120} INFO - [2023-11-02T17:03:47.433+0000] {dagbag.py:537} INFO - Filling up the DagBag from /home/airflow/.local/lib/python3.7/site-packages/airflow/example_dags/example_branch_python_dop_operator_3.py
[2023-11-02T17:03:47.458+0000] {processor.py:766} INFO - DAG(s) dict_keys(['example_branch_dop_operator_v3']) retrieved from /home/airflow/.local/lib/python3.7/site-packages/airflow/example_dags/example_branch_python_dop_operator_3.py
[2023-11-02T17:03:47.504+0000] {logging_mixin.py:120} INFO - [2023-11-02T17:03:47.504+0000] {dag.py:2585} INFO - Sync 1 DAGs
[2023-11-02T17:03:47.542+0000] {logging_mixin.py:120} INFO - [2023-11-02T17:03:47.541+0000] {dag.py:3340} INFO - Setting next_dagrun for example_branch_dop_operator_v3 to 2023-11-02T17:02:00+00:00, run_after=2023-11-02T17:03:00+00:00
[2023-11-02T17:03:47.573+0000] {processor.py:176} INFO - Processing /home/airflow/.local/lib/python3.7/site-packages/airflow/example_dags/example_branch_python_dop_operator_3.py took 0.146 seconds
[2023-11-02T17:04:17.858+0000] {processor.py:154} INFO - Started process (PID=359) to work on /home/airflow/.local/lib/python3.7/site-packages/airflow/example_dags/example_branch_python_dop_operator_3.py
[2023-11-02T17:04:17.859+0000] {processor.py:756} INFO - Processing file /home/airflow/.local/lib/python3.7/site-packages/airflow/example_dags/example_branch_python_dop_operator_3.py for tasks to queue
[2023-11-02T17:04:17.860+0000] {logging_mixin.py:120} INFO - [2023-11-02T17:04:17.860+0000] {dagbag.py:537} INFO - Filling up the DagBag from /home/airflow/.local/lib/python3.7/site-packages/airflow/example_dags/example_branch_python_dop_operator_3.py
[2023-11-02T17:04:17.889+0000] {processor.py:766} INFO - DAG(s) dict_keys(['example_branch_dop_operator_v3']) retrieved from /home/airflow/.local/lib/python3.7/site-packages/airflow/example_dags/example_branch_python_dop_operator_3.py
[2023-11-02T17:04:17.936+0000] {logging_mixin.py:120} INFO - [2023-11-02T17:04:17.936+0000] {dag.py:2585} INFO - Sync 1 DAGs
[2023-11-02T17:04:18.025+0000] {logging_mixin.py:120} INFO - [2023-11-02T17:04:18.024+0000] {dag.py:3340} INFO - Setting next_dagrun for example_branch_dop_operator_v3 to 2023-11-02T17:03:00+00:00, run_after=2023-11-02T17:04:00+00:00
[2023-11-02T17:04:18.051+0000] {processor.py:176} INFO - Processing /home/airflow/.local/lib/python3.7/site-packages/airflow/example_dags/example_branch_python_dop_operator_3.py took 0.195 seconds
[2023-11-02T17:04:48.934+0000] {processor.py:154} INFO - Started process (PID=426) to work on /home/airflow/.local/lib/python3.7/site-packages/airflow/example_dags/example_branch_python_dop_operator_3.py
[2023-11-02T17:04:48.936+0000] {processor.py:756} INFO - Processing file /home/airflow/.local/lib/python3.7/site-packages/airflow/example_dags/example_branch_python_dop_operator_3.py for tasks to queue
[2023-11-02T17:04:48.937+0000] {logging_mixin.py:120} INFO - [2023-11-02T17:04:48.936+0000] {dagbag.py:537} INFO - Filling up the DagBag from /home/airflow/.local/lib/python3.7/site-packages/airflow/example_dags/example_branch_python_dop_operator_3.py
[2023-11-02T17:04:48.960+0000] {processor.py:766} INFO - DAG(s) dict_keys(['example_branch_dop_operator_v3']) retrieved from /home/airflow/.local/lib/python3.7/site-packages/airflow/example_dags/example_branch_python_dop_operator_3.py
[2023-11-02T17:04:49.005+0000] {logging_mixin.py:120} INFO - [2023-11-02T17:04:49.005+0000] {dag.py:2585} INFO - Sync 1 DAGs
[2023-11-02T17:04:49.045+0000] {logging_mixin.py:120} INFO - [2023-11-02T17:04:49.044+0000] {dag.py:3340} INFO - Setting next_dagrun for example_branch_dop_operator_v3 to 2023-11-02T17:03:00+00:00, run_after=2023-11-02T17:04:00+00:00
[2023-11-02T17:04:49.069+0000] {processor.py:176} INFO - Processing /home/airflow/.local/lib/python3.7/site-packages/airflow/example_dags/example_branch_python_dop_operator_3.py took 0.137 seconds
[2023-11-02T17:05:19.310+0000] {processor.py:154} INFO - Started process (PID=501) to work on /home/airflow/.local/lib/python3.7/site-packages/airflow/example_dags/example_branch_python_dop_operator_3.py
[2023-11-02T17:05:19.312+0000] {processor.py:756} INFO - Processing file /home/airflow/.local/lib/python3.7/site-packages/airflow/example_dags/example_branch_python_dop_operator_3.py for tasks to queue
[2023-11-02T17:05:19.313+0000] {logging_mixin.py:120} INFO - [2023-11-02T17:05:19.313+0000] {dagbag.py:537} INFO - Filling up the DagBag from /home/airflow/.local/lib/python3.7/site-packages/airflow/example_dags/example_branch_python_dop_operator_3.py
[2023-11-02T17:05:19.341+0000] {processor.py:766} INFO - DAG(s) dict_keys(['example_branch_dop_operator_v3']) retrieved from /home/airflow/.local/lib/python3.7/site-packages/airflow/example_dags/example_branch_python_dop_operator_3.py
[2023-11-02T17:05:19.386+0000] {logging_mixin.py:120} INFO - [2023-11-02T17:05:19.386+0000] {dag.py:2585} INFO - Sync 1 DAGs
[2023-11-02T17:05:19.427+0000] {logging_mixin.py:120} INFO - [2023-11-02T17:05:19.427+0000] {dag.py:3340} INFO - Setting next_dagrun for example_branch_dop_operator_v3 to 2023-11-02T17:04:00+00:00, run_after=2023-11-02T17:05:00+00:00
[2023-11-02T17:05:19.453+0000] {processor.py:176} INFO - Processing /home/airflow/.local/lib/python3.7/site-packages/airflow/example_dags/example_branch_python_dop_operator_3.py took 0.146 seconds
[2023-11-02T17:05:50.146+0000] {processor.py:154} INFO - Started process (PID=566) to work on /home/airflow/.local/lib/python3.7/site-packages/airflow/example_dags/example_branch_python_dop_operator_3.py
[2023-11-02T17:05:50.147+0000] {processor.py:756} INFO - Processing file /home/airflow/.local/lib/python3.7/site-packages/airflow/example_dags/example_branch_python_dop_operator_3.py for tasks to queue
[2023-11-02T17:05:50.149+0000] {logging_mixin.py:120} INFO - [2023-11-02T17:05:50.148+0000] {dagbag.py:537} INFO - Filling up the DagBag from /home/airflow/.local/lib/python3.7/site-packages/airflow/example_dags/example_branch_python_dop_operator_3.py
[2023-11-02T17:05:50.173+0000] {processor.py:766} INFO - DAG(s) dict_keys(['example_branch_dop_operator_v3']) retrieved from /home/airflow/.local/lib/python3.7/site-packages/airflow/example_dags/example_branch_python_dop_operator_3.py
[2023-11-02T17:05:50.232+0000] {logging_mixin.py:120} INFO - [2023-11-02T17:05:50.232+0000] {dag.py:2585} INFO - Sync 1 DAGs
[2023-11-02T17:05:50.283+0000] {logging_mixin.py:120} INFO - [2023-11-02T17:05:50.283+0000] {dag.py:3340} INFO - Setting next_dagrun for example_branch_dop_operator_v3 to 2023-11-02T17:04:00+00:00, run_after=2023-11-02T17:05:00+00:00
[2023-11-02T17:05:50.316+0000] {processor.py:176} INFO - Processing /home/airflow/.local/lib/python3.7/site-packages/airflow/example_dags/example_branch_python_dop_operator_3.py took 0.173 seconds
