[2023-11-02T17:02:13.901+0000] {processor.py:154} INFO - Started process (PID=62) to work on /home/airflow/.local/lib/python3.7/site-packages/airflow/example_dags/example_task_group_decorator.py
[2023-11-02T17:02:13.905+0000] {processor.py:756} INFO - Processing file /home/airflow/.local/lib/python3.7/site-packages/airflow/example_dags/example_task_group_decorator.py for tasks to queue
[2023-11-02T17:02:13.906+0000] {logging_mixin.py:120} INFO - [2023-11-02T17:02:13.906+0000] {dagbag.py:537} INFO - Filling up the DagBag from /home/airflow/.local/lib/python3.7/site-packages/airflow/example_dags/example_task_group_decorator.py
[2023-11-02T17:02:13.968+0000] {processor.py:766} INFO - DAG(s) dict_keys(['example_task_group_decorator']) retrieved from /home/airflow/.local/lib/python3.7/site-packages/airflow/example_dags/example_task_group_decorator.py
[2023-11-02T17:02:14.069+0000] {logging_mixin.py:120} INFO - [2023-11-02T17:02:14.069+0000] {dag.py:2585} INFO - Sync 1 DAGs
[2023-11-02T17:02:14.115+0000] {logging_mixin.py:120} INFO - [2023-11-02T17:02:14.115+0000] {dag.py:3340} INFO - Setting next_dagrun for example_task_group_decorator to 2023-11-01T17:02:14.115107+00:00, run_after=2023-11-02T17:02:14.115107+00:00
[2023-11-02T17:02:14.144+0000] {processor.py:176} INFO - Processing /home/airflow/.local/lib/python3.7/site-packages/airflow/example_dags/example_task_group_decorator.py took 0.246 seconds
[2023-11-02T17:02:45.531+0000] {processor.py:154} INFO - Started process (PID=137) to work on /home/airflow/.local/lib/python3.7/site-packages/airflow/example_dags/example_task_group_decorator.py
[2023-11-02T17:02:45.535+0000] {processor.py:756} INFO - Processing file /home/airflow/.local/lib/python3.7/site-packages/airflow/example_dags/example_task_group_decorator.py for tasks to queue
[2023-11-02T17:02:45.540+0000] {logging_mixin.py:120} INFO - [2023-11-02T17:02:45.540+0000] {dagbag.py:537} INFO - Filling up the DagBag from /home/airflow/.local/lib/python3.7/site-packages/airflow/example_dags/example_task_group_decorator.py
[2023-11-02T17:02:45.580+0000] {processor.py:766} INFO - DAG(s) dict_keys(['example_task_group_decorator']) retrieved from /home/airflow/.local/lib/python3.7/site-packages/airflow/example_dags/example_task_group_decorator.py
[2023-11-02T17:02:45.629+0000] {logging_mixin.py:120} INFO - [2023-11-02T17:02:45.629+0000] {dag.py:2585} INFO - Sync 1 DAGs
[2023-11-02T17:02:45.664+0000] {logging_mixin.py:120} INFO - [2023-11-02T17:02:45.664+0000] {dag.py:3340} INFO - Setting next_dagrun for example_task_group_decorator to 2023-11-01T17:02:45.663893+00:00, run_after=2023-11-02T17:02:45.663893+00:00
[2023-11-02T17:02:45.689+0000] {processor.py:176} INFO - Processing /home/airflow/.local/lib/python3.7/site-packages/airflow/example_dags/example_task_group_decorator.py took 0.162 seconds
[2023-11-02T17:03:16.564+0000] {processor.py:154} INFO - Started process (PID=205) to work on /home/airflow/.local/lib/python3.7/site-packages/airflow/example_dags/example_task_group_decorator.py
[2023-11-02T17:03:16.567+0000] {processor.py:756} INFO - Processing file /home/airflow/.local/lib/python3.7/site-packages/airflow/example_dags/example_task_group_decorator.py for tasks to queue
[2023-11-02T17:03:16.569+0000] {logging_mixin.py:120} INFO - [2023-11-02T17:03:16.568+0000] {dagbag.py:537} INFO - Filling up the DagBag from /home/airflow/.local/lib/python3.7/site-packages/airflow/example_dags/example_task_group_decorator.py
[2023-11-02T17:03:16.609+0000] {processor.py:766} INFO - DAG(s) dict_keys(['example_task_group_decorator']) retrieved from /home/airflow/.local/lib/python3.7/site-packages/airflow/example_dags/example_task_group_decorator.py
[2023-11-02T17:03:16.671+0000] {logging_mixin.py:120} INFO - [2023-11-02T17:03:16.671+0000] {dag.py:2585} INFO - Sync 1 DAGs
[2023-11-02T17:03:16.717+0000] {logging_mixin.py:120} INFO - [2023-11-02T17:03:16.717+0000] {dag.py:3340} INFO - Setting next_dagrun for example_task_group_decorator to 2023-11-01T17:03:16.716856+00:00, run_after=2023-11-02T17:03:16.716856+00:00
[2023-11-02T17:03:16.748+0000] {processor.py:176} INFO - Processing /home/airflow/.local/lib/python3.7/site-packages/airflow/example_dags/example_task_group_decorator.py took 0.186 seconds
[2023-11-02T17:03:47.237+0000] {processor.py:154} INFO - Started process (PID=281) to work on /home/airflow/.local/lib/python3.7/site-packages/airflow/example_dags/example_task_group_decorator.py
[2023-11-02T17:03:47.238+0000] {processor.py:756} INFO - Processing file /home/airflow/.local/lib/python3.7/site-packages/airflow/example_dags/example_task_group_decorator.py for tasks to queue
[2023-11-02T17:03:47.239+0000] {logging_mixin.py:120} INFO - [2023-11-02T17:03:47.239+0000] {dagbag.py:537} INFO - Filling up the DagBag from /home/airflow/.local/lib/python3.7/site-packages/airflow/example_dags/example_task_group_decorator.py
[2023-11-02T17:03:47.268+0000] {processor.py:766} INFO - DAG(s) dict_keys(['example_task_group_decorator']) retrieved from /home/airflow/.local/lib/python3.7/site-packages/airflow/example_dags/example_task_group_decorator.py
[2023-11-02T17:03:47.309+0000] {logging_mixin.py:120} INFO - [2023-11-02T17:03:47.309+0000] {dag.py:2585} INFO - Sync 1 DAGs
[2023-11-02T17:03:47.342+0000] {logging_mixin.py:120} INFO - [2023-11-02T17:03:47.342+0000] {dag.py:3340} INFO - Setting next_dagrun for example_task_group_decorator to 2023-11-01T17:03:47.342538+00:00, run_after=2023-11-02T17:03:47.342538+00:00
[2023-11-02T17:03:47.373+0000] {processor.py:176} INFO - Processing /home/airflow/.local/lib/python3.7/site-packages/airflow/example_dags/example_task_group_decorator.py took 0.139 seconds
[2023-11-02T17:04:17.669+0000] {processor.py:154} INFO - Started process (PID=358) to work on /home/airflow/.local/lib/python3.7/site-packages/airflow/example_dags/example_task_group_decorator.py
[2023-11-02T17:04:17.670+0000] {processor.py:756} INFO - Processing file /home/airflow/.local/lib/python3.7/site-packages/airflow/example_dags/example_task_group_decorator.py for tasks to queue
[2023-11-02T17:04:17.672+0000] {logging_mixin.py:120} INFO - [2023-11-02T17:04:17.671+0000] {dagbag.py:537} INFO - Filling up the DagBag from /home/airflow/.local/lib/python3.7/site-packages/airflow/example_dags/example_task_group_decorator.py
[2023-11-02T17:04:17.702+0000] {processor.py:766} INFO - DAG(s) dict_keys(['example_task_group_decorator']) retrieved from /home/airflow/.local/lib/python3.7/site-packages/airflow/example_dags/example_task_group_decorator.py
[2023-11-02T17:04:17.749+0000] {logging_mixin.py:120} INFO - [2023-11-02T17:04:17.749+0000] {dag.py:2585} INFO - Sync 1 DAGs
[2023-11-02T17:04:17.781+0000] {logging_mixin.py:120} INFO - [2023-11-02T17:04:17.780+0000] {dag.py:3340} INFO - Setting next_dagrun for example_task_group_decorator to 2023-11-01T17:04:17.780701+00:00, run_after=2023-11-02T17:04:17.780701+00:00
[2023-11-02T17:04:17.812+0000] {processor.py:176} INFO - Processing /home/airflow/.local/lib/python3.7/site-packages/airflow/example_dags/example_task_group_decorator.py took 0.146 seconds
[2023-11-02T17:04:48.758+0000] {processor.py:154} INFO - Started process (PID=425) to work on /home/airflow/.local/lib/python3.7/site-packages/airflow/example_dags/example_task_group_decorator.py
[2023-11-02T17:04:48.759+0000] {processor.py:756} INFO - Processing file /home/airflow/.local/lib/python3.7/site-packages/airflow/example_dags/example_task_group_decorator.py for tasks to queue
[2023-11-02T17:04:48.761+0000] {logging_mixin.py:120} INFO - [2023-11-02T17:04:48.761+0000] {dagbag.py:537} INFO - Filling up the DagBag from /home/airflow/.local/lib/python3.7/site-packages/airflow/example_dags/example_task_group_decorator.py
[2023-11-02T17:04:48.793+0000] {processor.py:766} INFO - DAG(s) dict_keys(['example_task_group_decorator']) retrieved from /home/airflow/.local/lib/python3.7/site-packages/airflow/example_dags/example_task_group_decorator.py
[2023-11-02T17:04:48.839+0000] {logging_mixin.py:120} INFO - [2023-11-02T17:04:48.839+0000] {dag.py:2585} INFO - Sync 1 DAGs
[2023-11-02T17:04:48.872+0000] {logging_mixin.py:120} INFO - [2023-11-02T17:04:48.872+0000] {dag.py:3340} INFO - Setting next_dagrun for example_task_group_decorator to 2023-11-01T17:04:48.872418+00:00, run_after=2023-11-02T17:04:48.872418+00:00
[2023-11-02T17:04:48.897+0000] {processor.py:176} INFO - Processing /home/airflow/.local/lib/python3.7/site-packages/airflow/example_dags/example_task_group_decorator.py took 0.142 seconds
[2023-11-02T17:05:19.099+0000] {processor.py:154} INFO - Started process (PID=499) to work on /home/airflow/.local/lib/python3.7/site-packages/airflow/example_dags/example_task_group_decorator.py
[2023-11-02T17:05:19.100+0000] {processor.py:756} INFO - Processing file /home/airflow/.local/lib/python3.7/site-packages/airflow/example_dags/example_task_group_decorator.py for tasks to queue
[2023-11-02T17:05:19.101+0000] {logging_mixin.py:120} INFO - [2023-11-02T17:05:19.101+0000] {dagbag.py:537} INFO - Filling up the DagBag from /home/airflow/.local/lib/python3.7/site-packages/airflow/example_dags/example_task_group_decorator.py
[2023-11-02T17:05:19.131+0000] {processor.py:766} INFO - DAG(s) dict_keys(['example_task_group_decorator']) retrieved from /home/airflow/.local/lib/python3.7/site-packages/airflow/example_dags/example_task_group_decorator.py
[2023-11-02T17:05:19.180+0000] {logging_mixin.py:120} INFO - [2023-11-02T17:05:19.179+0000] {dag.py:2585} INFO - Sync 1 DAGs
[2023-11-02T17:05:19.211+0000] {logging_mixin.py:120} INFO - [2023-11-02T17:05:19.211+0000] {dag.py:3340} INFO - Setting next_dagrun for example_task_group_decorator to 2023-11-01T17:05:19.211542+00:00, run_after=2023-11-02T17:05:19.211542+00:00
[2023-11-02T17:05:19.240+0000] {processor.py:176} INFO - Processing /home/airflow/.local/lib/python3.7/site-packages/airflow/example_dags/example_task_group_decorator.py took 0.143 seconds
[2023-11-02T17:05:49.964+0000] {processor.py:154} INFO - Started process (PID=565) to work on /home/airflow/.local/lib/python3.7/site-packages/airflow/example_dags/example_task_group_decorator.py
[2023-11-02T17:05:49.965+0000] {processor.py:756} INFO - Processing file /home/airflow/.local/lib/python3.7/site-packages/airflow/example_dags/example_task_group_decorator.py for tasks to queue
[2023-11-02T17:05:49.966+0000] {logging_mixin.py:120} INFO - [2023-11-02T17:05:49.966+0000] {dagbag.py:537} INFO - Filling up the DagBag from /home/airflow/.local/lib/python3.7/site-packages/airflow/example_dags/example_task_group_decorator.py
[2023-11-02T17:05:50.002+0000] {processor.py:766} INFO - DAG(s) dict_keys(['example_task_group_decorator']) retrieved from /home/airflow/.local/lib/python3.7/site-packages/airflow/example_dags/example_task_group_decorator.py
[2023-11-02T17:05:50.048+0000] {logging_mixin.py:120} INFO - [2023-11-02T17:05:50.047+0000] {dag.py:2585} INFO - Sync 1 DAGs
[2023-11-02T17:05:50.079+0000] {logging_mixin.py:120} INFO - [2023-11-02T17:05:50.079+0000] {dag.py:3340} INFO - Setting next_dagrun for example_task_group_decorator to 2023-11-01T17:05:50.079138+00:00, run_after=2023-11-02T17:05:50.079138+00:00
[2023-11-02T17:05:50.108+0000] {processor.py:176} INFO - Processing /home/airflow/.local/lib/python3.7/site-packages/airflow/example_dags/example_task_group_decorator.py took 0.147 seconds
