[2023-11-02T17:02:12.896+0000] {processor.py:154} INFO - Started process (PID=55) to work on /home/airflow/.local/lib/python3.7/site-packages/airflow/example_dags/example_latest_only_with_trigger.py
[2023-11-02T17:02:12.899+0000] {processor.py:756} INFO - Processing file /home/airflow/.local/lib/python3.7/site-packages/airflow/example_dags/example_latest_only_with_trigger.py for tasks to queue
[2023-11-02T17:02:12.901+0000] {logging_mixin.py:120} INFO - [2023-11-02T17:02:12.901+0000] {dagbag.py:537} INFO - Filling up the DagBag from /home/airflow/.local/lib/python3.7/site-packages/airflow/example_dags/example_latest_only_with_trigger.py
[2023-11-02T17:02:12.930+0000] {processor.py:766} INFO - DAG(s) dict_keys(['latest_only_with_trigger']) retrieved from /home/airflow/.local/lib/python3.7/site-packages/airflow/example_dags/example_latest_only_with_trigger.py
[2023-11-02T17:02:12.976+0000] {logging_mixin.py:120} INFO - [2023-11-02T17:02:12.976+0000] {dag.py:2585} INFO - Sync 1 DAGs
[2023-11-02T17:02:13.007+0000] {logging_mixin.py:120} INFO - [2023-11-02T17:02:13.007+0000] {dag.py:3340} INFO - Setting next_dagrun for latest_only_with_trigger to 2023-11-02T13:02:13.007492+00:00, run_after=2023-11-02T17:02:13.007492+00:00
[2023-11-02T17:02:13.039+0000] {processor.py:176} INFO - Processing /home/airflow/.local/lib/python3.7/site-packages/airflow/example_dags/example_latest_only_with_trigger.py took 0.147 seconds
[2023-11-02T17:02:44.355+0000] {processor.py:154} INFO - Started process (PID=130) to work on /home/airflow/.local/lib/python3.7/site-packages/airflow/example_dags/example_latest_only_with_trigger.py
[2023-11-02T17:02:44.356+0000] {processor.py:756} INFO - Processing file /home/airflow/.local/lib/python3.7/site-packages/airflow/example_dags/example_latest_only_with_trigger.py for tasks to queue
[2023-11-02T17:02:44.357+0000] {logging_mixin.py:120} INFO - [2023-11-02T17:02:44.357+0000] {dagbag.py:537} INFO - Filling up the DagBag from /home/airflow/.local/lib/python3.7/site-packages/airflow/example_dags/example_latest_only_with_trigger.py
[2023-11-02T17:02:44.380+0000] {processor.py:766} INFO - DAG(s) dict_keys(['latest_only_with_trigger']) retrieved from /home/airflow/.local/lib/python3.7/site-packages/airflow/example_dags/example_latest_only_with_trigger.py
[2023-11-02T17:02:44.448+0000] {logging_mixin.py:120} INFO - [2023-11-02T17:02:44.448+0000] {dag.py:2585} INFO - Sync 1 DAGs
[2023-11-02T17:02:44.499+0000] {logging_mixin.py:120} INFO - [2023-11-02T17:02:44.499+0000] {dag.py:3340} INFO - Setting next_dagrun for latest_only_with_trigger to 2023-11-02T13:02:44.498932+00:00, run_after=2023-11-02T17:02:44.498932+00:00
[2023-11-02T17:02:44.532+0000] {processor.py:176} INFO - Processing /home/airflow/.local/lib/python3.7/site-packages/airflow/example_dags/example_latest_only_with_trigger.py took 0.180 seconds
[2023-11-02T17:03:15.525+0000] {processor.py:154} INFO - Started process (PID=198) to work on /home/airflow/.local/lib/python3.7/site-packages/airflow/example_dags/example_latest_only_with_trigger.py
[2023-11-02T17:03:15.526+0000] {processor.py:756} INFO - Processing file /home/airflow/.local/lib/python3.7/site-packages/airflow/example_dags/example_latest_only_with_trigger.py for tasks to queue
[2023-11-02T17:03:15.530+0000] {logging_mixin.py:120} INFO - [2023-11-02T17:03:15.527+0000] {dagbag.py:537} INFO - Filling up the DagBag from /home/airflow/.local/lib/python3.7/site-packages/airflow/example_dags/example_latest_only_with_trigger.py
[2023-11-02T17:03:15.552+0000] {processor.py:766} INFO - DAG(s) dict_keys(['latest_only_with_trigger']) retrieved from /home/airflow/.local/lib/python3.7/site-packages/airflow/example_dags/example_latest_only_with_trigger.py
[2023-11-02T17:03:15.627+0000] {logging_mixin.py:120} INFO - [2023-11-02T17:03:15.627+0000] {dag.py:2585} INFO - Sync 1 DAGs
[2023-11-02T17:03:15.671+0000] {logging_mixin.py:120} INFO - [2023-11-02T17:03:15.671+0000] {dag.py:3340} INFO - Setting next_dagrun for latest_only_with_trigger to 2023-11-02T13:03:15.671174+00:00, run_after=2023-11-02T17:03:15.671174+00:00
[2023-11-02T17:03:15.714+0000] {processor.py:176} INFO - Processing /home/airflow/.local/lib/python3.7/site-packages/airflow/example_dags/example_latest_only_with_trigger.py took 0.192 seconds
[2023-11-02T17:03:45.885+0000] {processor.py:154} INFO - Started process (PID=272) to work on /home/airflow/.local/lib/python3.7/site-packages/airflow/example_dags/example_latest_only_with_trigger.py
[2023-11-02T17:03:45.886+0000] {processor.py:756} INFO - Processing file /home/airflow/.local/lib/python3.7/site-packages/airflow/example_dags/example_latest_only_with_trigger.py for tasks to queue
[2023-11-02T17:03:45.887+0000] {logging_mixin.py:120} INFO - [2023-11-02T17:03:45.887+0000] {dagbag.py:537} INFO - Filling up the DagBag from /home/airflow/.local/lib/python3.7/site-packages/airflow/example_dags/example_latest_only_with_trigger.py
[2023-11-02T17:03:45.901+0000] {processor.py:766} INFO - DAG(s) dict_keys(['latest_only_with_trigger']) retrieved from /home/airflow/.local/lib/python3.7/site-packages/airflow/example_dags/example_latest_only_with_trigger.py
[2023-11-02T17:03:45.943+0000] {logging_mixin.py:120} INFO - [2023-11-02T17:03:45.942+0000] {dag.py:2585} INFO - Sync 1 DAGs
[2023-11-02T17:03:45.974+0000] {logging_mixin.py:120} INFO - [2023-11-02T17:03:45.974+0000] {dag.py:3340} INFO - Setting next_dagrun for latest_only_with_trigger to 2023-11-02T13:03:45.974144+00:00, run_after=2023-11-02T17:03:45.974144+00:00
[2023-11-02T17:03:46.001+0000] {processor.py:176} INFO - Processing /home/airflow/.local/lib/python3.7/site-packages/airflow/example_dags/example_latest_only_with_trigger.py took 0.119 seconds
[2023-11-02T17:04:16.350+0000] {processor.py:154} INFO - Started process (PID=340) to work on /home/airflow/.local/lib/python3.7/site-packages/airflow/example_dags/example_latest_only_with_trigger.py
[2023-11-02T17:04:16.351+0000] {processor.py:756} INFO - Processing file /home/airflow/.local/lib/python3.7/site-packages/airflow/example_dags/example_latest_only_with_trigger.py for tasks to queue
[2023-11-02T17:04:16.352+0000] {logging_mixin.py:120} INFO - [2023-11-02T17:04:16.352+0000] {dagbag.py:537} INFO - Filling up the DagBag from /home/airflow/.local/lib/python3.7/site-packages/airflow/example_dags/example_latest_only_with_trigger.py
[2023-11-02T17:04:16.366+0000] {processor.py:766} INFO - DAG(s) dict_keys(['latest_only_with_trigger']) retrieved from /home/airflow/.local/lib/python3.7/site-packages/airflow/example_dags/example_latest_only_with_trigger.py
[2023-11-02T17:04:16.407+0000] {logging_mixin.py:120} INFO - [2023-11-02T17:04:16.407+0000] {dag.py:2585} INFO - Sync 1 DAGs
[2023-11-02T17:04:16.438+0000] {logging_mixin.py:120} INFO - [2023-11-02T17:04:16.437+0000] {dag.py:3340} INFO - Setting next_dagrun for latest_only_with_trigger to 2023-11-02T13:04:16.437767+00:00, run_after=2023-11-02T17:04:16.437767+00:00
[2023-11-02T17:04:16.468+0000] {processor.py:176} INFO - Processing /home/airflow/.local/lib/python3.7/site-packages/airflow/example_dags/example_latest_only_with_trigger.py took 0.120 seconds
[2023-11-02T17:04:46.678+0000] {processor.py:154} INFO - Started process (PID=415) to work on /home/airflow/.local/lib/python3.7/site-packages/airflow/example_dags/example_latest_only_with_trigger.py
[2023-11-02T17:04:46.679+0000] {processor.py:756} INFO - Processing file /home/airflow/.local/lib/python3.7/site-packages/airflow/example_dags/example_latest_only_with_trigger.py for tasks to queue
[2023-11-02T17:04:46.681+0000] {logging_mixin.py:120} INFO - [2023-11-02T17:04:46.681+0000] {dagbag.py:537} INFO - Filling up the DagBag from /home/airflow/.local/lib/python3.7/site-packages/airflow/example_dags/example_latest_only_with_trigger.py
[2023-11-02T17:04:46.697+0000] {processor.py:766} INFO - DAG(s) dict_keys(['latest_only_with_trigger']) retrieved from /home/airflow/.local/lib/python3.7/site-packages/airflow/example_dags/example_latest_only_with_trigger.py
[2023-11-02T17:04:46.753+0000] {logging_mixin.py:120} INFO - [2023-11-02T17:04:46.753+0000] {dag.py:2585} INFO - Sync 1 DAGs
[2023-11-02T17:04:46.788+0000] {logging_mixin.py:120} INFO - [2023-11-02T17:04:46.787+0000] {dag.py:3340} INFO - Setting next_dagrun for latest_only_with_trigger to 2023-11-02T13:04:46.787396+00:00, run_after=2023-11-02T17:04:46.787396+00:00
[2023-11-02T17:04:46.816+0000] {processor.py:176} INFO - Processing /home/airflow/.local/lib/python3.7/site-packages/airflow/example_dags/example_latest_only_with_trigger.py took 0.140 seconds
[2023-11-02T17:05:16.965+0000] {processor.py:154} INFO - Started process (PID=490) to work on /home/airflow/.local/lib/python3.7/site-packages/airflow/example_dags/example_latest_only_with_trigger.py
[2023-11-02T17:05:16.966+0000] {processor.py:756} INFO - Processing file /home/airflow/.local/lib/python3.7/site-packages/airflow/example_dags/example_latest_only_with_trigger.py for tasks to queue
[2023-11-02T17:05:16.968+0000] {logging_mixin.py:120} INFO - [2023-11-02T17:05:16.967+0000] {dagbag.py:537} INFO - Filling up the DagBag from /home/airflow/.local/lib/python3.7/site-packages/airflow/example_dags/example_latest_only_with_trigger.py
[2023-11-02T17:05:16.983+0000] {processor.py:766} INFO - DAG(s) dict_keys(['latest_only_with_trigger']) retrieved from /home/airflow/.local/lib/python3.7/site-packages/airflow/example_dags/example_latest_only_with_trigger.py
[2023-11-02T17:05:17.032+0000] {logging_mixin.py:120} INFO - [2023-11-02T17:05:17.032+0000] {dag.py:2585} INFO - Sync 1 DAGs
[2023-11-02T17:05:17.062+0000] {logging_mixin.py:120} INFO - [2023-11-02T17:05:17.062+0000] {dag.py:3340} INFO - Setting next_dagrun for latest_only_with_trigger to 2023-11-02T13:05:17.062561+00:00, run_after=2023-11-02T17:05:17.062561+00:00
[2023-11-02T17:05:17.092+0000] {processor.py:176} INFO - Processing /home/airflow/.local/lib/python3.7/site-packages/airflow/example_dags/example_latest_only_with_trigger.py took 0.130 seconds
[2023-11-02T17:05:47.520+0000] {processor.py:154} INFO - Started process (PID=555) to work on /home/airflow/.local/lib/python3.7/site-packages/airflow/example_dags/example_latest_only_with_trigger.py
[2023-11-02T17:05:47.521+0000] {processor.py:756} INFO - Processing file /home/airflow/.local/lib/python3.7/site-packages/airflow/example_dags/example_latest_only_with_trigger.py for tasks to queue
[2023-11-02T17:05:47.522+0000] {logging_mixin.py:120} INFO - [2023-11-02T17:05:47.522+0000] {dagbag.py:537} INFO - Filling up the DagBag from /home/airflow/.local/lib/python3.7/site-packages/airflow/example_dags/example_latest_only_with_trigger.py
[2023-11-02T17:05:47.539+0000] {processor.py:766} INFO - DAG(s) dict_keys(['latest_only_with_trigger']) retrieved from /home/airflow/.local/lib/python3.7/site-packages/airflow/example_dags/example_latest_only_with_trigger.py
[2023-11-02T17:05:47.595+0000] {logging_mixin.py:120} INFO - [2023-11-02T17:05:47.594+0000] {dag.py:2585} INFO - Sync 1 DAGs
[2023-11-02T17:05:47.629+0000] {logging_mixin.py:120} INFO - [2023-11-02T17:05:47.629+0000] {dag.py:3340} INFO - Setting next_dagrun for latest_only_with_trigger to 2023-11-02T13:05:47.628907+00:00, run_after=2023-11-02T17:05:47.628907+00:00
[2023-11-02T17:05:47.661+0000] {processor.py:176} INFO - Processing /home/airflow/.local/lib/python3.7/site-packages/airflow/example_dags/example_latest_only_with_trigger.py took 0.144 seconds
