[2023-11-02T17:02:12.292+0000] {processor.py:154} INFO - Started process (PID=53) to work on /home/airflow/.local/lib/python3.7/site-packages/airflow/example_dags/example_external_task_marker_dag.py
[2023-11-02T17:02:12.303+0000] {processor.py:756} INFO - Processing file /home/airflow/.local/lib/python3.7/site-packages/airflow/example_dags/example_external_task_marker_dag.py for tasks to queue
[2023-11-02T17:02:12.304+0000] {logging_mixin.py:120} INFO - [2023-11-02T17:02:12.304+0000] {dagbag.py:537} INFO - Filling up the DagBag from /home/airflow/.local/lib/python3.7/site-packages/airflow/example_dags/example_external_task_marker_dag.py
[2023-11-02T17:02:12.328+0000] {processor.py:766} INFO - DAG(s) dict_keys(['example_external_task_marker_child', 'example_external_task_marker_parent']) retrieved from /home/airflow/.local/lib/python3.7/site-packages/airflow/example_dags/example_external_task_marker_dag.py
[2023-11-02T17:02:12.778+0000] {logging_mixin.py:120} INFO - [2023-11-02T17:02:12.778+0000] {dag.py:2585} INFO - Sync 2 DAGs
[2023-11-02T17:02:12.812+0000] {logging_mixin.py:120} INFO - [2023-11-02T17:02:12.812+0000] {dag.py:3340} INFO - Setting next_dagrun for example_external_task_marker_child to None, run_after=None
[2023-11-02T17:02:12.818+0000] {logging_mixin.py:120} INFO - [2023-11-02T17:02:12.818+0000] {dag.py:3340} INFO - Setting next_dagrun for example_external_task_marker_parent to None, run_after=None
[2023-11-02T17:02:12.851+0000] {processor.py:176} INFO - Processing /home/airflow/.local/lib/python3.7/site-packages/airflow/example_dags/example_external_task_marker_dag.py took 0.576 seconds
[2023-11-02T17:02:43.780+0000] {processor.py:154} INFO - Started process (PID=128) to work on /home/airflow/.local/lib/python3.7/site-packages/airflow/example_dags/example_external_task_marker_dag.py
[2023-11-02T17:02:43.782+0000] {processor.py:756} INFO - Processing file /home/airflow/.local/lib/python3.7/site-packages/airflow/example_dags/example_external_task_marker_dag.py for tasks to queue
[2023-11-02T17:02:43.783+0000] {logging_mixin.py:120} INFO - [2023-11-02T17:02:43.783+0000] {dagbag.py:537} INFO - Filling up the DagBag from /home/airflow/.local/lib/python3.7/site-packages/airflow/example_dags/example_external_task_marker_dag.py
[2023-11-02T17:02:43.806+0000] {processor.py:766} INFO - DAG(s) dict_keys(['example_external_task_marker_parent', 'example_external_task_marker_child']) retrieved from /home/airflow/.local/lib/python3.7/site-packages/airflow/example_dags/example_external_task_marker_dag.py
[2023-11-02T17:02:44.104+0000] {logging_mixin.py:120} INFO - [2023-11-02T17:02:44.104+0000] {dag.py:2585} INFO - Sync 2 DAGs
[2023-11-02T17:02:44.156+0000] {logging_mixin.py:120} INFO - [2023-11-02T17:02:44.155+0000] {dag.py:3340} INFO - Setting next_dagrun for example_external_task_marker_child to None, run_after=None
[2023-11-02T17:02:44.173+0000] {logging_mixin.py:120} INFO - [2023-11-02T17:02:44.172+0000] {dag.py:3340} INFO - Setting next_dagrun for example_external_task_marker_parent to None, run_after=None
[2023-11-02T17:02:44.246+0000] {processor.py:176} INFO - Processing /home/airflow/.local/lib/python3.7/site-packages/airflow/example_dags/example_external_task_marker_dag.py took 0.469 seconds
[2023-11-02T17:03:15.073+0000] {processor.py:154} INFO - Started process (PID=196) to work on /home/airflow/.local/lib/python3.7/site-packages/airflow/example_dags/example_external_task_marker_dag.py
[2023-11-02T17:03:15.075+0000] {processor.py:756} INFO - Processing file /home/airflow/.local/lib/python3.7/site-packages/airflow/example_dags/example_external_task_marker_dag.py for tasks to queue
[2023-11-02T17:03:15.076+0000] {logging_mixin.py:120} INFO - [2023-11-02T17:03:15.076+0000] {dagbag.py:537} INFO - Filling up the DagBag from /home/airflow/.local/lib/python3.7/site-packages/airflow/example_dags/example_external_task_marker_dag.py
[2023-11-02T17:03:15.092+0000] {processor.py:766} INFO - DAG(s) dict_keys(['example_external_task_marker_child', 'example_external_task_marker_parent']) retrieved from /home/airflow/.local/lib/python3.7/site-packages/airflow/example_dags/example_external_task_marker_dag.py
[2023-11-02T17:03:15.395+0000] {logging_mixin.py:120} INFO - [2023-11-02T17:03:15.395+0000] {dag.py:2585} INFO - Sync 2 DAGs
[2023-11-02T17:03:15.433+0000] {logging_mixin.py:120} INFO - [2023-11-02T17:03:15.433+0000] {dag.py:3340} INFO - Setting next_dagrun for example_external_task_marker_child to None, run_after=None
[2023-11-02T17:03:15.439+0000] {logging_mixin.py:120} INFO - [2023-11-02T17:03:15.438+0000] {dag.py:3340} INFO - Setting next_dagrun for example_external_task_marker_parent to None, run_after=None
[2023-11-02T17:03:15.474+0000] {processor.py:176} INFO - Processing /home/airflow/.local/lib/python3.7/site-packages/airflow/example_dags/example_external_task_marker_dag.py took 0.403 seconds
[2023-11-02T17:03:45.885+0000] {processor.py:154} INFO - Started process (PID=271) to work on /home/airflow/.local/lib/python3.7/site-packages/airflow/example_dags/example_external_task_marker_dag.py
[2023-11-02T17:03:45.886+0000] {processor.py:756} INFO - Processing file /home/airflow/.local/lib/python3.7/site-packages/airflow/example_dags/example_external_task_marker_dag.py for tasks to queue
[2023-11-02T17:03:45.887+0000] {logging_mixin.py:120} INFO - [2023-11-02T17:03:45.887+0000] {dagbag.py:537} INFO - Filling up the DagBag from /home/airflow/.local/lib/python3.7/site-packages/airflow/example_dags/example_external_task_marker_dag.py
[2023-11-02T17:03:45.900+0000] {processor.py:766} INFO - DAG(s) dict_keys(['example_external_task_marker_child', 'example_external_task_marker_parent']) retrieved from /home/airflow/.local/lib/python3.7/site-packages/airflow/example_dags/example_external_task_marker_dag.py
[2023-11-02T17:03:46.151+0000] {logging_mixin.py:120} INFO - [2023-11-02T17:03:46.150+0000] {dag.py:2585} INFO - Sync 2 DAGs
[2023-11-02T17:03:46.183+0000] {logging_mixin.py:120} INFO - [2023-11-02T17:03:46.183+0000] {dag.py:3340} INFO - Setting next_dagrun for example_external_task_marker_child to None, run_after=None
[2023-11-02T17:03:46.188+0000] {logging_mixin.py:120} INFO - [2023-11-02T17:03:46.188+0000] {dag.py:3340} INFO - Setting next_dagrun for example_external_task_marker_parent to None, run_after=None
[2023-11-02T17:03:46.215+0000] {processor.py:176} INFO - Processing /home/airflow/.local/lib/python3.7/site-packages/airflow/example_dags/example_external_task_marker_dag.py took 0.333 seconds
[2023-11-02T17:04:16.350+0000] {processor.py:154} INFO - Started process (PID=339) to work on /home/airflow/.local/lib/python3.7/site-packages/airflow/example_dags/example_external_task_marker_dag.py
[2023-11-02T17:04:16.351+0000] {processor.py:756} INFO - Processing file /home/airflow/.local/lib/python3.7/site-packages/airflow/example_dags/example_external_task_marker_dag.py for tasks to queue
[2023-11-02T17:04:16.353+0000] {logging_mixin.py:120} INFO - [2023-11-02T17:04:16.352+0000] {dagbag.py:537} INFO - Filling up the DagBag from /home/airflow/.local/lib/python3.7/site-packages/airflow/example_dags/example_external_task_marker_dag.py
[2023-11-02T17:04:16.366+0000] {processor.py:766} INFO - DAG(s) dict_keys(['example_external_task_marker_parent', 'example_external_task_marker_child']) retrieved from /home/airflow/.local/lib/python3.7/site-packages/airflow/example_dags/example_external_task_marker_dag.py
[2023-11-02T17:04:16.614+0000] {logging_mixin.py:120} INFO - [2023-11-02T17:04:16.614+0000] {dag.py:2585} INFO - Sync 2 DAGs
[2023-11-02T17:04:16.645+0000] {logging_mixin.py:120} INFO - [2023-11-02T17:04:16.645+0000] {dag.py:3340} INFO - Setting next_dagrun for example_external_task_marker_child to None, run_after=None
[2023-11-02T17:04:16.651+0000] {logging_mixin.py:120} INFO - [2023-11-02T17:04:16.650+0000] {dag.py:3340} INFO - Setting next_dagrun for example_external_task_marker_parent to None, run_after=None
[2023-11-02T17:04:16.674+0000] {processor.py:176} INFO - Processing /home/airflow/.local/lib/python3.7/site-packages/airflow/example_dags/example_external_task_marker_dag.py took 0.327 seconds
[2023-11-02T17:04:46.868+0000] {processor.py:154} INFO - Started process (PID=416) to work on /home/airflow/.local/lib/python3.7/site-packages/airflow/example_dags/example_external_task_marker_dag.py
[2023-11-02T17:04:46.870+0000] {processor.py:756} INFO - Processing file /home/airflow/.local/lib/python3.7/site-packages/airflow/example_dags/example_external_task_marker_dag.py for tasks to queue
[2023-11-02T17:04:46.871+0000] {logging_mixin.py:120} INFO - [2023-11-02T17:04:46.871+0000] {dagbag.py:537} INFO - Filling up the DagBag from /home/airflow/.local/lib/python3.7/site-packages/airflow/example_dags/example_external_task_marker_dag.py
[2023-11-02T17:04:46.884+0000] {processor.py:766} INFO - DAG(s) dict_keys(['example_external_task_marker_child', 'example_external_task_marker_parent']) retrieved from /home/airflow/.local/lib/python3.7/site-packages/airflow/example_dags/example_external_task_marker_dag.py
[2023-11-02T17:04:47.128+0000] {logging_mixin.py:120} INFO - [2023-11-02T17:04:47.128+0000] {dag.py:2585} INFO - Sync 2 DAGs
[2023-11-02T17:04:47.162+0000] {logging_mixin.py:120} INFO - [2023-11-02T17:04:47.162+0000] {dag.py:3340} INFO - Setting next_dagrun for example_external_task_marker_child to None, run_after=None
[2023-11-02T17:04:47.167+0000] {logging_mixin.py:120} INFO - [2023-11-02T17:04:47.167+0000] {dag.py:3340} INFO - Setting next_dagrun for example_external_task_marker_parent to None, run_after=None
[2023-11-02T17:04:47.194+0000] {processor.py:176} INFO - Processing /home/airflow/.local/lib/python3.7/site-packages/airflow/example_dags/example_external_task_marker_dag.py took 0.328 seconds
[2023-11-02T17:05:17.322+0000] {processor.py:154} INFO - Started process (PID=493) to work on /home/airflow/.local/lib/python3.7/site-packages/airflow/example_dags/example_external_task_marker_dag.py
[2023-11-02T17:05:17.323+0000] {processor.py:756} INFO - Processing file /home/airflow/.local/lib/python3.7/site-packages/airflow/example_dags/example_external_task_marker_dag.py for tasks to queue
[2023-11-02T17:05:17.324+0000] {logging_mixin.py:120} INFO - [2023-11-02T17:05:17.324+0000] {dagbag.py:537} INFO - Filling up the DagBag from /home/airflow/.local/lib/python3.7/site-packages/airflow/example_dags/example_external_task_marker_dag.py
[2023-11-02T17:05:17.339+0000] {processor.py:766} INFO - DAG(s) dict_keys(['example_external_task_marker_parent', 'example_external_task_marker_child']) retrieved from /home/airflow/.local/lib/python3.7/site-packages/airflow/example_dags/example_external_task_marker_dag.py
[2023-11-02T17:05:17.592+0000] {logging_mixin.py:120} INFO - [2023-11-02T17:05:17.592+0000] {dag.py:2585} INFO - Sync 2 DAGs
[2023-11-02T17:05:17.627+0000] {logging_mixin.py:120} INFO - [2023-11-02T17:05:17.627+0000] {dag.py:3340} INFO - Setting next_dagrun for example_external_task_marker_child to None, run_after=None
[2023-11-02T17:05:17.633+0000] {logging_mixin.py:120} INFO - [2023-11-02T17:05:17.632+0000] {dag.py:3340} INFO - Setting next_dagrun for example_external_task_marker_parent to None, run_after=None
[2023-11-02T17:05:17.659+0000] {processor.py:176} INFO - Processing /home/airflow/.local/lib/python3.7/site-packages/airflow/example_dags/example_external_task_marker_dag.py took 0.339 seconds
[2023-11-02T17:05:47.832+0000] {processor.py:154} INFO - Started process (PID=558) to work on /home/airflow/.local/lib/python3.7/site-packages/airflow/example_dags/example_external_task_marker_dag.py
[2023-11-02T17:05:47.834+0000] {processor.py:756} INFO - Processing file /home/airflow/.local/lib/python3.7/site-packages/airflow/example_dags/example_external_task_marker_dag.py for tasks to queue
[2023-11-02T17:05:47.835+0000] {logging_mixin.py:120} INFO - [2023-11-02T17:05:47.835+0000] {dagbag.py:537} INFO - Filling up the DagBag from /home/airflow/.local/lib/python3.7/site-packages/airflow/example_dags/example_external_task_marker_dag.py
[2023-11-02T17:05:47.852+0000] {processor.py:766} INFO - DAG(s) dict_keys(['example_external_task_marker_parent', 'example_external_task_marker_child']) retrieved from /home/airflow/.local/lib/python3.7/site-packages/airflow/example_dags/example_external_task_marker_dag.py
[2023-11-02T17:05:48.236+0000] {logging_mixin.py:120} INFO - [2023-11-02T17:05:48.236+0000] {dag.py:2585} INFO - Sync 2 DAGs
[2023-11-02T17:05:48.287+0000] {logging_mixin.py:120} INFO - [2023-11-02T17:05:48.287+0000] {dag.py:3340} INFO - Setting next_dagrun for example_external_task_marker_child to None, run_after=None
[2023-11-02T17:05:48.296+0000] {logging_mixin.py:120} INFO - [2023-11-02T17:05:48.296+0000] {dag.py:3340} INFO - Setting next_dagrun for example_external_task_marker_parent to None, run_after=None
[2023-11-02T17:05:48.324+0000] {processor.py:176} INFO - Processing /home/airflow/.local/lib/python3.7/site-packages/airflow/example_dags/example_external_task_marker_dag.py took 0.504 seconds
