[2023-11-02T17:02:16.049+0000] {processor.py:154} INFO - Started process (PID=76) to work on /home/airflow/.local/lib/python3.7/site-packages/airflow/example_dags/example_latest_only.py
[2023-11-02T17:02:16.053+0000] {processor.py:756} INFO - Processing file /home/airflow/.local/lib/python3.7/site-packages/airflow/example_dags/example_latest_only.py for tasks to queue
[2023-11-02T17:02:16.054+0000] {logging_mixin.py:120} INFO - [2023-11-02T17:02:16.054+0000] {dagbag.py:537} INFO - Filling up the DagBag from /home/airflow/.local/lib/python3.7/site-packages/airflow/example_dags/example_latest_only.py
[2023-11-02T17:02:16.072+0000] {processor.py:766} INFO - DAG(s) dict_keys(['latest_only']) retrieved from /home/airflow/.local/lib/python3.7/site-packages/airflow/example_dags/example_latest_only.py
[2023-11-02T17:02:16.117+0000] {logging_mixin.py:120} INFO - [2023-11-02T17:02:16.117+0000] {dag.py:2585} INFO - Sync 1 DAGs
[2023-11-02T17:02:16.148+0000] {logging_mixin.py:120} INFO - [2023-11-02T17:02:16.148+0000] {dag.py:3340} INFO - Setting next_dagrun for latest_only to 2023-11-02T13:02:16.147921+00:00, run_after=2023-11-02T17:02:16.147921+00:00
[2023-11-02T17:02:16.177+0000] {processor.py:176} INFO - Processing /home/airflow/.local/lib/python3.7/site-packages/airflow/example_dags/example_latest_only.py took 0.130 seconds
[2023-11-02T17:02:46.806+0000] {processor.py:154} INFO - Started process (PID=150) to work on /home/airflow/.local/lib/python3.7/site-packages/airflow/example_dags/example_latest_only.py
[2023-11-02T17:02:46.807+0000] {processor.py:756} INFO - Processing file /home/airflow/.local/lib/python3.7/site-packages/airflow/example_dags/example_latest_only.py for tasks to queue
[2023-11-02T17:02:46.808+0000] {logging_mixin.py:120} INFO - [2023-11-02T17:02:46.808+0000] {dagbag.py:537} INFO - Filling up the DagBag from /home/airflow/.local/lib/python3.7/site-packages/airflow/example_dags/example_latest_only.py
[2023-11-02T17:02:46.822+0000] {processor.py:766} INFO - DAG(s) dict_keys(['latest_only']) retrieved from /home/airflow/.local/lib/python3.7/site-packages/airflow/example_dags/example_latest_only.py
[2023-11-02T17:02:46.866+0000] {logging_mixin.py:120} INFO - [2023-11-02T17:02:46.865+0000] {dag.py:2585} INFO - Sync 1 DAGs
[2023-11-02T17:02:46.899+0000] {logging_mixin.py:120} INFO - [2023-11-02T17:02:46.899+0000] {dag.py:3340} INFO - Setting next_dagrun for latest_only to 2023-11-02T13:02:46.899338+00:00, run_after=2023-11-02T17:02:46.899338+00:00
[2023-11-02T17:02:46.926+0000] {processor.py:176} INFO - Processing /home/airflow/.local/lib/python3.7/site-packages/airflow/example_dags/example_latest_only.py took 0.122 seconds
[2023-11-02T17:03:18.512+0000] {processor.py:154} INFO - Started process (PID=226) to work on /home/airflow/.local/lib/python3.7/site-packages/airflow/example_dags/example_latest_only.py
[2023-11-02T17:03:18.518+0000] {processor.py:756} INFO - Processing file /home/airflow/.local/lib/python3.7/site-packages/airflow/example_dags/example_latest_only.py for tasks to queue
[2023-11-02T17:03:18.519+0000] {logging_mixin.py:120} INFO - [2023-11-02T17:03:18.519+0000] {dagbag.py:537} INFO - Filling up the DagBag from /home/airflow/.local/lib/python3.7/site-packages/airflow/example_dags/example_latest_only.py
[2023-11-02T17:03:18.571+0000] {processor.py:766} INFO - DAG(s) dict_keys(['latest_only']) retrieved from /home/airflow/.local/lib/python3.7/site-packages/airflow/example_dags/example_latest_only.py
[2023-11-02T17:03:18.662+0000] {logging_mixin.py:120} INFO - [2023-11-02T17:03:18.662+0000] {dag.py:2585} INFO - Sync 1 DAGs
[2023-11-02T17:03:18.733+0000] {logging_mixin.py:120} INFO - [2023-11-02T17:03:18.733+0000] {dag.py:3340} INFO - Setting next_dagrun for latest_only to 2023-11-02T13:03:18.732852+00:00, run_after=2023-11-02T17:03:18.732852+00:00
[2023-11-02T17:03:18.817+0000] {processor.py:176} INFO - Processing /home/airflow/.local/lib/python3.7/site-packages/airflow/example_dags/example_latest_only.py took 0.308 seconds
[2023-11-02T17:03:48.889+0000] {processor.py:154} INFO - Started process (PID=295) to work on /home/airflow/.local/lib/python3.7/site-packages/airflow/example_dags/example_latest_only.py
[2023-11-02T17:03:48.890+0000] {processor.py:756} INFO - Processing file /home/airflow/.local/lib/python3.7/site-packages/airflow/example_dags/example_latest_only.py for tasks to queue
[2023-11-02T17:03:48.891+0000] {logging_mixin.py:120} INFO - [2023-11-02T17:03:48.891+0000] {dagbag.py:537} INFO - Filling up the DagBag from /home/airflow/.local/lib/python3.7/site-packages/airflow/example_dags/example_latest_only.py
[2023-11-02T17:03:48.903+0000] {processor.py:766} INFO - DAG(s) dict_keys(['latest_only']) retrieved from /home/airflow/.local/lib/python3.7/site-packages/airflow/example_dags/example_latest_only.py
[2023-11-02T17:03:48.944+0000] {logging_mixin.py:120} INFO - [2023-11-02T17:03:48.944+0000] {dag.py:2585} INFO - Sync 1 DAGs
[2023-11-02T17:03:48.975+0000] {logging_mixin.py:120} INFO - [2023-11-02T17:03:48.975+0000] {dag.py:3340} INFO - Setting next_dagrun for latest_only to 2023-11-02T13:03:48.975504+00:00, run_after=2023-11-02T17:03:48.975504+00:00
[2023-11-02T17:03:49.002+0000] {processor.py:176} INFO - Processing /home/airflow/.local/lib/python3.7/site-packages/airflow/example_dags/example_latest_only.py took 0.116 seconds
[2023-11-02T17:04:19.423+0000] {processor.py:154} INFO - Started process (PID=372) to work on /home/airflow/.local/lib/python3.7/site-packages/airflow/example_dags/example_latest_only.py
[2023-11-02T17:04:19.424+0000] {processor.py:756} INFO - Processing file /home/airflow/.local/lib/python3.7/site-packages/airflow/example_dags/example_latest_only.py for tasks to queue
[2023-11-02T17:04:19.425+0000] {logging_mixin.py:120} INFO - [2023-11-02T17:04:19.425+0000] {dagbag.py:537} INFO - Filling up the DagBag from /home/airflow/.local/lib/python3.7/site-packages/airflow/example_dags/example_latest_only.py
[2023-11-02T17:04:19.440+0000] {processor.py:766} INFO - DAG(s) dict_keys(['latest_only']) retrieved from /home/airflow/.local/lib/python3.7/site-packages/airflow/example_dags/example_latest_only.py
[2023-11-02T17:04:19.481+0000] {logging_mixin.py:120} INFO - [2023-11-02T17:04:19.480+0000] {dag.py:2585} INFO - Sync 1 DAGs
[2023-11-02T17:04:19.514+0000] {logging_mixin.py:120} INFO - [2023-11-02T17:04:19.514+0000] {dag.py:3340} INFO - Setting next_dagrun for latest_only to 2023-11-02T13:04:19.514543+00:00, run_after=2023-11-02T17:04:19.514543+00:00
[2023-11-02T17:04:19.565+0000] {processor.py:176} INFO - Processing /home/airflow/.local/lib/python3.7/site-packages/airflow/example_dags/example_latest_only.py took 0.145 seconds
[2023-11-02T17:04:50.538+0000] {processor.py:154} INFO - Started process (PID=439) to work on /home/airflow/.local/lib/python3.7/site-packages/airflow/example_dags/example_latest_only.py
[2023-11-02T17:04:50.539+0000] {processor.py:756} INFO - Processing file /home/airflow/.local/lib/python3.7/site-packages/airflow/example_dags/example_latest_only.py for tasks to queue
[2023-11-02T17:04:50.541+0000] {logging_mixin.py:120} INFO - [2023-11-02T17:04:50.540+0000] {dagbag.py:537} INFO - Filling up the DagBag from /home/airflow/.local/lib/python3.7/site-packages/airflow/example_dags/example_latest_only.py
[2023-11-02T17:04:50.555+0000] {processor.py:766} INFO - DAG(s) dict_keys(['latest_only']) retrieved from /home/airflow/.local/lib/python3.7/site-packages/airflow/example_dags/example_latest_only.py
[2023-11-02T17:04:50.603+0000] {logging_mixin.py:120} INFO - [2023-11-02T17:04:50.603+0000] {dag.py:2585} INFO - Sync 1 DAGs
[2023-11-02T17:04:50.636+0000] {logging_mixin.py:120} INFO - [2023-11-02T17:04:50.636+0000] {dag.py:3340} INFO - Setting next_dagrun for latest_only to 2023-11-02T13:04:50.636302+00:00, run_after=2023-11-02T17:04:50.636302+00:00
[2023-11-02T17:04:50.662+0000] {processor.py:176} INFO - Processing /home/airflow/.local/lib/python3.7/site-packages/airflow/example_dags/example_latest_only.py took 0.126 seconds
[2023-11-02T17:05:20.890+0000] {processor.py:154} INFO - Started process (PID=515) to work on /home/airflow/.local/lib/python3.7/site-packages/airflow/example_dags/example_latest_only.py
[2023-11-02T17:05:20.891+0000] {processor.py:756} INFO - Processing file /home/airflow/.local/lib/python3.7/site-packages/airflow/example_dags/example_latest_only.py for tasks to queue
[2023-11-02T17:05:20.893+0000] {logging_mixin.py:120} INFO - [2023-11-02T17:05:20.892+0000] {dagbag.py:537} INFO - Filling up the DagBag from /home/airflow/.local/lib/python3.7/site-packages/airflow/example_dags/example_latest_only.py
[2023-11-02T17:05:20.907+0000] {processor.py:766} INFO - DAG(s) dict_keys(['latest_only']) retrieved from /home/airflow/.local/lib/python3.7/site-packages/airflow/example_dags/example_latest_only.py
[2023-11-02T17:05:20.951+0000] {logging_mixin.py:120} INFO - [2023-11-02T17:05:20.951+0000] {dag.py:2585} INFO - Sync 1 DAGs
[2023-11-02T17:05:20.983+0000] {logging_mixin.py:120} INFO - [2023-11-02T17:05:20.983+0000] {dag.py:3340} INFO - Setting next_dagrun for latest_only to 2023-11-02T13:05:20.982843+00:00, run_after=2023-11-02T17:05:20.982843+00:00
[2023-11-02T17:05:21.011+0000] {processor.py:176} INFO - Processing /home/airflow/.local/lib/python3.7/site-packages/airflow/example_dags/example_latest_only.py took 0.123 seconds
[2023-11-02T17:05:52.237+0000] {processor.py:154} INFO - Started process (PID=590) to work on /home/airflow/.local/lib/python3.7/site-packages/airflow/example_dags/example_latest_only.py
[2023-11-02T17:05:52.238+0000] {processor.py:756} INFO - Processing file /home/airflow/.local/lib/python3.7/site-packages/airflow/example_dags/example_latest_only.py for tasks to queue
[2023-11-02T17:05:52.239+0000] {logging_mixin.py:120} INFO - [2023-11-02T17:05:52.239+0000] {dagbag.py:537} INFO - Filling up the DagBag from /home/airflow/.local/lib/python3.7/site-packages/airflow/example_dags/example_latest_only.py
[2023-11-02T17:05:52.252+0000] {processor.py:766} INFO - DAG(s) dict_keys(['latest_only']) retrieved from /home/airflow/.local/lib/python3.7/site-packages/airflow/example_dags/example_latest_only.py
[2023-11-02T17:05:52.301+0000] {logging_mixin.py:120} INFO - [2023-11-02T17:05:52.301+0000] {dag.py:2585} INFO - Sync 1 DAGs
[2023-11-02T17:05:52.331+0000] {logging_mixin.py:120} INFO - [2023-11-02T17:05:52.331+0000] {dag.py:3340} INFO - Setting next_dagrun for latest_only to 2023-11-02T13:05:52.331339+00:00, run_after=2023-11-02T17:05:52.331339+00:00
[2023-11-02T17:05:52.359+0000] {processor.py:176} INFO - Processing /home/airflow/.local/lib/python3.7/site-packages/airflow/example_dags/example_latest_only.py took 0.124 seconds
