[2023-11-02T17:02:18.035+0000] {processor.py:154} INFO - Started process (PID=92) to work on /home/airflow/.local/lib/python3.7/site-packages/airflow/example_dags/example_bash_operator.py
[2023-11-02T17:02:18.040+0000] {processor.py:756} INFO - Processing file /home/airflow/.local/lib/python3.7/site-packages/airflow/example_dags/example_bash_operator.py for tasks to queue
[2023-11-02T17:02:18.042+0000] {logging_mixin.py:120} INFO - [2023-11-02T17:02:18.041+0000] {dagbag.py:537} INFO - Filling up the DagBag from /home/airflow/.local/lib/python3.7/site-packages/airflow/example_dags/example_bash_operator.py
[2023-11-02T17:02:18.176+0000] {processor.py:766} INFO - DAG(s) dict_keys(['example_bash_operator']) retrieved from /home/airflow/.local/lib/python3.7/site-packages/airflow/example_dags/example_bash_operator.py
[2023-11-02T17:02:18.454+0000] {logging_mixin.py:120} INFO - [2023-11-02T17:02:18.426+0000] {dag.py:2585} INFO - Sync 1 DAGs
[2023-11-02T17:02:18.716+0000] {logging_mixin.py:120} INFO - [2023-11-02T17:02:18.716+0000] {dag.py:3340} INFO - Setting next_dagrun for example_bash_operator to 2023-11-01T00:00:00+00:00, run_after=2023-11-02T00:00:00+00:00
[2023-11-02T17:02:18.870+0000] {processor.py:176} INFO - Processing /home/airflow/.local/lib/python3.7/site-packages/airflow/example_dags/example_bash_operator.py took 0.850 seconds
[2023-11-02T17:02:49.019+0000] {processor.py:154} INFO - Started process (PID=160) to work on /home/airflow/.local/lib/python3.7/site-packages/airflow/example_dags/example_bash_operator.py
[2023-11-02T17:02:49.021+0000] {processor.py:756} INFO - Processing file /home/airflow/.local/lib/python3.7/site-packages/airflow/example_dags/example_bash_operator.py for tasks to queue
[2023-11-02T17:02:49.022+0000] {logging_mixin.py:120} INFO - [2023-11-02T17:02:49.022+0000] {dagbag.py:537} INFO - Filling up the DagBag from /home/airflow/.local/lib/python3.7/site-packages/airflow/example_dags/example_bash_operator.py
[2023-11-02T17:02:49.048+0000] {processor.py:766} INFO - DAG(s) dict_keys(['example_bash_operator']) retrieved from /home/airflow/.local/lib/python3.7/site-packages/airflow/example_dags/example_bash_operator.py
[2023-11-02T17:02:49.109+0000] {logging_mixin.py:120} INFO - [2023-11-02T17:02:49.109+0000] {dag.py:2585} INFO - Sync 1 DAGs
[2023-11-02T17:02:49.140+0000] {logging_mixin.py:120} INFO - [2023-11-02T17:02:49.140+0000] {dag.py:3340} INFO - Setting next_dagrun for example_bash_operator to 2023-11-01T00:00:00+00:00, run_after=2023-11-02T00:00:00+00:00
[2023-11-02T17:02:49.171+0000] {processor.py:176} INFO - Processing /home/airflow/.local/lib/python3.7/site-packages/airflow/example_dags/example_bash_operator.py took 0.155 seconds
[2023-11-02T17:03:19.680+0000] {processor.py:154} INFO - Started process (PID=237) to work on /home/airflow/.local/lib/python3.7/site-packages/airflow/example_dags/example_bash_operator.py
[2023-11-02T17:03:19.681+0000] {processor.py:756} INFO - Processing file /home/airflow/.local/lib/python3.7/site-packages/airflow/example_dags/example_bash_operator.py for tasks to queue
[2023-11-02T17:03:19.683+0000] {logging_mixin.py:120} INFO - [2023-11-02T17:03:19.682+0000] {dagbag.py:537} INFO - Filling up the DagBag from /home/airflow/.local/lib/python3.7/site-packages/airflow/example_dags/example_bash_operator.py
[2023-11-02T17:03:19.707+0000] {processor.py:766} INFO - DAG(s) dict_keys(['example_bash_operator']) retrieved from /home/airflow/.local/lib/python3.7/site-packages/airflow/example_dags/example_bash_operator.py
[2023-11-02T17:03:19.765+0000] {logging_mixin.py:120} INFO - [2023-11-02T17:03:19.765+0000] {dag.py:2585} INFO - Sync 1 DAGs
[2023-11-02T17:03:19.806+0000] {logging_mixin.py:120} INFO - [2023-11-02T17:03:19.806+0000] {dag.py:3340} INFO - Setting next_dagrun for example_bash_operator to 2023-11-01T00:00:00+00:00, run_after=2023-11-02T00:00:00+00:00
[2023-11-02T17:03:19.831+0000] {processor.py:176} INFO - Processing /home/airflow/.local/lib/python3.7/site-packages/airflow/example_dags/example_bash_operator.py took 0.154 seconds
[2023-11-02T17:03:50.114+0000] {processor.py:154} INFO - Started process (PID=304) to work on /home/airflow/.local/lib/python3.7/site-packages/airflow/example_dags/example_bash_operator.py
[2023-11-02T17:03:50.115+0000] {processor.py:756} INFO - Processing file /home/airflow/.local/lib/python3.7/site-packages/airflow/example_dags/example_bash_operator.py for tasks to queue
[2023-11-02T17:03:50.116+0000] {logging_mixin.py:120} INFO - [2023-11-02T17:03:50.116+0000] {dagbag.py:537} INFO - Filling up the DagBag from /home/airflow/.local/lib/python3.7/site-packages/airflow/example_dags/example_bash_operator.py
[2023-11-02T17:03:50.140+0000] {processor.py:766} INFO - DAG(s) dict_keys(['example_bash_operator']) retrieved from /home/airflow/.local/lib/python3.7/site-packages/airflow/example_dags/example_bash_operator.py
[2023-11-02T17:03:50.193+0000] {logging_mixin.py:120} INFO - [2023-11-02T17:03:50.192+0000] {dag.py:2585} INFO - Sync 1 DAGs
[2023-11-02T17:03:50.227+0000] {logging_mixin.py:120} INFO - [2023-11-02T17:03:50.227+0000] {dag.py:3340} INFO - Setting next_dagrun for example_bash_operator to 2023-11-01T00:00:00+00:00, run_after=2023-11-02T00:00:00+00:00
[2023-11-02T17:03:50.251+0000] {processor.py:176} INFO - Processing /home/airflow/.local/lib/python3.7/site-packages/airflow/example_dags/example_bash_operator.py took 0.139 seconds
[2023-11-02T17:04:20.343+0000] {processor.py:154} INFO - Started process (PID=381) to work on /home/airflow/.local/lib/python3.7/site-packages/airflow/example_dags/example_bash_operator.py
[2023-11-02T17:04:20.344+0000] {processor.py:756} INFO - Processing file /home/airflow/.local/lib/python3.7/site-packages/airflow/example_dags/example_bash_operator.py for tasks to queue
[2023-11-02T17:04:20.346+0000] {logging_mixin.py:120} INFO - [2023-11-02T17:04:20.346+0000] {dagbag.py:537} INFO - Filling up the DagBag from /home/airflow/.local/lib/python3.7/site-packages/airflow/example_dags/example_bash_operator.py
[2023-11-02T17:04:20.376+0000] {processor.py:766} INFO - DAG(s) dict_keys(['example_bash_operator']) retrieved from /home/airflow/.local/lib/python3.7/site-packages/airflow/example_dags/example_bash_operator.py
[2023-11-02T17:04:20.433+0000] {logging_mixin.py:120} INFO - [2023-11-02T17:04:20.433+0000] {dag.py:2585} INFO - Sync 1 DAGs
[2023-11-02T17:04:20.468+0000] {logging_mixin.py:120} INFO - [2023-11-02T17:04:20.468+0000] {dag.py:3340} INFO - Setting next_dagrun for example_bash_operator to 2023-11-01T00:00:00+00:00, run_after=2023-11-02T00:00:00+00:00
[2023-11-02T17:04:20.495+0000] {processor.py:176} INFO - Processing /home/airflow/.local/lib/python3.7/site-packages/airflow/example_dags/example_bash_operator.py took 0.154 seconds
[2023-11-02T17:04:51.253+0000] {processor.py:154} INFO - Started process (PID=448) to work on /home/airflow/.local/lib/python3.7/site-packages/airflow/example_dags/example_bash_operator.py
[2023-11-02T17:04:51.254+0000] {processor.py:756} INFO - Processing file /home/airflow/.local/lib/python3.7/site-packages/airflow/example_dags/example_bash_operator.py for tasks to queue
[2023-11-02T17:04:51.255+0000] {logging_mixin.py:120} INFO - [2023-11-02T17:04:51.254+0000] {dagbag.py:537} INFO - Filling up the DagBag from /home/airflow/.local/lib/python3.7/site-packages/airflow/example_dags/example_bash_operator.py
[2023-11-02T17:04:51.276+0000] {processor.py:766} INFO - DAG(s) dict_keys(['example_bash_operator']) retrieved from /home/airflow/.local/lib/python3.7/site-packages/airflow/example_dags/example_bash_operator.py
[2023-11-02T17:04:51.330+0000] {logging_mixin.py:120} INFO - [2023-11-02T17:04:51.330+0000] {dag.py:2585} INFO - Sync 1 DAGs
[2023-11-02T17:04:51.364+0000] {logging_mixin.py:120} INFO - [2023-11-02T17:04:51.364+0000] {dag.py:3340} INFO - Setting next_dagrun for example_bash_operator to 2023-11-01T00:00:00+00:00, run_after=2023-11-02T00:00:00+00:00
[2023-11-02T17:04:51.392+0000] {processor.py:176} INFO - Processing /home/airflow/.local/lib/python3.7/site-packages/airflow/example_dags/example_bash_operator.py took 0.142 seconds
[2023-11-02T17:05:21.662+0000] {processor.py:154} INFO - Started process (PID=524) to work on /home/airflow/.local/lib/python3.7/site-packages/airflow/example_dags/example_bash_operator.py
[2023-11-02T17:05:21.663+0000] {processor.py:756} INFO - Processing file /home/airflow/.local/lib/python3.7/site-packages/airflow/example_dags/example_bash_operator.py for tasks to queue
[2023-11-02T17:05:21.664+0000] {logging_mixin.py:120} INFO - [2023-11-02T17:05:21.664+0000] {dagbag.py:537} INFO - Filling up the DagBag from /home/airflow/.local/lib/python3.7/site-packages/airflow/example_dags/example_bash_operator.py
[2023-11-02T17:05:21.686+0000] {processor.py:766} INFO - DAG(s) dict_keys(['example_bash_operator']) retrieved from /home/airflow/.local/lib/python3.7/site-packages/airflow/example_dags/example_bash_operator.py
[2023-11-02T17:05:21.744+0000] {logging_mixin.py:120} INFO - [2023-11-02T17:05:21.744+0000] {dag.py:2585} INFO - Sync 1 DAGs
[2023-11-02T17:05:21.776+0000] {logging_mixin.py:120} INFO - [2023-11-02T17:05:21.775+0000] {dag.py:3340} INFO - Setting next_dagrun for example_bash_operator to 2023-11-01T00:00:00+00:00, run_after=2023-11-02T00:00:00+00:00
[2023-11-02T17:05:21.803+0000] {processor.py:176} INFO - Processing /home/airflow/.local/lib/python3.7/site-packages/airflow/example_dags/example_bash_operator.py took 0.143 seconds
[2023-11-02T17:05:53.017+0000] {processor.py:154} INFO - Started process (PID=599) to work on /home/airflow/.local/lib/python3.7/site-packages/airflow/example_dags/example_bash_operator.py
[2023-11-02T17:05:53.018+0000] {processor.py:756} INFO - Processing file /home/airflow/.local/lib/python3.7/site-packages/airflow/example_dags/example_bash_operator.py for tasks to queue
[2023-11-02T17:05:53.020+0000] {logging_mixin.py:120} INFO - [2023-11-02T17:05:53.020+0000] {dagbag.py:537} INFO - Filling up the DagBag from /home/airflow/.local/lib/python3.7/site-packages/airflow/example_dags/example_bash_operator.py
[2023-11-02T17:05:53.041+0000] {processor.py:766} INFO - DAG(s) dict_keys(['example_bash_operator']) retrieved from /home/airflow/.local/lib/python3.7/site-packages/airflow/example_dags/example_bash_operator.py
[2023-11-02T17:05:53.099+0000] {logging_mixin.py:120} INFO - [2023-11-02T17:05:53.099+0000] {dag.py:2585} INFO - Sync 1 DAGs
[2023-11-02T17:05:53.134+0000] {logging_mixin.py:120} INFO - [2023-11-02T17:05:53.134+0000] {dag.py:3340} INFO - Setting next_dagrun for example_bash_operator to 2023-11-01T00:00:00+00:00, run_after=2023-11-02T00:00:00+00:00
[2023-11-02T17:05:53.162+0000] {processor.py:176} INFO - Processing /home/airflow/.local/lib/python3.7/site-packages/airflow/example_dags/example_bash_operator.py took 0.147 seconds
