[2023-11-02T17:02:14.490+0000] {processor.py:154} INFO - Started process (PID=66) to work on /home/airflow/.local/lib/python3.7/site-packages/airflow/example_dags/example_python_operator.py
[2023-11-02T17:02:14.502+0000] {processor.py:756} INFO - Processing file /home/airflow/.local/lib/python3.7/site-packages/airflow/example_dags/example_python_operator.py for tasks to queue
[2023-11-02T17:02:14.504+0000] {logging_mixin.py:120} INFO - [2023-11-02T17:02:14.504+0000] {dagbag.py:537} INFO - Filling up the DagBag from /home/airflow/.local/lib/python3.7/site-packages/airflow/example_dags/example_python_operator.py
[2023-11-02T17:02:14.524+0000] {logging_mixin.py:120} INFO - [2023-11-02T17:02:14.524+0000] {taskmixin.py:205} WARNING - Dependency <Task(_PythonDecoratedOperator): print_the_context>, log_sql_query already registered for DAG: example_python_operator
[2023-11-02T17:02:14.533+0000] {logging_mixin.py:120} INFO - [2023-11-02T17:02:14.532+0000] {taskmixin.py:205} WARNING - Dependency <Task(_PythonDecoratedOperator): log_sql_query>, print_the_context already registered for DAG: example_python_operator
[2023-11-02T17:02:14.534+0000] {logging_mixin.py:120} INFO - [2023-11-02T17:02:14.534+0000] {taskmixin.py:205} WARNING - Dependency <Task(_PythonDecoratedOperator): print_the_context>, log_sql_query already registered for DAG: example_python_operator
[2023-11-02T17:02:14.535+0000] {logging_mixin.py:120} INFO - [2023-11-02T17:02:14.535+0000] {taskmixin.py:205} WARNING - Dependency <Task(_PythonDecoratedOperator): log_sql_query>, print_the_context already registered for DAG: example_python_operator
[2023-11-02T17:02:14.537+0000] {logging_mixin.py:120} INFO - [2023-11-02T17:02:14.536+0000] {taskmixin.py:205} WARNING - Dependency <Task(_PythonDecoratedOperator): print_the_context>, log_sql_query already registered for DAG: example_python_operator
[2023-11-02T17:02:14.538+0000] {logging_mixin.py:120} INFO - [2023-11-02T17:02:14.537+0000] {taskmixin.py:205} WARNING - Dependency <Task(_PythonDecoratedOperator): log_sql_query>, print_the_context already registered for DAG: example_python_operator
[2023-11-02T17:02:14.539+0000] {logging_mixin.py:120} INFO - [2023-11-02T17:02:14.539+0000] {taskmixin.py:205} WARNING - Dependency <Task(_PythonDecoratedOperator): print_the_context>, log_sql_query already registered for DAG: example_python_operator
[2023-11-02T17:02:14.540+0000] {logging_mixin.py:120} INFO - [2023-11-02T17:02:14.540+0000] {taskmixin.py:205} WARNING - Dependency <Task(_PythonDecoratedOperator): log_sql_query>, print_the_context already registered for DAG: example_python_operator
[2023-11-02T17:02:14.562+0000] {processor.py:766} INFO - DAG(s) dict_keys(['example_python_operator']) retrieved from /home/airflow/.local/lib/python3.7/site-packages/airflow/example_dags/example_python_operator.py
[2023-11-02T17:02:14.683+0000] {logging_mixin.py:120} INFO - [2023-11-02T17:02:14.683+0000] {dag.py:2585} INFO - Sync 1 DAGs
[2023-11-02T17:02:14.743+0000] {logging_mixin.py:120} INFO - [2023-11-02T17:02:14.743+0000] {dag.py:3340} INFO - Setting next_dagrun for example_python_operator to None, run_after=None
[2023-11-02T17:02:14.801+0000] {processor.py:176} INFO - Processing /home/airflow/.local/lib/python3.7/site-packages/airflow/example_dags/example_python_operator.py took 0.313 seconds
[2023-11-02T17:02:45.884+0000] {processor.py:154} INFO - Started process (PID=141) to work on /home/airflow/.local/lib/python3.7/site-packages/airflow/example_dags/example_python_operator.py
[2023-11-02T17:02:45.885+0000] {processor.py:756} INFO - Processing file /home/airflow/.local/lib/python3.7/site-packages/airflow/example_dags/example_python_operator.py for tasks to queue
[2023-11-02T17:02:45.886+0000] {logging_mixin.py:120} INFO - [2023-11-02T17:02:45.886+0000] {dagbag.py:537} INFO - Filling up the DagBag from /home/airflow/.local/lib/python3.7/site-packages/airflow/example_dags/example_python_operator.py
[2023-11-02T17:02:45.903+0000] {logging_mixin.py:120} INFO - [2023-11-02T17:02:45.903+0000] {taskmixin.py:205} WARNING - Dependency <Task(_PythonDecoratedOperator): print_the_context>, log_sql_query already registered for DAG: example_python_operator
[2023-11-02T17:02:45.904+0000] {logging_mixin.py:120} INFO - [2023-11-02T17:02:45.904+0000] {taskmixin.py:205} WARNING - Dependency <Task(_PythonDecoratedOperator): log_sql_query>, print_the_context already registered for DAG: example_python_operator
[2023-11-02T17:02:45.906+0000] {logging_mixin.py:120} INFO - [2023-11-02T17:02:45.905+0000] {taskmixin.py:205} WARNING - Dependency <Task(_PythonDecoratedOperator): print_the_context>, log_sql_query already registered for DAG: example_python_operator
[2023-11-02T17:02:45.907+0000] {logging_mixin.py:120} INFO - [2023-11-02T17:02:45.906+0000] {taskmixin.py:205} WARNING - Dependency <Task(_PythonDecoratedOperator): log_sql_query>, print_the_context already registered for DAG: example_python_operator
[2023-11-02T17:02:45.909+0000] {logging_mixin.py:120} INFO - [2023-11-02T17:02:45.909+0000] {taskmixin.py:205} WARNING - Dependency <Task(_PythonDecoratedOperator): print_the_context>, log_sql_query already registered for DAG: example_python_operator
[2023-11-02T17:02:45.910+0000] {logging_mixin.py:120} INFO - [2023-11-02T17:02:45.910+0000] {taskmixin.py:205} WARNING - Dependency <Task(_PythonDecoratedOperator): log_sql_query>, print_the_context already registered for DAG: example_python_operator
[2023-11-02T17:02:45.912+0000] {logging_mixin.py:120} INFO - [2023-11-02T17:02:45.911+0000] {taskmixin.py:205} WARNING - Dependency <Task(_PythonDecoratedOperator): print_the_context>, log_sql_query already registered for DAG: example_python_operator
[2023-11-02T17:02:45.913+0000] {logging_mixin.py:120} INFO - [2023-11-02T17:02:45.912+0000] {taskmixin.py:205} WARNING - Dependency <Task(_PythonDecoratedOperator): log_sql_query>, print_the_context already registered for DAG: example_python_operator
[2023-11-02T17:02:45.922+0000] {processor.py:766} INFO - DAG(s) dict_keys(['example_python_operator']) retrieved from /home/airflow/.local/lib/python3.7/site-packages/airflow/example_dags/example_python_operator.py
[2023-11-02T17:02:45.973+0000] {logging_mixin.py:120} INFO - [2023-11-02T17:02:45.973+0000] {dag.py:2585} INFO - Sync 1 DAGs
[2023-11-02T17:02:46.006+0000] {logging_mixin.py:120} INFO - [2023-11-02T17:02:46.006+0000] {dag.py:3340} INFO - Setting next_dagrun for example_python_operator to None, run_after=None
[2023-11-02T17:02:46.031+0000] {processor.py:176} INFO - Processing /home/airflow/.local/lib/python3.7/site-packages/airflow/example_dags/example_python_operator.py took 0.149 seconds
[2023-11-02T17:03:17.020+0000] {processor.py:154} INFO - Started process (PID=209) to work on /home/airflow/.local/lib/python3.7/site-packages/airflow/example_dags/example_python_operator.py
[2023-11-02T17:03:17.022+0000] {processor.py:756} INFO - Processing file /home/airflow/.local/lib/python3.7/site-packages/airflow/example_dags/example_python_operator.py for tasks to queue
[2023-11-02T17:03:17.023+0000] {logging_mixin.py:120} INFO - [2023-11-02T17:03:17.023+0000] {dagbag.py:537} INFO - Filling up the DagBag from /home/airflow/.local/lib/python3.7/site-packages/airflow/example_dags/example_python_operator.py
[2023-11-02T17:03:17.042+0000] {logging_mixin.py:120} INFO - [2023-11-02T17:03:17.042+0000] {taskmixin.py:205} WARNING - Dependency <Task(_PythonDecoratedOperator): print_the_context>, log_sql_query already registered for DAG: example_python_operator
[2023-11-02T17:03:17.043+0000] {logging_mixin.py:120} INFO - [2023-11-02T17:03:17.043+0000] {taskmixin.py:205} WARNING - Dependency <Task(_PythonDecoratedOperator): log_sql_query>, print_the_context already registered for DAG: example_python_operator
[2023-11-02T17:03:17.045+0000] {logging_mixin.py:120} INFO - [2023-11-02T17:03:17.045+0000] {taskmixin.py:205} WARNING - Dependency <Task(_PythonDecoratedOperator): print_the_context>, log_sql_query already registered for DAG: example_python_operator
[2023-11-02T17:03:17.046+0000] {logging_mixin.py:120} INFO - [2023-11-02T17:03:17.046+0000] {taskmixin.py:205} WARNING - Dependency <Task(_PythonDecoratedOperator): log_sql_query>, print_the_context already registered for DAG: example_python_operator
[2023-11-02T17:03:17.048+0000] {logging_mixin.py:120} INFO - [2023-11-02T17:03:17.047+0000] {taskmixin.py:205} WARNING - Dependency <Task(_PythonDecoratedOperator): print_the_context>, log_sql_query already registered for DAG: example_python_operator
[2023-11-02T17:03:17.048+0000] {logging_mixin.py:120} INFO - [2023-11-02T17:03:17.048+0000] {taskmixin.py:205} WARNING - Dependency <Task(_PythonDecoratedOperator): log_sql_query>, print_the_context already registered for DAG: example_python_operator
[2023-11-02T17:03:17.050+0000] {logging_mixin.py:120} INFO - [2023-11-02T17:03:17.050+0000] {taskmixin.py:205} WARNING - Dependency <Task(_PythonDecoratedOperator): print_the_context>, log_sql_query already registered for DAG: example_python_operator
[2023-11-02T17:03:17.051+0000] {logging_mixin.py:120} INFO - [2023-11-02T17:03:17.051+0000] {taskmixin.py:205} WARNING - Dependency <Task(_PythonDecoratedOperator): log_sql_query>, print_the_context already registered for DAG: example_python_operator
[2023-11-02T17:03:17.060+0000] {processor.py:766} INFO - DAG(s) dict_keys(['example_python_operator']) retrieved from /home/airflow/.local/lib/python3.7/site-packages/airflow/example_dags/example_python_operator.py
[2023-11-02T17:03:17.109+0000] {logging_mixin.py:120} INFO - [2023-11-02T17:03:17.108+0000] {dag.py:2585} INFO - Sync 1 DAGs
[2023-11-02T17:03:17.145+0000] {logging_mixin.py:120} INFO - [2023-11-02T17:03:17.145+0000] {dag.py:3340} INFO - Setting next_dagrun for example_python_operator to None, run_after=None
[2023-11-02T17:03:17.180+0000] {processor.py:176} INFO - Processing /home/airflow/.local/lib/python3.7/site-packages/airflow/example_dags/example_python_operator.py took 0.163 seconds
[2023-11-02T17:03:47.799+0000] {processor.py:154} INFO - Started process (PID=285) to work on /home/airflow/.local/lib/python3.7/site-packages/airflow/example_dags/example_python_operator.py
[2023-11-02T17:03:47.800+0000] {processor.py:756} INFO - Processing file /home/airflow/.local/lib/python3.7/site-packages/airflow/example_dags/example_python_operator.py for tasks to queue
[2023-11-02T17:03:47.802+0000] {logging_mixin.py:120} INFO - [2023-11-02T17:03:47.801+0000] {dagbag.py:537} INFO - Filling up the DagBag from /home/airflow/.local/lib/python3.7/site-packages/airflow/example_dags/example_python_operator.py
[2023-11-02T17:03:47.818+0000] {logging_mixin.py:120} INFO - [2023-11-02T17:03:47.818+0000] {taskmixin.py:205} WARNING - Dependency <Task(_PythonDecoratedOperator): print_the_context>, log_sql_query already registered for DAG: example_python_operator
[2023-11-02T17:03:47.819+0000] {logging_mixin.py:120} INFO - [2023-11-02T17:03:47.819+0000] {taskmixin.py:205} WARNING - Dependency <Task(_PythonDecoratedOperator): log_sql_query>, print_the_context already registered for DAG: example_python_operator
[2023-11-02T17:03:47.820+0000] {logging_mixin.py:120} INFO - [2023-11-02T17:03:47.820+0000] {taskmixin.py:205} WARNING - Dependency <Task(_PythonDecoratedOperator): print_the_context>, log_sql_query already registered for DAG: example_python_operator
[2023-11-02T17:03:47.821+0000] {logging_mixin.py:120} INFO - [2023-11-02T17:03:47.821+0000] {taskmixin.py:205} WARNING - Dependency <Task(_PythonDecoratedOperator): log_sql_query>, print_the_context already registered for DAG: example_python_operator
[2023-11-02T17:03:47.822+0000] {logging_mixin.py:120} INFO - [2023-11-02T17:03:47.822+0000] {taskmixin.py:205} WARNING - Dependency <Task(_PythonDecoratedOperator): print_the_context>, log_sql_query already registered for DAG: example_python_operator
[2023-11-02T17:03:47.823+0000] {logging_mixin.py:120} INFO - [2023-11-02T17:03:47.823+0000] {taskmixin.py:205} WARNING - Dependency <Task(_PythonDecoratedOperator): log_sql_query>, print_the_context already registered for DAG: example_python_operator
[2023-11-02T17:03:47.824+0000] {logging_mixin.py:120} INFO - [2023-11-02T17:03:47.824+0000] {taskmixin.py:205} WARNING - Dependency <Task(_PythonDecoratedOperator): print_the_context>, log_sql_query already registered for DAG: example_python_operator
[2023-11-02T17:03:47.825+0000] {logging_mixin.py:120} INFO - [2023-11-02T17:03:47.825+0000] {taskmixin.py:205} WARNING - Dependency <Task(_PythonDecoratedOperator): log_sql_query>, print_the_context already registered for DAG: example_python_operator
[2023-11-02T17:03:47.834+0000] {processor.py:766} INFO - DAG(s) dict_keys(['example_python_operator']) retrieved from /home/airflow/.local/lib/python3.7/site-packages/airflow/example_dags/example_python_operator.py
[2023-11-02T17:03:47.878+0000] {logging_mixin.py:120} INFO - [2023-11-02T17:03:47.877+0000] {dag.py:2585} INFO - Sync 1 DAGs
[2023-11-02T17:03:47.910+0000] {logging_mixin.py:120} INFO - [2023-11-02T17:03:47.910+0000] {dag.py:3340} INFO - Setting next_dagrun for example_python_operator to None, run_after=None
[2023-11-02T17:03:47.937+0000] {processor.py:176} INFO - Processing /home/airflow/.local/lib/python3.7/site-packages/airflow/example_dags/example_python_operator.py took 0.140 seconds
[2023-11-02T17:04:18.281+0000] {processor.py:154} INFO - Started process (PID=362) to work on /home/airflow/.local/lib/python3.7/site-packages/airflow/example_dags/example_python_operator.py
[2023-11-02T17:04:18.283+0000] {processor.py:756} INFO - Processing file /home/airflow/.local/lib/python3.7/site-packages/airflow/example_dags/example_python_operator.py for tasks to queue
[2023-11-02T17:04:18.284+0000] {logging_mixin.py:120} INFO - [2023-11-02T17:04:18.284+0000] {dagbag.py:537} INFO - Filling up the DagBag from /home/airflow/.local/lib/python3.7/site-packages/airflow/example_dags/example_python_operator.py
[2023-11-02T17:04:18.303+0000] {logging_mixin.py:120} INFO - [2023-11-02T17:04:18.303+0000] {taskmixin.py:205} WARNING - Dependency <Task(_PythonDecoratedOperator): print_the_context>, log_sql_query already registered for DAG: example_python_operator
[2023-11-02T17:04:18.304+0000] {logging_mixin.py:120} INFO - [2023-11-02T17:04:18.304+0000] {taskmixin.py:205} WARNING - Dependency <Task(_PythonDecoratedOperator): log_sql_query>, print_the_context already registered for DAG: example_python_operator
[2023-11-02T17:04:18.305+0000] {logging_mixin.py:120} INFO - [2023-11-02T17:04:18.305+0000] {taskmixin.py:205} WARNING - Dependency <Task(_PythonDecoratedOperator): print_the_context>, log_sql_query already registered for DAG: example_python_operator
[2023-11-02T17:04:18.306+0000] {logging_mixin.py:120} INFO - [2023-11-02T17:04:18.306+0000] {taskmixin.py:205} WARNING - Dependency <Task(_PythonDecoratedOperator): log_sql_query>, print_the_context already registered for DAG: example_python_operator
[2023-11-02T17:04:18.308+0000] {logging_mixin.py:120} INFO - [2023-11-02T17:04:18.308+0000] {taskmixin.py:205} WARNING - Dependency <Task(_PythonDecoratedOperator): print_the_context>, log_sql_query already registered for DAG: example_python_operator
[2023-11-02T17:04:18.308+0000] {logging_mixin.py:120} INFO - [2023-11-02T17:04:18.308+0000] {taskmixin.py:205} WARNING - Dependency <Task(_PythonDecoratedOperator): log_sql_query>, print_the_context already registered for DAG: example_python_operator
[2023-11-02T17:04:18.310+0000] {logging_mixin.py:120} INFO - [2023-11-02T17:04:18.310+0000] {taskmixin.py:205} WARNING - Dependency <Task(_PythonDecoratedOperator): print_the_context>, log_sql_query already registered for DAG: example_python_operator
[2023-11-02T17:04:18.311+0000] {logging_mixin.py:120} INFO - [2023-11-02T17:04:18.311+0000] {taskmixin.py:205} WARNING - Dependency <Task(_PythonDecoratedOperator): log_sql_query>, print_the_context already registered for DAG: example_python_operator
[2023-11-02T17:04:18.320+0000] {processor.py:766} INFO - DAG(s) dict_keys(['example_python_operator']) retrieved from /home/airflow/.local/lib/python3.7/site-packages/airflow/example_dags/example_python_operator.py
[2023-11-02T17:04:18.371+0000] {logging_mixin.py:120} INFO - [2023-11-02T17:04:18.371+0000] {dag.py:2585} INFO - Sync 1 DAGs
[2023-11-02T17:04:18.410+0000] {logging_mixin.py:120} INFO - [2023-11-02T17:04:18.410+0000] {dag.py:3340} INFO - Setting next_dagrun for example_python_operator to None, run_after=None
[2023-11-02T17:04:18.438+0000] {processor.py:176} INFO - Processing /home/airflow/.local/lib/python3.7/site-packages/airflow/example_dags/example_python_operator.py took 0.159 seconds
[2023-11-02T17:04:49.272+0000] {processor.py:154} INFO - Started process (PID=429) to work on /home/airflow/.local/lib/python3.7/site-packages/airflow/example_dags/example_python_operator.py
[2023-11-02T17:04:49.273+0000] {processor.py:756} INFO - Processing file /home/airflow/.local/lib/python3.7/site-packages/airflow/example_dags/example_python_operator.py for tasks to queue
[2023-11-02T17:04:49.274+0000] {logging_mixin.py:120} INFO - [2023-11-02T17:04:49.274+0000] {dagbag.py:537} INFO - Filling up the DagBag from /home/airflow/.local/lib/python3.7/site-packages/airflow/example_dags/example_python_operator.py
[2023-11-02T17:04:49.290+0000] {logging_mixin.py:120} INFO - [2023-11-02T17:04:49.290+0000] {taskmixin.py:205} WARNING - Dependency <Task(_PythonDecoratedOperator): print_the_context>, log_sql_query already registered for DAG: example_python_operator
[2023-11-02T17:04:49.291+0000] {logging_mixin.py:120} INFO - [2023-11-02T17:04:49.291+0000] {taskmixin.py:205} WARNING - Dependency <Task(_PythonDecoratedOperator): log_sql_query>, print_the_context already registered for DAG: example_python_operator
[2023-11-02T17:04:49.293+0000] {logging_mixin.py:120} INFO - [2023-11-02T17:04:49.292+0000] {taskmixin.py:205} WARNING - Dependency <Task(_PythonDecoratedOperator): print_the_context>, log_sql_query already registered for DAG: example_python_operator
[2023-11-02T17:04:49.293+0000] {logging_mixin.py:120} INFO - [2023-11-02T17:04:49.293+0000] {taskmixin.py:205} WARNING - Dependency <Task(_PythonDecoratedOperator): log_sql_query>, print_the_context already registered for DAG: example_python_operator
[2023-11-02T17:04:49.295+0000] {logging_mixin.py:120} INFO - [2023-11-02T17:04:49.295+0000] {taskmixin.py:205} WARNING - Dependency <Task(_PythonDecoratedOperator): print_the_context>, log_sql_query already registered for DAG: example_python_operator
[2023-11-02T17:04:49.296+0000] {logging_mixin.py:120} INFO - [2023-11-02T17:04:49.295+0000] {taskmixin.py:205} WARNING - Dependency <Task(_PythonDecoratedOperator): log_sql_query>, print_the_context already registered for DAG: example_python_operator
[2023-11-02T17:04:49.297+0000] {logging_mixin.py:120} INFO - [2023-11-02T17:04:49.297+0000] {taskmixin.py:205} WARNING - Dependency <Task(_PythonDecoratedOperator): print_the_context>, log_sql_query already registered for DAG: example_python_operator
[2023-11-02T17:04:49.298+0000] {logging_mixin.py:120} INFO - [2023-11-02T17:04:49.298+0000] {taskmixin.py:205} WARNING - Dependency <Task(_PythonDecoratedOperator): log_sql_query>, print_the_context already registered for DAG: example_python_operator
[2023-11-02T17:04:49.306+0000] {processor.py:766} INFO - DAG(s) dict_keys(['example_python_operator']) retrieved from /home/airflow/.local/lib/python3.7/site-packages/airflow/example_dags/example_python_operator.py
[2023-11-02T17:04:49.352+0000] {logging_mixin.py:120} INFO - [2023-11-02T17:04:49.351+0000] {dag.py:2585} INFO - Sync 1 DAGs
[2023-11-02T17:04:49.385+0000] {logging_mixin.py:120} INFO - [2023-11-02T17:04:49.385+0000] {dag.py:3340} INFO - Setting next_dagrun for example_python_operator to None, run_after=None
[2023-11-02T17:04:49.411+0000] {processor.py:176} INFO - Processing /home/airflow/.local/lib/python3.7/site-packages/airflow/example_dags/example_python_operator.py took 0.142 seconds
[2023-11-02T17:05:19.872+0000] {processor.py:154} INFO - Started process (PID=505) to work on /home/airflow/.local/lib/python3.7/site-packages/airflow/example_dags/example_python_operator.py
[2023-11-02T17:05:19.873+0000] {processor.py:756} INFO - Processing file /home/airflow/.local/lib/python3.7/site-packages/airflow/example_dags/example_python_operator.py for tasks to queue
[2023-11-02T17:05:19.874+0000] {logging_mixin.py:120} INFO - [2023-11-02T17:05:19.874+0000] {dagbag.py:537} INFO - Filling up the DagBag from /home/airflow/.local/lib/python3.7/site-packages/airflow/example_dags/example_python_operator.py
[2023-11-02T17:05:19.890+0000] {logging_mixin.py:120} INFO - [2023-11-02T17:05:19.890+0000] {taskmixin.py:205} WARNING - Dependency <Task(_PythonDecoratedOperator): print_the_context>, log_sql_query already registered for DAG: example_python_operator
[2023-11-02T17:05:19.891+0000] {logging_mixin.py:120} INFO - [2023-11-02T17:05:19.891+0000] {taskmixin.py:205} WARNING - Dependency <Task(_PythonDecoratedOperator): log_sql_query>, print_the_context already registered for DAG: example_python_operator
[2023-11-02T17:05:19.893+0000] {logging_mixin.py:120} INFO - [2023-11-02T17:05:19.893+0000] {taskmixin.py:205} WARNING - Dependency <Task(_PythonDecoratedOperator): print_the_context>, log_sql_query already registered for DAG: example_python_operator
[2023-11-02T17:05:19.894+0000] {logging_mixin.py:120} INFO - [2023-11-02T17:05:19.893+0000] {taskmixin.py:205} WARNING - Dependency <Task(_PythonDecoratedOperator): log_sql_query>, print_the_context already registered for DAG: example_python_operator
[2023-11-02T17:05:19.895+0000] {logging_mixin.py:120} INFO - [2023-11-02T17:05:19.895+0000] {taskmixin.py:205} WARNING - Dependency <Task(_PythonDecoratedOperator): print_the_context>, log_sql_query already registered for DAG: example_python_operator
[2023-11-02T17:05:19.896+0000] {logging_mixin.py:120} INFO - [2023-11-02T17:05:19.895+0000] {taskmixin.py:205} WARNING - Dependency <Task(_PythonDecoratedOperator): log_sql_query>, print_the_context already registered for DAG: example_python_operator
[2023-11-02T17:05:19.897+0000] {logging_mixin.py:120} INFO - [2023-11-02T17:05:19.897+0000] {taskmixin.py:205} WARNING - Dependency <Task(_PythonDecoratedOperator): print_the_context>, log_sql_query already registered for DAG: example_python_operator
[2023-11-02T17:05:19.898+0000] {logging_mixin.py:120} INFO - [2023-11-02T17:05:19.897+0000] {taskmixin.py:205} WARNING - Dependency <Task(_PythonDecoratedOperator): log_sql_query>, print_the_context already registered for DAG: example_python_operator
[2023-11-02T17:05:19.907+0000] {processor.py:766} INFO - DAG(s) dict_keys(['example_python_operator']) retrieved from /home/airflow/.local/lib/python3.7/site-packages/airflow/example_dags/example_python_operator.py
[2023-11-02T17:05:19.951+0000] {logging_mixin.py:120} INFO - [2023-11-02T17:05:19.951+0000] {dag.py:2585} INFO - Sync 1 DAGs
[2023-11-02T17:05:19.984+0000] {logging_mixin.py:120} INFO - [2023-11-02T17:05:19.984+0000] {dag.py:3340} INFO - Setting next_dagrun for example_python_operator to None, run_after=None
[2023-11-02T17:05:20.013+0000] {processor.py:176} INFO - Processing /home/airflow/.local/lib/python3.7/site-packages/airflow/example_dags/example_python_operator.py took 0.143 seconds
[2023-11-02T17:05:51.211+0000] {processor.py:154} INFO - Started process (PID=580) to work on /home/airflow/.local/lib/python3.7/site-packages/airflow/example_dags/example_python_operator.py
[2023-11-02T17:05:51.212+0000] {processor.py:756} INFO - Processing file /home/airflow/.local/lib/python3.7/site-packages/airflow/example_dags/example_python_operator.py for tasks to queue
[2023-11-02T17:05:51.213+0000] {logging_mixin.py:120} INFO - [2023-11-02T17:05:51.213+0000] {dagbag.py:537} INFO - Filling up the DagBag from /home/airflow/.local/lib/python3.7/site-packages/airflow/example_dags/example_python_operator.py
[2023-11-02T17:05:51.231+0000] {logging_mixin.py:120} INFO - [2023-11-02T17:05:51.231+0000] {taskmixin.py:205} WARNING - Dependency <Task(_PythonDecoratedOperator): print_the_context>, log_sql_query already registered for DAG: example_python_operator
[2023-11-02T17:05:51.232+0000] {logging_mixin.py:120} INFO - [2023-11-02T17:05:51.232+0000] {taskmixin.py:205} WARNING - Dependency <Task(_PythonDecoratedOperator): log_sql_query>, print_the_context already registered for DAG: example_python_operator
[2023-11-02T17:05:51.234+0000] {logging_mixin.py:120} INFO - [2023-11-02T17:05:51.233+0000] {taskmixin.py:205} WARNING - Dependency <Task(_PythonDecoratedOperator): print_the_context>, log_sql_query already registered for DAG: example_python_operator
[2023-11-02T17:05:51.234+0000] {logging_mixin.py:120} INFO - [2023-11-02T17:05:51.234+0000] {taskmixin.py:205} WARNING - Dependency <Task(_PythonDecoratedOperator): log_sql_query>, print_the_context already registered for DAG: example_python_operator
[2023-11-02T17:05:51.236+0000] {logging_mixin.py:120} INFO - [2023-11-02T17:05:51.236+0000] {taskmixin.py:205} WARNING - Dependency <Task(_PythonDecoratedOperator): print_the_context>, log_sql_query already registered for DAG: example_python_operator
[2023-11-02T17:05:51.237+0000] {logging_mixin.py:120} INFO - [2023-11-02T17:05:51.236+0000] {taskmixin.py:205} WARNING - Dependency <Task(_PythonDecoratedOperator): log_sql_query>, print_the_context already registered for DAG: example_python_operator
[2023-11-02T17:05:51.238+0000] {logging_mixin.py:120} INFO - [2023-11-02T17:05:51.238+0000] {taskmixin.py:205} WARNING - Dependency <Task(_PythonDecoratedOperator): print_the_context>, log_sql_query already registered for DAG: example_python_operator
[2023-11-02T17:05:51.239+0000] {logging_mixin.py:120} INFO - [2023-11-02T17:05:51.239+0000] {taskmixin.py:205} WARNING - Dependency <Task(_PythonDecoratedOperator): log_sql_query>, print_the_context already registered for DAG: example_python_operator
[2023-11-02T17:05:51.248+0000] {processor.py:766} INFO - DAG(s) dict_keys(['example_python_operator']) retrieved from /home/airflow/.local/lib/python3.7/site-packages/airflow/example_dags/example_python_operator.py
[2023-11-02T17:05:51.294+0000] {logging_mixin.py:120} INFO - [2023-11-02T17:05:51.294+0000] {dag.py:2585} INFO - Sync 1 DAGs
[2023-11-02T17:05:51.325+0000] {logging_mixin.py:120} INFO - [2023-11-02T17:05:51.325+0000] {dag.py:3340} INFO - Setting next_dagrun for example_python_operator to None, run_after=None
[2023-11-02T17:05:51.355+0000] {processor.py:176} INFO - Processing /home/airflow/.local/lib/python3.7/site-packages/airflow/example_dags/example_python_operator.py took 0.147 seconds
