[2023-11-02T17:02:13.393+0000] {processor.py:154} INFO - Started process (PID=58) to work on /home/airflow/.local/lib/python3.7/site-packages/airflow/example_dags/example_branch_datetime_operator.py
[2023-11-02T17:02:13.394+0000] {processor.py:756} INFO - Processing file /home/airflow/.local/lib/python3.7/site-packages/airflow/example_dags/example_branch_datetime_operator.py for tasks to queue
[2023-11-02T17:02:13.396+0000] {logging_mixin.py:120} INFO - [2023-11-02T17:02:13.396+0000] {dagbag.py:537} INFO - Filling up the DagBag from /home/airflow/.local/lib/python3.7/site-packages/airflow/example_dags/example_branch_datetime_operator.py
[2023-11-02T17:02:13.420+0000] {processor.py:766} INFO - DAG(s) dict_keys(['example_branch_datetime_operator_2', 'example_branch_datetime_operator_3', 'example_branch_datetime_operator']) retrieved from /home/airflow/.local/lib/python3.7/site-packages/airflow/example_dags/example_branch_datetime_operator.py
[2023-11-02T17:02:13.498+0000] {logging_mixin.py:120} INFO - [2023-11-02T17:02:13.498+0000] {dag.py:2585} INFO - Sync 3 DAGs
[2023-11-02T17:02:13.543+0000] {logging_mixin.py:120} INFO - [2023-11-02T17:02:13.543+0000] {dag.py:3340} INFO - Setting next_dagrun for example_branch_datetime_operator to 2023-11-01T00:00:00+00:00, run_after=2023-11-02T00:00:00+00:00
[2023-11-02T17:02:13.551+0000] {logging_mixin.py:120} INFO - [2023-11-02T17:02:13.551+0000] {dag.py:3340} INFO - Setting next_dagrun for example_branch_datetime_operator_2 to 2023-11-01T00:00:00+00:00, run_after=2023-11-02T00:00:00+00:00
[2023-11-02T17:02:13.557+0000] {logging_mixin.py:120} INFO - [2023-11-02T17:02:13.557+0000] {dag.py:3340} INFO - Setting next_dagrun for example_branch_datetime_operator_3 to 2023-11-01T00:00:00+00:00, run_after=2023-11-02T00:00:00+00:00
[2023-11-02T17:02:13.591+0000] {processor.py:176} INFO - Processing /home/airflow/.local/lib/python3.7/site-packages/airflow/example_dags/example_branch_datetime_operator.py took 0.200 seconds
[2023-11-02T17:02:44.994+0000] {processor.py:154} INFO - Started process (PID=133) to work on /home/airflow/.local/lib/python3.7/site-packages/airflow/example_dags/example_branch_datetime_operator.py
[2023-11-02T17:02:44.999+0000] {processor.py:756} INFO - Processing file /home/airflow/.local/lib/python3.7/site-packages/airflow/example_dags/example_branch_datetime_operator.py for tasks to queue
[2023-11-02T17:02:45.012+0000] {logging_mixin.py:120} INFO - [2023-11-02T17:02:45.012+0000] {dagbag.py:537} INFO - Filling up the DagBag from /home/airflow/.local/lib/python3.7/site-packages/airflow/example_dags/example_branch_datetime_operator.py
[2023-11-02T17:02:45.055+0000] {processor.py:766} INFO - DAG(s) dict_keys(['example_branch_datetime_operator_2', 'example_branch_datetime_operator', 'example_branch_datetime_operator_3']) retrieved from /home/airflow/.local/lib/python3.7/site-packages/airflow/example_dags/example_branch_datetime_operator.py
[2023-11-02T17:02:45.120+0000] {logging_mixin.py:120} INFO - [2023-11-02T17:02:45.120+0000] {dag.py:2585} INFO - Sync 3 DAGs
[2023-11-02T17:02:45.162+0000] {logging_mixin.py:120} INFO - [2023-11-02T17:02:45.162+0000] {dag.py:3340} INFO - Setting next_dagrun for example_branch_datetime_operator to 2023-11-01T00:00:00+00:00, run_after=2023-11-02T00:00:00+00:00
[2023-11-02T17:02:45.169+0000] {logging_mixin.py:120} INFO - [2023-11-02T17:02:45.169+0000] {dag.py:3340} INFO - Setting next_dagrun for example_branch_datetime_operator_2 to 2023-11-01T00:00:00+00:00, run_after=2023-11-02T00:00:00+00:00
[2023-11-02T17:02:45.174+0000] {logging_mixin.py:120} INFO - [2023-11-02T17:02:45.173+0000] {dag.py:3340} INFO - Setting next_dagrun for example_branch_datetime_operator_3 to 2023-11-01T00:00:00+00:00, run_after=2023-11-02T00:00:00+00:00
[2023-11-02T17:02:45.199+0000] {processor.py:176} INFO - Processing /home/airflow/.local/lib/python3.7/site-packages/airflow/example_dags/example_branch_datetime_operator.py took 0.209 seconds
[2023-11-02T17:03:16.065+0000] {processor.py:154} INFO - Started process (PID=201) to work on /home/airflow/.local/lib/python3.7/site-packages/airflow/example_dags/example_branch_datetime_operator.py
[2023-11-02T17:03:16.066+0000] {processor.py:756} INFO - Processing file /home/airflow/.local/lib/python3.7/site-packages/airflow/example_dags/example_branch_datetime_operator.py for tasks to queue
[2023-11-02T17:03:16.067+0000] {logging_mixin.py:120} INFO - [2023-11-02T17:03:16.067+0000] {dagbag.py:537} INFO - Filling up the DagBag from /home/airflow/.local/lib/python3.7/site-packages/airflow/example_dags/example_branch_datetime_operator.py
[2023-11-02T17:03:16.088+0000] {processor.py:766} INFO - DAG(s) dict_keys(['example_branch_datetime_operator', 'example_branch_datetime_operator_3', 'example_branch_datetime_operator_2']) retrieved from /home/airflow/.local/lib/python3.7/site-packages/airflow/example_dags/example_branch_datetime_operator.py
[2023-11-02T17:03:16.207+0000] {logging_mixin.py:120} INFO - [2023-11-02T17:03:16.205+0000] {dag.py:2585} INFO - Sync 3 DAGs
[2023-11-02T17:03:16.253+0000] {logging_mixin.py:120} INFO - [2023-11-02T17:03:16.253+0000] {dag.py:3340} INFO - Setting next_dagrun for example_branch_datetime_operator to 2023-11-01T00:00:00+00:00, run_after=2023-11-02T00:00:00+00:00
[2023-11-02T17:03:16.260+0000] {logging_mixin.py:120} INFO - [2023-11-02T17:03:16.260+0000] {dag.py:3340} INFO - Setting next_dagrun for example_branch_datetime_operator_2 to 2023-11-01T00:00:00+00:00, run_after=2023-11-02T00:00:00+00:00
[2023-11-02T17:03:16.268+0000] {logging_mixin.py:120} INFO - [2023-11-02T17:03:16.268+0000] {dag.py:3340} INFO - Setting next_dagrun for example_branch_datetime_operator_3 to 2023-11-01T00:00:00+00:00, run_after=2023-11-02T00:00:00+00:00
[2023-11-02T17:03:16.292+0000] {processor.py:176} INFO - Processing /home/airflow/.local/lib/python3.7/site-packages/airflow/example_dags/example_branch_datetime_operator.py took 0.230 seconds
[2023-11-02T17:03:46.528+0000] {processor.py:154} INFO - Started process (PID=277) to work on /home/airflow/.local/lib/python3.7/site-packages/airflow/example_dags/example_branch_datetime_operator.py
[2023-11-02T17:03:46.530+0000] {processor.py:756} INFO - Processing file /home/airflow/.local/lib/python3.7/site-packages/airflow/example_dags/example_branch_datetime_operator.py for tasks to queue
[2023-11-02T17:03:46.531+0000] {logging_mixin.py:120} INFO - [2023-11-02T17:03:46.531+0000] {dagbag.py:537} INFO - Filling up the DagBag from /home/airflow/.local/lib/python3.7/site-packages/airflow/example_dags/example_branch_datetime_operator.py
[2023-11-02T17:03:46.553+0000] {processor.py:766} INFO - DAG(s) dict_keys(['example_branch_datetime_operator', 'example_branch_datetime_operator_2', 'example_branch_datetime_operator_3']) retrieved from /home/airflow/.local/lib/python3.7/site-packages/airflow/example_dags/example_branch_datetime_operator.py
[2023-11-02T17:03:46.611+0000] {logging_mixin.py:120} INFO - [2023-11-02T17:03:46.611+0000] {dag.py:2585} INFO - Sync 3 DAGs
[2023-11-02T17:03:46.643+0000] {logging_mixin.py:120} INFO - [2023-11-02T17:03:46.643+0000] {dag.py:3340} INFO - Setting next_dagrun for example_branch_datetime_operator to 2023-11-01T00:00:00+00:00, run_after=2023-11-02T00:00:00+00:00
[2023-11-02T17:03:46.650+0000] {logging_mixin.py:120} INFO - [2023-11-02T17:03:46.650+0000] {dag.py:3340} INFO - Setting next_dagrun for example_branch_datetime_operator_2 to 2023-11-01T00:00:00+00:00, run_after=2023-11-02T00:00:00+00:00
[2023-11-02T17:03:46.655+0000] {logging_mixin.py:120} INFO - [2023-11-02T17:03:46.655+0000] {dag.py:3340} INFO - Setting next_dagrun for example_branch_datetime_operator_3 to 2023-11-01T00:00:00+00:00, run_after=2023-11-02T00:00:00+00:00
[2023-11-02T17:03:46.680+0000] {processor.py:176} INFO - Processing /home/airflow/.local/lib/python3.7/site-packages/airflow/example_dags/example_branch_datetime_operator.py took 0.154 seconds
[2023-11-02T17:04:16.719+0000] {processor.py:154} INFO - Started process (PID=343) to work on /home/airflow/.local/lib/python3.7/site-packages/airflow/example_dags/example_branch_datetime_operator.py
[2023-11-02T17:04:16.720+0000] {processor.py:756} INFO - Processing file /home/airflow/.local/lib/python3.7/site-packages/airflow/example_dags/example_branch_datetime_operator.py for tasks to queue
[2023-11-02T17:04:16.721+0000] {logging_mixin.py:120} INFO - [2023-11-02T17:04:16.721+0000] {dagbag.py:537} INFO - Filling up the DagBag from /home/airflow/.local/lib/python3.7/site-packages/airflow/example_dags/example_branch_datetime_operator.py
[2023-11-02T17:04:16.743+0000] {processor.py:766} INFO - DAG(s) dict_keys(['example_branch_datetime_operator', 'example_branch_datetime_operator_3', 'example_branch_datetime_operator_2']) retrieved from /home/airflow/.local/lib/python3.7/site-packages/airflow/example_dags/example_branch_datetime_operator.py
[2023-11-02T17:04:16.803+0000] {logging_mixin.py:120} INFO - [2023-11-02T17:04:16.802+0000] {dag.py:2585} INFO - Sync 3 DAGs
[2023-11-02T17:04:16.853+0000] {logging_mixin.py:120} INFO - [2023-11-02T17:04:16.852+0000] {dag.py:3340} INFO - Setting next_dagrun for example_branch_datetime_operator to 2023-11-01T00:00:00+00:00, run_after=2023-11-02T00:00:00+00:00
[2023-11-02T17:04:16.860+0000] {logging_mixin.py:120} INFO - [2023-11-02T17:04:16.860+0000] {dag.py:3340} INFO - Setting next_dagrun for example_branch_datetime_operator_2 to 2023-11-01T00:00:00+00:00, run_after=2023-11-02T00:00:00+00:00
[2023-11-02T17:04:16.866+0000] {logging_mixin.py:120} INFO - [2023-11-02T17:04:16.866+0000] {dag.py:3340} INFO - Setting next_dagrun for example_branch_datetime_operator_3 to 2023-11-01T00:00:00+00:00, run_after=2023-11-02T00:00:00+00:00
[2023-11-02T17:04:16.890+0000] {processor.py:176} INFO - Processing /home/airflow/.local/lib/python3.7/site-packages/airflow/example_dags/example_branch_datetime_operator.py took 0.173 seconds
[2023-11-02T17:04:47.191+0000] {processor.py:154} INFO - Started process (PID=419) to work on /home/airflow/.local/lib/python3.7/site-packages/airflow/example_dags/example_branch_datetime_operator.py
[2023-11-02T17:04:47.192+0000] {processor.py:756} INFO - Processing file /home/airflow/.local/lib/python3.7/site-packages/airflow/example_dags/example_branch_datetime_operator.py for tasks to queue
[2023-11-02T17:04:47.193+0000] {logging_mixin.py:120} INFO - [2023-11-02T17:04:47.193+0000] {dagbag.py:537} INFO - Filling up the DagBag from /home/airflow/.local/lib/python3.7/site-packages/airflow/example_dags/example_branch_datetime_operator.py
[2023-11-02T17:04:47.218+0000] {processor.py:766} INFO - DAG(s) dict_keys(['example_branch_datetime_operator', 'example_branch_datetime_operator_3', 'example_branch_datetime_operator_2']) retrieved from /home/airflow/.local/lib/python3.7/site-packages/airflow/example_dags/example_branch_datetime_operator.py
[2023-11-02T17:04:47.270+0000] {logging_mixin.py:120} INFO - [2023-11-02T17:04:47.270+0000] {dag.py:2585} INFO - Sync 3 DAGs
[2023-11-02T17:04:47.304+0000] {logging_mixin.py:120} INFO - [2023-11-02T17:04:47.304+0000] {dag.py:3340} INFO - Setting next_dagrun for example_branch_datetime_operator to 2023-11-01T00:00:00+00:00, run_after=2023-11-02T00:00:00+00:00
[2023-11-02T17:04:47.311+0000] {logging_mixin.py:120} INFO - [2023-11-02T17:04:47.311+0000] {dag.py:3340} INFO - Setting next_dagrun for example_branch_datetime_operator_2 to 2023-11-01T00:00:00+00:00, run_after=2023-11-02T00:00:00+00:00
[2023-11-02T17:04:47.315+0000] {logging_mixin.py:120} INFO - [2023-11-02T17:04:47.315+0000] {dag.py:3340} INFO - Setting next_dagrun for example_branch_datetime_operator_3 to 2023-11-01T00:00:00+00:00, run_after=2023-11-02T00:00:00+00:00
[2023-11-02T17:04:47.339+0000] {processor.py:176} INFO - Processing /home/airflow/.local/lib/python3.7/site-packages/airflow/example_dags/example_branch_datetime_operator.py took 0.151 seconds
[2023-11-02T17:05:17.707+0000] {processor.py:154} INFO - Started process (PID=495) to work on /home/airflow/.local/lib/python3.7/site-packages/airflow/example_dags/example_branch_datetime_operator.py
[2023-11-02T17:05:17.708+0000] {processor.py:756} INFO - Processing file /home/airflow/.local/lib/python3.7/site-packages/airflow/example_dags/example_branch_datetime_operator.py for tasks to queue
[2023-11-02T17:05:17.709+0000] {logging_mixin.py:120} INFO - [2023-11-02T17:05:17.709+0000] {dagbag.py:537} INFO - Filling up the DagBag from /home/airflow/.local/lib/python3.7/site-packages/airflow/example_dags/example_branch_datetime_operator.py
[2023-11-02T17:05:17.728+0000] {processor.py:766} INFO - DAG(s) dict_keys(['example_branch_datetime_operator_2', 'example_branch_datetime_operator_3', 'example_branch_datetime_operator']) retrieved from /home/airflow/.local/lib/python3.7/site-packages/airflow/example_dags/example_branch_datetime_operator.py
[2023-11-02T17:05:17.788+0000] {logging_mixin.py:120} INFO - [2023-11-02T17:05:17.788+0000] {dag.py:2585} INFO - Sync 3 DAGs
[2023-11-02T17:05:17.822+0000] {logging_mixin.py:120} INFO - [2023-11-02T17:05:17.822+0000] {dag.py:3340} INFO - Setting next_dagrun for example_branch_datetime_operator to 2023-11-01T00:00:00+00:00, run_after=2023-11-02T00:00:00+00:00
[2023-11-02T17:05:17.829+0000] {logging_mixin.py:120} INFO - [2023-11-02T17:05:17.829+0000] {dag.py:3340} INFO - Setting next_dagrun for example_branch_datetime_operator_2 to 2023-11-01T00:00:00+00:00, run_after=2023-11-02T00:00:00+00:00
[2023-11-02T17:05:17.833+0000] {logging_mixin.py:120} INFO - [2023-11-02T17:05:17.833+0000] {dag.py:3340} INFO - Setting next_dagrun for example_branch_datetime_operator_3 to 2023-11-01T00:00:00+00:00, run_after=2023-11-02T00:00:00+00:00
[2023-11-02T17:05:17.858+0000] {processor.py:176} INFO - Processing /home/airflow/.local/lib/python3.7/site-packages/airflow/example_dags/example_branch_datetime_operator.py took 0.154 seconds
[2023-11-02T17:05:48.580+0000] {processor.py:154} INFO - Started process (PID=561) to work on /home/airflow/.local/lib/python3.7/site-packages/airflow/example_dags/example_branch_datetime_operator.py
[2023-11-02T17:05:48.581+0000] {processor.py:756} INFO - Processing file /home/airflow/.local/lib/python3.7/site-packages/airflow/example_dags/example_branch_datetime_operator.py for tasks to queue
[2023-11-02T17:05:48.583+0000] {logging_mixin.py:120} INFO - [2023-11-02T17:05:48.583+0000] {dagbag.py:537} INFO - Filling up the DagBag from /home/airflow/.local/lib/python3.7/site-packages/airflow/example_dags/example_branch_datetime_operator.py
[2023-11-02T17:05:48.604+0000] {processor.py:766} INFO - DAG(s) dict_keys(['example_branch_datetime_operator_2', 'example_branch_datetime_operator_3', 'example_branch_datetime_operator']) retrieved from /home/airflow/.local/lib/python3.7/site-packages/airflow/example_dags/example_branch_datetime_operator.py
[2023-11-02T17:05:48.659+0000] {logging_mixin.py:120} INFO - [2023-11-02T17:05:48.659+0000] {dag.py:2585} INFO - Sync 3 DAGs
[2023-11-02T17:05:48.694+0000] {logging_mixin.py:120} INFO - [2023-11-02T17:05:48.694+0000] {dag.py:3340} INFO - Setting next_dagrun for example_branch_datetime_operator to 2023-11-01T00:00:00+00:00, run_after=2023-11-02T00:00:00+00:00
[2023-11-02T17:05:48.701+0000] {logging_mixin.py:120} INFO - [2023-11-02T17:05:48.701+0000] {dag.py:3340} INFO - Setting next_dagrun for example_branch_datetime_operator_2 to 2023-11-01T00:00:00+00:00, run_after=2023-11-02T00:00:00+00:00
[2023-11-02T17:05:48.706+0000] {logging_mixin.py:120} INFO - [2023-11-02T17:05:48.705+0000] {dag.py:3340} INFO - Setting next_dagrun for example_branch_datetime_operator_3 to 2023-11-01T00:00:00+00:00, run_after=2023-11-02T00:00:00+00:00
[2023-11-02T17:05:48.729+0000] {processor.py:176} INFO - Processing /home/airflow/.local/lib/python3.7/site-packages/airflow/example_dags/example_branch_datetime_operator.py took 0.153 seconds
