[2023-11-02T17:02:14.940+0000] {processor.py:154} INFO - Started process (PID=69) to work on /home/airflow/.local/lib/python3.7/site-packages/airflow/example_dags/example_trigger_controller_dag.py
[2023-11-02T17:02:14.941+0000] {processor.py:756} INFO - Processing file /home/airflow/.local/lib/python3.7/site-packages/airflow/example_dags/example_trigger_controller_dag.py for tasks to queue
[2023-11-02T17:02:14.945+0000] {logging_mixin.py:120} INFO - [2023-11-02T17:02:14.944+0000] {dagbag.py:537} INFO - Filling up the DagBag from /home/airflow/.local/lib/python3.7/site-packages/airflow/example_dags/example_trigger_controller_dag.py
[2023-11-02T17:02:14.958+0000] {processor.py:766} INFO - DAG(s) dict_keys(['example_trigger_controller_dag']) retrieved from /home/airflow/.local/lib/python3.7/site-packages/airflow/example_dags/example_trigger_controller_dag.py
[2023-11-02T17:02:15.019+0000] {logging_mixin.py:120} INFO - [2023-11-02T17:02:15.018+0000] {dag.py:2585} INFO - Sync 1 DAGs
[2023-11-02T17:02:15.066+0000] {logging_mixin.py:120} INFO - [2023-11-02T17:02:15.066+0000] {dag.py:3340} INFO - Setting next_dagrun for example_trigger_controller_dag to 2021-01-01T00:00:00+00:00, run_after=2021-01-01T00:00:00+00:00
[2023-11-02T17:02:15.125+0000] {processor.py:176} INFO - Processing /home/airflow/.local/lib/python3.7/site-packages/airflow/example_dags/example_trigger_controller_dag.py took 0.187 seconds
[2023-11-02T17:02:46.104+0000] {processor.py:154} INFO - Started process (PID=144) to work on /home/airflow/.local/lib/python3.7/site-packages/airflow/example_dags/example_trigger_controller_dag.py
[2023-11-02T17:02:46.105+0000] {processor.py:756} INFO - Processing file /home/airflow/.local/lib/python3.7/site-packages/airflow/example_dags/example_trigger_controller_dag.py for tasks to queue
[2023-11-02T17:02:46.106+0000] {logging_mixin.py:120} INFO - [2023-11-02T17:02:46.106+0000] {dagbag.py:537} INFO - Filling up the DagBag from /home/airflow/.local/lib/python3.7/site-packages/airflow/example_dags/example_trigger_controller_dag.py
[2023-11-02T17:02:46.120+0000] {processor.py:766} INFO - DAG(s) dict_keys(['example_trigger_controller_dag']) retrieved from /home/airflow/.local/lib/python3.7/site-packages/airflow/example_dags/example_trigger_controller_dag.py
[2023-11-02T17:02:46.163+0000] {logging_mixin.py:120} INFO - [2023-11-02T17:02:46.163+0000] {dag.py:2585} INFO - Sync 1 DAGs
[2023-11-02T17:02:46.196+0000] {logging_mixin.py:120} INFO - [2023-11-02T17:02:46.196+0000] {dag.py:3340} INFO - Setting next_dagrun for example_trigger_controller_dag to 2021-01-01T00:00:00+00:00, run_after=2021-01-01T00:00:00+00:00
[2023-11-02T17:02:46.226+0000] {processor.py:176} INFO - Processing /home/airflow/.local/lib/python3.7/site-packages/airflow/example_dags/example_trigger_controller_dag.py took 0.124 seconds
[2023-11-02T17:03:17.324+0000] {processor.py:154} INFO - Started process (PID=212) to work on /home/airflow/.local/lib/python3.7/site-packages/airflow/example_dags/example_trigger_controller_dag.py
[2023-11-02T17:03:17.326+0000] {processor.py:756} INFO - Processing file /home/airflow/.local/lib/python3.7/site-packages/airflow/example_dags/example_trigger_controller_dag.py for tasks to queue
[2023-11-02T17:03:17.327+0000] {logging_mixin.py:120} INFO - [2023-11-02T17:03:17.327+0000] {dagbag.py:537} INFO - Filling up the DagBag from /home/airflow/.local/lib/python3.7/site-packages/airflow/example_dags/example_trigger_controller_dag.py
[2023-11-02T17:03:17.340+0000] {processor.py:766} INFO - DAG(s) dict_keys(['example_trigger_controller_dag']) retrieved from /home/airflow/.local/lib/python3.7/site-packages/airflow/example_dags/example_trigger_controller_dag.py
[2023-11-02T17:03:17.390+0000] {logging_mixin.py:120} INFO - [2023-11-02T17:03:17.390+0000] {dag.py:2585} INFO - Sync 1 DAGs
[2023-11-02T17:03:17.422+0000] {logging_mixin.py:120} INFO - [2023-11-02T17:03:17.422+0000] {dag.py:3340} INFO - Setting next_dagrun for example_trigger_controller_dag to 2021-01-01T00:00:00+00:00, run_after=2021-01-01T00:00:00+00:00
[2023-11-02T17:03:17.449+0000] {processor.py:176} INFO - Processing /home/airflow/.local/lib/python3.7/site-packages/airflow/example_dags/example_trigger_controller_dag.py took 0.128 seconds
[2023-11-02T17:03:47.986+0000] {processor.py:154} INFO - Started process (PID=288) to work on /home/airflow/.local/lib/python3.7/site-packages/airflow/example_dags/example_trigger_controller_dag.py
[2023-11-02T17:03:47.987+0000] {processor.py:756} INFO - Processing file /home/airflow/.local/lib/python3.7/site-packages/airflow/example_dags/example_trigger_controller_dag.py for tasks to queue
[2023-11-02T17:03:47.989+0000] {logging_mixin.py:120} INFO - [2023-11-02T17:03:47.988+0000] {dagbag.py:537} INFO - Filling up the DagBag from /home/airflow/.local/lib/python3.7/site-packages/airflow/example_dags/example_trigger_controller_dag.py
[2023-11-02T17:03:48.000+0000] {processor.py:766} INFO - DAG(s) dict_keys(['example_trigger_controller_dag']) retrieved from /home/airflow/.local/lib/python3.7/site-packages/airflow/example_dags/example_trigger_controller_dag.py
[2023-11-02T17:03:48.042+0000] {logging_mixin.py:120} INFO - [2023-11-02T17:03:48.041+0000] {dag.py:2585} INFO - Sync 1 DAGs
[2023-11-02T17:03:48.072+0000] {logging_mixin.py:120} INFO - [2023-11-02T17:03:48.072+0000] {dag.py:3340} INFO - Setting next_dagrun for example_trigger_controller_dag to 2021-01-01T00:00:00+00:00, run_after=2021-01-01T00:00:00+00:00
[2023-11-02T17:03:48.113+0000] {processor.py:176} INFO - Processing /home/airflow/.local/lib/python3.7/site-packages/airflow/example_dags/example_trigger_controller_dag.py took 0.129 seconds
[2023-11-02T17:04:18.598+0000] {processor.py:154} INFO - Started process (PID=365) to work on /home/airflow/.local/lib/python3.7/site-packages/airflow/example_dags/example_trigger_controller_dag.py
[2023-11-02T17:04:18.599+0000] {processor.py:756} INFO - Processing file /home/airflow/.local/lib/python3.7/site-packages/airflow/example_dags/example_trigger_controller_dag.py for tasks to queue
[2023-11-02T17:04:18.601+0000] {logging_mixin.py:120} INFO - [2023-11-02T17:04:18.600+0000] {dagbag.py:537} INFO - Filling up the DagBag from /home/airflow/.local/lib/python3.7/site-packages/airflow/example_dags/example_trigger_controller_dag.py
[2023-11-02T17:04:18.613+0000] {processor.py:766} INFO - DAG(s) dict_keys(['example_trigger_controller_dag']) retrieved from /home/airflow/.local/lib/python3.7/site-packages/airflow/example_dags/example_trigger_controller_dag.py
[2023-11-02T17:04:18.669+0000] {logging_mixin.py:120} INFO - [2023-11-02T17:04:18.669+0000] {dag.py:2585} INFO - Sync 1 DAGs
[2023-11-02T17:04:18.702+0000] {logging_mixin.py:120} INFO - [2023-11-02T17:04:18.702+0000] {dag.py:3340} INFO - Setting next_dagrun for example_trigger_controller_dag to 2021-01-01T00:00:00+00:00, run_after=2021-01-01T00:00:00+00:00
[2023-11-02T17:04:18.740+0000] {processor.py:176} INFO - Processing /home/airflow/.local/lib/python3.7/site-packages/airflow/example_dags/example_trigger_controller_dag.py took 0.148 seconds
[2023-11-02T17:04:49.639+0000] {processor.py:154} INFO - Started process (PID=432) to work on /home/airflow/.local/lib/python3.7/site-packages/airflow/example_dags/example_trigger_controller_dag.py
[2023-11-02T17:04:49.640+0000] {processor.py:756} INFO - Processing file /home/airflow/.local/lib/python3.7/site-packages/airflow/example_dags/example_trigger_controller_dag.py for tasks to queue
[2023-11-02T17:04:49.641+0000] {logging_mixin.py:120} INFO - [2023-11-02T17:04:49.641+0000] {dagbag.py:537} INFO - Filling up the DagBag from /home/airflow/.local/lib/python3.7/site-packages/airflow/example_dags/example_trigger_controller_dag.py
[2023-11-02T17:04:49.652+0000] {processor.py:766} INFO - DAG(s) dict_keys(['example_trigger_controller_dag']) retrieved from /home/airflow/.local/lib/python3.7/site-packages/airflow/example_dags/example_trigger_controller_dag.py
[2023-11-02T17:04:49.695+0000] {logging_mixin.py:120} INFO - [2023-11-02T17:04:49.695+0000] {dag.py:2585} INFO - Sync 1 DAGs
[2023-11-02T17:04:49.727+0000] {logging_mixin.py:120} INFO - [2023-11-02T17:04:49.727+0000] {dag.py:3340} INFO - Setting next_dagrun for example_trigger_controller_dag to 2021-01-01T00:00:00+00:00, run_after=2021-01-01T00:00:00+00:00
[2023-11-02T17:04:49.755+0000] {processor.py:176} INFO - Processing /home/airflow/.local/lib/python3.7/site-packages/airflow/example_dags/example_trigger_controller_dag.py took 0.119 seconds
[2023-11-02T17:05:20.225+0000] {processor.py:154} INFO - Started process (PID=508) to work on /home/airflow/.local/lib/python3.7/site-packages/airflow/example_dags/example_trigger_controller_dag.py
[2023-11-02T17:05:20.227+0000] {processor.py:756} INFO - Processing file /home/airflow/.local/lib/python3.7/site-packages/airflow/example_dags/example_trigger_controller_dag.py for tasks to queue
[2023-11-02T17:05:20.228+0000] {logging_mixin.py:120} INFO - [2023-11-02T17:05:20.228+0000] {dagbag.py:537} INFO - Filling up the DagBag from /home/airflow/.local/lib/python3.7/site-packages/airflow/example_dags/example_trigger_controller_dag.py
[2023-11-02T17:05:20.239+0000] {processor.py:766} INFO - DAG(s) dict_keys(['example_trigger_controller_dag']) retrieved from /home/airflow/.local/lib/python3.7/site-packages/airflow/example_dags/example_trigger_controller_dag.py
[2023-11-02T17:05:20.280+0000] {logging_mixin.py:120} INFO - [2023-11-02T17:05:20.280+0000] {dag.py:2585} INFO - Sync 1 DAGs
[2023-11-02T17:05:20.311+0000] {logging_mixin.py:120} INFO - [2023-11-02T17:05:20.311+0000] {dag.py:3340} INFO - Setting next_dagrun for example_trigger_controller_dag to 2021-01-01T00:00:00+00:00, run_after=2021-01-01T00:00:00+00:00
[2023-11-02T17:05:20.339+0000] {processor.py:176} INFO - Processing /home/airflow/.local/lib/python3.7/site-packages/airflow/example_dags/example_trigger_controller_dag.py took 0.116 seconds
[2023-11-02T17:05:51.526+0000] {processor.py:154} INFO - Started process (PID=583) to work on /home/airflow/.local/lib/python3.7/site-packages/airflow/example_dags/example_trigger_controller_dag.py
[2023-11-02T17:05:51.527+0000] {processor.py:756} INFO - Processing file /home/airflow/.local/lib/python3.7/site-packages/airflow/example_dags/example_trigger_controller_dag.py for tasks to queue
[2023-11-02T17:05:51.528+0000] {logging_mixin.py:120} INFO - [2023-11-02T17:05:51.528+0000] {dagbag.py:537} INFO - Filling up the DagBag from /home/airflow/.local/lib/python3.7/site-packages/airflow/example_dags/example_trigger_controller_dag.py
[2023-11-02T17:05:51.541+0000] {processor.py:766} INFO - DAG(s) dict_keys(['example_trigger_controller_dag']) retrieved from /home/airflow/.local/lib/python3.7/site-packages/airflow/example_dags/example_trigger_controller_dag.py
[2023-11-02T17:05:51.588+0000] {logging_mixin.py:120} INFO - [2023-11-02T17:05:51.588+0000] {dag.py:2585} INFO - Sync 1 DAGs
[2023-11-02T17:05:51.623+0000] {logging_mixin.py:120} INFO - [2023-11-02T17:05:51.623+0000] {dag.py:3340} INFO - Setting next_dagrun for example_trigger_controller_dag to 2021-01-01T00:00:00+00:00, run_after=2021-01-01T00:00:00+00:00
[2023-11-02T17:05:51.652+0000] {processor.py:176} INFO - Processing /home/airflow/.local/lib/python3.7/site-packages/airflow/example_dags/example_trigger_controller_dag.py took 0.129 seconds
