[2023-11-02T17:02:15.749+0000] {processor.py:154} INFO - Started process (PID=73) to work on /home/airflow/.local/lib/python3.7/site-packages/airflow/example_dags/example_task_group.py
[2023-11-02T17:02:15.751+0000] {processor.py:756} INFO - Processing file /home/airflow/.local/lib/python3.7/site-packages/airflow/example_dags/example_task_group.py for tasks to queue
[2023-11-02T17:02:15.753+0000] {logging_mixin.py:120} INFO - [2023-11-02T17:02:15.753+0000] {dagbag.py:537} INFO - Filling up the DagBag from /home/airflow/.local/lib/python3.7/site-packages/airflow/example_dags/example_task_group.py
[2023-11-02T17:02:15.781+0000] {processor.py:766} INFO - DAG(s) dict_keys(['example_task_group']) retrieved from /home/airflow/.local/lib/python3.7/site-packages/airflow/example_dags/example_task_group.py
[2023-11-02T17:02:15.862+0000] {logging_mixin.py:120} INFO - [2023-11-02T17:02:15.860+0000] {dag.py:2585} INFO - Sync 1 DAGs
[2023-11-02T17:02:15.910+0000] {logging_mixin.py:120} INFO - [2023-11-02T17:02:15.909+0000] {dag.py:3340} INFO - Setting next_dagrun for example_task_group to 2023-11-01T17:02:15.909352+00:00, run_after=2023-11-02T17:02:15.909352+00:00
[2023-11-02T17:02:15.938+0000] {processor.py:176} INFO - Processing /home/airflow/.local/lib/python3.7/site-packages/airflow/example_dags/example_task_group.py took 0.192 seconds
[2023-11-02T17:02:46.645+0000] {processor.py:154} INFO - Started process (PID=148) to work on /home/airflow/.local/lib/python3.7/site-packages/airflow/example_dags/example_task_group.py
[2023-11-02T17:02:46.646+0000] {processor.py:756} INFO - Processing file /home/airflow/.local/lib/python3.7/site-packages/airflow/example_dags/example_task_group.py for tasks to queue
[2023-11-02T17:02:46.647+0000] {logging_mixin.py:120} INFO - [2023-11-02T17:02:46.647+0000] {dagbag.py:537} INFO - Filling up the DagBag from /home/airflow/.local/lib/python3.7/site-packages/airflow/example_dags/example_task_group.py
[2023-11-02T17:02:46.662+0000] {processor.py:766} INFO - DAG(s) dict_keys(['example_task_group']) retrieved from /home/airflow/.local/lib/python3.7/site-packages/airflow/example_dags/example_task_group.py
[2023-11-02T17:02:46.706+0000] {logging_mixin.py:120} INFO - [2023-11-02T17:02:46.706+0000] {dag.py:2585} INFO - Sync 1 DAGs
[2023-11-02T17:02:46.740+0000] {logging_mixin.py:120} INFO - [2023-11-02T17:02:46.739+0000] {dag.py:3340} INFO - Setting next_dagrun for example_task_group to 2023-11-01T17:02:46.739526+00:00, run_after=2023-11-02T17:02:46.739526+00:00
[2023-11-02T17:02:46.769+0000] {processor.py:176} INFO - Processing /home/airflow/.local/lib/python3.7/site-packages/airflow/example_dags/example_task_group.py took 0.128 seconds
[2023-11-02T17:03:17.931+0000] {processor.py:154} INFO - Started process (PID=216) to work on /home/airflow/.local/lib/python3.7/site-packages/airflow/example_dags/example_task_group.py
[2023-11-02T17:03:17.933+0000] {processor.py:756} INFO - Processing file /home/airflow/.local/lib/python3.7/site-packages/airflow/example_dags/example_task_group.py for tasks to queue
[2023-11-02T17:03:17.935+0000] {logging_mixin.py:120} INFO - [2023-11-02T17:03:17.934+0000] {dagbag.py:537} INFO - Filling up the DagBag from /home/airflow/.local/lib/python3.7/site-packages/airflow/example_dags/example_task_group.py
[2023-11-02T17:03:17.958+0000] {processor.py:766} INFO - DAG(s) dict_keys(['example_task_group']) retrieved from /home/airflow/.local/lib/python3.7/site-packages/airflow/example_dags/example_task_group.py
[2023-11-02T17:03:18.013+0000] {logging_mixin.py:120} INFO - [2023-11-02T17:03:18.013+0000] {dag.py:2585} INFO - Sync 1 DAGs
[2023-11-02T17:03:18.081+0000] {logging_mixin.py:120} INFO - [2023-11-02T17:03:18.081+0000] {dag.py:3340} INFO - Setting next_dagrun for example_task_group to 2023-11-01T17:03:18.081252+00:00, run_after=2023-11-02T17:03:18.081252+00:00
[2023-11-02T17:03:18.131+0000] {processor.py:176} INFO - Processing /home/airflow/.local/lib/python3.7/site-packages/airflow/example_dags/example_task_group.py took 0.203 seconds
[2023-11-02T17:03:48.346+0000] {processor.py:154} INFO - Started process (PID=292) to work on /home/airflow/.local/lib/python3.7/site-packages/airflow/example_dags/example_task_group.py
[2023-11-02T17:03:48.347+0000] {processor.py:756} INFO - Processing file /home/airflow/.local/lib/python3.7/site-packages/airflow/example_dags/example_task_group.py for tasks to queue
[2023-11-02T17:03:48.348+0000] {logging_mixin.py:120} INFO - [2023-11-02T17:03:48.348+0000] {dagbag.py:537} INFO - Filling up the DagBag from /home/airflow/.local/lib/python3.7/site-packages/airflow/example_dags/example_task_group.py
[2023-11-02T17:03:48.366+0000] {processor.py:766} INFO - DAG(s) dict_keys(['example_task_group']) retrieved from /home/airflow/.local/lib/python3.7/site-packages/airflow/example_dags/example_task_group.py
[2023-11-02T17:03:48.413+0000] {logging_mixin.py:120} INFO - [2023-11-02T17:03:48.412+0000] {dag.py:2585} INFO - Sync 1 DAGs
[2023-11-02T17:03:48.443+0000] {logging_mixin.py:120} INFO - [2023-11-02T17:03:48.443+0000] {dag.py:3340} INFO - Setting next_dagrun for example_task_group to 2023-11-01T17:03:48.442903+00:00, run_after=2023-11-02T17:03:48.442903+00:00
[2023-11-02T17:03:48.471+0000] {processor.py:176} INFO - Processing /home/airflow/.local/lib/python3.7/site-packages/airflow/example_dags/example_task_group.py took 0.127 seconds
[2023-11-02T17:04:19.171+0000] {processor.py:154} INFO - Started process (PID=369) to work on /home/airflow/.local/lib/python3.7/site-packages/airflow/example_dags/example_task_group.py
[2023-11-02T17:04:19.173+0000] {processor.py:756} INFO - Processing file /home/airflow/.local/lib/python3.7/site-packages/airflow/example_dags/example_task_group.py for tasks to queue
[2023-11-02T17:04:19.174+0000] {logging_mixin.py:120} INFO - [2023-11-02T17:04:19.174+0000] {dagbag.py:537} INFO - Filling up the DagBag from /home/airflow/.local/lib/python3.7/site-packages/airflow/example_dags/example_task_group.py
[2023-11-02T17:04:19.192+0000] {processor.py:766} INFO - DAG(s) dict_keys(['example_task_group']) retrieved from /home/airflow/.local/lib/python3.7/site-packages/airflow/example_dags/example_task_group.py
[2023-11-02T17:04:19.242+0000] {logging_mixin.py:120} INFO - [2023-11-02T17:04:19.241+0000] {dag.py:2585} INFO - Sync 1 DAGs
[2023-11-02T17:04:19.275+0000] {logging_mixin.py:120} INFO - [2023-11-02T17:04:19.275+0000] {dag.py:3340} INFO - Setting next_dagrun for example_task_group to 2023-11-01T17:04:19.274958+00:00, run_after=2023-11-02T17:04:19.274958+00:00
[2023-11-02T17:04:19.311+0000] {processor.py:176} INFO - Processing /home/airflow/.local/lib/python3.7/site-packages/airflow/example_dags/example_task_group.py took 0.143 seconds
[2023-11-02T17:04:50.201+0000] {processor.py:154} INFO - Started process (PID=436) to work on /home/airflow/.local/lib/python3.7/site-packages/airflow/example_dags/example_task_group.py
[2023-11-02T17:04:50.202+0000] {processor.py:756} INFO - Processing file /home/airflow/.local/lib/python3.7/site-packages/airflow/example_dags/example_task_group.py for tasks to queue
[2023-11-02T17:04:50.204+0000] {logging_mixin.py:120} INFO - [2023-11-02T17:04:50.203+0000] {dagbag.py:537} INFO - Filling up the DagBag from /home/airflow/.local/lib/python3.7/site-packages/airflow/example_dags/example_task_group.py
[2023-11-02T17:04:50.219+0000] {processor.py:766} INFO - DAG(s) dict_keys(['example_task_group']) retrieved from /home/airflow/.local/lib/python3.7/site-packages/airflow/example_dags/example_task_group.py
[2023-11-02T17:04:50.261+0000] {logging_mixin.py:120} INFO - [2023-11-02T17:04:50.261+0000] {dag.py:2585} INFO - Sync 1 DAGs
[2023-11-02T17:04:50.295+0000] {logging_mixin.py:120} INFO - [2023-11-02T17:04:50.295+0000] {dag.py:3340} INFO - Setting next_dagrun for example_task_group to 2023-11-01T17:04:50.295264+00:00, run_after=2023-11-02T17:04:50.295264+00:00
[2023-11-02T17:04:50.329+0000] {processor.py:176} INFO - Processing /home/airflow/.local/lib/python3.7/site-packages/airflow/example_dags/example_task_group.py took 0.130 seconds
[2023-11-02T17:05:20.686+0000] {processor.py:154} INFO - Started process (PID=512) to work on /home/airflow/.local/lib/python3.7/site-packages/airflow/example_dags/example_task_group.py
[2023-11-02T17:05:20.687+0000] {processor.py:756} INFO - Processing file /home/airflow/.local/lib/python3.7/site-packages/airflow/example_dags/example_task_group.py for tasks to queue
[2023-11-02T17:05:20.688+0000] {logging_mixin.py:120} INFO - [2023-11-02T17:05:20.688+0000] {dagbag.py:537} INFO - Filling up the DagBag from /home/airflow/.local/lib/python3.7/site-packages/airflow/example_dags/example_task_group.py
[2023-11-02T17:05:20.707+0000] {processor.py:766} INFO - DAG(s) dict_keys(['example_task_group']) retrieved from /home/airflow/.local/lib/python3.7/site-packages/airflow/example_dags/example_task_group.py
[2023-11-02T17:05:20.750+0000] {logging_mixin.py:120} INFO - [2023-11-02T17:05:20.750+0000] {dag.py:2585} INFO - Sync 1 DAGs
[2023-11-02T17:05:20.780+0000] {logging_mixin.py:120} INFO - [2023-11-02T17:05:20.780+0000] {dag.py:3340} INFO - Setting next_dagrun for example_task_group to 2023-11-01T17:05:20.780602+00:00, run_after=2023-11-02T17:05:20.780602+00:00
[2023-11-02T17:05:20.807+0000] {processor.py:176} INFO - Processing /home/airflow/.local/lib/python3.7/site-packages/airflow/example_dags/example_task_group.py took 0.123 seconds
[2023-11-02T17:05:51.980+0000] {processor.py:154} INFO - Started process (PID=587) to work on /home/airflow/.local/lib/python3.7/site-packages/airflow/example_dags/example_task_group.py
[2023-11-02T17:05:51.981+0000] {processor.py:756} INFO - Processing file /home/airflow/.local/lib/python3.7/site-packages/airflow/example_dags/example_task_group.py for tasks to queue
[2023-11-02T17:05:51.982+0000] {logging_mixin.py:120} INFO - [2023-11-02T17:05:51.982+0000] {dagbag.py:537} INFO - Filling up the DagBag from /home/airflow/.local/lib/python3.7/site-packages/airflow/example_dags/example_task_group.py
[2023-11-02T17:05:52.000+0000] {processor.py:766} INFO - DAG(s) dict_keys(['example_task_group']) retrieved from /home/airflow/.local/lib/python3.7/site-packages/airflow/example_dags/example_task_group.py
[2023-11-02T17:05:52.046+0000] {logging_mixin.py:120} INFO - [2023-11-02T17:05:52.046+0000] {dag.py:2585} INFO - Sync 1 DAGs
[2023-11-02T17:05:52.077+0000] {logging_mixin.py:120} INFO - [2023-11-02T17:05:52.077+0000] {dag.py:3340} INFO - Setting next_dagrun for example_task_group to 2023-11-01T17:05:52.077547+00:00, run_after=2023-11-02T17:05:52.077547+00:00
[2023-11-02T17:05:52.105+0000] {processor.py:176} INFO - Processing /home/airflow/.local/lib/python3.7/site-packages/airflow/example_dags/example_task_group.py took 0.128 seconds
