[2023-11-02T17:02:15.176+0000] {processor.py:154} INFO - Started process (PID=71) to work on /home/airflow/.local/lib/python3.7/site-packages/airflow/example_dags/example_time_delta_sensor_async.py
[2023-11-02T17:02:15.183+0000] {processor.py:756} INFO - Processing file /home/airflow/.local/lib/python3.7/site-packages/airflow/example_dags/example_time_delta_sensor_async.py for tasks to queue
[2023-11-02T17:02:15.184+0000] {logging_mixin.py:120} INFO - [2023-11-02T17:02:15.184+0000] {dagbag.py:537} INFO - Filling up the DagBag from /home/airflow/.local/lib/python3.7/site-packages/airflow/example_dags/example_time_delta_sensor_async.py
[2023-11-02T17:02:15.219+0000] {processor.py:766} INFO - DAG(s) dict_keys(['example_time_delta_sensor_async']) retrieved from /home/airflow/.local/lib/python3.7/site-packages/airflow/example_dags/example_time_delta_sensor_async.py
[2023-11-02T17:02:15.603+0000] {logging_mixin.py:120} INFO - [2023-11-02T17:02:15.603+0000] {dag.py:2585} INFO - Sync 1 DAGs
[2023-11-02T17:02:15.659+0000] {logging_mixin.py:120} INFO - [2023-11-02T17:02:15.659+0000] {dag.py:3340} INFO - Setting next_dagrun for example_time_delta_sensor_async to None, run_after=None
[2023-11-02T17:02:15.709+0000] {processor.py:176} INFO - Processing /home/airflow/.local/lib/python3.7/site-packages/airflow/example_dags/example_time_delta_sensor_async.py took 0.535 seconds
[2023-11-02T17:02:46.258+0000] {processor.py:154} INFO - Started process (PID=146) to work on /home/airflow/.local/lib/python3.7/site-packages/airflow/example_dags/example_time_delta_sensor_async.py
[2023-11-02T17:02:46.259+0000] {processor.py:756} INFO - Processing file /home/airflow/.local/lib/python3.7/site-packages/airflow/example_dags/example_time_delta_sensor_async.py for tasks to queue
[2023-11-02T17:02:46.260+0000] {logging_mixin.py:120} INFO - [2023-11-02T17:02:46.260+0000] {dagbag.py:537} INFO - Filling up the DagBag from /home/airflow/.local/lib/python3.7/site-packages/airflow/example_dags/example_time_delta_sensor_async.py
[2023-11-02T17:02:46.273+0000] {processor.py:766} INFO - DAG(s) dict_keys(['example_time_delta_sensor_async']) retrieved from /home/airflow/.local/lib/python3.7/site-packages/airflow/example_dags/example_time_delta_sensor_async.py
[2023-11-02T17:02:46.533+0000] {logging_mixin.py:120} INFO - [2023-11-02T17:02:46.532+0000] {dag.py:2585} INFO - Sync 1 DAGs
[2023-11-02T17:02:46.565+0000] {logging_mixin.py:120} INFO - [2023-11-02T17:02:46.565+0000] {dag.py:3340} INFO - Setting next_dagrun for example_time_delta_sensor_async to None, run_after=None
[2023-11-02T17:02:46.596+0000] {processor.py:176} INFO - Processing /home/airflow/.local/lib/python3.7/site-packages/airflow/example_dags/example_time_delta_sensor_async.py took 0.341 seconds
[2023-11-02T17:03:17.479+0000] {processor.py:154} INFO - Started process (PID=214) to work on /home/airflow/.local/lib/python3.7/site-packages/airflow/example_dags/example_time_delta_sensor_async.py
[2023-11-02T17:03:17.480+0000] {processor.py:756} INFO - Processing file /home/airflow/.local/lib/python3.7/site-packages/airflow/example_dags/example_time_delta_sensor_async.py for tasks to queue
[2023-11-02T17:03:17.481+0000] {logging_mixin.py:120} INFO - [2023-11-02T17:03:17.481+0000] {dagbag.py:537} INFO - Filling up the DagBag from /home/airflow/.local/lib/python3.7/site-packages/airflow/example_dags/example_time_delta_sensor_async.py
[2023-11-02T17:03:17.495+0000] {processor.py:766} INFO - DAG(s) dict_keys(['example_time_delta_sensor_async']) retrieved from /home/airflow/.local/lib/python3.7/site-packages/airflow/example_dags/example_time_delta_sensor_async.py
[2023-11-02T17:03:17.939+0000] {logging_mixin.py:120} INFO - [2023-11-02T17:03:17.939+0000] {dag.py:2585} INFO - Sync 1 DAGs
[2023-11-02T17:03:17.999+0000] {logging_mixin.py:120} INFO - [2023-11-02T17:03:17.999+0000] {dag.py:3340} INFO - Setting next_dagrun for example_time_delta_sensor_async to None, run_after=None
[2023-11-02T17:03:18.030+0000] {processor.py:176} INFO - Processing /home/airflow/.local/lib/python3.7/site-packages/airflow/example_dags/example_time_delta_sensor_async.py took 0.554 seconds
[2023-11-02T17:03:48.290+0000] {processor.py:154} INFO - Started process (PID=291) to work on /home/airflow/.local/lib/python3.7/site-packages/airflow/example_dags/example_time_delta_sensor_async.py
[2023-11-02T17:03:48.291+0000] {processor.py:756} INFO - Processing file /home/airflow/.local/lib/python3.7/site-packages/airflow/example_dags/example_time_delta_sensor_async.py for tasks to queue
[2023-11-02T17:03:48.292+0000] {logging_mixin.py:120} INFO - [2023-11-02T17:03:48.292+0000] {dagbag.py:537} INFO - Filling up the DagBag from /home/airflow/.local/lib/python3.7/site-packages/airflow/example_dags/example_time_delta_sensor_async.py
[2023-11-02T17:03:48.303+0000] {processor.py:766} INFO - DAG(s) dict_keys(['example_time_delta_sensor_async']) retrieved from /home/airflow/.local/lib/python3.7/site-packages/airflow/example_dags/example_time_delta_sensor_async.py
[2023-11-02T17:03:48.545+0000] {logging_mixin.py:120} INFO - [2023-11-02T17:03:48.545+0000] {dag.py:2585} INFO - Sync 1 DAGs
[2023-11-02T17:03:48.578+0000] {logging_mixin.py:120} INFO - [2023-11-02T17:03:48.578+0000] {dag.py:3340} INFO - Setting next_dagrun for example_time_delta_sensor_async to None, run_after=None
[2023-11-02T17:03:48.607+0000] {processor.py:176} INFO - Processing /home/airflow/.local/lib/python3.7/site-packages/airflow/example_dags/example_time_delta_sensor_async.py took 0.319 seconds
[2023-11-02T17:04:18.786+0000] {processor.py:154} INFO - Started process (PID=367) to work on /home/airflow/.local/lib/python3.7/site-packages/airflow/example_dags/example_time_delta_sensor_async.py
[2023-11-02T17:04:18.787+0000] {processor.py:756} INFO - Processing file /home/airflow/.local/lib/python3.7/site-packages/airflow/example_dags/example_time_delta_sensor_async.py for tasks to queue
[2023-11-02T17:04:18.788+0000] {logging_mixin.py:120} INFO - [2023-11-02T17:04:18.788+0000] {dagbag.py:537} INFO - Filling up the DagBag from /home/airflow/.local/lib/python3.7/site-packages/airflow/example_dags/example_time_delta_sensor_async.py
[2023-11-02T17:04:18.806+0000] {processor.py:766} INFO - DAG(s) dict_keys(['example_time_delta_sensor_async']) retrieved from /home/airflow/.local/lib/python3.7/site-packages/airflow/example_dags/example_time_delta_sensor_async.py
[2023-11-02T17:04:19.121+0000] {logging_mixin.py:120} INFO - [2023-11-02T17:04:19.121+0000] {dag.py:2585} INFO - Sync 1 DAGs
[2023-11-02T17:04:19.153+0000] {logging_mixin.py:120} INFO - [2023-11-02T17:04:19.153+0000] {dag.py:3340} INFO - Setting next_dagrun for example_time_delta_sensor_async to None, run_after=None
[2023-11-02T17:04:19.184+0000] {processor.py:176} INFO - Processing /home/airflow/.local/lib/python3.7/site-packages/airflow/example_dags/example_time_delta_sensor_async.py took 0.403 seconds
[2023-11-02T17:04:49.796+0000] {processor.py:154} INFO - Started process (PID=434) to work on /home/airflow/.local/lib/python3.7/site-packages/airflow/example_dags/example_time_delta_sensor_async.py
[2023-11-02T17:04:49.797+0000] {processor.py:756} INFO - Processing file /home/airflow/.local/lib/python3.7/site-packages/airflow/example_dags/example_time_delta_sensor_async.py for tasks to queue
[2023-11-02T17:04:49.798+0000] {logging_mixin.py:120} INFO - [2023-11-02T17:04:49.798+0000] {dagbag.py:537} INFO - Filling up the DagBag from /home/airflow/.local/lib/python3.7/site-packages/airflow/example_dags/example_time_delta_sensor_async.py
[2023-11-02T17:04:49.811+0000] {processor.py:766} INFO - DAG(s) dict_keys(['example_time_delta_sensor_async']) retrieved from /home/airflow/.local/lib/python3.7/site-packages/airflow/example_dags/example_time_delta_sensor_async.py
[2023-11-02T17:04:50.090+0000] {logging_mixin.py:120} INFO - [2023-11-02T17:04:50.090+0000] {dag.py:2585} INFO - Sync 1 DAGs
[2023-11-02T17:04:50.121+0000] {logging_mixin.py:120} INFO - [2023-11-02T17:04:50.121+0000] {dag.py:3340} INFO - Setting next_dagrun for example_time_delta_sensor_async to None, run_after=None
[2023-11-02T17:04:50.149+0000] {processor.py:176} INFO - Processing /home/airflow/.local/lib/python3.7/site-packages/airflow/example_dags/example_time_delta_sensor_async.py took 0.357 seconds
[2023-11-02T17:05:20.367+0000] {processor.py:154} INFO - Started process (PID=510) to work on /home/airflow/.local/lib/python3.7/site-packages/airflow/example_dags/example_time_delta_sensor_async.py
[2023-11-02T17:05:20.368+0000] {processor.py:756} INFO - Processing file /home/airflow/.local/lib/python3.7/site-packages/airflow/example_dags/example_time_delta_sensor_async.py for tasks to queue
[2023-11-02T17:05:20.370+0000] {logging_mixin.py:120} INFO - [2023-11-02T17:05:20.370+0000] {dagbag.py:537} INFO - Filling up the DagBag from /home/airflow/.local/lib/python3.7/site-packages/airflow/example_dags/example_time_delta_sensor_async.py
[2023-11-02T17:05:20.382+0000] {processor.py:766} INFO - DAG(s) dict_keys(['example_time_delta_sensor_async']) retrieved from /home/airflow/.local/lib/python3.7/site-packages/airflow/example_dags/example_time_delta_sensor_async.py
[2023-11-02T17:05:20.624+0000] {logging_mixin.py:120} INFO - [2023-11-02T17:05:20.624+0000] {dag.py:2585} INFO - Sync 1 DAGs
[2023-11-02T17:05:20.656+0000] {logging_mixin.py:120} INFO - [2023-11-02T17:05:20.655+0000] {dag.py:3340} INFO - Setting next_dagrun for example_time_delta_sensor_async to None, run_after=None
[2023-11-02T17:05:20.684+0000] {processor.py:176} INFO - Processing /home/airflow/.local/lib/python3.7/site-packages/airflow/example_dags/example_time_delta_sensor_async.py took 0.319 seconds
[2023-11-02T17:05:51.684+0000] {processor.py:154} INFO - Started process (PID=585) to work on /home/airflow/.local/lib/python3.7/site-packages/airflow/example_dags/example_time_delta_sensor_async.py
[2023-11-02T17:05:51.685+0000] {processor.py:756} INFO - Processing file /home/airflow/.local/lib/python3.7/site-packages/airflow/example_dags/example_time_delta_sensor_async.py for tasks to queue
[2023-11-02T17:05:51.687+0000] {logging_mixin.py:120} INFO - [2023-11-02T17:05:51.686+0000] {dagbag.py:537} INFO - Filling up the DagBag from /home/airflow/.local/lib/python3.7/site-packages/airflow/example_dags/example_time_delta_sensor_async.py
[2023-11-02T17:05:51.702+0000] {processor.py:766} INFO - DAG(s) dict_keys(['example_time_delta_sensor_async']) retrieved from /home/airflow/.local/lib/python3.7/site-packages/airflow/example_dags/example_time_delta_sensor_async.py
[2023-11-02T17:05:51.988+0000] {logging_mixin.py:120} INFO - [2023-11-02T17:05:51.987+0000] {dag.py:2585} INFO - Sync 1 DAGs
[2023-11-02T17:05:52.020+0000] {logging_mixin.py:120} INFO - [2023-11-02T17:05:52.020+0000] {dag.py:3340} INFO - Setting next_dagrun for example_time_delta_sensor_async to None, run_after=None
[2023-11-02T17:05:52.046+0000] {processor.py:176} INFO - Processing /home/airflow/.local/lib/python3.7/site-packages/airflow/example_dags/example_time_delta_sensor_async.py took 0.364 seconds
