[2023-11-02T17:02:17.692+0000] {processor.py:154} INFO - Started process (PID=91) to work on /home/airflow/.local/lib/python3.7/site-packages/airflow/example_dags/example_short_circuit_decorator.py
[2023-11-02T17:02:17.705+0000] {processor.py:756} INFO - Processing file /home/airflow/.local/lib/python3.7/site-packages/airflow/example_dags/example_short_circuit_decorator.py for tasks to queue
[2023-11-02T17:02:17.706+0000] {logging_mixin.py:120} INFO - [2023-11-02T17:02:17.706+0000] {dagbag.py:537} INFO - Filling up the DagBag from /home/airflow/.local/lib/python3.7/site-packages/airflow/example_dags/example_short_circuit_decorator.py
[2023-11-02T17:02:17.857+0000] {processor.py:766} INFO - DAG(s) dict_keys(['example_short_circuit_decorator']) retrieved from /home/airflow/.local/lib/python3.7/site-packages/airflow/example_dags/example_short_circuit_decorator.py
[2023-11-02T17:02:17.968+0000] {logging_mixin.py:120} INFO - [2023-11-02T17:02:17.968+0000] {dag.py:2585} INFO - Sync 1 DAGs
[2023-11-02T17:02:18.100+0000] {logging_mixin.py:120} INFO - [2023-11-02T17:02:18.100+0000] {dag.py:3340} INFO - Setting next_dagrun for example_short_circuit_decorator to 2023-11-01T17:02:18.100286+00:00, run_after=2023-11-02T17:02:18.100286+00:00
[2023-11-02T17:02:18.154+0000] {processor.py:176} INFO - Processing /home/airflow/.local/lib/python3.7/site-packages/airflow/example_dags/example_short_circuit_decorator.py took 0.464 seconds
[2023-11-02T17:02:49.019+0000] {processor.py:154} INFO - Started process (PID=159) to work on /home/airflow/.local/lib/python3.7/site-packages/airflow/example_dags/example_short_circuit_decorator.py
[2023-11-02T17:02:49.021+0000] {processor.py:756} INFO - Processing file /home/airflow/.local/lib/python3.7/site-packages/airflow/example_dags/example_short_circuit_decorator.py for tasks to queue
[2023-11-02T17:02:49.022+0000] {logging_mixin.py:120} INFO - [2023-11-02T17:02:49.022+0000] {dagbag.py:537} INFO - Filling up the DagBag from /home/airflow/.local/lib/python3.7/site-packages/airflow/example_dags/example_short_circuit_decorator.py
[2023-11-02T17:02:49.052+0000] {processor.py:766} INFO - DAG(s) dict_keys(['example_short_circuit_decorator']) retrieved from /home/airflow/.local/lib/python3.7/site-packages/airflow/example_dags/example_short_circuit_decorator.py
[2023-11-02T17:02:49.100+0000] {logging_mixin.py:120} INFO - [2023-11-02T17:02:49.099+0000] {dag.py:2585} INFO - Sync 1 DAGs
[2023-11-02T17:02:49.131+0000] {logging_mixin.py:120} INFO - [2023-11-02T17:02:49.131+0000] {dag.py:3340} INFO - Setting next_dagrun for example_short_circuit_decorator to 2023-11-01T17:02:49.130896+00:00, run_after=2023-11-02T17:02:49.130896+00:00
[2023-11-02T17:02:49.158+0000] {processor.py:176} INFO - Processing /home/airflow/.local/lib/python3.7/site-packages/airflow/example_dags/example_short_circuit_decorator.py took 0.141 seconds
[2023-11-02T17:03:19.600+0000] {processor.py:154} INFO - Started process (PID=236) to work on /home/airflow/.local/lib/python3.7/site-packages/airflow/example_dags/example_short_circuit_decorator.py
[2023-11-02T17:03:19.602+0000] {processor.py:756} INFO - Processing file /home/airflow/.local/lib/python3.7/site-packages/airflow/example_dags/example_short_circuit_decorator.py for tasks to queue
[2023-11-02T17:03:19.603+0000] {logging_mixin.py:120} INFO - [2023-11-02T17:03:19.603+0000] {dagbag.py:537} INFO - Filling up the DagBag from /home/airflow/.local/lib/python3.7/site-packages/airflow/example_dags/example_short_circuit_decorator.py
[2023-11-02T17:03:19.635+0000] {processor.py:766} INFO - DAG(s) dict_keys(['example_short_circuit_decorator']) retrieved from /home/airflow/.local/lib/python3.7/site-packages/airflow/example_dags/example_short_circuit_decorator.py
[2023-11-02T17:03:19.689+0000] {logging_mixin.py:120} INFO - [2023-11-02T17:03:19.689+0000] {dag.py:2585} INFO - Sync 1 DAGs
[2023-11-02T17:03:19.724+0000] {logging_mixin.py:120} INFO - [2023-11-02T17:03:19.724+0000] {dag.py:3340} INFO - Setting next_dagrun for example_short_circuit_decorator to 2023-11-01T17:03:19.724047+00:00, run_after=2023-11-02T17:03:19.724047+00:00
[2023-11-02T17:03:19.751+0000] {processor.py:176} INFO - Processing /home/airflow/.local/lib/python3.7/site-packages/airflow/example_dags/example_short_circuit_decorator.py took 0.153 seconds
[2023-11-02T17:03:49.941+0000] {processor.py:154} INFO - Started process (PID=303) to work on /home/airflow/.local/lib/python3.7/site-packages/airflow/example_dags/example_short_circuit_decorator.py
[2023-11-02T17:03:49.943+0000] {processor.py:756} INFO - Processing file /home/airflow/.local/lib/python3.7/site-packages/airflow/example_dags/example_short_circuit_decorator.py for tasks to queue
[2023-11-02T17:03:49.944+0000] {logging_mixin.py:120} INFO - [2023-11-02T17:03:49.944+0000] {dagbag.py:537} INFO - Filling up the DagBag from /home/airflow/.local/lib/python3.7/site-packages/airflow/example_dags/example_short_circuit_decorator.py
[2023-11-02T17:03:49.969+0000] {processor.py:766} INFO - DAG(s) dict_keys(['example_short_circuit_decorator']) retrieved from /home/airflow/.local/lib/python3.7/site-packages/airflow/example_dags/example_short_circuit_decorator.py
[2023-11-02T17:03:50.014+0000] {logging_mixin.py:120} INFO - [2023-11-02T17:03:50.013+0000] {dag.py:2585} INFO - Sync 1 DAGs
[2023-11-02T17:03:50.045+0000] {logging_mixin.py:120} INFO - [2023-11-02T17:03:50.045+0000] {dag.py:3340} INFO - Setting next_dagrun for example_short_circuit_decorator to 2023-11-01T17:03:50.045241+00:00, run_after=2023-11-02T17:03:50.045241+00:00
[2023-11-02T17:03:50.073+0000] {processor.py:176} INFO - Processing /home/airflow/.local/lib/python3.7/site-packages/airflow/example_dags/example_short_circuit_decorator.py took 0.134 seconds
[2023-11-02T17:04:20.179+0000] {processor.py:154} INFO - Started process (PID=380) to work on /home/airflow/.local/lib/python3.7/site-packages/airflow/example_dags/example_short_circuit_decorator.py
[2023-11-02T17:04:20.180+0000] {processor.py:756} INFO - Processing file /home/airflow/.local/lib/python3.7/site-packages/airflow/example_dags/example_short_circuit_decorator.py for tasks to queue
[2023-11-02T17:04:20.181+0000] {logging_mixin.py:120} INFO - [2023-11-02T17:04:20.181+0000] {dagbag.py:537} INFO - Filling up the DagBag from /home/airflow/.local/lib/python3.7/site-packages/airflow/example_dags/example_short_circuit_decorator.py
[2023-11-02T17:04:20.208+0000] {processor.py:766} INFO - DAG(s) dict_keys(['example_short_circuit_decorator']) retrieved from /home/airflow/.local/lib/python3.7/site-packages/airflow/example_dags/example_short_circuit_decorator.py
[2023-11-02T17:04:20.255+0000] {logging_mixin.py:120} INFO - [2023-11-02T17:04:20.255+0000] {dag.py:2585} INFO - Sync 1 DAGs
[2023-11-02T17:04:20.297+0000] {logging_mixin.py:120} INFO - [2023-11-02T17:04:20.297+0000] {dag.py:3340} INFO - Setting next_dagrun for example_short_circuit_decorator to 2023-11-01T17:04:20.296235+00:00, run_after=2023-11-02T17:04:20.296235+00:00
[2023-11-02T17:04:20.330+0000] {processor.py:176} INFO - Processing /home/airflow/.local/lib/python3.7/site-packages/airflow/example_dags/example_short_circuit_decorator.py took 0.154 seconds
[2023-11-02T17:04:51.234+0000] {processor.py:154} INFO - Started process (PID=447) to work on /home/airflow/.local/lib/python3.7/site-packages/airflow/example_dags/example_short_circuit_decorator.py
[2023-11-02T17:04:51.235+0000] {processor.py:756} INFO - Processing file /home/airflow/.local/lib/python3.7/site-packages/airflow/example_dags/example_short_circuit_decorator.py for tasks to queue
[2023-11-02T17:04:51.237+0000] {logging_mixin.py:120} INFO - [2023-11-02T17:04:51.237+0000] {dagbag.py:537} INFO - Filling up the DagBag from /home/airflow/.local/lib/python3.7/site-packages/airflow/example_dags/example_short_circuit_decorator.py
[2023-11-02T17:04:51.264+0000] {processor.py:766} INFO - DAG(s) dict_keys(['example_short_circuit_decorator']) retrieved from /home/airflow/.local/lib/python3.7/site-packages/airflow/example_dags/example_short_circuit_decorator.py
[2023-11-02T17:04:51.309+0000] {logging_mixin.py:120} INFO - [2023-11-02T17:04:51.309+0000] {dag.py:2585} INFO - Sync 1 DAGs
[2023-11-02T17:04:51.339+0000] {logging_mixin.py:120} INFO - [2023-11-02T17:04:51.338+0000] {dag.py:3340} INFO - Setting next_dagrun for example_short_circuit_decorator to 2023-11-01T17:04:51.338719+00:00, run_after=2023-11-02T17:04:51.338719+00:00
[2023-11-02T17:04:51.366+0000] {processor.py:176} INFO - Processing /home/airflow/.local/lib/python3.7/site-packages/airflow/example_dags/example_short_circuit_decorator.py took 0.134 seconds
[2023-11-02T17:05:21.581+0000] {processor.py:154} INFO - Started process (PID=523) to work on /home/airflow/.local/lib/python3.7/site-packages/airflow/example_dags/example_short_circuit_decorator.py
[2023-11-02T17:05:21.582+0000] {processor.py:756} INFO - Processing file /home/airflow/.local/lib/python3.7/site-packages/airflow/example_dags/example_short_circuit_decorator.py for tasks to queue
[2023-11-02T17:05:21.583+0000] {logging_mixin.py:120} INFO - [2023-11-02T17:05:21.583+0000] {dagbag.py:537} INFO - Filling up the DagBag from /home/airflow/.local/lib/python3.7/site-packages/airflow/example_dags/example_short_circuit_decorator.py
[2023-11-02T17:05:21.608+0000] {processor.py:766} INFO - DAG(s) dict_keys(['example_short_circuit_decorator']) retrieved from /home/airflow/.local/lib/python3.7/site-packages/airflow/example_dags/example_short_circuit_decorator.py
[2023-11-02T17:05:21.655+0000] {logging_mixin.py:120} INFO - [2023-11-02T17:05:21.655+0000] {dag.py:2585} INFO - Sync 1 DAGs
[2023-11-02T17:05:21.687+0000] {logging_mixin.py:120} INFO - [2023-11-02T17:05:21.687+0000] {dag.py:3340} INFO - Setting next_dagrun for example_short_circuit_decorator to 2023-11-01T17:05:21.687138+00:00, run_after=2023-11-02T17:05:21.687138+00:00
[2023-11-02T17:05:21.713+0000] {processor.py:176} INFO - Processing /home/airflow/.local/lib/python3.7/site-packages/airflow/example_dags/example_short_circuit_decorator.py took 0.134 seconds
[2023-11-02T17:05:52.919+0000] {processor.py:154} INFO - Started process (PID=598) to work on /home/airflow/.local/lib/python3.7/site-packages/airflow/example_dags/example_short_circuit_decorator.py
[2023-11-02T17:05:52.920+0000] {processor.py:756} INFO - Processing file /home/airflow/.local/lib/python3.7/site-packages/airflow/example_dags/example_short_circuit_decorator.py for tasks to queue
[2023-11-02T17:05:52.922+0000] {logging_mixin.py:120} INFO - [2023-11-02T17:05:52.922+0000] {dagbag.py:537} INFO - Filling up the DagBag from /home/airflow/.local/lib/python3.7/site-packages/airflow/example_dags/example_short_circuit_decorator.py
[2023-11-02T17:05:52.956+0000] {processor.py:766} INFO - DAG(s) dict_keys(['example_short_circuit_decorator']) retrieved from /home/airflow/.local/lib/python3.7/site-packages/airflow/example_dags/example_short_circuit_decorator.py
[2023-11-02T17:05:53.009+0000] {logging_mixin.py:120} INFO - [2023-11-02T17:05:53.009+0000] {dag.py:2585} INFO - Sync 1 DAGs
[2023-11-02T17:05:53.043+0000] {logging_mixin.py:120} INFO - [2023-11-02T17:05:53.043+0000] {dag.py:3340} INFO - Setting next_dagrun for example_short_circuit_decorator to 2023-11-01T17:05:53.043309+00:00, run_after=2023-11-02T17:05:53.043309+00:00
[2023-11-02T17:05:53.069+0000] {processor.py:176} INFO - Processing /home/airflow/.local/lib/python3.7/site-packages/airflow/example_dags/example_short_circuit_decorator.py took 0.153 seconds
