[2023-11-02T17:02:13.722+0000] {processor.py:154} INFO - Started process (PID=61) to work on /home/airflow/.local/lib/python3.7/site-packages/airflow/example_dags/tutorial.py
[2023-11-02T17:02:13.732+0000] {processor.py:756} INFO - Processing file /home/airflow/.local/lib/python3.7/site-packages/airflow/example_dags/tutorial.py for tasks to queue
[2023-11-02T17:02:13.734+0000] {logging_mixin.py:120} INFO - [2023-11-02T17:02:13.734+0000] {dagbag.py:537} INFO - Filling up the DagBag from /home/airflow/.local/lib/python3.7/site-packages/airflow/example_dags/tutorial.py
[2023-11-02T17:02:13.779+0000] {processor.py:766} INFO - DAG(s) dict_keys(['tutorial']) retrieved from /home/airflow/.local/lib/python3.7/site-packages/airflow/example_dags/tutorial.py
[2023-11-02T17:02:13.923+0000] {logging_mixin.py:120} INFO - [2023-11-02T17:02:13.923+0000] {dag.py:2585} INFO - Sync 1 DAGs
[2023-11-02T17:02:13.977+0000] {logging_mixin.py:120} INFO - [2023-11-02T17:02:13.977+0000] {dag.py:3340} INFO - Setting next_dagrun for tutorial to 2023-11-01T17:02:13.977242+00:00, run_after=2023-11-02T17:02:13.977242+00:00
[2023-11-02T17:02:14.056+0000] {processor.py:176} INFO - Processing /home/airflow/.local/lib/python3.7/site-packages/airflow/example_dags/tutorial.py took 0.337 seconds
[2023-11-02T17:02:45.340+0000] {processor.py:154} INFO - Started process (PID=136) to work on /home/airflow/.local/lib/python3.7/site-packages/airflow/example_dags/tutorial.py
[2023-11-02T17:02:45.341+0000] {processor.py:756} INFO - Processing file /home/airflow/.local/lib/python3.7/site-packages/airflow/example_dags/tutorial.py for tasks to queue
[2023-11-02T17:02:45.346+0000] {logging_mixin.py:120} INFO - [2023-11-02T17:02:45.345+0000] {dagbag.py:537} INFO - Filling up the DagBag from /home/airflow/.local/lib/python3.7/site-packages/airflow/example_dags/tutorial.py
[2023-11-02T17:02:45.359+0000] {processor.py:766} INFO - DAG(s) dict_keys(['tutorial']) retrieved from /home/airflow/.local/lib/python3.7/site-packages/airflow/example_dags/tutorial.py
[2023-11-02T17:02:45.416+0000] {logging_mixin.py:120} INFO - [2023-11-02T17:02:45.416+0000] {dag.py:2585} INFO - Sync 1 DAGs
[2023-11-02T17:02:45.476+0000] {logging_mixin.py:120} INFO - [2023-11-02T17:02:45.476+0000] {dag.py:3340} INFO - Setting next_dagrun for tutorial to 2023-11-01T17:02:45.476002+00:00, run_after=2023-11-02T17:02:45.476002+00:00
[2023-11-02T17:02:45.547+0000] {processor.py:176} INFO - Processing /home/airflow/.local/lib/python3.7/site-packages/airflow/example_dags/tutorial.py took 0.210 seconds
[2023-11-02T17:03:16.475+0000] {processor.py:154} INFO - Started process (PID=204) to work on /home/airflow/.local/lib/python3.7/site-packages/airflow/example_dags/tutorial.py
[2023-11-02T17:03:16.476+0000] {processor.py:756} INFO - Processing file /home/airflow/.local/lib/python3.7/site-packages/airflow/example_dags/tutorial.py for tasks to queue
[2023-11-02T17:03:16.478+0000] {logging_mixin.py:120} INFO - [2023-11-02T17:03:16.478+0000] {dagbag.py:537} INFO - Filling up the DagBag from /home/airflow/.local/lib/python3.7/site-packages/airflow/example_dags/tutorial.py
[2023-11-02T17:03:16.498+0000] {processor.py:766} INFO - DAG(s) dict_keys(['tutorial']) retrieved from /home/airflow/.local/lib/python3.7/site-packages/airflow/example_dags/tutorial.py
[2023-11-02T17:03:16.567+0000] {logging_mixin.py:120} INFO - [2023-11-02T17:03:16.566+0000] {dag.py:2585} INFO - Sync 1 DAGs
[2023-11-02T17:03:16.609+0000] {logging_mixin.py:120} INFO - [2023-11-02T17:03:16.609+0000] {dag.py:3340} INFO - Setting next_dagrun for tutorial to 2023-11-01T17:03:16.609188+00:00, run_after=2023-11-02T17:03:16.609188+00:00
[2023-11-02T17:03:16.648+0000] {processor.py:176} INFO - Processing /home/airflow/.local/lib/python3.7/site-packages/airflow/example_dags/tutorial.py took 0.176 seconds
[2023-11-02T17:03:47.071+0000] {processor.py:154} INFO - Started process (PID=280) to work on /home/airflow/.local/lib/python3.7/site-packages/airflow/example_dags/tutorial.py
[2023-11-02T17:03:47.072+0000] {processor.py:756} INFO - Processing file /home/airflow/.local/lib/python3.7/site-packages/airflow/example_dags/tutorial.py for tasks to queue
[2023-11-02T17:03:47.073+0000] {logging_mixin.py:120} INFO - [2023-11-02T17:03:47.073+0000] {dagbag.py:537} INFO - Filling up the DagBag from /home/airflow/.local/lib/python3.7/site-packages/airflow/example_dags/tutorial.py
[2023-11-02T17:03:47.086+0000] {processor.py:766} INFO - DAG(s) dict_keys(['tutorial']) retrieved from /home/airflow/.local/lib/python3.7/site-packages/airflow/example_dags/tutorial.py
[2023-11-02T17:03:47.133+0000] {logging_mixin.py:120} INFO - [2023-11-02T17:03:47.132+0000] {dag.py:2585} INFO - Sync 1 DAGs
[2023-11-02T17:03:47.166+0000] {logging_mixin.py:120} INFO - [2023-11-02T17:03:47.165+0000] {dag.py:3340} INFO - Setting next_dagrun for tutorial to 2023-11-01T17:03:47.165602+00:00, run_after=2023-11-02T17:03:47.165602+00:00
[2023-11-02T17:03:47.194+0000] {processor.py:176} INFO - Processing /home/airflow/.local/lib/python3.7/site-packages/airflow/example_dags/tutorial.py took 0.125 seconds
[2023-11-02T17:04:17.458+0000] {processor.py:154} INFO - Started process (PID=357) to work on /home/airflow/.local/lib/python3.7/site-packages/airflow/example_dags/tutorial.py
[2023-11-02T17:04:17.459+0000] {processor.py:756} INFO - Processing file /home/airflow/.local/lib/python3.7/site-packages/airflow/example_dags/tutorial.py for tasks to queue
[2023-11-02T17:04:17.461+0000] {logging_mixin.py:120} INFO - [2023-11-02T17:04:17.461+0000] {dagbag.py:537} INFO - Filling up the DagBag from /home/airflow/.local/lib/python3.7/site-packages/airflow/example_dags/tutorial.py
[2023-11-02T17:04:17.479+0000] {processor.py:766} INFO - DAG(s) dict_keys(['tutorial']) retrieved from /home/airflow/.local/lib/python3.7/site-packages/airflow/example_dags/tutorial.py
[2023-11-02T17:04:17.525+0000] {logging_mixin.py:120} INFO - [2023-11-02T17:04:17.524+0000] {dag.py:2585} INFO - Sync 1 DAGs
[2023-11-02T17:04:17.569+0000] {logging_mixin.py:120} INFO - [2023-11-02T17:04:17.569+0000] {dag.py:3340} INFO - Setting next_dagrun for tutorial to 2023-11-01T17:04:17.567354+00:00, run_after=2023-11-02T17:04:17.567354+00:00
[2023-11-02T17:04:17.601+0000] {processor.py:176} INFO - Processing /home/airflow/.local/lib/python3.7/site-packages/airflow/example_dags/tutorial.py took 0.146 seconds
[2023-11-02T17:04:48.596+0000] {processor.py:154} INFO - Started process (PID=423) to work on /home/airflow/.local/lib/python3.7/site-packages/airflow/example_dags/tutorial.py
[2023-11-02T17:04:48.597+0000] {processor.py:756} INFO - Processing file /home/airflow/.local/lib/python3.7/site-packages/airflow/example_dags/tutorial.py for tasks to queue
[2023-11-02T17:04:48.598+0000] {logging_mixin.py:120} INFO - [2023-11-02T17:04:48.598+0000] {dagbag.py:537} INFO - Filling up the DagBag from /home/airflow/.local/lib/python3.7/site-packages/airflow/example_dags/tutorial.py
[2023-11-02T17:04:48.612+0000] {processor.py:766} INFO - DAG(s) dict_keys(['tutorial']) retrieved from /home/airflow/.local/lib/python3.7/site-packages/airflow/example_dags/tutorial.py
[2023-11-02T17:04:48.656+0000] {logging_mixin.py:120} INFO - [2023-11-02T17:04:48.656+0000] {dag.py:2585} INFO - Sync 1 DAGs
[2023-11-02T17:04:48.690+0000] {logging_mixin.py:120} INFO - [2023-11-02T17:04:48.690+0000] {dag.py:3340} INFO - Setting next_dagrun for tutorial to 2023-11-01T17:04:48.690356+00:00, run_after=2023-11-02T17:04:48.690356+00:00
[2023-11-02T17:04:48.720+0000] {processor.py:176} INFO - Processing /home/airflow/.local/lib/python3.7/site-packages/airflow/example_dags/tutorial.py took 0.126 seconds
[2023-11-02T17:05:18.933+0000] {processor.py:154} INFO - Started process (PID=498) to work on /home/airflow/.local/lib/python3.7/site-packages/airflow/example_dags/tutorial.py
[2023-11-02T17:05:18.934+0000] {processor.py:756} INFO - Processing file /home/airflow/.local/lib/python3.7/site-packages/airflow/example_dags/tutorial.py for tasks to queue
[2023-11-02T17:05:18.935+0000] {logging_mixin.py:120} INFO - [2023-11-02T17:05:18.935+0000] {dagbag.py:537} INFO - Filling up the DagBag from /home/airflow/.local/lib/python3.7/site-packages/airflow/example_dags/tutorial.py
[2023-11-02T17:05:18.949+0000] {processor.py:766} INFO - DAG(s) dict_keys(['tutorial']) retrieved from /home/airflow/.local/lib/python3.7/site-packages/airflow/example_dags/tutorial.py
[2023-11-02T17:05:19.000+0000] {logging_mixin.py:120} INFO - [2023-11-02T17:05:19.000+0000] {dag.py:2585} INFO - Sync 1 DAGs
[2023-11-02T17:05:19.030+0000] {logging_mixin.py:120} INFO - [2023-11-02T17:05:19.030+0000] {dag.py:3340} INFO - Setting next_dagrun for tutorial to 2023-11-01T17:05:19.030191+00:00, run_after=2023-11-02T17:05:19.030191+00:00
[2023-11-02T17:05:19.058+0000] {processor.py:176} INFO - Processing /home/airflow/.local/lib/python3.7/site-packages/airflow/example_dags/tutorial.py took 0.127 seconds
[2023-11-02T17:05:49.793+0000] {processor.py:154} INFO - Started process (PID=564) to work on /home/airflow/.local/lib/python3.7/site-packages/airflow/example_dags/tutorial.py
[2023-11-02T17:05:49.794+0000] {processor.py:756} INFO - Processing file /home/airflow/.local/lib/python3.7/site-packages/airflow/example_dags/tutorial.py for tasks to queue
[2023-11-02T17:05:49.795+0000] {logging_mixin.py:120} INFO - [2023-11-02T17:05:49.795+0000] {dagbag.py:537} INFO - Filling up the DagBag from /home/airflow/.local/lib/python3.7/site-packages/airflow/example_dags/tutorial.py
[2023-11-02T17:05:49.810+0000] {processor.py:766} INFO - DAG(s) dict_keys(['tutorial']) retrieved from /home/airflow/.local/lib/python3.7/site-packages/airflow/example_dags/tutorial.py
[2023-11-02T17:05:49.856+0000] {logging_mixin.py:120} INFO - [2023-11-02T17:05:49.856+0000] {dag.py:2585} INFO - Sync 1 DAGs
[2023-11-02T17:05:49.887+0000] {logging_mixin.py:120} INFO - [2023-11-02T17:05:49.886+0000] {dag.py:3340} INFO - Setting next_dagrun for tutorial to 2023-11-01T17:05:49.886584+00:00, run_after=2023-11-02T17:05:49.886584+00:00
[2023-11-02T17:05:49.915+0000] {processor.py:176} INFO - Processing /home/airflow/.local/lib/python3.7/site-packages/airflow/example_dags/tutorial.py took 0.124 seconds
