[2023-11-02T17:02:16.926+0000] {processor.py:154} INFO - Started process (PID=81) to work on /home/airflow/.local/lib/python3.7/site-packages/airflow/example_dags/tutorial_dag.py
[2023-11-02T17:02:16.929+0000] {processor.py:756} INFO - Processing file /home/airflow/.local/lib/python3.7/site-packages/airflow/example_dags/tutorial_dag.py for tasks to queue
[2023-11-02T17:02:16.931+0000] {logging_mixin.py:120} INFO - [2023-11-02T17:02:16.931+0000] {dagbag.py:537} INFO - Filling up the DagBag from /home/airflow/.local/lib/python3.7/site-packages/airflow/example_dags/tutorial_dag.py
[2023-11-02T17:02:16.971+0000] {processor.py:766} INFO - DAG(s) dict_keys(['tutorial_dag']) retrieved from /home/airflow/.local/lib/python3.7/site-packages/airflow/example_dags/tutorial_dag.py
[2023-11-02T17:02:17.057+0000] {logging_mixin.py:120} INFO - [2023-11-02T17:02:17.057+0000] {dag.py:2585} INFO - Sync 1 DAGs
[2023-11-02T17:02:17.105+0000] {logging_mixin.py:120} INFO - [2023-11-02T17:02:17.105+0000] {dag.py:3340} INFO - Setting next_dagrun for tutorial_dag to None, run_after=None
[2023-11-02T17:02:17.210+0000] {processor.py:176} INFO - Processing /home/airflow/.local/lib/python3.7/site-packages/airflow/example_dags/tutorial_dag.py took 0.287 seconds
[2023-11-02T17:02:47.625+0000] {processor.py:154} INFO - Started process (PID=156) to work on /home/airflow/.local/lib/python3.7/site-packages/airflow/example_dags/tutorial_dag.py
[2023-11-02T17:02:47.627+0000] {processor.py:756} INFO - Processing file /home/airflow/.local/lib/python3.7/site-packages/airflow/example_dags/tutorial_dag.py for tasks to queue
[2023-11-02T17:02:47.628+0000] {logging_mixin.py:120} INFO - [2023-11-02T17:02:47.628+0000] {dagbag.py:537} INFO - Filling up the DagBag from /home/airflow/.local/lib/python3.7/site-packages/airflow/example_dags/tutorial_dag.py
[2023-11-02T17:02:47.641+0000] {processor.py:766} INFO - DAG(s) dict_keys(['tutorial_dag']) retrieved from /home/airflow/.local/lib/python3.7/site-packages/airflow/example_dags/tutorial_dag.py
[2023-11-02T17:02:47.683+0000] {logging_mixin.py:120} INFO - [2023-11-02T17:02:47.683+0000] {dag.py:2585} INFO - Sync 1 DAGs
[2023-11-02T17:02:47.714+0000] {logging_mixin.py:120} INFO - [2023-11-02T17:02:47.714+0000] {dag.py:3340} INFO - Setting next_dagrun for tutorial_dag to None, run_after=None
[2023-11-02T17:02:47.740+0000] {processor.py:176} INFO - Processing /home/airflow/.local/lib/python3.7/site-packages/airflow/example_dags/tutorial_dag.py took 0.117 seconds
[2023-11-02T17:03:19.222+0000] {processor.py:154} INFO - Started process (PID=233) to work on /home/airflow/.local/lib/python3.7/site-packages/airflow/example_dags/tutorial_dag.py
[2023-11-02T17:03:19.223+0000] {processor.py:756} INFO - Processing file /home/airflow/.local/lib/python3.7/site-packages/airflow/example_dags/tutorial_dag.py for tasks to queue
[2023-11-02T17:03:19.224+0000] {logging_mixin.py:120} INFO - [2023-11-02T17:03:19.224+0000] {dagbag.py:537} INFO - Filling up the DagBag from /home/airflow/.local/lib/python3.7/site-packages/airflow/example_dags/tutorial_dag.py
[2023-11-02T17:03:19.243+0000] {processor.py:766} INFO - DAG(s) dict_keys(['tutorial_dag']) retrieved from /home/airflow/.local/lib/python3.7/site-packages/airflow/example_dags/tutorial_dag.py
[2023-11-02T17:03:19.299+0000] {logging_mixin.py:120} INFO - [2023-11-02T17:03:19.299+0000] {dag.py:2585} INFO - Sync 1 DAGs
[2023-11-02T17:03:19.343+0000] {logging_mixin.py:120} INFO - [2023-11-02T17:03:19.343+0000] {dag.py:3340} INFO - Setting next_dagrun for tutorial_dag to None, run_after=None
[2023-11-02T17:03:19.382+0000] {processor.py:176} INFO - Processing /home/airflow/.local/lib/python3.7/site-packages/airflow/example_dags/tutorial_dag.py took 0.163 seconds
[2023-11-02T17:03:49.593+0000] {processor.py:154} INFO - Started process (PID=300) to work on /home/airflow/.local/lib/python3.7/site-packages/airflow/example_dags/tutorial_dag.py
[2023-11-02T17:03:49.593+0000] {processor.py:756} INFO - Processing file /home/airflow/.local/lib/python3.7/site-packages/airflow/example_dags/tutorial_dag.py for tasks to queue
[2023-11-02T17:03:49.595+0000] {logging_mixin.py:120} INFO - [2023-11-02T17:03:49.595+0000] {dagbag.py:537} INFO - Filling up the DagBag from /home/airflow/.local/lib/python3.7/site-packages/airflow/example_dags/tutorial_dag.py
[2023-11-02T17:03:49.609+0000] {processor.py:766} INFO - DAG(s) dict_keys(['tutorial_dag']) retrieved from /home/airflow/.local/lib/python3.7/site-packages/airflow/example_dags/tutorial_dag.py
[2023-11-02T17:03:49.653+0000] {logging_mixin.py:120} INFO - [2023-11-02T17:03:49.653+0000] {dag.py:2585} INFO - Sync 1 DAGs
[2023-11-02T17:03:49.684+0000] {logging_mixin.py:120} INFO - [2023-11-02T17:03:49.683+0000] {dag.py:3340} INFO - Setting next_dagrun for tutorial_dag to None, run_after=None
[2023-11-02T17:03:49.710+0000] {processor.py:176} INFO - Processing /home/airflow/.local/lib/python3.7/site-packages/airflow/example_dags/tutorial_dag.py took 0.120 seconds
[2023-11-02T17:04:19.943+0000] {processor.py:154} INFO - Started process (PID=377) to work on /home/airflow/.local/lib/python3.7/site-packages/airflow/example_dags/tutorial_dag.py
[2023-11-02T17:04:19.944+0000] {processor.py:756} INFO - Processing file /home/airflow/.local/lib/python3.7/site-packages/airflow/example_dags/tutorial_dag.py for tasks to queue
[2023-11-02T17:04:19.945+0000] {logging_mixin.py:120} INFO - [2023-11-02T17:04:19.945+0000] {dagbag.py:537} INFO - Filling up the DagBag from /home/airflow/.local/lib/python3.7/site-packages/airflow/example_dags/tutorial_dag.py
[2023-11-02T17:04:19.961+0000] {processor.py:766} INFO - DAG(s) dict_keys(['tutorial_dag']) retrieved from /home/airflow/.local/lib/python3.7/site-packages/airflow/example_dags/tutorial_dag.py
[2023-11-02T17:04:20.015+0000] {logging_mixin.py:120} INFO - [2023-11-02T17:04:20.015+0000] {dag.py:2585} INFO - Sync 1 DAGs
[2023-11-02T17:04:20.053+0000] {logging_mixin.py:120} INFO - [2023-11-02T17:04:20.053+0000] {dag.py:3340} INFO - Setting next_dagrun for tutorial_dag to None, run_after=None
[2023-11-02T17:04:20.087+0000] {processor.py:176} INFO - Processing /home/airflow/.local/lib/python3.7/site-packages/airflow/example_dags/tutorial_dag.py took 0.148 seconds
[2023-11-02T17:04:50.929+0000] {processor.py:154} INFO - Started process (PID=444) to work on /home/airflow/.local/lib/python3.7/site-packages/airflow/example_dags/tutorial_dag.py
[2023-11-02T17:04:50.930+0000] {processor.py:756} INFO - Processing file /home/airflow/.local/lib/python3.7/site-packages/airflow/example_dags/tutorial_dag.py for tasks to queue
[2023-11-02T17:04:50.932+0000] {logging_mixin.py:120} INFO - [2023-11-02T17:04:50.931+0000] {dagbag.py:537} INFO - Filling up the DagBag from /home/airflow/.local/lib/python3.7/site-packages/airflow/example_dags/tutorial_dag.py
[2023-11-02T17:04:50.947+0000] {processor.py:766} INFO - DAG(s) dict_keys(['tutorial_dag']) retrieved from /home/airflow/.local/lib/python3.7/site-packages/airflow/example_dags/tutorial_dag.py
[2023-11-02T17:04:50.992+0000] {logging_mixin.py:120} INFO - [2023-11-02T17:04:50.992+0000] {dag.py:2585} INFO - Sync 1 DAGs
[2023-11-02T17:04:51.031+0000] {logging_mixin.py:120} INFO - [2023-11-02T17:04:51.030+0000] {dag.py:3340} INFO - Setting next_dagrun for tutorial_dag to None, run_after=None
[2023-11-02T17:04:51.061+0000] {processor.py:176} INFO - Processing /home/airflow/.local/lib/python3.7/site-packages/airflow/example_dags/tutorial_dag.py took 0.135 seconds
[2023-11-02T17:05:21.370+0000] {processor.py:154} INFO - Started process (PID=520) to work on /home/airflow/.local/lib/python3.7/site-packages/airflow/example_dags/tutorial_dag.py
[2023-11-02T17:05:21.371+0000] {processor.py:756} INFO - Processing file /home/airflow/.local/lib/python3.7/site-packages/airflow/example_dags/tutorial_dag.py for tasks to queue
[2023-11-02T17:05:21.372+0000] {logging_mixin.py:120} INFO - [2023-11-02T17:05:21.371+0000] {dagbag.py:537} INFO - Filling up the DagBag from /home/airflow/.local/lib/python3.7/site-packages/airflow/example_dags/tutorial_dag.py
[2023-11-02T17:05:21.386+0000] {processor.py:766} INFO - DAG(s) dict_keys(['tutorial_dag']) retrieved from /home/airflow/.local/lib/python3.7/site-packages/airflow/example_dags/tutorial_dag.py
[2023-11-02T17:05:21.429+0000] {logging_mixin.py:120} INFO - [2023-11-02T17:05:21.429+0000] {dag.py:2585} INFO - Sync 1 DAGs
[2023-11-02T17:05:21.460+0000] {logging_mixin.py:120} INFO - [2023-11-02T17:05:21.460+0000] {dag.py:3340} INFO - Setting next_dagrun for tutorial_dag to None, run_after=None
[2023-11-02T17:05:21.485+0000] {processor.py:176} INFO - Processing /home/airflow/.local/lib/python3.7/site-packages/airflow/example_dags/tutorial_dag.py took 0.118 seconds
[2023-11-02T17:05:52.681+0000] {processor.py:154} INFO - Started process (PID=595) to work on /home/airflow/.local/lib/python3.7/site-packages/airflow/example_dags/tutorial_dag.py
[2023-11-02T17:05:52.682+0000] {processor.py:756} INFO - Processing file /home/airflow/.local/lib/python3.7/site-packages/airflow/example_dags/tutorial_dag.py for tasks to queue
[2023-11-02T17:05:52.683+0000] {logging_mixin.py:120} INFO - [2023-11-02T17:05:52.683+0000] {dagbag.py:537} INFO - Filling up the DagBag from /home/airflow/.local/lib/python3.7/site-packages/airflow/example_dags/tutorial_dag.py
[2023-11-02T17:05:52.696+0000] {processor.py:766} INFO - DAG(s) dict_keys(['tutorial_dag']) retrieved from /home/airflow/.local/lib/python3.7/site-packages/airflow/example_dags/tutorial_dag.py
[2023-11-02T17:05:52.742+0000] {logging_mixin.py:120} INFO - [2023-11-02T17:05:52.741+0000] {dag.py:2585} INFO - Sync 1 DAGs
[2023-11-02T17:05:52.776+0000] {logging_mixin.py:120} INFO - [2023-11-02T17:05:52.775+0000] {dag.py:3340} INFO - Setting next_dagrun for tutorial_dag to None, run_after=None
[2023-11-02T17:05:52.802+0000] {processor.py:176} INFO - Processing /home/airflow/.local/lib/python3.7/site-packages/airflow/example_dags/tutorial_dag.py took 0.124 seconds
