[2023-11-05T11:00:33.644+0000] {taskinstance.py:1165} INFO - Dependencies all met for <TaskInstance: people.save_people_to_excel manual__2023-11-05T11:00:27.400646+00:00 [queued]>
[2023-11-05T11:00:33.657+0000] {taskinstance.py:1165} INFO - Dependencies all met for <TaskInstance: people.save_people_to_excel manual__2023-11-05T11:00:27.400646+00:00 [queued]>
[2023-11-05T11:00:33.657+0000] {taskinstance.py:1362} INFO - 
--------------------------------------------------------------------------------
[2023-11-05T11:00:33.659+0000] {taskinstance.py:1363} INFO - Starting attempt 1 of 1
[2023-11-05T11:00:33.660+0000] {taskinstance.py:1364} INFO - 
--------------------------------------------------------------------------------
[2023-11-05T11:00:33.679+0000] {taskinstance.py:1383} INFO - Executing <Task(PythonOperator): save_people_to_excel> on 2023-11-05 11:00:27.400646+00:00
[2023-11-05T11:00:33.685+0000] {standard_task_runner.py:55} INFO - Started process 2420 to run task
[2023-11-05T11:00:33.688+0000] {standard_task_runner.py:82} INFO - Running: ['***', 'tasks', 'run', 'people', 'save_people_to_excel', 'manual__2023-11-05T11:00:27.400646+00:00', '--job-id', '293', '--raw', '--subdir', 'DAGS_FOLDER/people.py', '--cfg-path', '/tmp/tmpvw4sgvfv']
[2023-11-05T11:00:33.690+0000] {standard_task_runner.py:83} INFO - Job 293: Subtask save_people_to_excel
[2023-11-05T11:00:33.759+0000] {task_command.py:376} INFO - Running <TaskInstance: people.save_people_to_excel manual__2023-11-05T11:00:27.400646+00:00 [running]> on host 9d85c6014d6e
[2023-11-05T11:00:33.844+0000] {taskinstance.py:1592} INFO - Exporting the following env vars:
AIRFLOW_CTX_DAG_OWNER=***
AIRFLOW_CTX_DAG_ID=people
AIRFLOW_CTX_TASK_ID=save_people_to_excel
AIRFLOW_CTX_EXECUTION_DATE=2023-11-05T11:00:27.400646+00:00
AIRFLOW_CTX_TRY_NUMBER=1
AIRFLOW_CTX_DAG_RUN_ID=manual__2023-11-05T11:00:27.400646+00:00
[2023-11-05T11:00:33.855+0000] {base.py:71} INFO - Using connection ID 'postgres' for task execution.
[2023-11-05T11:00:34.276+0000] {taskinstance.py:1851} ERROR - Task failed with exception
Traceback (most recent call last):
  File "/home/airflow/.local/lib/python3.7/site-packages/airflow/operators/python.py", line 175, in execute
    return_value = self.execute_callable()
  File "/home/airflow/.local/lib/python3.7/site-packages/airflow/operators/python.py", line 193, in execute_callable
    return self.python_callable(*self.op_args, **self.op_kwargs)
  File "/opt/airflow/dags/people.py", line 59, in _save_people_to_excel
    with pandas.ExcelWriter(people_file, mode = 'a', if_sheet_exists= 'replace') as writer:
  File "/home/airflow/.local/lib/python3.7/site-packages/pandas/io/excel/_openpyxl.py", line 57, in __init__
    engine_kwargs=engine_kwargs,
  File "/home/airflow/.local/lib/python3.7/site-packages/pandas/io/excel/_base.py", line 926, in __init__
    path, mode, storage_options=storage_options, is_text=False
  File "/home/airflow/.local/lib/python3.7/site-packages/pandas/io/common.py", line 711, in get_handle
    handle = open(handle, ioargs.mode)
PermissionError: [Errno 13] Permission denied: '/opt/data/people.xlsx'
[2023-11-05T11:00:34.295+0000] {taskinstance.py:1406} INFO - Marking task as FAILED. dag_id=people, task_id=save_people_to_excel, execution_date=20231105T110027, start_date=20231105T110033, end_date=20231105T110034
[2023-11-05T11:00:34.313+0000] {standard_task_runner.py:105} ERROR - Failed to execute job 293 for task save_people_to_excel ([Errno 13] Permission denied: '/opt/data/people.xlsx'; 2420)
[2023-11-05T11:00:34.342+0000] {local_task_job.py:164} INFO - Task exited with return code 1
[2023-11-05T11:00:34.365+0000] {local_task_job.py:273} INFO - 0 downstream tasks scheduled from follow-on schedule check
