[2023-11-01T14:34:41.882+0000] {taskinstance.py:1165} INFO - Dependencies all met for <TaskInstance: consumer.read_dataset dataset_triggered__2023-11-01T14:34:40.838182+00:00 [queued]>
[2023-11-01T14:34:41.897+0000] {taskinstance.py:1165} INFO - Dependencies all met for <TaskInstance: consumer.read_dataset dataset_triggered__2023-11-01T14:34:40.838182+00:00 [queued]>
[2023-11-01T14:34:41.897+0000] {taskinstance.py:1362} INFO - 
--------------------------------------------------------------------------------
[2023-11-01T14:34:41.898+0000] {taskinstance.py:1363} INFO - Starting attempt 1 of 1
[2023-11-01T14:34:41.899+0000] {taskinstance.py:1364} INFO - 
--------------------------------------------------------------------------------
[2023-11-01T14:34:41.921+0000] {taskinstance.py:1383} INFO - Executing <Task(_PythonDecoratedOperator): read_dataset> on 2023-11-01 14:34:40.838182+00:00
[2023-11-01T14:34:41.927+0000] {standard_task_runner.py:55} INFO - Started process 1269 to run task
[2023-11-01T14:34:41.931+0000] {standard_task_runner.py:82} INFO - Running: ['***', 'tasks', 'run', 'consumer', 'read_dataset', 'dataset_triggered__2023-11-01T14:34:40.838182+00:00', '--job-id', '72', '--raw', '--subdir', 'DAGS_FOLDER/consumer.py', '--cfg-path', '/tmp/tmpxypqade6']
[2023-11-01T14:34:41.932+0000] {standard_task_runner.py:83} INFO - Job 72: Subtask read_dataset
[2023-11-01T14:34:42.009+0000] {task_command.py:376} INFO - Running <TaskInstance: consumer.read_dataset dataset_triggered__2023-11-01T14:34:40.838182+00:00 [running]> on host fb639b5910d5
[2023-11-01T14:34:42.106+0000] {taskinstance.py:1592} INFO - Exporting the following env vars:
AIRFLOW_CTX_DAG_OWNER=***
AIRFLOW_CTX_DAG_ID=consumer
AIRFLOW_CTX_TASK_ID=read_dataset
AIRFLOW_CTX_EXECUTION_DATE=2023-11-01T14:34:40.838182+00:00
AIRFLOW_CTX_TRY_NUMBER=1
AIRFLOW_CTX_DAG_RUN_ID=dataset_triggered__2023-11-01T14:34:40.838182+00:00
[2023-11-01T14:34:42.108+0000] {logging_mixin.py:120} INFO - producer updateproducer updateproducer update
[2023-11-01T14:34:42.108+0000] {python.py:177} INFO - Done. Returned value was: None
[2023-11-01T14:34:42.122+0000] {taskinstance.py:1406} INFO - Marking task as SUCCESS. dag_id=consumer, task_id=read_dataset, execution_date=20231101T143440, start_date=20231101T143441, end_date=20231101T143442
[2023-11-01T14:34:42.183+0000] {local_task_job.py:164} INFO - Task exited with return code 0
[2023-11-01T14:34:42.212+0000] {local_task_job.py:273} INFO - 0 downstream tasks scheduled from follow-on schedule check
