[2023-11-10T11:13:05.905+0000] {taskinstance.py:1087} INFO - Dependencies all met for <TaskInstance: people.union_and_save_excel manual__2023-11-10T11:12:53.776623+00:00 [queued]>
[2023-11-10T11:13:05.949+0000] {taskinstance.py:1087} INFO - Dependencies all met for <TaskInstance: people.union_and_save_excel manual__2023-11-10T11:12:53.776623+00:00 [queued]>
[2023-11-10T11:13:05.950+0000] {taskinstance.py:1283} INFO - 
--------------------------------------------------------------------------------
[2023-11-10T11:13:05.951+0000] {taskinstance.py:1284} INFO - Starting attempt 1 of 1
[2023-11-10T11:13:05.952+0000] {taskinstance.py:1285} INFO - 
--------------------------------------------------------------------------------
[2023-11-10T11:13:05.984+0000] {taskinstance.py:1304} INFO - Executing <Task(PythonOperator): union_and_save_excel> on 2023-11-10 11:12:53.776623+00:00
[2023-11-10T11:13:05.997+0000] {standard_task_runner.py:55} INFO - Started process 3941 to run task
[2023-11-10T11:13:06.001+0000] {standard_task_runner.py:82} INFO - Running: ['***', 'tasks', 'run', 'people', 'union_and_save_excel', 'manual__2023-11-10T11:12:53.776623+00:00', '--job-id', '483', '--raw', '--subdir', 'DAGS_FOLDER/people.py', '--cfg-path', '/tmp/tmpbg7v8szf']
[2023-11-10T11:13:06.005+0000] {standard_task_runner.py:83} INFO - Job 483: Subtask union_and_save_excel
[2023-11-10T11:13:06.153+0000] {task_command.py:389} INFO - Running <TaskInstance: people.union_and_save_excel manual__2023-11-10T11:12:53.776623+00:00 [running]> on host ccf8e59e32fe
[2023-11-10T11:13:06.449+0000] {taskinstance.py:1513} INFO - Exporting the following env vars:
AIRFLOW_CTX_DAG_OWNER=Tetiana
AIRFLOW_CTX_DAG_ID=people
AIRFLOW_CTX_TASK_ID=union_and_save_excel
AIRFLOW_CTX_EXECUTION_DATE=2023-11-10T11:12:53.776623+00:00
AIRFLOW_CTX_TRY_NUMBER=1
AIRFLOW_CTX_DAG_RUN_ID=manual__2023-11-10T11:12:53.776623+00:00
[2023-11-10T11:13:06.450+0000] {taskinstance.py:1772} ERROR - Task failed with exception
Traceback (most recent call last):
  File "/home/airflow/.local/lib/python3.7/site-packages/airflow/operators/python.py", line 175, in execute
    return_value = self.execute_callable()
  File "/home/airflow/.local/lib/python3.7/site-packages/airflow/operators/python.py", line 192, in execute_callable
    return self.python_callable(*self.op_args, **self.op_kwargs)
TypeError: _union_and_save_excel() missing 3 required positional arguments: 'customers_file', 'people_file', and 'output_file'
[2023-11-10T11:13:06.461+0000] {taskinstance.py:1327} INFO - Marking task as FAILED. dag_id=people, task_id=union_and_save_excel, execution_date=20231110T111253, start_date=20231110T111305, end_date=20231110T111306
[2023-11-10T11:13:06.480+0000] {standard_task_runner.py:105} ERROR - Failed to execute job 483 for task union_and_save_excel (_union_and_save_excel() missing 3 required positional arguments: 'customers_file', 'people_file', and 'output_file'; 3941)
[2023-11-10T11:13:06.499+0000] {local_task_job.py:159} INFO - Task exited with return code 1
[2023-11-10T11:13:06.522+0000] {taskinstance.py:2582} INFO - 0 downstream tasks scheduled from follow-on schedule check
