[2023-11-02T09:31:23.864+0000] {taskinstance.py:1165} INFO - Dependencies all met for <TaskInstance: user_processing.extract_user scheduled__2023-11-01T00:00:00+00:00 [queued]>
[2023-11-02T09:31:23.897+0000] {taskinstance.py:1165} INFO - Dependencies all met for <TaskInstance: user_processing.extract_user scheduled__2023-11-01T00:00:00+00:00 [queued]>
[2023-11-02T09:31:23.899+0000] {taskinstance.py:1362} INFO - 
--------------------------------------------------------------------------------
[2023-11-02T09:31:23.900+0000] {taskinstance.py:1363} INFO - Starting attempt 1 of 1
[2023-11-02T09:31:23.900+0000] {taskinstance.py:1364} INFO - 
--------------------------------------------------------------------------------
[2023-11-02T09:31:23.938+0000] {taskinstance.py:1383} INFO - Executing <Task(SimpleHttpOperator): extract_user> on 2023-11-01 00:00:00+00:00
[2023-11-02T09:31:23.946+0000] {standard_task_runner.py:55} INFO - Started process 6043 to run task
[2023-11-02T09:31:23.950+0000] {standard_task_runner.py:82} INFO - Running: ['***', 'tasks', 'run', 'user_processing', 'extract_user', 'scheduled__2023-11-01T00:00:00+00:00', '--job-id', '8', '--raw', '--subdir', 'DAGS_FOLDER/user_processing.py', '--cfg-path', '/tmp/tmpiilqzsb6']
[2023-11-02T09:31:23.953+0000] {standard_task_runner.py:83} INFO - Job 8: Subtask extract_user
[2023-11-02T09:31:24.054+0000] {task_command.py:376} INFO - Running <TaskInstance: user_processing.extract_user scheduled__2023-11-01T00:00:00+00:00 [running]> on host b33dd0bd4b35
[2023-11-02T09:31:24.180+0000] {taskinstance.py:1592} INFO - Exporting the following env vars:
AIRFLOW_CTX_DAG_OWNER=***
AIRFLOW_CTX_DAG_ID=user_processing
AIRFLOW_CTX_TASK_ID=extract_user
AIRFLOW_CTX_EXECUTION_DATE=2023-11-01T00:00:00+00:00
AIRFLOW_CTX_TRY_NUMBER=1
AIRFLOW_CTX_DAG_RUN_ID=scheduled__2023-11-01T00:00:00+00:00
[2023-11-02T09:31:24.182+0000] {http.py:121} INFO - Calling HTTP method
[2023-11-02T09:31:24.205+0000] {base.py:71} INFO - Using connection ID 'user_api' for task execution.
[2023-11-02T09:31:24.207+0000] {http.py:148} INFO - Sending 'GET' to url: https://randomuser.me/api/
[2023-11-02T09:31:24.509+0000] {http.py:125} INFO - {"results":[{"gender":"male","name":{"title":"Mr","first":"Solovey","last":"Rozumovskiy"},"location":{"street":{"number":5504,"name":"Kostolna"},"city":"Izmayil","state":"Donecka","country":"Ukraine","postcode":64918,"coordinates":{"latitude":"76.5636","longitude":"-78.3029"},"timezone":{"offset":"-12:00","description":"Eniwetok, Kwajalein"}},"email":"solovey.rozumovskiy@example.com","login":{"uuid":"db087529-3b14-4106-a49c-37d3f7165198","username":"organicrabbit278","password":"daytona","salt":"lTfpecxy","md5":"b92842b3e2fa12979832138aa1100374","sha1":"8b3567ca0554132400534c2b7a57a68aebd0758f","sha256":"ebdfc32116d9ac8737cb81f89b71ee20de3797f97982300b98b1092a2f2b7d95"},"dob":{"date":"1970-09-18T04:42:52.093Z","age":53},"registered":{"date":"2019-07-20T06:32:18.793Z","age":4},"phone":"(099) M03-3055","cell":"(096) T20-3465","id":{"name":"","value":null},"picture":{"large":"https://randomuser.me/api/portraits/men/19.jpg","medium":"https://randomuser.me/api/portraits/med/men/19.jpg","thumbnail":"https://randomuser.me/api/portraits/thumb/men/19.jpg"},"nat":"UA"}],"info":{"seed":"e6f770ceb5f98ae7","results":1,"page":1,"version":"1.4"}}
[2023-11-02T09:31:24.550+0000] {taskinstance.py:1406} INFO - Marking task as SUCCESS. dag_id=user_processing, task_id=extract_user, execution_date=20231101T000000, start_date=20231102T093123, end_date=20231102T093124
[2023-11-02T09:31:24.604+0000] {local_task_job.py:164} INFO - Task exited with return code 0
[2023-11-02T09:31:24.680+0000] {local_task_job.py:273} INFO - 1 downstream tasks scheduled from follow-on schedule check
[2023-11-02T18:19:02.667+0000] {taskinstance.py:1165} INFO - Dependencies all met for <TaskInstance: user_processing.extract_user scheduled__2023-11-01T00:00:00+00:00 [queued]>
[2023-11-02T18:19:02.684+0000] {taskinstance.py:1165} INFO - Dependencies all met for <TaskInstance: user_processing.extract_user scheduled__2023-11-01T00:00:00+00:00 [queued]>
[2023-11-02T18:19:02.685+0000] {taskinstance.py:1362} INFO - 
--------------------------------------------------------------------------------
[2023-11-02T18:19:02.686+0000] {taskinstance.py:1363} INFO - Starting attempt 1 of 1
[2023-11-02T18:19:02.686+0000] {taskinstance.py:1364} INFO - 
--------------------------------------------------------------------------------
[2023-11-02T18:19:02.706+0000] {taskinstance.py:1383} INFO - Executing <Task(SimpleHttpOperator): extract_user> on 2023-11-01 00:00:00+00:00
[2023-11-02T18:19:02.712+0000] {standard_task_runner.py:55} INFO - Started process 157 to run task
[2023-11-02T18:19:02.715+0000] {standard_task_runner.py:82} INFO - Running: ['***', 'tasks', 'run', 'user_processing', 'extract_user', 'scheduled__2023-11-01T00:00:00+00:00', '--job-id', '35', '--raw', '--subdir', 'DAGS_FOLDER/user_processing.py', '--cfg-path', '/tmp/tmp56ovuqnm']
[2023-11-02T18:19:02.717+0000] {standard_task_runner.py:83} INFO - Job 35: Subtask extract_user
[2023-11-02T18:19:02.793+0000] {task_command.py:376} INFO - Running <TaskInstance: user_processing.extract_user scheduled__2023-11-01T00:00:00+00:00 [running]> on host 6c8be2bfe956
[2023-11-02T18:19:02.889+0000] {taskinstance.py:1592} INFO - Exporting the following env vars:
AIRFLOW_CTX_DAG_OWNER=***
AIRFLOW_CTX_DAG_ID=user_processing
AIRFLOW_CTX_TASK_ID=extract_user
AIRFLOW_CTX_EXECUTION_DATE=2023-11-01T00:00:00+00:00
AIRFLOW_CTX_TRY_NUMBER=1
AIRFLOW_CTX_DAG_RUN_ID=scheduled__2023-11-01T00:00:00+00:00
[2023-11-02T18:19:02.891+0000] {http.py:121} INFO - Calling HTTP method
[2023-11-02T18:19:02.902+0000] {base.py:71} INFO - Using connection ID 'user_api' for task execution.
[2023-11-02T18:19:02.904+0000] {http.py:148} INFO - Sending 'GET' to url: https://randomuser.me/api/
[2023-11-02T18:19:03.074+0000] {http.py:125} INFO - {"results":[{"gender":"female","name":{"title":"Mrs","first":"Nadia","last":"Wolters"},"location":{"street":{"number":3800,"name":"Mozartstraße"},"city":"Eisenach","state":"Hessen","country":"Germany","postcode":93701,"coordinates":{"latitude":"-50.1553","longitude":"17.9332"},"timezone":{"offset":"-9:00","description":"Alaska"}},"email":"nadia.wolters@example.com","login":{"uuid":"bf616a36-e948-476b-af61-cd1562e7f3fe","username":"bigrabbit859","password":"great1","salt":"MtGDAT60","md5":"a2e9a39a7671dac0ee653c66d2716c67","sha1":"6ef1d4b37029fd075db120c1ce8994c1bb4fb1b1","sha256":"6c7c18bca5ea631106f479ee21cefb99ca6d558f6d52f3cdbcc530afc200f12a"},"dob":{"date":"1950-08-06T10:54:02.603Z","age":73},"registered":{"date":"2009-05-01T10:33:48.820Z","age":14},"phone":"0194-9299807","cell":"0177-7236534","id":{"name":"SVNR","value":"80 060850 W 860"},"picture":{"large":"https://randomuser.me/api/portraits/women/40.jpg","medium":"https://randomuser.me/api/portraits/med/women/40.jpg","thumbnail":"https://randomuser.me/api/portraits/thumb/women/40.jpg"},"nat":"DE"}],"info":{"seed":"7bb3f521e98ac94d","results":1,"page":1,"version":"1.4"}}
[2023-11-02T18:19:03.107+0000] {taskinstance.py:1406} INFO - Marking task as SUCCESS. dag_id=user_processing, task_id=extract_user, execution_date=20231101T000000, start_date=20231102T181902, end_date=20231102T181903
[2023-11-02T18:19:03.168+0000] {local_task_job.py:164} INFO - Task exited with return code 0
[2023-11-02T18:19:03.211+0000] {local_task_job.py:273} INFO - 1 downstream tasks scheduled from follow-on schedule check
