[2023-11-13T07:46:52.401+0000] {taskinstance.py:1087} INFO - Dependencies all met for <TaskInstance: people.read_people scheduled__2023-11-12T00:00:00+00:00 [queued]>
[2023-11-13T07:46:52.450+0000] {taskinstance.py:1087} INFO - Dependencies all met for <TaskInstance: people.read_people scheduled__2023-11-12T00:00:00+00:00 [queued]>
[2023-11-13T07:46:52.451+0000] {taskinstance.py:1283} INFO - 
--------------------------------------------------------------------------------
[2023-11-13T07:46:52.461+0000] {taskinstance.py:1284} INFO - Starting attempt 1 of 1
[2023-11-13T07:46:52.462+0000] {taskinstance.py:1285} INFO - 
--------------------------------------------------------------------------------
[2023-11-13T07:46:52.505+0000] {taskinstance.py:1304} INFO - Executing <Task(PythonOperator): read_people> on 2023-11-12 00:00:00+00:00
[2023-11-13T07:46:52.523+0000] {standard_task_runner.py:55} INFO - Started process 11950 to run task
[2023-11-13T07:46:52.526+0000] {standard_task_runner.py:82} INFO - Running: ['***', 'tasks', 'run', 'people', 'read_people', 'scheduled__2023-11-12T00:00:00+00:00', '--job-id', '556', '--raw', '--subdir', 'DAGS_FOLDER/people.py', '--cfg-path', '/tmp/tmpym2mykgu']
[2023-11-13T07:46:52.531+0000] {standard_task_runner.py:83} INFO - Job 556: Subtask read_people
[2023-11-13T07:46:52.773+0000] {task_command.py:389} INFO - Running <TaskInstance: people.read_people scheduled__2023-11-12T00:00:00+00:00 [running]> on host 691b0a4d0de3
[2023-11-13T07:46:53.523+0000] {taskinstance.py:1513} INFO - Exporting the following env vars:
AIRFLOW_CTX_DAG_OWNER=Tetiana
AIRFLOW_CTX_DAG_ID=people
AIRFLOW_CTX_TASK_ID=read_people
AIRFLOW_CTX_EXECUTION_DATE=2023-11-12T00:00:00+00:00
AIRFLOW_CTX_TRY_NUMBER=1
AIRFLOW_CTX_DAG_RUN_ID=scheduled__2023-11-12T00:00:00+00:00
[2023-11-13T07:46:53.582+0000] {base.py:73} INFO - Using connection ID 'postgres' for task execution.
[2023-11-13T07:46:53.655+0000] {sql.py:462} INFO - Done loading. Loaded a total of 113 rows into people
[2023-11-13T07:46:53.663+0000] {python.py:177} INFO - Done. Returned value was: None
[2023-11-13T07:46:53.697+0000] {taskinstance.py:1327} INFO - Marking task as SUCCESS. dag_id=people, task_id=read_people, execution_date=20231112T000000, start_date=20231113T074652, end_date=20231113T074653
[2023-11-13T07:46:53.783+0000] {local_task_job.py:159} INFO - Task exited with return code 0
[2023-11-13T07:46:53.818+0000] {taskinstance.py:2582} INFO - 1 downstream tasks scheduled from follow-on schedule check
[2023-11-13T08:43:49.407+0000] {taskinstance.py:1087} INFO - Dependencies all met for <TaskInstance: people.read_people scheduled__2023-11-12T00:00:00+00:00 [queued]>
[2023-11-13T08:43:49.431+0000] {taskinstance.py:1087} INFO - Dependencies all met for <TaskInstance: people.read_people scheduled__2023-11-12T00:00:00+00:00 [queued]>
[2023-11-13T08:43:49.434+0000] {taskinstance.py:1283} INFO - 
--------------------------------------------------------------------------------
[2023-11-13T08:43:49.435+0000] {taskinstance.py:1284} INFO - Starting attempt 1 of 1
[2023-11-13T08:43:49.436+0000] {taskinstance.py:1285} INFO - 
--------------------------------------------------------------------------------
[2023-11-13T08:43:49.463+0000] {taskinstance.py:1304} INFO - Executing <Task(PythonOperator): read_people> on 2023-11-12 00:00:00+00:00
[2023-11-13T08:43:49.473+0000] {standard_task_runner.py:55} INFO - Started process 267 to run task
[2023-11-13T08:43:49.476+0000] {standard_task_runner.py:82} INFO - Running: ['***', 'tasks', 'run', 'people', 'read_people', 'scheduled__2023-11-12T00:00:00+00:00', '--job-id', '571', '--raw', '--subdir', 'DAGS_FOLDER/people.py', '--cfg-path', '/tmp/tmpg83h9g7f']
[2023-11-13T08:43:49.478+0000] {standard_task_runner.py:83} INFO - Job 571: Subtask read_people
[2023-11-13T08:43:49.590+0000] {task_command.py:389} INFO - Running <TaskInstance: people.read_people scheduled__2023-11-12T00:00:00+00:00 [running]> on host a1532de0db1a
[2023-11-13T08:43:49.857+0000] {taskinstance.py:1513} INFO - Exporting the following env vars:
AIRFLOW_CTX_DAG_OWNER=Tetiana
AIRFLOW_CTX_DAG_ID=people
AIRFLOW_CTX_TASK_ID=read_people
AIRFLOW_CTX_EXECUTION_DATE=2023-11-12T00:00:00+00:00
AIRFLOW_CTX_TRY_NUMBER=1
AIRFLOW_CTX_DAG_RUN_ID=scheduled__2023-11-12T00:00:00+00:00
[2023-11-13T08:43:49.884+0000] {base.py:73} INFO - Using connection ID 'postgres' for task execution.
[2023-11-13T08:43:49.943+0000] {sql.py:462} INFO - Done loading. Loaded a total of 113 rows into people
[2023-11-13T08:43:49.945+0000] {python.py:177} INFO - Done. Returned value was: None
[2023-11-13T08:43:49.961+0000] {taskinstance.py:1327} INFO - Marking task as SUCCESS. dag_id=people, task_id=read_people, execution_date=20231112T000000, start_date=20231113T084349, end_date=20231113T084349
[2023-11-13T08:43:50.016+0000] {local_task_job.py:159} INFO - Task exited with return code 0
[2023-11-13T08:43:50.051+0000] {taskinstance.py:2582} INFO - 1 downstream tasks scheduled from follow-on schedule check
[2023-11-13T10:21:03.489+0000] {taskinstance.py:1087} INFO - Dependencies all met for <TaskInstance: people.read_people scheduled__2023-11-12T00:00:00+00:00 [queued]>
[2023-11-13T10:21:03.529+0000] {taskinstance.py:1087} INFO - Dependencies all met for <TaskInstance: people.read_people scheduled__2023-11-12T00:00:00+00:00 [queued]>
[2023-11-13T10:21:03.530+0000] {taskinstance.py:1283} INFO - 
--------------------------------------------------------------------------------
[2023-11-13T10:21:03.531+0000] {taskinstance.py:1284} INFO - Starting attempt 1 of 1
[2023-11-13T10:21:03.532+0000] {taskinstance.py:1285} INFO - 
--------------------------------------------------------------------------------
[2023-11-13T10:21:03.568+0000] {taskinstance.py:1304} INFO - Executing <Task(PythonOperator): read_people> on 2023-11-12 00:00:00+00:00
[2023-11-13T10:21:03.580+0000] {standard_task_runner.py:55} INFO - Started process 3492 to run task
[2023-11-13T10:21:03.605+0000] {standard_task_runner.py:82} INFO - Running: ['***', 'tasks', 'run', 'people', 'read_people', 'scheduled__2023-11-12T00:00:00+00:00', '--job-id', '615', '--raw', '--subdir', 'DAGS_FOLDER/people.py', '--cfg-path', '/tmp/tmp2751f6ho']
[2023-11-13T10:21:03.607+0000] {standard_task_runner.py:83} INFO - Job 615: Subtask read_people
[2023-11-13T10:21:03.707+0000] {task_command.py:389} INFO - Running <TaskInstance: people.read_people scheduled__2023-11-12T00:00:00+00:00 [running]> on host 06d7566f07d2
[2023-11-13T10:21:04.324+0000] {taskinstance.py:1513} INFO - Exporting the following env vars:
AIRFLOW_CTX_DAG_OWNER=Tetiana
AIRFLOW_CTX_DAG_ID=people
AIRFLOW_CTX_TASK_ID=read_people
AIRFLOW_CTX_EXECUTION_DATE=2023-11-12T00:00:00+00:00
AIRFLOW_CTX_TRY_NUMBER=1
AIRFLOW_CTX_DAG_RUN_ID=scheduled__2023-11-12T00:00:00+00:00
[2023-11-13T10:21:04.392+0000] {base.py:73} INFO - Using connection ID 'postgres' for task execution.
[2023-11-13T10:21:04.499+0000] {sql.py:462} INFO - Done loading. Loaded a total of 113 rows into people
[2023-11-13T10:21:04.500+0000] {python.py:177} INFO - Done. Returned value was: None
[2023-11-13T10:21:04.581+0000] {taskinstance.py:1327} INFO - Marking task as SUCCESS. dag_id=people, task_id=read_people, execution_date=20231112T000000, start_date=20231113T102103, end_date=20231113T102104
[2023-11-13T10:21:04.732+0000] {local_task_job.py:159} INFO - Task exited with return code 0
[2023-11-13T10:21:04.852+0000] {taskinstance.py:2582} INFO - 0 downstream tasks scheduled from follow-on schedule check
