[2023-11-13T12:10:39.198+0000] {taskinstance.py:1087} INFO - Dependencies all met for <TaskInstance: merge_table.create_merge_table manual__2023-11-13T12:10:34.815423+00:00 [queued]>
[2023-11-13T12:10:39.219+0000] {taskinstance.py:1087} INFO - Dependencies all met for <TaskInstance: merge_table.create_merge_table manual__2023-11-13T12:10:34.815423+00:00 [queued]>
[2023-11-13T12:10:39.220+0000] {taskinstance.py:1283} INFO - 
--------------------------------------------------------------------------------
[2023-11-13T12:10:39.221+0000] {taskinstance.py:1284} INFO - Starting attempt 1 of 1
[2023-11-13T12:10:39.221+0000] {taskinstance.py:1285} INFO - 
--------------------------------------------------------------------------------
[2023-11-13T12:10:39.250+0000] {taskinstance.py:1304} INFO - Executing <Task(PostgresOperator): create_merge_table> on 2023-11-13 12:10:34.815423+00:00
[2023-11-13T12:10:39.260+0000] {standard_task_runner.py:55} INFO - Started process 9547 to run task
[2023-11-13T12:10:39.263+0000] {standard_task_runner.py:82} INFO - Running: ['***', 'tasks', 'run', 'merge_table', 'create_merge_table', 'manual__2023-11-13T12:10:34.815423+00:00', '--job-id', '647', '--raw', '--subdir', 'DAGS_FOLDER/merge.py', '--cfg-path', '/tmp/tmpm2o2om7z']
[2023-11-13T12:10:39.269+0000] {standard_task_runner.py:83} INFO - Job 647: Subtask create_merge_table
[2023-11-13T12:10:39.410+0000] {task_command.py:389} INFO - Running <TaskInstance: merge_table.create_merge_table manual__2023-11-13T12:10:34.815423+00:00 [running]> on host 06d7566f07d2
[2023-11-13T12:10:39.899+0000] {taskinstance.py:1513} INFO - Exporting the following env vars:
AIRFLOW_CTX_DAG_OWNER=***
AIRFLOW_CTX_DAG_ID=merge_table
AIRFLOW_CTX_TASK_ID=create_merge_table
AIRFLOW_CTX_EXECUTION_DATE=2023-11-13T12:10:34.815423+00:00
AIRFLOW_CTX_TRY_NUMBER=1
AIRFLOW_CTX_DAG_RUN_ID=manual__2023-11-13T12:10:34.815423+00:00
[2023-11-13T12:10:39.902+0000] {sql.py:253} INFO - Executing: 
        CREATE TABLE IF NOT EXISTS merged_table AS
            SELECT
            people.user_id AS user_id,
            people.first_name AS first_name,
            people.last_name AS last_name,
            people.sex AS sex,
            people.email AS email,
            people.phone AS phone,
            people.date_of_birth AS date_of_birth,
            people.job_title AS job_title
            FROM people
            INNER JOIN customers ON people.user_id = customers.customer_id;
        
        
[2023-11-13T12:10:39.924+0000] {base.py:73} INFO - Using connection ID 'postgres' for task execution.
[2023-11-13T12:10:40.665+0000] {base.py:73} INFO - Using connection ID 'postgres' for task execution.
[2023-11-13T12:10:40.671+0000] {sql.py:364} INFO - Running statement: 
        CREATE TABLE IF NOT EXISTS merged_table AS
            SELECT
            people.user_id AS user_id,
            people.first_name AS first_name,
            people.last_name AS last_name,
            people.sex AS sex,
            people.email AS email,
            people.phone AS phone,
            people.date_of_birth AS date_of_birth,
            people.job_title AS job_title
            FROM people
            INNER JOIN customers ON people.user_id = customers.customer_id;
        
        , parameters: None
[2023-11-13T12:10:40.699+0000] {sql.py:373} INFO - Rows affected: 10
[2023-11-13T12:10:40.728+0000] {taskinstance.py:1327} INFO - Marking task as SUCCESS. dag_id=merge_table, task_id=create_merge_table, execution_date=20231113T121034, start_date=20231113T121039, end_date=20231113T121040
[2023-11-13T12:10:40.801+0000] {local_task_job.py:159} INFO - Task exited with return code 0
[2023-11-13T12:10:40.847+0000] {taskinstance.py:2582} INFO - 1 downstream tasks scheduled from follow-on schedule check
