[2023-11-13T12:03:47.277+0000] {taskinstance.py:1087} INFO - Dependencies all met for <TaskInstance: customers.save_customers_to_excel manual__2023-11-13T12:03:35.420551+00:00 [queued]>
[2023-11-13T12:03:47.315+0000] {taskinstance.py:1087} INFO - Dependencies all met for <TaskInstance: customers.save_customers_to_excel manual__2023-11-13T12:03:35.420551+00:00 [queued]>
[2023-11-13T12:03:47.321+0000] {taskinstance.py:1283} INFO - 
--------------------------------------------------------------------------------
[2023-11-13T12:03:47.322+0000] {taskinstance.py:1284} INFO - Starting attempt 1 of 1
[2023-11-13T12:03:47.324+0000] {taskinstance.py:1285} INFO - 
--------------------------------------------------------------------------------
[2023-11-13T12:03:47.365+0000] {taskinstance.py:1304} INFO - Executing <Task(PythonOperator): save_customers_to_excel> on 2023-11-13 12:03:35.420551+00:00
[2023-11-13T12:03:47.379+0000] {standard_task_runner.py:55} INFO - Started process 9180 to run task
[2023-11-13T12:03:47.382+0000] {standard_task_runner.py:82} INFO - Running: ['***', 'tasks', 'run', 'customers', 'save_customers_to_excel', 'manual__2023-11-13T12:03:35.420551+00:00', '--job-id', '643', '--raw', '--subdir', 'DAGS_FOLDER/customer.py', '--cfg-path', '/tmp/tmp2sx2_3jv']
[2023-11-13T12:03:47.386+0000] {standard_task_runner.py:83} INFO - Job 643: Subtask save_customers_to_excel
[2023-11-13T12:03:47.556+0000] {task_command.py:389} INFO - Running <TaskInstance: customers.save_customers_to_excel manual__2023-11-13T12:03:35.420551+00:00 [running]> on host 06d7566f07d2
[2023-11-13T12:03:48.068+0000] {taskinstance.py:1513} INFO - Exporting the following env vars:
AIRFLOW_CTX_DAG_OWNER=Tetiana
AIRFLOW_CTX_DAG_ID=customers
AIRFLOW_CTX_TASK_ID=save_customers_to_excel
AIRFLOW_CTX_EXECUTION_DATE=2023-11-13T12:03:35.420551+00:00
AIRFLOW_CTX_TRY_NUMBER=1
AIRFLOW_CTX_DAG_RUN_ID=manual__2023-11-13T12:03:35.420551+00:00
[2023-11-13T12:03:48.284+0000] {base.py:73} INFO - Using connection ID 'postgres' for task execution.
[2023-11-13T12:03:48.424+0000] {python.py:177} INFO - Done. Returned value was: None
[2023-11-13T12:03:48.445+0000] {taskinstance.py:1327} INFO - Marking task as SUCCESS. dag_id=customers, task_id=save_customers_to_excel, execution_date=20231113T120335, start_date=20231113T120347, end_date=20231113T120348
[2023-11-13T12:03:48.513+0000] {local_task_job.py:159} INFO - Task exited with return code 0
[2023-11-13T12:03:48.543+0000] {taskinstance.py:2582} INFO - 0 downstream tasks scheduled from follow-on schedule check
