[2023-11-01T20:13:03.461+0000] {taskinstance.py:1165} INFO - Dependencies all met for <TaskInstance: xcom_dag.t4 manual__2023-11-01T20:12:58.615592+00:00 [queued]>
[2023-11-01T20:13:03.475+0000] {taskinstance.py:1165} INFO - Dependencies all met for <TaskInstance: xcom_dag.t4 manual__2023-11-01T20:12:58.615592+00:00 [queued]>
[2023-11-01T20:13:03.476+0000] {taskinstance.py:1362} INFO - 
--------------------------------------------------------------------------------
[2023-11-01T20:13:03.477+0000] {taskinstance.py:1363} INFO - Starting attempt 1 of 1
[2023-11-01T20:13:03.477+0000] {taskinstance.py:1364} INFO - 
--------------------------------------------------------------------------------
[2023-11-01T20:13:03.496+0000] {taskinstance.py:1383} INFO - Executing <Task(BashOperator): t4> on 2023-11-01 20:12:58.615592+00:00
[2023-11-01T20:13:03.503+0000] {standard_task_runner.py:55} INFO - Started process 2362 to run task
[2023-11-01T20:13:03.506+0000] {standard_task_runner.py:82} INFO - Running: ['***', 'tasks', 'run', 'xcom_dag', 't4', 'manual__2023-11-01T20:12:58.615592+00:00', '--job-id', '38', '--raw', '--subdir', 'DAGS_FOLDER/xcom_dag.py', '--cfg-path', '/tmp/tmpnlh86g_0']
[2023-11-01T20:13:03.507+0000] {standard_task_runner.py:83} INFO - Job 38: Subtask t4
[2023-11-01T20:13:03.582+0000] {task_command.py:376} INFO - Running <TaskInstance: xcom_dag.t4 manual__2023-11-01T20:12:58.615592+00:00 [running]> on host 3779655fe886
[2023-11-01T20:13:03.670+0000] {taskinstance.py:1592} INFO - Exporting the following env vars:
AIRFLOW_CTX_DAG_OWNER=***
AIRFLOW_CTX_DAG_ID=xcom_dag
AIRFLOW_CTX_TASK_ID=t4
AIRFLOW_CTX_EXECUTION_DATE=2023-11-01T20:12:58.615592+00:00
AIRFLOW_CTX_TRY_NUMBER=1
AIRFLOW_CTX_DAG_RUN_ID=manual__2023-11-01T20:12:58.615592+00:00
[2023-11-01T20:13:03.672+0000] {subprocess.py:63} INFO - Tmp dir root location: 
 /tmp
[2023-11-01T20:13:03.673+0000] {subprocess.py:75} INFO - Running command: ['/bin/bash', '-c', "echo ''"]
[2023-11-01T20:13:03.684+0000] {subprocess.py:86} INFO - Output:
[2023-11-01T20:13:03.685+0000] {subprocess.py:93} INFO - 
[2023-11-01T20:13:03.686+0000] {subprocess.py:97} INFO - Command exited with return code 0
[2023-11-01T20:13:03.716+0000] {taskinstance.py:1406} INFO - Marking task as SUCCESS. dag_id=xcom_dag, task_id=t4, execution_date=20231101T201258, start_date=20231101T201303, end_date=20231101T201303
[2023-11-01T20:13:03.758+0000] {local_task_job.py:164} INFO - Task exited with return code 0
[2023-11-01T20:13:03.783+0000] {local_task_job.py:273} INFO - 0 downstream tasks scheduled from follow-on schedule check
