[2023-11-10T08:58:59.140+0000] {taskinstance.py:1087} INFO - Dependencies all met for <TaskInstance: customers.save_customers_to_excel manual__2023-11-10T08:58:50.481585+00:00 [queued]>
[2023-11-10T08:58:59.159+0000] {taskinstance.py:1087} INFO - Dependencies all met for <TaskInstance: customers.save_customers_to_excel manual__2023-11-10T08:58:50.481585+00:00 [queued]>
[2023-11-10T08:58:59.159+0000] {taskinstance.py:1283} INFO - 
--------------------------------------------------------------------------------
[2023-11-10T08:58:59.160+0000] {taskinstance.py:1284} INFO - Starting attempt 1 of 1
[2023-11-10T08:58:59.161+0000] {taskinstance.py:1285} INFO - 
--------------------------------------------------------------------------------
[2023-11-10T08:58:59.180+0000] {taskinstance.py:1304} INFO - Executing <Task(PythonOperator): save_customers_to_excel> on 2023-11-10 08:58:50.481585+00:00
[2023-11-10T08:58:59.188+0000] {standard_task_runner.py:55} INFO - Started process 591 to run task
[2023-11-10T08:58:59.190+0000] {standard_task_runner.py:82} INFO - Running: ['***', 'tasks', 'run', 'customers', 'save_customers_to_excel', 'manual__2023-11-10T08:58:50.481585+00:00', '--job-id', '415', '--raw', '--subdir', 'DAGS_FOLDER/customer_1.py', '--cfg-path', '/tmp/tmp9dh70b14']
[2023-11-10T08:58:59.193+0000] {standard_task_runner.py:83} INFO - Job 415: Subtask save_customers_to_excel
[2023-11-10T08:58:59.266+0000] {task_command.py:389} INFO - Running <TaskInstance: customers.save_customers_to_excel manual__2023-11-10T08:58:50.481585+00:00 [running]> on host e9f864b40c90
[2023-11-10T08:58:59.381+0000] {taskinstance.py:1513} INFO - Exporting the following env vars:
AIRFLOW_CTX_DAG_OWNER=***
AIRFLOW_CTX_DAG_ID=customers
AIRFLOW_CTX_TASK_ID=save_customers_to_excel
AIRFLOW_CTX_EXECUTION_DATE=2023-11-10T08:58:50.481585+00:00
AIRFLOW_CTX_TRY_NUMBER=1
AIRFLOW_CTX_DAG_RUN_ID=manual__2023-11-10T08:58:50.481585+00:00
[2023-11-10T08:58:59.591+0000] {base.py:73} INFO - Using connection ID 'postgres' for task execution.
[2023-11-10T08:58:59.646+0000] {base.py:73} INFO - Using connection ID 'postgres' for task execution.
[2023-11-10T08:58:59.705+0000] {python.py:177} INFO - Done. Returned value was: None
[2023-11-10T08:58:59.717+0000] {taskinstance.py:1327} INFO - Marking task as SUCCESS. dag_id=customers, task_id=save_customers_to_excel, execution_date=20231110T085850, start_date=20231110T085859, end_date=20231110T085859
[2023-11-10T08:58:59.765+0000] {local_task_job.py:159} INFO - Task exited with return code 0
[2023-11-10T08:58:59.788+0000] {taskinstance.py:2582} INFO - 0 downstream tasks scheduled from follow-on schedule check
