[2023-11-10T10:42:46.488+0000] {taskinstance.py:1087} INFO - Dependencies all met for <TaskInstance: people.save_people_to_excel manual__2023-11-10T10:42:39.636290+00:00 [queued]>
[2023-11-10T10:42:46.511+0000] {taskinstance.py:1087} INFO - Dependencies all met for <TaskInstance: people.save_people_to_excel manual__2023-11-10T10:42:39.636290+00:00 [queued]>
[2023-11-10T10:42:46.512+0000] {taskinstance.py:1283} INFO - 
--------------------------------------------------------------------------------
[2023-11-10T10:42:46.514+0000] {taskinstance.py:1284} INFO - Starting attempt 1 of 1
[2023-11-10T10:42:46.515+0000] {taskinstance.py:1285} INFO - 
--------------------------------------------------------------------------------
[2023-11-10T10:42:46.539+0000] {taskinstance.py:1304} INFO - Executing <Task(PythonOperator): save_people_to_excel> on 2023-11-10 10:42:39.636290+00:00
[2023-11-10T10:42:46.550+0000] {standard_task_runner.py:55} INFO - Started process 2196 to run task
[2023-11-10T10:42:46.554+0000] {standard_task_runner.py:82} INFO - Running: ['***', 'tasks', 'run', 'people', 'save_people_to_excel', 'manual__2023-11-10T10:42:39.636290+00:00', '--job-id', '479', '--raw', '--subdir', 'DAGS_FOLDER/people.py', '--cfg-path', '/tmp/tmpsva63a83']
[2023-11-10T10:42:46.557+0000] {standard_task_runner.py:83} INFO - Job 479: Subtask save_people_to_excel
[2023-11-10T10:42:46.644+0000] {task_command.py:389} INFO - Running <TaskInstance: people.save_people_to_excel manual__2023-11-10T10:42:39.636290+00:00 [running]> on host ccf8e59e32fe
[2023-11-10T10:42:46.903+0000] {taskinstance.py:1513} INFO - Exporting the following env vars:
AIRFLOW_CTX_DAG_OWNER=Tetiana
AIRFLOW_CTX_DAG_ID=people
AIRFLOW_CTX_TASK_ID=save_people_to_excel
AIRFLOW_CTX_EXECUTION_DATE=2023-11-10T10:42:39.636290+00:00
AIRFLOW_CTX_TRY_NUMBER=1
AIRFLOW_CTX_DAG_RUN_ID=manual__2023-11-10T10:42:39.636290+00:00
[2023-11-10T10:42:46.972+0000] {base.py:73} INFO - Using connection ID 'postgres' for task execution.
[2023-11-10T10:42:47.059+0000] {python.py:177} INFO - Done. Returned value was: None
[2023-11-10T10:42:47.073+0000] {taskinstance.py:1327} INFO - Marking task as SUCCESS. dag_id=people, task_id=save_people_to_excel, execution_date=20231110T104239, start_date=20231110T104246, end_date=20231110T104247
[2023-11-10T10:42:47.128+0000] {local_task_job.py:159} INFO - Task exited with return code 0
[2023-11-10T10:42:47.154+0000] {taskinstance.py:2582} INFO - 0 downstream tasks scheduled from follow-on schedule check
