[2023-11-13T07:46:42.430+0000] {taskinstance.py:1087} INFO - Dependencies all met for <TaskInstance: people.create_people_table scheduled__2023-11-12T00:00:00+00:00 [queued]>
[2023-11-13T07:46:42.580+0000] {taskinstance.py:1087} INFO - Dependencies all met for <TaskInstance: people.create_people_table scheduled__2023-11-12T00:00:00+00:00 [queued]>
[2023-11-13T07:46:42.596+0000] {taskinstance.py:1283} INFO - 
--------------------------------------------------------------------------------
[2023-11-13T07:46:42.612+0000] {taskinstance.py:1284} INFO - Starting attempt 1 of 1
[2023-11-13T07:46:42.628+0000] {taskinstance.py:1285} INFO - 
--------------------------------------------------------------------------------
[2023-11-13T07:46:42.828+0000] {taskinstance.py:1304} INFO - Executing <Task(PostgresOperator): create_people_table> on 2023-11-12 00:00:00+00:00
[2023-11-13T07:46:42.859+0000] {standard_task_runner.py:55} INFO - Started process 11943 to run task
[2023-11-13T07:46:42.861+0000] {standard_task_runner.py:82} INFO - Running: ['***', 'tasks', 'run', 'people', 'create_people_table', 'scheduled__2023-11-12T00:00:00+00:00', '--job-id', '554', '--raw', '--subdir', 'DAGS_FOLDER/people.py', '--cfg-path', '/tmp/tmpmwb1wk7m']
[2023-11-13T07:46:42.888+0000] {standard_task_runner.py:83} INFO - Job 554: Subtask create_people_table
[2023-11-13T07:46:43.250+0000] {task_command.py:389} INFO - Running <TaskInstance: people.create_people_table scheduled__2023-11-12T00:00:00+00:00 [running]> on host 691b0a4d0de3
[2023-11-13T07:46:45.863+0000] {taskinstance.py:1513} INFO - Exporting the following env vars:
AIRFLOW_CTX_DAG_OWNER=Tetiana
AIRFLOW_CTX_DAG_ID=people
AIRFLOW_CTX_TASK_ID=create_people_table
AIRFLOW_CTX_EXECUTION_DATE=2023-11-12T00:00:00+00:00
AIRFLOW_CTX_TRY_NUMBER=1
AIRFLOW_CTX_DAG_RUN_ID=scheduled__2023-11-12T00:00:00+00:00
[2023-11-13T07:46:45.864+0000] {sql.py:253} INFO - Executing: 
        CREATE TABLE IF NOT EXISTS people (
            Index INT NOT NULL primary key,
            User_Id varchar(100),
            First_Name varchar(100),
            Last_Name varchar(100),
            Sex varchar(100),
            Email varchar(100),
            Phone varchar(100),
            Date_of_birth Date,
            Job_title varchar(100)
        );
    
[2023-11-13T07:46:45.897+0000] {base.py:73} INFO - Using connection ID 'postgres' for task execution.
[2023-11-13T07:46:47.399+0000] {base.py:73} INFO - Using connection ID 'postgres' for task execution.
[2023-11-13T07:46:47.456+0000] {sql.py:364} INFO - Running statement: 
        CREATE TABLE IF NOT EXISTS people (
            Index INT NOT NULL primary key,
            User_Id varchar(100),
            First_Name varchar(100),
            Last_Name varchar(100),
            Sex varchar(100),
            Email varchar(100),
            Phone varchar(100),
            Date_of_birth Date,
            Job_title varchar(100)
        );
    , parameters: None
[2023-11-13T07:46:47.567+0000] {taskinstance.py:1327} INFO - Marking task as SUCCESS. dag_id=people, task_id=create_people_table, execution_date=20231112T000000, start_date=20231113T074642, end_date=20231113T074647
[2023-11-13T07:46:47.818+0000] {local_task_job.py:159} INFO - Task exited with return code 0
[2023-11-13T07:46:48.060+0000] {taskinstance.py:2582} INFO - 0 downstream tasks scheduled from follow-on schedule check
[2023-11-13T08:43:46.006+0000] {taskinstance.py:1087} INFO - Dependencies all met for <TaskInstance: people.create_people_table scheduled__2023-11-12T00:00:00+00:00 [queued]>
[2023-11-13T08:43:46.036+0000] {taskinstance.py:1087} INFO - Dependencies all met for <TaskInstance: people.create_people_table scheduled__2023-11-12T00:00:00+00:00 [queued]>
[2023-11-13T08:43:46.037+0000] {taskinstance.py:1283} INFO - 
--------------------------------------------------------------------------------
[2023-11-13T08:43:46.038+0000] {taskinstance.py:1284} INFO - Starting attempt 1 of 1
[2023-11-13T08:43:46.039+0000] {taskinstance.py:1285} INFO - 
--------------------------------------------------------------------------------
[2023-11-13T08:43:46.072+0000] {taskinstance.py:1304} INFO - Executing <Task(PostgresOperator): create_people_table> on 2023-11-12 00:00:00+00:00
[2023-11-13T08:43:46.093+0000] {standard_task_runner.py:55} INFO - Started process 264 to run task
[2023-11-13T08:43:46.098+0000] {standard_task_runner.py:82} INFO - Running: ['***', 'tasks', 'run', 'people', 'create_people_table', 'scheduled__2023-11-12T00:00:00+00:00', '--job-id', '570', '--raw', '--subdir', 'DAGS_FOLDER/people.py', '--cfg-path', '/tmp/tmpf7b4564g']
[2023-11-13T08:43:46.111+0000] {standard_task_runner.py:83} INFO - Job 570: Subtask create_people_table
[2023-11-13T08:43:46.246+0000] {task_command.py:389} INFO - Running <TaskInstance: people.create_people_table scheduled__2023-11-12T00:00:00+00:00 [running]> on host a1532de0db1a
[2023-11-13T08:43:46.715+0000] {taskinstance.py:1513} INFO - Exporting the following env vars:
AIRFLOW_CTX_DAG_OWNER=Tetiana
AIRFLOW_CTX_DAG_ID=people
AIRFLOW_CTX_TASK_ID=create_people_table
AIRFLOW_CTX_EXECUTION_DATE=2023-11-12T00:00:00+00:00
AIRFLOW_CTX_TRY_NUMBER=1
AIRFLOW_CTX_DAG_RUN_ID=scheduled__2023-11-12T00:00:00+00:00
[2023-11-13T08:43:46.725+0000] {sql.py:253} INFO - Executing: 
        CREATE TABLE IF NOT EXISTS people (
            Index INT NOT NULL primary key,
            User_Id varchar(100),
            First_Name varchar(100),
            Last_Name varchar(100),
            Sex varchar(100),
            Email varchar(100),
            Phone varchar(100),
            Date_of_birth Date,
            Job_title varchar(100)
        );
    
[2023-11-13T08:43:46.738+0000] {base.py:73} INFO - Using connection ID 'postgres' for task execution.
[2023-11-13T08:43:47.425+0000] {base.py:73} INFO - Using connection ID 'postgres' for task execution.
[2023-11-13T08:43:47.429+0000] {sql.py:364} INFO - Running statement: 
        CREATE TABLE IF NOT EXISTS people (
            Index INT NOT NULL primary key,
            User_Id varchar(100),
            First_Name varchar(100),
            Last_Name varchar(100),
            Sex varchar(100),
            Email varchar(100),
            Phone varchar(100),
            Date_of_birth Date,
            Job_title varchar(100)
        );
    , parameters: None
[2023-11-13T08:43:47.449+0000] {taskinstance.py:1327} INFO - Marking task as SUCCESS. dag_id=people, task_id=create_people_table, execution_date=20231112T000000, start_date=20231113T084346, end_date=20231113T084347
[2023-11-13T08:43:47.520+0000] {local_task_job.py:159} INFO - Task exited with return code 0
[2023-11-13T08:43:47.561+0000] {taskinstance.py:2582} INFO - 1 downstream tasks scheduled from follow-on schedule check
[2023-11-13T10:20:57.822+0000] {taskinstance.py:1087} INFO - Dependencies all met for <TaskInstance: people.create_people_table scheduled__2023-11-12T00:00:00+00:00 [queued]>
[2023-11-13T10:20:57.868+0000] {taskinstance.py:1087} INFO - Dependencies all met for <TaskInstance: people.create_people_table scheduled__2023-11-12T00:00:00+00:00 [queued]>
[2023-11-13T10:20:57.869+0000] {taskinstance.py:1283} INFO - 
--------------------------------------------------------------------------------
[2023-11-13T10:20:57.870+0000] {taskinstance.py:1284} INFO - Starting attempt 1 of 1
[2023-11-13T10:20:57.872+0000] {taskinstance.py:1285} INFO - 
--------------------------------------------------------------------------------
[2023-11-13T10:20:57.899+0000] {taskinstance.py:1304} INFO - Executing <Task(PostgresOperator): create_people_table> on 2023-11-12 00:00:00+00:00
[2023-11-13T10:20:57.989+0000] {standard_task_runner.py:82} INFO - Running: ['***', 'tasks', 'run', 'people', 'create_people_table', 'scheduled__2023-11-12T00:00:00+00:00', '--job-id', '613', '--raw', '--subdir', 'DAGS_FOLDER/people.py', '--cfg-path', '/tmp/tmpw11z7729']
[2023-11-13T10:20:58.000+0000] {standard_task_runner.py:83} INFO - Job 613: Subtask create_people_table
[2023-11-13T10:20:57.978+0000] {standard_task_runner.py:55} INFO - Started process 3484 to run task
[2023-11-13T10:20:58.193+0000] {task_command.py:389} INFO - Running <TaskInstance: people.create_people_table scheduled__2023-11-12T00:00:00+00:00 [running]> on host 06d7566f07d2
[2023-11-13T10:20:59.082+0000] {taskinstance.py:1513} INFO - Exporting the following env vars:
AIRFLOW_CTX_DAG_OWNER=Tetiana
AIRFLOW_CTX_DAG_ID=people
AIRFLOW_CTX_TASK_ID=create_people_table
AIRFLOW_CTX_EXECUTION_DATE=2023-11-12T00:00:00+00:00
AIRFLOW_CTX_TRY_NUMBER=1
AIRFLOW_CTX_DAG_RUN_ID=scheduled__2023-11-12T00:00:00+00:00
[2023-11-13T10:20:59.085+0000] {sql.py:253} INFO - Executing: 
        CREATE TABLE IF NOT EXISTS people (
            Index INT NOT NULL primary key,
            User_Id varchar(100),
            First_Name varchar(100),
            Last_Name varchar(100),
            Sex varchar(100),
            Email varchar(100),
            Phone varchar(100),
            Date_of_birth Date,
            Job_title varchar(100)
        );
    
[2023-11-13T10:20:59.141+0000] {base.py:73} INFO - Using connection ID 'postgres' for task execution.
[2023-11-13T10:20:59.813+0000] {base.py:73} INFO - Using connection ID 'postgres' for task execution.
[2023-11-13T10:20:59.830+0000] {sql.py:364} INFO - Running statement: 
        CREATE TABLE IF NOT EXISTS people (
            Index INT NOT NULL primary key,
            User_Id varchar(100),
            First_Name varchar(100),
            Last_Name varchar(100),
            Sex varchar(100),
            Email varchar(100),
            Phone varchar(100),
            Date_of_birth Date,
            Job_title varchar(100)
        );
    , parameters: None
[2023-11-13T10:20:59.892+0000] {taskinstance.py:1327} INFO - Marking task as SUCCESS. dag_id=people, task_id=create_people_table, execution_date=20231112T000000, start_date=20231113T102057, end_date=20231113T102059
[2023-11-13T10:21:00.000+0000] {local_task_job.py:159} INFO - Task exited with return code 0
[2023-11-13T10:21:00.075+0000] {taskinstance.py:2582} INFO - 1 downstream tasks scheduled from follow-on schedule check
