[2023-11-02T09:31:25.442+0000] {taskinstance.py:1165} INFO - Dependencies all met for <TaskInstance: user_processing.is_api_available manual__2023-11-02T09:31:21.532092+00:00 [queued]>
[2023-11-02T09:31:25.457+0000] {taskinstance.py:1165} INFO - Dependencies all met for <TaskInstance: user_processing.is_api_available manual__2023-11-02T09:31:21.532092+00:00 [queued]>
[2023-11-02T09:31:25.463+0000] {taskinstance.py:1362} INFO - 
--------------------------------------------------------------------------------
[2023-11-02T09:31:25.469+0000] {taskinstance.py:1363} INFO - Starting attempt 1 of 1
[2023-11-02T09:31:25.472+0000] {taskinstance.py:1364} INFO - 
--------------------------------------------------------------------------------
[2023-11-02T09:31:25.492+0000] {taskinstance.py:1383} INFO - Executing <Task(HttpSensor): is_api_available> on 2023-11-02 09:31:21.532092+00:00
[2023-11-02T09:31:25.534+0000] {standard_task_runner.py:55} INFO - Started process 6050 to run task
[2023-11-02T09:31:25.540+0000] {standard_task_runner.py:82} INFO - Running: ['***', 'tasks', 'run', 'user_processing', 'is_api_available', 'manual__2023-11-02T09:31:21.532092+00:00', '--job-id', '9', '--raw', '--subdir', 'DAGS_FOLDER/user_processing.py', '--cfg-path', '/tmp/tmp29jcz0p3']
[2023-11-02T09:31:25.542+0000] {standard_task_runner.py:83} INFO - Job 9: Subtask is_api_available
[2023-11-02T09:31:25.647+0000] {task_command.py:376} INFO - Running <TaskInstance: user_processing.is_api_available manual__2023-11-02T09:31:21.532092+00:00 [running]> on host b33dd0bd4b35
[2023-11-02T09:31:25.755+0000] {taskinstance.py:1592} INFO - Exporting the following env vars:
AIRFLOW_CTX_DAG_OWNER=***
AIRFLOW_CTX_DAG_ID=user_processing
AIRFLOW_CTX_TASK_ID=is_api_available
AIRFLOW_CTX_EXECUTION_DATE=2023-11-02T09:31:21.532092+00:00
AIRFLOW_CTX_TRY_NUMBER=1
AIRFLOW_CTX_DAG_RUN_ID=manual__2023-11-02T09:31:21.532092+00:00
[2023-11-02T09:31:25.756+0000] {http.py:120} INFO - Poking: api/
[2023-11-02T09:31:25.772+0000] {base.py:71} INFO - Using connection ID 'user_api' for task execution.
[2023-11-02T09:31:25.774+0000] {http.py:148} INFO - Sending 'GET' to url: https://randomuser.me/api/
[2023-11-02T09:31:25.974+0000] {base.py:213} INFO - Success criteria met. Exiting.
[2023-11-02T09:31:25.993+0000] {taskinstance.py:1406} INFO - Marking task as SUCCESS. dag_id=user_processing, task_id=is_api_available, execution_date=20231102T093121, start_date=20231102T093125, end_date=20231102T093125
[2023-11-02T09:31:26.041+0000] {local_task_job.py:164} INFO - Task exited with return code 0
[2023-11-02T09:31:26.080+0000] {local_task_job.py:273} INFO - 0 downstream tasks scheduled from follow-on schedule check
