[2023-11-10T07:30:02.136+0000] {taskinstance.py:1087} INFO - Dependencies all met for <TaskInstance: customers.save_customers_to_excel manual__2023-11-10T07:29:54.196590+00:00 [queued]>
[2023-11-10T07:30:02.153+0000] {taskinstance.py:1087} INFO - Dependencies all met for <TaskInstance: customers.save_customers_to_excel manual__2023-11-10T07:29:54.196590+00:00 [queued]>
[2023-11-10T07:30:02.154+0000] {taskinstance.py:1283} INFO - 
--------------------------------------------------------------------------------
[2023-11-10T07:30:02.155+0000] {taskinstance.py:1284} INFO - Starting attempt 1 of 1
[2023-11-10T07:30:02.156+0000] {taskinstance.py:1285} INFO - 
--------------------------------------------------------------------------------
[2023-11-10T07:30:02.179+0000] {taskinstance.py:1304} INFO - Executing <Task(PythonOperator): save_customers_to_excel> on 2023-11-10 07:29:54.196590+00:00
[2023-11-10T07:30:02.186+0000] {standard_task_runner.py:55} INFO - Started process 411 to run task
[2023-11-10T07:30:02.189+0000] {standard_task_runner.py:82} INFO - Running: ['***', 'tasks', 'run', 'customers', 'save_customers_to_excel', 'manual__2023-11-10T07:29:54.196590+00:00', '--job-id', '310', '--raw', '--subdir', 'DAGS_FOLDER/customer_1.py', '--cfg-path', '/tmp/tmpgqk_jbc5']
[2023-11-10T07:30:02.191+0000] {standard_task_runner.py:83} INFO - Job 310: Subtask save_customers_to_excel
[2023-11-10T07:30:02.281+0000] {task_command.py:389} INFO - Running <TaskInstance: customers.save_customers_to_excel manual__2023-11-10T07:29:54.196590+00:00 [running]> on host 706d03b983c6
[2023-11-10T07:30:02.397+0000] {taskinstance.py:1513} INFO - Exporting the following env vars:
AIRFLOW_CTX_DAG_OWNER=***
AIRFLOW_CTX_DAG_ID=customers
AIRFLOW_CTX_TASK_ID=save_customers_to_excel
AIRFLOW_CTX_EXECUTION_DATE=2023-11-10T07:29:54.196590+00:00
AIRFLOW_CTX_TRY_NUMBER=1
AIRFLOW_CTX_DAG_RUN_ID=manual__2023-11-10T07:29:54.196590+00:00
[2023-11-10T07:30:02.568+0000] {base.py:73} INFO - Using connection ID 'postgres' for task execution.
[2023-11-10T07:30:02.628+0000] {base.py:73} INFO - Using connection ID 'postgres' for task execution.
[2023-11-10T07:30:02.702+0000] {python.py:177} INFO - Done. Returned value was: None
[2023-11-10T07:30:02.715+0000] {taskinstance.py:1327} INFO - Marking task as SUCCESS. dag_id=customers, task_id=save_customers_to_excel, execution_date=20231110T072954, start_date=20231110T073002, end_date=20231110T073002
[2023-11-10T07:30:02.765+0000] {local_task_job.py:159} INFO - Task exited with return code 0
[2023-11-10T07:30:02.786+0000] {taskinstance.py:2582} INFO - 0 downstream tasks scheduled from follow-on schedule check
