[2023-11-13T10:23:03.099+0000] {taskinstance.py:1087} INFO - Dependencies all met for <TaskInstance: customers.read_customers manual__2023-11-13T10:22:57.619895+00:00 [queued]>
[2023-11-13T10:23:03.119+0000] {taskinstance.py:1087} INFO - Dependencies all met for <TaskInstance: customers.read_customers manual__2023-11-13T10:22:57.619895+00:00 [queued]>
[2023-11-13T10:23:03.120+0000] {taskinstance.py:1283} INFO - 
--------------------------------------------------------------------------------
[2023-11-13T10:23:03.122+0000] {taskinstance.py:1284} INFO - Starting attempt 1 of 1
[2023-11-13T10:23:03.123+0000] {taskinstance.py:1285} INFO - 
--------------------------------------------------------------------------------
[2023-11-13T10:23:03.147+0000] {taskinstance.py:1304} INFO - Executing <Task(PythonOperator): read_customers> on 2023-11-13 10:22:57.619895+00:00
[2023-11-13T10:23:03.157+0000] {standard_task_runner.py:55} INFO - Started process 3619 to run task
[2023-11-13T10:23:03.160+0000] {standard_task_runner.py:82} INFO - Running: ['***', 'tasks', 'run', 'customers', 'read_customers', 'manual__2023-11-13T10:22:57.619895+00:00', '--job-id', '622', '--raw', '--subdir', 'DAGS_FOLDER/customer.py', '--cfg-path', '/tmp/tmp2ugfsny0']
[2023-11-13T10:23:03.162+0000] {standard_task_runner.py:83} INFO - Job 622: Subtask read_customers
[2023-11-13T10:23:03.269+0000] {task_command.py:389} INFO - Running <TaskInstance: customers.read_customers manual__2023-11-13T10:22:57.619895+00:00 [running]> on host 06d7566f07d2
[2023-11-13T10:23:03.711+0000] {taskinstance.py:1513} INFO - Exporting the following env vars:
AIRFLOW_CTX_DAG_OWNER=Tetiana
AIRFLOW_CTX_DAG_ID=customers
AIRFLOW_CTX_TASK_ID=read_customers
AIRFLOW_CTX_EXECUTION_DATE=2023-11-13T10:22:57.619895+00:00
AIRFLOW_CTX_TRY_NUMBER=1
AIRFLOW_CTX_DAG_RUN_ID=manual__2023-11-13T10:22:57.619895+00:00
[2023-11-13T10:23:03.766+0000] {logging_mixin.py:137} INFO - An error occurred for country Pitcairn Islands: (0) Missing or invalid default region.. Adding '+' to the phone number.
[2023-11-13T10:23:03.774+0000] {logging_mixin.py:137} INFO - An error occurred for country Vietnam: (0) Missing or invalid default region.. Adding '+' to the phone number.
[2023-11-13T10:23:03.807+0000] {logging_mixin.py:137} INFO - An error occurred for country Tanzania: (0) Missing or invalid default region.. Adding '+' to the phone number.
[2023-11-13T10:23:03.853+0000] {logging_mixin.py:137} INFO - An error occurred for country Bolivia: (0) Missing or invalid default region.. Adding '+' to the phone number.
[2023-11-13T10:23:03.949+0000] {base.py:73} INFO - Using connection ID 'postgres' for task execution.
[2023-11-13T10:23:04.040+0000] {sql.py:462} INFO - Done loading. Loaded a total of 50 rows into customers
[2023-11-13T10:23:04.046+0000] {python.py:177} INFO - Done. Returned value was: None
[2023-11-13T10:23:04.068+0000] {taskinstance.py:1327} INFO - Marking task as SUCCESS. dag_id=customers, task_id=read_customers, execution_date=20231113T102257, start_date=20231113T102303, end_date=20231113T102304
[2023-11-13T10:23:04.208+0000] {local_task_job.py:159} INFO - Task exited with return code 0
[2023-11-13T10:23:04.309+0000] {taskinstance.py:2582} INFO - 1 downstream tasks scheduled from follow-on schedule check
