[2023-11-13T07:47:05.098+0000] {taskinstance.py:1087} INFO - Dependencies all met for <TaskInstance: customers.save_customers_to_excel scheduled__2023-11-12T00:00:00+00:00 [queued]>
[2023-11-13T07:47:05.113+0000] {taskinstance.py:1087} INFO - Dependencies all met for <TaskInstance: customers.save_customers_to_excel scheduled__2023-11-12T00:00:00+00:00 [queued]>
[2023-11-13T07:47:05.114+0000] {taskinstance.py:1283} INFO - 
--------------------------------------------------------------------------------
[2023-11-13T07:47:05.115+0000] {taskinstance.py:1284} INFO - Starting attempt 1 of 1
[2023-11-13T07:47:05.116+0000] {taskinstance.py:1285} INFO - 
--------------------------------------------------------------------------------
[2023-11-13T07:47:05.141+0000] {taskinstance.py:1304} INFO - Executing <Task(PythonOperator): save_customers_to_excel> on 2023-11-12 00:00:00+00:00
[2023-11-13T07:47:05.152+0000] {standard_task_runner.py:55} INFO - Started process 11969 to run task
[2023-11-13T07:47:05.155+0000] {standard_task_runner.py:82} INFO - Running: ['***', 'tasks', 'run', 'customers', 'save_customers_to_excel', 'scheduled__2023-11-12T00:00:00+00:00', '--job-id', '559', '--raw', '--subdir', 'DAGS_FOLDER/customer.py', '--cfg-path', '/tmp/tmpif3t99z0']
[2023-11-13T07:47:05.157+0000] {standard_task_runner.py:83} INFO - Job 559: Subtask save_customers_to_excel
[2023-11-13T07:47:05.236+0000] {task_command.py:389} INFO - Running <TaskInstance: customers.save_customers_to_excel scheduled__2023-11-12T00:00:00+00:00 [running]> on host 691b0a4d0de3
[2023-11-13T07:47:05.550+0000] {taskinstance.py:1513} INFO - Exporting the following env vars:
AIRFLOW_CTX_DAG_OWNER=Tetiana
AIRFLOW_CTX_DAG_ID=customers
AIRFLOW_CTX_TASK_ID=save_customers_to_excel
AIRFLOW_CTX_EXECUTION_DATE=2023-11-12T00:00:00+00:00
AIRFLOW_CTX_TRY_NUMBER=1
AIRFLOW_CTX_DAG_RUN_ID=scheduled__2023-11-12T00:00:00+00:00
[2023-11-13T07:47:05.641+0000] {base.py:73} INFO - Using connection ID 'postgres' for task execution.
[2023-11-13T07:47:05.709+0000] {python.py:177} INFO - Done. Returned value was: None
[2023-11-13T07:47:05.722+0000] {taskinstance.py:1327} INFO - Marking task as SUCCESS. dag_id=customers, task_id=save_customers_to_excel, execution_date=20231112T000000, start_date=20231113T074705, end_date=20231113T074705
[2023-11-13T07:47:05.769+0000] {local_task_job.py:159} INFO - Task exited with return code 0
[2023-11-13T07:47:05.793+0000] {taskinstance.py:2582} INFO - 0 downstream tasks scheduled from follow-on schedule check
[2023-11-13T10:20:04.198+0000] {taskinstance.py:1087} INFO - Dependencies all met for <TaskInstance: customers.save_customers_to_excel scheduled__2023-11-12T00:00:00+00:00 [queued]>
[2023-11-13T10:20:04.212+0000] {taskinstance.py:1087} INFO - Dependencies all met for <TaskInstance: customers.save_customers_to_excel scheduled__2023-11-12T00:00:00+00:00 [queued]>
[2023-11-13T10:20:04.213+0000] {taskinstance.py:1283} INFO - 
--------------------------------------------------------------------------------
[2023-11-13T10:20:04.214+0000] {taskinstance.py:1284} INFO - Starting attempt 1 of 1
[2023-11-13T10:20:04.216+0000] {taskinstance.py:1285} INFO - 
--------------------------------------------------------------------------------
[2023-11-13T10:20:04.239+0000] {taskinstance.py:1304} INFO - Executing <Task(PythonOperator): save_customers_to_excel> on 2023-11-12 00:00:00+00:00
[2023-11-13T10:20:04.250+0000] {standard_task_runner.py:55} INFO - Started process 3428 to run task
[2023-11-13T10:20:04.253+0000] {standard_task_runner.py:82} INFO - Running: ['***', 'tasks', 'run', 'customers', 'save_customers_to_excel', 'scheduled__2023-11-12T00:00:00+00:00', '--job-id', '611', '--raw', '--subdir', 'DAGS_FOLDER/customer.py', '--cfg-path', '/tmp/tmphlr3ja8i']
[2023-11-13T10:20:04.255+0000] {standard_task_runner.py:83} INFO - Job 611: Subtask save_customers_to_excel
[2023-11-13T10:20:04.329+0000] {task_command.py:389} INFO - Running <TaskInstance: customers.save_customers_to_excel scheduled__2023-11-12T00:00:00+00:00 [running]> on host 06d7566f07d2
[2023-11-13T10:20:04.970+0000] {taskinstance.py:1513} INFO - Exporting the following env vars:
AIRFLOW_CTX_DAG_OWNER=Tetiana
AIRFLOW_CTX_DAG_ID=customers
AIRFLOW_CTX_TASK_ID=save_customers_to_excel
AIRFLOW_CTX_EXECUTION_DATE=2023-11-12T00:00:00+00:00
AIRFLOW_CTX_TRY_NUMBER=1
AIRFLOW_CTX_DAG_RUN_ID=scheduled__2023-11-12T00:00:00+00:00
[2023-11-13T10:20:05.050+0000] {base.py:73} INFO - Using connection ID 'postgres' for task execution.
[2023-11-13T10:20:05.132+0000] {python.py:177} INFO - Done. Returned value was: None
[2023-11-13T10:20:05.147+0000] {taskinstance.py:1327} INFO - Marking task as SUCCESS. dag_id=customers, task_id=save_customers_to_excel, execution_date=20231112T000000, start_date=20231113T102004, end_date=20231113T102005
[2023-11-13T10:20:05.207+0000] {local_task_job.py:159} INFO - Task exited with return code 0
[2023-11-13T10:20:05.252+0000] {taskinstance.py:2582} INFO - 0 downstream tasks scheduled from follow-on schedule check
[2023-11-13T10:21:10.342+0000] {taskinstance.py:1087} INFO - Dependencies all met for <TaskInstance: customers.save_customers_to_excel scheduled__2023-11-12T00:00:00+00:00 [queued]>
[2023-11-13T10:21:10.358+0000] {taskinstance.py:1087} INFO - Dependencies all met for <TaskInstance: customers.save_customers_to_excel scheduled__2023-11-12T00:00:00+00:00 [queued]>
[2023-11-13T10:21:10.359+0000] {taskinstance.py:1283} INFO - 
--------------------------------------------------------------------------------
[2023-11-13T10:21:10.360+0000] {taskinstance.py:1284} INFO - Starting attempt 1 of 1
[2023-11-13T10:21:10.360+0000] {taskinstance.py:1285} INFO - 
--------------------------------------------------------------------------------
[2023-11-13T10:21:10.383+0000] {taskinstance.py:1304} INFO - Executing <Task(PythonOperator): save_customers_to_excel> on 2023-11-12 00:00:00+00:00
[2023-11-13T10:21:10.391+0000] {standard_task_runner.py:55} INFO - Started process 3515 to run task
[2023-11-13T10:21:10.394+0000] {standard_task_runner.py:82} INFO - Running: ['***', 'tasks', 'run', 'customers', 'save_customers_to_excel', 'scheduled__2023-11-12T00:00:00+00:00', '--job-id', '620', '--raw', '--subdir', 'DAGS_FOLDER/customer.py', '--cfg-path', '/tmp/tmptrfpzm1b']
[2023-11-13T10:21:10.396+0000] {standard_task_runner.py:83} INFO - Job 620: Subtask save_customers_to_excel
[2023-11-13T10:21:10.482+0000] {task_command.py:389} INFO - Running <TaskInstance: customers.save_customers_to_excel scheduled__2023-11-12T00:00:00+00:00 [running]> on host 06d7566f07d2
[2023-11-13T10:21:10.745+0000] {taskinstance.py:1513} INFO - Exporting the following env vars:
AIRFLOW_CTX_DAG_OWNER=Tetiana
AIRFLOW_CTX_DAG_ID=customers
AIRFLOW_CTX_TASK_ID=save_customers_to_excel
AIRFLOW_CTX_EXECUTION_DATE=2023-11-12T00:00:00+00:00
AIRFLOW_CTX_TRY_NUMBER=1
AIRFLOW_CTX_DAG_RUN_ID=scheduled__2023-11-12T00:00:00+00:00
[2023-11-13T10:21:10.804+0000] {base.py:73} INFO - Using connection ID 'postgres' for task execution.
[2023-11-13T10:21:10.858+0000] {python.py:177} INFO - Done. Returned value was: None
[2023-11-13T10:21:10.872+0000] {taskinstance.py:1327} INFO - Marking task as SUCCESS. dag_id=customers, task_id=save_customers_to_excel, execution_date=20231112T000000, start_date=20231113T102110, end_date=20231113T102110
[2023-11-13T10:21:10.928+0000] {local_task_job.py:159} INFO - Task exited with return code 0
[2023-11-13T10:21:10.954+0000] {taskinstance.py:2582} INFO - 0 downstream tasks scheduled from follow-on schedule check
