[2023-11-08T13:07:04.563+0000] {taskinstance.py:1087} INFO - Dependencies all met for <TaskInstance: customers.create_customers_table manual__2023-11-08T13:06:59.737973+00:00 [queued]>
[2023-11-08T13:07:04.631+0000] {taskinstance.py:1087} INFO - Dependencies all met for <TaskInstance: customers.create_customers_table manual__2023-11-08T13:06:59.737973+00:00 [queued]>
[2023-11-08T13:07:04.651+0000] {taskinstance.py:1283} INFO - 
--------------------------------------------------------------------------------
[2023-11-08T13:07:04.653+0000] {taskinstance.py:1284} INFO - Starting attempt 1 of 1
[2023-11-08T13:07:04.654+0000] {taskinstance.py:1285} INFO - 
--------------------------------------------------------------------------------
[2023-11-08T13:07:04.726+0000] {taskinstance.py:1304} INFO - Executing <Task(PostgresOperator): create_customers_table> on 2023-11-08 13:06:59.737973+00:00
[2023-11-08T13:07:04.739+0000] {standard_task_runner.py:55} INFO - Started process 220 to run task
[2023-11-08T13:07:04.761+0000] {standard_task_runner.py:82} INFO - Running: ['***', 'tasks', 'run', 'customers', 'create_customers_table', 'manual__2023-11-08T13:06:59.737973+00:00', '--job-id', '22', '--raw', '--subdir', 'DAGS_FOLDER/customer_1.py', '--cfg-path', '/tmp/tmpkxdtrv3h']
[2023-11-08T13:07:04.764+0000] {standard_task_runner.py:83} INFO - Job 22: Subtask create_customers_table
[2023-11-08T13:07:04.964+0000] {task_command.py:389} INFO - Running <TaskInstance: customers.create_customers_table manual__2023-11-08T13:06:59.737973+00:00 [running]> on host 6287529917c2
[2023-11-08T13:07:05.139+0000] {taskinstance.py:1513} INFO - Exporting the following env vars:
AIRFLOW_CTX_DAG_OWNER=***
AIRFLOW_CTX_DAG_ID=customers
AIRFLOW_CTX_TASK_ID=create_customers_table
AIRFLOW_CTX_EXECUTION_DATE=2023-11-08T13:06:59.737973+00:00
AIRFLOW_CTX_TRY_NUMBER=1
AIRFLOW_CTX_DAG_RUN_ID=manual__2023-11-08T13:06:59.737973+00:00
[2023-11-08T13:07:05.141+0000] {sql.py:253} INFO - Executing: 
        CREATE TABLE IF NOT EXISTS customers (
            Index INT NOT NULL primary key,
            Customer_Id varchar(100),
            First_Name varchar(100),
            Last_Name varchar(100),
            Company varchar(100),
            City varchar(100),
            Country varchar(100),
            Phone_1 varchar(100),
            Phone_2 varchar(100),
            Email varchar(100),
            Subscription Date,
            Website varchar(100)
        );
    
[2023-11-08T13:07:05.158+0000] {base.py:73} INFO - Using connection ID 'postgres' for task execution.
[2023-11-08T13:07:06.036+0000] {base.py:73} INFO - Using connection ID 'postgres' for task execution.
[2023-11-08T13:07:06.050+0000] {sql.py:364} INFO - Running statement: 
        CREATE TABLE IF NOT EXISTS customers (
            Index INT NOT NULL primary key,
            Customer_Id varchar(100),
            First_Name varchar(100),
            Last_Name varchar(100),
            Company varchar(100),
            City varchar(100),
            Country varchar(100),
            Phone_1 varchar(100),
            Phone_2 varchar(100),
            Email varchar(100),
            Subscription Date,
            Website varchar(100)
        );
    , parameters: None
[2023-11-08T13:07:06.075+0000] {taskinstance.py:1327} INFO - Marking task as SUCCESS. dag_id=customers, task_id=create_customers_table, execution_date=20231108T130659, start_date=20231108T130704, end_date=20231108T130706
[2023-11-08T13:07:06.172+0000] {local_task_job.py:159} INFO - Task exited with return code 0
[2023-11-08T13:07:06.268+0000] {taskinstance.py:2582} INFO - 1 downstream tasks scheduled from follow-on schedule check
