[2023-11-10T09:08:41.844+0000] {taskinstance.py:1087} INFO - Dependencies all met for <TaskInstance: customers.save_customers_to_excel manual__2023-11-10T09:08:34.059770+00:00 [queued]>
[2023-11-10T09:08:41.858+0000] {taskinstance.py:1087} INFO - Dependencies all met for <TaskInstance: customers.save_customers_to_excel manual__2023-11-10T09:08:34.059770+00:00 [queued]>
[2023-11-10T09:08:41.859+0000] {taskinstance.py:1283} INFO - 
--------------------------------------------------------------------------------
[2023-11-10T09:08:41.861+0000] {taskinstance.py:1284} INFO - Starting attempt 1 of 1
[2023-11-10T09:08:41.861+0000] {taskinstance.py:1285} INFO - 
--------------------------------------------------------------------------------
[2023-11-10T09:08:41.881+0000] {taskinstance.py:1304} INFO - Executing <Task(PythonOperator): save_customers_to_excel> on 2023-11-10 09:08:34.059770+00:00
[2023-11-10T09:08:41.888+0000] {standard_task_runner.py:55} INFO - Started process 1170 to run task
[2023-11-10T09:08:41.891+0000] {standard_task_runner.py:82} INFO - Running: ['***', 'tasks', 'run', 'customers', 'save_customers_to_excel', 'manual__2023-11-10T09:08:34.059770+00:00', '--job-id', '427', '--raw', '--subdir', 'DAGS_FOLDER/customers_.py', '--cfg-path', '/tmp/tmp9cqwk2ri']
[2023-11-10T09:08:41.893+0000] {standard_task_runner.py:83} INFO - Job 427: Subtask save_customers_to_excel
[2023-11-10T09:08:41.979+0000] {task_command.py:389} INFO - Running <TaskInstance: customers.save_customers_to_excel manual__2023-11-10T09:08:34.059770+00:00 [running]> on host e9f864b40c90
[2023-11-10T09:08:42.263+0000] {taskinstance.py:1513} INFO - Exporting the following env vars:
AIRFLOW_CTX_DAG_OWNER=Tetiana
AIRFLOW_CTX_DAG_ID=customers
AIRFLOW_CTX_TASK_ID=save_customers_to_excel
AIRFLOW_CTX_EXECUTION_DATE=2023-11-10T09:08:34.059770+00:00
AIRFLOW_CTX_TRY_NUMBER=1
AIRFLOW_CTX_DAG_RUN_ID=manual__2023-11-10T09:08:34.059770+00:00
[2023-11-10T09:08:42.307+0000] {base.py:73} INFO - Using connection ID 'postgres' for task execution.
[2023-11-10T09:08:42.321+0000] {taskinstance.py:1772} ERROR - Task failed with exception
Traceback (most recent call last):
  File "/home/airflow/.local/lib/python3.7/site-packages/airflow/operators/python.py", line 175, in execute
    return_value = self.execute_callable()
  File "/home/airflow/.local/lib/python3.7/site-packages/airflow/operators/python.py", line 192, in execute_callable
    return self.python_callable(*self.op_args, **self.op_kwargs)
  File "/opt/airflow/dags/customers_.py", line 76, in _save_customers_to_excel
    df['Years_Until_Subscription'] = df['Subscription Date'].apply(years_until)
  File "/home/airflow/.local/lib/python3.7/site-packages/pandas/core/series.py", line 4357, in apply
    return SeriesApply(self, func, convert_dtype, args, kwargs).apply()
  File "/home/airflow/.local/lib/python3.7/site-packages/pandas/core/apply.py", line 1043, in apply
    return self.apply_standard()
  File "/home/airflow/.local/lib/python3.7/site-packages/pandas/core/apply.py", line 1101, in apply_standard
    convert=self.convert_dtype,
  File "pandas/_libs/lib.pyx", line 2859, in pandas._libs.lib.map_infer
  File "/opt/airflow/dags/count_years.py", line 4, in years_until
    if isinstance(target_date, date):
UnboundLocalError: local variable 'target_date' referenced before assignment
[2023-11-10T09:08:42.342+0000] {taskinstance.py:1327} INFO - Marking task as FAILED. dag_id=customers, task_id=save_customers_to_excel, execution_date=20231110T090834, start_date=20231110T090841, end_date=20231110T090842
[2023-11-10T09:08:42.360+0000] {standard_task_runner.py:105} ERROR - Failed to execute job 427 for task save_customers_to_excel (local variable 'target_date' referenced before assignment; 1170)
[2023-11-10T09:08:42.386+0000] {local_task_job.py:159} INFO - Task exited with return code 1
[2023-11-10T09:08:42.407+0000] {taskinstance.py:2582} INFO - 0 downstream tasks scheduled from follow-on schedule check
