[2023-11-03T15:40:09.753+0000] {taskinstance.py:1165} INFO - Dependencies all met for <TaskInstance: people.create_people_table manual__2023-11-03T15:40:07.912541+00:00 [queued]>
[2023-11-03T15:40:09.793+0000] {taskinstance.py:1165} INFO - Dependencies all met for <TaskInstance: people.create_people_table manual__2023-11-03T15:40:07.912541+00:00 [queued]>
[2023-11-03T15:40:09.804+0000] {taskinstance.py:1362} INFO - 
--------------------------------------------------------------------------------
[2023-11-03T15:40:09.806+0000] {taskinstance.py:1363} INFO - Starting attempt 1 of 1
[2023-11-03T15:40:09.806+0000] {taskinstance.py:1364} INFO - 
--------------------------------------------------------------------------------
[2023-11-03T15:40:09.874+0000] {taskinstance.py:1383} INFO - Executing <Task(PostgresOperator): create_people_table> on 2023-11-03 15:40:07.912541+00:00
[2023-11-03T15:40:09.883+0000] {standard_task_runner.py:55} INFO - Started process 1289 to run task
[2023-11-03T15:40:09.902+0000] {standard_task_runner.py:82} INFO - Running: ['***', 'tasks', 'run', 'people', 'create_people_table', 'manual__2023-11-03T15:40:07.912541+00:00', '--job-id', '70', '--raw', '--subdir', 'DAGS_FOLDER/people.py', '--cfg-path', '/tmp/tmp830ou8sm']
[2023-11-03T15:40:09.911+0000] {standard_task_runner.py:83} INFO - Job 70: Subtask create_people_table
[2023-11-03T15:40:10.119+0000] {task_command.py:376} INFO - Running <TaskInstance: people.create_people_table manual__2023-11-03T15:40:07.912541+00:00 [running]> on host 113d79be32ee
[2023-11-03T15:40:10.363+0000] {taskinstance.py:1592} INFO - Exporting the following env vars:
AIRFLOW_CTX_DAG_OWNER=***
AIRFLOW_CTX_DAG_ID=people
AIRFLOW_CTX_TASK_ID=create_people_table
AIRFLOW_CTX_EXECUTION_DATE=2023-11-03T15:40:07.912541+00:00
AIRFLOW_CTX_TRY_NUMBER=1
AIRFLOW_CTX_DAG_RUN_ID=manual__2023-11-03T15:40:07.912541+00:00
[2023-11-03T15:40:10.377+0000] {base.py:71} INFO - Using connection ID 'postgres' for task execution.
[2023-11-03T15:40:10.382+0000] {sql.py:315} INFO - Running statement: 
            CREATE TABLE IF NOT EXISTS people (
                Index Int NOT NULL primary key,
                User_Id varchar(100),
                First_Name varchar(100)
            );
        , parameters: None
[2023-11-03T15:40:10.385+0000] {postgres.py:96} INFO - NOTICE:  relation "people" already exists, skipping

[2023-11-03T15:40:10.397+0000] {taskinstance.py:1406} INFO - Marking task as SUCCESS. dag_id=people, task_id=create_people_table, execution_date=20231103T154007, start_date=20231103T154009, end_date=20231103T154010
[2023-11-03T15:40:10.461+0000] {local_task_job.py:164} INFO - Task exited with return code 0
[2023-11-03T15:40:10.494+0000] {local_task_job.py:273} INFO - 1 downstream tasks scheduled from follow-on schedule check
