[2023-11-09T17:33:57.600+0000] {taskinstance.py:1087} INFO - Dependencies all met for <TaskInstance: customers.save_customers_to_excel manual__2023-11-09T17:33:50.033893+00:00 [queued]>
[2023-11-09T17:33:57.620+0000] {taskinstance.py:1087} INFO - Dependencies all met for <TaskInstance: customers.save_customers_to_excel manual__2023-11-09T17:33:50.033893+00:00 [queued]>
[2023-11-09T17:33:57.621+0000] {taskinstance.py:1283} INFO - 
--------------------------------------------------------------------------------
[2023-11-09T17:33:57.624+0000] {taskinstance.py:1284} INFO - Starting attempt 1 of 1
[2023-11-09T17:33:57.626+0000] {taskinstance.py:1285} INFO - 
--------------------------------------------------------------------------------
[2023-11-09T17:33:57.655+0000] {taskinstance.py:1304} INFO - Executing <Task(PythonOperator): save_customers_to_excel> on 2023-11-09 17:33:50.033893+00:00
[2023-11-09T17:33:57.664+0000] {standard_task_runner.py:55} INFO - Started process 7831 to run task
[2023-11-09T17:33:57.670+0000] {standard_task_runner.py:82} INFO - Running: ['***', 'tasks', 'run', 'customers', 'save_customers_to_excel', 'manual__2023-11-09T17:33:50.033893+00:00', '--job-id', '129', '--raw', '--subdir', 'DAGS_FOLDER/customers.py', '--cfg-path', '/tmp/tmpkbrmjqrw']
[2023-11-09T17:33:57.675+0000] {standard_task_runner.py:83} INFO - Job 129: Subtask save_customers_to_excel
[2023-11-09T17:33:57.782+0000] {task_command.py:389} INFO - Running <TaskInstance: customers.save_customers_to_excel manual__2023-11-09T17:33:50.033893+00:00 [running]> on host 9dcc097b8292
[2023-11-09T17:33:58.108+0000] {taskinstance.py:1513} INFO - Exporting the following env vars:
AIRFLOW_CTX_DAG_OWNER=Tetiana
AIRFLOW_CTX_DAG_ID=customers
AIRFLOW_CTX_TASK_ID=save_customers_to_excel
AIRFLOW_CTX_EXECUTION_DATE=2023-11-09T17:33:50.033893+00:00
AIRFLOW_CTX_TRY_NUMBER=1
AIRFLOW_CTX_DAG_RUN_ID=manual__2023-11-09T17:33:50.033893+00:00
[2023-11-09T17:33:58.212+0000] {base.py:73} INFO - Using connection ID 'postgres' for task execution.
[2023-11-09T17:33:58.347+0000] {python.py:177} INFO - Done. Returned value was: None
[2023-11-09T17:33:58.369+0000] {taskinstance.py:1327} INFO - Marking task as SUCCESS. dag_id=customers, task_id=save_customers_to_excel, execution_date=20231109T173350, start_date=20231109T173357, end_date=20231109T173358
[2023-11-09T17:33:58.448+0000] {local_task_job.py:159} INFO - Task exited with return code 0
[2023-11-09T17:33:58.489+0000] {taskinstance.py:2582} INFO - 0 downstream tasks scheduled from follow-on schedule check
