[2023-11-01T20:07:56.974+0000] {taskinstance.py:1165} INFO - Dependencies all met for <TaskInstance: xcom_dag.branch manual__2023-11-01T20:07:54.788161+00:00 [queued]>
[2023-11-01T20:07:56.989+0000] {taskinstance.py:1165} INFO - Dependencies all met for <TaskInstance: xcom_dag.branch manual__2023-11-01T20:07:54.788161+00:00 [queued]>
[2023-11-01T20:07:56.990+0000] {taskinstance.py:1362} INFO - 
--------------------------------------------------------------------------------
[2023-11-01T20:07:56.991+0000] {taskinstance.py:1363} INFO - Starting attempt 1 of 1
[2023-11-01T20:07:56.991+0000] {taskinstance.py:1364} INFO - 
--------------------------------------------------------------------------------
[2023-11-01T20:07:57.012+0000] {taskinstance.py:1383} INFO - Executing <Task(BranchPythonOperator): branch> on 2023-11-01 20:07:54.788161+00:00
[2023-11-01T20:07:57.018+0000] {standard_task_runner.py:55} INFO - Started process 2106 to run task
[2023-11-01T20:07:57.021+0000] {standard_task_runner.py:82} INFO - Running: ['***', 'tasks', 'run', 'xcom_dag', 'branch', 'manual__2023-11-01T20:07:54.788161+00:00', '--job-id', '24', '--raw', '--subdir', 'DAGS_FOLDER/xcom_dag.py', '--cfg-path', '/tmp/tmpuxctq8lv']
[2023-11-01T20:07:57.022+0000] {standard_task_runner.py:83} INFO - Job 24: Subtask branch
[2023-11-01T20:07:57.090+0000] {task_command.py:376} INFO - Running <TaskInstance: xcom_dag.branch manual__2023-11-01T20:07:54.788161+00:00 [running]> on host 3779655fe886
[2023-11-01T20:07:57.185+0000] {taskinstance.py:1592} INFO - Exporting the following env vars:
AIRFLOW_CTX_DAG_OWNER=***
AIRFLOW_CTX_DAG_ID=xcom_dag
AIRFLOW_CTX_TASK_ID=branch
AIRFLOW_CTX_EXECUTION_DATE=2023-11-01T20:07:54.788161+00:00
AIRFLOW_CTX_TRY_NUMBER=1
AIRFLOW_CTX_DAG_RUN_ID=manual__2023-11-01T20:07:54.788161+00:00
[2023-11-01T20:07:57.187+0000] {taskinstance.py:1851} ERROR - Task failed with exception
Traceback (most recent call last):
  File "/home/airflow/.local/lib/python3.7/site-packages/airflow/operators/python.py", line 211, in execute
    branch = super().execute(context)
  File "/home/airflow/.local/lib/python3.7/site-packages/airflow/operators/python.py", line 175, in execute
    return_value = self.execute_callable()
  File "/home/airflow/.local/lib/python3.7/site-packages/airflow/operators/python.py", line 193, in execute_callable
    return self.python_callable(*self.op_args, **self.op_kwargs)
  File "/opt/airflow/dags/xcom_dag.py", line 14, in _branch
    value = ti.xcom_pull(key='my_key', task_id='t1')
  File "/home/airflow/.local/lib/python3.7/site-packages/airflow/utils/session.py", line 75, in wrapper
    return func(*args, session=session, **kwargs)
TypeError: xcom_pull() got an unexpected keyword argument 'task_id'
[2023-11-01T20:07:57.199+0000] {taskinstance.py:1406} INFO - Marking task as FAILED. dag_id=xcom_dag, task_id=branch, execution_date=20231101T200754, start_date=20231101T200756, end_date=20231101T200757
[2023-11-01T20:07:57.215+0000] {standard_task_runner.py:105} ERROR - Failed to execute job 24 for task branch (xcom_pull() got an unexpected keyword argument 'task_id'; 2106)
[2023-11-01T20:07:57.234+0000] {local_task_job.py:164} INFO - Task exited with return code 1
[2023-11-01T20:07:57.286+0000] {local_task_job.py:273} INFO - 0 downstream tasks scheduled from follow-on schedule check
