[2023-11-01T14:17:33.476+0000] {taskinstance.py:1165} INFO - Dependencies all met for <TaskInstance: producer.update_dataset scheduled__2023-10-31T00:00:00+00:00 [queued]>
[2023-11-01T14:17:33.491+0000] {taskinstance.py:1165} INFO - Dependencies all met for <TaskInstance: producer.update_dataset scheduled__2023-10-31T00:00:00+00:00 [queued]>
[2023-11-01T14:17:33.492+0000] {taskinstance.py:1362} INFO - 
--------------------------------------------------------------------------------
[2023-11-01T14:17:33.493+0000] {taskinstance.py:1363} INFO - Starting attempt 1 of 1
[2023-11-01T14:17:33.495+0000] {taskinstance.py:1364} INFO - 
--------------------------------------------------------------------------------
[2023-11-01T14:17:33.517+0000] {taskinstance.py:1383} INFO - Executing <Task(_PythonDecoratedOperator): update_dataset> on 2023-10-31 00:00:00+00:00
[2023-11-01T14:17:33.523+0000] {standard_task_runner.py:55} INFO - Started process 446 to run task
[2023-11-01T14:17:33.526+0000] {standard_task_runner.py:82} INFO - Running: ['***', 'tasks', 'run', 'producer', 'update_dataset', 'scheduled__2023-10-31T00:00:00+00:00', '--job-id', '57', '--raw', '--subdir', 'DAGS_FOLDER/producer.py', '--cfg-path', '/tmp/tmpi78g23sh']
[2023-11-01T14:17:33.528+0000] {standard_task_runner.py:83} INFO - Job 57: Subtask update_dataset
[2023-11-01T14:17:33.604+0000] {task_command.py:376} INFO - Running <TaskInstance: producer.update_dataset scheduled__2023-10-31T00:00:00+00:00 [running]> on host fb639b5910d5
[2023-11-01T14:17:33.701+0000] {taskinstance.py:1592} INFO - Exporting the following env vars:
AIRFLOW_CTX_DAG_OWNER=***
AIRFLOW_CTX_DAG_ID=producer
AIRFLOW_CTX_TASK_ID=update_dataset
AIRFLOW_CTX_EXECUTION_DATE=2023-10-31T00:00:00+00:00
AIRFLOW_CTX_TRY_NUMBER=1
AIRFLOW_CTX_DAG_RUN_ID=scheduled__2023-10-31T00:00:00+00:00
[2023-11-01T14:17:33.702+0000] {python.py:177} INFO - Done. Returned value was: None
[2023-11-01T14:17:33.716+0000] {taskinstance.py:1406} INFO - Marking task as SUCCESS. dag_id=producer, task_id=update_dataset, execution_date=20231031T000000, start_date=20231101T141733, end_date=20231101T141733
[2023-11-01T14:17:33.780+0000] {local_task_job.py:164} INFO - Task exited with return code 0
[2023-11-01T14:17:33.805+0000] {local_task_job.py:273} INFO - 0 downstream tasks scheduled from follow-on schedule check
[2023-11-01T18:35:01.395+0000] {taskinstance.py:1165} INFO - Dependencies all met for <TaskInstance: producer.update_dataset scheduled__2023-10-31T00:00:00+00:00 [queued]>
[2023-11-01T18:35:01.407+0000] {taskinstance.py:1165} INFO - Dependencies all met for <TaskInstance: producer.update_dataset scheduled__2023-10-31T00:00:00+00:00 [queued]>
[2023-11-01T18:35:01.408+0000] {taskinstance.py:1362} INFO - 
--------------------------------------------------------------------------------
[2023-11-01T18:35:01.408+0000] {taskinstance.py:1363} INFO - Starting attempt 1 of 1
[2023-11-01T18:35:01.409+0000] {taskinstance.py:1364} INFO - 
--------------------------------------------------------------------------------
[2023-11-01T18:35:01.428+0000] {taskinstance.py:1383} INFO - Executing <Task(_PythonDecoratedOperator): update_dataset> on 2023-10-31 00:00:00+00:00
[2023-11-01T18:35:01.435+0000] {standard_task_runner.py:55} INFO - Started process 405 to run task
[2023-11-01T18:35:01.438+0000] {standard_task_runner.py:82} INFO - Running: ['***', 'tasks', 'run', 'producer', 'update_dataset', 'scheduled__2023-10-31T00:00:00+00:00', '--job-id', '3', '--raw', '--subdir', 'DAGS_FOLDER/producer.py', '--cfg-path', '/tmp/tmp9oy0l5qk']
[2023-11-01T18:35:01.438+0000] {standard_task_runner.py:83} INFO - Job 3: Subtask update_dataset
[2023-11-01T18:35:01.509+0000] {task_command.py:376} INFO - Running <TaskInstance: producer.update_dataset scheduled__2023-10-31T00:00:00+00:00 [running]> on host 0cef1f60f87e
[2023-11-01T18:35:01.652+0000] {taskinstance.py:1592} INFO - Exporting the following env vars:
AIRFLOW_CTX_DAG_OWNER=***
AIRFLOW_CTX_DAG_ID=producer
AIRFLOW_CTX_TASK_ID=update_dataset
AIRFLOW_CTX_EXECUTION_DATE=2023-10-31T00:00:00+00:00
AIRFLOW_CTX_TRY_NUMBER=1
AIRFLOW_CTX_DAG_RUN_ID=scheduled__2023-10-31T00:00:00+00:00
[2023-11-01T18:35:01.654+0000] {taskinstance.py:1851} ERROR - Task failed with exception
Traceback (most recent call last):
  File "/home/airflow/.local/lib/python3.7/site-packages/airflow/decorators/base.py", line 188, in execute
    return_value = super().execute(context)
  File "/home/airflow/.local/lib/python3.7/site-packages/airflow/operators/python.py", line 175, in execute
    return_value = self.execute_callable()
  File "/home/airflow/.local/lib/python3.7/site-packages/airflow/operators/python.py", line 193, in execute_callable
    return self.python_callable(*self.op_args, **self.op_kwargs)
  File "/opt/airflow/dags/producer.py", line 17, in update_dataset
    with open (my_file.uri, "a+") as f:
FileNotFoundError: [Errno 2] No such file or directory: 'home/my_file.txt'
[2023-11-01T18:35:01.667+0000] {taskinstance.py:1406} INFO - Marking task as FAILED. dag_id=producer, task_id=update_dataset, execution_date=20231031T000000, start_date=20231101T183501, end_date=20231101T183501
[2023-11-01T18:35:01.684+0000] {standard_task_runner.py:105} ERROR - Failed to execute job 3 for task update_dataset ([Errno 2] No such file or directory: 'home/my_file.txt'; 405)
[2023-11-01T18:35:01.732+0000] {local_task_job.py:164} INFO - Task exited with return code 1
[2023-11-01T18:35:01.769+0000] {local_task_job.py:273} INFO - 0 downstream tasks scheduled from follow-on schedule check
