[2023-11-13T07:47:00.442+0000] {taskinstance.py:1087} INFO - Dependencies all met for <TaskInstance: customers.read_customers scheduled__2023-11-12T00:00:00+00:00 [queued]>
[2023-11-13T07:47:00.475+0000] {taskinstance.py:1087} INFO - Dependencies all met for <TaskInstance: customers.read_customers scheduled__2023-11-12T00:00:00+00:00 [queued]>
[2023-11-13T07:47:00.476+0000] {taskinstance.py:1283} INFO - 
--------------------------------------------------------------------------------
[2023-11-13T07:47:00.477+0000] {taskinstance.py:1284} INFO - Starting attempt 1 of 1
[2023-11-13T07:47:00.478+0000] {taskinstance.py:1285} INFO - 
--------------------------------------------------------------------------------
[2023-11-13T07:47:00.511+0000] {taskinstance.py:1304} INFO - Executing <Task(PythonOperator): read_customers> on 2023-11-12 00:00:00+00:00
[2023-11-13T07:47:00.519+0000] {standard_task_runner.py:55} INFO - Started process 11966 to run task
[2023-11-13T07:47:00.522+0000] {standard_task_runner.py:82} INFO - Running: ['***', 'tasks', 'run', 'customers', 'read_customers', 'scheduled__2023-11-12T00:00:00+00:00', '--job-id', '558', '--raw', '--subdir', 'DAGS_FOLDER/customer.py', '--cfg-path', '/tmp/tmps8bx5x6h']
[2023-11-13T07:47:00.525+0000] {standard_task_runner.py:83} INFO - Job 558: Subtask read_customers
[2023-11-13T07:47:00.620+0000] {task_command.py:389} INFO - Running <TaskInstance: customers.read_customers scheduled__2023-11-12T00:00:00+00:00 [running]> on host 691b0a4d0de3
[2023-11-13T07:47:02.363+0000] {taskinstance.py:1513} INFO - Exporting the following env vars:
AIRFLOW_CTX_DAG_OWNER=Tetiana
AIRFLOW_CTX_DAG_ID=customers
AIRFLOW_CTX_TASK_ID=read_customers
AIRFLOW_CTX_EXECUTION_DATE=2023-11-12T00:00:00+00:00
AIRFLOW_CTX_TRY_NUMBER=1
AIRFLOW_CTX_DAG_RUN_ID=scheduled__2023-11-12T00:00:00+00:00
[2023-11-13T07:47:02.461+0000] {logging_mixin.py:137} INFO - An error occurred for country Pitcairn Islands: (0) Missing or invalid default region.. Adding '+' to the phone number.
[2023-11-13T07:47:02.483+0000] {logging_mixin.py:137} INFO - An error occurred for country Vietnam: (0) Missing or invalid default region.. Adding '+' to the phone number.
[2023-11-13T07:47:02.579+0000] {logging_mixin.py:137} INFO - An error occurred for country Tanzania: (0) Missing or invalid default region.. Adding '+' to the phone number.
[2023-11-13T07:47:02.627+0000] {logging_mixin.py:137} INFO - An error occurred for country Bolivia: (0) Missing or invalid default region.. Adding '+' to the phone number.
[2023-11-13T07:47:02.659+0000] {logging_mixin.py:137} INFO - An error occurred for country Swaziland: (0) Missing or invalid default region.. Adding '+' to the phone number.
[2023-11-13T07:47:02.665+0000] {logging_mixin.py:137} INFO - An error occurred for country Palestinian Territory: (0) Missing or invalid default region.. Adding '+' to the phone number.
[2023-11-13T07:47:02.667+0000] {logging_mixin.py:137} INFO - An error occurred for country Saint Barthelemy: (0) Missing or invalid default region.. Adding '+' to the phone number.
[2023-11-13T07:47:02.709+0000] {logging_mixin.py:137} INFO - An error occurred for country French Southern Territories: (0) Missing or invalid default region.. Adding '+' to the phone number.
[2023-11-13T07:47:02.711+0000] {logging_mixin.py:137} INFO - An error occurred for country Iran: (0) Missing or invalid default region.. Adding '+' to the phone number.
[2023-11-13T07:47:02.726+0000] {logging_mixin.py:137} INFO - An error occurred for country United States Virgin Islands: (0) Missing or invalid default region.. Adding '+' to the phone number.
[2023-11-13T07:47:02.727+0000] {logging_mixin.py:137} INFO - An error occurred for country Kyrgyz Republic: (0) Missing or invalid default region.. Adding '+' to the phone number.
[2023-11-13T07:47:02.742+0000] {logging_mixin.py:137} INFO - An error occurred for country Micronesia: (0) Missing or invalid default region.. Adding '+' to the phone number.
[2023-11-13T07:47:02.814+0000] {base.py:73} INFO - Using connection ID 'postgres' for task execution.
[2023-11-13T07:47:03.005+0000] {sql.py:462} INFO - Done loading. Loaded a total of 106 rows into customers
[2023-11-13T07:47:03.014+0000] {python.py:177} INFO - Done. Returned value was: None
[2023-11-13T07:47:03.061+0000] {taskinstance.py:1327} INFO - Marking task as SUCCESS. dag_id=customers, task_id=read_customers, execution_date=20231112T000000, start_date=20231113T074700, end_date=20231113T074703
[2023-11-13T07:47:03.212+0000] {local_task_job.py:159} INFO - Task exited with return code 0
[2023-11-13T07:47:03.250+0000] {taskinstance.py:2582} INFO - 1 downstream tasks scheduled from follow-on schedule check
[2023-11-13T10:20:00.280+0000] {taskinstance.py:1087} INFO - Dependencies all met for <TaskInstance: customers.read_customers scheduled__2023-11-12T00:00:00+00:00 [queued]>
[2023-11-13T10:20:00.296+0000] {taskinstance.py:1087} INFO - Dependencies all met for <TaskInstance: customers.read_customers scheduled__2023-11-12T00:00:00+00:00 [queued]>
[2023-11-13T10:20:00.297+0000] {taskinstance.py:1283} INFO - 
--------------------------------------------------------------------------------
[2023-11-13T10:20:00.298+0000] {taskinstance.py:1284} INFO - Starting attempt 1 of 1
[2023-11-13T10:20:00.300+0000] {taskinstance.py:1285} INFO - 
--------------------------------------------------------------------------------
[2023-11-13T10:20:00.326+0000] {taskinstance.py:1304} INFO - Executing <Task(PythonOperator): read_customers> on 2023-11-12 00:00:00+00:00
[2023-11-13T10:20:00.344+0000] {standard_task_runner.py:55} INFO - Started process 3425 to run task
[2023-11-13T10:20:00.346+0000] {standard_task_runner.py:82} INFO - Running: ['***', 'tasks', 'run', 'customers', 'read_customers', 'scheduled__2023-11-12T00:00:00+00:00', '--job-id', '610', '--raw', '--subdir', 'DAGS_FOLDER/customer.py', '--cfg-path', '/tmp/tmpnm_0tixm']
[2023-11-13T10:20:00.349+0000] {standard_task_runner.py:83} INFO - Job 610: Subtask read_customers
[2023-11-13T10:20:00.444+0000] {task_command.py:389} INFO - Running <TaskInstance: customers.read_customers scheduled__2023-11-12T00:00:00+00:00 [running]> on host 06d7566f07d2
[2023-11-13T10:20:00.946+0000] {taskinstance.py:1513} INFO - Exporting the following env vars:
AIRFLOW_CTX_DAG_OWNER=Tetiana
AIRFLOW_CTX_DAG_ID=customers
AIRFLOW_CTX_TASK_ID=read_customers
AIRFLOW_CTX_EXECUTION_DATE=2023-11-12T00:00:00+00:00
AIRFLOW_CTX_TRY_NUMBER=1
AIRFLOW_CTX_DAG_RUN_ID=scheduled__2023-11-12T00:00:00+00:00
[2023-11-13T10:20:01.019+0000] {logging_mixin.py:137} INFO - An error occurred for country Pitcairn Islands: (0) Missing or invalid default region.. Adding '+' to the phone number.
[2023-11-13T10:20:01.031+0000] {logging_mixin.py:137} INFO - An error occurred for country Vietnam: (0) Missing or invalid default region.. Adding '+' to the phone number.
[2023-11-13T10:20:01.094+0000] {logging_mixin.py:137} INFO - An error occurred for country Tanzania: (0) Missing or invalid default region.. Adding '+' to the phone number.
[2023-11-13T10:20:01.145+0000] {logging_mixin.py:137} INFO - An error occurred for country Bolivia: (0) Missing or invalid default region.. Adding '+' to the phone number.
[2023-11-13T10:20:01.248+0000] {base.py:73} INFO - Using connection ID 'postgres' for task execution.
[2023-11-13T10:20:01.372+0000] {sql.py:462} INFO - Done loading. Loaded a total of 50 rows into customers
[2023-11-13T10:20:01.375+0000] {python.py:177} INFO - Done. Returned value was: None
[2023-11-13T10:20:01.426+0000] {taskinstance.py:1327} INFO - Marking task as SUCCESS. dag_id=customers, task_id=read_customers, execution_date=20231112T000000, start_date=20231113T102000, end_date=20231113T102001
[2023-11-13T10:20:01.498+0000] {local_task_job.py:159} INFO - Task exited with return code 0
[2023-11-13T10:20:01.581+0000] {taskinstance.py:2582} INFO - 1 downstream tasks scheduled from follow-on schedule check
[2023-11-13T10:21:08.243+0000] {taskinstance.py:1087} INFO - Dependencies all met for <TaskInstance: customers.read_customers scheduled__2023-11-12T00:00:00+00:00 [queued]>
[2023-11-13T10:21:08.262+0000] {taskinstance.py:1087} INFO - Dependencies all met for <TaskInstance: customers.read_customers scheduled__2023-11-12T00:00:00+00:00 [queued]>
[2023-11-13T10:21:08.263+0000] {taskinstance.py:1283} INFO - 
--------------------------------------------------------------------------------
[2023-11-13T10:21:08.264+0000] {taskinstance.py:1284} INFO - Starting attempt 1 of 1
[2023-11-13T10:21:08.265+0000] {taskinstance.py:1285} INFO - 
--------------------------------------------------------------------------------
[2023-11-13T10:21:08.291+0000] {taskinstance.py:1304} INFO - Executing <Task(PythonOperator): read_customers> on 2023-11-12 00:00:00+00:00
[2023-11-13T10:21:08.300+0000] {standard_task_runner.py:55} INFO - Started process 3511 to run task
[2023-11-13T10:21:08.303+0000] {standard_task_runner.py:82} INFO - Running: ['***', 'tasks', 'run', 'customers', 'read_customers', 'scheduled__2023-11-12T00:00:00+00:00', '--job-id', '618', '--raw', '--subdir', 'DAGS_FOLDER/customer.py', '--cfg-path', '/tmp/tmp91fkkl67']
[2023-11-13T10:21:08.305+0000] {standard_task_runner.py:83} INFO - Job 618: Subtask read_customers
[2023-11-13T10:21:08.447+0000] {task_command.py:389} INFO - Running <TaskInstance: customers.read_customers scheduled__2023-11-12T00:00:00+00:00 [running]> on host 06d7566f07d2
[2023-11-13T10:21:08.800+0000] {taskinstance.py:1513} INFO - Exporting the following env vars:
AIRFLOW_CTX_DAG_OWNER=Tetiana
AIRFLOW_CTX_DAG_ID=customers
AIRFLOW_CTX_TASK_ID=read_customers
AIRFLOW_CTX_EXECUTION_DATE=2023-11-12T00:00:00+00:00
AIRFLOW_CTX_TRY_NUMBER=1
AIRFLOW_CTX_DAG_RUN_ID=scheduled__2023-11-12T00:00:00+00:00
[2023-11-13T10:21:08.829+0000] {logging_mixin.py:137} INFO - An error occurred for country Pitcairn Islands: (0) Missing or invalid default region.. Adding '+' to the phone number.
[2023-11-13T10:21:08.835+0000] {logging_mixin.py:137} INFO - An error occurred for country Vietnam: (0) Missing or invalid default region.. Adding '+' to the phone number.
[2023-11-13T10:21:08.859+0000] {logging_mixin.py:137} INFO - An error occurred for country Tanzania: (0) Missing or invalid default region.. Adding '+' to the phone number.
[2023-11-13T10:21:08.875+0000] {logging_mixin.py:137} INFO - An error occurred for country Bolivia: (0) Missing or invalid default region.. Adding '+' to the phone number.
[2023-11-13T10:21:08.896+0000] {base.py:73} INFO - Using connection ID 'postgres' for task execution.
[2023-11-13T10:21:08.949+0000] {sql.py:462} INFO - Done loading. Loaded a total of 50 rows into customers
[2023-11-13T10:21:08.951+0000] {python.py:177} INFO - Done. Returned value was: None
[2023-11-13T10:21:08.967+0000] {taskinstance.py:1327} INFO - Marking task as SUCCESS. dag_id=customers, task_id=read_customers, execution_date=20231112T000000, start_date=20231113T102108, end_date=20231113T102108
[2023-11-13T10:21:09.001+0000] {local_task_job.py:159} INFO - Task exited with return code 0
[2023-11-13T10:21:09.038+0000] {taskinstance.py:2582} INFO - 1 downstream tasks scheduled from follow-on schedule check
