[2023-11-13T09:00:42.586+0000] {taskinstance.py:1087} INFO - Dependencies all met for <TaskInstance: customers.read_customers manual__2023-11-13T09:00:36.858741+00:00 [queued]>
[2023-11-13T09:00:42.600+0000] {taskinstance.py:1087} INFO - Dependencies all met for <TaskInstance: customers.read_customers manual__2023-11-13T09:00:36.858741+00:00 [queued]>
[2023-11-13T09:00:42.601+0000] {taskinstance.py:1283} INFO - 
--------------------------------------------------------------------------------
[2023-11-13T09:00:42.602+0000] {taskinstance.py:1284} INFO - Starting attempt 1 of 1
[2023-11-13T09:00:42.603+0000] {taskinstance.py:1285} INFO - 
--------------------------------------------------------------------------------
[2023-11-13T09:00:42.622+0000] {taskinstance.py:1304} INFO - Executing <Task(PythonOperator): read_customers> on 2023-11-13 09:00:36.858741+00:00
[2023-11-13T09:00:42.629+0000] {standard_task_runner.py:55} INFO - Started process 1228 to run task
[2023-11-13T09:00:42.632+0000] {standard_task_runner.py:82} INFO - Running: ['***', 'tasks', 'run', 'customers', 'read_customers', 'manual__2023-11-13T09:00:36.858741+00:00', '--job-id', '577', '--raw', '--subdir', 'DAGS_FOLDER/customer.py', '--cfg-path', '/tmp/tmpqbthh8ez']
[2023-11-13T09:00:42.634+0000] {standard_task_runner.py:83} INFO - Job 577: Subtask read_customers
[2023-11-13T09:00:42.710+0000] {task_command.py:389} INFO - Running <TaskInstance: customers.read_customers manual__2023-11-13T09:00:36.858741+00:00 [running]> on host a1532de0db1a
[2023-11-13T09:00:42.963+0000] {taskinstance.py:1513} INFO - Exporting the following env vars:
AIRFLOW_CTX_DAG_OWNER=Tetiana
AIRFLOW_CTX_DAG_ID=customers
AIRFLOW_CTX_TASK_ID=read_customers
AIRFLOW_CTX_EXECUTION_DATE=2023-11-13T09:00:36.858741+00:00
AIRFLOW_CTX_TRY_NUMBER=1
AIRFLOW_CTX_DAG_RUN_ID=manual__2023-11-13T09:00:36.858741+00:00
[2023-11-13T09:00:42.982+0000] {logging_mixin.py:137} INFO - An error occurred for country Pitcairn Islands: (0) Missing or invalid default region.. Adding '+' to the phone number.
[2023-11-13T09:00:42.987+0000] {logging_mixin.py:137} INFO - An error occurred for country Vietnam: (0) Missing or invalid default region.. Adding '+' to the phone number.
[2023-11-13T09:00:43.005+0000] {logging_mixin.py:137} INFO - An error occurred for country Tanzania: (0) Missing or invalid default region.. Adding '+' to the phone number.
[2023-11-13T09:00:43.016+0000] {logging_mixin.py:137} INFO - An error occurred for country Bolivia: (0) Missing or invalid default region.. Adding '+' to the phone number.
[2023-11-13T09:00:43.024+0000] {logging_mixin.py:137} INFO - An error occurred for country Swaziland: (0) Missing or invalid default region.. Adding '+' to the phone number.
[2023-11-13T09:00:43.026+0000] {logging_mixin.py:137} INFO - An error occurred for country Palestinian Territory: (0) Missing or invalid default region.. Adding '+' to the phone number.
[2023-11-13T09:00:43.027+0000] {logging_mixin.py:137} INFO - An error occurred for country Saint Barthelemy: (0) Missing or invalid default region.. Adding '+' to the phone number.
[2023-11-13T09:00:43.033+0000] {logging_mixin.py:137} INFO - An error occurred for country French Southern Territories: (0) Missing or invalid default region.. Adding '+' to the phone number.
[2023-11-13T09:00:43.035+0000] {logging_mixin.py:137} INFO - An error occurred for country Iran: (0) Missing or invalid default region.. Adding '+' to the phone number.
[2023-11-13T09:00:43.040+0000] {logging_mixin.py:137} INFO - An error occurred for country United States Virgin Islands: (0) Missing or invalid default region.. Adding '+' to the phone number.
[2023-11-13T09:00:43.040+0000] {logging_mixin.py:137} INFO - An error occurred for country Kyrgyz Republic: (0) Missing or invalid default region.. Adding '+' to the phone number.
[2023-11-13T09:00:43.044+0000] {logging_mixin.py:137} INFO - An error occurred for country Micronesia: (0) Missing or invalid default region.. Adding '+' to the phone number.
[2023-11-13T09:00:43.068+0000] {base.py:73} INFO - Using connection ID 'postgres' for task execution.
[2023-11-13T09:00:43.111+0000] {sql.py:462} INFO - Done loading. Loaded a total of 106 rows into customers
[2023-11-13T09:00:43.113+0000] {python.py:177} INFO - Done. Returned value was: None
[2023-11-13T09:00:43.125+0000] {taskinstance.py:1327} INFO - Marking task as SUCCESS. dag_id=customers, task_id=read_customers, execution_date=20231113T090036, start_date=20231113T090042, end_date=20231113T090043
[2023-11-13T09:00:43.166+0000] {local_task_job.py:159} INFO - Task exited with return code 0
[2023-11-13T09:00:43.196+0000] {taskinstance.py:2582} INFO - 1 downstream tasks scheduled from follow-on schedule check
