[2023-11-02T21:12:04.874+0000] {taskinstance.py:1165} INFO - Dependencies all met for <TaskInstance: read_csv_dag.read_csv_task manual__2023-11-02T21:12:03.206215+00:00 [queued]>
[2023-11-02T21:12:04.895+0000] {taskinstance.py:1165} INFO - Dependencies all met for <TaskInstance: read_csv_dag.read_csv_task manual__2023-11-02T21:12:03.206215+00:00 [queued]>
[2023-11-02T21:12:04.898+0000] {taskinstance.py:1362} INFO - 
--------------------------------------------------------------------------------
[2023-11-02T21:12:04.899+0000] {taskinstance.py:1363} INFO - Starting attempt 1 of 1
[2023-11-02T21:12:04.900+0000] {taskinstance.py:1364} INFO - 
--------------------------------------------------------------------------------
[2023-11-02T21:12:04.930+0000] {taskinstance.py:1383} INFO - Executing <Task(PythonOperator): read_csv_task> on 2023-11-02 21:12:03.206215+00:00
[2023-11-02T21:12:04.942+0000] {standard_task_runner.py:55} INFO - Started process 6912 to run task
[2023-11-02T21:12:04.945+0000] {standard_task_runner.py:82} INFO - Running: ['***', 'tasks', 'run', 'read_csv_dag', 'read_csv_task', 'manual__2023-11-02T21:12:03.206215+00:00', '--job-id', '47', '--raw', '--subdir', 'DAGS_FOLDER/people.py', '--cfg-path', '/tmp/tmp3wp6kl70']
[2023-11-02T21:12:04.947+0000] {standard_task_runner.py:83} INFO - Job 47: Subtask read_csv_task
[2023-11-02T21:12:05.060+0000] {task_command.py:376} INFO - Running <TaskInstance: read_csv_dag.read_csv_task manual__2023-11-02T21:12:03.206215+00:00 [running]> on host 6c8be2bfe956
[2023-11-02T21:12:05.169+0000] {taskinstance.py:1592} INFO - Exporting the following env vars:
AIRFLOW_CTX_DAG_OWNER=***
AIRFLOW_CTX_DAG_ID=read_csv_dag
AIRFLOW_CTX_TASK_ID=read_csv_task
AIRFLOW_CTX_EXECUTION_DATE=2023-11-02T21:12:03.206215+00:00
AIRFLOW_CTX_TRY_NUMBER=1
AIRFLOW_CTX_DAG_RUN_ID=manual__2023-11-02T21:12:03.206215+00:00
[2023-11-02T21:12:05.179+0000] {python.py:177} INFO - Done. Returned value was: None
[2023-11-02T21:12:05.194+0000] {taskinstance.py:1406} INFO - Marking task as SUCCESS. dag_id=read_csv_dag, task_id=read_csv_task, execution_date=20231102T211203, start_date=20231102T211204, end_date=20231102T211205
[2023-11-02T21:12:05.244+0000] {local_task_job.py:164} INFO - Task exited with return code 0
[2023-11-02T21:12:05.277+0000] {local_task_job.py:273} INFO - 0 downstream tasks scheduled from follow-on schedule check
