[2023-11-09T17:36:56.007+0000] {taskinstance.py:1087} INFO - Dependencies all met for <TaskInstance: customers.save_customers_to_excel manual__2023-11-09T17:36:48.908518+00:00 [queued]>
[2023-11-09T17:36:56.047+0000] {taskinstance.py:1087} INFO - Dependencies all met for <TaskInstance: customers.save_customers_to_excel manual__2023-11-09T17:36:48.908518+00:00 [queued]>
[2023-11-09T17:36:56.048+0000] {taskinstance.py:1283} INFO - 
--------------------------------------------------------------------------------
[2023-11-09T17:36:56.052+0000] {taskinstance.py:1284} INFO - Starting attempt 1 of 1
[2023-11-09T17:36:56.053+0000] {taskinstance.py:1285} INFO - 
--------------------------------------------------------------------------------
[2023-11-09T17:36:56.091+0000] {taskinstance.py:1304} INFO - Executing <Task(PythonOperator): save_customers_to_excel> on 2023-11-09 17:36:48.908518+00:00
[2023-11-09T17:36:56.099+0000] {standard_task_runner.py:55} INFO - Started process 8007 to run task
[2023-11-09T17:36:56.107+0000] {standard_task_runner.py:82} INFO - Running: ['***', 'tasks', 'run', 'customers', 'save_customers_to_excel', 'manual__2023-11-09T17:36:48.908518+00:00', '--job-id', '135', '--raw', '--subdir', 'DAGS_FOLDER/customers.py', '--cfg-path', '/tmp/tmpuqo4ybpw']
[2023-11-09T17:36:56.110+0000] {standard_task_runner.py:83} INFO - Job 135: Subtask save_customers_to_excel
[2023-11-09T17:36:56.183+0000] {task_command.py:389} INFO - Running <TaskInstance: customers.save_customers_to_excel manual__2023-11-09T17:36:48.908518+00:00 [running]> on host 9dcc097b8292
[2023-11-09T17:36:56.434+0000] {taskinstance.py:1513} INFO - Exporting the following env vars:
AIRFLOW_CTX_DAG_OWNER=Tetiana
AIRFLOW_CTX_DAG_ID=customers
AIRFLOW_CTX_TASK_ID=save_customers_to_excel
AIRFLOW_CTX_EXECUTION_DATE=2023-11-09T17:36:48.908518+00:00
AIRFLOW_CTX_TRY_NUMBER=1
AIRFLOW_CTX_DAG_RUN_ID=manual__2023-11-09T17:36:48.908518+00:00
[2023-11-09T17:36:56.519+0000] {base.py:73} INFO - Using connection ID 'postgres' for task execution.
[2023-11-09T17:36:56.592+0000] {python.py:177} INFO - Done. Returned value was: None
[2023-11-09T17:36:56.606+0000] {taskinstance.py:1327} INFO - Marking task as SUCCESS. dag_id=customers, task_id=save_customers_to_excel, execution_date=20231109T173648, start_date=20231109T173656, end_date=20231109T173656
[2023-11-09T17:36:56.643+0000] {local_task_job.py:159} INFO - Task exited with return code 0
[2023-11-09T17:36:56.667+0000] {taskinstance.py:2582} INFO - 0 downstream tasks scheduled from follow-on schedule check
