[2023-11-03T19:02:23.922+0000] {taskinstance.py:1165} INFO - Dependencies all met for <TaskInstance: people.read_people manual__2023-11-03T19:02:20.708049+00:00 [queued]>
[2023-11-03T19:02:23.937+0000] {taskinstance.py:1165} INFO - Dependencies all met for <TaskInstance: people.read_people manual__2023-11-03T19:02:20.708049+00:00 [queued]>
[2023-11-03T19:02:23.937+0000] {taskinstance.py:1362} INFO - 
--------------------------------------------------------------------------------
[2023-11-03T19:02:23.938+0000] {taskinstance.py:1363} INFO - Starting attempt 1 of 1
[2023-11-03T19:02:23.939+0000] {taskinstance.py:1364} INFO - 
--------------------------------------------------------------------------------
[2023-11-03T19:02:23.957+0000] {taskinstance.py:1383} INFO - Executing <Task(PythonOperator): read_people> on 2023-11-03 19:02:20.708049+00:00
[2023-11-03T19:02:23.964+0000] {standard_task_runner.py:55} INFO - Started process 2875 to run task
[2023-11-03T19:02:23.967+0000] {standard_task_runner.py:82} INFO - Running: ['***', 'tasks', 'run', 'people', 'read_people', 'manual__2023-11-03T19:02:20.708049+00:00', '--job-id', '141', '--raw', '--subdir', 'DAGS_FOLDER/people.py', '--cfg-path', '/tmp/tmpj087zr7w']
[2023-11-03T19:02:23.968+0000] {standard_task_runner.py:83} INFO - Job 141: Subtask read_people
[2023-11-03T19:02:24.041+0000] {task_command.py:376} INFO - Running <TaskInstance: people.read_people manual__2023-11-03T19:02:20.708049+00:00 [running]> on host 6b65bc8eaea5
[2023-11-03T19:02:24.127+0000] {taskinstance.py:1592} INFO - Exporting the following env vars:
AIRFLOW_CTX_DAG_OWNER=***
AIRFLOW_CTX_DAG_ID=people
AIRFLOW_CTX_TASK_ID=read_people
AIRFLOW_CTX_EXECUTION_DATE=2023-11-03T19:02:20.708049+00:00
AIRFLOW_CTX_TRY_NUMBER=1
AIRFLOW_CTX_DAG_RUN_ID=manual__2023-11-03T19:02:20.708049+00:00
[2023-11-03T19:02:24.131+0000] {logging_mixin.py:120} INFO - Skipping row with invalid 'Index' value: 10,8e4FB470FE19bF0,Isaiah,Downs,Male,virginiaterrell@example.org,+1-511-372-1544x8206,1964-09-20,"Engineer, site"
[2023-11-03T19:02:24.132+0000] {logging_mixin.py:120} INFO - Skipping row with invalid 'Index' value: 13,C03fDADdAadAdCe,Mandy,Blake,Male,jefferynoble@example.org,(992)466-1305x4947,2007-12-08,"Scientist, clinical (histocompatibility and immunogenetics)"
[2023-11-03T19:02:24.133+0000] {logging_mixin.py:120} INFO - Skipping row with invalid 'Index' value: 19,7F7E1BAcb0C9AFf,Alvin,Paul,Male,gilbertdonaldson@example.com,219.436.0887x07551,1949-05-12,"Teacher, adult education"
[2023-11-03T19:02:24.133+0000] {logging_mixin.py:120} INFO - Skipping row with invalid 'Index' value: 21,b31D271F8c200AB,Jacqueline,Norton,Female,carias@example.net,819.309.7679x59173,1952-10-09,"Scientist, marine"
[2023-11-03T19:02:24.134+0000] {logging_mixin.py:120} INFO - Skipping row with invalid 'Index' value: 26,c9F2282C40BEC1E,Sean,Levine,Male,sallymiller@example.net,4915828504,2010-10-09,"Conservation officer, nature"
[2023-11-03T19:02:24.135+0000] {logging_mixin.py:120} INFO - Skipping row with invalid 'Index' value: 34,6Dec5b5542F8ed8,Brandon,Schmidt,Female,mconley@example.net,+1-386-673-1465x006,1931-05-12,"Engineer, biomedical"
[2023-11-03T19:02:24.136+0000] {logging_mixin.py:120} INFO - Skipping row with invalid 'Index' value: 37,aa614aAE4B7Cf0C,Leonard,Hurst,Male,clinton78@example.org,941-038-0427x38800,1938-03-13,"Accountant, chartered management"
[2023-11-03T19:02:24.136+0000] {logging_mixin.py:120} INFO - Skipping row with invalid 'Index' value: 38,ACcde95AAe3e6cC,Gene,Rich,Female,luisdeleon@example.org,+1-356-818-6604x89537,1946-08-22,"Surveyor, quantity"
[2023-11-03T19:02:24.137+0000] {logging_mixin.py:120} INFO - Skipping row with invalid 'Index' value: 41,7D0AcBF6CCac3fd,Matthew,Stone,Female,evelyn31@example.org,952-381-6360,2017-08-23,"Scientist, clinical (histocompatibility and immunogenetics)"
[2023-11-03T19:02:24.138+0000] {logging_mixin.py:120} INFO - Skipping row with invalid 'Index' value: 47,f3BD2cBF7eEb6df,Danielle,Estrada,Female,jvang@example.org,(890)374-9518x772,1930-07-09,"Accountant, chartered management"
[2023-11-03T19:02:24.139+0000] {logging_mixin.py:120} INFO - Skipping row with invalid 'Index' value: 50,E47FB71DD9ACCd9,Joshua,Sweeney,Male,daisymcgee@example.net,875.994.2100x535,1954-07-28,"Education officer, museum"
[2023-11-03T19:02:24.139+0000] {logging_mixin.py:120} INFO - Skipping row with invalid 'Index' value: 65,Ee6974f90eeCe18,Harold,Barnett,Female,nathan65@example.org,+1-026-265-6392,1943-03-15,"Biochemist, clinical"
[2023-11-03T19:02:24.140+0000] {logging_mixin.py:120} INFO - Skipping row with invalid 'Index' value: 66,cEf02C076afa07f,Larry,Harper,Male,maria32@example.org,+1-244-630-3792x4121,2021-05-05,"Scientist, water quality"
[2023-11-03T19:02:24.141+0000] {logging_mixin.py:120} INFO - Skipping row with invalid 'Index' value: 68,3faB1CBfEFBDdD4,Brittney,Rubio,Female,corey92@example.com,593.976.2528,1959-12-24,"Biochemist, clinical"
[2023-11-03T19:02:24.142+0000] {logging_mixin.py:120} INFO - Skipping row with invalid 'Index' value: 75,c935b7Eb6FA0B0F,Kim,Andrews,Female,wpetersen@example.org,7677125383,1990-11-15,"Biochemist, clinical"
[2023-11-03T19:02:24.143+0000] {logging_mixin.py:120} INFO - Skipping row with invalid 'Index' value: 77,dade3452F0c32FD,Jonathon,Atkinson,Male,gailfrench@example.net,874-037-2032x932,2011-07-19,"Psychologist, forensic"
[2023-11-03T19:02:24.144+0000] {logging_mixin.py:120} INFO - Skipping row with invalid 'Index' value: 85,E883773cA5219Be,Helen,Williamson,Female,melvin08@example.net,001-377-726-4229,1911-08-11,"Lecturer, further education"
[2023-11-03T19:02:24.144+0000] {logging_mixin.py:120} INFO - Skipping row with invalid 'Index' value: 87,5834700fbEd2771,Chelsea,Dickson,Male,johnnyhendricks@example.net,001-698-651-0138x18588,1958-05-13,"Teacher, early years/pre"
[2023-11-03T19:02:24.145+0000] {logging_mixin.py:120} INFO - Skipping row with invalid 'Index' value: 92,d6EA619A7C4aA95,Jamie,Hardy,Female,sheenadouglas@example.com,(900)803-9295x11533,1994-07-17,"Conservator, furniture"
[2023-11-03T19:02:24.146+0000] {logging_mixin.py:120} INFO - [[1, '88F7B33d2bcf9f5', 'Shelby', 'Terrell', 'Male'], [2, 'f90cD3E76f1A9b9', 'Phillip', 'Summers', 'Female'], [3, 'DbeAb8CcdfeFC2c', 'Kristine', 'Travis', 'Male'], [4, 'A31Bee3c201ef58', 'Yesenia', 'Martinez', 'Male'], [5, '1bA7A3dc874da3c', 'Lori', 'Todd', 'Male'], [6, 'bfDD7CDEF5D865B', 'Erin', 'Day', 'Male'], [7, 'bE9EEf34cB72AF7', 'Katherine', 'Buck', 'Female'], [8, '2EFC6A4e77FaEaC', 'Ricardo', 'Hinton', 'Male'], [9, 'baDcC4DeefD8dEB', 'Dave', 'Farrell', 'Male'], [11, 'BF0BbA03C29Bb3b', 'Sheila', 'Ross', 'Female'], [12, 'F738c69fB34E62E', 'Stacy', 'Newton', 'Male'], [14, 'b759b74BD1dE80d', 'Bridget', 'Nash', 'Female'], [15, '1F0B7D65A00DAF9', 'Crystal', 'Farmer', 'Male'], [16, '50Bb061cB30B461', 'Thomas', 'Knight', 'Female'], [17, 'D6dbA5308fEC4BC', 'Maurice', 'Rangel', 'Male'], [18, '311D775990f066d', 'Frank', 'Meadows', 'Male'], [20, '88473e15D5c3cD0', 'Jared', 'Mitchell', 'Female'], [22, '42F4BdA841aBadC', 'Colleen', 'Hatfield', 'Female'], [23, 'cBbBcA0FCA3C4Bc', 'Randy', 'Barnes', 'Male'], [24, 'f1f89173353aD90', 'Janice', 'Rhodes', 'Female'], [25, 'c5B09fb33e8bA0A', 'Alfred', 'Mcneil', 'Female'], [27, '9c1bc7EC53Fb7cE', 'Louis', 'Payne', 'Male'], [28, 'ddEc50e2A2e3a2B', 'Brittney', 'Vega', 'Female'], [29, '66F096D36Ebae11', 'Judy', 'Buckley', 'Male'], [30, 'F0fE2faAd78F8b5', 'Norman', 'Weber', 'Male'], [31, '5d2feAfbdCAA6B5', 'Isaiah', 'Camacho', 'Female'], [32, 'cDa5F303fCd6dEa', 'Jacqueline', 'Gallagher', 'Male'], [33, '8Ef7DBfcaB02b6B', 'Bonnie', 'Andrews', 'Female'], [35, '3Fb8a7f68e12784', 'Jackson', 'Sparks', 'Female'], [36, '035eff50B9A0F24', 'Melody', 'Cook', 'Male'], [39, 'b6a35de5CB6fc25', 'Cynthia', 'Wiggins', 'Female'], [40, 'e92A191E345fA3A', 'Tanya', 'Mckinney', 'Female'], [42, 'CEFA7BBCef013AE', 'Kirk', 'Walsh', 'Female'], [43, '9edBC94aE7cA22a', 'Willie', 'Vang', 'Female'], [44, 'fFe7BAA737aDbe2', 'Miguel', 'Hill', 'Female'], [45, '5F2f3fAca8B0946', 'Darren', 'Andrews', 'Male'], [46, '6bFcfc3cc1BC6B4', 'Haley', 'Pugh', 'Female'], [48, 'Ee4eB129dC7913A', 'Becky', 'Brady', 'Male'], [49, 'dBCEf340C3657Eb', 'Caitlyn', 'Frey', 'Male'], [51, 'eA3fDd79BE9f0E7', 'Heidi', 'Escobar', 'Female'], [52, 'aF0eE4547Bc025c', 'Brian', 'Oconnell', 'Female'], [53, '9F5DeD7aD228F5a', 'Beverly', 'Esparza', 'Female'], [54, 'D3Fa0220dDE4d36', 'Nathaniel', 'Rivas', 'Female'], [55, '60FdBFd5e7BE8fF', 'Debra', 'Payne', 'Female'], [56, 'D8bF5Ab2b98caff', 'Mackenzie', 'Rocha', 'Female'], [57, 'CD8d33aA25bc8BB', 'Courtney', 'Watkins', 'Female'], [58, 'Fac3BfFf0A3d03c', 'Fred', 'Olsen', 'Female'], [59, 'e552D7ddafe1FFb', 'Ryan', 'Nelson', 'Female'], [60, '0f8deedb629A5f6', 'Grace', 'Phelps', 'Male'], [61, 'bB9e49E506F65ed', 'Shari', 'Daugherty', 'Male'], [62, 'Ed724605A403D91', 'Kelli', 'Garner', 'Male'], [63, '0aBE5ACb18E0c10', 'Jackie', 'Bennett', 'Male'], [64, '5D2cb63CaAF53f6', 'Leslie', 'Conway', 'Female'], [67, '9Df5Ba591bF3EFf', 'Mike', 'Ward', 'Female'], [69, 'Ebcefdf75eCb0a9', 'Frank', 'Pineda', 'Male'], [70, 'e75e5DBfcb68887', 'Sandra', 'Wu', 'Male'], [71, '6a53a8D41dDF6de', 'Ryan', 'Benton', 'Male'], [72, 'F0d3bD1aaf9E3Bc', 'Tamara', 'Hull', 'Male'], [73, '5bC87340799FBD0', 'Jean', 'Ritter', 'Female'], [74, 'dBfA17Aaf16b4ab', 'Veronica', 'Briggs', 'Female'], [76, 'b3e15e65Ca2CcBf', 'Tina', 'Cunningham', 'Male'], [78, 'AdEd6cfD85DeC46', 'Jermaine', 'Reid', 'Female'], [79, 'DAf111987098ae4', 'Regina', 'Stevens', 'Male'], [80, '6e6a5b885F6496d', 'Terrence', 'Huff', 'Male'], [81, '12DCb4ED8E01D5C', 'Tyler', 'Foley', 'Female'], [82, 'E1cB5cA8CA7CC0a', 'Andrew', 'Waters', 'Male'], [83, 'AedDfaE8Cf49F07', 'Reginald', 'Stephenson', 'Male'], [84, 'bff9853aFAeF772', 'Douglas', 'Reese', 'Female'], [86, 'CB19EafEbBfF9eC', 'Mario', 'Vaughn', 'Male'], [88, '2b0Ab1Dc9E01D7E', 'Dustin', 'Bailey', 'Male'], [89, '3f3a3D89ad042Dd', 'Harry', 'Medina', 'Female'], [90, '9425E2F38C408ef', 'Kathy', 'Haney', 'Female'], [91, 'F0aeC9c2759F3C6', 'Alison', 'Nixon', 'Female'], [93, '2A33E7Cad1bb0F5', 'Melody', 'Cox', 'Female'], [94, 'd181FFB7d3E68bb', 'Xavier', 'Cole', 'Male'], [95, 'feaBf8dAE0C0d6F', 'Dillon', 'Guzman', 'Female'], [96, '5eFda7caAeB260E', 'Dennis', 'Barnes', 'Female'], [97, 'CCbFce93d3720bE', 'Steve', 'Patterson', 'Female'], [98, '2fEc528aFAF0b69', 'Wesley', 'Bray', 'Male'], [99, 'Adc7ad9B6e4A1Fe', 'Summer', 'Oconnell', 'Female'], [100, 'b8D0aD3490FC7e1', 'Mariah', 'Bernard', 'Male']]
[2023-11-03T19:02:24.156+0000] {base.py:71} INFO - Using connection ID 'postgres' for task execution.
[2023-11-03T19:02:24.185+0000] {sql.py:415} INFO - Done loading. Loaded a total of 81 rows
[2023-11-03T19:02:24.187+0000] {python.py:177} INFO - Done. Returned value was: None
[2023-11-03T19:02:24.200+0000] {taskinstance.py:1406} INFO - Marking task as SUCCESS. dag_id=people, task_id=read_people, execution_date=20231103T190220, start_date=20231103T190223, end_date=20231103T190224
[2023-11-03T19:02:24.259+0000] {local_task_job.py:164} INFO - Task exited with return code 0
[2023-11-03T19:02:24.283+0000] {local_task_job.py:273} INFO - 0 downstream tasks scheduled from follow-on schedule check
