[2023-11-08T17:48:26.392+0000] {taskinstance.py:1087} INFO - Dependencies all met for <TaskInstance: elastic_dag.print_es_info manual__2023-11-08T17:48:23.953288+00:00 [queued]>
[2023-11-08T17:48:26.418+0000] {taskinstance.py:1087} INFO - Dependencies all met for <TaskInstance: elastic_dag.print_es_info manual__2023-11-08T17:48:23.953288+00:00 [queued]>
[2023-11-08T17:48:26.419+0000] {taskinstance.py:1283} INFO - 
--------------------------------------------------------------------------------
[2023-11-08T17:48:26.421+0000] {taskinstance.py:1284} INFO - Starting attempt 1 of 1
[2023-11-08T17:48:26.422+0000] {taskinstance.py:1285} INFO - 
--------------------------------------------------------------------------------
[2023-11-08T17:48:26.447+0000] {taskinstance.py:1304} INFO - Executing <Task(PythonOperator): print_es_info> on 2023-11-08 17:48:23.953288+00:00
[2023-11-08T17:48:26.458+0000] {standard_task_runner.py:55} INFO - Started process 2696 to run task
[2023-11-08T17:48:26.461+0000] {standard_task_runner.py:82} INFO - Running: ['***', 'tasks', 'run', 'elastic_dag', 'print_es_info', 'manual__2023-11-08T17:48:23.953288+00:00', '--job-id', '41', '--raw', '--subdir', 'DAGS_FOLDER/elastic_dag.py', '--cfg-path', '/tmp/tmpilcf34j8']
[2023-11-08T17:48:26.464+0000] {standard_task_runner.py:83} INFO - Job 41: Subtask print_es_info
[2023-11-08T17:48:26.569+0000] {task_command.py:389} INFO - Running <TaskInstance: elastic_dag.print_es_info manual__2023-11-08T17:48:23.953288+00:00 [running]> on host 1ca66c4fb7ea
[2023-11-08T17:48:26.684+0000] {taskinstance.py:1513} INFO - Exporting the following env vars:
AIRFLOW_CTX_DAG_OWNER=***
AIRFLOW_CTX_DAG_ID=elastic_dag
AIRFLOW_CTX_TASK_ID=print_es_info
AIRFLOW_CTX_EXECUTION_DATE=2023-11-08T17:48:23.953288+00:00
AIRFLOW_CTX_TRY_NUMBER=1
AIRFLOW_CTX_DAG_RUN_ID=manual__2023-11-08T17:48:23.953288+00:00
[2023-11-08T17:48:26.707+0000] {base.py:271} INFO - POST http://elastic:9200/_all/_search [status:200 request:0.020s]
[2023-11-08T17:48:26.708+0000] {logging_mixin.py:137} INFO - {'total': {'value': 0, 'relation': 'eq'}, 'max_score': 0.0, 'hits': []}
[2023-11-08T17:48:26.709+0000] {python.py:177} INFO - Done. Returned value was: None
[2023-11-08T17:48:26.724+0000] {taskinstance.py:1327} INFO - Marking task as SUCCESS. dag_id=elastic_dag, task_id=print_es_info, execution_date=20231108T174823, start_date=20231108T174826, end_date=20231108T174826
[2023-11-08T17:48:26.796+0000] {local_task_job.py:159} INFO - Task exited with return code 0
[2023-11-08T17:48:26.820+0000] {taskinstance.py:2582} INFO - 0 downstream tasks scheduled from follow-on schedule check
