[2023-11-05T14:08:09.520+0000] {taskinstance.py:1165} INFO - Dependencies all met for <TaskInstance: customers.save_customers_to_excel manual__2023-11-05T14:08:03.332730+00:00 [queued]>
[2023-11-05T14:08:09.535+0000] {taskinstance.py:1165} INFO - Dependencies all met for <TaskInstance: customers.save_customers_to_excel manual__2023-11-05T14:08:03.332730+00:00 [queued]>
[2023-11-05T14:08:09.536+0000] {taskinstance.py:1362} INFO - 
--------------------------------------------------------------------------------
[2023-11-05T14:08:09.537+0000] {taskinstance.py:1363} INFO - Starting attempt 1 of 1
[2023-11-05T14:08:09.537+0000] {taskinstance.py:1364} INFO - 
--------------------------------------------------------------------------------
[2023-11-05T14:08:09.557+0000] {taskinstance.py:1383} INFO - Executing <Task(PythonOperator): save_customers_to_excel> on 2023-11-05 14:08:03.332730+00:00
[2023-11-05T14:08:09.564+0000] {standard_task_runner.py:55} INFO - Started process 11401 to run task
[2023-11-05T14:08:09.566+0000] {standard_task_runner.py:82} INFO - Running: ['***', 'tasks', 'run', 'customers', 'save_customers_to_excel', 'manual__2023-11-05T14:08:03.332730+00:00', '--job-id', '407', '--raw', '--subdir', 'DAGS_FOLDER/customers.py', '--cfg-path', '/tmp/tmpqqp7ykv3']
[2023-11-05T14:08:09.569+0000] {standard_task_runner.py:83} INFO - Job 407: Subtask save_customers_to_excel
[2023-11-05T14:08:09.641+0000] {task_command.py:376} INFO - Running <TaskInstance: customers.save_customers_to_excel manual__2023-11-05T14:08:03.332730+00:00 [running]> on host 9d85c6014d6e
[2023-11-05T14:08:09.730+0000] {taskinstance.py:1592} INFO - Exporting the following env vars:
AIRFLOW_CTX_DAG_OWNER=***
AIRFLOW_CTX_DAG_ID=customers
AIRFLOW_CTX_TASK_ID=save_customers_to_excel
AIRFLOW_CTX_EXECUTION_DATE=2023-11-05T14:08:03.332730+00:00
AIRFLOW_CTX_TRY_NUMBER=1
AIRFLOW_CTX_DAG_RUN_ID=manual__2023-11-05T14:08:03.332730+00:00
[2023-11-05T14:08:09.743+0000] {base.py:71} INFO - Using connection ID 'postgres' for task execution.
[2023-11-05T14:08:10.274+0000] {taskinstance.py:1851} ERROR - Task failed with exception
Traceback (most recent call last):
  File "/home/airflow/.local/lib/python3.7/site-packages/airflow/operators/python.py", line 175, in execute
    return_value = self.execute_callable()
  File "/home/airflow/.local/lib/python3.7/site-packages/airflow/operators/python.py", line 193, in execute_callable
    return self.python_callable(*self.op_args, **self.op_kwargs)
  File "/opt/airflow/dags/customers.py", line 62, in _save_customers_to_excel
    df.to_excel(writer, sheet_name='Customers', index=False, header=False)
  File "/home/airflow/.local/lib/python3.7/site-packages/pandas/core/generic.py", line 2291, in to_excel
    storage_options=storage_options,
  File "/home/airflow/.local/lib/python3.7/site-packages/pandas/io/formats/excel.py", line 845, in write
    freeze_panes=freeze_panes,
  File "/home/airflow/.local/lib/python3.7/site-packages/pandas/io/excel/_openpyxl.py", line 437, in write_cells
    f"Sheet '{sheet_name}' already exists and "
ValueError: Sheet 'Customers' already exists and if_sheet_exists is set to 'error'.
[2023-11-05T14:08:10.302+0000] {taskinstance.py:1406} INFO - Marking task as FAILED. dag_id=customers, task_id=save_customers_to_excel, execution_date=20231105T140803, start_date=20231105T140809, end_date=20231105T140810
[2023-11-05T14:08:10.319+0000] {standard_task_runner.py:105} ERROR - Failed to execute job 407 for task save_customers_to_excel (Sheet 'Customers' already exists and if_sheet_exists is set to 'error'.; 11401)
[2023-11-05T14:08:10.344+0000] {local_task_job.py:164} INFO - Task exited with return code 1
[2023-11-05T14:08:10.366+0000] {local_task_job.py:273} INFO - 0 downstream tasks scheduled from follow-on schedule check
