[2023-11-01T19:54:31.737+0000] {processor.py:154} INFO - Started process (PID=1857) to work on /opt/airflow/dags/xcom_dag.py
[2023-11-01T19:54:31.739+0000] {processor.py:756} INFO - Processing file /opt/airflow/dags/xcom_dag.py for tasks to queue
[2023-11-01T19:54:31.741+0000] {logging_mixin.py:120} INFO - [2023-11-01T19:54:31.740+0000] {dagbag.py:537} INFO - Filling up the DagBag from /opt/airflow/dags/xcom_dag.py
[2023-11-01T19:54:31.823+0000] {processor.py:766} INFO - DAG(s) dict_keys(['xcom_dag']) retrieved from /opt/airflow/dags/xcom_dag.py
[2023-11-01T19:54:32.016+0000] {logging_mixin.py:120} INFO - [2023-11-01T19:54:32.015+0000] {manager.py:507} INFO - Created Permission View: can delete on DAG:xcom_dag
[2023-11-01T19:54:32.035+0000] {logging_mixin.py:120} INFO - [2023-11-01T19:54:32.034+0000] {manager.py:507} INFO - Created Permission View: can read on DAG:xcom_dag
[2023-11-01T19:54:32.051+0000] {logging_mixin.py:120} INFO - [2023-11-01T19:54:32.050+0000] {manager.py:507} INFO - Created Permission View: can edit on DAG:xcom_dag
[2023-11-01T19:54:32.052+0000] {logging_mixin.py:120} INFO - [2023-11-01T19:54:32.051+0000] {dag.py:2585} INFO - Sync 1 DAGs
[2023-11-01T19:54:32.077+0000] {logging_mixin.py:120} INFO - [2023-11-01T19:54:32.077+0000] {dag.py:2606} INFO - Creating ORM DAG for xcom_dag
[2023-11-01T19:54:32.096+0000] {logging_mixin.py:120} INFO - [2023-11-01T19:54:32.095+0000] {dag.py:3340} INFO - Setting next_dagrun for xcom_dag to 2023-10-31T00:00:00+00:00, run_after=2023-11-01T00:00:00+00:00
[2023-11-01T19:54:32.137+0000] {processor.py:176} INFO - Processing /opt/airflow/dags/xcom_dag.py took 0.402 seconds
[2023-11-01T19:54:40.253+0000] {processor.py:154} INFO - Started process (PID=1861) to work on /opt/airflow/dags/xcom_dag.py
[2023-11-01T19:54:40.254+0000] {processor.py:756} INFO - Processing file /opt/airflow/dags/xcom_dag.py for tasks to queue
[2023-11-01T19:54:40.256+0000] {logging_mixin.py:120} INFO - [2023-11-01T19:54:40.255+0000] {dagbag.py:537} INFO - Filling up the DagBag from /opt/airflow/dags/xcom_dag.py
[2023-11-01T19:54:40.334+0000] {processor.py:766} INFO - DAG(s) dict_keys(['xcom_dag']) retrieved from /opt/airflow/dags/xcom_dag.py
[2023-11-01T19:54:40.363+0000] {logging_mixin.py:120} INFO - [2023-11-01T19:54:40.363+0000] {dag.py:2585} INFO - Sync 1 DAGs
[2023-11-01T19:54:40.400+0000] {logging_mixin.py:120} INFO - [2023-11-01T19:54:40.399+0000] {dag.py:3340} INFO - Setting next_dagrun for xcom_dag to 2023-10-31T00:00:00+00:00, run_after=2023-11-01T00:00:00+00:00
[2023-11-01T19:54:40.434+0000] {processor.py:176} INFO - Processing /opt/airflow/dags/xcom_dag.py took 0.184 seconds
[2023-11-01T19:55:10.735+0000] {processor.py:154} INFO - Started process (PID=1897) to work on /opt/airflow/dags/xcom_dag.py
[2023-11-01T19:55:10.737+0000] {processor.py:756} INFO - Processing file /opt/airflow/dags/xcom_dag.py for tasks to queue
[2023-11-01T19:55:10.738+0000] {logging_mixin.py:120} INFO - [2023-11-01T19:55:10.738+0000] {dagbag.py:537} INFO - Filling up the DagBag from /opt/airflow/dags/xcom_dag.py
[2023-11-01T19:55:10.790+0000] {processor.py:766} INFO - DAG(s) dict_keys(['xcom_dag']) retrieved from /opt/airflow/dags/xcom_dag.py
[2023-11-01T19:55:10.852+0000] {logging_mixin.py:120} INFO - [2023-11-01T19:55:10.852+0000] {dag.py:2585} INFO - Sync 1 DAGs
[2023-11-01T19:55:10.896+0000] {logging_mixin.py:120} INFO - [2023-11-01T19:55:10.896+0000] {dag.py:3340} INFO - Setting next_dagrun for xcom_dag to 2023-11-01T00:00:00+00:00, run_after=2023-11-02T00:00:00+00:00
[2023-11-01T19:55:10.930+0000] {processor.py:176} INFO - Processing /opt/airflow/dags/xcom_dag.py took 0.198 seconds
[2023-11-01T19:55:41.614+0000] {processor.py:154} INFO - Started process (PID=1924) to work on /opt/airflow/dags/xcom_dag.py
[2023-11-01T19:55:41.615+0000] {processor.py:756} INFO - Processing file /opt/airflow/dags/xcom_dag.py for tasks to queue
[2023-11-01T19:55:41.616+0000] {logging_mixin.py:120} INFO - [2023-11-01T19:55:41.616+0000] {dagbag.py:537} INFO - Filling up the DagBag from /opt/airflow/dags/xcom_dag.py
[2023-11-01T19:55:41.660+0000] {processor.py:766} INFO - DAG(s) dict_keys(['xcom_dag']) retrieved from /opt/airflow/dags/xcom_dag.py
[2023-11-01T19:55:41.706+0000] {logging_mixin.py:120} INFO - [2023-11-01T19:55:41.706+0000] {dag.py:2585} INFO - Sync 1 DAGs
[2023-11-01T19:55:41.741+0000] {logging_mixin.py:120} INFO - [2023-11-01T19:55:41.741+0000] {dag.py:3340} INFO - Setting next_dagrun for xcom_dag to 2023-11-01T00:00:00+00:00, run_after=2023-11-02T00:00:00+00:00
[2023-11-01T19:55:41.778+0000] {processor.py:176} INFO - Processing /opt/airflow/dags/xcom_dag.py took 0.167 seconds
[2023-11-01T19:56:11.908+0000] {processor.py:154} INFO - Started process (PID=1959) to work on /opt/airflow/dags/xcom_dag.py
[2023-11-01T19:56:11.910+0000] {processor.py:756} INFO - Processing file /opt/airflow/dags/xcom_dag.py for tasks to queue
[2023-11-01T19:56:11.912+0000] {logging_mixin.py:120} INFO - [2023-11-01T19:56:11.912+0000] {dagbag.py:537} INFO - Filling up the DagBag from /opt/airflow/dags/xcom_dag.py
[2023-11-01T19:56:11.985+0000] {processor.py:766} INFO - DAG(s) dict_keys(['xcom_dag']) retrieved from /opt/airflow/dags/xcom_dag.py
[2023-11-01T19:56:12.032+0000] {logging_mixin.py:120} INFO - [2023-11-01T19:56:12.032+0000] {dag.py:2585} INFO - Sync 1 DAGs
[2023-11-01T19:56:12.071+0000] {logging_mixin.py:120} INFO - [2023-11-01T19:56:12.070+0000] {dag.py:3340} INFO - Setting next_dagrun for xcom_dag to 2023-11-01T00:00:00+00:00, run_after=2023-11-02T00:00:00+00:00
[2023-11-01T19:56:12.113+0000] {processor.py:176} INFO - Processing /opt/airflow/dags/xcom_dag.py took 0.208 seconds
[2023-11-01T19:56:42.866+0000] {processor.py:154} INFO - Started process (PID=1995) to work on /opt/airflow/dags/xcom_dag.py
[2023-11-01T19:56:42.868+0000] {processor.py:756} INFO - Processing file /opt/airflow/dags/xcom_dag.py for tasks to queue
[2023-11-01T19:56:42.869+0000] {logging_mixin.py:120} INFO - [2023-11-01T19:56:42.869+0000] {dagbag.py:537} INFO - Filling up the DagBag from /opt/airflow/dags/xcom_dag.py
[2023-11-01T19:56:42.930+0000] {processor.py:766} INFO - DAG(s) dict_keys(['xcom_dag']) retrieved from /opt/airflow/dags/xcom_dag.py
[2023-11-01T19:56:43.011+0000] {logging_mixin.py:120} INFO - [2023-11-01T19:56:43.011+0000] {dag.py:2585} INFO - Sync 1 DAGs
[2023-11-01T19:56:43.061+0000] {logging_mixin.py:120} INFO - [2023-11-01T19:56:43.060+0000] {dag.py:3340} INFO - Setting next_dagrun for xcom_dag to 2023-11-01T00:00:00+00:00, run_after=2023-11-02T00:00:00+00:00
[2023-11-01T19:56:43.116+0000] {processor.py:176} INFO - Processing /opt/airflow/dags/xcom_dag.py took 0.253 seconds
[2023-11-01T19:57:13.350+0000] {processor.py:154} INFO - Started process (PID=2022) to work on /opt/airflow/dags/xcom_dag.py
[2023-11-01T19:57:13.351+0000] {processor.py:756} INFO - Processing file /opt/airflow/dags/xcom_dag.py for tasks to queue
[2023-11-01T19:57:13.353+0000] {logging_mixin.py:120} INFO - [2023-11-01T19:57:13.353+0000] {dagbag.py:537} INFO - Filling up the DagBag from /opt/airflow/dags/xcom_dag.py
[2023-11-01T19:57:13.400+0000] {processor.py:766} INFO - DAG(s) dict_keys(['xcom_dag']) retrieved from /opt/airflow/dags/xcom_dag.py
[2023-11-01T19:57:13.480+0000] {logging_mixin.py:120} INFO - [2023-11-01T19:57:13.479+0000] {dag.py:2585} INFO - Sync 1 DAGs
[2023-11-01T19:57:13.534+0000] {logging_mixin.py:120} INFO - [2023-11-01T19:57:13.533+0000] {dag.py:3340} INFO - Setting next_dagrun for xcom_dag to 2023-11-01T00:00:00+00:00, run_after=2023-11-02T00:00:00+00:00
[2023-11-01T19:57:13.572+0000] {processor.py:176} INFO - Processing /opt/airflow/dags/xcom_dag.py took 0.226 seconds
[2023-11-01T19:57:40.232+0000] {processor.py:154} INFO - Started process (PID=2046) to work on /opt/airflow/dags/xcom_dag.py
[2023-11-01T19:57:40.233+0000] {processor.py:756} INFO - Processing file /opt/airflow/dags/xcom_dag.py for tasks to queue
[2023-11-01T19:57:40.235+0000] {logging_mixin.py:120} INFO - [2023-11-01T19:57:40.234+0000] {dagbag.py:537} INFO - Filling up the DagBag from /opt/airflow/dags/xcom_dag.py
[2023-11-01T19:57:40.300+0000] {processor.py:766} INFO - DAG(s) dict_keys(['xcom_dag']) retrieved from /opt/airflow/dags/xcom_dag.py
[2023-11-01T19:57:40.392+0000] {logging_mixin.py:120} INFO - [2023-11-01T19:57:40.392+0000] {dag.py:2585} INFO - Sync 1 DAGs
[2023-11-01T19:57:40.428+0000] {logging_mixin.py:120} INFO - [2023-11-01T19:57:40.428+0000] {dag.py:3340} INFO - Setting next_dagrun for xcom_dag to 2023-11-01T00:00:00+00:00, run_after=2023-11-02T00:00:00+00:00
[2023-11-01T19:57:40.462+0000] {processor.py:176} INFO - Processing /opt/airflow/dags/xcom_dag.py took 0.232 seconds
[2023-11-01T19:57:50.957+0000] {processor.py:154} INFO - Started process (PID=2058) to work on /opt/airflow/dags/xcom_dag.py
[2023-11-01T19:57:50.960+0000] {processor.py:756} INFO - Processing file /opt/airflow/dags/xcom_dag.py for tasks to queue
[2023-11-01T19:57:50.962+0000] {logging_mixin.py:120} INFO - [2023-11-01T19:57:50.961+0000] {dagbag.py:537} INFO - Filling up the DagBag from /opt/airflow/dags/xcom_dag.py
[2023-11-01T19:57:51.066+0000] {processor.py:766} INFO - DAG(s) dict_keys(['xcom_dag']) retrieved from /opt/airflow/dags/xcom_dag.py
[2023-11-01T19:57:51.130+0000] {logging_mixin.py:120} INFO - [2023-11-01T19:57:51.129+0000] {dag.py:2585} INFO - Sync 1 DAGs
[2023-11-01T19:57:51.203+0000] {logging_mixin.py:120} INFO - [2023-11-01T19:57:51.203+0000] {dag.py:3340} INFO - Setting next_dagrun for xcom_dag to 2023-11-01T00:00:00+00:00, run_after=2023-11-02T00:00:00+00:00
[2023-11-01T19:57:51.237+0000] {processor.py:176} INFO - Processing /opt/airflow/dags/xcom_dag.py took 0.283 seconds
[2023-11-01T19:58:21.441+0000] {processor.py:154} INFO - Started process (PID=2095) to work on /opt/airflow/dags/xcom_dag.py
[2023-11-01T19:58:21.444+0000] {processor.py:756} INFO - Processing file /opt/airflow/dags/xcom_dag.py for tasks to queue
[2023-11-01T19:58:21.445+0000] {logging_mixin.py:120} INFO - [2023-11-01T19:58:21.445+0000] {dagbag.py:537} INFO - Filling up the DagBag from /opt/airflow/dags/xcom_dag.py
[2023-11-01T19:58:21.484+0000] {processor.py:766} INFO - DAG(s) dict_keys(['xcom_dag']) retrieved from /opt/airflow/dags/xcom_dag.py
[2023-11-01T19:58:21.557+0000] {logging_mixin.py:120} INFO - [2023-11-01T19:58:21.557+0000] {dag.py:2585} INFO - Sync 1 DAGs
[2023-11-01T19:58:21.605+0000] {logging_mixin.py:120} INFO - [2023-11-01T19:58:21.605+0000] {dag.py:3340} INFO - Setting next_dagrun for xcom_dag to 2023-11-01T00:00:00+00:00, run_after=2023-11-02T00:00:00+00:00
[2023-11-01T19:58:21.651+0000] {processor.py:176} INFO - Processing /opt/airflow/dags/xcom_dag.py took 0.212 seconds
[2023-11-01T19:58:51.740+0000] {processor.py:154} INFO - Started process (PID=2124) to work on /opt/airflow/dags/xcom_dag.py
[2023-11-01T19:58:51.741+0000] {processor.py:756} INFO - Processing file /opt/airflow/dags/xcom_dag.py for tasks to queue
[2023-11-01T19:58:51.742+0000] {logging_mixin.py:120} INFO - [2023-11-01T19:58:51.742+0000] {dagbag.py:537} INFO - Filling up the DagBag from /opt/airflow/dags/xcom_dag.py
[2023-11-01T19:58:51.774+0000] {processor.py:766} INFO - DAG(s) dict_keys(['xcom_dag']) retrieved from /opt/airflow/dags/xcom_dag.py
[2023-11-01T19:58:51.821+0000] {logging_mixin.py:120} INFO - [2023-11-01T19:58:51.821+0000] {dag.py:2585} INFO - Sync 1 DAGs
[2023-11-01T19:58:51.858+0000] {logging_mixin.py:120} INFO - [2023-11-01T19:58:51.858+0000] {dag.py:3340} INFO - Setting next_dagrun for xcom_dag to 2023-11-01T00:00:00+00:00, run_after=2023-11-02T00:00:00+00:00
[2023-11-01T19:58:51.886+0000] {processor.py:176} INFO - Processing /opt/airflow/dags/xcom_dag.py took 0.148 seconds
[2023-11-01T19:59:22.053+0000] {processor.py:154} INFO - Started process (PID=2163) to work on /opt/airflow/dags/xcom_dag.py
[2023-11-01T19:59:22.055+0000] {processor.py:756} INFO - Processing file /opt/airflow/dags/xcom_dag.py for tasks to queue
[2023-11-01T19:59:22.056+0000] {logging_mixin.py:120} INFO - [2023-11-01T19:59:22.055+0000] {dagbag.py:537} INFO - Filling up the DagBag from /opt/airflow/dags/xcom_dag.py
[2023-11-01T19:59:22.096+0000] {processor.py:766} INFO - DAG(s) dict_keys(['xcom_dag']) retrieved from /opt/airflow/dags/xcom_dag.py
[2023-11-01T19:59:22.144+0000] {logging_mixin.py:120} INFO - [2023-11-01T19:59:22.144+0000] {dag.py:2585} INFO - Sync 1 DAGs
[2023-11-01T19:59:22.184+0000] {logging_mixin.py:120} INFO - [2023-11-01T19:59:22.184+0000] {dag.py:3340} INFO - Setting next_dagrun for xcom_dag to 2023-11-01T00:00:00+00:00, run_after=2023-11-02T00:00:00+00:00
[2023-11-01T19:59:22.222+0000] {processor.py:176} INFO - Processing /opt/airflow/dags/xcom_dag.py took 0.172 seconds
[2023-11-01T19:59:52.397+0000] {processor.py:154} INFO - Started process (PID=2191) to work on /opt/airflow/dags/xcom_dag.py
[2023-11-01T19:59:52.399+0000] {processor.py:756} INFO - Processing file /opt/airflow/dags/xcom_dag.py for tasks to queue
[2023-11-01T19:59:52.400+0000] {logging_mixin.py:120} INFO - [2023-11-01T19:59:52.400+0000] {dagbag.py:537} INFO - Filling up the DagBag from /opt/airflow/dags/xcom_dag.py
[2023-11-01T19:59:52.440+0000] {processor.py:766} INFO - DAG(s) dict_keys(['xcom_dag']) retrieved from /opt/airflow/dags/xcom_dag.py
[2023-11-01T19:59:52.488+0000] {logging_mixin.py:120} INFO - [2023-11-01T19:59:52.488+0000] {dag.py:2585} INFO - Sync 1 DAGs
[2023-11-01T19:59:52.522+0000] {logging_mixin.py:120} INFO - [2023-11-01T19:59:52.522+0000] {dag.py:3340} INFO - Setting next_dagrun for xcom_dag to 2023-11-01T00:00:00+00:00, run_after=2023-11-02T00:00:00+00:00
[2023-11-01T19:59:52.553+0000] {processor.py:176} INFO - Processing /opt/airflow/dags/xcom_dag.py took 0.159 seconds
[2023-11-01T20:00:22.716+0000] {processor.py:154} INFO - Started process (PID=2226) to work on /opt/airflow/dags/xcom_dag.py
[2023-11-01T20:00:22.717+0000] {processor.py:756} INFO - Processing file /opt/airflow/dags/xcom_dag.py for tasks to queue
[2023-11-01T20:00:22.719+0000] {logging_mixin.py:120} INFO - [2023-11-01T20:00:22.719+0000] {dagbag.py:537} INFO - Filling up the DagBag from /opt/airflow/dags/xcom_dag.py
[2023-11-01T20:00:22.762+0000] {processor.py:766} INFO - DAG(s) dict_keys(['xcom_dag']) retrieved from /opt/airflow/dags/xcom_dag.py
[2023-11-01T20:00:22.804+0000] {logging_mixin.py:120} INFO - [2023-11-01T20:00:22.804+0000] {dag.py:2585} INFO - Sync 1 DAGs
[2023-11-01T20:00:22.841+0000] {logging_mixin.py:120} INFO - [2023-11-01T20:00:22.841+0000] {dag.py:3340} INFO - Setting next_dagrun for xcom_dag to 2023-11-01T00:00:00+00:00, run_after=2023-11-02T00:00:00+00:00
[2023-11-01T20:00:22.868+0000] {processor.py:176} INFO - Processing /opt/airflow/dags/xcom_dag.py took 0.155 seconds
[2023-11-01T20:00:52.987+0000] {processor.py:154} INFO - Started process (PID=2262) to work on /opt/airflow/dags/xcom_dag.py
[2023-11-01T20:00:52.989+0000] {processor.py:756} INFO - Processing file /opt/airflow/dags/xcom_dag.py for tasks to queue
[2023-11-01T20:00:52.990+0000] {logging_mixin.py:120} INFO - [2023-11-01T20:00:52.990+0000] {dagbag.py:537} INFO - Filling up the DagBag from /opt/airflow/dags/xcom_dag.py
[2023-11-01T20:00:53.026+0000] {processor.py:766} INFO - DAG(s) dict_keys(['xcom_dag']) retrieved from /opt/airflow/dags/xcom_dag.py
[2023-11-01T20:00:53.072+0000] {logging_mixin.py:120} INFO - [2023-11-01T20:00:53.072+0000] {dag.py:2585} INFO - Sync 1 DAGs
[2023-11-01T20:00:53.111+0000] {logging_mixin.py:120} INFO - [2023-11-01T20:00:53.111+0000] {dag.py:3340} INFO - Setting next_dagrun for xcom_dag to 2023-11-01T00:00:00+00:00, run_after=2023-11-02T00:00:00+00:00
[2023-11-01T20:00:53.139+0000] {processor.py:176} INFO - Processing /opt/airflow/dags/xcom_dag.py took 0.155 seconds
[2023-11-01T20:01:23.225+0000] {processor.py:154} INFO - Started process (PID=2290) to work on /opt/airflow/dags/xcom_dag.py
[2023-11-01T20:01:23.226+0000] {processor.py:756} INFO - Processing file /opt/airflow/dags/xcom_dag.py for tasks to queue
[2023-11-01T20:01:23.227+0000] {logging_mixin.py:120} INFO - [2023-11-01T20:01:23.226+0000] {dagbag.py:537} INFO - Filling up the DagBag from /opt/airflow/dags/xcom_dag.py
[2023-11-01T20:01:23.262+0000] {processor.py:766} INFO - DAG(s) dict_keys(['xcom_dag']) retrieved from /opt/airflow/dags/xcom_dag.py
[2023-11-01T20:01:23.302+0000] {logging_mixin.py:120} INFO - [2023-11-01T20:01:23.302+0000] {dag.py:2585} INFO - Sync 1 DAGs
[2023-11-01T20:01:23.333+0000] {logging_mixin.py:120} INFO - [2023-11-01T20:01:23.333+0000] {dag.py:3340} INFO - Setting next_dagrun for xcom_dag to 2023-11-01T00:00:00+00:00, run_after=2023-11-02T00:00:00+00:00
[2023-11-01T20:01:23.362+0000] {processor.py:176} INFO - Processing /opt/airflow/dags/xcom_dag.py took 0.140 seconds
[2023-11-01T20:01:53.544+0000] {processor.py:154} INFO - Started process (PID=2326) to work on /opt/airflow/dags/xcom_dag.py
[2023-11-01T20:01:53.545+0000] {processor.py:756} INFO - Processing file /opt/airflow/dags/xcom_dag.py for tasks to queue
[2023-11-01T20:01:53.546+0000] {logging_mixin.py:120} INFO - [2023-11-01T20:01:53.546+0000] {dagbag.py:537} INFO - Filling up the DagBag from /opt/airflow/dags/xcom_dag.py
[2023-11-01T20:01:53.591+0000] {processor.py:766} INFO - DAG(s) dict_keys(['xcom_dag']) retrieved from /opt/airflow/dags/xcom_dag.py
[2023-11-01T20:01:53.638+0000] {logging_mixin.py:120} INFO - [2023-11-01T20:01:53.638+0000] {dag.py:2585} INFO - Sync 1 DAGs
[2023-11-01T20:01:53.673+0000] {logging_mixin.py:120} INFO - [2023-11-01T20:01:53.673+0000] {dag.py:3340} INFO - Setting next_dagrun for xcom_dag to 2023-11-01T00:00:00+00:00, run_after=2023-11-02T00:00:00+00:00
[2023-11-01T20:01:53.698+0000] {processor.py:176} INFO - Processing /opt/airflow/dags/xcom_dag.py took 0.157 seconds
[2023-11-01T20:02:22.794+0000] {processor.py:154} INFO - Started process (PID=2353) to work on /opt/airflow/dags/xcom_dag.py
[2023-11-01T20:02:22.795+0000] {processor.py:756} INFO - Processing file /opt/airflow/dags/xcom_dag.py for tasks to queue
[2023-11-01T20:02:22.796+0000] {logging_mixin.py:120} INFO - [2023-11-01T20:02:22.796+0000] {dagbag.py:537} INFO - Filling up the DagBag from /opt/airflow/dags/xcom_dag.py
[2023-11-01T20:02:22.856+0000] {processor.py:766} INFO - DAG(s) dict_keys(['xcom_dag']) retrieved from /opt/airflow/dags/xcom_dag.py
[2023-11-01T20:02:22.955+0000] {logging_mixin.py:120} INFO - [2023-11-01T20:02:22.954+0000] {dag.py:2585} INFO - Sync 1 DAGs
[2023-11-01T20:02:22.992+0000] {logging_mixin.py:120} INFO - [2023-11-01T20:02:22.992+0000] {dag.py:3340} INFO - Setting next_dagrun for xcom_dag to 2023-11-01T00:00:00+00:00, run_after=2023-11-02T00:00:00+00:00
[2023-11-01T20:02:23.033+0000] {processor.py:176} INFO - Processing /opt/airflow/dags/xcom_dag.py took 0.241 seconds
[2023-11-01T20:02:52.917+0000] {processor.py:154} INFO - Started process (PID=2391) to work on /opt/airflow/dags/xcom_dag.py
[2023-11-01T20:02:52.918+0000] {processor.py:756} INFO - Processing file /opt/airflow/dags/xcom_dag.py for tasks to queue
[2023-11-01T20:02:52.919+0000] {logging_mixin.py:120} INFO - [2023-11-01T20:02:52.919+0000] {dagbag.py:537} INFO - Filling up the DagBag from /opt/airflow/dags/xcom_dag.py
[2023-11-01T20:02:52.978+0000] {processor.py:766} INFO - DAG(s) dict_keys(['xcom_dag']) retrieved from /opt/airflow/dags/xcom_dag.py
[2023-11-01T20:02:53.021+0000] {logging_mixin.py:120} INFO - [2023-11-01T20:02:53.020+0000] {dag.py:2585} INFO - Sync 1 DAGs
[2023-11-01T20:02:53.056+0000] {logging_mixin.py:120} INFO - [2023-11-01T20:02:53.056+0000] {dag.py:3340} INFO - Setting next_dagrun for xcom_dag to 2023-11-01T00:00:00+00:00, run_after=2023-11-02T00:00:00+00:00
[2023-11-01T20:02:53.095+0000] {processor.py:176} INFO - Processing /opt/airflow/dags/xcom_dag.py took 0.181 seconds
[2023-11-01T20:03:09.470+0000] {processor.py:154} INFO - Started process (PID=2404) to work on /opt/airflow/dags/xcom_dag.py
[2023-11-01T20:03:09.473+0000] {processor.py:756} INFO - Processing file /opt/airflow/dags/xcom_dag.py for tasks to queue
[2023-11-01T20:03:09.475+0000] {logging_mixin.py:120} INFO - [2023-11-01T20:03:09.475+0000] {dagbag.py:537} INFO - Filling up the DagBag from /opt/airflow/dags/xcom_dag.py
[2023-11-01T20:03:09.569+0000] {processor.py:766} INFO - DAG(s) dict_keys(['xcom_dag']) retrieved from /opt/airflow/dags/xcom_dag.py
[2023-11-01T20:03:09.684+0000] {logging_mixin.py:120} INFO - [2023-11-01T20:03:09.683+0000] {dag.py:2585} INFO - Sync 1 DAGs
[2023-11-01T20:03:09.727+0000] {logging_mixin.py:120} INFO - [2023-11-01T20:03:09.726+0000] {dag.py:3340} INFO - Setting next_dagrun for xcom_dag to 2023-11-01T00:00:00+00:00, run_after=2023-11-02T00:00:00+00:00
[2023-11-01T20:03:09.769+0000] {processor.py:176} INFO - Processing /opt/airflow/dags/xcom_dag.py took 0.302 seconds
[2023-11-01T20:03:36.494+0000] {processor.py:154} INFO - Started process (PID=2430) to work on /opt/airflow/dags/xcom_dag.py
[2023-11-01T20:03:36.496+0000] {processor.py:756} INFO - Processing file /opt/airflow/dags/xcom_dag.py for tasks to queue
[2023-11-01T20:03:36.497+0000] {logging_mixin.py:120} INFO - [2023-11-01T20:03:36.497+0000] {dagbag.py:537} INFO - Filling up the DagBag from /opt/airflow/dags/xcom_dag.py
[2023-11-01T20:03:36.593+0000] {processor.py:766} INFO - DAG(s) dict_keys(['xcom_dag']) retrieved from /opt/airflow/dags/xcom_dag.py
[2023-11-01T20:03:36.700+0000] {logging_mixin.py:120} INFO - [2023-11-01T20:03:36.699+0000] {dag.py:2585} INFO - Sync 1 DAGs
[2023-11-01T20:03:36.736+0000] {logging_mixin.py:120} INFO - [2023-11-01T20:03:36.736+0000] {dag.py:3340} INFO - Setting next_dagrun for xcom_dag to 2023-11-01T00:00:00+00:00, run_after=2023-11-02T00:00:00+00:00
[2023-11-01T20:03:36.772+0000] {processor.py:176} INFO - Processing /opt/airflow/dags/xcom_dag.py took 0.282 seconds
[2023-11-01T20:04:07.076+0000] {processor.py:154} INFO - Started process (PID=2465) to work on /opt/airflow/dags/xcom_dag.py
[2023-11-01T20:04:07.077+0000] {processor.py:756} INFO - Processing file /opt/airflow/dags/xcom_dag.py for tasks to queue
[2023-11-01T20:04:07.078+0000] {logging_mixin.py:120} INFO - [2023-11-01T20:04:07.078+0000] {dagbag.py:537} INFO - Filling up the DagBag from /opt/airflow/dags/xcom_dag.py
[2023-11-01T20:04:07.130+0000] {processor.py:766} INFO - DAG(s) dict_keys(['xcom_dag']) retrieved from /opt/airflow/dags/xcom_dag.py
[2023-11-01T20:04:07.182+0000] {logging_mixin.py:120} INFO - [2023-11-01T20:04:07.181+0000] {dag.py:2585} INFO - Sync 1 DAGs
[2023-11-01T20:04:07.219+0000] {logging_mixin.py:120} INFO - [2023-11-01T20:04:07.219+0000] {dag.py:3340} INFO - Setting next_dagrun for xcom_dag to 2023-11-01T00:00:00+00:00, run_after=2023-11-02T00:00:00+00:00
[2023-11-01T20:04:07.246+0000] {processor.py:176} INFO - Processing /opt/airflow/dags/xcom_dag.py took 0.174 seconds
[2023-11-01T20:04:38.202+0000] {processor.py:154} INFO - Started process (PID=2495) to work on /opt/airflow/dags/xcom_dag.py
[2023-11-01T20:04:38.204+0000] {processor.py:756} INFO - Processing file /opt/airflow/dags/xcom_dag.py for tasks to queue
[2023-11-01T20:04:38.205+0000] {logging_mixin.py:120} INFO - [2023-11-01T20:04:38.204+0000] {dagbag.py:537} INFO - Filling up the DagBag from /opt/airflow/dags/xcom_dag.py
[2023-11-01T20:04:38.238+0000] {processor.py:766} INFO - DAG(s) dict_keys(['xcom_dag']) retrieved from /opt/airflow/dags/xcom_dag.py
[2023-11-01T20:04:38.286+0000] {logging_mixin.py:120} INFO - [2023-11-01T20:04:38.286+0000] {dag.py:2585} INFO - Sync 1 DAGs
[2023-11-01T20:04:38.321+0000] {logging_mixin.py:120} INFO - [2023-11-01T20:04:38.320+0000] {dag.py:3340} INFO - Setting next_dagrun for xcom_dag to 2023-11-01T00:00:00+00:00, run_after=2023-11-02T00:00:00+00:00
[2023-11-01T20:04:38.347+0000] {processor.py:176} INFO - Processing /opt/airflow/dags/xcom_dag.py took 0.148 seconds
[2023-11-01T20:04:59.847+0000] {processor.py:154} INFO - Started process (PID=2521) to work on /opt/airflow/dags/xcom_dag.py
[2023-11-01T20:04:59.849+0000] {processor.py:756} INFO - Processing file /opt/airflow/dags/xcom_dag.py for tasks to queue
[2023-11-01T20:04:59.850+0000] {logging_mixin.py:120} INFO - [2023-11-01T20:04:59.849+0000] {dagbag.py:537} INFO - Filling up the DagBag from /opt/airflow/dags/xcom_dag.py
[2023-11-01T20:04:59.904+0000] {processor.py:766} INFO - DAG(s) dict_keys(['xcom_dag']) retrieved from /opt/airflow/dags/xcom_dag.py
[2023-11-01T20:05:00.003+0000] {logging_mixin.py:120} INFO - [2023-11-01T20:05:00.002+0000] {dag.py:2585} INFO - Sync 1 DAGs
[2023-11-01T20:05:00.041+0000] {logging_mixin.py:120} INFO - [2023-11-01T20:05:00.040+0000] {dag.py:3340} INFO - Setting next_dagrun for xcom_dag to 2023-11-01T00:00:00+00:00, run_after=2023-11-02T00:00:00+00:00
[2023-11-01T20:05:00.076+0000] {processor.py:176} INFO - Processing /opt/airflow/dags/xcom_dag.py took 0.231 seconds
[2023-11-01T20:05:30.228+0000] {processor.py:154} INFO - Started process (PID=2556) to work on /opt/airflow/dags/xcom_dag.py
[2023-11-01T20:05:30.229+0000] {processor.py:756} INFO - Processing file /opt/airflow/dags/xcom_dag.py for tasks to queue
[2023-11-01T20:05:30.231+0000] {logging_mixin.py:120} INFO - [2023-11-01T20:05:30.231+0000] {dagbag.py:537} INFO - Filling up the DagBag from /opt/airflow/dags/xcom_dag.py
[2023-11-01T20:05:30.263+0000] {processor.py:766} INFO - DAG(s) dict_keys(['xcom_dag']) retrieved from /opt/airflow/dags/xcom_dag.py
[2023-11-01T20:05:30.308+0000] {logging_mixin.py:120} INFO - [2023-11-01T20:05:30.307+0000] {dag.py:2585} INFO - Sync 1 DAGs
[2023-11-01T20:05:30.341+0000] {logging_mixin.py:120} INFO - [2023-11-01T20:05:30.341+0000] {dag.py:3340} INFO - Setting next_dagrun for xcom_dag to 2023-11-01T00:00:00+00:00, run_after=2023-11-02T00:00:00+00:00
[2023-11-01T20:05:30.369+0000] {processor.py:176} INFO - Processing /opt/airflow/dags/xcom_dag.py took 0.144 seconds
[2023-11-01T20:06:00.648+0000] {processor.py:154} INFO - Started process (PID=2583) to work on /opt/airflow/dags/xcom_dag.py
[2023-11-01T20:06:00.650+0000] {processor.py:756} INFO - Processing file /opt/airflow/dags/xcom_dag.py for tasks to queue
[2023-11-01T20:06:00.651+0000] {logging_mixin.py:120} INFO - [2023-11-01T20:06:00.650+0000] {dagbag.py:537} INFO - Filling up the DagBag from /opt/airflow/dags/xcom_dag.py
[2023-11-01T20:06:00.685+0000] {processor.py:766} INFO - DAG(s) dict_keys(['xcom_dag']) retrieved from /opt/airflow/dags/xcom_dag.py
[2023-11-01T20:06:00.726+0000] {logging_mixin.py:120} INFO - [2023-11-01T20:06:00.725+0000] {dag.py:2585} INFO - Sync 1 DAGs
[2023-11-01T20:06:00.760+0000] {logging_mixin.py:120} INFO - [2023-11-01T20:06:00.760+0000] {dag.py:3340} INFO - Setting next_dagrun for xcom_dag to 2023-11-01T00:00:00+00:00, run_after=2023-11-02T00:00:00+00:00
[2023-11-01T20:06:00.790+0000] {processor.py:176} INFO - Processing /opt/airflow/dags/xcom_dag.py took 0.145 seconds
[2023-11-01T20:06:31.635+0000] {processor.py:154} INFO - Started process (PID=2620) to work on /opt/airflow/dags/xcom_dag.py
[2023-11-01T20:06:31.637+0000] {processor.py:756} INFO - Processing file /opt/airflow/dags/xcom_dag.py for tasks to queue
[2023-11-01T20:06:31.638+0000] {logging_mixin.py:120} INFO - [2023-11-01T20:06:31.637+0000] {dagbag.py:537} INFO - Filling up the DagBag from /opt/airflow/dags/xcom_dag.py
[2023-11-01T20:06:31.673+0000] {processor.py:766} INFO - DAG(s) dict_keys(['xcom_dag']) retrieved from /opt/airflow/dags/xcom_dag.py
[2023-11-01T20:06:31.718+0000] {logging_mixin.py:120} INFO - [2023-11-01T20:06:31.717+0000] {dag.py:2585} INFO - Sync 1 DAGs
[2023-11-01T20:06:31.754+0000] {logging_mixin.py:120} INFO - [2023-11-01T20:06:31.753+0000] {dag.py:3340} INFO - Setting next_dagrun for xcom_dag to 2023-11-01T00:00:00+00:00, run_after=2023-11-02T00:00:00+00:00
[2023-11-01T20:06:31.779+0000] {processor.py:176} INFO - Processing /opt/airflow/dags/xcom_dag.py took 0.147 seconds
[2023-11-01T20:07:01.846+0000] {processor.py:154} INFO - Started process (PID=2656) to work on /opt/airflow/dags/xcom_dag.py
[2023-11-01T20:07:01.847+0000] {processor.py:756} INFO - Processing file /opt/airflow/dags/xcom_dag.py for tasks to queue
[2023-11-01T20:07:01.849+0000] {logging_mixin.py:120} INFO - [2023-11-01T20:07:01.849+0000] {dagbag.py:537} INFO - Filling up the DagBag from /opt/airflow/dags/xcom_dag.py
[2023-11-01T20:07:01.888+0000] {processor.py:766} INFO - DAG(s) dict_keys(['xcom_dag']) retrieved from /opt/airflow/dags/xcom_dag.py
[2023-11-01T20:07:01.936+0000] {logging_mixin.py:120} INFO - [2023-11-01T20:07:01.936+0000] {dag.py:2585} INFO - Sync 1 DAGs
[2023-11-01T20:07:01.975+0000] {logging_mixin.py:120} INFO - [2023-11-01T20:07:01.974+0000] {dag.py:3340} INFO - Setting next_dagrun for xcom_dag to 2023-11-01T00:00:00+00:00, run_after=2023-11-02T00:00:00+00:00
[2023-11-01T20:07:02.006+0000] {processor.py:176} INFO - Processing /opt/airflow/dags/xcom_dag.py took 0.163 seconds
[2023-11-01T20:07:32.054+0000] {processor.py:154} INFO - Started process (PID=2684) to work on /opt/airflow/dags/xcom_dag.py
[2023-11-01T20:07:32.055+0000] {processor.py:756} INFO - Processing file /opt/airflow/dags/xcom_dag.py for tasks to queue
[2023-11-01T20:07:32.056+0000] {logging_mixin.py:120} INFO - [2023-11-01T20:07:32.056+0000] {dagbag.py:537} INFO - Filling up the DagBag from /opt/airflow/dags/xcom_dag.py
[2023-11-01T20:07:32.085+0000] {processor.py:766} INFO - DAG(s) dict_keys(['xcom_dag']) retrieved from /opt/airflow/dags/xcom_dag.py
[2023-11-01T20:07:32.132+0000] {logging_mixin.py:120} INFO - [2023-11-01T20:07:32.132+0000] {dag.py:2585} INFO - Sync 1 DAGs
[2023-11-01T20:07:32.166+0000] {logging_mixin.py:120} INFO - [2023-11-01T20:07:32.166+0000] {dag.py:3340} INFO - Setting next_dagrun for xcom_dag to 2023-11-01T00:00:00+00:00, run_after=2023-11-02T00:00:00+00:00
[2023-11-01T20:07:32.194+0000] {processor.py:176} INFO - Processing /opt/airflow/dags/xcom_dag.py took 0.143 seconds
[2023-11-01T20:07:35.104+0000] {processor.py:154} INFO - Started process (PID=2685) to work on /opt/airflow/dags/xcom_dag.py
[2023-11-01T20:07:35.106+0000] {processor.py:756} INFO - Processing file /opt/airflow/dags/xcom_dag.py for tasks to queue
[2023-11-01T20:07:35.106+0000] {logging_mixin.py:120} INFO - [2023-11-01T20:07:35.106+0000] {dagbag.py:537} INFO - Filling up the DagBag from /opt/airflow/dags/xcom_dag.py
[2023-11-01T20:07:35.160+0000] {processor.py:766} INFO - DAG(s) dict_keys(['xcom_dag']) retrieved from /opt/airflow/dags/xcom_dag.py
[2023-11-01T20:07:35.208+0000] {logging_mixin.py:120} INFO - [2023-11-01T20:07:35.207+0000] {dag.py:2585} INFO - Sync 1 DAGs
[2023-11-01T20:07:35.244+0000] {logging_mixin.py:120} INFO - [2023-11-01T20:07:35.244+0000] {dag.py:3340} INFO - Setting next_dagrun for xcom_dag to 2023-11-01T00:00:00+00:00, run_after=2023-11-02T00:00:00+00:00
[2023-11-01T20:07:35.288+0000] {processor.py:176} INFO - Processing /opt/airflow/dags/xcom_dag.py took 0.188 seconds
[2023-11-01T20:08:05.461+0000] {processor.py:154} INFO - Started process (PID=2721) to work on /opt/airflow/dags/xcom_dag.py
[2023-11-01T20:08:05.463+0000] {processor.py:756} INFO - Processing file /opt/airflow/dags/xcom_dag.py for tasks to queue
[2023-11-01T20:08:05.464+0000] {logging_mixin.py:120} INFO - [2023-11-01T20:08:05.463+0000] {dagbag.py:537} INFO - Filling up the DagBag from /opt/airflow/dags/xcom_dag.py
[2023-11-01T20:08:05.502+0000] {processor.py:766} INFO - DAG(s) dict_keys(['xcom_dag']) retrieved from /opt/airflow/dags/xcom_dag.py
[2023-11-01T20:08:05.554+0000] {logging_mixin.py:120} INFO - [2023-11-01T20:08:05.554+0000] {dag.py:2585} INFO - Sync 1 DAGs
[2023-11-01T20:08:05.588+0000] {logging_mixin.py:120} INFO - [2023-11-01T20:08:05.588+0000] {dag.py:3340} INFO - Setting next_dagrun for xcom_dag to 2023-11-01T00:00:00+00:00, run_after=2023-11-02T00:00:00+00:00
[2023-11-01T20:08:05.614+0000] {processor.py:176} INFO - Processing /opt/airflow/dags/xcom_dag.py took 0.156 seconds
[2023-11-01T20:08:36.105+0000] {processor.py:154} INFO - Started process (PID=2747) to work on /opt/airflow/dags/xcom_dag.py
[2023-11-01T20:08:36.106+0000] {processor.py:756} INFO - Processing file /opt/airflow/dags/xcom_dag.py for tasks to queue
[2023-11-01T20:08:36.108+0000] {logging_mixin.py:120} INFO - [2023-11-01T20:08:36.107+0000] {dagbag.py:537} INFO - Filling up the DagBag from /opt/airflow/dags/xcom_dag.py
[2023-11-01T20:08:36.148+0000] {processor.py:766} INFO - DAG(s) dict_keys(['xcom_dag']) retrieved from /opt/airflow/dags/xcom_dag.py
[2023-11-01T20:08:36.211+0000] {logging_mixin.py:120} INFO - [2023-11-01T20:08:36.211+0000] {dag.py:2585} INFO - Sync 1 DAGs
[2023-11-01T20:08:36.248+0000] {logging_mixin.py:120} INFO - [2023-11-01T20:08:36.247+0000] {dag.py:3340} INFO - Setting next_dagrun for xcom_dag to 2023-11-01T00:00:00+00:00, run_after=2023-11-02T00:00:00+00:00
[2023-11-01T20:08:36.276+0000] {processor.py:176} INFO - Processing /opt/airflow/dags/xcom_dag.py took 0.174 seconds
[2023-11-01T20:09:07.236+0000] {processor.py:154} INFO - Started process (PID=2783) to work on /opt/airflow/dags/xcom_dag.py
[2023-11-01T20:09:07.237+0000] {processor.py:756} INFO - Processing file /opt/airflow/dags/xcom_dag.py for tasks to queue
[2023-11-01T20:09:07.239+0000] {logging_mixin.py:120} INFO - [2023-11-01T20:09:07.238+0000] {dagbag.py:537} INFO - Filling up the DagBag from /opt/airflow/dags/xcom_dag.py
[2023-11-01T20:09:07.269+0000] {processor.py:766} INFO - DAG(s) dict_keys(['xcom_dag']) retrieved from /opt/airflow/dags/xcom_dag.py
[2023-11-01T20:09:07.312+0000] {logging_mixin.py:120} INFO - [2023-11-01T20:09:07.312+0000] {dag.py:2585} INFO - Sync 1 DAGs
[2023-11-01T20:09:07.351+0000] {logging_mixin.py:120} INFO - [2023-11-01T20:09:07.351+0000] {dag.py:3340} INFO - Setting next_dagrun for xcom_dag to 2023-11-01T00:00:00+00:00, run_after=2023-11-02T00:00:00+00:00
[2023-11-01T20:09:07.380+0000] {processor.py:176} INFO - Processing /opt/airflow/dags/xcom_dag.py took 0.146 seconds
[2023-11-01T20:09:21.876+0000] {processor.py:154} INFO - Started process (PID=2795) to work on /opt/airflow/dags/xcom_dag.py
[2023-11-01T20:09:21.877+0000] {processor.py:756} INFO - Processing file /opt/airflow/dags/xcom_dag.py for tasks to queue
[2023-11-01T20:09:21.878+0000] {logging_mixin.py:120} INFO - [2023-11-01T20:09:21.877+0000] {dagbag.py:537} INFO - Filling up the DagBag from /opt/airflow/dags/xcom_dag.py
[2023-11-01T20:09:21.927+0000] {processor.py:766} INFO - DAG(s) dict_keys(['xcom_dag']) retrieved from /opt/airflow/dags/xcom_dag.py
[2023-11-01T20:09:22.022+0000] {logging_mixin.py:120} INFO - [2023-11-01T20:09:22.022+0000] {dag.py:2585} INFO - Sync 1 DAGs
[2023-11-01T20:09:22.053+0000] {logging_mixin.py:120} INFO - [2023-11-01T20:09:22.053+0000] {dag.py:3340} INFO - Setting next_dagrun for xcom_dag to 2023-11-01T00:00:00+00:00, run_after=2023-11-02T00:00:00+00:00
[2023-11-01T20:09:22.087+0000] {processor.py:176} INFO - Processing /opt/airflow/dags/xcom_dag.py took 0.214 seconds
[2023-11-01T20:09:52.336+0000] {processor.py:154} INFO - Started process (PID=2833) to work on /opt/airflow/dags/xcom_dag.py
[2023-11-01T20:09:52.337+0000] {processor.py:756} INFO - Processing file /opt/airflow/dags/xcom_dag.py for tasks to queue
[2023-11-01T20:09:52.338+0000] {logging_mixin.py:120} INFO - [2023-11-01T20:09:52.337+0000] {dagbag.py:537} INFO - Filling up the DagBag from /opt/airflow/dags/xcom_dag.py
[2023-11-01T20:09:52.383+0000] {processor.py:766} INFO - DAG(s) dict_keys(['xcom_dag']) retrieved from /opt/airflow/dags/xcom_dag.py
[2023-11-01T20:09:52.490+0000] {logging_mixin.py:120} INFO - [2023-11-01T20:09:52.490+0000] {dag.py:2585} INFO - Sync 1 DAGs
[2023-11-01T20:09:52.528+0000] {logging_mixin.py:120} INFO - [2023-11-01T20:09:52.528+0000] {dag.py:3340} INFO - Setting next_dagrun for xcom_dag to 2023-11-01T00:00:00+00:00, run_after=2023-11-02T00:00:00+00:00
[2023-11-01T20:09:52.566+0000] {processor.py:176} INFO - Processing /opt/airflow/dags/xcom_dag.py took 0.233 seconds
[2023-11-01T20:10:22.753+0000] {processor.py:154} INFO - Started process (PID=2869) to work on /opt/airflow/dags/xcom_dag.py
[2023-11-01T20:10:22.755+0000] {processor.py:756} INFO - Processing file /opt/airflow/dags/xcom_dag.py for tasks to queue
[2023-11-01T20:10:22.756+0000] {logging_mixin.py:120} INFO - [2023-11-01T20:10:22.756+0000] {dagbag.py:537} INFO - Filling up the DagBag from /opt/airflow/dags/xcom_dag.py
[2023-11-01T20:10:22.794+0000] {processor.py:766} INFO - DAG(s) dict_keys(['xcom_dag']) retrieved from /opt/airflow/dags/xcom_dag.py
[2023-11-01T20:10:22.843+0000] {logging_mixin.py:120} INFO - [2023-11-01T20:10:22.843+0000] {dag.py:2585} INFO - Sync 1 DAGs
[2023-11-01T20:10:22.876+0000] {logging_mixin.py:120} INFO - [2023-11-01T20:10:22.876+0000] {dag.py:3340} INFO - Setting next_dagrun for xcom_dag to 2023-11-01T00:00:00+00:00, run_after=2023-11-02T00:00:00+00:00
[2023-11-01T20:10:22.906+0000] {processor.py:176} INFO - Processing /opt/airflow/dags/xcom_dag.py took 0.156 seconds
[2023-11-01T20:10:32.202+0000] {processor.py:154} INFO - Started process (PID=2873) to work on /opt/airflow/dags/xcom_dag.py
[2023-11-01T20:10:32.203+0000] {processor.py:756} INFO - Processing file /opt/airflow/dags/xcom_dag.py for tasks to queue
[2023-11-01T20:10:32.204+0000] {logging_mixin.py:120} INFO - [2023-11-01T20:10:32.204+0000] {dagbag.py:537} INFO - Filling up the DagBag from /opt/airflow/dags/xcom_dag.py
[2023-11-01T20:10:32.259+0000] {processor.py:766} INFO - DAG(s) dict_keys(['xcom_dag']) retrieved from /opt/airflow/dags/xcom_dag.py
[2023-11-01T20:10:32.304+0000] {logging_mixin.py:120} INFO - [2023-11-01T20:10:32.304+0000] {dag.py:2585} INFO - Sync 1 DAGs
[2023-11-01T20:10:32.339+0000] {logging_mixin.py:120} INFO - [2023-11-01T20:10:32.339+0000] {dag.py:3340} INFO - Setting next_dagrun for xcom_dag to 2023-11-01T00:00:00+00:00, run_after=2023-11-02T00:00:00+00:00
[2023-11-01T20:10:32.377+0000] {processor.py:176} INFO - Processing /opt/airflow/dags/xcom_dag.py took 0.178 seconds
[2023-11-01T20:11:02.470+0000] {processor.py:154} INFO - Started process (PID=2909) to work on /opt/airflow/dags/xcom_dag.py
[2023-11-01T20:11:02.471+0000] {processor.py:756} INFO - Processing file /opt/airflow/dags/xcom_dag.py for tasks to queue
[2023-11-01T20:11:02.472+0000] {logging_mixin.py:120} INFO - [2023-11-01T20:11:02.472+0000] {dagbag.py:537} INFO - Filling up the DagBag from /opt/airflow/dags/xcom_dag.py
[2023-11-01T20:11:02.502+0000] {processor.py:766} INFO - DAG(s) dict_keys(['xcom_dag']) retrieved from /opt/airflow/dags/xcom_dag.py
[2023-11-01T20:11:02.542+0000] {logging_mixin.py:120} INFO - [2023-11-01T20:11:02.541+0000] {dag.py:2585} INFO - Sync 1 DAGs
[2023-11-01T20:11:02.574+0000] {logging_mixin.py:120} INFO - [2023-11-01T20:11:02.574+0000] {dag.py:3340} INFO - Setting next_dagrun for xcom_dag to 2023-11-01T00:00:00+00:00, run_after=2023-11-02T00:00:00+00:00
[2023-11-01T20:11:02.601+0000] {processor.py:176} INFO - Processing /opt/airflow/dags/xcom_dag.py took 0.134 seconds
[2023-11-01T20:11:12.024+0000] {processor.py:154} INFO - Started process (PID=2924) to work on /opt/airflow/dags/xcom_dag.py
[2023-11-01T20:11:12.025+0000] {processor.py:756} INFO - Processing file /opt/airflow/dags/xcom_dag.py for tasks to queue
[2023-11-01T20:11:12.026+0000] {logging_mixin.py:120} INFO - [2023-11-01T20:11:12.026+0000] {dagbag.py:537} INFO - Filling up the DagBag from /opt/airflow/dags/xcom_dag.py
[2023-11-01T20:11:12.085+0000] {processor.py:766} INFO - DAG(s) dict_keys(['xcom_dag']) retrieved from /opt/airflow/dags/xcom_dag.py
[2023-11-01T20:11:12.131+0000] {logging_mixin.py:120} INFO - [2023-11-01T20:11:12.131+0000] {dag.py:2585} INFO - Sync 1 DAGs
[2023-11-01T20:11:12.167+0000] {logging_mixin.py:120} INFO - [2023-11-01T20:11:12.167+0000] {dag.py:3340} INFO - Setting next_dagrun for xcom_dag to 2023-11-01T00:00:00+00:00, run_after=2023-11-02T00:00:00+00:00
[2023-11-01T20:11:12.204+0000] {processor.py:176} INFO - Processing /opt/airflow/dags/xcom_dag.py took 0.183 seconds
[2023-11-01T20:11:43.123+0000] {processor.py:154} INFO - Started process (PID=2951) to work on /opt/airflow/dags/xcom_dag.py
[2023-11-01T20:11:43.124+0000] {processor.py:756} INFO - Processing file /opt/airflow/dags/xcom_dag.py for tasks to queue
[2023-11-01T20:11:43.125+0000] {logging_mixin.py:120} INFO - [2023-11-01T20:11:43.125+0000] {dagbag.py:537} INFO - Filling up the DagBag from /opt/airflow/dags/xcom_dag.py
[2023-11-01T20:11:43.169+0000] {processor.py:766} INFO - DAG(s) dict_keys(['xcom_dag']) retrieved from /opt/airflow/dags/xcom_dag.py
[2023-11-01T20:11:43.216+0000] {logging_mixin.py:120} INFO - [2023-11-01T20:11:43.216+0000] {dag.py:2585} INFO - Sync 1 DAGs
[2023-11-01T20:11:43.253+0000] {logging_mixin.py:120} INFO - [2023-11-01T20:11:43.253+0000] {dag.py:3340} INFO - Setting next_dagrun for xcom_dag to 2023-11-01T00:00:00+00:00, run_after=2023-11-02T00:00:00+00:00
[2023-11-01T20:11:43.288+0000] {processor.py:176} INFO - Processing /opt/airflow/dags/xcom_dag.py took 0.168 seconds
[2023-11-01T20:12:13.588+0000] {processor.py:154} INFO - Started process (PID=2987) to work on /opt/airflow/dags/xcom_dag.py
[2023-11-01T20:12:13.590+0000] {processor.py:756} INFO - Processing file /opt/airflow/dags/xcom_dag.py for tasks to queue
[2023-11-01T20:12:13.590+0000] {logging_mixin.py:120} INFO - [2023-11-01T20:12:13.590+0000] {dagbag.py:537} INFO - Filling up the DagBag from /opt/airflow/dags/xcom_dag.py
[2023-11-01T20:12:13.625+0000] {processor.py:766} INFO - DAG(s) dict_keys(['xcom_dag']) retrieved from /opt/airflow/dags/xcom_dag.py
[2023-11-01T20:12:13.677+0000] {logging_mixin.py:120} INFO - [2023-11-01T20:12:13.677+0000] {dag.py:2585} INFO - Sync 1 DAGs
[2023-11-01T20:12:13.716+0000] {logging_mixin.py:120} INFO - [2023-11-01T20:12:13.716+0000] {dag.py:3340} INFO - Setting next_dagrun for xcom_dag to 2023-11-01T00:00:00+00:00, run_after=2023-11-02T00:00:00+00:00
[2023-11-01T20:12:13.744+0000] {processor.py:176} INFO - Processing /opt/airflow/dags/xcom_dag.py took 0.158 seconds
[2023-11-01T20:12:43.841+0000] {processor.py:154} INFO - Started process (PID=3014) to work on /opt/airflow/dags/xcom_dag.py
[2023-11-01T20:12:43.842+0000] {processor.py:756} INFO - Processing file /opt/airflow/dags/xcom_dag.py for tasks to queue
[2023-11-01T20:12:43.843+0000] {logging_mixin.py:120} INFO - [2023-11-01T20:12:43.843+0000] {dagbag.py:537} INFO - Filling up the DagBag from /opt/airflow/dags/xcom_dag.py
[2023-11-01T20:12:43.878+0000] {processor.py:766} INFO - DAG(s) dict_keys(['xcom_dag']) retrieved from /opt/airflow/dags/xcom_dag.py
[2023-11-01T20:12:43.923+0000] {logging_mixin.py:120} INFO - [2023-11-01T20:12:43.923+0000] {dag.py:2585} INFO - Sync 1 DAGs
[2023-11-01T20:12:43.961+0000] {logging_mixin.py:120} INFO - [2023-11-01T20:12:43.961+0000] {dag.py:3340} INFO - Setting next_dagrun for xcom_dag to 2023-11-01T00:00:00+00:00, run_after=2023-11-02T00:00:00+00:00
[2023-11-01T20:12:43.993+0000] {processor.py:176} INFO - Processing /opt/airflow/dags/xcom_dag.py took 0.156 seconds
[2023-11-01T20:12:49.938+0000] {processor.py:154} INFO - Started process (PID=3024) to work on /opt/airflow/dags/xcom_dag.py
[2023-11-01T20:12:49.939+0000] {processor.py:756} INFO - Processing file /opt/airflow/dags/xcom_dag.py for tasks to queue
[2023-11-01T20:12:49.940+0000] {logging_mixin.py:120} INFO - [2023-11-01T20:12:49.940+0000] {dagbag.py:537} INFO - Filling up the DagBag from /opt/airflow/dags/xcom_dag.py
[2023-11-01T20:12:50.001+0000] {processor.py:766} INFO - DAG(s) dict_keys(['xcom_dag']) retrieved from /opt/airflow/dags/xcom_dag.py
[2023-11-01T20:12:50.125+0000] {logging_mixin.py:120} INFO - [2023-11-01T20:12:50.124+0000] {dag.py:2585} INFO - Sync 1 DAGs
[2023-11-01T20:12:50.156+0000] {logging_mixin.py:120} INFO - [2023-11-01T20:12:50.155+0000] {dag.py:3340} INFO - Setting next_dagrun for xcom_dag to 2023-11-01T00:00:00+00:00, run_after=2023-11-02T00:00:00+00:00
[2023-11-01T20:12:50.189+0000] {processor.py:176} INFO - Processing /opt/airflow/dags/xcom_dag.py took 0.253 seconds
[2023-11-01T20:13:20.567+0000] {processor.py:154} INFO - Started process (PID=3058) to work on /opt/airflow/dags/xcom_dag.py
[2023-11-01T20:13:20.568+0000] {processor.py:756} INFO - Processing file /opt/airflow/dags/xcom_dag.py for tasks to queue
[2023-11-01T20:13:20.581+0000] {logging_mixin.py:120} INFO - [2023-11-01T20:13:20.581+0000] {dagbag.py:537} INFO - Filling up the DagBag from /opt/airflow/dags/xcom_dag.py
[2023-11-01T20:13:20.695+0000] {processor.py:766} INFO - DAG(s) dict_keys(['xcom_dag']) retrieved from /opt/airflow/dags/xcom_dag.py
[2023-11-01T20:13:20.785+0000] {logging_mixin.py:120} INFO - [2023-11-01T20:13:20.784+0000] {dag.py:2585} INFO - Sync 1 DAGs
[2023-11-01T20:13:20.840+0000] {logging_mixin.py:120} INFO - [2023-11-01T20:13:20.840+0000] {dag.py:3340} INFO - Setting next_dagrun for xcom_dag to 2023-11-01T00:00:00+00:00, run_after=2023-11-02T00:00:00+00:00
[2023-11-01T20:13:20.892+0000] {processor.py:176} INFO - Processing /opt/airflow/dags/xcom_dag.py took 0.328 seconds
[2023-11-01T20:13:51.562+0000] {processor.py:154} INFO - Started process (PID=3087) to work on /opt/airflow/dags/xcom_dag.py
[2023-11-01T20:13:51.563+0000] {processor.py:756} INFO - Processing file /opt/airflow/dags/xcom_dag.py for tasks to queue
[2023-11-01T20:13:51.564+0000] {logging_mixin.py:120} INFO - [2023-11-01T20:13:51.564+0000] {dagbag.py:537} INFO - Filling up the DagBag from /opt/airflow/dags/xcom_dag.py
[2023-11-01T20:13:51.598+0000] {processor.py:766} INFO - DAG(s) dict_keys(['xcom_dag']) retrieved from /opt/airflow/dags/xcom_dag.py
[2023-11-01T20:13:51.650+0000] {logging_mixin.py:120} INFO - [2023-11-01T20:13:51.650+0000] {dag.py:2585} INFO - Sync 1 DAGs
[2023-11-01T20:13:51.686+0000] {logging_mixin.py:120} INFO - [2023-11-01T20:13:51.686+0000] {dag.py:3340} INFO - Setting next_dagrun for xcom_dag to 2023-11-01T00:00:00+00:00, run_after=2023-11-02T00:00:00+00:00
[2023-11-01T20:13:51.711+0000] {processor.py:176} INFO - Processing /opt/airflow/dags/xcom_dag.py took 0.152 seconds
[2023-11-01T20:14:21.901+0000] {processor.py:154} INFO - Started process (PID=3122) to work on /opt/airflow/dags/xcom_dag.py
[2023-11-01T20:14:21.903+0000] {processor.py:756} INFO - Processing file /opt/airflow/dags/xcom_dag.py for tasks to queue
[2023-11-01T20:14:21.905+0000] {logging_mixin.py:120} INFO - [2023-11-01T20:14:21.904+0000] {dagbag.py:537} INFO - Filling up the DagBag from /opt/airflow/dags/xcom_dag.py
[2023-11-01T20:14:21.947+0000] {processor.py:766} INFO - DAG(s) dict_keys(['xcom_dag']) retrieved from /opt/airflow/dags/xcom_dag.py
[2023-11-01T20:14:22.002+0000] {logging_mixin.py:120} INFO - [2023-11-01T20:14:22.002+0000] {dag.py:2585} INFO - Sync 1 DAGs
[2023-11-01T20:14:22.045+0000] {logging_mixin.py:120} INFO - [2023-11-01T20:14:22.045+0000] {dag.py:3340} INFO - Setting next_dagrun for xcom_dag to 2023-11-01T00:00:00+00:00, run_after=2023-11-02T00:00:00+00:00
[2023-11-01T20:14:22.088+0000] {processor.py:176} INFO - Processing /opt/airflow/dags/xcom_dag.py took 0.190 seconds
[2023-11-01T20:14:52.861+0000] {processor.py:154} INFO - Started process (PID=3149) to work on /opt/airflow/dags/xcom_dag.py
[2023-11-01T20:14:52.862+0000] {processor.py:756} INFO - Processing file /opt/airflow/dags/xcom_dag.py for tasks to queue
[2023-11-01T20:14:52.863+0000] {logging_mixin.py:120} INFO - [2023-11-01T20:14:52.863+0000] {dagbag.py:537} INFO - Filling up the DagBag from /opt/airflow/dags/xcom_dag.py
[2023-11-01T20:14:52.898+0000] {processor.py:766} INFO - DAG(s) dict_keys(['xcom_dag']) retrieved from /opt/airflow/dags/xcom_dag.py
[2023-11-01T20:14:52.941+0000] {logging_mixin.py:120} INFO - [2023-11-01T20:14:52.940+0000] {dag.py:2585} INFO - Sync 1 DAGs
[2023-11-01T20:14:52.978+0000] {logging_mixin.py:120} INFO - [2023-11-01T20:14:52.978+0000] {dag.py:3340} INFO - Setting next_dagrun for xcom_dag to 2023-11-01T00:00:00+00:00, run_after=2023-11-02T00:00:00+00:00
[2023-11-01T20:14:53.008+0000] {processor.py:176} INFO - Processing /opt/airflow/dags/xcom_dag.py took 0.150 seconds
[2023-11-01T20:15:23.764+0000] {processor.py:154} INFO - Started process (PID=3184) to work on /opt/airflow/dags/xcom_dag.py
[2023-11-01T20:15:23.765+0000] {processor.py:756} INFO - Processing file /opt/airflow/dags/xcom_dag.py for tasks to queue
[2023-11-01T20:15:23.767+0000] {logging_mixin.py:120} INFO - [2023-11-01T20:15:23.766+0000] {dagbag.py:537} INFO - Filling up the DagBag from /opt/airflow/dags/xcom_dag.py
[2023-11-01T20:15:23.803+0000] {processor.py:766} INFO - DAG(s) dict_keys(['xcom_dag']) retrieved from /opt/airflow/dags/xcom_dag.py
[2023-11-01T20:15:23.848+0000] {logging_mixin.py:120} INFO - [2023-11-01T20:15:23.848+0000] {dag.py:2585} INFO - Sync 1 DAGs
[2023-11-01T20:15:23.885+0000] {logging_mixin.py:120} INFO - [2023-11-01T20:15:23.885+0000] {dag.py:3340} INFO - Setting next_dagrun for xcom_dag to 2023-11-01T00:00:00+00:00, run_after=2023-11-02T00:00:00+00:00
[2023-11-01T20:15:23.912+0000] {processor.py:176} INFO - Processing /opt/airflow/dags/xcom_dag.py took 0.151 seconds
[2023-11-01T20:15:54.021+0000] {processor.py:154} INFO - Started process (PID=3213) to work on /opt/airflow/dags/xcom_dag.py
[2023-11-01T20:15:54.023+0000] {processor.py:756} INFO - Processing file /opt/airflow/dags/xcom_dag.py for tasks to queue
[2023-11-01T20:15:54.025+0000] {logging_mixin.py:120} INFO - [2023-11-01T20:15:54.024+0000] {dagbag.py:537} INFO - Filling up the DagBag from /opt/airflow/dags/xcom_dag.py
[2023-11-01T20:15:54.060+0000] {processor.py:766} INFO - DAG(s) dict_keys(['xcom_dag']) retrieved from /opt/airflow/dags/xcom_dag.py
[2023-11-01T20:15:54.103+0000] {logging_mixin.py:120} INFO - [2023-11-01T20:15:54.103+0000] {dag.py:2585} INFO - Sync 1 DAGs
[2023-11-01T20:15:54.141+0000] {logging_mixin.py:120} INFO - [2023-11-01T20:15:54.140+0000] {dag.py:3340} INFO - Setting next_dagrun for xcom_dag to 2023-11-01T00:00:00+00:00, run_after=2023-11-02T00:00:00+00:00
[2023-11-01T20:15:54.171+0000] {processor.py:176} INFO - Processing /opt/airflow/dags/xcom_dag.py took 0.153 seconds
[2023-11-01T20:16:25.120+0000] {processor.py:154} INFO - Started process (PID=3249) to work on /opt/airflow/dags/xcom_dag.py
[2023-11-01T20:16:25.121+0000] {processor.py:756} INFO - Processing file /opt/airflow/dags/xcom_dag.py for tasks to queue
[2023-11-01T20:16:25.122+0000] {logging_mixin.py:120} INFO - [2023-11-01T20:16:25.122+0000] {dagbag.py:537} INFO - Filling up the DagBag from /opt/airflow/dags/xcom_dag.py
[2023-11-01T20:16:25.157+0000] {processor.py:766} INFO - DAG(s) dict_keys(['xcom_dag']) retrieved from /opt/airflow/dags/xcom_dag.py
[2023-11-01T20:16:25.204+0000] {logging_mixin.py:120} INFO - [2023-11-01T20:16:25.203+0000] {dag.py:2585} INFO - Sync 1 DAGs
[2023-11-01T20:16:25.238+0000] {logging_mixin.py:120} INFO - [2023-11-01T20:16:25.238+0000] {dag.py:3340} INFO - Setting next_dagrun for xcom_dag to 2023-11-01T00:00:00+00:00, run_after=2023-11-02T00:00:00+00:00
[2023-11-01T20:16:25.266+0000] {processor.py:176} INFO - Processing /opt/airflow/dags/xcom_dag.py took 0.149 seconds
[2023-11-01T20:16:56.051+0000] {processor.py:154} INFO - Started process (PID=3274) to work on /opt/airflow/dags/xcom_dag.py
[2023-11-01T20:16:56.054+0000] {processor.py:756} INFO - Processing file /opt/airflow/dags/xcom_dag.py for tasks to queue
[2023-11-01T20:16:56.061+0000] {logging_mixin.py:120} INFO - [2023-11-01T20:16:56.055+0000] {dagbag.py:537} INFO - Filling up the DagBag from /opt/airflow/dags/xcom_dag.py
[2023-11-01T20:16:56.977+0000] {processor.py:766} INFO - DAG(s) dict_keys(['xcom_dag']) retrieved from /opt/airflow/dags/xcom_dag.py
[2023-11-01T20:16:57.195+0000] {logging_mixin.py:120} INFO - [2023-11-01T20:16:57.194+0000] {dag.py:2585} INFO - Sync 1 DAGs
[2023-11-01T20:16:57.360+0000] {logging_mixin.py:120} INFO - [2023-11-01T20:16:57.360+0000] {dag.py:3340} INFO - Setting next_dagrun for xcom_dag to 2023-11-01T00:00:00+00:00, run_after=2023-11-02T00:00:00+00:00
[2023-11-01T20:16:57.490+0000] {processor.py:176} INFO - Processing /opt/airflow/dags/xcom_dag.py took 1.450 seconds
[2023-11-01T20:17:27.906+0000] {processor.py:154} INFO - Started process (PID=3293) to work on /opt/airflow/dags/xcom_dag.py
[2023-11-01T20:17:27.908+0000] {processor.py:756} INFO - Processing file /opt/airflow/dags/xcom_dag.py for tasks to queue
[2023-11-01T20:17:27.912+0000] {logging_mixin.py:120} INFO - [2023-11-01T20:17:27.912+0000] {dagbag.py:537} INFO - Filling up the DagBag from /opt/airflow/dags/xcom_dag.py
[2023-11-01T20:17:27.971+0000] {processor.py:766} INFO - DAG(s) dict_keys(['xcom_dag']) retrieved from /opt/airflow/dags/xcom_dag.py
[2023-11-01T20:17:28.046+0000] {logging_mixin.py:120} INFO - [2023-11-01T20:17:28.045+0000] {dag.py:2585} INFO - Sync 1 DAGs
[2023-11-01T20:17:28.089+0000] {logging_mixin.py:120} INFO - [2023-11-01T20:17:28.089+0000] {dag.py:3340} INFO - Setting next_dagrun for xcom_dag to 2023-11-01T00:00:00+00:00, run_after=2023-11-02T00:00:00+00:00
[2023-11-01T20:17:28.299+0000] {processor.py:176} INFO - Processing /opt/airflow/dags/xcom_dag.py took 0.396 seconds
[2023-11-01T20:31:20.831+0000] {processor.py:154} INFO - Started process (PID=53) to work on /opt/airflow/dags/xcom_dag.py
[2023-11-01T20:31:20.856+0000] {processor.py:756} INFO - Processing file /opt/airflow/dags/xcom_dag.py for tasks to queue
[2023-11-01T20:31:20.859+0000] {logging_mixin.py:120} INFO - [2023-11-01T20:31:20.858+0000] {dagbag.py:537} INFO - Filling up the DagBag from /opt/airflow/dags/xcom_dag.py
[2023-11-01T20:31:23.210+0000] {processor.py:766} INFO - DAG(s) dict_keys(['xcom_dag']) retrieved from /opt/airflow/dags/xcom_dag.py
[2023-11-01T20:31:38.082+0000] {logging_mixin.py:120} INFO - [2023-11-01T20:31:38.082+0000] {manager.py:507} INFO - Created Permission View: can edit on DAG:xcom_dag
[2023-11-01T20:31:38.144+0000] {logging_mixin.py:120} INFO - [2023-11-01T20:31:38.144+0000] {manager.py:507} INFO - Created Permission View: can read on DAG:xcom_dag
[2023-11-01T20:31:39.042+0000] {logging_mixin.py:120} INFO - [2023-11-01T20:31:39.041+0000] {manager.py:507} INFO - Created Permission View: can delete on DAG:xcom_dag
[2023-11-01T20:31:39.067+0000] {logging_mixin.py:120} INFO - [2023-11-01T20:31:39.066+0000] {dag.py:2585} INFO - Sync 1 DAGs
[2023-11-01T20:31:39.155+0000] {logging_mixin.py:120} INFO - [2023-11-01T20:31:39.155+0000] {dag.py:2606} INFO - Creating ORM DAG for xcom_dag
[2023-11-01T20:31:39.197+0000] {logging_mixin.py:120} INFO - [2023-11-01T20:31:39.197+0000] {dag.py:3340} INFO - Setting next_dagrun for xcom_dag to 2023-10-31T00:00:00+00:00, run_after=2023-11-01T00:00:00+00:00
[2023-11-01T20:31:39.327+0000] {processor.py:176} INFO - Processing /opt/airflow/dags/xcom_dag.py took 18.501 seconds
[2023-11-01T20:32:09.575+0000] {processor.py:154} INFO - Started process (PID=89) to work on /opt/airflow/dags/xcom_dag.py
[2023-11-01T20:32:09.576+0000] {processor.py:756} INFO - Processing file /opt/airflow/dags/xcom_dag.py for tasks to queue
[2023-11-01T20:32:09.577+0000] {logging_mixin.py:120} INFO - [2023-11-01T20:32:09.577+0000] {dagbag.py:537} INFO - Filling up the DagBag from /opt/airflow/dags/xcom_dag.py
[2023-11-01T20:32:09.625+0000] {processor.py:766} INFO - DAG(s) dict_keys(['xcom_dag']) retrieved from /opt/airflow/dags/xcom_dag.py
[2023-11-01T20:32:09.675+0000] {logging_mixin.py:120} INFO - [2023-11-01T20:32:09.674+0000] {dag.py:2585} INFO - Sync 1 DAGs
[2023-11-01T20:32:09.710+0000] {logging_mixin.py:120} INFO - [2023-11-01T20:32:09.710+0000] {dag.py:3340} INFO - Setting next_dagrun for xcom_dag to 2023-10-31T00:00:00+00:00, run_after=2023-11-01T00:00:00+00:00
[2023-11-01T20:32:11.360+0000] {processor.py:176} INFO - Processing /opt/airflow/dags/xcom_dag.py took 1.787 seconds
[2023-11-01T20:32:47.634+0000] {processor.py:154} INFO - Started process (PID=107) to work on /opt/airflow/dags/xcom_dag.py
[2023-11-01T20:32:47.635+0000] {processor.py:756} INFO - Processing file /opt/airflow/dags/xcom_dag.py for tasks to queue
[2023-11-01T20:32:47.636+0000] {logging_mixin.py:120} INFO - [2023-11-01T20:32:47.636+0000] {dagbag.py:537} INFO - Filling up the DagBag from /opt/airflow/dags/xcom_dag.py
