[2023-11-10T11:16:23.484+0000] {taskinstance.py:1087} INFO - Dependencies all met for <TaskInstance: people.union_and_save_excel manual__2023-11-10T11:16:13.491126+00:00 [queued]>
[2023-11-10T11:16:23.500+0000] {taskinstance.py:1087} INFO - Dependencies all met for <TaskInstance: people.union_and_save_excel manual__2023-11-10T11:16:13.491126+00:00 [queued]>
[2023-11-10T11:16:23.501+0000] {taskinstance.py:1283} INFO - 
--------------------------------------------------------------------------------
[2023-11-10T11:16:23.502+0000] {taskinstance.py:1284} INFO - Starting attempt 1 of 1
[2023-11-10T11:16:23.503+0000] {taskinstance.py:1285} INFO - 
--------------------------------------------------------------------------------
[2023-11-10T11:16:23.524+0000] {taskinstance.py:1304} INFO - Executing <Task(PythonOperator): union_and_save_excel> on 2023-11-10 11:16:13.491126+00:00
[2023-11-10T11:16:23.532+0000] {standard_task_runner.py:55} INFO - Started process 4130 to run task
[2023-11-10T11:16:23.535+0000] {standard_task_runner.py:82} INFO - Running: ['***', 'tasks', 'run', 'people', 'union_and_save_excel', 'manual__2023-11-10T11:16:13.491126+00:00', '--job-id', '487', '--raw', '--subdir', 'DAGS_FOLDER/people.py', '--cfg-path', '/tmp/tmpn13cfs8m']
[2023-11-10T11:16:23.537+0000] {standard_task_runner.py:83} INFO - Job 487: Subtask union_and_save_excel
[2023-11-10T11:16:23.613+0000] {task_command.py:389} INFO - Running <TaskInstance: people.union_and_save_excel manual__2023-11-10T11:16:13.491126+00:00 [running]> on host ccf8e59e32fe
[2023-11-10T11:16:23.888+0000] {taskinstance.py:1513} INFO - Exporting the following env vars:
AIRFLOW_CTX_DAG_OWNER=Tetiana
AIRFLOW_CTX_DAG_ID=people
AIRFLOW_CTX_TASK_ID=union_and_save_excel
AIRFLOW_CTX_EXECUTION_DATE=2023-11-10T11:16:13.491126+00:00
AIRFLOW_CTX_TRY_NUMBER=1
AIRFLOW_CTX_DAG_RUN_ID=manual__2023-11-10T11:16:13.491126+00:00
[2023-11-10T11:16:24.086+0000] {python.py:177} INFO - Done. Returned value was: None
[2023-11-10T11:16:24.100+0000] {taskinstance.py:1327} INFO - Marking task as SUCCESS. dag_id=people, task_id=union_and_save_excel, execution_date=20231110T111613, start_date=20231110T111623, end_date=20231110T111624
[2023-11-10T11:16:24.149+0000] {local_task_job.py:159} INFO - Task exited with return code 0
[2023-11-10T11:16:24.171+0000] {taskinstance.py:2582} INFO - 0 downstream tasks scheduled from follow-on schedule check
