[2023-11-01T14:27:36.216+0000] {taskinstance.py:1165} INFO - Dependencies all met for <TaskInstance: user_processing.is_api_available manual__2023-11-01T14:27:32.314471+00:00 [queued]>
[2023-11-01T14:27:36.234+0000] {taskinstance.py:1165} INFO - Dependencies all met for <TaskInstance: user_processing.is_api_available manual__2023-11-01T14:27:32.314471+00:00 [queued]>
[2023-11-01T14:27:36.234+0000] {taskinstance.py:1362} INFO - 
--------------------------------------------------------------------------------
[2023-11-01T14:27:36.235+0000] {taskinstance.py:1363} INFO - Starting attempt 1 of 1
[2023-11-01T14:27:36.236+0000] {taskinstance.py:1364} INFO - 
--------------------------------------------------------------------------------
[2023-11-01T14:27:36.257+0000] {taskinstance.py:1383} INFO - Executing <Task(HttpSensor): is_api_available> on 2023-11-01 14:27:32.314471+00:00
[2023-11-01T14:27:36.264+0000] {standard_task_runner.py:55} INFO - Started process 919 to run task
[2023-11-01T14:27:36.268+0000] {standard_task_runner.py:82} INFO - Running: ['***', 'tasks', 'run', 'user_processing', 'is_api_available', 'manual__2023-11-01T14:27:32.314471+00:00', '--job-id', '63', '--raw', '--subdir', 'DAGS_FOLDER/user_processing.py', '--cfg-path', '/tmp/tmp9ing0_d6']
[2023-11-01T14:27:36.270+0000] {standard_task_runner.py:83} INFO - Job 63: Subtask is_api_available
[2023-11-01T14:27:36.381+0000] {task_command.py:376} INFO - Running <TaskInstance: user_processing.is_api_available manual__2023-11-01T14:27:32.314471+00:00 [running]> on host fb639b5910d5
[2023-11-01T14:27:36.478+0000] {taskinstance.py:1592} INFO - Exporting the following env vars:
AIRFLOW_CTX_DAG_OWNER=***
AIRFLOW_CTX_DAG_ID=user_processing
AIRFLOW_CTX_TASK_ID=is_api_available
AIRFLOW_CTX_EXECUTION_DATE=2023-11-01T14:27:32.314471+00:00
AIRFLOW_CTX_TRY_NUMBER=1
AIRFLOW_CTX_DAG_RUN_ID=manual__2023-11-01T14:27:32.314471+00:00
[2023-11-01T14:27:36.479+0000] {http.py:120} INFO - Poking: api/
[2023-11-01T14:27:36.503+0000] {base.py:71} INFO - Using connection ID 'user_api' for task execution.
[2023-11-01T14:27:36.506+0000] {http.py:148} INFO - Sending 'GET' to url: https://randomuser.me/api/
[2023-11-01T14:27:36.716+0000] {base.py:213} INFO - Success criteria met. Exiting.
[2023-11-01T14:27:36.736+0000] {taskinstance.py:1406} INFO - Marking task as SUCCESS. dag_id=user_processing, task_id=is_api_available, execution_date=20231101T142732, start_date=20231101T142736, end_date=20231101T142736
[2023-11-01T14:27:36.817+0000] {local_task_job.py:164} INFO - Task exited with return code 0
[2023-11-01T14:27:36.886+0000] {local_task_job.py:273} INFO - 1 downstream tasks scheduled from follow-on schedule check
