[2023-11-01T18:52:34.012+0000] {taskinstance.py:1165} INFO - Dependencies all met for <TaskInstance: parallel_dag.load_a manual__2023-11-01T18:52:20.775552+00:00 [queued]>
[2023-11-01T18:52:34.029+0000] {taskinstance.py:1165} INFO - Dependencies all met for <TaskInstance: parallel_dag.load_a manual__2023-11-01T18:52:20.775552+00:00 [queued]>
[2023-11-01T18:52:34.029+0000] {taskinstance.py:1362} INFO - 
--------------------------------------------------------------------------------
[2023-11-01T18:52:34.030+0000] {taskinstance.py:1363} INFO - Starting attempt 1 of 1
[2023-11-01T18:52:34.031+0000] {taskinstance.py:1364} INFO - 
--------------------------------------------------------------------------------
[2023-11-01T18:52:34.054+0000] {taskinstance.py:1383} INFO - Executing <Task(BashOperator): load_a> on 2023-11-01 18:52:20.775552+00:00
[2023-11-01T18:52:34.061+0000] {standard_task_runner.py:55} INFO - Started process 204 to run task
[2023-11-01T18:52:34.064+0000] {standard_task_runner.py:82} INFO - Running: ['***', 'tasks', 'run', 'parallel_dag', 'load_a', 'manual__2023-11-01T18:52:20.775552+00:00', '--job-id', '17', '--raw', '--subdir', 'DAGS_FOLDER/parallel_dag.py', '--cfg-path', '/tmp/tmp07di5qe_']
[2023-11-01T18:52:34.065+0000] {standard_task_runner.py:83} INFO - Job 17: Subtask load_a
[2023-11-01T18:52:34.136+0000] {task_command.py:376} INFO - Running <TaskInstance: parallel_dag.load_a manual__2023-11-01T18:52:20.775552+00:00 [running]> on host 0afe12bce7c8
[2023-11-01T18:52:34.226+0000] {taskinstance.py:1592} INFO - Exporting the following env vars:
AIRFLOW_CTX_DAG_OWNER=***
AIRFLOW_CTX_DAG_ID=parallel_dag
AIRFLOW_CTX_TASK_ID=load_a
AIRFLOW_CTX_EXECUTION_DATE=2023-11-01T18:52:20.775552+00:00
AIRFLOW_CTX_TRY_NUMBER=1
AIRFLOW_CTX_DAG_RUN_ID=manual__2023-11-01T18:52:20.775552+00:00
[2023-11-01T18:52:34.227+0000] {subprocess.py:63} INFO - Tmp dir root location: 
 /tmp
[2023-11-01T18:52:34.228+0000] {subprocess.py:75} INFO - Running command: ['/bin/bash', '-c', 'sleep 10']
[2023-11-01T18:52:34.239+0000] {subprocess.py:86} INFO - Output:
[2023-11-01T18:52:44.242+0000] {subprocess.py:97} INFO - Command exited with return code 0
[2023-11-01T18:52:44.279+0000] {taskinstance.py:1406} INFO - Marking task as SUCCESS. dag_id=parallel_dag, task_id=load_a, execution_date=20231101T185220, start_date=20231101T185234, end_date=20231101T185244
[2023-11-01T18:52:44.334+0000] {local_task_job.py:164} INFO - Task exited with return code 0
[2023-11-01T18:52:44.369+0000] {local_task_job.py:273} INFO - 1 downstream tasks scheduled from follow-on schedule check
