[2023-11-01T14:27:39.124+0000] {taskinstance.py:1165} INFO - Dependencies all met for <TaskInstance: user_processing.extract_user manual__2023-11-01T14:27:32.314471+00:00 [queued]>
[2023-11-01T14:27:39.149+0000] {taskinstance.py:1165} INFO - Dependencies all met for <TaskInstance: user_processing.extract_user manual__2023-11-01T14:27:32.314471+00:00 [queued]>
[2023-11-01T14:27:39.150+0000] {taskinstance.py:1362} INFO - 
--------------------------------------------------------------------------------
[2023-11-01T14:27:39.153+0000] {taskinstance.py:1363} INFO - Starting attempt 1 of 1
[2023-11-01T14:27:39.153+0000] {taskinstance.py:1364} INFO - 
--------------------------------------------------------------------------------
[2023-11-01T14:27:39.178+0000] {taskinstance.py:1383} INFO - Executing <Task(SimpleHttpOperator): extract_user> on 2023-11-01 14:27:32.314471+00:00
[2023-11-01T14:27:39.189+0000] {standard_task_runner.py:55} INFO - Started process 936 to run task
[2023-11-01T14:27:39.192+0000] {standard_task_runner.py:82} INFO - Running: ['***', 'tasks', 'run', 'user_processing', 'extract_user', 'manual__2023-11-01T14:27:32.314471+00:00', '--job-id', '65', '--raw', '--subdir', 'DAGS_FOLDER/user_processing.py', '--cfg-path', '/tmp/tmpmkvkgsyg']
[2023-11-01T14:27:39.194+0000] {standard_task_runner.py:83} INFO - Job 65: Subtask extract_user
[2023-11-01T14:27:39.288+0000] {task_command.py:376} INFO - Running <TaskInstance: user_processing.extract_user manual__2023-11-01T14:27:32.314471+00:00 [running]> on host fb639b5910d5
[2023-11-01T14:27:39.407+0000] {taskinstance.py:1592} INFO - Exporting the following env vars:
AIRFLOW_CTX_DAG_OWNER=***
AIRFLOW_CTX_DAG_ID=user_processing
AIRFLOW_CTX_TASK_ID=extract_user
AIRFLOW_CTX_EXECUTION_DATE=2023-11-01T14:27:32.314471+00:00
AIRFLOW_CTX_TRY_NUMBER=1
AIRFLOW_CTX_DAG_RUN_ID=manual__2023-11-01T14:27:32.314471+00:00
[2023-11-01T14:27:39.409+0000] {http.py:121} INFO - Calling HTTP method
[2023-11-01T14:27:39.424+0000] {base.py:71} INFO - Using connection ID 'user_api' for task execution.
[2023-11-01T14:27:39.427+0000] {http.py:148} INFO - Sending 'GET' to url: https://randomuser.me/api/
[2023-11-01T14:27:39.913+0000] {http.py:125} INFO - {"results":[{"gender":"female","name":{"title":"Miss","first":"Lilija","last":"Faust"},"location":{"street":{"number":3469,"name":"Erlenweg"},"city":"Schnaittenbach","state":"Hessen","country":"Germany","postcode":97310,"coordinates":{"latitude":"-53.9006","longitude":"174.4909"},"timezone":{"offset":"+5:30","description":"Bombay, Calcutta, Madras, New Delhi"}},"email":"lilija.faust@example.com","login":{"uuid":"934b54c6-f517-4670-9029-4c3de4e06a35","username":"organicfish797","password":"bruce","salt":"wgBzBatc","md5":"47ea6ce60d03dab4604e326a70f4b623","sha1":"af2ecef75601e13a298dd6a6aa3a01b3b28fc93e","sha256":"7ea218d7d561fc56f222c44bec6179bb4b7a7a19bd832b62de5c1258cb69048e"},"dob":{"date":"1957-08-07T18:46:53.425Z","age":66},"registered":{"date":"2019-01-07T18:48:17.833Z","age":4},"phone":"0290-3623401","cell":"0176-7372860","id":{"name":"SVNR","value":"02 070857 F 802"},"picture":{"large":"https://randomuser.me/api/portraits/women/86.jpg","medium":"https://randomuser.me/api/portraits/med/women/86.jpg","thumbnail":"https://randomuser.me/api/portraits/thumb/women/86.jpg"},"nat":"DE"}],"info":{"seed":"77e392a37d48d8a1","results":1,"page":1,"version":"1.4"}}
[2023-11-01T14:27:39.974+0000] {taskinstance.py:1406} INFO - Marking task as SUCCESS. dag_id=user_processing, task_id=extract_user, execution_date=20231101T142732, start_date=20231101T142739, end_date=20231101T142739
[2023-11-01T14:27:40.010+0000] {local_task_job.py:164} INFO - Task exited with return code 0
[2023-11-01T14:27:40.053+0000] {local_task_job.py:273} INFO - 1 downstream tasks scheduled from follow-on schedule check
