[2023-11-10T10:42:43.973+0000] {taskinstance.py:1087} INFO - Dependencies all met for <TaskInstance: people.read_people manual__2023-11-10T10:42:39.636290+00:00 [queued]>
[2023-11-10T10:42:43.993+0000] {taskinstance.py:1087} INFO - Dependencies all met for <TaskInstance: people.read_people manual__2023-11-10T10:42:39.636290+00:00 [queued]>
[2023-11-10T10:42:43.994+0000] {taskinstance.py:1283} INFO - 
--------------------------------------------------------------------------------
[2023-11-10T10:42:43.996+0000] {taskinstance.py:1284} INFO - Starting attempt 1 of 1
[2023-11-10T10:42:43.997+0000] {taskinstance.py:1285} INFO - 
--------------------------------------------------------------------------------
[2023-11-10T10:42:44.047+0000] {taskinstance.py:1304} INFO - Executing <Task(PythonOperator): read_people> on 2023-11-10 10:42:39.636290+00:00
[2023-11-10T10:42:44.055+0000] {standard_task_runner.py:55} INFO - Started process 2190 to run task
[2023-11-10T10:42:44.063+0000] {standard_task_runner.py:82} INFO - Running: ['***', 'tasks', 'run', 'people', 'read_people', 'manual__2023-11-10T10:42:39.636290+00:00', '--job-id', '478', '--raw', '--subdir', 'DAGS_FOLDER/people.py', '--cfg-path', '/tmp/tmp35ei5c1s']
[2023-11-10T10:42:44.066+0000] {standard_task_runner.py:83} INFO - Job 478: Subtask read_people
[2023-11-10T10:42:44.165+0000] {task_command.py:389} INFO - Running <TaskInstance: people.read_people manual__2023-11-10T10:42:39.636290+00:00 [running]> on host ccf8e59e32fe
[2023-11-10T10:42:44.554+0000] {taskinstance.py:1513} INFO - Exporting the following env vars:
AIRFLOW_CTX_DAG_OWNER=Tetiana
AIRFLOW_CTX_DAG_ID=people
AIRFLOW_CTX_TASK_ID=read_people
AIRFLOW_CTX_EXECUTION_DATE=2023-11-10T10:42:39.636290+00:00
AIRFLOW_CTX_TRY_NUMBER=1
AIRFLOW_CTX_DAG_RUN_ID=manual__2023-11-10T10:42:39.636290+00:00
[2023-11-10T10:42:44.585+0000] {base.py:73} INFO - Using connection ID 'postgres' for task execution.
[2023-11-10T10:42:44.637+0000] {sql.py:462} INFO - Done loading. Loaded a total of 103 rows into people
[2023-11-10T10:42:44.638+0000] {python.py:177} INFO - Done. Returned value was: None
[2023-11-10T10:42:44.650+0000] {taskinstance.py:1327} INFO - Marking task as SUCCESS. dag_id=people, task_id=read_people, execution_date=20231110T104239, start_date=20231110T104243, end_date=20231110T104244
[2023-11-10T10:42:44.714+0000] {local_task_job.py:159} INFO - Task exited with return code 0
[2023-11-10T10:42:44.746+0000] {taskinstance.py:2582} INFO - 1 downstream tasks scheduled from follow-on schedule check
