[2023-11-01T14:19:57.934+0000] {taskinstance.py:1165} INFO - Dependencies all met for <TaskInstance: consumer.read_dataset dataset_triggered__2023-11-01T14:19:57.032163+00:00 [queued]>
[2023-11-01T14:19:57.959+0000] {taskinstance.py:1165} INFO - Dependencies all met for <TaskInstance: consumer.read_dataset dataset_triggered__2023-11-01T14:19:57.032163+00:00 [queued]>
[2023-11-01T14:19:57.959+0000] {taskinstance.py:1362} INFO - 
--------------------------------------------------------------------------------
[2023-11-01T14:19:57.960+0000] {taskinstance.py:1363} INFO - Starting attempt 1 of 1
[2023-11-01T14:19:57.963+0000] {taskinstance.py:1364} INFO - 
--------------------------------------------------------------------------------
[2023-11-01T14:19:57.987+0000] {taskinstance.py:1383} INFO - Executing <Task(_PythonDecoratedOperator): read_dataset> on 2023-11-01 14:19:57.032163+00:00
[2023-11-01T14:19:57.995+0000] {standard_task_runner.py:55} INFO - Started process 559 to run task
[2023-11-01T14:19:57.999+0000] {standard_task_runner.py:82} INFO - Running: ['***', 'tasks', 'run', 'consumer', 'read_dataset', 'dataset_triggered__2023-11-01T14:19:57.032163+00:00', '--job-id', '59', '--raw', '--subdir', 'DAGS_FOLDER/consumer.py', '--cfg-path', '/tmp/tmp0jfg874u']
[2023-11-01T14:19:58.001+0000] {standard_task_runner.py:83} INFO - Job 59: Subtask read_dataset
[2023-11-01T14:19:58.096+0000] {task_command.py:376} INFO - Running <TaskInstance: consumer.read_dataset dataset_triggered__2023-11-01T14:19:57.032163+00:00 [running]> on host fb639b5910d5
[2023-11-01T14:19:58.198+0000] {taskinstance.py:1592} INFO - Exporting the following env vars:
AIRFLOW_CTX_DAG_OWNER=***
AIRFLOW_CTX_DAG_ID=consumer
AIRFLOW_CTX_TASK_ID=read_dataset
AIRFLOW_CTX_EXECUTION_DATE=2023-11-01T14:19:57.032163+00:00
AIRFLOW_CTX_TRY_NUMBER=1
AIRFLOW_CTX_DAG_RUN_ID=dataset_triggered__2023-11-01T14:19:57.032163+00:00
[2023-11-01T14:19:58.200+0000] {logging_mixin.py:120} INFO - producer updateproducer update
[2023-11-01T14:19:58.201+0000] {python.py:177} INFO - Done. Returned value was: None
[2023-11-01T14:19:58.214+0000] {taskinstance.py:1406} INFO - Marking task as SUCCESS. dag_id=consumer, task_id=read_dataset, execution_date=20231101T141957, start_date=20231101T141957, end_date=20231101T141958
[2023-11-01T14:19:58.253+0000] {local_task_job.py:164} INFO - Task exited with return code 0
[2023-11-01T14:19:58.279+0000] {local_task_job.py:273} INFO - 0 downstream tasks scheduled from follow-on schedule check
