[2023-11-13T11:19:21.309+0000] {taskinstance.py:1087} INFO - Dependencies all met for <TaskInstance: customers.create_customers_table manual__2023-11-13T11:19:17.582947+00:00 [queued]>
[2023-11-13T11:19:21.333+0000] {taskinstance.py:1087} INFO - Dependencies all met for <TaskInstance: customers.create_customers_table manual__2023-11-13T11:19:17.582947+00:00 [queued]>
[2023-11-13T11:19:21.334+0000] {taskinstance.py:1283} INFO - 
--------------------------------------------------------------------------------
[2023-11-13T11:19:21.335+0000] {taskinstance.py:1284} INFO - Starting attempt 1 of 1
[2023-11-13T11:19:21.336+0000] {taskinstance.py:1285} INFO - 
--------------------------------------------------------------------------------
[2023-11-13T11:19:21.364+0000] {taskinstance.py:1304} INFO - Executing <Task(PostgresOperator): create_customers_table> on 2023-11-13 11:19:17.582947+00:00
[2023-11-13T11:19:21.371+0000] {standard_task_runner.py:55} INFO - Started process 6727 to run task
[2023-11-13T11:19:21.374+0000] {standard_task_runner.py:82} INFO - Running: ['***', 'tasks', 'run', 'customers', 'create_customers_table', 'manual__2023-11-13T11:19:17.582947+00:00', '--job-id', '629', '--raw', '--subdir', 'DAGS_FOLDER/customer.py', '--cfg-path', '/tmp/tmpkljfbo_x']
[2023-11-13T11:19:21.376+0000] {standard_task_runner.py:83} INFO - Job 629: Subtask create_customers_table
[2023-11-13T11:19:21.456+0000] {task_command.py:389} INFO - Running <TaskInstance: customers.create_customers_table manual__2023-11-13T11:19:17.582947+00:00 [running]> on host 06d7566f07d2
[2023-11-13T11:19:22.912+0000] {taskinstance.py:1513} INFO - Exporting the following env vars:
AIRFLOW_CTX_DAG_OWNER=Tetiana
AIRFLOW_CTX_DAG_ID=customers
AIRFLOW_CTX_TASK_ID=create_customers_table
AIRFLOW_CTX_EXECUTION_DATE=2023-11-13T11:19:17.582947+00:00
AIRFLOW_CTX_TRY_NUMBER=1
AIRFLOW_CTX_DAG_RUN_ID=manual__2023-11-13T11:19:17.582947+00:00
[2023-11-13T11:19:22.915+0000] {sql.py:253} INFO - Executing: 
        CREATE TABLE IF NOT EXISTS customers (
            Index INT NOT NULL primary key,
            Customer_Id varchar(100),
            First_Name varchar(100),
            Last_Name varchar(100),
            Company varchar(100),
            City varchar(100),
            Country varchar(100),
            Phone_1 varchar(100),
            Email varchar(100),
            "Subscription Date" date,
            Website varchar(100)
        );
    
[2023-11-13T11:19:22.937+0000] {base.py:73} INFO - Using connection ID 'postgres' for task execution.
[2023-11-13T11:19:23.391+0000] {base.py:73} INFO - Using connection ID 'postgres' for task execution.
[2023-11-13T11:19:23.397+0000] {sql.py:364} INFO - Running statement: 
        CREATE TABLE IF NOT EXISTS customers (
            Index INT NOT NULL primary key,
            Customer_Id varchar(100),
            First_Name varchar(100),
            Last_Name varchar(100),
            Company varchar(100),
            City varchar(100),
            Country varchar(100),
            Phone_1 varchar(100),
            Email varchar(100),
            "Subscription Date" date,
            Website varchar(100)
        );
    , parameters: None
[2023-11-13T11:19:23.434+0000] {taskinstance.py:1327} INFO - Marking task as SUCCESS. dag_id=customers, task_id=create_customers_table, execution_date=20231113T111917, start_date=20231113T111921, end_date=20231113T111923
[2023-11-13T11:19:23.496+0000] {local_task_job.py:159} INFO - Task exited with return code 0
[2023-11-13T11:19:23.538+0000] {taskinstance.py:2582} INFO - 1 downstream tasks scheduled from follow-on schedule check
