[2023-11-10T08:50:59.942+0000] {taskinstance.py:1087} INFO - Dependencies all met for <TaskInstance: customers.save_customers_to_excel manual__2023-11-10T08:50:50.675754+00:00 [queued]>
[2023-11-10T08:50:59.957+0000] {taskinstance.py:1087} INFO - Dependencies all met for <TaskInstance: customers.save_customers_to_excel manual__2023-11-10T08:50:50.675754+00:00 [queued]>
[2023-11-10T08:50:59.958+0000] {taskinstance.py:1283} INFO - 
--------------------------------------------------------------------------------
[2023-11-10T08:50:59.959+0000] {taskinstance.py:1284} INFO - Starting attempt 1 of 1
[2023-11-10T08:50:59.959+0000] {taskinstance.py:1285} INFO - 
--------------------------------------------------------------------------------
[2023-11-10T08:50:59.979+0000] {taskinstance.py:1304} INFO - Executing <Task(PythonOperator): save_customers_to_excel> on 2023-11-10 08:50:50.675754+00:00
[2023-11-10T08:50:59.986+0000] {standard_task_runner.py:55} INFO - Started process 114 to run task
[2023-11-10T08:50:59.988+0000] {standard_task_runner.py:82} INFO - Running: ['***', 'tasks', 'run', 'customers', 'save_customers_to_excel', 'manual__2023-11-10T08:50:50.675754+00:00', '--job-id', '405', '--raw', '--subdir', 'DAGS_FOLDER/customer_1.py', '--cfg-path', '/tmp/tmp8iw_hqx1']
[2023-11-10T08:50:59.990+0000] {standard_task_runner.py:83} INFO - Job 405: Subtask save_customers_to_excel
[2023-11-10T08:51:00.071+0000] {task_command.py:389} INFO - Running <TaskInstance: customers.save_customers_to_excel manual__2023-11-10T08:50:50.675754+00:00 [running]> on host e9f864b40c90
[2023-11-10T08:51:00.335+0000] {taskinstance.py:1513} INFO - Exporting the following env vars:
AIRFLOW_CTX_DAG_OWNER=***
AIRFLOW_CTX_DAG_ID=customers
AIRFLOW_CTX_TASK_ID=save_customers_to_excel
AIRFLOW_CTX_EXECUTION_DATE=2023-11-10T08:50:50.675754+00:00
AIRFLOW_CTX_TRY_NUMBER=1
AIRFLOW_CTX_DAG_RUN_ID=manual__2023-11-10T08:50:50.675754+00:00
[2023-11-10T08:51:00.346+0000] {base.py:73} INFO - Using connection ID 'postgres' for task execution.
[2023-11-10T08:51:00.392+0000] {base.py:73} INFO - Using connection ID 'postgres' for task execution.
[2023-11-10T08:51:00.451+0000] {python.py:177} INFO - Done. Returned value was: None
[2023-11-10T08:51:00.463+0000] {taskinstance.py:1327} INFO - Marking task as SUCCESS. dag_id=customers, task_id=save_customers_to_excel, execution_date=20231110T085050, start_date=20231110T085059, end_date=20231110T085100
[2023-11-10T08:51:00.527+0000] {local_task_job.py:159} INFO - Task exited with return code 0
[2023-11-10T08:51:00.548+0000] {taskinstance.py:2582} INFO - 0 downstream tasks scheduled from follow-on schedule check
