[2023-11-01T14:34:40.514+0000] {taskinstance.py:1165} INFO - Dependencies all met for <TaskInstance: producer.update_dataset_2 manual__2023-11-01T14:34:37.240999+00:00 [queued]>
[2023-11-01T14:34:40.529+0000] {taskinstance.py:1165} INFO - Dependencies all met for <TaskInstance: producer.update_dataset_2 manual__2023-11-01T14:34:37.240999+00:00 [queued]>
[2023-11-01T14:34:40.530+0000] {taskinstance.py:1362} INFO - 
--------------------------------------------------------------------------------
[2023-11-01T14:34:40.531+0000] {taskinstance.py:1363} INFO - Starting attempt 1 of 1
[2023-11-01T14:34:40.531+0000] {taskinstance.py:1364} INFO - 
--------------------------------------------------------------------------------
[2023-11-01T14:34:40.558+0000] {taskinstance.py:1383} INFO - Executing <Task(_PythonDecoratedOperator): update_dataset_2> on 2023-11-01 14:34:37.240999+00:00
[2023-11-01T14:34:40.565+0000] {standard_task_runner.py:55} INFO - Started process 1267 to run task
[2023-11-01T14:34:40.572+0000] {standard_task_runner.py:82} INFO - Running: ['***', 'tasks', 'run', 'producer', 'update_dataset_2', 'manual__2023-11-01T14:34:37.240999+00:00', '--job-id', '71', '--raw', '--subdir', 'DAGS_FOLDER/producer.py', '--cfg-path', '/tmp/tmp3xnzffvh']
[2023-11-01T14:34:40.573+0000] {standard_task_runner.py:83} INFO - Job 71: Subtask update_dataset_2
[2023-11-01T14:34:40.661+0000] {task_command.py:376} INFO - Running <TaskInstance: producer.update_dataset_2 manual__2023-11-01T14:34:37.240999+00:00 [running]> on host fb639b5910d5
[2023-11-01T14:34:40.768+0000] {taskinstance.py:1592} INFO - Exporting the following env vars:
AIRFLOW_CTX_DAG_OWNER=***
AIRFLOW_CTX_DAG_ID=producer
AIRFLOW_CTX_TASK_ID=update_dataset_2
AIRFLOW_CTX_EXECUTION_DATE=2023-11-01T14:34:37.240999+00:00
AIRFLOW_CTX_TRY_NUMBER=1
AIRFLOW_CTX_DAG_RUN_ID=manual__2023-11-01T14:34:37.240999+00:00
[2023-11-01T14:34:40.773+0000] {python.py:177} INFO - Done. Returned value was: None
[2023-11-01T14:34:40.776+0000] {warnings.py:110} WARNING - /home/***/.local/lib/python3.7/site-packages/***/models/baseoperator.py:1390: RemovedInAirflow3Warning: Passing 'execution_date' to 'TaskInstance.xcom_push()' is deprecated.
  context['ti'].xcom_push(key=key, value=value, execution_date=execution_date)

[2023-11-01T14:34:40.810+0000] {taskinstance.py:1406} INFO - Marking task as SUCCESS. dag_id=producer, task_id=update_dataset_2, execution_date=20231101T143437, start_date=20231101T143440, end_date=20231101T143440
[2023-11-01T14:34:40.862+0000] {local_task_job.py:164} INFO - Task exited with return code 0
[2023-11-01T14:34:40.892+0000] {local_task_job.py:273} INFO - 0 downstream tasks scheduled from follow-on schedule check
