[2023-11-10T09:55:47.104+0000] {taskinstance.py:1087} INFO - Dependencies all met for <TaskInstance: people.create_people_table manual__2023-11-10T09:55:44.224000+00:00 [queued]>
[2023-11-10T09:55:47.135+0000] {taskinstance.py:1087} INFO - Dependencies all met for <TaskInstance: people.create_people_table manual__2023-11-10T09:55:44.224000+00:00 [queued]>
[2023-11-10T09:55:47.136+0000] {taskinstance.py:1283} INFO - 
--------------------------------------------------------------------------------
[2023-11-10T09:55:47.137+0000] {taskinstance.py:1284} INFO - Starting attempt 1 of 1
[2023-11-10T09:55:47.138+0000] {taskinstance.py:1285} INFO - 
--------------------------------------------------------------------------------
[2023-11-10T09:55:47.159+0000] {taskinstance.py:1304} INFO - Executing <Task(PostgresOperator): create_people_table> on 2023-11-10 09:55:44.224000+00:00
[2023-11-10T09:55:47.167+0000] {standard_task_runner.py:55} INFO - Started process 3906 to run task
[2023-11-10T09:55:47.170+0000] {standard_task_runner.py:82} INFO - Running: ['***', 'tasks', 'run', 'people', 'create_people_table', 'manual__2023-11-10T09:55:44.224000+00:00', '--job-id', '447', '--raw', '--subdir', 'DAGS_FOLDER/people.py', '--cfg-path', '/tmp/tmpediam8k3']
[2023-11-10T09:55:47.172+0000] {standard_task_runner.py:83} INFO - Job 447: Subtask create_people_table
[2023-11-10T09:55:47.259+0000] {task_command.py:389} INFO - Running <TaskInstance: people.create_people_table manual__2023-11-10T09:55:44.224000+00:00 [running]> on host e9f864b40c90
[2023-11-10T09:55:48.105+0000] {taskinstance.py:1513} INFO - Exporting the following env vars:
AIRFLOW_CTX_DAG_OWNER=***
AIRFLOW_CTX_DAG_ID=people
AIRFLOW_CTX_TASK_ID=create_people_table
AIRFLOW_CTX_EXECUTION_DATE=2023-11-10T09:55:44.224000+00:00
AIRFLOW_CTX_TRY_NUMBER=1
AIRFLOW_CTX_DAG_RUN_ID=manual__2023-11-10T09:55:44.224000+00:00
[2023-11-10T09:55:48.107+0000] {sql.py:253} INFO - Executing: 
        CREATE TABLE IF NOT EXISTS people (
            Index INT NOT NULL primary key,
            User_Id varchar(100),
            First_Name varchar(100),
            Last_Name varchar(100),
            Sex varchar(100),
            Email varchar(100),
            Phone varchar(100),
            Date_of_birth Date,
            Job_title varchar(100)
        );
    
[2023-11-10T09:55:48.131+0000] {base.py:73} INFO - Using connection ID 'postgres' for task execution.
[2023-11-10T09:55:48.523+0000] {base.py:73} INFO - Using connection ID 'postgres' for task execution.
[2023-11-10T09:55:48.529+0000] {sql.py:364} INFO - Running statement: 
        CREATE TABLE IF NOT EXISTS people (
            Index INT NOT NULL primary key,
            User_Id varchar(100),
            First_Name varchar(100),
            Last_Name varchar(100),
            Sex varchar(100),
            Email varchar(100),
            Phone varchar(100),
            Date_of_birth Date,
            Job_title varchar(100)
        );
    , parameters: None
[2023-11-10T09:55:48.544+0000] {taskinstance.py:1327} INFO - Marking task as SUCCESS. dag_id=people, task_id=create_people_table, execution_date=20231110T095544, start_date=20231110T095547, end_date=20231110T095548
[2023-11-10T09:55:48.609+0000] {local_task_job.py:159} INFO - Task exited with return code 0
[2023-11-10T09:55:48.670+0000] {taskinstance.py:2582} INFO - 1 downstream tasks scheduled from follow-on schedule check
