[2023-11-03T15:19:12.239+0000] {taskinstance.py:1165} INFO - Dependencies all met for <TaskInstance: people.read_countries manual__2023-11-03T15:19:08.992228+00:00 [queued]>
[2023-11-03T15:19:12.263+0000] {taskinstance.py:1165} INFO - Dependencies all met for <TaskInstance: people.read_countries manual__2023-11-03T15:19:08.992228+00:00 [queued]>
[2023-11-03T15:19:12.264+0000] {taskinstance.py:1362} INFO - 
--------------------------------------------------------------------------------
[2023-11-03T15:19:12.266+0000] {taskinstance.py:1363} INFO - Starting attempt 1 of 1
[2023-11-03T15:19:12.274+0000] {taskinstance.py:1364} INFO - 
--------------------------------------------------------------------------------
[2023-11-03T15:19:12.304+0000] {taskinstance.py:1383} INFO - Executing <Task(PythonOperator): read_countries> on 2023-11-03 15:19:08.992228+00:00
[2023-11-03T15:19:12.319+0000] {standard_task_runner.py:55} INFO - Started process 309 to run task
[2023-11-03T15:19:12.324+0000] {standard_task_runner.py:82} INFO - Running: ['***', 'tasks', 'run', 'people', 'read_countries', 'manual__2023-11-03T15:19:08.992228+00:00', '--job-id', '62', '--raw', '--subdir', 'DAGS_FOLDER/people.py', '--cfg-path', '/tmp/tmpthugijf9']
[2023-11-03T15:19:12.338+0000] {standard_task_runner.py:83} INFO - Job 62: Subtask read_countries
[2023-11-03T15:19:12.555+0000] {task_command.py:376} INFO - Running <TaskInstance: people.read_countries manual__2023-11-03T15:19:08.992228+00:00 [running]> on host 113d79be32ee
[2023-11-03T15:19:12.747+0000] {taskinstance.py:1592} INFO - Exporting the following env vars:
AIRFLOW_CTX_DAG_OWNER=***
AIRFLOW_CTX_DAG_ID=people
AIRFLOW_CTX_TASK_ID=read_countries
AIRFLOW_CTX_EXECUTION_DATE=2023-11-03T15:19:08.992228+00:00
AIRFLOW_CTX_TRY_NUMBER=1
AIRFLOW_CTX_DAG_RUN_ID=manual__2023-11-03T15:19:08.992228+00:00
[2023-11-03T15:19:12.774+0000] {logging_mixin.py:120} INFO - []
[2023-11-03T15:19:12.813+0000] {base.py:71} INFO - Using connection ID 'postgres' for task execution.
[2023-11-03T15:19:12.829+0000] {sql.py:415} INFO - Done loading. Loaded a total of 0 rows
[2023-11-03T15:19:12.840+0000] {python.py:177} INFO - Done. Returned value was: None
[2023-11-03T15:19:12.854+0000] {taskinstance.py:1406} INFO - Marking task as SUCCESS. dag_id=people, task_id=read_countries, execution_date=20231103T151908, start_date=20231103T151912, end_date=20231103T151912
[2023-11-03T15:19:12.934+0000] {local_task_job.py:164} INFO - Task exited with return code 0
[2023-11-03T15:19:12.974+0000] {local_task_job.py:273} INFO - 0 downstream tasks scheduled from follow-on schedule check
