[2023-11-07T13:38:42.373+0000] {taskinstance.py:1165} INFO - Dependencies all met for <TaskInstance: people.save_people_to_excel manual__2023-11-07T13:38:35.567326+00:00 [queued]>
[2023-11-07T13:38:42.390+0000] {taskinstance.py:1165} INFO - Dependencies all met for <TaskInstance: people.save_people_to_excel manual__2023-11-07T13:38:35.567326+00:00 [queued]>
[2023-11-07T13:38:42.391+0000] {taskinstance.py:1362} INFO - 
--------------------------------------------------------------------------------
[2023-11-07T13:38:42.392+0000] {taskinstance.py:1363} INFO - Starting attempt 1 of 1
[2023-11-07T13:38:42.393+0000] {taskinstance.py:1364} INFO - 
--------------------------------------------------------------------------------
[2023-11-07T13:38:42.421+0000] {taskinstance.py:1383} INFO - Executing <Task(PythonOperator): save_people_to_excel> on 2023-11-07 13:38:35.567326+00:00
[2023-11-07T13:38:42.427+0000] {standard_task_runner.py:55} INFO - Started process 10402 to run task
[2023-11-07T13:38:42.431+0000] {standard_task_runner.py:82} INFO - Running: ['***', 'tasks', 'run', 'people', 'save_people_to_excel', 'manual__2023-11-07T13:38:35.567326+00:00', '--job-id', '520', '--raw', '--subdir', 'DAGS_FOLDER/people.py', '--cfg-path', '/tmp/tmpuzdj17m9']
[2023-11-07T13:38:42.434+0000] {standard_task_runner.py:83} INFO - Job 520: Subtask save_people_to_excel
[2023-11-07T13:38:42.527+0000] {task_command.py:376} INFO - Running <TaskInstance: people.save_people_to_excel manual__2023-11-07T13:38:35.567326+00:00 [running]> on host 7cf1ce11ad7e
[2023-11-07T13:38:43.275+0000] {taskinstance.py:1592} INFO - Exporting the following env vars:
AIRFLOW_CTX_DAG_OWNER=***
AIRFLOW_CTX_DAG_ID=people
AIRFLOW_CTX_TASK_ID=save_people_to_excel
AIRFLOW_CTX_EXECUTION_DATE=2023-11-07T13:38:35.567326+00:00
AIRFLOW_CTX_TRY_NUMBER=1
AIRFLOW_CTX_DAG_RUN_ID=manual__2023-11-07T13:38:35.567326+00:00
[2023-11-07T13:38:43.483+0000] {base.py:71} INFO - Using connection ID 'postgres' for task execution.
[2023-11-07T13:38:43.600+0000] {python.py:177} INFO - Done. Returned value was: None
[2023-11-07T13:38:43.619+0000] {taskinstance.py:1406} INFO - Marking task as SUCCESS. dag_id=people, task_id=save_people_to_excel, execution_date=20231107T133835, start_date=20231107T133842, end_date=20231107T133843
[2023-11-07T13:38:43.684+0000] {local_task_job.py:164} INFO - Task exited with return code 0
[2023-11-07T13:38:43.709+0000] {local_task_job.py:273} INFO - 0 downstream tasks scheduled from follow-on schedule check
