[2023-11-10T09:09:38.459+0000] {taskinstance.py:1087} INFO - Dependencies all met for <TaskInstance: customers.save_customers_to_excel manual__2023-11-10T09:09:31.685365+00:00 [queued]>
[2023-11-10T09:09:38.489+0000] {taskinstance.py:1087} INFO - Dependencies all met for <TaskInstance: customers.save_customers_to_excel manual__2023-11-10T09:09:31.685365+00:00 [queued]>
[2023-11-10T09:09:38.490+0000] {taskinstance.py:1283} INFO - 
--------------------------------------------------------------------------------
[2023-11-10T09:09:38.491+0000] {taskinstance.py:1284} INFO - Starting attempt 1 of 1
[2023-11-10T09:09:38.494+0000] {taskinstance.py:1285} INFO - 
--------------------------------------------------------------------------------
[2023-11-10T09:09:38.526+0000] {taskinstance.py:1304} INFO - Executing <Task(PythonOperator): save_customers_to_excel> on 2023-11-10 09:09:31.685365+00:00
[2023-11-10T09:09:38.534+0000] {standard_task_runner.py:55} INFO - Started process 1227 to run task
[2023-11-10T09:09:38.537+0000] {standard_task_runner.py:82} INFO - Running: ['***', 'tasks', 'run', 'customers', 'save_customers_to_excel', 'manual__2023-11-10T09:09:31.685365+00:00', '--job-id', '430', '--raw', '--subdir', 'DAGS_FOLDER/customers_.py', '--cfg-path', '/tmp/tmptisgmozp']
[2023-11-10T09:09:38.539+0000] {standard_task_runner.py:83} INFO - Job 430: Subtask save_customers_to_excel
[2023-11-10T09:09:38.618+0000] {task_command.py:389} INFO - Running <TaskInstance: customers.save_customers_to_excel manual__2023-11-10T09:09:31.685365+00:00 [running]> on host e9f864b40c90
[2023-11-10T09:09:38.871+0000] {taskinstance.py:1513} INFO - Exporting the following env vars:
AIRFLOW_CTX_DAG_OWNER=Tetiana
AIRFLOW_CTX_DAG_ID=customers
AIRFLOW_CTX_TASK_ID=save_customers_to_excel
AIRFLOW_CTX_EXECUTION_DATE=2023-11-10T09:09:31.685365+00:00
AIRFLOW_CTX_TRY_NUMBER=1
AIRFLOW_CTX_DAG_RUN_ID=manual__2023-11-10T09:09:31.685365+00:00
[2023-11-10T09:09:38.914+0000] {base.py:73} INFO - Using connection ID 'postgres' for task execution.
[2023-11-10T09:09:38.923+0000] {taskinstance.py:1772} ERROR - Task failed with exception
Traceback (most recent call last):
  File "/home/airflow/.local/lib/python3.7/site-packages/airflow/operators/python.py", line 175, in execute
    return_value = self.execute_callable()
  File "/home/airflow/.local/lib/python3.7/site-packages/airflow/operators/python.py", line 192, in execute_callable
    return self.python_callable(*self.op_args, **self.op_kwargs)
  File "/opt/airflow/dags/customers_.py", line 76, in _save_customers_to_excel
    df['Years_Until_Subscription'] = df['Subscription Date'].apply(years_until)
  File "/home/airflow/.local/lib/python3.7/site-packages/pandas/core/series.py", line 4357, in apply
    return SeriesApply(self, func, convert_dtype, args, kwargs).apply()
  File "/home/airflow/.local/lib/python3.7/site-packages/pandas/core/apply.py", line 1043, in apply
    return self.apply_standard()
  File "/home/airflow/.local/lib/python3.7/site-packages/pandas/core/apply.py", line 1101, in apply_standard
    convert=self.convert_dtype,
  File "pandas/_libs/lib.pyx", line 2859, in pandas._libs.lib.map_infer
  File "/opt/airflow/dags/count_years.py", line 5, in years_until
    if isinstance(target_date, date):
UnboundLocalError: local variable 'target_date' referenced before assignment
[2023-11-10T09:09:38.944+0000] {taskinstance.py:1327} INFO - Marking task as FAILED. dag_id=customers, task_id=save_customers_to_excel, execution_date=20231110T090931, start_date=20231110T090938, end_date=20231110T090938
[2023-11-10T09:09:38.964+0000] {standard_task_runner.py:105} ERROR - Failed to execute job 430 for task save_customers_to_excel (local variable 'target_date' referenced before assignment; 1227)
[2023-11-10T09:09:38.991+0000] {local_task_job.py:159} INFO - Task exited with return code 1
[2023-11-10T09:09:39.013+0000] {taskinstance.py:2582} INFO - 0 downstream tasks scheduled from follow-on schedule check
