[2023-11-10T14:34:37.502+0000] {taskinstance.py:1087} INFO - Dependencies all met for <TaskInstance: customers.read_customers manual__2023-11-10T14:34:32.262493+00:00 [queued]>
[2023-11-10T14:34:37.516+0000] {taskinstance.py:1087} INFO - Dependencies all met for <TaskInstance: customers.read_customers manual__2023-11-10T14:34:32.262493+00:00 [queued]>
[2023-11-10T14:34:37.517+0000] {taskinstance.py:1283} INFO - 
--------------------------------------------------------------------------------
[2023-11-10T14:34:37.518+0000] {taskinstance.py:1284} INFO - Starting attempt 1 of 1
[2023-11-10T14:34:37.518+0000] {taskinstance.py:1285} INFO - 
--------------------------------------------------------------------------------
[2023-11-10T14:34:37.538+0000] {taskinstance.py:1304} INFO - Executing <Task(PythonOperator): read_customers> on 2023-11-10 14:34:32.262493+00:00
[2023-11-10T14:34:37.545+0000] {standard_task_runner.py:55} INFO - Started process 1545 to run task
[2023-11-10T14:34:37.548+0000] {standard_task_runner.py:82} INFO - Running: ['***', 'tasks', 'run', 'customers', 'read_customers', 'manual__2023-11-10T14:34:32.262493+00:00', '--job-id', '514', '--raw', '--subdir', 'DAGS_FOLDER/customer.py', '--cfg-path', '/tmp/tmpl6f0eowb']
[2023-11-10T14:34:37.550+0000] {standard_task_runner.py:83} INFO - Job 514: Subtask read_customers
[2023-11-10T14:34:37.623+0000] {task_command.py:389} INFO - Running <TaskInstance: customers.read_customers manual__2023-11-10T14:34:32.262493+00:00 [running]> on host ae05fe974d8d
[2023-11-10T14:34:37.874+0000] {taskinstance.py:1513} INFO - Exporting the following env vars:
AIRFLOW_CTX_DAG_OWNER=Tetiana
AIRFLOW_CTX_DAG_ID=customers
AIRFLOW_CTX_TASK_ID=read_customers
AIRFLOW_CTX_EXECUTION_DATE=2023-11-10T14:34:32.262493+00:00
AIRFLOW_CTX_TRY_NUMBER=1
AIRFLOW_CTX_DAG_RUN_ID=manual__2023-11-10T14:34:32.262493+00:00
[2023-11-10T14:34:37.896+0000] {logging_mixin.py:137} INFO - An error occurred for country Pitcairn Islands: (0) Missing or invalid default region.. Adding '+' to the phone number.
[2023-11-10T14:34:37.904+0000] {logging_mixin.py:137} INFO - An error occurred for country Vietnam: (0) Missing or invalid default region.. Adding '+' to the phone number.
[2023-11-10T14:34:37.928+0000] {logging_mixin.py:137} INFO - An error occurred for country Tanzania: (0) Missing or invalid default region.. Adding '+' to the phone number.
[2023-11-10T14:34:37.945+0000] {logging_mixin.py:137} INFO - An error occurred for country Bolivia: (0) Missing or invalid default region.. Adding '+' to the phone number.
[2023-11-10T14:34:37.954+0000] {logging_mixin.py:137} INFO - An error occurred for country Swaziland: (0) Missing or invalid default region.. Adding '+' to the phone number.
[2023-11-10T14:34:37.957+0000] {logging_mixin.py:137} INFO - An error occurred for country Palestinian Territory: (0) Missing or invalid default region.. Adding '+' to the phone number.
[2023-11-10T14:34:37.958+0000] {logging_mixin.py:137} INFO - An error occurred for country Saint Barthelemy: (0) Missing or invalid default region.. Adding '+' to the phone number.
[2023-11-10T14:34:37.968+0000] {logging_mixin.py:137} INFO - An error occurred for country French Southern Territories: (0) Missing or invalid default region.. Adding '+' to the phone number.
[2023-11-10T14:34:37.969+0000] {logging_mixin.py:137} INFO - An error occurred for country Iran: (0) Missing or invalid default region.. Adding '+' to the phone number.
[2023-11-10T14:34:37.974+0000] {logging_mixin.py:137} INFO - An error occurred for country United States Virgin Islands: (0) Missing or invalid default region.. Adding '+' to the phone number.
[2023-11-10T14:34:37.975+0000] {logging_mixin.py:137} INFO - An error occurred for country Kyrgyz Republic: (0) Missing or invalid default region.. Adding '+' to the phone number.
[2023-11-10T14:34:37.980+0000] {logging_mixin.py:137} INFO - An error occurred for country Micronesia: (0) Missing or invalid default region.. Adding '+' to the phone number.
[2023-11-10T14:34:38.014+0000] {base.py:73} INFO - Using connection ID 'postgres' for task execution.
[2023-11-10T14:34:38.064+0000] {sql.py:462} INFO - Done loading. Loaded a total of 106 rows into customers
[2023-11-10T14:34:38.065+0000] {python.py:177} INFO - Done. Returned value was: None
[2023-11-10T14:34:38.081+0000] {taskinstance.py:1327} INFO - Marking task as SUCCESS. dag_id=customers, task_id=read_customers, execution_date=20231110T143432, start_date=20231110T143437, end_date=20231110T143438
[2023-11-10T14:34:38.124+0000] {local_task_job.py:159} INFO - Task exited with return code 0
[2023-11-10T14:34:38.153+0000] {taskinstance.py:2582} INFO - 1 downstream tasks scheduled from follow-on schedule check
