[2023-11-07T13:38:28.473+0000] {taskinstance.py:1165} INFO - Dependencies all met for <TaskInstance: people.save_people_to_excel scheduled__2023-11-06T00:00:00+00:00 [queued]>
[2023-11-07T13:38:28.488+0000] {taskinstance.py:1165} INFO - Dependencies all met for <TaskInstance: people.save_people_to_excel scheduled__2023-11-06T00:00:00+00:00 [queued]>
[2023-11-07T13:38:28.489+0000] {taskinstance.py:1362} INFO - 
--------------------------------------------------------------------------------
[2023-11-07T13:38:28.490+0000] {taskinstance.py:1363} INFO - Starting attempt 1 of 1
[2023-11-07T13:38:28.491+0000] {taskinstance.py:1364} INFO - 
--------------------------------------------------------------------------------
[2023-11-07T13:38:28.520+0000] {taskinstance.py:1383} INFO - Executing <Task(PythonOperator): save_people_to_excel> on 2023-11-06 00:00:00+00:00
[2023-11-07T13:38:28.527+0000] {standard_task_runner.py:55} INFO - Started process 10377 to run task
[2023-11-07T13:38:28.530+0000] {standard_task_runner.py:82} INFO - Running: ['***', 'tasks', 'run', 'people', 'save_people_to_excel', 'scheduled__2023-11-06T00:00:00+00:00', '--job-id', '517', '--raw', '--subdir', 'DAGS_FOLDER/people.py', '--cfg-path', '/tmp/tmppi_fi6yh']
[2023-11-07T13:38:28.535+0000] {standard_task_runner.py:83} INFO - Job 517: Subtask save_people_to_excel
[2023-11-07T13:38:28.685+0000] {task_command.py:376} INFO - Running <TaskInstance: people.save_people_to_excel scheduled__2023-11-06T00:00:00+00:00 [running]> on host 7cf1ce11ad7e
[2023-11-07T13:38:29.021+0000] {taskinstance.py:1592} INFO - Exporting the following env vars:
AIRFLOW_CTX_DAG_OWNER=***
AIRFLOW_CTX_DAG_ID=people
AIRFLOW_CTX_TASK_ID=save_people_to_excel
AIRFLOW_CTX_EXECUTION_DATE=2023-11-06T00:00:00+00:00
AIRFLOW_CTX_TRY_NUMBER=1
AIRFLOW_CTX_DAG_RUN_ID=scheduled__2023-11-06T00:00:00+00:00
[2023-11-07T13:38:29.132+0000] {base.py:71} INFO - Using connection ID 'postgres' for task execution.
[2023-11-07T13:38:29.239+0000] {python.py:177} INFO - Done. Returned value was: None
[2023-11-07T13:38:29.254+0000] {taskinstance.py:1406} INFO - Marking task as SUCCESS. dag_id=people, task_id=save_people_to_excel, execution_date=20231106T000000, start_date=20231107T133828, end_date=20231107T133829
[2023-11-07T13:38:29.305+0000] {local_task_job.py:164} INFO - Task exited with return code 0
[2023-11-07T13:38:29.328+0000] {local_task_job.py:273} INFO - 0 downstream tasks scheduled from follow-on schedule check
[2023-11-07T13:38:59.413+0000] {taskinstance.py:1165} INFO - Dependencies all met for <TaskInstance: people.save_people_to_excel scheduled__2023-11-06T00:00:00+00:00 [queued]>
[2023-11-07T13:38:59.443+0000] {taskinstance.py:1165} INFO - Dependencies all met for <TaskInstance: people.save_people_to_excel scheduled__2023-11-06T00:00:00+00:00 [queued]>
[2023-11-07T13:38:59.444+0000] {taskinstance.py:1362} INFO - 
--------------------------------------------------------------------------------
[2023-11-07T13:38:59.445+0000] {taskinstance.py:1363} INFO - Starting attempt 1 of 1
[2023-11-07T13:38:59.446+0000] {taskinstance.py:1364} INFO - 
--------------------------------------------------------------------------------
[2023-11-07T13:38:59.471+0000] {taskinstance.py:1383} INFO - Executing <Task(PythonOperator): save_people_to_excel> on 2023-11-06 00:00:00+00:00
[2023-11-07T13:38:59.478+0000] {standard_task_runner.py:55} INFO - Started process 10420 to run task
[2023-11-07T13:38:59.481+0000] {standard_task_runner.py:82} INFO - Running: ['***', 'tasks', 'run', 'people', 'save_people_to_excel', 'scheduled__2023-11-06T00:00:00+00:00', '--job-id', '523', '--raw', '--subdir', 'DAGS_FOLDER/people.py', '--cfg-path', '/tmp/tmplxm5m5lz']
[2023-11-07T13:38:59.483+0000] {standard_task_runner.py:83} INFO - Job 523: Subtask save_people_to_excel
[2023-11-07T13:38:59.562+0000] {task_command.py:376} INFO - Running <TaskInstance: people.save_people_to_excel scheduled__2023-11-06T00:00:00+00:00 [running]> on host 7cf1ce11ad7e
[2023-11-07T13:38:59.921+0000] {taskinstance.py:1592} INFO - Exporting the following env vars:
AIRFLOW_CTX_DAG_OWNER=***
AIRFLOW_CTX_DAG_ID=people
AIRFLOW_CTX_TASK_ID=save_people_to_excel
AIRFLOW_CTX_EXECUTION_DATE=2023-11-06T00:00:00+00:00
AIRFLOW_CTX_TRY_NUMBER=1
AIRFLOW_CTX_DAG_RUN_ID=scheduled__2023-11-06T00:00:00+00:00
[2023-11-07T13:39:00.017+0000] {base.py:71} INFO - Using connection ID 'postgres' for task execution.
[2023-11-07T13:39:00.138+0000] {python.py:177} INFO - Done. Returned value was: None
[2023-11-07T13:39:00.155+0000] {taskinstance.py:1406} INFO - Marking task as SUCCESS. dag_id=people, task_id=save_people_to_excel, execution_date=20231106T000000, start_date=20231107T133859, end_date=20231107T133900
[2023-11-07T13:39:00.215+0000] {local_task_job.py:164} INFO - Task exited with return code 0
[2023-11-07T13:39:00.245+0000] {local_task_job.py:273} INFO - 0 downstream tasks scheduled from follow-on schedule check
