[2023-11-08T14:06:34.082+0000] {taskinstance.py:1087} INFO - Dependencies all met for <TaskInstance: elastic_dag.print_es_info manual__2023-11-08T14:06:30.998498+00:00 [queued]>
[2023-11-08T14:06:34.145+0000] {taskinstance.py:1087} INFO - Dependencies all met for <TaskInstance: elastic_dag.print_es_info manual__2023-11-08T14:06:30.998498+00:00 [queued]>
[2023-11-08T14:06:34.146+0000] {taskinstance.py:1283} INFO - 
--------------------------------------------------------------------------------
[2023-11-08T14:06:34.147+0000] {taskinstance.py:1284} INFO - Starting attempt 1 of 1
[2023-11-08T14:06:34.150+0000] {taskinstance.py:1285} INFO - 
--------------------------------------------------------------------------------
[2023-11-08T14:06:34.193+0000] {taskinstance.py:1304} INFO - Executing <Task(PythonOperator): print_es_info> on 2023-11-08 14:06:30.998498+00:00
[2023-11-08T14:06:34.205+0000] {standard_task_runner.py:55} INFO - Started process 3561 to run task
[2023-11-08T14:06:34.209+0000] {standard_task_runner.py:82} INFO - Running: ['***', 'tasks', 'run', 'elastic_dag', 'print_es_info', 'manual__2023-11-08T14:06:30.998498+00:00', '--job-id', '29', '--raw', '--subdir', 'DAGS_FOLDER/elastic_dag.py', '--cfg-path', '/tmp/tmpn19sv02p']
[2023-11-08T14:06:34.212+0000] {standard_task_runner.py:83} INFO - Job 29: Subtask print_es_info
[2023-11-08T14:06:34.442+0000] {task_command.py:389} INFO - Running <TaskInstance: elastic_dag.print_es_info manual__2023-11-08T14:06:30.998498+00:00 [running]> on host 6287529917c2
[2023-11-08T14:06:34.562+0000] {taskinstance.py:1513} INFO - Exporting the following env vars:
AIRFLOW_CTX_DAG_OWNER=***
AIRFLOW_CTX_DAG_ID=elastic_dag
AIRFLOW_CTX_TASK_ID=print_es_info
AIRFLOW_CTX_EXECUTION_DATE=2023-11-08T14:06:30.998498+00:00
AIRFLOW_CTX_TRY_NUMBER=1
AIRFLOW_CTX_DAG_RUN_ID=manual__2023-11-08T14:06:30.998498+00:00
[2023-11-08T14:06:35.180+0000] {base.py:271} INFO - POST http://elastic:9200/_all/_search [status:200 request:0.615s]
[2023-11-08T14:06:35.181+0000] {logging_mixin.py:137} INFO - {'total': {'value': 0, 'relation': 'eq'}, 'max_score': 0.0, 'hits': []}
[2023-11-08T14:06:35.182+0000] {python.py:177} INFO - Done. Returned value was: None
[2023-11-08T14:06:35.208+0000] {taskinstance.py:1327} INFO - Marking task as SUCCESS. dag_id=elastic_dag, task_id=print_es_info, execution_date=20231108T140630, start_date=20231108T140634, end_date=20231108T140635
[2023-11-08T14:06:35.278+0000] {local_task_job.py:159} INFO - Task exited with return code 0
[2023-11-08T14:06:35.318+0000] {taskinstance.py:2582} INFO - 0 downstream tasks scheduled from follow-on schedule check
