[2023-11-13T12:07:06.123+0000] {taskinstance.py:1087} INFO - Dependencies all met for <TaskInstance: people.read_people manual__2023-11-13T12:06:57.970846+00:00 [queued]>
[2023-11-13T12:07:06.159+0000] {taskinstance.py:1087} INFO - Dependencies all met for <TaskInstance: people.read_people manual__2023-11-13T12:06:57.970846+00:00 [queued]>
[2023-11-13T12:07:06.174+0000] {taskinstance.py:1283} INFO - 
--------------------------------------------------------------------------------
[2023-11-13T12:07:06.176+0000] {taskinstance.py:1284} INFO - Starting attempt 1 of 1
[2023-11-13T12:07:06.178+0000] {taskinstance.py:1285} INFO - 
--------------------------------------------------------------------------------
[2023-11-13T12:07:06.261+0000] {taskinstance.py:1304} INFO - Executing <Task(PythonOperator): read_people> on 2023-11-13 12:06:57.970846+00:00
[2023-11-13T12:07:06.279+0000] {standard_task_runner.py:55} INFO - Started process 9357 to run task
[2023-11-13T12:07:06.292+0000] {standard_task_runner.py:82} INFO - Running: ['***', 'tasks', 'run', 'people', 'read_people', 'manual__2023-11-13T12:06:57.970846+00:00', '--job-id', '645', '--raw', '--subdir', 'DAGS_FOLDER/people.py', '--cfg-path', '/tmp/tmp45n7h7th']
[2023-11-13T12:07:06.295+0000] {standard_task_runner.py:83} INFO - Job 645: Subtask read_people
[2023-11-13T12:07:06.520+0000] {task_command.py:389} INFO - Running <TaskInstance: people.read_people manual__2023-11-13T12:06:57.970846+00:00 [running]> on host 06d7566f07d2
[2023-11-13T12:07:07.096+0000] {taskinstance.py:1513} INFO - Exporting the following env vars:
AIRFLOW_CTX_DAG_OWNER=Tetiana
AIRFLOW_CTX_DAG_ID=people
AIRFLOW_CTX_TASK_ID=read_people
AIRFLOW_CTX_EXECUTION_DATE=2023-11-13T12:06:57.970846+00:00
AIRFLOW_CTX_TRY_NUMBER=1
AIRFLOW_CTX_DAG_RUN_ID=manual__2023-11-13T12:06:57.970846+00:00
[2023-11-13T12:07:07.176+0000] {base.py:73} INFO - Using connection ID 'postgres' for task execution.
[2023-11-13T12:07:07.311+0000] {sql.py:462} INFO - Done loading. Loaded a total of 113 rows into people
[2023-11-13T12:07:07.326+0000] {python.py:177} INFO - Done. Returned value was: None
[2023-11-13T12:07:07.355+0000] {taskinstance.py:1327} INFO - Marking task as SUCCESS. dag_id=people, task_id=read_people, execution_date=20231113T120657, start_date=20231113T120706, end_date=20231113T120707
[2023-11-13T12:07:07.477+0000] {local_task_job.py:159} INFO - Task exited with return code 0
[2023-11-13T12:07:07.609+0000] {taskinstance.py:2582} INFO - 1 downstream tasks scheduled from follow-on schedule check
