[2023-11-12T10:59:31.002+0000] {taskinstance.py:1087} INFO - Dependencies all met for <TaskInstance: people.save_people_to_excel scheduled__2023-11-11T00:00:00+00:00 [queued]>
[2023-11-12T10:59:31.018+0000] {taskinstance.py:1087} INFO - Dependencies all met for <TaskInstance: people.save_people_to_excel scheduled__2023-11-11T00:00:00+00:00 [queued]>
[2023-11-12T10:59:31.019+0000] {taskinstance.py:1283} INFO - 
--------------------------------------------------------------------------------
[2023-11-12T10:59:31.020+0000] {taskinstance.py:1284} INFO - Starting attempt 1 of 1
[2023-11-12T10:59:31.020+0000] {taskinstance.py:1285} INFO - 
--------------------------------------------------------------------------------
[2023-11-12T10:59:31.056+0000] {taskinstance.py:1304} INFO - Executing <Task(PythonOperator): save_people_to_excel> on 2023-11-11 00:00:00+00:00
[2023-11-12T10:59:31.126+0000] {standard_task_runner.py:55} INFO - Started process 125 to run task
[2023-11-12T10:59:31.131+0000] {standard_task_runner.py:82} INFO - Running: ['***', 'tasks', 'run', 'people', 'save_people_to_excel', 'scheduled__2023-11-11T00:00:00+00:00', '--job-id', '552', '--raw', '--subdir', 'DAGS_FOLDER/people.py', '--cfg-path', '/tmp/tmpg3acy7lr']
[2023-11-12T10:59:31.136+0000] {standard_task_runner.py:83} INFO - Job 552: Subtask save_people_to_excel
[2023-11-12T10:59:31.294+0000] {task_command.py:389} INFO - Running <TaskInstance: people.save_people_to_excel scheduled__2023-11-11T00:00:00+00:00 [running]> on host 691b0a4d0de3
[2023-11-12T10:59:31.672+0000] {taskinstance.py:1513} INFO - Exporting the following env vars:
AIRFLOW_CTX_DAG_OWNER=Tetiana
AIRFLOW_CTX_DAG_ID=people
AIRFLOW_CTX_TASK_ID=save_people_to_excel
AIRFLOW_CTX_EXECUTION_DATE=2023-11-11T00:00:00+00:00
AIRFLOW_CTX_TRY_NUMBER=1
AIRFLOW_CTX_DAG_RUN_ID=scheduled__2023-11-11T00:00:00+00:00
[2023-11-12T10:59:31.797+0000] {base.py:73} INFO - Using connection ID 'postgres' for task execution.
[2023-11-12T10:59:31.911+0000] {python.py:177} INFO - Done. Returned value was: None
[2023-11-12T10:59:31.928+0000] {taskinstance.py:1327} INFO - Marking task as SUCCESS. dag_id=people, task_id=save_people_to_excel, execution_date=20231111T000000, start_date=20231112T105931, end_date=20231112T105931
[2023-11-12T10:59:31.992+0000] {local_task_job.py:159} INFO - Task exited with return code 0
[2023-11-12T10:59:32.019+0000] {taskinstance.py:2582} INFO - 0 downstream tasks scheduled from follow-on schedule check
