[2023-11-13T09:10:02.276+0000] {taskinstance.py:1087} INFO - Dependencies all met for <TaskInstance: people.read_people manual__2023-11-13T09:09:56.778250+00:00 [queued]>
[2023-11-13T09:10:02.292+0000] {taskinstance.py:1087} INFO - Dependencies all met for <TaskInstance: people.read_people manual__2023-11-13T09:09:56.778250+00:00 [queued]>
[2023-11-13T09:10:02.292+0000] {taskinstance.py:1283} INFO - 
--------------------------------------------------------------------------------
[2023-11-13T09:10:02.293+0000] {taskinstance.py:1284} INFO - Starting attempt 1 of 1
[2023-11-13T09:10:02.294+0000] {taskinstance.py:1285} INFO - 
--------------------------------------------------------------------------------
[2023-11-13T09:10:02.313+0000] {taskinstance.py:1304} INFO - Executing <Task(PythonOperator): read_people> on 2023-11-13 09:09:56.778250+00:00
[2023-11-13T09:10:02.320+0000] {standard_task_runner.py:55} INFO - Started process 1814 to run task
[2023-11-13T09:10:02.322+0000] {standard_task_runner.py:82} INFO - Running: ['***', 'tasks', 'run', 'people', 'read_people', 'manual__2023-11-13T09:09:56.778250+00:00', '--job-id', '595', '--raw', '--subdir', 'DAGS_FOLDER/people.py', '--cfg-path', '/tmp/tmpmc60zsjc']
[2023-11-13T09:10:02.325+0000] {standard_task_runner.py:83} INFO - Job 595: Subtask read_people
[2023-11-13T09:10:02.404+0000] {task_command.py:389} INFO - Running <TaskInstance: people.read_people manual__2023-11-13T09:09:56.778250+00:00 [running]> on host a1532de0db1a
[2023-11-13T09:10:02.714+0000] {taskinstance.py:1513} INFO - Exporting the following env vars:
AIRFLOW_CTX_DAG_OWNER=Tetiana
AIRFLOW_CTX_DAG_ID=people
AIRFLOW_CTX_TASK_ID=read_people
AIRFLOW_CTX_EXECUTION_DATE=2023-11-13T09:09:56.778250+00:00
AIRFLOW_CTX_TRY_NUMBER=1
AIRFLOW_CTX_DAG_RUN_ID=manual__2023-11-13T09:09:56.778250+00:00
[2023-11-13T09:10:02.763+0000] {base.py:73} INFO - Using connection ID 'postgres' for task execution.
[2023-11-13T09:10:02.802+0000] {sql.py:462} INFO - Done loading. Loaded a total of 113 rows into people
[2023-11-13T09:10:02.804+0000] {python.py:177} INFO - Done. Returned value was: None
[2023-11-13T09:10:02.816+0000] {taskinstance.py:1327} INFO - Marking task as SUCCESS. dag_id=people, task_id=read_people, execution_date=20231113T090956, start_date=20231113T091002, end_date=20231113T091002
[2023-11-13T09:10:02.857+0000] {local_task_job.py:159} INFO - Task exited with return code 0
[2023-11-13T09:10:02.886+0000] {taskinstance.py:2582} INFO - 1 downstream tasks scheduled from follow-on schedule check
