[2023-11-01T19:56:20.553+0000] {taskinstance.py:1165} INFO - Dependencies all met for <TaskInstance: xcom_dag.t1 manual__2023-11-01T19:56:19.219338+00:00 [queued]>
[2023-11-01T19:56:20.570+0000] {taskinstance.py:1165} INFO - Dependencies all met for <TaskInstance: xcom_dag.t1 manual__2023-11-01T19:56:19.219338+00:00 [queued]>
[2023-11-01T19:56:20.574+0000] {taskinstance.py:1362} INFO - 
--------------------------------------------------------------------------------
[2023-11-01T19:56:20.575+0000] {taskinstance.py:1363} INFO - Starting attempt 1 of 1
[2023-11-01T19:56:20.576+0000] {taskinstance.py:1364} INFO - 
--------------------------------------------------------------------------------
[2023-11-01T19:56:20.660+0000] {taskinstance.py:1383} INFO - Executing <Task(PythonOperator): t1> on 2023-11-01 19:56:19.219338+00:00
[2023-11-01T19:56:20.668+0000] {standard_task_runner.py:55} INFO - Started process 1543 to run task
[2023-11-01T19:56:20.671+0000] {standard_task_runner.py:82} INFO - Running: ['***', 'tasks', 'run', 'xcom_dag', 't1', 'manual__2023-11-01T19:56:19.219338+00:00', '--job-id', '17', '--raw', '--subdir', 'DAGS_FOLDER/xcom_dag.py', '--cfg-path', '/tmp/tmpd6njtfwd']
[2023-11-01T19:56:20.676+0000] {standard_task_runner.py:83} INFO - Job 17: Subtask t1
[2023-11-01T19:56:20.759+0000] {task_command.py:376} INFO - Running <TaskInstance: xcom_dag.t1 manual__2023-11-01T19:56:19.219338+00:00 [running]> on host 3779655fe886
[2023-11-01T19:56:20.860+0000] {taskinstance.py:1592} INFO - Exporting the following env vars:
AIRFLOW_CTX_DAG_OWNER=***
AIRFLOW_CTX_DAG_ID=xcom_dag
AIRFLOW_CTX_TASK_ID=t1
AIRFLOW_CTX_EXECUTION_DATE=2023-11-01T19:56:19.219338+00:00
AIRFLOW_CTX_TRY_NUMBER=1
AIRFLOW_CTX_DAG_RUN_ID=manual__2023-11-01T19:56:19.219338+00:00
[2023-11-01T19:56:20.879+0000] {python.py:177} INFO - Done. Returned value was: None
[2023-11-01T19:56:20.892+0000] {taskinstance.py:1406} INFO - Marking task as SUCCESS. dag_id=xcom_dag, task_id=t1, execution_date=20231101T195619, start_date=20231101T195620, end_date=20231101T195620
[2023-11-01T19:56:20.933+0000] {local_task_job.py:164} INFO - Task exited with return code 0
[2023-11-01T19:56:20.975+0000] {local_task_job.py:273} INFO - 1 downstream tasks scheduled from follow-on schedule check
