[2023-11-10T09:15:25.488+0000] {taskinstance.py:1087} INFO - Dependencies all met for <TaskInstance: customers.save_customers_to_excel manual__2023-11-10T09:15:17.668119+00:00 [queued]>
[2023-11-10T09:15:25.503+0000] {taskinstance.py:1087} INFO - Dependencies all met for <TaskInstance: customers.save_customers_to_excel manual__2023-11-10T09:15:17.668119+00:00 [queued]>
[2023-11-10T09:15:25.504+0000] {taskinstance.py:1283} INFO - 
--------------------------------------------------------------------------------
[2023-11-10T09:15:25.505+0000] {taskinstance.py:1284} INFO - Starting attempt 1 of 1
[2023-11-10T09:15:25.506+0000] {taskinstance.py:1285} INFO - 
--------------------------------------------------------------------------------
[2023-11-10T09:15:25.524+0000] {taskinstance.py:1304} INFO - Executing <Task(PythonOperator): save_customers_to_excel> on 2023-11-10 09:15:17.668119+00:00
[2023-11-10T09:15:25.532+0000] {standard_task_runner.py:55} INFO - Started process 1581 to run task
[2023-11-10T09:15:25.534+0000] {standard_task_runner.py:82} INFO - Running: ['***', 'tasks', 'run', 'customers', 'save_customers_to_excel', 'manual__2023-11-10T09:15:17.668119+00:00', '--job-id', '439', '--raw', '--subdir', 'DAGS_FOLDER/customers_.py', '--cfg-path', '/tmp/tmpgd6fiat2']
[2023-11-10T09:15:25.536+0000] {standard_task_runner.py:83} INFO - Job 439: Subtask save_customers_to_excel
[2023-11-10T09:15:25.610+0000] {task_command.py:389} INFO - Running <TaskInstance: customers.save_customers_to_excel manual__2023-11-10T09:15:17.668119+00:00 [running]> on host e9f864b40c90
[2023-11-10T09:15:25.912+0000] {taskinstance.py:1513} INFO - Exporting the following env vars:
AIRFLOW_CTX_DAG_OWNER=Tetiana
AIRFLOW_CTX_DAG_ID=customers
AIRFLOW_CTX_TASK_ID=save_customers_to_excel
AIRFLOW_CTX_EXECUTION_DATE=2023-11-10T09:15:17.668119+00:00
AIRFLOW_CTX_TRY_NUMBER=1
AIRFLOW_CTX_DAG_RUN_ID=manual__2023-11-10T09:15:17.668119+00:00
[2023-11-10T09:15:25.966+0000] {base.py:73} INFO - Using connection ID 'postgres' for task execution.
[2023-11-10T09:15:25.995+0000] {taskinstance.py:1772} ERROR - Task failed with exception
Traceback (most recent call last):
  File "/home/airflow/.local/lib/python3.7/site-packages/airflow/operators/python.py", line 175, in execute
    return_value = self.execute_callable()
  File "/home/airflow/.local/lib/python3.7/site-packages/airflow/operators/python.py", line 192, in execute_callable
    return self.python_callable(*self.op_args, **self.op_kwargs)
  File "/opt/airflow/dags/customers_.py", line 86, in _save_customers_to_excel
    wb.save(customers_file)
  File "/home/airflow/.local/lib/python3.7/site-packages/openpyxl/workbook/workbook.py", line 386, in save
    save_workbook(self, filename)
  File "/home/airflow/.local/lib/python3.7/site-packages/openpyxl/writer/excel.py", line 291, in save_workbook
    archive = ZipFile(filename, 'w', ZIP_DEFLATED, allowZip64=True)
  File "/usr/local/lib/python3.7/zipfile.py", line 1240, in __init__
    self.fp = io.open(file, filemode)
PermissionError: [Errno 13] Permission denied: '/opt/data/customers.xlsx'
[2023-11-10T09:15:26.010+0000] {taskinstance.py:1327} INFO - Marking task as FAILED. dag_id=customers, task_id=save_customers_to_excel, execution_date=20231110T091517, start_date=20231110T091525, end_date=20231110T091526
[2023-11-10T09:15:26.030+0000] {standard_task_runner.py:105} ERROR - Failed to execute job 439 for task save_customers_to_excel ([Errno 13] Permission denied: '/opt/data/customers.xlsx'; 1581)
[2023-11-10T09:15:26.068+0000] {local_task_job.py:159} INFO - Task exited with return code 1
[2023-11-10T09:15:26.094+0000] {taskinstance.py:2582} INFO - 0 downstream tasks scheduled from follow-on schedule check
