[2023-11-09T17:58:06.637+0000] {taskinstance.py:1087} INFO - Dependencies all met for <TaskInstance: customers.save_customers_to_excel manual__2023-11-09T17:58:00.119065+00:00 [queued]>
[2023-11-09T17:58:06.652+0000] {taskinstance.py:1087} INFO - Dependencies all met for <TaskInstance: customers.save_customers_to_excel manual__2023-11-09T17:58:00.119065+00:00 [queued]>
[2023-11-09T17:58:06.653+0000] {taskinstance.py:1283} INFO - 
--------------------------------------------------------------------------------
[2023-11-09T17:58:06.654+0000] {taskinstance.py:1284} INFO - Starting attempt 1 of 1
[2023-11-09T17:58:06.655+0000] {taskinstance.py:1285} INFO - 
--------------------------------------------------------------------------------
[2023-11-09T17:58:06.675+0000] {taskinstance.py:1304} INFO - Executing <Task(PythonOperator): save_customers_to_excel> on 2023-11-09 17:58:00.119065+00:00
[2023-11-09T17:58:06.682+0000] {standard_task_runner.py:55} INFO - Started process 9256 to run task
[2023-11-09T17:58:06.684+0000] {standard_task_runner.py:82} INFO - Running: ['***', 'tasks', 'run', 'customers', 'save_customers_to_excel', 'manual__2023-11-09T17:58:00.119065+00:00', '--job-id', '150', '--raw', '--subdir', 'DAGS_FOLDER/customers.py', '--cfg-path', '/tmp/tmp61mt1dez']
[2023-11-09T17:58:06.686+0000] {standard_task_runner.py:83} INFO - Job 150: Subtask save_customers_to_excel
[2023-11-09T17:58:06.753+0000] {task_command.py:389} INFO - Running <TaskInstance: customers.save_customers_to_excel manual__2023-11-09T17:58:00.119065+00:00 [running]> on host 9dcc097b8292
[2023-11-09T17:58:07.017+0000] {taskinstance.py:1513} INFO - Exporting the following env vars:
AIRFLOW_CTX_DAG_OWNER=Tetiana
AIRFLOW_CTX_DAG_ID=customers
AIRFLOW_CTX_TASK_ID=save_customers_to_excel
AIRFLOW_CTX_EXECUTION_DATE=2023-11-09T17:58:00.119065+00:00
AIRFLOW_CTX_TRY_NUMBER=1
AIRFLOW_CTX_DAG_RUN_ID=manual__2023-11-09T17:58:00.119065+00:00
[2023-11-09T17:58:07.107+0000] {base.py:73} INFO - Using connection ID 'postgres' for task execution.
[2023-11-09T17:58:07.270+0000] {python.py:177} INFO - Done. Returned value was: None
[2023-11-09T17:58:07.285+0000] {taskinstance.py:1327} INFO - Marking task as SUCCESS. dag_id=customers, task_id=save_customers_to_excel, execution_date=20231109T175800, start_date=20231109T175806, end_date=20231109T175807
[2023-11-09T17:58:07.346+0000] {local_task_job.py:159} INFO - Task exited with return code 0
[2023-11-09T17:58:07.372+0000] {taskinstance.py:2582} INFO - 0 downstream tasks scheduled from follow-on schedule check
