[2023-11-01T20:11:17.995+0000] {taskinstance.py:1165} INFO - Dependencies all met for <TaskInstance: xcom_dag.branch manual__2023-11-01T20:11:15.716370+00:00 [queued]>
[2023-11-01T20:11:18.010+0000] {taskinstance.py:1165} INFO - Dependencies all met for <TaskInstance: xcom_dag.branch manual__2023-11-01T20:11:15.716370+00:00 [queued]>
[2023-11-01T20:11:18.010+0000] {taskinstance.py:1362} INFO - 
--------------------------------------------------------------------------------
[2023-11-01T20:11:18.011+0000] {taskinstance.py:1363} INFO - Starting attempt 1 of 1
[2023-11-01T20:11:18.012+0000] {taskinstance.py:1364} INFO - 
--------------------------------------------------------------------------------
[2023-11-01T20:11:18.031+0000] {taskinstance.py:1383} INFO - Executing <Task(BranchPythonOperator): branch> on 2023-11-01 20:11:15.716370+00:00
[2023-11-01T20:11:18.037+0000] {standard_task_runner.py:55} INFO - Started process 2271 to run task
[2023-11-01T20:11:18.040+0000] {standard_task_runner.py:82} INFO - Running: ['***', 'tasks', 'run', 'xcom_dag', 'branch', 'manual__2023-11-01T20:11:15.716370+00:00', '--job-id', '33', '--raw', '--subdir', 'DAGS_FOLDER/xcom_dag.py', '--cfg-path', '/tmp/tmppxr11z0x']
[2023-11-01T20:11:18.041+0000] {standard_task_runner.py:83} INFO - Job 33: Subtask branch
[2023-11-01T20:11:18.110+0000] {task_command.py:376} INFO - Running <TaskInstance: xcom_dag.branch manual__2023-11-01T20:11:15.716370+00:00 [running]> on host 3779655fe886
[2023-11-01T20:11:18.200+0000] {taskinstance.py:1592} INFO - Exporting the following env vars:
AIRFLOW_CTX_DAG_OWNER=***
AIRFLOW_CTX_DAG_ID=xcom_dag
AIRFLOW_CTX_TASK_ID=branch
AIRFLOW_CTX_EXECUTION_DATE=2023-11-01T20:11:15.716370+00:00
AIRFLOW_CTX_TRY_NUMBER=1
AIRFLOW_CTX_DAG_RUN_ID=manual__2023-11-01T20:11:15.716370+00:00
[2023-11-01T20:11:18.214+0000] {python.py:177} INFO - Done. Returned value was: t2
[2023-11-01T20:11:18.215+0000] {skipmixin.py:155} INFO - Following branch t2
[2023-11-01T20:11:18.216+0000] {skipmixin.py:190} INFO - Skipping tasks ['t3']
[2023-11-01T20:11:18.269+0000] {taskinstance.py:1406} INFO - Marking task as SUCCESS. dag_id=xcom_dag, task_id=branch, execution_date=20231101T201115, start_date=20231101T201117, end_date=20231101T201118
[2023-11-01T20:11:18.291+0000] {local_task_job.py:164} INFO - Task exited with return code 0
[2023-11-01T20:11:18.345+0000] {local_task_job.py:273} INFO - 1 downstream tasks scheduled from follow-on schedule check
