[2023-11-02T09:31:26.965+0000] {taskinstance.py:1165} INFO - Dependencies all met for <TaskInstance: user_processing.extract_user manual__2023-11-02T09:31:21.532092+00:00 [queued]>
[2023-11-02T09:31:26.982+0000] {taskinstance.py:1165} INFO - Dependencies all met for <TaskInstance: user_processing.extract_user manual__2023-11-02T09:31:21.532092+00:00 [queued]>
[2023-11-02T09:31:26.983+0000] {taskinstance.py:1362} INFO - 
--------------------------------------------------------------------------------
[2023-11-02T09:31:26.983+0000] {taskinstance.py:1363} INFO - Starting attempt 1 of 1
[2023-11-02T09:31:26.984+0000] {taskinstance.py:1364} INFO - 
--------------------------------------------------------------------------------
[2023-11-02T09:31:27.005+0000] {taskinstance.py:1383} INFO - Executing <Task(SimpleHttpOperator): extract_user> on 2023-11-02 09:31:21.532092+00:00
[2023-11-02T09:31:27.011+0000] {standard_task_runner.py:55} INFO - Started process 6063 to run task
[2023-11-02T09:31:27.014+0000] {standard_task_runner.py:82} INFO - Running: ['***', 'tasks', 'run', 'user_processing', 'extract_user', 'manual__2023-11-02T09:31:21.532092+00:00', '--job-id', '11', '--raw', '--subdir', 'DAGS_FOLDER/user_processing.py', '--cfg-path', '/tmp/tmpz3v_uy67']
[2023-11-02T09:31:27.016+0000] {standard_task_runner.py:83} INFO - Job 11: Subtask extract_user
[2023-11-02T09:31:27.087+0000] {task_command.py:376} INFO - Running <TaskInstance: user_processing.extract_user manual__2023-11-02T09:31:21.532092+00:00 [running]> on host b33dd0bd4b35
[2023-11-02T09:31:27.176+0000] {taskinstance.py:1592} INFO - Exporting the following env vars:
AIRFLOW_CTX_DAG_OWNER=***
AIRFLOW_CTX_DAG_ID=user_processing
AIRFLOW_CTX_TASK_ID=extract_user
AIRFLOW_CTX_EXECUTION_DATE=2023-11-02T09:31:21.532092+00:00
AIRFLOW_CTX_TRY_NUMBER=1
AIRFLOW_CTX_DAG_RUN_ID=manual__2023-11-02T09:31:21.532092+00:00
[2023-11-02T09:31:27.178+0000] {http.py:121} INFO - Calling HTTP method
[2023-11-02T09:31:27.190+0000] {base.py:71} INFO - Using connection ID 'user_api' for task execution.
[2023-11-02T09:31:27.192+0000] {http.py:148} INFO - Sending 'GET' to url: https://randomuser.me/api/
[2023-11-02T09:31:27.368+0000] {http.py:125} INFO - {"results":[{"gender":"female","name":{"title":"Ms","first":"Clémentine","last":"Faure"},"location":{"street":{"number":248,"name":"Rue Baraban"},"city":"Saint-Denis","state":"Pyrénées-Atlantiques","country":"France","postcode":65068,"coordinates":{"latitude":"-13.0319","longitude":"39.4909"},"timezone":{"offset":"+9:30","description":"Adelaide, Darwin"}},"email":"clementine.faure@example.com","login":{"uuid":"34fe06dc-9238-45fd-8749-6dd85ef6c791","username":"organicgorilla871","password":"dotcom","salt":"klIv72bB","md5":"d64c5d78c449c8998b11826192275931","sha1":"b8b8ee8956b165bbd8a51e67588f95733c42aec4","sha256":"89ca76a081b68c59a8085fde98e457db88a0a5b414b7ff59805ca2a797a69502"},"dob":{"date":"1994-04-01T05:15:17.462Z","age":29},"registered":{"date":"2013-01-14T09:17:14.105Z","age":10},"phone":"05-94-74-60-93","cell":"06-41-53-43-37","id":{"name":"INSEE","value":"2940203438497 38"},"picture":{"large":"https://randomuser.me/api/portraits/women/33.jpg","medium":"https://randomuser.me/api/portraits/med/women/33.jpg","thumbnail":"https://randomuser.me/api/portraits/thumb/women/33.jpg"},"nat":"FR"}],"info":{"seed":"aa805bcabeee36c5","results":1,"page":1,"version":"1.4"}}
[2023-11-02T09:31:27.417+0000] {taskinstance.py:1406} INFO - Marking task as SUCCESS. dag_id=user_processing, task_id=extract_user, execution_date=20231102T093121, start_date=20231102T093126, end_date=20231102T093127
[2023-11-02T09:31:27.469+0000] {local_task_job.py:164} INFO - Task exited with return code 0
[2023-11-02T09:31:27.527+0000] {local_task_job.py:273} INFO - 1 downstream tasks scheduled from follow-on schedule check
