[2023-11-02T09:31:25.642+0000] {taskinstance.py:1165} INFO - Dependencies all met for <TaskInstance: user_processing.process_user scheduled__2023-11-01T00:00:00+00:00 [queued]>
[2023-11-02T09:31:25.658+0000] {taskinstance.py:1165} INFO - Dependencies all met for <TaskInstance: user_processing.process_user scheduled__2023-11-01T00:00:00+00:00 [queued]>
[2023-11-02T09:31:25.659+0000] {taskinstance.py:1362} INFO - 
--------------------------------------------------------------------------------
[2023-11-02T09:31:25.660+0000] {taskinstance.py:1363} INFO - Starting attempt 1 of 1
[2023-11-02T09:31:25.660+0000] {taskinstance.py:1364} INFO - 
--------------------------------------------------------------------------------
[2023-11-02T09:31:25.682+0000] {taskinstance.py:1383} INFO - Executing <Task(PythonOperator): process_user> on 2023-11-01 00:00:00+00:00
[2023-11-02T09:31:25.689+0000] {standard_task_runner.py:55} INFO - Started process 6056 to run task
[2023-11-02T09:31:25.695+0000] {standard_task_runner.py:82} INFO - Running: ['***', 'tasks', 'run', 'user_processing', 'process_user', 'scheduled__2023-11-01T00:00:00+00:00', '--job-id', '10', '--raw', '--subdir', 'DAGS_FOLDER/user_processing.py', '--cfg-path', '/tmp/tmpopta1dpq']
[2023-11-02T09:31:25.697+0000] {standard_task_runner.py:83} INFO - Job 10: Subtask process_user
[2023-11-02T09:31:25.803+0000] {task_command.py:376} INFO - Running <TaskInstance: user_processing.process_user scheduled__2023-11-01T00:00:00+00:00 [running]> on host b33dd0bd4b35
[2023-11-02T09:31:25.897+0000] {taskinstance.py:1592} INFO - Exporting the following env vars:
AIRFLOW_CTX_DAG_OWNER=***
AIRFLOW_CTX_DAG_ID=user_processing
AIRFLOW_CTX_TASK_ID=process_user
AIRFLOW_CTX_EXECUTION_DATE=2023-11-01T00:00:00+00:00
AIRFLOW_CTX_TRY_NUMBER=1
AIRFLOW_CTX_DAG_RUN_ID=scheduled__2023-11-01T00:00:00+00:00
[2023-11-02T09:31:25.925+0000] {python.py:177} INFO - Done. Returned value was: None
[2023-11-02T09:31:25.936+0000] {taskinstance.py:1406} INFO - Marking task as SUCCESS. dag_id=user_processing, task_id=process_user, execution_date=20231101T000000, start_date=20231102T093125, end_date=20231102T093125
[2023-11-02T09:31:25.963+0000] {local_task_job.py:164} INFO - Task exited with return code 0
[2023-11-02T09:31:25.997+0000] {local_task_job.py:273} INFO - 1 downstream tasks scheduled from follow-on schedule check
[2023-11-02T18:19:05.439+0000] {taskinstance.py:1165} INFO - Dependencies all met for <TaskInstance: user_processing.process_user scheduled__2023-11-01T00:00:00+00:00 [queued]>
[2023-11-02T18:19:05.455+0000] {taskinstance.py:1165} INFO - Dependencies all met for <TaskInstance: user_processing.process_user scheduled__2023-11-01T00:00:00+00:00 [queued]>
[2023-11-02T18:19:05.457+0000] {taskinstance.py:1362} INFO - 
--------------------------------------------------------------------------------
[2023-11-02T18:19:05.458+0000] {taskinstance.py:1363} INFO - Starting attempt 1 of 1
[2023-11-02T18:19:05.459+0000] {taskinstance.py:1364} INFO - 
--------------------------------------------------------------------------------
[2023-11-02T18:19:05.491+0000] {taskinstance.py:1383} INFO - Executing <Task(PythonOperator): process_user> on 2023-11-01 00:00:00+00:00
[2023-11-02T18:19:05.504+0000] {standard_task_runner.py:55} INFO - Started process 169 to run task
[2023-11-02T18:19:05.511+0000] {standard_task_runner.py:82} INFO - Running: ['***', 'tasks', 'run', 'user_processing', 'process_user', 'scheduled__2023-11-01T00:00:00+00:00', '--job-id', '36', '--raw', '--subdir', 'DAGS_FOLDER/user_processing.py', '--cfg-path', '/tmp/tmpg383ht4z']
[2023-11-02T18:19:05.513+0000] {standard_task_runner.py:83} INFO - Job 36: Subtask process_user
[2023-11-02T18:19:05.664+0000] {task_command.py:376} INFO - Running <TaskInstance: user_processing.process_user scheduled__2023-11-01T00:00:00+00:00 [running]> on host 6c8be2bfe956
[2023-11-02T18:19:05.752+0000] {taskinstance.py:1592} INFO - Exporting the following env vars:
AIRFLOW_CTX_DAG_OWNER=***
AIRFLOW_CTX_DAG_ID=user_processing
AIRFLOW_CTX_TASK_ID=process_user
AIRFLOW_CTX_EXECUTION_DATE=2023-11-01T00:00:00+00:00
AIRFLOW_CTX_TRY_NUMBER=1
AIRFLOW_CTX_DAG_RUN_ID=scheduled__2023-11-01T00:00:00+00:00
[2023-11-02T18:19:05.784+0000] {python.py:177} INFO - Done. Returned value was: None
[2023-11-02T18:19:05.795+0000] {taskinstance.py:1406} INFO - Marking task as SUCCESS. dag_id=user_processing, task_id=process_user, execution_date=20231101T000000, start_date=20231102T181905, end_date=20231102T181905
[2023-11-02T18:19:05.858+0000] {local_task_job.py:164} INFO - Task exited with return code 0
[2023-11-02T18:19:05.887+0000] {local_task_job.py:273} INFO - 1 downstream tasks scheduled from follow-on schedule check
