[2023-11-01T19:58:19.857+0000] {taskinstance.py:1165} INFO - Dependencies all met for <TaskInstance: xcom_dag.t1 manual__2023-11-01T19:58:18.100764+00:00 [queued]>
[2023-11-01T19:58:19.871+0000] {taskinstance.py:1165} INFO - Dependencies all met for <TaskInstance: xcom_dag.t1 manual__2023-11-01T19:58:18.100764+00:00 [queued]>
[2023-11-01T19:58:19.872+0000] {taskinstance.py:1362} INFO - 
--------------------------------------------------------------------------------
[2023-11-01T19:58:19.873+0000] {taskinstance.py:1363} INFO - Starting attempt 1 of 1
[2023-11-01T19:58:19.874+0000] {taskinstance.py:1364} INFO - 
--------------------------------------------------------------------------------
[2023-11-01T19:58:19.951+0000] {taskinstance.py:1383} INFO - Executing <Task(PythonOperator): t1> on 2023-11-01 19:58:18.100764+00:00
[2023-11-01T19:58:19.957+0000] {standard_task_runner.py:55} INFO - Started process 1642 to run task
[2023-11-01T19:58:19.972+0000] {standard_task_runner.py:82} INFO - Running: ['***', 'tasks', 'run', 'xcom_dag', 't1', 'manual__2023-11-01T19:58:18.100764+00:00', '--job-id', '20', '--raw', '--subdir', 'DAGS_FOLDER/xcom_dag.py', '--cfg-path', '/tmp/tmpm0g8gy8d']
[2023-11-01T19:58:19.984+0000] {standard_task_runner.py:83} INFO - Job 20: Subtask t1
[2023-11-01T19:58:20.085+0000] {task_command.py:376} INFO - Running <TaskInstance: xcom_dag.t1 manual__2023-11-01T19:58:18.100764+00:00 [running]> on host 3779655fe886
[2023-11-01T19:58:20.189+0000] {taskinstance.py:1592} INFO - Exporting the following env vars:
AIRFLOW_CTX_DAG_OWNER=***
AIRFLOW_CTX_DAG_ID=xcom_dag
AIRFLOW_CTX_TASK_ID=t1
AIRFLOW_CTX_EXECUTION_DATE=2023-11-01T19:58:18.100764+00:00
AIRFLOW_CTX_TRY_NUMBER=1
AIRFLOW_CTX_DAG_RUN_ID=manual__2023-11-01T19:58:18.100764+00:00
[2023-11-01T19:58:20.214+0000] {python.py:177} INFO - Done. Returned value was: None
[2023-11-01T19:58:20.230+0000] {taskinstance.py:1406} INFO - Marking task as SUCCESS. dag_id=xcom_dag, task_id=t1, execution_date=20231101T195818, start_date=20231101T195819, end_date=20231101T195820
[2023-11-01T19:58:20.281+0000] {local_task_job.py:164} INFO - Task exited with return code 0
[2023-11-01T19:58:20.327+0000] {local_task_job.py:273} INFO - 1 downstream tasks scheduled from follow-on schedule check
