[2023-11-01T20:13:01.989+0000] {taskinstance.py:1165} INFO - Dependencies all met for <TaskInstance: xcom_dag.t2 manual__2023-11-01T20:12:58.615592+00:00 [queued]>
[2023-11-01T20:13:02.006+0000] {taskinstance.py:1165} INFO - Dependencies all met for <TaskInstance: xcom_dag.t2 manual__2023-11-01T20:12:58.615592+00:00 [queued]>
[2023-11-01T20:13:02.007+0000] {taskinstance.py:1362} INFO - 
--------------------------------------------------------------------------------
[2023-11-01T20:13:02.007+0000] {taskinstance.py:1363} INFO - Starting attempt 1 of 1
[2023-11-01T20:13:02.008+0000] {taskinstance.py:1364} INFO - 
--------------------------------------------------------------------------------
[2023-11-01T20:13:02.028+0000] {taskinstance.py:1383} INFO - Executing <Task(PythonOperator): t2> on 2023-11-01 20:12:58.615592+00:00
[2023-11-01T20:13:02.034+0000] {standard_task_runner.py:55} INFO - Started process 2360 to run task
[2023-11-01T20:13:02.036+0000] {standard_task_runner.py:82} INFO - Running: ['***', 'tasks', 'run', 'xcom_dag', 't2', 'manual__2023-11-01T20:12:58.615592+00:00', '--job-id', '37', '--raw', '--subdir', 'DAGS_FOLDER/xcom_dag.py', '--cfg-path', '/tmp/tmpr1vooqlu']
[2023-11-01T20:13:02.037+0000] {standard_task_runner.py:83} INFO - Job 37: Subtask t2
[2023-11-01T20:13:02.105+0000] {task_command.py:376} INFO - Running <TaskInstance: xcom_dag.t2 manual__2023-11-01T20:12:58.615592+00:00 [running]> on host 3779655fe886
[2023-11-01T20:13:02.191+0000] {taskinstance.py:1592} INFO - Exporting the following env vars:
AIRFLOW_CTX_DAG_OWNER=***
AIRFLOW_CTX_DAG_ID=xcom_dag
AIRFLOW_CTX_TASK_ID=t2
AIRFLOW_CTX_EXECUTION_DATE=2023-11-01T20:12:58.615592+00:00
AIRFLOW_CTX_TRY_NUMBER=1
AIRFLOW_CTX_DAG_RUN_ID=manual__2023-11-01T20:12:58.615592+00:00
[2023-11-01T20:13:02.204+0000] {python.py:177} INFO - Done. Returned value was: None
[2023-11-01T20:13:02.214+0000] {taskinstance.py:1406} INFO - Marking task as SUCCESS. dag_id=xcom_dag, task_id=t2, execution_date=20231101T201258, start_date=20231101T201301, end_date=20231101T201302
[2023-11-01T20:13:02.248+0000] {local_task_job.py:164} INFO - Task exited with return code 0
[2023-11-01T20:13:02.283+0000] {local_task_job.py:273} INFO - 1 downstream tasks scheduled from follow-on schedule check
