[2023-11-01T14:27:41.875+0000] {taskinstance.py:1165} INFO - Dependencies all met for <TaskInstance: user_processing.process_user manual__2023-11-01T14:27:32.314471+00:00 [queued]>
[2023-11-01T14:27:41.891+0000] {taskinstance.py:1165} INFO - Dependencies all met for <TaskInstance: user_processing.process_user manual__2023-11-01T14:27:32.314471+00:00 [queued]>
[2023-11-01T14:27:41.892+0000] {taskinstance.py:1362} INFO - 
--------------------------------------------------------------------------------
[2023-11-01T14:27:41.893+0000] {taskinstance.py:1363} INFO - Starting attempt 1 of 1
[2023-11-01T14:27:41.893+0000] {taskinstance.py:1364} INFO - 
--------------------------------------------------------------------------------
[2023-11-01T14:27:41.917+0000] {taskinstance.py:1383} INFO - Executing <Task(PythonOperator): process_user> on 2023-11-01 14:27:32.314471+00:00
[2023-11-01T14:27:41.929+0000] {standard_task_runner.py:55} INFO - Started process 942 to run task
[2023-11-01T14:27:41.933+0000] {standard_task_runner.py:82} INFO - Running: ['***', 'tasks', 'run', 'user_processing', 'process_user', 'manual__2023-11-01T14:27:32.314471+00:00', '--job-id', '67', '--raw', '--subdir', 'DAGS_FOLDER/user_processing.py', '--cfg-path', '/tmp/tmp63_nxzns']
[2023-11-01T14:27:41.936+0000] {standard_task_runner.py:83} INFO - Job 67: Subtask process_user
[2023-11-01T14:27:42.026+0000] {task_command.py:376} INFO - Running <TaskInstance: user_processing.process_user manual__2023-11-01T14:27:32.314471+00:00 [running]> on host fb639b5910d5
[2023-11-01T14:27:42.120+0000] {taskinstance.py:1592} INFO - Exporting the following env vars:
AIRFLOW_CTX_DAG_OWNER=***
AIRFLOW_CTX_DAG_ID=user_processing
AIRFLOW_CTX_TASK_ID=process_user
AIRFLOW_CTX_EXECUTION_DATE=2023-11-01T14:27:32.314471+00:00
AIRFLOW_CTX_TRY_NUMBER=1
AIRFLOW_CTX_DAG_RUN_ID=manual__2023-11-01T14:27:32.314471+00:00
[2023-11-01T14:27:42.145+0000] {python.py:177} INFO - Done. Returned value was: None
[2023-11-01T14:27:42.157+0000] {taskinstance.py:1406} INFO - Marking task as SUCCESS. dag_id=user_processing, task_id=process_user, execution_date=20231101T142732, start_date=20231101T142741, end_date=20231101T142742
[2023-11-01T14:27:42.189+0000] {local_task_job.py:164} INFO - Task exited with return code 0
[2023-11-01T14:27:42.225+0000] {local_task_job.py:273} INFO - 1 downstream tasks scheduled from follow-on schedule check
