[2023-11-09T18:54:36.079+0000] {taskinstance.py:1087} INFO - Dependencies all met for <TaskInstance: customers.create_customers_table manual__2023-11-09T18:54:32.165017+00:00 [queued]>
[2023-11-09T18:54:36.098+0000] {taskinstance.py:1087} INFO - Dependencies all met for <TaskInstance: customers.create_customers_table manual__2023-11-09T18:54:32.165017+00:00 [queued]>
[2023-11-09T18:54:36.099+0000] {taskinstance.py:1283} INFO - 
--------------------------------------------------------------------------------
[2023-11-09T18:54:36.130+0000] {taskinstance.py:1284} INFO - Starting attempt 1 of 1
[2023-11-09T18:54:36.131+0000] {taskinstance.py:1285} INFO - 
--------------------------------------------------------------------------------
[2023-11-09T18:54:36.353+0000] {taskinstance.py:1304} INFO - Executing <Task(PostgresOperator): create_customers_table> on 2023-11-09 18:54:32.165017+00:00
[2023-11-09T18:54:36.363+0000] {standard_task_runner.py:55} INFO - Started process 12604 to run task
[2023-11-09T18:54:36.365+0000] {standard_task_runner.py:82} INFO - Running: ['***', 'tasks', 'run', 'customers', 'create_customers_table', 'manual__2023-11-09T18:54:32.165017+00:00', '--job-id', '206', '--raw', '--subdir', 'DAGS_FOLDER/customers.py', '--cfg-path', '/tmp/tmpyihle0dc']
[2023-11-09T18:54:36.373+0000] {standard_task_runner.py:83} INFO - Job 206: Subtask create_customers_table
[2023-11-09T18:54:36.943+0000] {task_command.py:389} INFO - Running <TaskInstance: customers.create_customers_table manual__2023-11-09T18:54:32.165017+00:00 [running]> on host 9dcc097b8292
[2023-11-09T18:54:40.058+0000] {taskinstance.py:1513} INFO - Exporting the following env vars:
AIRFLOW_CTX_DAG_OWNER=Tetiana
AIRFLOW_CTX_DAG_ID=customers
AIRFLOW_CTX_TASK_ID=create_customers_table
AIRFLOW_CTX_EXECUTION_DATE=2023-11-09T18:54:32.165017+00:00
AIRFLOW_CTX_TRY_NUMBER=1
AIRFLOW_CTX_DAG_RUN_ID=manual__2023-11-09T18:54:32.165017+00:00
[2023-11-09T18:54:40.059+0000] {sql.py:253} INFO - Executing: 
        CREATE TABLE IF NOT EXISTS customers (
            Index INT NOT NULL primary key,
            Customer_Id varchar(100),
            First_Name varchar(100),
            Last_Name varchar(100),
            Company varchar(100),
            City varchar(100),
            Country varchar(100),
            Phone_1 varchar(100),
            Phone_2 varchar(100),
            Email varchar(100),
            Subscription Date,
            Website varchar(100)
        );
    
[2023-11-09T18:54:40.070+0000] {base.py:73} INFO - Using connection ID 'postgres' for task execution.
[2023-11-09T18:54:40.420+0000] {base.py:73} INFO - Using connection ID 'postgres' for task execution.
[2023-11-09T18:54:40.425+0000] {sql.py:364} INFO - Running statement: 
        CREATE TABLE IF NOT EXISTS customers (
            Index INT NOT NULL primary key,
            Customer_Id varchar(100),
            First_Name varchar(100),
            Last_Name varchar(100),
            Company varchar(100),
            City varchar(100),
            Country varchar(100),
            Phone_1 varchar(100),
            Phone_2 varchar(100),
            Email varchar(100),
            Subscription Date,
            Website varchar(100)
        );
    , parameters: None
[2023-11-09T18:54:40.438+0000] {taskinstance.py:1327} INFO - Marking task as SUCCESS. dag_id=customers, task_id=create_customers_table, execution_date=20231109T185432, start_date=20231109T185436, end_date=20231109T185440
[2023-11-09T18:54:41.289+0000] {local_task_job.py:159} INFO - Task exited with return code 0
[2023-11-09T18:54:41.326+0000] {taskinstance.py:2582} INFO - 1 downstream tasks scheduled from follow-on schedule check
