[2023-11-01T18:35:16.767+0000] {taskinstance.py:1165} INFO - Dependencies all met for <TaskInstance: producer.update_dataset manual__2023-11-01T18:35:15.139855+00:00 [queued]>
[2023-11-01T18:35:16.781+0000] {taskinstance.py:1165} INFO - Dependencies all met for <TaskInstance: producer.update_dataset manual__2023-11-01T18:35:15.139855+00:00 [queued]>
[2023-11-01T18:35:16.782+0000] {taskinstance.py:1362} INFO - 
--------------------------------------------------------------------------------
[2023-11-01T18:35:16.783+0000] {taskinstance.py:1363} INFO - Starting attempt 1 of 1
[2023-11-01T18:35:16.783+0000] {taskinstance.py:1364} INFO - 
--------------------------------------------------------------------------------
[2023-11-01T18:35:16.808+0000] {taskinstance.py:1383} INFO - Executing <Task(_PythonDecoratedOperator): update_dataset> on 2023-11-01 18:35:15.139855+00:00
[2023-11-01T18:35:16.817+0000] {standard_task_runner.py:55} INFO - Started process 425 to run task
[2023-11-01T18:35:16.820+0000] {standard_task_runner.py:82} INFO - Running: ['***', 'tasks', 'run', 'producer', 'update_dataset', 'manual__2023-11-01T18:35:15.139855+00:00', '--job-id', '4', '--raw', '--subdir', 'DAGS_FOLDER/producer.py', '--cfg-path', '/tmp/tmpne_bm13z']
[2023-11-01T18:35:16.820+0000] {standard_task_runner.py:83} INFO - Job 4: Subtask update_dataset
[2023-11-01T18:35:16.890+0000] {task_command.py:376} INFO - Running <TaskInstance: producer.update_dataset manual__2023-11-01T18:35:15.139855+00:00 [running]> on host 0cef1f60f87e
[2023-11-01T18:35:16.982+0000] {taskinstance.py:1592} INFO - Exporting the following env vars:
AIRFLOW_CTX_DAG_OWNER=***
AIRFLOW_CTX_DAG_ID=producer
AIRFLOW_CTX_TASK_ID=update_dataset
AIRFLOW_CTX_EXECUTION_DATE=2023-11-01T18:35:15.139855+00:00
AIRFLOW_CTX_TRY_NUMBER=1
AIRFLOW_CTX_DAG_RUN_ID=manual__2023-11-01T18:35:15.139855+00:00
[2023-11-01T18:35:16.983+0000] {taskinstance.py:1851} ERROR - Task failed with exception
Traceback (most recent call last):
  File "/home/airflow/.local/lib/python3.7/site-packages/airflow/decorators/base.py", line 188, in execute
    return_value = super().execute(context)
  File "/home/airflow/.local/lib/python3.7/site-packages/airflow/operators/python.py", line 175, in execute
    return_value = self.execute_callable()
  File "/home/airflow/.local/lib/python3.7/site-packages/airflow/operators/python.py", line 193, in execute_callable
    return self.python_callable(*self.op_args, **self.op_kwargs)
  File "/opt/airflow/dags/producer.py", line 17, in update_dataset
    with open (my_file.uri, "a+") as f:
FileNotFoundError: [Errno 2] No such file or directory: 'home/my_file.txt'
[2023-11-01T18:35:16.995+0000] {taskinstance.py:1406} INFO - Marking task as FAILED. dag_id=producer, task_id=update_dataset, execution_date=20231101T183515, start_date=20231101T183516, end_date=20231101T183516
[2023-11-01T18:35:17.013+0000] {standard_task_runner.py:105} ERROR - Failed to execute job 4 for task update_dataset ([Errno 2] No such file or directory: 'home/my_file.txt'; 425)
[2023-11-01T18:35:17.032+0000] {local_task_job.py:164} INFO - Task exited with return code 1
[2023-11-01T18:35:17.073+0000] {local_task_job.py:273} INFO - 0 downstream tasks scheduled from follow-on schedule check
