[2023-11-01T14:27:39.467+0000] {taskinstance.py:1165} INFO - Dependencies all met for <TaskInstance: user_processing.process_user scheduled__2023-10-31T00:00:00+00:00 [queued]>
[2023-11-01T14:27:39.486+0000] {taskinstance.py:1165} INFO - Dependencies all met for <TaskInstance: user_processing.process_user scheduled__2023-10-31T00:00:00+00:00 [queued]>
[2023-11-01T14:27:39.487+0000] {taskinstance.py:1362} INFO - 
--------------------------------------------------------------------------------
[2023-11-01T14:27:39.488+0000] {taskinstance.py:1363} INFO - Starting attempt 1 of 1
[2023-11-01T14:27:39.488+0000] {taskinstance.py:1364} INFO - 
--------------------------------------------------------------------------------
[2023-11-01T14:27:39.516+0000] {taskinstance.py:1383} INFO - Executing <Task(PythonOperator): process_user> on 2023-10-31 00:00:00+00:00
[2023-11-01T14:27:39.525+0000] {standard_task_runner.py:55} INFO - Started process 937 to run task
[2023-11-01T14:27:39.528+0000] {standard_task_runner.py:82} INFO - Running: ['***', 'tasks', 'run', 'user_processing', 'process_user', 'scheduled__2023-10-31T00:00:00+00:00', '--job-id', '66', '--raw', '--subdir', 'DAGS_FOLDER/user_processing.py', '--cfg-path', '/tmp/tmpxoan8pr9']
[2023-11-01T14:27:39.530+0000] {standard_task_runner.py:83} INFO - Job 66: Subtask process_user
[2023-11-01T14:27:39.606+0000] {task_command.py:376} INFO - Running <TaskInstance: user_processing.process_user scheduled__2023-10-31T00:00:00+00:00 [running]> on host fb639b5910d5
[2023-11-01T14:27:39.720+0000] {taskinstance.py:1592} INFO - Exporting the following env vars:
AIRFLOW_CTX_DAG_OWNER=***
AIRFLOW_CTX_DAG_ID=user_processing
AIRFLOW_CTX_TASK_ID=process_user
AIRFLOW_CTX_EXECUTION_DATE=2023-10-31T00:00:00+00:00
AIRFLOW_CTX_TRY_NUMBER=1
AIRFLOW_CTX_DAG_RUN_ID=scheduled__2023-10-31T00:00:00+00:00
[2023-11-01T14:27:39.756+0000] {python.py:177} INFO - Done. Returned value was: None
[2023-11-01T14:27:39.773+0000] {taskinstance.py:1406} INFO - Marking task as SUCCESS. dag_id=user_processing, task_id=process_user, execution_date=20231031T000000, start_date=20231101T142739, end_date=20231101T142739
[2023-11-01T14:27:39.865+0000] {local_task_job.py:164} INFO - Task exited with return code 0
[2023-11-01T14:27:39.923+0000] {local_task_job.py:273} INFO - 1 downstream tasks scheduled from follow-on schedule check
