[2023-11-10T11:22:23.301+0000] {taskinstance.py:1087} INFO - Dependencies all met for <TaskInstance: people.union_and_save_excel manual__2023-11-10T11:22:14.051991+00:00 [queued]>
[2023-11-10T11:22:23.317+0000] {taskinstance.py:1087} INFO - Dependencies all met for <TaskInstance: people.union_and_save_excel manual__2023-11-10T11:22:14.051991+00:00 [queued]>
[2023-11-10T11:22:23.318+0000] {taskinstance.py:1283} INFO - 
--------------------------------------------------------------------------------
[2023-11-10T11:22:23.319+0000] {taskinstance.py:1284} INFO - Starting attempt 1 of 1
[2023-11-10T11:22:23.319+0000] {taskinstance.py:1285} INFO - 
--------------------------------------------------------------------------------
[2023-11-10T11:22:23.339+0000] {taskinstance.py:1304} INFO - Executing <Task(PythonOperator): union_and_save_excel> on 2023-11-10 11:22:14.051991+00:00
[2023-11-10T11:22:23.346+0000] {standard_task_runner.py:55} INFO - Started process 4484 to run task
[2023-11-10T11:22:23.349+0000] {standard_task_runner.py:82} INFO - Running: ['***', 'tasks', 'run', 'people', 'union_and_save_excel', 'manual__2023-11-10T11:22:14.051991+00:00', '--job-id', '491', '--raw', '--subdir', 'DAGS_FOLDER/people.py', '--cfg-path', '/tmp/tmp020d_0ap']
[2023-11-10T11:22:23.351+0000] {standard_task_runner.py:83} INFO - Job 491: Subtask union_and_save_excel
[2023-11-10T11:22:23.426+0000] {task_command.py:389} INFO - Running <TaskInstance: people.union_and_save_excel manual__2023-11-10T11:22:14.051991+00:00 [running]> on host ccf8e59e32fe
[2023-11-10T11:22:23.681+0000] {taskinstance.py:1513} INFO - Exporting the following env vars:
AIRFLOW_CTX_DAG_OWNER=Tetiana
AIRFLOW_CTX_DAG_ID=people
AIRFLOW_CTX_TASK_ID=union_and_save_excel
AIRFLOW_CTX_EXECUTION_DATE=2023-11-10T11:22:14.051991+00:00
AIRFLOW_CTX_TRY_NUMBER=1
AIRFLOW_CTX_DAG_RUN_ID=manual__2023-11-10T11:22:14.051991+00:00
[2023-11-10T11:22:23.881+0000] {python.py:177} INFO - Done. Returned value was: None
[2023-11-10T11:22:23.894+0000] {taskinstance.py:1327} INFO - Marking task as SUCCESS. dag_id=people, task_id=union_and_save_excel, execution_date=20231110T112214, start_date=20231110T112223, end_date=20231110T112223
[2023-11-10T11:22:23.964+0000] {local_task_job.py:159} INFO - Task exited with return code 0
[2023-11-10T11:22:23.988+0000] {taskinstance.py:2582} INFO - 0 downstream tasks scheduled from follow-on schedule check
