[2023-11-02T18:18:09.210+0000] {taskinstance.py:1165} INFO - Dependencies all met for <TaskInstance: user_processing.extract_user manual__2023-11-02T18:18:02.564278+00:00 [queued]>
[2023-11-02T18:18:09.227+0000] {taskinstance.py:1165} INFO - Dependencies all met for <TaskInstance: user_processing.extract_user manual__2023-11-02T18:18:02.564278+00:00 [queued]>
[2023-11-02T18:18:09.228+0000] {taskinstance.py:1362} INFO - 
--------------------------------------------------------------------------------
[2023-11-02T18:18:09.228+0000] {taskinstance.py:1363} INFO - Starting attempt 1 of 1
[2023-11-02T18:18:09.229+0000] {taskinstance.py:1364} INFO - 
--------------------------------------------------------------------------------
[2023-11-02T18:18:09.248+0000] {taskinstance.py:1383} INFO - Executing <Task(SimpleHttpOperator): extract_user> on 2023-11-02 18:18:02.564278+00:00
[2023-11-02T18:18:09.253+0000] {standard_task_runner.py:55} INFO - Started process 105 to run task
[2023-11-02T18:18:09.257+0000] {standard_task_runner.py:82} INFO - Running: ['***', 'tasks', 'run', 'user_processing', 'extract_user', 'manual__2023-11-02T18:18:02.564278+00:00', '--job-id', '30', '--raw', '--subdir', 'DAGS_FOLDER/user_processing.py', '--cfg-path', '/tmp/tmpvd8v1prh']
[2023-11-02T18:18:09.259+0000] {standard_task_runner.py:83} INFO - Job 30: Subtask extract_user
[2023-11-02T18:18:09.328+0000] {task_command.py:376} INFO - Running <TaskInstance: user_processing.extract_user manual__2023-11-02T18:18:02.564278+00:00 [running]> on host 6c8be2bfe956
[2023-11-02T18:18:09.443+0000] {taskinstance.py:1592} INFO - Exporting the following env vars:
AIRFLOW_CTX_DAG_OWNER=***
AIRFLOW_CTX_DAG_ID=user_processing
AIRFLOW_CTX_TASK_ID=extract_user
AIRFLOW_CTX_EXECUTION_DATE=2023-11-02T18:18:02.564278+00:00
AIRFLOW_CTX_TRY_NUMBER=1
AIRFLOW_CTX_DAG_RUN_ID=manual__2023-11-02T18:18:02.564278+00:00
[2023-11-02T18:18:09.445+0000] {http.py:121} INFO - Calling HTTP method
[2023-11-02T18:18:09.455+0000] {base.py:71} INFO - Using connection ID 'user_api' for task execution.
[2023-11-02T18:18:09.460+0000] {http.py:148} INFO - Sending 'GET' to url: https://randomuser.me/api/
[2023-11-02T18:18:09.635+0000] {http.py:125} INFO - {"results":[{"gender":"female","name":{"title":"Mrs","first":"Ifrah","last":"Louwers"},"location":{"street":{"number":6721,"name":"Esseboom"},"city":"Nieuw Annerveen","state":"Utrecht","country":"Netherlands","postcode":"6851 NF","coordinates":{"latitude":"35.4637","longitude":"175.2904"},"timezone":{"offset":"+5:30","description":"Bombay, Calcutta, Madras, New Delhi"}},"email":"ifrah.louwers@example.com","login":{"uuid":"676ba89c-62da-4004-815a-5f0cebee4c50","username":"purplefrog959","password":"flip","salt":"k3Naasqe","md5":"47f00b72c54f9321cdfc03f1eaba9816","sha1":"1d7f001ab8c4423818067ef95da742dcf71e7212","sha256":"024e1255941a1f4ecb0821d78debd4febce04c9b43c35ec33b6aa6a8f3f7c0a6"},"dob":{"date":"1947-01-27T18:47:59.203Z","age":76},"registered":{"date":"2017-10-09T11:38:37.699Z","age":6},"phone":"(0723) 690217","cell":"(06) 61971738","id":{"name":"BSN","value":"38788556"},"picture":{"large":"https://randomuser.me/api/portraits/women/85.jpg","medium":"https://randomuser.me/api/portraits/med/women/85.jpg","thumbnail":"https://randomuser.me/api/portraits/thumb/women/85.jpg"},"nat":"NL"}],"info":{"seed":"a688778e0c927d63","results":1,"page":1,"version":"1.4"}}
[2023-11-02T18:18:09.666+0000] {taskinstance.py:1406} INFO - Marking task as SUCCESS. dag_id=user_processing, task_id=extract_user, execution_date=20231102T181802, start_date=20231102T181809, end_date=20231102T181809
[2023-11-02T18:18:09.712+0000] {local_task_job.py:164} INFO - Task exited with return code 0
[2023-11-02T18:18:09.755+0000] {local_task_job.py:273} INFO - 1 downstream tasks scheduled from follow-on schedule check
