[2023-11-13T09:30:51.379+0000] {taskinstance.py:1087} INFO - Dependencies all met for <TaskInstance: merge_table.save_customers_to_excel manual__2023-11-13T09:30:45.308506+00:00 [queued]>
[2023-11-13T09:30:51.410+0000] {taskinstance.py:1087} INFO - Dependencies all met for <TaskInstance: merge_table.save_customers_to_excel manual__2023-11-13T09:30:45.308506+00:00 [queued]>
[2023-11-13T09:30:51.411+0000] {taskinstance.py:1283} INFO - 
--------------------------------------------------------------------------------
[2023-11-13T09:30:51.412+0000] {taskinstance.py:1284} INFO - Starting attempt 1 of 1
[2023-11-13T09:30:51.414+0000] {taskinstance.py:1285} INFO - 
--------------------------------------------------------------------------------
[2023-11-13T09:30:51.465+0000] {taskinstance.py:1304} INFO - Executing <Task(PythonOperator): save_customers_to_excel> on 2023-11-13 09:30:45.308506+00:00
[2023-11-13T09:30:51.482+0000] {standard_task_runner.py:55} INFO - Started process 590 to run task
[2023-11-13T09:30:51.494+0000] {standard_task_runner.py:82} INFO - Running: ['***', 'tasks', 'run', 'merge_table', 'save_customers_to_excel', 'manual__2023-11-13T09:30:45.308506+00:00', '--job-id', '606', '--raw', '--subdir', 'DAGS_FOLDER/merge.py', '--cfg-path', '/tmp/tmps83qeaid']
[2023-11-13T09:30:51.499+0000] {standard_task_runner.py:83} INFO - Job 606: Subtask save_customers_to_excel
[2023-11-13T09:30:51.674+0000] {task_command.py:389} INFO - Running <TaskInstance: merge_table.save_customers_to_excel manual__2023-11-13T09:30:45.308506+00:00 [running]> on host 06d7566f07d2
[2023-11-13T09:30:51.983+0000] {taskinstance.py:1513} INFO - Exporting the following env vars:
AIRFLOW_CTX_DAG_OWNER=***
AIRFLOW_CTX_DAG_ID=merge_table
AIRFLOW_CTX_TASK_ID=save_customers_to_excel
AIRFLOW_CTX_EXECUTION_DATE=2023-11-13T09:30:45.308506+00:00
AIRFLOW_CTX_TRY_NUMBER=1
AIRFLOW_CTX_DAG_RUN_ID=manual__2023-11-13T09:30:45.308506+00:00
[2023-11-13T09:30:52.387+0000] {base.py:73} INFO - Using connection ID 'postgres' for task execution.
[2023-11-13T09:30:52.491+0000] {python.py:177} INFO - Done. Returned value was: None
[2023-11-13T09:30:52.523+0000] {taskinstance.py:1327} INFO - Marking task as SUCCESS. dag_id=merge_table, task_id=save_customers_to_excel, execution_date=20231113T093045, start_date=20231113T093051, end_date=20231113T093052
[2023-11-13T09:30:52.644+0000] {local_task_job.py:159} INFO - Task exited with return code 0
[2023-11-13T09:30:52.714+0000] {taskinstance.py:2582} INFO - 0 downstream tasks scheduled from follow-on schedule check
