[2023-11-05T14:14:11.187+0000] {taskinstance.py:1165} INFO - Dependencies all met for <TaskInstance: customers.save_customers_to_excel manual__2023-11-05T14:14:04.387957+00:00 [queued]>
[2023-11-05T14:14:11.221+0000] {taskinstance.py:1165} INFO - Dependencies all met for <TaskInstance: customers.save_customers_to_excel manual__2023-11-05T14:14:04.387957+00:00 [queued]>
[2023-11-05T14:14:11.222+0000] {taskinstance.py:1362} INFO - 
--------------------------------------------------------------------------------
[2023-11-05T14:14:11.223+0000] {taskinstance.py:1363} INFO - Starting attempt 1 of 1
[2023-11-05T14:14:11.225+0000] {taskinstance.py:1364} INFO - 
--------------------------------------------------------------------------------
[2023-11-05T14:14:11.245+0000] {taskinstance.py:1383} INFO - Executing <Task(PythonOperator): save_customers_to_excel> on 2023-11-05 14:14:04.387957+00:00
[2023-11-05T14:14:11.268+0000] {standard_task_runner.py:55} INFO - Started process 11712 to run task
[2023-11-05T14:14:11.272+0000] {standard_task_runner.py:82} INFO - Running: ['***', 'tasks', 'run', 'customers', 'save_customers_to_excel', 'manual__2023-11-05T14:14:04.387957+00:00', '--job-id', '419', '--raw', '--subdir', 'DAGS_FOLDER/customers.py', '--cfg-path', '/tmp/tmpuf062fq4']
[2023-11-05T14:14:11.275+0000] {standard_task_runner.py:83} INFO - Job 419: Subtask save_customers_to_excel
[2023-11-05T14:14:11.362+0000] {task_command.py:376} INFO - Running <TaskInstance: customers.save_customers_to_excel manual__2023-11-05T14:14:04.387957+00:00 [running]> on host 9d85c6014d6e
[2023-11-05T14:14:11.657+0000] {taskinstance.py:1592} INFO - Exporting the following env vars:
AIRFLOW_CTX_DAG_OWNER=***
AIRFLOW_CTX_DAG_ID=customers
AIRFLOW_CTX_TASK_ID=save_customers_to_excel
AIRFLOW_CTX_EXECUTION_DATE=2023-11-05T14:14:04.387957+00:00
AIRFLOW_CTX_TRY_NUMBER=1
AIRFLOW_CTX_DAG_RUN_ID=manual__2023-11-05T14:14:04.387957+00:00
[2023-11-05T14:14:11.728+0000] {base.py:71} INFO - Using connection ID 'postgres' for task execution.
[2023-11-05T14:14:11.783+0000] {python.py:177} INFO - Done. Returned value was: None
[2023-11-05T14:14:11.796+0000] {taskinstance.py:1406} INFO - Marking task as SUCCESS. dag_id=customers, task_id=save_customers_to_excel, execution_date=20231105T141404, start_date=20231105T141411, end_date=20231105T141411
[2023-11-05T14:14:11.849+0000] {local_task_job.py:164} INFO - Task exited with return code 0
[2023-11-05T14:14:11.873+0000] {local_task_job.py:273} INFO - 0 downstream tasks scheduled from follow-on schedule check
