[2023-11-10T07:50:22.803+0000] {taskinstance.py:1087} INFO - Dependencies all met for <TaskInstance: customers.create_customers_table manual__2023-11-10T07:50:19.697316+00:00 [queued]>
[2023-11-10T07:50:22.829+0000] {taskinstance.py:1087} INFO - Dependencies all met for <TaskInstance: customers.create_customers_table manual__2023-11-10T07:50:19.697316+00:00 [queued]>
[2023-11-10T07:50:22.830+0000] {taskinstance.py:1283} INFO - 
--------------------------------------------------------------------------------
[2023-11-10T07:50:22.831+0000] {taskinstance.py:1284} INFO - Starting attempt 1 of 1
[2023-11-10T07:50:22.832+0000] {taskinstance.py:1285} INFO - 
--------------------------------------------------------------------------------
[2023-11-10T07:50:22.863+0000] {taskinstance.py:1304} INFO - Executing <Task(PostgresOperator): create_customers_table> on 2023-11-10 07:50:19.697316+00:00
[2023-11-10T07:50:22.876+0000] {standard_task_runner.py:55} INFO - Started process 1578 to run task
[2023-11-10T07:50:22.886+0000] {standard_task_runner.py:82} INFO - Running: ['***', 'tasks', 'run', 'customers', 'create_customers_table', 'manual__2023-11-10T07:50:19.697316+00:00', '--job-id', '323', '--raw', '--subdir', 'DAGS_FOLDER/customers.py', '--cfg-path', '/tmp/tmpzh_kra6y']
[2023-11-10T07:50:22.889+0000] {standard_task_runner.py:83} INFO - Job 323: Subtask create_customers_table
[2023-11-10T07:50:22.997+0000] {task_command.py:389} INFO - Running <TaskInstance: customers.create_customers_table manual__2023-11-10T07:50:19.697316+00:00 [running]> on host 706d03b983c6
[2023-11-10T07:50:23.361+0000] {taskinstance.py:1513} INFO - Exporting the following env vars:
AIRFLOW_CTX_DAG_OWNER=Tetiana
AIRFLOW_CTX_DAG_ID=customers
AIRFLOW_CTX_TASK_ID=create_customers_table
AIRFLOW_CTX_EXECUTION_DATE=2023-11-10T07:50:19.697316+00:00
AIRFLOW_CTX_TRY_NUMBER=1
AIRFLOW_CTX_DAG_RUN_ID=manual__2023-11-10T07:50:19.697316+00:00
[2023-11-10T07:50:23.362+0000] {sql.py:253} INFO - Executing: 
        CREATE TABLE IF NOT EXISTS customers_test (
            Index INT NOT NULL primary key,
            Customer_Id varchar(100),
            First_Name varchar(100),
            Last_Name varchar(100),
            Company varchar(100),
            City varchar(100),
            Country varchar(100),
            Phone_1 varchar(100),
            Email varchar(100),
            Subscription Date,
            Website varchar(100)
        );
    
[2023-11-10T07:50:23.383+0000] {base.py:73} INFO - Using connection ID 'postgres' for task execution.
[2023-11-10T07:50:23.715+0000] {base.py:73} INFO - Using connection ID 'postgres' for task execution.
[2023-11-10T07:50:23.722+0000] {sql.py:364} INFO - Running statement: 
        CREATE TABLE IF NOT EXISTS customers_test (
            Index INT NOT NULL primary key,
            Customer_Id varchar(100),
            First_Name varchar(100),
            Last_Name varchar(100),
            Company varchar(100),
            City varchar(100),
            Country varchar(100),
            Phone_1 varchar(100),
            Email varchar(100),
            Subscription Date,
            Website varchar(100)
        );
    , parameters: None
[2023-11-10T07:50:23.746+0000] {taskinstance.py:1327} INFO - Marking task as SUCCESS. dag_id=customers, task_id=create_customers_table, execution_date=20231110T075019, start_date=20231110T075022, end_date=20231110T075023
[2023-11-10T07:50:23.783+0000] {local_task_job.py:159} INFO - Task exited with return code 0
[2023-11-10T07:50:23.820+0000] {taskinstance.py:2582} INFO - 1 downstream tasks scheduled from follow-on schedule check
