[2023-11-08T07:46:51.689+0000] {taskinstance.py:1165} INFO - Dependencies all met for <TaskInstance: people.save_people_to_excel scheduled__2023-11-07T00:00:00+00:00 [queued]>
[2023-11-08T07:46:51.705+0000] {taskinstance.py:1165} INFO - Dependencies all met for <TaskInstance: people.save_people_to_excel scheduled__2023-11-07T00:00:00+00:00 [queued]>
[2023-11-08T07:46:51.706+0000] {taskinstance.py:1362} INFO - 
--------------------------------------------------------------------------------
[2023-11-08T07:46:51.708+0000] {taskinstance.py:1363} INFO - Starting attempt 1 of 1
[2023-11-08T07:46:51.708+0000] {taskinstance.py:1364} INFO - 
--------------------------------------------------------------------------------
[2023-11-08T07:46:51.732+0000] {taskinstance.py:1383} INFO - Executing <Task(PythonOperator): save_people_to_excel> on 2023-11-07 00:00:00+00:00
[2023-11-08T07:46:51.744+0000] {standard_task_runner.py:55} INFO - Started process 100 to run task
[2023-11-08T07:46:51.746+0000] {standard_task_runner.py:82} INFO - Running: ['***', 'tasks', 'run', 'people', 'save_people_to_excel', 'scheduled__2023-11-07T00:00:00+00:00', '--job-id', '598', '--raw', '--subdir', 'DAGS_FOLDER/people.py', '--cfg-path', '/tmp/tmpsbcp8slu']
[2023-11-08T07:46:51.749+0000] {standard_task_runner.py:83} INFO - Job 598: Subtask save_people_to_excel
[2023-11-08T07:46:51.848+0000] {task_command.py:376} INFO - Running <TaskInstance: people.save_people_to_excel scheduled__2023-11-07T00:00:00+00:00 [running]> on host 294bdf3ccac4
[2023-11-08T07:46:52.136+0000] {taskinstance.py:1592} INFO - Exporting the following env vars:
AIRFLOW_CTX_DAG_OWNER=***
AIRFLOW_CTX_DAG_ID=people
AIRFLOW_CTX_TASK_ID=save_people_to_excel
AIRFLOW_CTX_EXECUTION_DATE=2023-11-07T00:00:00+00:00
AIRFLOW_CTX_TRY_NUMBER=1
AIRFLOW_CTX_DAG_RUN_ID=scheduled__2023-11-07T00:00:00+00:00
[2023-11-08T07:46:52.250+0000] {base.py:71} INFO - Using connection ID 'postgres' for task execution.
[2023-11-08T07:46:52.375+0000] {python.py:177} INFO - Done. Returned value was: None
[2023-11-08T07:46:52.389+0000] {taskinstance.py:1406} INFO - Marking task as SUCCESS. dag_id=people, task_id=save_people_to_excel, execution_date=20231107T000000, start_date=20231108T074651, end_date=20231108T074652
[2023-11-08T07:46:52.450+0000] {local_task_job.py:164} INFO - Task exited with return code 0
[2023-11-08T07:46:52.478+0000] {local_task_job.py:273} INFO - 0 downstream tasks scheduled from follow-on schedule check
[2023-11-08T13:06:39.925+0000] {taskinstance.py:1087} INFO - Dependencies all met for <TaskInstance: people.save_people_to_excel scheduled__2023-11-07T00:00:00+00:00 [queued]>
[2023-11-08T13:06:39.959+0000] {taskinstance.py:1087} INFO - Dependencies all met for <TaskInstance: people.save_people_to_excel scheduled__2023-11-07T00:00:00+00:00 [queued]>
[2023-11-08T13:06:39.960+0000] {taskinstance.py:1283} INFO - 
--------------------------------------------------------------------------------
[2023-11-08T13:06:39.961+0000] {taskinstance.py:1284} INFO - Starting attempt 1 of 1
[2023-11-08T13:06:39.962+0000] {taskinstance.py:1285} INFO - 
--------------------------------------------------------------------------------
[2023-11-08T13:06:40.002+0000] {taskinstance.py:1304} INFO - Executing <Task(PythonOperator): save_people_to_excel> on 2023-11-07 00:00:00+00:00
[2023-11-08T13:06:40.027+0000] {standard_task_runner.py:82} INFO - Running: ['***', 'tasks', 'run', 'people', 'save_people_to_excel', 'scheduled__2023-11-07T00:00:00+00:00', '--job-id', '19', '--raw', '--subdir', 'DAGS_FOLDER/people.py', '--cfg-path', '/tmp/tmp39lhflwm']
[2023-11-08T13:06:40.022+0000] {standard_task_runner.py:55} INFO - Started process 194 to run task
[2023-11-08T13:06:40.039+0000] {standard_task_runner.py:83} INFO - Job 19: Subtask save_people_to_excel
[2023-11-08T13:06:40.324+0000] {task_command.py:389} INFO - Running <TaskInstance: people.save_people_to_excel scheduled__2023-11-07T00:00:00+00:00 [running]> on host 6287529917c2
[2023-11-08T13:06:40.545+0000] {taskinstance.py:1513} INFO - Exporting the following env vars:
AIRFLOW_CTX_DAG_OWNER=***
AIRFLOW_CTX_DAG_ID=people
AIRFLOW_CTX_TASK_ID=save_people_to_excel
AIRFLOW_CTX_EXECUTION_DATE=2023-11-07T00:00:00+00:00
AIRFLOW_CTX_TRY_NUMBER=1
AIRFLOW_CTX_DAG_RUN_ID=scheduled__2023-11-07T00:00:00+00:00
[2023-11-08T13:06:41.291+0000] {base.py:73} INFO - Using connection ID 'postgres' for task execution.
[2023-11-08T13:06:41.586+0000] {python.py:177} INFO - Done. Returned value was: None
[2023-11-08T13:06:41.628+0000] {taskinstance.py:1327} INFO - Marking task as SUCCESS. dag_id=people, task_id=save_people_to_excel, execution_date=20231107T000000, start_date=20231108T130639, end_date=20231108T130641
[2023-11-08T13:06:41.744+0000] {local_task_job.py:159} INFO - Task exited with return code 0
[2023-11-08T13:06:41.806+0000] {taskinstance.py:2582} INFO - 0 downstream tasks scheduled from follow-on schedule check
