[2023-11-13T08:52:29.018+0000] {taskinstance.py:1087} INFO - Dependencies all met for <TaskInstance: customers.read_customers manual__2023-11-13T08:52:24.417199+00:00 [queued]>
[2023-11-13T08:52:29.035+0000] {taskinstance.py:1087} INFO - Dependencies all met for <TaskInstance: customers.read_customers manual__2023-11-13T08:52:24.417199+00:00 [queued]>
[2023-11-13T08:52:29.035+0000] {taskinstance.py:1283} INFO - 
--------------------------------------------------------------------------------
[2023-11-13T08:52:29.036+0000] {taskinstance.py:1284} INFO - Starting attempt 1 of 1
[2023-11-13T08:52:29.037+0000] {taskinstance.py:1285} INFO - 
--------------------------------------------------------------------------------
[2023-11-13T08:52:29.057+0000] {taskinstance.py:1304} INFO - Executing <Task(PythonOperator): read_customers> on 2023-11-13 08:52:24.417199+00:00
[2023-11-13T08:52:29.064+0000] {standard_task_runner.py:55} INFO - Started process 744 to run task
[2023-11-13T08:52:29.067+0000] {standard_task_runner.py:82} INFO - Running: ['***', 'tasks', 'run', 'customers', 'read_customers', 'manual__2023-11-13T08:52:24.417199+00:00', '--job-id', '574', '--raw', '--subdir', 'DAGS_FOLDER/customer.py', '--cfg-path', '/tmp/tmpod64_x6k']
[2023-11-13T08:52:29.069+0000] {standard_task_runner.py:83} INFO - Job 574: Subtask read_customers
[2023-11-13T08:52:29.143+0000] {task_command.py:389} INFO - Running <TaskInstance: customers.read_customers manual__2023-11-13T08:52:24.417199+00:00 [running]> on host a1532de0db1a
[2023-11-13T08:52:29.413+0000] {taskinstance.py:1513} INFO - Exporting the following env vars:
AIRFLOW_CTX_DAG_OWNER=Tetiana
AIRFLOW_CTX_DAG_ID=customers
AIRFLOW_CTX_TASK_ID=read_customers
AIRFLOW_CTX_EXECUTION_DATE=2023-11-13T08:52:24.417199+00:00
AIRFLOW_CTX_TRY_NUMBER=1
AIRFLOW_CTX_DAG_RUN_ID=manual__2023-11-13T08:52:24.417199+00:00
[2023-11-13T08:52:29.441+0000] {logging_mixin.py:137} INFO - An error occurred for country Pitcairn Islands: (0) Missing or invalid default region.. Adding '+' to the phone number.
[2023-11-13T08:52:29.447+0000] {logging_mixin.py:137} INFO - An error occurred for country Vietnam: (0) Missing or invalid default region.. Adding '+' to the phone number.
[2023-11-13T08:52:29.475+0000] {logging_mixin.py:137} INFO - An error occurred for country Tanzania: (0) Missing or invalid default region.. Adding '+' to the phone number.
[2023-11-13T08:52:29.490+0000] {logging_mixin.py:137} INFO - An error occurred for country Bolivia: (0) Missing or invalid default region.. Adding '+' to the phone number.
[2023-11-13T08:52:29.508+0000] {base.py:73} INFO - Using connection ID 'postgres' for task execution.
[2023-11-13T08:52:29.534+0000] {sql.py:462} INFO - Done loading. Loaded a total of 50 rows into customers
[2023-11-13T08:52:29.535+0000] {python.py:177} INFO - Done. Returned value was: None
[2023-11-13T08:52:29.548+0000] {taskinstance.py:1327} INFO - Marking task as SUCCESS. dag_id=customers, task_id=read_customers, execution_date=20231113T085224, start_date=20231113T085229, end_date=20231113T085229
[2023-11-13T08:52:29.600+0000] {local_task_job.py:159} INFO - Task exited with return code 0
[2023-11-13T08:52:29.628+0000] {taskinstance.py:2582} INFO - 1 downstream tasks scheduled from follow-on schedule check
