[2023-11-13T10:23:05.694+0000] {taskinstance.py:1087} INFO - Dependencies all met for <TaskInstance: people.create_people_table manual__2023-11-13T10:23:03.264511+00:00 [queued]>
[2023-11-13T10:23:05.733+0000] {taskinstance.py:1087} INFO - Dependencies all met for <TaskInstance: people.create_people_table manual__2023-11-13T10:23:03.264511+00:00 [queued]>
[2023-11-13T10:23:05.735+0000] {taskinstance.py:1283} INFO - 
--------------------------------------------------------------------------------
[2023-11-13T10:23:05.736+0000] {taskinstance.py:1284} INFO - Starting attempt 1 of 1
[2023-11-13T10:23:05.737+0000] {taskinstance.py:1285} INFO - 
--------------------------------------------------------------------------------
[2023-11-13T10:23:05.803+0000] {taskinstance.py:1304} INFO - Executing <Task(PostgresOperator): create_people_table> on 2023-11-13 10:23:03.264511+00:00
[2023-11-13T10:23:05.824+0000] {standard_task_runner.py:82} INFO - Running: ['***', 'tasks', 'run', 'people', 'create_people_table', 'manual__2023-11-13T10:23:03.264511+00:00', '--job-id', '623', '--raw', '--subdir', 'DAGS_FOLDER/people.py', '--cfg-path', '/tmp/tmpmo5hoh0k']
[2023-11-13T10:23:05.828+0000] {standard_task_runner.py:83} INFO - Job 623: Subtask create_people_table
[2023-11-13T10:23:05.820+0000] {standard_task_runner.py:55} INFO - Started process 3631 to run task
[2023-11-13T10:23:05.962+0000] {task_command.py:389} INFO - Running <TaskInstance: people.create_people_table manual__2023-11-13T10:23:03.264511+00:00 [running]> on host 06d7566f07d2
[2023-11-13T10:23:06.362+0000] {taskinstance.py:1513} INFO - Exporting the following env vars:
AIRFLOW_CTX_DAG_OWNER=Tetiana
AIRFLOW_CTX_DAG_ID=people
AIRFLOW_CTX_TASK_ID=create_people_table
AIRFLOW_CTX_EXECUTION_DATE=2023-11-13T10:23:03.264511+00:00
AIRFLOW_CTX_TRY_NUMBER=1
AIRFLOW_CTX_DAG_RUN_ID=manual__2023-11-13T10:23:03.264511+00:00
[2023-11-13T10:23:06.363+0000] {sql.py:253} INFO - Executing: 
        CREATE TABLE IF NOT EXISTS people (
            Index INT NOT NULL primary key,
            User_Id varchar(100),
            First_Name varchar(100),
            Last_Name varchar(100),
            Sex varchar(100),
            Email varchar(100),
            Phone varchar(100),
            Date_of_birth Date,
            Job_title varchar(100)
        );
    
[2023-11-13T10:23:06.381+0000] {base.py:73} INFO - Using connection ID 'postgres' for task execution.
[2023-11-13T10:23:06.783+0000] {base.py:73} INFO - Using connection ID 'postgres' for task execution.
[2023-11-13T10:23:06.787+0000] {sql.py:364} INFO - Running statement: 
        CREATE TABLE IF NOT EXISTS people (
            Index INT NOT NULL primary key,
            User_Id varchar(100),
            First_Name varchar(100),
            Last_Name varchar(100),
            Sex varchar(100),
            Email varchar(100),
            Phone varchar(100),
            Date_of_birth Date,
            Job_title varchar(100)
        );
    , parameters: None
[2023-11-13T10:23:06.838+0000] {taskinstance.py:1327} INFO - Marking task as SUCCESS. dag_id=people, task_id=create_people_table, execution_date=20231113T102303, start_date=20231113T102305, end_date=20231113T102306
[2023-11-13T10:23:06.985+0000] {local_task_job.py:159} INFO - Task exited with return code 0
[2023-11-13T10:23:07.068+0000] {taskinstance.py:2582} INFO - 0 downstream tasks scheduled from follow-on schedule check
