[2023-11-02T09:31:19.803+0000] {taskinstance.py:1165} INFO - Dependencies all met for <TaskInstance: user_processing.create_table scheduled__2023-11-01T00:00:00+00:00 [queued]>
[2023-11-02T09:31:19.818+0000] {taskinstance.py:1165} INFO - Dependencies all met for <TaskInstance: user_processing.create_table scheduled__2023-11-01T00:00:00+00:00 [queued]>
[2023-11-02T09:31:19.818+0000] {taskinstance.py:1362} INFO - 
--------------------------------------------------------------------------------
[2023-11-02T09:31:19.819+0000] {taskinstance.py:1363} INFO - Starting attempt 1 of 1
[2023-11-02T09:31:19.820+0000] {taskinstance.py:1364} INFO - 
--------------------------------------------------------------------------------
[2023-11-02T09:31:19.839+0000] {taskinstance.py:1383} INFO - Executing <Task(PostgresOperator): create_table> on 2023-11-01 00:00:00+00:00
[2023-11-02T09:31:19.845+0000] {standard_task_runner.py:55} INFO - Started process 6034 to run task
[2023-11-02T09:31:19.848+0000] {standard_task_runner.py:82} INFO - Running: ['***', 'tasks', 'run', 'user_processing', 'create_table', 'scheduled__2023-11-01T00:00:00+00:00', '--job-id', '5', '--raw', '--subdir', 'DAGS_FOLDER/user_processing.py', '--cfg-path', '/tmp/tmpu6c6lphi']
[2023-11-02T09:31:19.850+0000] {standard_task_runner.py:83} INFO - Job 5: Subtask create_table
[2023-11-02T09:31:19.930+0000] {task_command.py:376} INFO - Running <TaskInstance: user_processing.create_table scheduled__2023-11-01T00:00:00+00:00 [running]> on host b33dd0bd4b35
[2023-11-02T09:31:20.028+0000] {taskinstance.py:1592} INFO - Exporting the following env vars:
AIRFLOW_CTX_DAG_OWNER=***
AIRFLOW_CTX_DAG_ID=user_processing
AIRFLOW_CTX_TASK_ID=create_table
AIRFLOW_CTX_EXECUTION_DATE=2023-11-01T00:00:00+00:00
AIRFLOW_CTX_TRY_NUMBER=1
AIRFLOW_CTX_DAG_RUN_ID=scheduled__2023-11-01T00:00:00+00:00
[2023-11-02T09:31:20.040+0000] {base.py:71} INFO - Using connection ID 'postgres' for task execution.
[2023-11-02T09:31:20.044+0000] {sql.py:315} INFO - Running statement: 
            CREATE TABLE IF NOT EXISTS users (
                firstname TEXT NOT NULL,
                lastname TEXT NOT NULL,
                country TEXT NOT NULL,
                username TEXT NOT NULL,
                password TEXT NOT NULL,
                email TEXT NOT NULL
            );
            , parameters: None
[2023-11-02T09:31:20.068+0000] {taskinstance.py:1406} INFO - Marking task as SUCCESS. dag_id=user_processing, task_id=create_table, execution_date=20231101T000000, start_date=20231102T093119, end_date=20231102T093120
[2023-11-02T09:31:20.101+0000] {local_task_job.py:164} INFO - Task exited with return code 0
[2023-11-02T09:31:20.138+0000] {local_task_job.py:273} INFO - 1 downstream tasks scheduled from follow-on schedule check
[2023-11-02T16:42:07.718+0000] {taskinstance.py:1165} INFO - Dependencies all met for <TaskInstance: user_processing.create_table scheduled__2023-11-01T00:00:00+00:00 [queued]>
[2023-11-02T16:42:07.734+0000] {taskinstance.py:1165} INFO - Dependencies all met for <TaskInstance: user_processing.create_table scheduled__2023-11-01T00:00:00+00:00 [queued]>
[2023-11-02T16:42:07.735+0000] {taskinstance.py:1362} INFO - 
--------------------------------------------------------------------------------
[2023-11-02T16:42:07.736+0000] {taskinstance.py:1363} INFO - Starting attempt 1 of 1
[2023-11-02T16:42:07.736+0000] {taskinstance.py:1364} INFO - 
--------------------------------------------------------------------------------
[2023-11-02T16:42:07.755+0000] {taskinstance.py:1383} INFO - Executing <Task(PostgresOperator): create_table> on 2023-11-01 00:00:00+00:00
[2023-11-02T16:42:07.762+0000] {standard_task_runner.py:55} INFO - Started process 327 to run task
[2023-11-02T16:42:07.764+0000] {standard_task_runner.py:82} INFO - Running: ['***', 'tasks', 'run', 'user_processing', 'create_table', 'scheduled__2023-11-01T00:00:00+00:00', '--job-id', '3', '--raw', '--subdir', 'DAGS_FOLDER/user_processing.py', '--cfg-path', '/tmp/tmpwrum2jhy']
[2023-11-02T16:42:07.766+0000] {standard_task_runner.py:83} INFO - Job 3: Subtask create_table
[2023-11-02T16:42:07.831+0000] {task_command.py:376} INFO - Running <TaskInstance: user_processing.create_table scheduled__2023-11-01T00:00:00+00:00 [running]> on host 8bb0e398d0d0
[2023-11-02T16:42:07.914+0000] {taskinstance.py:1592} INFO - Exporting the following env vars:
AIRFLOW_CTX_DAG_OWNER=***
AIRFLOW_CTX_DAG_ID=user_processing
AIRFLOW_CTX_TASK_ID=create_table
AIRFLOW_CTX_EXECUTION_DATE=2023-11-01T00:00:00+00:00
AIRFLOW_CTX_TRY_NUMBER=1
AIRFLOW_CTX_DAG_RUN_ID=scheduled__2023-11-01T00:00:00+00:00
[2023-11-02T16:42:07.925+0000] {base.py:71} INFO - Using connection ID 'postgres' for task execution.
[2023-11-02T16:42:07.926+0000] {taskinstance.py:1851} ERROR - Task failed with exception
Traceback (most recent call last):
  File "/home/airflow/.local/lib/python3.7/site-packages/airflow/providers/postgres/operators/postgres.py", line 94, in execute
    self.hook.run(self.sql, self.autocommit, parameters=self.parameters)
  File "/home/airflow/.local/lib/python3.7/site-packages/airflow/providers/common/sql/hooks/sql.py", line 288, in run
    with closing(self.get_conn()) as conn:
  File "/home/airflow/.local/lib/python3.7/site-packages/airflow/providers/postgres/hooks/postgres.py", line 115, in get_conn
    self.conn = psycopg2.connect(**conn_args)
  File "/home/airflow/.local/lib/python3.7/site-packages/psycopg2/__init__.py", line 122, in connect
    conn = _connect(dsn, connection_factory=connection_factory, **kwasync)
psycopg2.OperationalError: connection to server on socket "/var/run/postgresql/.s.PGSQL.5432" failed: No such file or directory
	Is the server running locally and accepting connections on that socket?

[2023-11-02T16:42:07.936+0000] {taskinstance.py:1406} INFO - Marking task as FAILED. dag_id=user_processing, task_id=create_table, execution_date=20231101T000000, start_date=20231102T164207, end_date=20231102T164207
[2023-11-02T16:42:07.951+0000] {standard_task_runner.py:105} ERROR - Failed to execute job 3 for task create_table (connection to server on socket "/var/run/postgresql/.s.PGSQL.5432" failed: No such file or directory
	Is the server running locally and accepting connections on that socket?
; 327)
[2023-11-02T16:42:07.977+0000] {local_task_job.py:164} INFO - Task exited with return code 1
[2023-11-02T16:42:08.021+0000] {local_task_job.py:273} INFO - 0 downstream tasks scheduled from follow-on schedule check
[2023-11-02T18:18:58.855+0000] {taskinstance.py:1165} INFO - Dependencies all met for <TaskInstance: user_processing.create_table scheduled__2023-11-01T00:00:00+00:00 [queued]>
[2023-11-02T18:18:58.869+0000] {taskinstance.py:1165} INFO - Dependencies all met for <TaskInstance: user_processing.create_table scheduled__2023-11-01T00:00:00+00:00 [queued]>
[2023-11-02T18:18:58.870+0000] {taskinstance.py:1362} INFO - 
--------------------------------------------------------------------------------
[2023-11-02T18:18:58.870+0000] {taskinstance.py:1363} INFO - Starting attempt 1 of 1
[2023-11-02T18:18:58.871+0000] {taskinstance.py:1364} INFO - 
--------------------------------------------------------------------------------
[2023-11-02T18:18:58.890+0000] {taskinstance.py:1383} INFO - Executing <Task(PostgresOperator): create_table> on 2023-11-01 00:00:00+00:00
[2023-11-02T18:18:58.896+0000] {standard_task_runner.py:55} INFO - Started process 151 to run task
[2023-11-02T18:18:58.899+0000] {standard_task_runner.py:82} INFO - Running: ['***', 'tasks', 'run', 'user_processing', 'create_table', 'scheduled__2023-11-01T00:00:00+00:00', '--job-id', '33', '--raw', '--subdir', 'DAGS_FOLDER/user_processing.py', '--cfg-path', '/tmp/tmp7s2t6epd']
[2023-11-02T18:18:58.901+0000] {standard_task_runner.py:83} INFO - Job 33: Subtask create_table
[2023-11-02T18:18:58.969+0000] {task_command.py:376} INFO - Running <TaskInstance: user_processing.create_table scheduled__2023-11-01T00:00:00+00:00 [running]> on host 6c8be2bfe956
[2023-11-02T18:18:59.054+0000] {taskinstance.py:1592} INFO - Exporting the following env vars:
AIRFLOW_CTX_DAG_OWNER=***
AIRFLOW_CTX_DAG_ID=user_processing
AIRFLOW_CTX_TASK_ID=create_table
AIRFLOW_CTX_EXECUTION_DATE=2023-11-01T00:00:00+00:00
AIRFLOW_CTX_TRY_NUMBER=1
AIRFLOW_CTX_DAG_RUN_ID=scheduled__2023-11-01T00:00:00+00:00
[2023-11-02T18:18:59.066+0000] {base.py:71} INFO - Using connection ID 'postgres' for task execution.
[2023-11-02T18:18:59.070+0000] {sql.py:315} INFO - Running statement: 
            CREATE TABLE IF NOT EXISTS users (
                firstname TEXT NOT NULL,
                lastname TEXT NOT NULL,
                country TEXT NOT NULL,
                username TEXT NOT NULL,
                password TEXT NOT NULL,
                email TEXT NOT NULL
            );
            , parameters: None
[2023-11-02T18:18:59.073+0000] {postgres.py:96} INFO - NOTICE:  relation "users" already exists, skipping

[2023-11-02T18:18:59.084+0000] {taskinstance.py:1406} INFO - Marking task as SUCCESS. dag_id=user_processing, task_id=create_table, execution_date=20231101T000000, start_date=20231102T181858, end_date=20231102T181859
[2023-11-02T18:18:59.152+0000] {local_task_job.py:164} INFO - Task exited with return code 0
[2023-11-02T18:18:59.195+0000] {local_task_job.py:273} INFO - 1 downstream tasks scheduled from follow-on schedule check
