[2023-11-08T07:46:44.536+0000] {taskinstance.py:1165} INFO - Dependencies all met for <TaskInstance: people.create_people_table scheduled__2023-11-07T00:00:00+00:00 [queued]>
[2023-11-08T07:46:44.553+0000] {taskinstance.py:1165} INFO - Dependencies all met for <TaskInstance: people.create_people_table scheduled__2023-11-07T00:00:00+00:00 [queued]>
[2023-11-08T07:46:44.565+0000] {taskinstance.py:1362} INFO - 
--------------------------------------------------------------------------------
[2023-11-08T07:46:44.566+0000] {taskinstance.py:1363} INFO - Starting attempt 1 of 1
[2023-11-08T07:46:44.567+0000] {taskinstance.py:1364} INFO - 
--------------------------------------------------------------------------------
[2023-11-08T07:46:44.597+0000] {taskinstance.py:1383} INFO - Executing <Task(PostgresOperator): create_people_table> on 2023-11-07 00:00:00+00:00
[2023-11-08T07:46:44.604+0000] {standard_task_runner.py:55} INFO - Started process 88 to run task
[2023-11-08T07:46:44.607+0000] {standard_task_runner.py:82} INFO - Running: ['***', 'tasks', 'run', 'people', 'create_people_table', 'scheduled__2023-11-07T00:00:00+00:00', '--job-id', '594', '--raw', '--subdir', 'DAGS_FOLDER/people.py', '--cfg-path', '/tmp/tmpcxhfk1hu']
[2023-11-08T07:46:44.620+0000] {standard_task_runner.py:83} INFO - Job 594: Subtask create_people_table
[2023-11-08T07:46:45.119+0000] {task_command.py:376} INFO - Running <TaskInstance: people.create_people_table scheduled__2023-11-07T00:00:00+00:00 [running]> on host 294bdf3ccac4
[2023-11-08T07:46:45.324+0000] {taskinstance.py:1592} INFO - Exporting the following env vars:
AIRFLOW_CTX_DAG_OWNER=***
AIRFLOW_CTX_DAG_ID=people
AIRFLOW_CTX_TASK_ID=create_people_table
AIRFLOW_CTX_EXECUTION_DATE=2023-11-07T00:00:00+00:00
AIRFLOW_CTX_TRY_NUMBER=1
AIRFLOW_CTX_DAG_RUN_ID=scheduled__2023-11-07T00:00:00+00:00
[2023-11-08T07:46:45.363+0000] {base.py:71} INFO - Using connection ID 'postgres' for task execution.
[2023-11-08T07:46:45.367+0000] {sql.py:315} INFO - Running statement: 
        CREATE TABLE IF NOT EXISTS people (
            Index INT NOT NULL primary key,
            User_Id varchar(100),
            First_Name varchar(100),
            Last_Name varchar(100),
            Sex varchar(100),
            Email varchar(100),
            Phone varchar(100),
            Date_of_birth Date,
            Job_title varchar(100)
        );
    , parameters: None
[2023-11-08T07:46:45.369+0000] {postgres.py:96} INFO - NOTICE:  relation "people" already exists, skipping

[2023-11-08T07:46:45.425+0000] {taskinstance.py:1406} INFO - Marking task as SUCCESS. dag_id=people, task_id=create_people_table, execution_date=20231107T000000, start_date=20231108T074644, end_date=20231108T074645
[2023-11-08T07:46:45.519+0000] {local_task_job.py:164} INFO - Task exited with return code 0
[2023-11-08T07:46:45.620+0000] {local_task_job.py:273} INFO - 1 downstream tasks scheduled from follow-on schedule check
[2023-11-08T13:06:29.445+0000] {taskinstance.py:1087} INFO - Dependencies all met for <TaskInstance: people.create_people_table scheduled__2023-11-07T00:00:00+00:00 [queued]>
[2023-11-08T13:06:29.484+0000] {taskinstance.py:1087} INFO - Dependencies all met for <TaskInstance: people.create_people_table scheduled__2023-11-07T00:00:00+00:00 [queued]>
[2023-11-08T13:06:29.487+0000] {taskinstance.py:1283} INFO - 
--------------------------------------------------------------------------------
[2023-11-08T13:06:29.488+0000] {taskinstance.py:1284} INFO - Starting attempt 1 of 1
[2023-11-08T13:06:29.489+0000] {taskinstance.py:1285} INFO - 
--------------------------------------------------------------------------------
[2023-11-08T13:06:29.548+0000] {taskinstance.py:1304} INFO - Executing <Task(PostgresOperator): create_people_table> on 2023-11-07 00:00:00+00:00
[2023-11-08T13:06:29.565+0000] {standard_task_runner.py:55} INFO - Started process 171 to run task
[2023-11-08T13:06:29.572+0000] {standard_task_runner.py:82} INFO - Running: ['***', 'tasks', 'run', 'people', 'create_people_table', 'scheduled__2023-11-07T00:00:00+00:00', '--job-id', '16', '--raw', '--subdir', 'DAGS_FOLDER/people.py', '--cfg-path', '/tmp/tmppcxmbzta']
[2023-11-08T13:06:29.580+0000] {standard_task_runner.py:83} INFO - Job 16: Subtask create_people_table
[2023-11-08T13:06:29.806+0000] {task_command.py:389} INFO - Running <TaskInstance: people.create_people_table scheduled__2023-11-07T00:00:00+00:00 [running]> on host 6287529917c2
[2023-11-08T13:06:29.994+0000] {taskinstance.py:1513} INFO - Exporting the following env vars:
AIRFLOW_CTX_DAG_OWNER=***
AIRFLOW_CTX_DAG_ID=people
AIRFLOW_CTX_TASK_ID=create_people_table
AIRFLOW_CTX_EXECUTION_DATE=2023-11-07T00:00:00+00:00
AIRFLOW_CTX_TRY_NUMBER=1
AIRFLOW_CTX_DAG_RUN_ID=scheduled__2023-11-07T00:00:00+00:00
[2023-11-08T13:06:30.000+0000] {sql.py:253} INFO - Executing: 
        CREATE TABLE IF NOT EXISTS people (
            Index INT NOT NULL primary key,
            User_Id varchar(100),
            First_Name varchar(100),
            Last_Name varchar(100),
            Sex varchar(100),
            Email varchar(100),
            Phone varchar(100),
            Date_of_birth Date,
            Job_title varchar(100)
        );
    
[2023-11-08T13:06:30.033+0000] {base.py:73} INFO - Using connection ID 'postgres' for task execution.
[2023-11-08T13:06:31.499+0000] {base.py:73} INFO - Using connection ID 'postgres' for task execution.
[2023-11-08T13:06:31.505+0000] {sql.py:364} INFO - Running statement: 
        CREATE TABLE IF NOT EXISTS people (
            Index INT NOT NULL primary key,
            User_Id varchar(100),
            First_Name varchar(100),
            Last_Name varchar(100),
            Sex varchar(100),
            Email varchar(100),
            Phone varchar(100),
            Date_of_birth Date,
            Job_title varchar(100)
        );
    , parameters: None
[2023-11-08T13:06:31.571+0000] {taskinstance.py:1327} INFO - Marking task as SUCCESS. dag_id=people, task_id=create_people_table, execution_date=20231107T000000, start_date=20231108T130629, end_date=20231108T130631
[2023-11-08T13:06:31.650+0000] {local_task_job.py:159} INFO - Task exited with return code 0
[2023-11-08T13:06:31.707+0000] {taskinstance.py:2582} INFO - 1 downstream tasks scheduled from follow-on schedule check
