[2023-11-13T11:21:15.709+0000] {taskinstance.py:1087} INFO - Dependencies all met for <TaskInstance: customers.save_customers_to_excel manual__2023-11-13T11:21:06.462932+00:00 [queued]>
[2023-11-13T11:21:15.724+0000] {taskinstance.py:1087} INFO - Dependencies all met for <TaskInstance: customers.save_customers_to_excel manual__2023-11-13T11:21:06.462932+00:00 [queued]>
[2023-11-13T11:21:15.725+0000] {taskinstance.py:1283} INFO - 
--------------------------------------------------------------------------------
[2023-11-13T11:21:15.727+0000] {taskinstance.py:1284} INFO - Starting attempt 1 of 1
[2023-11-13T11:21:15.728+0000] {taskinstance.py:1285} INFO - 
--------------------------------------------------------------------------------
[2023-11-13T11:21:15.749+0000] {taskinstance.py:1304} INFO - Executing <Task(PythonOperator): save_customers_to_excel> on 2023-11-13 11:21:06.462932+00:00
[2023-11-13T11:21:15.762+0000] {standard_task_runner.py:55} INFO - Started process 6858 to run task
[2023-11-13T11:21:15.764+0000] {standard_task_runner.py:82} INFO - Running: ['***', 'tasks', 'run', 'customers', 'save_customers_to_excel', 'manual__2023-11-13T11:21:06.462932+00:00', '--job-id', '637', '--raw', '--subdir', 'DAGS_FOLDER/customer.py', '--cfg-path', '/tmp/tmprlm15mf5']
[2023-11-13T11:21:15.767+0000] {standard_task_runner.py:83} INFO - Job 637: Subtask save_customers_to_excel
[2023-11-13T11:21:15.861+0000] {task_command.py:389} INFO - Running <TaskInstance: customers.save_customers_to_excel manual__2023-11-13T11:21:06.462932+00:00 [running]> on host 06d7566f07d2
[2023-11-13T11:21:16.213+0000] {taskinstance.py:1513} INFO - Exporting the following env vars:
AIRFLOW_CTX_DAG_OWNER=Tetiana
AIRFLOW_CTX_DAG_ID=customers
AIRFLOW_CTX_TASK_ID=save_customers_to_excel
AIRFLOW_CTX_EXECUTION_DATE=2023-11-13T11:21:06.462932+00:00
AIRFLOW_CTX_TRY_NUMBER=1
AIRFLOW_CTX_DAG_RUN_ID=manual__2023-11-13T11:21:06.462932+00:00
[2023-11-13T11:21:16.299+0000] {base.py:73} INFO - Using connection ID 'postgres' for task execution.
[2023-11-13T11:21:16.368+0000] {python.py:177} INFO - Done. Returned value was: None
[2023-11-13T11:21:16.382+0000] {taskinstance.py:1327} INFO - Marking task as SUCCESS. dag_id=customers, task_id=save_customers_to_excel, execution_date=20231113T112106, start_date=20231113T112115, end_date=20231113T112116
[2023-11-13T11:21:16.423+0000] {local_task_job.py:159} INFO - Task exited with return code 0
[2023-11-13T11:21:16.453+0000] {taskinstance.py:2582} INFO - 0 downstream tasks scheduled from follow-on schedule check
