[2023-10-31T21:17:20.258+0000] {taskinstance.py:1165} INFO - Dependencies all met for <TaskInstance: user_processing.store_user manual__2023-10-31T21:17:12.213585+00:00 [queued]>
[2023-10-31T21:17:20.272+0000] {taskinstance.py:1165} INFO - Dependencies all met for <TaskInstance: user_processing.store_user manual__2023-10-31T21:17:12.213585+00:00 [queued]>
[2023-10-31T21:17:20.273+0000] {taskinstance.py:1362} INFO - 
--------------------------------------------------------------------------------
[2023-10-31T21:17:20.273+0000] {taskinstance.py:1363} INFO - Starting attempt 1 of 1
[2023-10-31T21:17:20.274+0000] {taskinstance.py:1364} INFO - 
--------------------------------------------------------------------------------
[2023-10-31T21:17:20.295+0000] {taskinstance.py:1383} INFO - Executing <Task(PythonOperator): store_user> on 2023-10-31 21:17:12.213585+00:00
[2023-10-31T21:17:20.304+0000] {standard_task_runner.py:82} INFO - Running: ['***', 'tasks', 'run', 'user_processing', 'store_user', 'manual__2023-10-31T21:17:12.213585+00:00', '--job-id', '42', '--raw', '--subdir', 'DAGS_FOLDER/user_processing.py', '--cfg-path', '/tmp/tmp185nfcip']
[2023-10-31T21:17:20.308+0000] {standard_task_runner.py:83} INFO - Job 42: Subtask store_user
[2023-10-31T21:17:20.301+0000] {standard_task_runner.py:55} INFO - Started process 4829 to run task
[2023-10-31T21:17:20.374+0000] {task_command.py:376} INFO - Running <TaskInstance: user_processing.store_user manual__2023-10-31T21:17:12.213585+00:00 [running]> on host 185b9feffea7
[2023-10-31T21:17:20.449+0000] {taskinstance.py:1592} INFO - Exporting the following env vars:
AIRFLOW_CTX_DAG_OWNER=***
AIRFLOW_CTX_DAG_ID=user_processing
AIRFLOW_CTX_TASK_ID=store_user
AIRFLOW_CTX_EXECUTION_DATE=2023-10-31T21:17:12.213585+00:00
AIRFLOW_CTX_TRY_NUMBER=1
AIRFLOW_CTX_DAG_RUN_ID=manual__2023-10-31T21:17:12.213585+00:00
[2023-10-31T21:17:20.451+0000] {postgres.py:129} INFO - Running copy expert: COPY users FROM stdin WITH DELIMITER as ',', filename: /tmp/processed_user.cvs
[2023-10-31T21:17:20.462+0000] {base.py:71} INFO - Using connection ID 'postgres' for task execution.
[2023-10-31T21:17:20.467+0000] {python.py:177} INFO - Done. Returned value was: None
[2023-10-31T21:17:20.477+0000] {taskinstance.py:1406} INFO - Marking task as SUCCESS. dag_id=user_processing, task_id=store_user, execution_date=20231031T211712, start_date=20231031T211720, end_date=20231031T211720
[2023-10-31T21:17:20.524+0000] {local_task_job.py:164} INFO - Task exited with return code 0
[2023-10-31T21:17:20.548+0000] {local_task_job.py:273} INFO - 0 downstream tasks scheduled from follow-on schedule check
