[2023-11-10T14:32:26.686+0000] {taskinstance.py:1087} INFO - Dependencies all met for <TaskInstance: people.read_people manual__2023-11-10T14:32:21.945867+00:00 [queued]>
[2023-11-10T14:32:26.700+0000] {taskinstance.py:1087} INFO - Dependencies all met for <TaskInstance: people.read_people manual__2023-11-10T14:32:21.945867+00:00 [queued]>
[2023-11-10T14:32:26.701+0000] {taskinstance.py:1283} INFO - 
--------------------------------------------------------------------------------
[2023-11-10T14:32:26.702+0000] {taskinstance.py:1284} INFO - Starting attempt 1 of 1
[2023-11-10T14:32:26.703+0000] {taskinstance.py:1285} INFO - 
--------------------------------------------------------------------------------
[2023-11-10T14:32:26.725+0000] {taskinstance.py:1304} INFO - Executing <Task(PythonOperator): read_people> on 2023-11-10 14:32:21.945867+00:00
[2023-11-10T14:32:26.732+0000] {standard_task_runner.py:55} INFO - Started process 1416 to run task
[2023-11-10T14:32:26.734+0000] {standard_task_runner.py:82} INFO - Running: ['***', 'tasks', 'run', 'people', 'read_people', 'manual__2023-11-10T14:32:21.945867+00:00', '--job-id', '511', '--raw', '--subdir', 'DAGS_FOLDER/people.py', '--cfg-path', '/tmp/tmpw6xm1nx0']
[2023-11-10T14:32:26.736+0000] {standard_task_runner.py:83} INFO - Job 511: Subtask read_people
[2023-11-10T14:32:26.804+0000] {task_command.py:389} INFO - Running <TaskInstance: people.read_people manual__2023-11-10T14:32:21.945867+00:00 [running]> on host ae05fe974d8d
[2023-11-10T14:32:27.057+0000] {taskinstance.py:1513} INFO - Exporting the following env vars:
AIRFLOW_CTX_DAG_OWNER=Tetiana
AIRFLOW_CTX_DAG_ID=people
AIRFLOW_CTX_TASK_ID=read_people
AIRFLOW_CTX_EXECUTION_DATE=2023-11-10T14:32:21.945867+00:00
AIRFLOW_CTX_TRY_NUMBER=1
AIRFLOW_CTX_DAG_RUN_ID=manual__2023-11-10T14:32:21.945867+00:00
[2023-11-10T14:32:27.078+0000] {base.py:73} INFO - Using connection ID 'postgres' for task execution.
[2023-11-10T14:32:27.122+0000] {sql.py:462} INFO - Done loading. Loaded a total of 113 rows into people
[2023-11-10T14:32:27.124+0000] {python.py:177} INFO - Done. Returned value was: None
[2023-11-10T14:32:27.136+0000] {taskinstance.py:1327} INFO - Marking task as SUCCESS. dag_id=people, task_id=read_people, execution_date=20231110T143221, start_date=20231110T143226, end_date=20231110T143227
[2023-11-10T14:32:27.188+0000] {local_task_job.py:159} INFO - Task exited with return code 0
[2023-11-10T14:32:27.218+0000] {taskinstance.py:2582} INFO - 1 downstream tasks scheduled from follow-on schedule check
