[2023-11-11T11:32:19.476+0000] {taskinstance.py:1087} INFO - Dependencies all met for <TaskInstance: customers.read_customers scheduled__2023-11-10T00:00:00+00:00 [queued]>
[2023-11-11T11:32:19.509+0000] {taskinstance.py:1087} INFO - Dependencies all met for <TaskInstance: customers.read_customers scheduled__2023-11-10T00:00:00+00:00 [queued]>
[2023-11-11T11:32:19.511+0000] {taskinstance.py:1283} INFO - 
--------------------------------------------------------------------------------
[2023-11-11T11:32:19.512+0000] {taskinstance.py:1284} INFO - Starting attempt 1 of 1
[2023-11-11T11:32:19.512+0000] {taskinstance.py:1285} INFO - 
--------------------------------------------------------------------------------
[2023-11-11T11:32:19.548+0000] {taskinstance.py:1304} INFO - Executing <Task(PythonOperator): read_customers> on 2023-11-10 00:00:00+00:00
[2023-11-11T11:32:19.556+0000] {standard_task_runner.py:55} INFO - Started process 6499 to run task
[2023-11-11T11:32:19.557+0000] {standard_task_runner.py:82} INFO - Running: ['***', 'tasks', 'run', 'customers', 'read_customers', 'scheduled__2023-11-10T00:00:00+00:00', '--job-id', '522', '--raw', '--subdir', 'DAGS_FOLDER/customer.py', '--cfg-path', '/tmp/tmp78ixppui']
[2023-11-11T11:32:19.560+0000] {standard_task_runner.py:83} INFO - Job 522: Subtask read_customers
[2023-11-11T11:32:19.677+0000] {task_command.py:389} INFO - Running <TaskInstance: customers.read_customers scheduled__2023-11-10T00:00:00+00:00 [running]> on host ae05fe974d8d
[2023-11-11T11:32:20.116+0000] {taskinstance.py:1513} INFO - Exporting the following env vars:
AIRFLOW_CTX_DAG_OWNER=Tetiana
AIRFLOW_CTX_DAG_ID=customers
AIRFLOW_CTX_TASK_ID=read_customers
AIRFLOW_CTX_EXECUTION_DATE=2023-11-10T00:00:00+00:00
AIRFLOW_CTX_TRY_NUMBER=1
AIRFLOW_CTX_DAG_RUN_ID=scheduled__2023-11-10T00:00:00+00:00
[2023-11-11T11:32:20.193+0000] {logging_mixin.py:137} INFO - An error occurred for country Pitcairn Islands: (0) Missing or invalid default region.. Adding '+' to the phone number.
[2023-11-11T11:32:20.221+0000] {logging_mixin.py:137} INFO - An error occurred for country Vietnam: (0) Missing or invalid default region.. Adding '+' to the phone number.
[2023-11-11T11:32:20.293+0000] {logging_mixin.py:137} INFO - An error occurred for country Tanzania: (0) Missing or invalid default region.. Adding '+' to the phone number.
[2023-11-11T11:32:20.333+0000] {logging_mixin.py:137} INFO - An error occurred for country Bolivia: (0) Missing or invalid default region.. Adding '+' to the phone number.
[2023-11-11T11:32:20.385+0000] {logging_mixin.py:137} INFO - An error occurred for country Swaziland: (0) Missing or invalid default region.. Adding '+' to the phone number.
[2023-11-11T11:32:20.392+0000] {logging_mixin.py:137} INFO - An error occurred for country Palestinian Territory: (0) Missing or invalid default region.. Adding '+' to the phone number.
[2023-11-11T11:32:20.410+0000] {logging_mixin.py:137} INFO - An error occurred for country Saint Barthelemy: (0) Missing or invalid default region.. Adding '+' to the phone number.
[2023-11-11T11:32:20.459+0000] {logging_mixin.py:137} INFO - An error occurred for country French Southern Territories: (0) Missing or invalid default region.. Adding '+' to the phone number.
[2023-11-11T11:32:20.471+0000] {logging_mixin.py:137} INFO - An error occurred for country Iran: (0) Missing or invalid default region.. Adding '+' to the phone number.
[2023-11-11T11:32:20.491+0000] {logging_mixin.py:137} INFO - An error occurred for country United States Virgin Islands: (0) Missing or invalid default region.. Adding '+' to the phone number.
[2023-11-11T11:32:20.501+0000] {logging_mixin.py:137} INFO - An error occurred for country Kyrgyz Republic: (0) Missing or invalid default region.. Adding '+' to the phone number.
[2023-11-11T11:32:20.516+0000] {logging_mixin.py:137} INFO - An error occurred for country Micronesia: (0) Missing or invalid default region.. Adding '+' to the phone number.
[2023-11-11T11:32:20.608+0000] {base.py:73} INFO - Using connection ID 'postgres' for task execution.
[2023-11-11T11:32:20.746+0000] {sql.py:462} INFO - Done loading. Loaded a total of 106 rows into customers
[2023-11-11T11:32:20.748+0000] {python.py:177} INFO - Done. Returned value was: None
[2023-11-11T11:32:20.769+0000] {taskinstance.py:1327} INFO - Marking task as SUCCESS. dag_id=customers, task_id=read_customers, execution_date=20231110T000000, start_date=20231111T113219, end_date=20231111T113220
[2023-11-11T11:32:20.856+0000] {local_task_job.py:159} INFO - Task exited with return code 0
[2023-11-11T11:32:20.922+0000] {taskinstance.py:2582} INFO - 1 downstream tasks scheduled from follow-on schedule check
[2023-11-11T12:11:28.029+0000] {taskinstance.py:1087} INFO - Dependencies all met for <TaskInstance: customers.read_customers scheduled__2023-11-10T00:00:00+00:00 [queued]>
[2023-11-11T12:11:28.045+0000] {taskinstance.py:1087} INFO - Dependencies all met for <TaskInstance: customers.read_customers scheduled__2023-11-10T00:00:00+00:00 [queued]>
[2023-11-11T12:11:28.046+0000] {taskinstance.py:1283} INFO - 
--------------------------------------------------------------------------------
[2023-11-11T12:11:28.046+0000] {taskinstance.py:1284} INFO - Starting attempt 1 of 1
[2023-11-11T12:11:28.047+0000] {taskinstance.py:1285} INFO - 
--------------------------------------------------------------------------------
[2023-11-11T12:11:28.070+0000] {taskinstance.py:1304} INFO - Executing <Task(PythonOperator): read_customers> on 2023-11-10 00:00:00+00:00
[2023-11-11T12:11:28.080+0000] {standard_task_runner.py:55} INFO - Started process 8756 to run task
[2023-11-11T12:11:28.082+0000] {standard_task_runner.py:82} INFO - Running: ['***', 'tasks', 'run', 'customers', 'read_customers', 'scheduled__2023-11-10T00:00:00+00:00', '--job-id', '526', '--raw', '--subdir', 'DAGS_FOLDER/customer.py', '--cfg-path', '/tmp/tmpvzu3pwbk']
[2023-11-11T12:11:28.084+0000] {standard_task_runner.py:83} INFO - Job 526: Subtask read_customers
[2023-11-11T12:11:28.177+0000] {task_command.py:389} INFO - Running <TaskInstance: customers.read_customers scheduled__2023-11-10T00:00:00+00:00 [running]> on host ae05fe974d8d
[2023-11-11T12:11:28.449+0000] {taskinstance.py:1513} INFO - Exporting the following env vars:
AIRFLOW_CTX_DAG_OWNER=Tetiana
AIRFLOW_CTX_DAG_ID=customers
AIRFLOW_CTX_TASK_ID=read_customers
AIRFLOW_CTX_EXECUTION_DATE=2023-11-10T00:00:00+00:00
AIRFLOW_CTX_TRY_NUMBER=1
AIRFLOW_CTX_DAG_RUN_ID=scheduled__2023-11-10T00:00:00+00:00
[2023-11-11T12:11:28.480+0000] {logging_mixin.py:137} INFO - An error occurred for country Pitcairn Islands: (0) Missing or invalid default region.. Adding '+' to the phone number.
[2023-11-11T12:11:28.486+0000] {logging_mixin.py:137} INFO - An error occurred for country Vietnam: (0) Missing or invalid default region.. Adding '+' to the phone number.
[2023-11-11T12:11:28.508+0000] {logging_mixin.py:137} INFO - An error occurred for country Tanzania: (0) Missing or invalid default region.. Adding '+' to the phone number.
[2023-11-11T12:11:28.521+0000] {logging_mixin.py:137} INFO - An error occurred for country Bolivia: (0) Missing or invalid default region.. Adding '+' to the phone number.
[2023-11-11T12:11:28.530+0000] {logging_mixin.py:137} INFO - An error occurred for country Swaziland: (0) Missing or invalid default region.. Adding '+' to the phone number.
[2023-11-11T12:11:28.533+0000] {logging_mixin.py:137} INFO - An error occurred for country Palestinian Territory: (0) Missing or invalid default region.. Adding '+' to the phone number.
[2023-11-11T12:11:28.534+0000] {logging_mixin.py:137} INFO - An error occurred for country Saint Barthelemy: (0) Missing or invalid default region.. Adding '+' to the phone number.
[2023-11-11T12:11:28.547+0000] {logging_mixin.py:137} INFO - An error occurred for country French Southern Territories: (0) Missing or invalid default region.. Adding '+' to the phone number.
[2023-11-11T12:11:28.549+0000] {logging_mixin.py:137} INFO - An error occurred for country Iran: (0) Missing or invalid default region.. Adding '+' to the phone number.
[2023-11-11T12:11:28.559+0000] {logging_mixin.py:137} INFO - An error occurred for country United States Virgin Islands: (0) Missing or invalid default region.. Adding '+' to the phone number.
[2023-11-11T12:11:28.560+0000] {logging_mixin.py:137} INFO - An error occurred for country Kyrgyz Republic: (0) Missing or invalid default region.. Adding '+' to the phone number.
[2023-11-11T12:11:28.565+0000] {logging_mixin.py:137} INFO - An error occurred for country Micronesia: (0) Missing or invalid default region.. Adding '+' to the phone number.
[2023-11-11T12:11:28.593+0000] {base.py:73} INFO - Using connection ID 'postgres' for task execution.
[2023-11-11T12:11:28.642+0000] {sql.py:462} INFO - Done loading. Loaded a total of 106 rows into customers
[2023-11-11T12:11:28.644+0000] {python.py:177} INFO - Done. Returned value was: None
[2023-11-11T12:11:28.657+0000] {taskinstance.py:1327} INFO - Marking task as SUCCESS. dag_id=customers, task_id=read_customers, execution_date=20231110T000000, start_date=20231111T121128, end_date=20231111T121128
[2023-11-11T12:11:28.699+0000] {local_task_job.py:159} INFO - Task exited with return code 0
[2023-11-11T12:11:28.729+0000] {taskinstance.py:2582} INFO - 1 downstream tasks scheduled from follow-on schedule check
