[2023-11-05T13:26:44.900+0000] {taskinstance.py:1165} INFO - Dependencies all met for <TaskInstance: customers.save_customers_to_excel manual__2023-11-05T13:26:39.871480+00:00 [queued]>
[2023-11-05T13:26:44.916+0000] {taskinstance.py:1165} INFO - Dependencies all met for <TaskInstance: customers.save_customers_to_excel manual__2023-11-05T13:26:39.871480+00:00 [queued]>
[2023-11-05T13:26:44.917+0000] {taskinstance.py:1362} INFO - 
--------------------------------------------------------------------------------
[2023-11-05T13:26:44.918+0000] {taskinstance.py:1363} INFO - Starting attempt 1 of 1
[2023-11-05T13:26:44.918+0000] {taskinstance.py:1364} INFO - 
--------------------------------------------------------------------------------
[2023-11-05T13:26:44.942+0000] {taskinstance.py:1383} INFO - Executing <Task(PythonOperator): save_customers_to_excel> on 2023-11-05 13:26:39.871480+00:00
[2023-11-05T13:26:44.950+0000] {standard_task_runner.py:55} INFO - Started process 9323 to run task
[2023-11-05T13:26:44.952+0000] {standard_task_runner.py:82} INFO - Running: ['***', 'tasks', 'run', 'customers', 'save_customers_to_excel', 'manual__2023-11-05T13:26:39.871480+00:00', '--job-id', '347', '--raw', '--subdir', 'DAGS_FOLDER/customers.py', '--cfg-path', '/tmp/tmpmu6tfuqz']
[2023-11-05T13:26:44.954+0000] {standard_task_runner.py:83} INFO - Job 347: Subtask save_customers_to_excel
[2023-11-05T13:26:45.047+0000] {task_command.py:376} INFO - Running <TaskInstance: customers.save_customers_to_excel manual__2023-11-05T13:26:39.871480+00:00 [running]> on host 9d85c6014d6e
[2023-11-05T13:26:45.147+0000] {taskinstance.py:1592} INFO - Exporting the following env vars:
AIRFLOW_CTX_DAG_OWNER=***
AIRFLOW_CTX_DAG_ID=customers
AIRFLOW_CTX_TASK_ID=save_customers_to_excel
AIRFLOW_CTX_EXECUTION_DATE=2023-11-05T13:26:39.871480+00:00
AIRFLOW_CTX_TRY_NUMBER=1
AIRFLOW_CTX_DAG_RUN_ID=manual__2023-11-05T13:26:39.871480+00:00
[2023-11-05T13:26:45.162+0000] {base.py:71} INFO - Using connection ID 'postgres' for task execution.
[2023-11-05T13:26:45.490+0000] {taskinstance.py:1851} ERROR - Task failed with exception
Traceback (most recent call last):
  File "/home/airflow/.local/lib/python3.7/site-packages/airflow/operators/python.py", line 175, in execute
    return_value = self.execute_callable()
  File "/home/airflow/.local/lib/python3.7/site-packages/airflow/operators/python.py", line 193, in execute_callable
    return self.python_callable(*self.op_args, **self.op_kwargs)
  File "/opt/airflow/dags/customers.py", line 62, in _save_customers_to_excel
    with pandas.ExcelWriter(customers_file, mode = 'a', if_sheet_exists= 'replace') as writer:
  File "/home/airflow/.local/lib/python3.7/site-packages/pandas/io/excel/_openpyxl.py", line 57, in __init__
    engine_kwargs=engine_kwargs,
  File "/home/airflow/.local/lib/python3.7/site-packages/pandas/io/excel/_base.py", line 926, in __init__
    path, mode, storage_options=storage_options, is_text=False
  File "/home/airflow/.local/lib/python3.7/site-packages/pandas/io/common.py", line 711, in get_handle
    handle = open(handle, ioargs.mode)
PermissionError: [Errno 13] Permission denied: '/opt/data/customers.xlsx'
[2023-11-05T13:26:45.505+0000] {taskinstance.py:1406} INFO - Marking task as FAILED. dag_id=customers, task_id=save_customers_to_excel, execution_date=20231105T132639, start_date=20231105T132644, end_date=20231105T132645
[2023-11-05T13:26:45.520+0000] {standard_task_runner.py:105} ERROR - Failed to execute job 347 for task save_customers_to_excel ([Errno 13] Permission denied: '/opt/data/customers.xlsx'; 9323)
[2023-11-05T13:26:45.570+0000] {local_task_job.py:164} INFO - Task exited with return code 1
[2023-11-05T13:26:45.594+0000] {local_task_job.py:273} INFO - 0 downstream tasks scheduled from follow-on schedule check
