[2023-11-03T18:06:51.848+0000] {taskinstance.py:1165} INFO - Dependencies all met for <TaskInstance: people.create_people_table manual__2023-11-03T18:06:49.823461+00:00 [queued]>
[2023-11-03T18:06:51.874+0000] {taskinstance.py:1165} INFO - Dependencies all met for <TaskInstance: people.create_people_table manual__2023-11-03T18:06:49.823461+00:00 [queued]>
[2023-11-03T18:06:51.876+0000] {taskinstance.py:1362} INFO - 
--------------------------------------------------------------------------------
[2023-11-03T18:06:51.878+0000] {taskinstance.py:1363} INFO - Starting attempt 1 of 1
[2023-11-03T18:06:51.879+0000] {taskinstance.py:1364} INFO - 
--------------------------------------------------------------------------------
[2023-11-03T18:06:51.907+0000] {taskinstance.py:1383} INFO - Executing <Task(PostgresOperator): create_people_table> on 2023-11-03 18:06:49.823461+00:00
[2023-11-03T18:06:51.915+0000] {standard_task_runner.py:55} INFO - Started process 203 to run task
[2023-11-03T18:06:51.918+0000] {standard_task_runner.py:82} INFO - Running: ['***', 'tasks', 'run', 'people', 'create_people_table', 'manual__2023-11-03T18:06:49.823461+00:00', '--job-id', '102', '--raw', '--subdir', 'DAGS_FOLDER/people.py', '--cfg-path', '/tmp/tmpj0mkjxol']
[2023-11-03T18:06:51.920+0000] {standard_task_runner.py:83} INFO - Job 102: Subtask create_people_table
[2023-11-03T18:06:52.042+0000] {task_command.py:376} INFO - Running <TaskInstance: people.create_people_table manual__2023-11-03T18:06:49.823461+00:00 [running]> on host 6b65bc8eaea5
[2023-11-03T18:06:52.131+0000] {taskinstance.py:1592} INFO - Exporting the following env vars:
AIRFLOW_CTX_DAG_OWNER=***
AIRFLOW_CTX_DAG_ID=people
AIRFLOW_CTX_TASK_ID=create_people_table
AIRFLOW_CTX_EXECUTION_DATE=2023-11-03T18:06:49.823461+00:00
AIRFLOW_CTX_TRY_NUMBER=1
AIRFLOW_CTX_DAG_RUN_ID=manual__2023-11-03T18:06:49.823461+00:00
[2023-11-03T18:06:52.144+0000] {base.py:71} INFO - Using connection ID 'postgres' for task execution.
[2023-11-03T18:06:52.148+0000] {sql.py:315} INFO - Running statement: 
            CREATE TABLE IF NOT EXISTS people (
                User_Id varchar(100)  primary key,
                First_Name varchar(100),
                Last_Name varchar(100),
                Sex varchar(100),
                Email varchar(100)
            );
        , parameters: None
[2023-11-03T18:06:52.150+0000] {postgres.py:96} INFO - NOTICE:  relation "people" already exists, skipping

[2023-11-03T18:06:52.160+0000] {taskinstance.py:1406} INFO - Marking task as SUCCESS. dag_id=people, task_id=create_people_table, execution_date=20231103T180649, start_date=20231103T180651, end_date=20231103T180652
[2023-11-03T18:06:52.218+0000] {local_task_job.py:164} INFO - Task exited with return code 0
[2023-11-03T18:06:52.250+0000] {local_task_job.py:273} INFO - 1 downstream tasks scheduled from follow-on schedule check
