[2023-11-03T15:10:36.979+0000] {taskinstance.py:1165} INFO - Dependencies all met for <TaskInstance: people.create_country_table manual__2023-11-03T15:10:33.328868+00:00 [queued]>
[2023-11-03T15:10:36.995+0000] {taskinstance.py:1165} INFO - Dependencies all met for <TaskInstance: people.create_country_table manual__2023-11-03T15:10:33.328868+00:00 [queued]>
[2023-11-03T15:10:36.996+0000] {taskinstance.py:1362} INFO - 
--------------------------------------------------------------------------------
[2023-11-03T15:10:36.997+0000] {taskinstance.py:1363} INFO - Starting attempt 1 of 1
[2023-11-03T15:10:36.998+0000] {taskinstance.py:1364} INFO - 
--------------------------------------------------------------------------------
[2023-11-03T15:10:37.022+0000] {taskinstance.py:1383} INFO - Executing <Task(PostgresOperator): create_country_table> on 2023-11-03 15:10:33.328868+00:00
[2023-11-03T15:10:37.030+0000] {standard_task_runner.py:55} INFO - Started process 7204 to run task
[2023-11-03T15:10:37.035+0000] {standard_task_runner.py:82} INFO - Running: ['***', 'tasks', 'run', 'people', 'create_country_table', 'manual__2023-11-03T15:10:33.328868+00:00', '--job-id', '53', '--raw', '--subdir', 'DAGS_FOLDER/people.py', '--cfg-path', '/tmp/tmptyz_5ftd']
[2023-11-03T15:10:37.038+0000] {standard_task_runner.py:83} INFO - Job 53: Subtask create_country_table
[2023-11-03T15:10:37.209+0000] {task_command.py:376} INFO - Running <TaskInstance: people.create_country_table manual__2023-11-03T15:10:33.328868+00:00 [running]> on host ff0830ad3dd0
[2023-11-03T15:10:37.363+0000] {taskinstance.py:1592} INFO - Exporting the following env vars:
AIRFLOW_CTX_DAG_OWNER=***
AIRFLOW_CTX_DAG_ID=people
AIRFLOW_CTX_TASK_ID=create_country_table
AIRFLOW_CTX_EXECUTION_DATE=2023-11-03T15:10:33.328868+00:00
AIRFLOW_CTX_TRY_NUMBER=1
AIRFLOW_CTX_DAG_RUN_ID=manual__2023-11-03T15:10:33.328868+00:00
[2023-11-03T15:10:37.375+0000] {base.py:71} INFO - Using connection ID 'postgres' for task execution.
[2023-11-03T15:10:37.403+0000] {sql.py:315} INFO - Running statement: 
            CREATE TABLE IF NOT EXISTS countries (
                Index Int NOT NULL primary key,
                User_Id varchar(100),
                First_Name varchar(100)
            );
        , parameters: None
[2023-11-03T15:10:37.491+0000] {taskinstance.py:1406} INFO - Marking task as SUCCESS. dag_id=people, task_id=create_country_table, execution_date=20231103T151033, start_date=20231103T151036, end_date=20231103T151037
[2023-11-03T15:10:37.535+0000] {local_task_job.py:164} INFO - Task exited with return code 0
[2023-11-03T15:10:37.568+0000] {local_task_job.py:273} INFO - 1 downstream tasks scheduled from follow-on schedule check
