[2023-11-03T15:19:10.606+0000] {taskinstance.py:1165} INFO - Dependencies all met for <TaskInstance: people.create_country_table manual__2023-11-03T15:19:08.992228+00:00 [queued]>
[2023-11-03T15:19:10.621+0000] {taskinstance.py:1165} INFO - Dependencies all met for <TaskInstance: people.create_country_table manual__2023-11-03T15:19:08.992228+00:00 [queued]>
[2023-11-03T15:19:10.622+0000] {taskinstance.py:1362} INFO - 
--------------------------------------------------------------------------------
[2023-11-03T15:19:10.623+0000] {taskinstance.py:1363} INFO - Starting attempt 1 of 1
[2023-11-03T15:19:10.623+0000] {taskinstance.py:1364} INFO - 
--------------------------------------------------------------------------------
[2023-11-03T15:19:10.641+0000] {taskinstance.py:1383} INFO - Executing <Task(PostgresOperator): create_country_table> on 2023-11-03 15:19:08.992228+00:00
[2023-11-03T15:19:10.647+0000] {standard_task_runner.py:55} INFO - Started process 306 to run task
[2023-11-03T15:19:10.650+0000] {standard_task_runner.py:82} INFO - Running: ['***', 'tasks', 'run', 'people', 'create_country_table', 'manual__2023-11-03T15:19:08.992228+00:00', '--job-id', '61', '--raw', '--subdir', 'DAGS_FOLDER/people.py', '--cfg-path', '/tmp/tmpimzsrxog']
[2023-11-03T15:19:10.653+0000] {standard_task_runner.py:83} INFO - Job 61: Subtask create_country_table
[2023-11-03T15:19:10.717+0000] {task_command.py:376} INFO - Running <TaskInstance: people.create_country_table manual__2023-11-03T15:19:08.992228+00:00 [running]> on host 113d79be32ee
[2023-11-03T15:19:10.803+0000] {taskinstance.py:1592} INFO - Exporting the following env vars:
AIRFLOW_CTX_DAG_OWNER=***
AIRFLOW_CTX_DAG_ID=people
AIRFLOW_CTX_TASK_ID=create_country_table
AIRFLOW_CTX_EXECUTION_DATE=2023-11-03T15:19:08.992228+00:00
AIRFLOW_CTX_TRY_NUMBER=1
AIRFLOW_CTX_DAG_RUN_ID=manual__2023-11-03T15:19:08.992228+00:00
[2023-11-03T15:19:10.814+0000] {base.py:71} INFO - Using connection ID 'postgres' for task execution.
[2023-11-03T15:19:10.818+0000] {sql.py:315} INFO - Running statement: 
            CREATE TABLE IF NOT EXISTS countries (
                Index Int NOT NULL primary key,
                User_Id varchar(100),
                First_Name varchar(100)
            );
        , parameters: None
[2023-11-03T15:19:10.820+0000] {postgres.py:96} INFO - NOTICE:  relation "countries" already exists, skipping

[2023-11-03T15:19:10.831+0000] {taskinstance.py:1406} INFO - Marking task as SUCCESS. dag_id=people, task_id=create_country_table, execution_date=20231103T151908, start_date=20231103T151910, end_date=20231103T151910
[2023-11-03T15:19:10.862+0000] {local_task_job.py:164} INFO - Task exited with return code 0
[2023-11-03T15:19:10.891+0000] {local_task_job.py:273} INFO - 1 downstream tasks scheduled from follow-on schedule check
