[2023-11-09T14:16:58.251+0000] {taskinstance.py:1087} INFO - Dependencies all met for <TaskInstance: customers.save_customers_to_excel scheduled__2023-11-08T00:00:00+00:00 [queued]>
[2023-11-09T14:16:58.265+0000] {taskinstance.py:1087} INFO - Dependencies all met for <TaskInstance: customers.save_customers_to_excel scheduled__2023-11-08T00:00:00+00:00 [queued]>
[2023-11-09T14:16:58.266+0000] {taskinstance.py:1283} INFO - 
--------------------------------------------------------------------------------
[2023-11-09T14:16:58.267+0000] {taskinstance.py:1284} INFO - Starting attempt 1 of 1
[2023-11-09T14:16:58.268+0000] {taskinstance.py:1285} INFO - 
--------------------------------------------------------------------------------
[2023-11-09T14:16:58.291+0000] {taskinstance.py:1304} INFO - Executing <Task(PythonOperator): save_customers_to_excel> on 2023-11-08 00:00:00+00:00
[2023-11-09T14:16:58.299+0000] {standard_task_runner.py:55} INFO - Started process 101 to run task
[2023-11-09T14:16:58.302+0000] {standard_task_runner.py:82} INFO - Running: ['***', 'tasks', 'run', 'customers', 'save_customers_to_excel', 'scheduled__2023-11-08T00:00:00+00:00', '--job-id', '52', '--raw', '--subdir', 'DAGS_FOLDER/customer_1.py', '--cfg-path', '/tmp/tmppcw6w7o8']
[2023-11-09T14:16:58.304+0000] {standard_task_runner.py:83} INFO - Job 52: Subtask save_customers_to_excel
[2023-11-09T14:16:58.376+0000] {task_command.py:389} INFO - Running <TaskInstance: customers.save_customers_to_excel scheduled__2023-11-08T00:00:00+00:00 [running]> on host 5f2a19dc7fba
[2023-11-09T14:16:58.477+0000] {taskinstance.py:1513} INFO - Exporting the following env vars:
AIRFLOW_CTX_DAG_OWNER=***
AIRFLOW_CTX_DAG_ID=customers
AIRFLOW_CTX_TASK_ID=save_customers_to_excel
AIRFLOW_CTX_EXECUTION_DATE=2023-11-08T00:00:00+00:00
AIRFLOW_CTX_TRY_NUMBER=1
AIRFLOW_CTX_DAG_RUN_ID=scheduled__2023-11-08T00:00:00+00:00
[2023-11-09T14:16:58.647+0000] {base.py:73} INFO - Using connection ID 'postgres' for task execution.
[2023-11-09T14:16:58.761+0000] {base.py:73} INFO - Using connection ID 'postgres' for task execution.
[2023-11-09T14:16:58.781+0000] {taskinstance.py:1772} ERROR - Task failed with exception
Traceback (most recent call last):
  File "/home/airflow/.local/lib/python3.7/site-packages/airflow/operators/python.py", line 175, in execute
    return_value = self.execute_callable()
  File "/home/airflow/.local/lib/python3.7/site-packages/airflow/operators/python.py", line 192, in execute_callable
    return self.python_callable(*self.op_args, **self.op_kwargs)
  File "/opt/airflow/dags/customer_1.py", line 84, in _save_customers_to_excel
    wb.save(customers_file)
  File "/home/airflow/.local/lib/python3.7/site-packages/openpyxl/workbook/workbook.py", line 386, in save
    save_workbook(self, filename)
  File "/home/airflow/.local/lib/python3.7/site-packages/openpyxl/writer/excel.py", line 291, in save_workbook
    archive = ZipFile(filename, 'w', ZIP_DEFLATED, allowZip64=True)
  File "/usr/local/lib/python3.7/zipfile.py", line 1240, in __init__
    self.fp = io.open(file, filemode)
PermissionError: [Errno 13] Permission denied: '/opt/data/customers.xlsx'
[2023-11-09T14:16:58.795+0000] {taskinstance.py:1327} INFO - Marking task as FAILED. dag_id=customers, task_id=save_customers_to_excel, execution_date=20231108T000000, start_date=20231109T141658, end_date=20231109T141658
[2023-11-09T14:16:58.812+0000] {standard_task_runner.py:105} ERROR - Failed to execute job 52 for task save_customers_to_excel ([Errno 13] Permission denied: '/opt/data/customers.xlsx'; 101)
[2023-11-09T14:16:58.836+0000] {local_task_job.py:159} INFO - Task exited with return code 1
[2023-11-09T14:16:58.856+0000] {taskinstance.py:2582} INFO - 0 downstream tasks scheduled from follow-on schedule check
[2023-11-09T19:37:39.133+0000] {taskinstance.py:1087} INFO - Dependencies all met for <TaskInstance: customers.save_customers_to_excel scheduled__2023-11-08T00:00:00+00:00 [queued]>
[2023-11-09T19:37:39.146+0000] {taskinstance.py:1087} INFO - Dependencies all met for <TaskInstance: customers.save_customers_to_excel scheduled__2023-11-08T00:00:00+00:00 [queued]>
[2023-11-09T19:37:39.147+0000] {taskinstance.py:1283} INFO - 
--------------------------------------------------------------------------------
[2023-11-09T19:37:39.148+0000] {taskinstance.py:1284} INFO - Starting attempt 1 of 1
[2023-11-09T19:37:39.148+0000] {taskinstance.py:1285} INFO - 
--------------------------------------------------------------------------------
[2023-11-09T19:37:39.172+0000] {taskinstance.py:1304} INFO - Executing <Task(PythonOperator): save_customers_to_excel> on 2023-11-08 00:00:00+00:00
[2023-11-09T19:37:39.178+0000] {standard_task_runner.py:55} INFO - Started process 15181 to run task
[2023-11-09T19:37:39.181+0000] {standard_task_runner.py:82} INFO - Running: ['***', 'tasks', 'run', 'customers', 'save_customers_to_excel', 'scheduled__2023-11-08T00:00:00+00:00', '--job-id', '261', '--raw', '--subdir', 'DAGS_FOLDER/customers.py', '--cfg-path', '/tmp/tmppwgtjmbk']
[2023-11-09T19:37:39.183+0000] {standard_task_runner.py:83} INFO - Job 261: Subtask save_customers_to_excel
[2023-11-09T19:37:39.252+0000] {task_command.py:389} INFO - Running <TaskInstance: customers.save_customers_to_excel scheduled__2023-11-08T00:00:00+00:00 [running]> on host 9dcc097b8292
[2023-11-09T19:37:39.534+0000] {taskinstance.py:1513} INFO - Exporting the following env vars:
AIRFLOW_CTX_DAG_OWNER=Tetiana
AIRFLOW_CTX_DAG_ID=customers
AIRFLOW_CTX_TASK_ID=save_customers_to_excel
AIRFLOW_CTX_EXECUTION_DATE=2023-11-08T00:00:00+00:00
AIRFLOW_CTX_TRY_NUMBER=1
AIRFLOW_CTX_DAG_RUN_ID=scheduled__2023-11-08T00:00:00+00:00
[2023-11-09T19:37:39.644+0000] {base.py:73} INFO - Using connection ID 'postgres' for task execution.
[2023-11-09T19:37:39.750+0000] {python.py:177} INFO - Done. Returned value was: None
[2023-11-09T19:37:39.767+0000] {taskinstance.py:1327} INFO - Marking task as SUCCESS. dag_id=customers, task_id=save_customers_to_excel, execution_date=20231108T000000, start_date=20231109T193739, end_date=20231109T193739
[2023-11-09T19:37:39.796+0000] {local_task_job.py:159} INFO - Task exited with return code 0
[2023-11-09T19:37:39.816+0000] {taskinstance.py:2582} INFO - 0 downstream tasks scheduled from follow-on schedule check
