[2023-11-01T19:55:00.137+0000] {taskinstance.py:1165} INFO - Dependencies all met for <TaskInstance: xcom_dag.t1 scheduled__2023-10-31T00:00:00+00:00 [queued]>
[2023-11-01T19:55:00.151+0000] {taskinstance.py:1165} INFO - Dependencies all met for <TaskInstance: xcom_dag.t1 scheduled__2023-10-31T00:00:00+00:00 [queued]>
[2023-11-01T19:55:00.152+0000] {taskinstance.py:1362} INFO - 
--------------------------------------------------------------------------------
[2023-11-01T19:55:00.152+0000] {taskinstance.py:1363} INFO - Starting attempt 1 of 1
[2023-11-01T19:55:00.153+0000] {taskinstance.py:1364} INFO - 
--------------------------------------------------------------------------------
[2023-11-01T19:55:00.174+0000] {taskinstance.py:1383} INFO - Executing <Task(PythonOperator): t1> on 2023-10-31 00:00:00+00:00
[2023-11-01T19:55:00.184+0000] {standard_task_runner.py:82} INFO - Running: ['***', 'tasks', 'run', 'xcom_dag', 't1', 'scheduled__2023-10-31T00:00:00+00:00', '--job-id', '11', '--raw', '--subdir', 'DAGS_FOLDER/xcom_dag.py', '--cfg-path', '/tmp/tmppek0o69a']
[2023-11-01T19:55:00.186+0000] {standard_task_runner.py:83} INFO - Job 11: Subtask t1
[2023-11-01T19:55:00.181+0000] {standard_task_runner.py:55} INFO - Started process 1474 to run task
[2023-11-01T19:55:00.296+0000] {task_command.py:376} INFO - Running <TaskInstance: xcom_dag.t1 scheduled__2023-10-31T00:00:00+00:00 [running]> on host 3779655fe886
[2023-11-01T19:55:00.394+0000] {taskinstance.py:1592} INFO - Exporting the following env vars:
AIRFLOW_CTX_DAG_OWNER=***
AIRFLOW_CTX_DAG_ID=xcom_dag
AIRFLOW_CTX_TASK_ID=t1
AIRFLOW_CTX_EXECUTION_DATE=2023-10-31T00:00:00+00:00
AIRFLOW_CTX_TRY_NUMBER=1
AIRFLOW_CTX_DAG_RUN_ID=scheduled__2023-10-31T00:00:00+00:00
[2023-11-01T19:55:00.411+0000] {python.py:177} INFO - Done. Returned value was: 42
[2023-11-01T19:55:00.504+0000] {taskinstance.py:1406} INFO - Marking task as SUCCESS. dag_id=xcom_dag, task_id=t1, execution_date=20231031T000000, start_date=20231101T195500, end_date=20231101T195500
[2023-11-01T19:55:00.525+0000] {local_task_job.py:164} INFO - Task exited with return code 0
[2023-11-01T19:55:00.565+0000] {local_task_job.py:273} INFO - 1 downstream tasks scheduled from follow-on schedule check
