[2023-11-01T20:10:38.585+0000] {taskinstance.py:1165} INFO - Dependencies all met for <TaskInstance: xcom_dag.branch manual__2023-11-01T20:10:36.140133+00:00 [queued]>
[2023-11-01T20:10:38.600+0000] {taskinstance.py:1165} INFO - Dependencies all met for <TaskInstance: xcom_dag.branch manual__2023-11-01T20:10:36.140133+00:00 [queued]>
[2023-11-01T20:10:38.601+0000] {taskinstance.py:1362} INFO - 
--------------------------------------------------------------------------------
[2023-11-01T20:10:38.602+0000] {taskinstance.py:1363} INFO - Starting attempt 1 of 1
[2023-11-01T20:10:38.602+0000] {taskinstance.py:1364} INFO - 
--------------------------------------------------------------------------------
[2023-11-01T20:10:38.623+0000] {taskinstance.py:1383} INFO - Executing <Task(BranchPythonOperator): branch> on 2023-11-01 20:10:36.140133+00:00
[2023-11-01T20:10:38.630+0000] {standard_task_runner.py:55} INFO - Started process 2237 to run task
[2023-11-01T20:10:38.635+0000] {standard_task_runner.py:82} INFO - Running: ['***', 'tasks', 'run', 'xcom_dag', 'branch', 'manual__2023-11-01T20:10:36.140133+00:00', '--job-id', '30', '--raw', '--subdir', 'DAGS_FOLDER/xcom_dag.py', '--cfg-path', '/tmp/tmp73a5o1n8']
[2023-11-01T20:10:38.636+0000] {standard_task_runner.py:83} INFO - Job 30: Subtask branch
[2023-11-01T20:10:38.701+0000] {task_command.py:376} INFO - Running <TaskInstance: xcom_dag.branch manual__2023-11-01T20:10:36.140133+00:00 [running]> on host 3779655fe886
[2023-11-01T20:10:38.784+0000] {taskinstance.py:1592} INFO - Exporting the following env vars:
AIRFLOW_CTX_DAG_OWNER=***
AIRFLOW_CTX_DAG_ID=xcom_dag
AIRFLOW_CTX_TASK_ID=branch
AIRFLOW_CTX_EXECUTION_DATE=2023-11-01T20:10:36.140133+00:00
AIRFLOW_CTX_TRY_NUMBER=1
AIRFLOW_CTX_DAG_RUN_ID=manual__2023-11-01T20:10:36.140133+00:00
[2023-11-01T20:10:38.798+0000] {python.py:177} INFO - Done. Returned value was: t3
[2023-11-01T20:10:38.799+0000] {skipmixin.py:155} INFO - Following branch t3
[2023-11-01T20:10:38.799+0000] {skipmixin.py:190} INFO - Skipping tasks ['t2']
[2023-11-01T20:10:38.849+0000] {taskinstance.py:1406} INFO - Marking task as SUCCESS. dag_id=xcom_dag, task_id=branch, execution_date=20231101T201036, start_date=20231101T201038, end_date=20231101T201038
[2023-11-01T20:10:38.885+0000] {local_task_job.py:164} INFO - Task exited with return code 0
[2023-11-01T20:10:38.933+0000] {local_task_job.py:273} INFO - 1 downstream tasks scheduled from follow-on schedule check
