[2023-11-10T11:16:15.736+0000] {taskinstance.py:1087} INFO - Dependencies all met for <TaskInstance: people.create_people_table manual__2023-11-10T11:16:13.491126+00:00 [queued]>
[2023-11-10T11:16:15.752+0000] {taskinstance.py:1087} INFO - Dependencies all met for <TaskInstance: people.create_people_table manual__2023-11-10T11:16:13.491126+00:00 [queued]>
[2023-11-10T11:16:15.753+0000] {taskinstance.py:1283} INFO - 
--------------------------------------------------------------------------------
[2023-11-10T11:16:15.753+0000] {taskinstance.py:1284} INFO - Starting attempt 1 of 1
[2023-11-10T11:16:15.754+0000] {taskinstance.py:1285} INFO - 
--------------------------------------------------------------------------------
[2023-11-10T11:16:15.772+0000] {taskinstance.py:1304} INFO - Executing <Task(PostgresOperator): create_people_table> on 2023-11-10 11:16:13.491126+00:00
[2023-11-10T11:16:15.779+0000] {standard_task_runner.py:55} INFO - Started process 4110 to run task
[2023-11-10T11:16:15.782+0000] {standard_task_runner.py:82} INFO - Running: ['***', 'tasks', 'run', 'people', 'create_people_table', 'manual__2023-11-10T11:16:13.491126+00:00', '--job-id', '484', '--raw', '--subdir', 'DAGS_FOLDER/people.py', '--cfg-path', '/tmp/tmpe6lyxj44']
[2023-11-10T11:16:15.785+0000] {standard_task_runner.py:83} INFO - Job 484: Subtask create_people_table
[2023-11-10T11:16:15.856+0000] {task_command.py:389} INFO - Running <TaskInstance: people.create_people_table manual__2023-11-10T11:16:13.491126+00:00 [running]> on host ccf8e59e32fe
[2023-11-10T11:16:16.121+0000] {taskinstance.py:1513} INFO - Exporting the following env vars:
AIRFLOW_CTX_DAG_OWNER=Tetiana
AIRFLOW_CTX_DAG_ID=people
AIRFLOW_CTX_TASK_ID=create_people_table
AIRFLOW_CTX_EXECUTION_DATE=2023-11-10T11:16:13.491126+00:00
AIRFLOW_CTX_TRY_NUMBER=1
AIRFLOW_CTX_DAG_RUN_ID=manual__2023-11-10T11:16:13.491126+00:00
[2023-11-10T11:16:16.123+0000] {sql.py:253} INFO - Executing: 
        CREATE TABLE IF NOT EXISTS people (
            Index INT NOT NULL primary key,
            User_Id varchar(100),
            First_Name varchar(100),
            Last_Name varchar(100),
            Sex varchar(100),
            Email varchar(100),
            Phone varchar(100),
            Date_of_birth Date,
            Job_title varchar(100)
        );
    
[2023-11-10T11:16:16.135+0000] {base.py:73} INFO - Using connection ID 'postgres' for task execution.
[2023-11-10T11:16:16.506+0000] {base.py:73} INFO - Using connection ID 'postgres' for task execution.
[2023-11-10T11:16:16.513+0000] {sql.py:364} INFO - Running statement: 
        CREATE TABLE IF NOT EXISTS people (
            Index INT NOT NULL primary key,
            User_Id varchar(100),
            First_Name varchar(100),
            Last_Name varchar(100),
            Sex varchar(100),
            Email varchar(100),
            Phone varchar(100),
            Date_of_birth Date,
            Job_title varchar(100)
        );
    , parameters: None
[2023-11-10T11:16:16.543+0000] {taskinstance.py:1327} INFO - Marking task as SUCCESS. dag_id=people, task_id=create_people_table, execution_date=20231110T111613, start_date=20231110T111615, end_date=20231110T111616
[2023-11-10T11:16:16.599+0000] {local_task_job.py:159} INFO - Task exited with return code 0
[2023-11-10T11:16:16.655+0000] {taskinstance.py:2582} INFO - 1 downstream tasks scheduled from follow-on schedule check
