[2023-11-09T15:47:48.903+0000] {taskinstance.py:1087} INFO - Dependencies all met for <TaskInstance: customers.save_customers_to_excel manual__2023-11-09T15:47:42.265582+00:00 [queued]>
[2023-11-09T15:47:48.918+0000] {taskinstance.py:1087} INFO - Dependencies all met for <TaskInstance: customers.save_customers_to_excel manual__2023-11-09T15:47:42.265582+00:00 [queued]>
[2023-11-09T15:47:48.918+0000] {taskinstance.py:1283} INFO - 
--------------------------------------------------------------------------------
[2023-11-09T15:47:48.919+0000] {taskinstance.py:1284} INFO - Starting attempt 1 of 1
[2023-11-09T15:47:48.920+0000] {taskinstance.py:1285} INFO - 
--------------------------------------------------------------------------------
[2023-11-09T15:47:48.938+0000] {taskinstance.py:1304} INFO - Executing <Task(PythonOperator): save_customers_to_excel> on 2023-11-09 15:47:42.265582+00:00
[2023-11-09T15:47:48.946+0000] {standard_task_runner.py:55} INFO - Started process 1515 to run task
[2023-11-09T15:47:48.948+0000] {standard_task_runner.py:82} INFO - Running: ['***', 'tasks', 'run', 'customers', 'save_customers_to_excel', 'manual__2023-11-09T15:47:42.265582+00:00', '--job-id', '69', '--raw', '--subdir', 'DAGS_FOLDER/customer_1.py', '--cfg-path', '/tmp/tmpgs_74c0g']
[2023-11-09T15:47:48.950+0000] {standard_task_runner.py:83} INFO - Job 69: Subtask save_customers_to_excel
[2023-11-09T15:47:49.016+0000] {task_command.py:389} INFO - Running <TaskInstance: customers.save_customers_to_excel manual__2023-11-09T15:47:42.265582+00:00 [running]> on host 9dcc097b8292
[2023-11-09T15:47:49.101+0000] {taskinstance.py:1513} INFO - Exporting the following env vars:
AIRFLOW_CTX_DAG_OWNER=***
AIRFLOW_CTX_DAG_ID=customers
AIRFLOW_CTX_TASK_ID=save_customers_to_excel
AIRFLOW_CTX_EXECUTION_DATE=2023-11-09T15:47:42.265582+00:00
AIRFLOW_CTX_TRY_NUMBER=1
AIRFLOW_CTX_DAG_RUN_ID=manual__2023-11-09T15:47:42.265582+00:00
[2023-11-09T15:47:49.300+0000] {base.py:73} INFO - Using connection ID 'postgres' for task execution.
[2023-11-09T15:47:49.397+0000] {base.py:73} INFO - Using connection ID 'postgres' for task execution.
[2023-11-09T15:47:49.468+0000] {python.py:177} INFO - Done. Returned value was: None
[2023-11-09T15:47:49.480+0000] {taskinstance.py:1327} INFO - Marking task as SUCCESS. dag_id=customers, task_id=save_customers_to_excel, execution_date=20231109T154742, start_date=20231109T154748, end_date=20231109T154749
[2023-11-09T15:47:49.522+0000] {local_task_job.py:159} INFO - Task exited with return code 0
[2023-11-09T15:47:49.547+0000] {taskinstance.py:2582} INFO - 0 downstream tasks scheduled from follow-on schedule check
