[2023-11-02T21:14:21.601+0000] {taskinstance.py:1165} INFO - Dependencies all met for <TaskInstance: read_csv_dag.read_csv_task manual__2023-11-02T21:14:19.887908+00:00 [queued]>
[2023-11-02T21:14:21.618+0000] {taskinstance.py:1165} INFO - Dependencies all met for <TaskInstance: read_csv_dag.read_csv_task manual__2023-11-02T21:14:19.887908+00:00 [queued]>
[2023-11-02T21:14:21.618+0000] {taskinstance.py:1362} INFO - 
--------------------------------------------------------------------------------
[2023-11-02T21:14:21.619+0000] {taskinstance.py:1363} INFO - Starting attempt 1 of 1
[2023-11-02T21:14:21.620+0000] {taskinstance.py:1364} INFO - 
--------------------------------------------------------------------------------
[2023-11-02T21:14:21.646+0000] {taskinstance.py:1383} INFO - Executing <Task(PythonOperator): read_csv_task> on 2023-11-02 21:14:19.887908+00:00
[2023-11-02T21:14:21.653+0000] {standard_task_runner.py:55} INFO - Started process 7013 to run task
[2023-11-02T21:14:21.655+0000] {standard_task_runner.py:82} INFO - Running: ['***', 'tasks', 'run', 'read_csv_dag', 'read_csv_task', 'manual__2023-11-02T21:14:19.887908+00:00', '--job-id', '48', '--raw', '--subdir', 'DAGS_FOLDER/people.py', '--cfg-path', '/tmp/tmpvgdomu3g']
[2023-11-02T21:14:21.659+0000] {standard_task_runner.py:83} INFO - Job 48: Subtask read_csv_task
[2023-11-02T21:14:21.769+0000] {task_command.py:376} INFO - Running <TaskInstance: read_csv_dag.read_csv_task manual__2023-11-02T21:14:19.887908+00:00 [running]> on host 6c8be2bfe956
[2023-11-02T21:14:21.878+0000] {taskinstance.py:1592} INFO - Exporting the following env vars:
AIRFLOW_CTX_DAG_OWNER=***
AIRFLOW_CTX_DAG_ID=read_csv_dag
AIRFLOW_CTX_TASK_ID=read_csv_task
AIRFLOW_CTX_EXECUTION_DATE=2023-11-02T21:14:19.887908+00:00
AIRFLOW_CTX_TRY_NUMBER=1
AIRFLOW_CTX_DAG_RUN_ID=manual__2023-11-02T21:14:19.887908+00:00
[2023-11-02T21:14:21.885+0000] {python.py:177} INFO - Done. Returned value was: None
[2023-11-02T21:14:21.909+0000] {taskinstance.py:1406} INFO - Marking task as SUCCESS. dag_id=read_csv_dag, task_id=read_csv_task, execution_date=20231102T211419, start_date=20231102T211421, end_date=20231102T211421
[2023-11-02T21:14:21.953+0000] {local_task_job.py:164} INFO - Task exited with return code 0
[2023-11-02T21:14:21.978+0000] {local_task_job.py:273} INFO - 0 downstream tasks scheduled from follow-on schedule check
