[2023-11-01T19:55:05.078+0000] {taskinstance.py:1165} INFO - Dependencies all met for <TaskInstance: xcom_dag.t1 manual__2023-11-01T19:55:03.685004+00:00 [queued]>
[2023-11-01T19:55:05.098+0000] {taskinstance.py:1165} INFO - Dependencies all met for <TaskInstance: xcom_dag.t1 manual__2023-11-01T19:55:03.685004+00:00 [queued]>
[2023-11-01T19:55:05.099+0000] {taskinstance.py:1362} INFO - 
--------------------------------------------------------------------------------
[2023-11-01T19:55:05.100+0000] {taskinstance.py:1363} INFO - Starting attempt 1 of 1
[2023-11-01T19:55:05.101+0000] {taskinstance.py:1364} INFO - 
--------------------------------------------------------------------------------
[2023-11-01T19:55:05.139+0000] {taskinstance.py:1383} INFO - Executing <Task(PythonOperator): t1> on 2023-11-01 19:55:03.685004+00:00
[2023-11-01T19:55:05.147+0000] {standard_task_runner.py:55} INFO - Started process 1481 to run task
[2023-11-01T19:55:05.150+0000] {standard_task_runner.py:82} INFO - Running: ['***', 'tasks', 'run', 'xcom_dag', 't1', 'manual__2023-11-01T19:55:03.685004+00:00', '--job-id', '14', '--raw', '--subdir', 'DAGS_FOLDER/xcom_dag.py', '--cfg-path', '/tmp/tmp_yaz7_48']
[2023-11-01T19:55:05.152+0000] {standard_task_runner.py:83} INFO - Job 14: Subtask t1
[2023-11-01T19:55:05.261+0000] {task_command.py:376} INFO - Running <TaskInstance: xcom_dag.t1 manual__2023-11-01T19:55:03.685004+00:00 [running]> on host 3779655fe886
[2023-11-01T19:55:05.361+0000] {taskinstance.py:1592} INFO - Exporting the following env vars:
AIRFLOW_CTX_DAG_OWNER=***
AIRFLOW_CTX_DAG_ID=xcom_dag
AIRFLOW_CTX_TASK_ID=t1
AIRFLOW_CTX_EXECUTION_DATE=2023-11-01T19:55:03.685004+00:00
AIRFLOW_CTX_TRY_NUMBER=1
AIRFLOW_CTX_DAG_RUN_ID=manual__2023-11-01T19:55:03.685004+00:00
[2023-11-01T19:55:05.363+0000] {python.py:177} INFO - Done. Returned value was: 42
[2023-11-01T19:55:05.394+0000] {taskinstance.py:1406} INFO - Marking task as SUCCESS. dag_id=xcom_dag, task_id=t1, execution_date=20231101T195503, start_date=20231101T195505, end_date=20231101T195505
[2023-11-01T19:55:05.423+0000] {local_task_job.py:164} INFO - Task exited with return code 0
[2023-11-01T19:55:05.466+0000] {local_task_job.py:273} INFO - 1 downstream tasks scheduled from follow-on schedule check
