[2023-11-05T13:48:45.976+0000] {taskinstance.py:1165} INFO - Dependencies all met for <TaskInstance: customers.save_customers_to_excel manual__2023-11-05T13:48:40.235180+00:00 [queued]>
[2023-11-05T13:48:45.993+0000] {taskinstance.py:1165} INFO - Dependencies all met for <TaskInstance: customers.save_customers_to_excel manual__2023-11-05T13:48:40.235180+00:00 [queued]>
[2023-11-05T13:48:45.994+0000] {taskinstance.py:1362} INFO - 
--------------------------------------------------------------------------------
[2023-11-05T13:48:45.995+0000] {taskinstance.py:1363} INFO - Starting attempt 1 of 1
[2023-11-05T13:48:45.995+0000] {taskinstance.py:1364} INFO - 
--------------------------------------------------------------------------------
[2023-11-05T13:48:46.014+0000] {taskinstance.py:1383} INFO - Executing <Task(PythonOperator): save_customers_to_excel> on 2023-11-05 13:48:40.235180+00:00
[2023-11-05T13:48:46.021+0000] {standard_task_runner.py:55} INFO - Started process 10432 to run task
[2023-11-05T13:48:46.024+0000] {standard_task_runner.py:82} INFO - Running: ['***', 'tasks', 'run', 'customers', 'save_customers_to_excel', 'manual__2023-11-05T13:48:40.235180+00:00', '--job-id', '386', '--raw', '--subdir', 'DAGS_FOLDER/customers.py', '--cfg-path', '/tmp/tmp3isjd872']
[2023-11-05T13:48:46.026+0000] {standard_task_runner.py:83} INFO - Job 386: Subtask save_customers_to_excel
[2023-11-05T13:48:46.105+0000] {task_command.py:376} INFO - Running <TaskInstance: customers.save_customers_to_excel manual__2023-11-05T13:48:40.235180+00:00 [running]> on host 9d85c6014d6e
[2023-11-05T13:48:46.192+0000] {taskinstance.py:1592} INFO - Exporting the following env vars:
AIRFLOW_CTX_DAG_OWNER=***
AIRFLOW_CTX_DAG_ID=customers
AIRFLOW_CTX_TASK_ID=save_customers_to_excel
AIRFLOW_CTX_EXECUTION_DATE=2023-11-05T13:48:40.235180+00:00
AIRFLOW_CTX_TRY_NUMBER=1
AIRFLOW_CTX_DAG_RUN_ID=manual__2023-11-05T13:48:40.235180+00:00
[2023-11-05T13:48:46.205+0000] {base.py:71} INFO - Using connection ID 'postgres' for task execution.
[2023-11-05T13:48:46.671+0000] {taskinstance.py:1851} ERROR - Task failed with exception
Traceback (most recent call last):
  File "/home/airflow/.local/lib/python3.7/site-packages/airflow/operators/python.py", line 175, in execute
    return_value = self.execute_callable()
  File "/home/airflow/.local/lib/python3.7/site-packages/airflow/operators/python.py", line 193, in execute_callable
    return self.python_callable(*self.op_args, **self.op_kwargs)
  File "/opt/airflow/dags/customers.py", line 57, in _save_customers_to_excel
    if not my_file.is_file():
UnboundLocalError: local variable 'my_file' referenced before assignment
[2023-11-05T13:48:46.686+0000] {taskinstance.py:1406} INFO - Marking task as FAILED. dag_id=customers, task_id=save_customers_to_excel, execution_date=20231105T134840, start_date=20231105T134845, end_date=20231105T134846
[2023-11-05T13:48:46.702+0000] {standard_task_runner.py:105} ERROR - Failed to execute job 386 for task save_customers_to_excel (local variable 'my_file' referenced before assignment; 10432)
[2023-11-05T13:48:46.718+0000] {local_task_job.py:164} INFO - Task exited with return code 1
[2023-11-05T13:48:46.740+0000] {local_task_job.py:273} INFO - 0 downstream tasks scheduled from follow-on schedule check
