[2023-11-07T14:12:08.336+0000] {taskinstance.py:1165} INFO - Dependencies all met for <TaskInstance: xcom_dag.t4 manual__2023-11-07T14:11:58.533777+00:00 [queued]>
[2023-11-07T14:12:08.353+0000] {taskinstance.py:1165} INFO - Dependencies all met for <TaskInstance: xcom_dag.t4 manual__2023-11-07T14:11:58.533777+00:00 [queued]>
[2023-11-07T14:12:08.354+0000] {taskinstance.py:1362} INFO - 
--------------------------------------------------------------------------------
[2023-11-07T14:12:08.355+0000] {taskinstance.py:1363} INFO - Starting attempt 1 of 1
[2023-11-07T14:12:08.356+0000] {taskinstance.py:1364} INFO - 
--------------------------------------------------------------------------------
[2023-11-07T14:12:08.375+0000] {taskinstance.py:1383} INFO - Executing <Task(BashOperator): t4> on 2023-11-07 14:11:58.533777+00:00
[2023-11-07T14:12:08.382+0000] {standard_task_runner.py:55} INFO - Started process 700 to run task
[2023-11-07T14:12:08.385+0000] {standard_task_runner.py:82} INFO - Running: ['***', 'tasks', 'run', 'xcom_dag', 't4', 'manual__2023-11-07T14:11:58.533777+00:00', '--job-id', '532', '--raw', '--subdir', 'DAGS_FOLDER/xcom_dag.py', '--cfg-path', '/tmp/tmppunz8b2w']
[2023-11-07T14:12:08.387+0000] {standard_task_runner.py:83} INFO - Job 532: Subtask t4
[2023-11-07T14:12:08.464+0000] {task_command.py:376} INFO - Running <TaskInstance: xcom_dag.t4 manual__2023-11-07T14:11:58.533777+00:00 [running]> on host 193aaf8b1e25
[2023-11-07T14:12:08.566+0000] {taskinstance.py:1592} INFO - Exporting the following env vars:
AIRFLOW_CTX_DAG_OWNER=***
AIRFLOW_CTX_DAG_ID=xcom_dag
AIRFLOW_CTX_TASK_ID=t4
AIRFLOW_CTX_EXECUTION_DATE=2023-11-07T14:11:58.533777+00:00
AIRFLOW_CTX_TRY_NUMBER=1
AIRFLOW_CTX_DAG_RUN_ID=manual__2023-11-07T14:11:58.533777+00:00
[2023-11-07T14:12:08.568+0000] {subprocess.py:63} INFO - Tmp dir root location: 
 /tmp
[2023-11-07T14:12:08.571+0000] {subprocess.py:75} INFO - Running command: ['/bin/bash', '-c', "echo ''"]
[2023-11-07T14:12:08.587+0000] {subprocess.py:86} INFO - Output:
[2023-11-07T14:12:08.590+0000] {subprocess.py:93} INFO - 
[2023-11-07T14:12:08.591+0000] {subprocess.py:97} INFO - Command exited with return code 0
[2023-11-07T14:12:08.628+0000] {taskinstance.py:1406} INFO - Marking task as SUCCESS. dag_id=xcom_dag, task_id=t4, execution_date=20231107T141158, start_date=20231107T141208, end_date=20231107T141208
[2023-11-07T14:12:08.678+0000] {local_task_job.py:164} INFO - Task exited with return code 0
[2023-11-07T14:12:08.702+0000] {local_task_job.py:273} INFO - 0 downstream tasks scheduled from follow-on schedule check
