[2023-11-01T19:44:31.347+0000] {processor.py:154} INFO - Started process (PID=1235) to work on /opt/airflow/dags/groups/group_transforms.py
[2023-11-01T19:44:31.348+0000] {processor.py:756} INFO - Processing file /opt/airflow/dags/groups/group_transforms.py for tasks to queue
[2023-11-01T19:44:31.349+0000] {logging_mixin.py:120} INFO - [2023-11-01T19:44:31.349+0000] {dagbag.py:537} INFO - Filling up the DagBag from /opt/airflow/dags/groups/group_transforms.py
[2023-11-01T19:44:31.396+0000] {processor.py:768} WARNING - No viable dags retrieved from /opt/airflow/dags/groups/group_transforms.py
[2023-11-01T19:44:31.416+0000] {processor.py:176} INFO - Processing /opt/airflow/dags/groups/group_transforms.py took 0.072 seconds
[2023-11-01T19:45:02.230+0000] {processor.py:154} INFO - Started process (PID=1261) to work on /opt/airflow/dags/groups/group_transforms.py
[2023-11-01T19:45:02.231+0000] {processor.py:756} INFO - Processing file /opt/airflow/dags/groups/group_transforms.py for tasks to queue
[2023-11-01T19:45:02.232+0000] {logging_mixin.py:120} INFO - [2023-11-01T19:45:02.232+0000] {dagbag.py:537} INFO - Filling up the DagBag from /opt/airflow/dags/groups/group_transforms.py
[2023-11-01T19:45:02.265+0000] {processor.py:768} WARNING - No viable dags retrieved from /opt/airflow/dags/groups/group_transforms.py
[2023-11-01T19:45:02.281+0000] {processor.py:176} INFO - Processing /opt/airflow/dags/groups/group_transforms.py took 0.055 seconds
[2023-11-01T19:45:32.874+0000] {processor.py:154} INFO - Started process (PID=1296) to work on /opt/airflow/dags/groups/group_transforms.py
[2023-11-01T19:45:32.876+0000] {processor.py:756} INFO - Processing file /opt/airflow/dags/groups/group_transforms.py for tasks to queue
[2023-11-01T19:45:32.878+0000] {logging_mixin.py:120} INFO - [2023-11-01T19:45:32.878+0000] {dagbag.py:537} INFO - Filling up the DagBag from /opt/airflow/dags/groups/group_transforms.py
[2023-11-01T19:45:32.909+0000] {processor.py:768} WARNING - No viable dags retrieved from /opt/airflow/dags/groups/group_transforms.py
[2023-11-01T19:45:32.925+0000] {processor.py:176} INFO - Processing /opt/airflow/dags/groups/group_transforms.py took 0.053 seconds
[2023-11-01T19:46:03.573+0000] {processor.py:154} INFO - Started process (PID=1329) to work on /opt/airflow/dags/groups/group_transforms.py
[2023-11-01T19:46:03.574+0000] {processor.py:756} INFO - Processing file /opt/airflow/dags/groups/group_transforms.py for tasks to queue
[2023-11-01T19:46:03.576+0000] {logging_mixin.py:120} INFO - [2023-11-01T19:46:03.575+0000] {dagbag.py:537} INFO - Filling up the DagBag from /opt/airflow/dags/groups/group_transforms.py
[2023-11-01T19:46:03.629+0000] {processor.py:768} WARNING - No viable dags retrieved from /opt/airflow/dags/groups/group_transforms.py
[2023-11-01T19:46:03.649+0000] {processor.py:176} INFO - Processing /opt/airflow/dags/groups/group_transforms.py took 0.078 seconds
[2023-11-01T19:46:34.419+0000] {processor.py:154} INFO - Started process (PID=1356) to work on /opt/airflow/dags/groups/group_transforms.py
[2023-11-01T19:46:34.421+0000] {processor.py:756} INFO - Processing file /opt/airflow/dags/groups/group_transforms.py for tasks to queue
[2023-11-01T19:46:34.422+0000] {logging_mixin.py:120} INFO - [2023-11-01T19:46:34.422+0000] {dagbag.py:537} INFO - Filling up the DagBag from /opt/airflow/dags/groups/group_transforms.py
[2023-11-01T19:46:34.457+0000] {processor.py:768} WARNING - No viable dags retrieved from /opt/airflow/dags/groups/group_transforms.py
[2023-11-01T19:46:34.476+0000] {processor.py:176} INFO - Processing /opt/airflow/dags/groups/group_transforms.py took 0.062 seconds
[2023-11-01T19:47:04.979+0000] {processor.py:154} INFO - Started process (PID=1393) to work on /opt/airflow/dags/groups/group_transforms.py
[2023-11-01T19:47:04.981+0000] {processor.py:756} INFO - Processing file /opt/airflow/dags/groups/group_transforms.py for tasks to queue
[2023-11-01T19:47:04.982+0000] {logging_mixin.py:120} INFO - [2023-11-01T19:47:04.982+0000] {dagbag.py:537} INFO - Filling up the DagBag from /opt/airflow/dags/groups/group_transforms.py
[2023-11-01T19:47:05.023+0000] {processor.py:768} WARNING - No viable dags retrieved from /opt/airflow/dags/groups/group_transforms.py
[2023-11-01T19:47:05.047+0000] {processor.py:176} INFO - Processing /opt/airflow/dags/groups/group_transforms.py took 0.070 seconds
[2023-11-01T19:47:35.836+0000] {processor.py:154} INFO - Started process (PID=1427) to work on /opt/airflow/dags/groups/group_transforms.py
[2023-11-01T19:47:35.842+0000] {processor.py:756} INFO - Processing file /opt/airflow/dags/groups/group_transforms.py for tasks to queue
[2023-11-01T19:47:35.844+0000] {logging_mixin.py:120} INFO - [2023-11-01T19:47:35.844+0000] {dagbag.py:537} INFO - Filling up the DagBag from /opt/airflow/dags/groups/group_transforms.py
[2023-11-01T19:47:35.883+0000] {processor.py:768} WARNING - No viable dags retrieved from /opt/airflow/dags/groups/group_transforms.py
[2023-11-01T19:47:35.919+0000] {processor.py:176} INFO - Processing /opt/airflow/dags/groups/group_transforms.py took 0.086 seconds
[2023-11-01T19:48:06.082+0000] {processor.py:154} INFO - Started process (PID=1452) to work on /opt/airflow/dags/groups/group_transforms.py
[2023-11-01T19:48:06.084+0000] {processor.py:756} INFO - Processing file /opt/airflow/dags/groups/group_transforms.py for tasks to queue
[2023-11-01T19:48:06.085+0000] {logging_mixin.py:120} INFO - [2023-11-01T19:48:06.085+0000] {dagbag.py:537} INFO - Filling up the DagBag from /opt/airflow/dags/groups/group_transforms.py
[2023-11-01T19:48:06.120+0000] {processor.py:768} WARNING - No viable dags retrieved from /opt/airflow/dags/groups/group_transforms.py
[2023-11-01T19:48:06.134+0000] {processor.py:176} INFO - Processing /opt/airflow/dags/groups/group_transforms.py took 0.055 seconds
[2023-11-01T19:48:36.986+0000] {processor.py:154} INFO - Started process (PID=1488) to work on /opt/airflow/dags/groups/group_transforms.py
[2023-11-01T19:48:36.987+0000] {processor.py:756} INFO - Processing file /opt/airflow/dags/groups/group_transforms.py for tasks to queue
[2023-11-01T19:48:36.988+0000] {logging_mixin.py:120} INFO - [2023-11-01T19:48:36.988+0000] {dagbag.py:537} INFO - Filling up the DagBag from /opt/airflow/dags/groups/group_transforms.py
[2023-11-01T19:48:37.010+0000] {processor.py:768} WARNING - No viable dags retrieved from /opt/airflow/dags/groups/group_transforms.py
[2023-11-01T19:48:37.023+0000] {processor.py:176} INFO - Processing /opt/airflow/dags/groups/group_transforms.py took 0.039 seconds
[2023-11-01T19:49:07.594+0000] {processor.py:154} INFO - Started process (PID=1515) to work on /opt/airflow/dags/groups/group_transforms.py
[2023-11-01T19:49:07.595+0000] {processor.py:756} INFO - Processing file /opt/airflow/dags/groups/group_transforms.py for tasks to queue
[2023-11-01T19:49:07.596+0000] {logging_mixin.py:120} INFO - [2023-11-01T19:49:07.596+0000] {dagbag.py:537} INFO - Filling up the DagBag from /opt/airflow/dags/groups/group_transforms.py
[2023-11-01T19:49:07.619+0000] {processor.py:768} WARNING - No viable dags retrieved from /opt/airflow/dags/groups/group_transforms.py
[2023-11-01T19:49:07.633+0000] {processor.py:176} INFO - Processing /opt/airflow/dags/groups/group_transforms.py took 0.041 seconds
[2023-11-01T19:49:38.322+0000] {processor.py:154} INFO - Started process (PID=1550) to work on /opt/airflow/dags/groups/group_transforms.py
[2023-11-01T19:49:38.323+0000] {processor.py:756} INFO - Processing file /opt/airflow/dags/groups/group_transforms.py for tasks to queue
[2023-11-01T19:49:38.324+0000] {logging_mixin.py:120} INFO - [2023-11-01T19:49:38.324+0000] {dagbag.py:537} INFO - Filling up the DagBag from /opt/airflow/dags/groups/group_transforms.py
[2023-11-01T19:49:38.352+0000] {processor.py:768} WARNING - No viable dags retrieved from /opt/airflow/dags/groups/group_transforms.py
[2023-11-01T19:49:38.366+0000] {processor.py:176} INFO - Processing /opt/airflow/dags/groups/group_transforms.py took 0.048 seconds
[2023-11-01T19:50:09.100+0000] {processor.py:154} INFO - Started process (PID=1577) to work on /opt/airflow/dags/groups/group_transforms.py
[2023-11-01T19:50:09.101+0000] {processor.py:756} INFO - Processing file /opt/airflow/dags/groups/group_transforms.py for tasks to queue
[2023-11-01T19:50:09.103+0000] {logging_mixin.py:120} INFO - [2023-11-01T19:50:09.102+0000] {dagbag.py:537} INFO - Filling up the DagBag from /opt/airflow/dags/groups/group_transforms.py
[2023-11-01T19:50:09.126+0000] {processor.py:768} WARNING - No viable dags retrieved from /opt/airflow/dags/groups/group_transforms.py
[2023-11-01T19:50:09.140+0000] {processor.py:176} INFO - Processing /opt/airflow/dags/groups/group_transforms.py took 0.043 seconds
[2023-11-01T19:50:39.235+0000] {processor.py:154} INFO - Started process (PID=1612) to work on /opt/airflow/dags/groups/group_transforms.py
[2023-11-01T19:50:39.236+0000] {processor.py:756} INFO - Processing file /opt/airflow/dags/groups/group_transforms.py for tasks to queue
[2023-11-01T19:50:39.237+0000] {logging_mixin.py:120} INFO - [2023-11-01T19:50:39.237+0000] {dagbag.py:537} INFO - Filling up the DagBag from /opt/airflow/dags/groups/group_transforms.py
[2023-11-01T19:50:39.269+0000] {processor.py:768} WARNING - No viable dags retrieved from /opt/airflow/dags/groups/group_transforms.py
[2023-11-01T19:50:39.291+0000] {processor.py:176} INFO - Processing /opt/airflow/dags/groups/group_transforms.py took 0.059 seconds
[2023-11-01T19:50:49.616+0000] {processor.py:154} INFO - Started process (PID=1625) to work on /opt/airflow/dags/groups/group_transforms.py
[2023-11-01T19:50:49.617+0000] {processor.py:756} INFO - Processing file /opt/airflow/dags/groups/group_transforms.py for tasks to queue
[2023-11-01T19:50:49.618+0000] {logging_mixin.py:120} INFO - [2023-11-01T19:50:49.618+0000] {dagbag.py:537} INFO - Filling up the DagBag from /opt/airflow/dags/groups/group_transforms.py
[2023-11-01T19:50:49.660+0000] {processor.py:768} WARNING - No viable dags retrieved from /opt/airflow/dags/groups/group_transforms.py
[2023-11-01T19:50:49.674+0000] {processor.py:176} INFO - Processing /opt/airflow/dags/groups/group_transforms.py took 0.061 seconds
[2023-11-01T19:51:20.258+0000] {processor.py:154} INFO - Started process (PID=1650) to work on /opt/airflow/dags/groups/group_transforms.py
[2023-11-01T19:51:20.259+0000] {processor.py:756} INFO - Processing file /opt/airflow/dags/groups/group_transforms.py for tasks to queue
[2023-11-01T19:51:20.260+0000] {logging_mixin.py:120} INFO - [2023-11-01T19:51:20.260+0000] {dagbag.py:537} INFO - Filling up the DagBag from /opt/airflow/dags/groups/group_transforms.py
[2023-11-01T19:51:20.293+0000] {processor.py:768} WARNING - No viable dags retrieved from /opt/airflow/dags/groups/group_transforms.py
[2023-11-01T19:51:20.311+0000] {processor.py:176} INFO - Processing /opt/airflow/dags/groups/group_transforms.py took 0.057 seconds
[2023-11-01T19:51:23.439+0000] {processor.py:154} INFO - Started process (PID=1662) to work on /opt/airflow/dags/groups/group_transforms.py
[2023-11-01T19:51:23.441+0000] {processor.py:756} INFO - Processing file /opt/airflow/dags/groups/group_transforms.py for tasks to queue
[2023-11-01T19:51:23.447+0000] {logging_mixin.py:120} INFO - [2023-11-01T19:51:23.447+0000] {dagbag.py:537} INFO - Filling up the DagBag from /opt/airflow/dags/groups/group_transforms.py
[2023-11-01T19:51:23.515+0000] {processor.py:768} WARNING - No viable dags retrieved from /opt/airflow/dags/groups/group_transforms.py
[2023-11-01T19:51:23.529+0000] {processor.py:176} INFO - Processing /opt/airflow/dags/groups/group_transforms.py took 0.093 seconds
[2023-11-01T19:51:53.786+0000] {processor.py:154} INFO - Started process (PID=1689) to work on /opt/airflow/dags/groups/group_transforms.py
[2023-11-01T19:51:53.787+0000] {processor.py:756} INFO - Processing file /opt/airflow/dags/groups/group_transforms.py for tasks to queue
[2023-11-01T19:51:53.788+0000] {logging_mixin.py:120} INFO - [2023-11-01T19:51:53.787+0000] {dagbag.py:537} INFO - Filling up the DagBag from /opt/airflow/dags/groups/group_transforms.py
[2023-11-01T19:51:53.809+0000] {processor.py:768} WARNING - No viable dags retrieved from /opt/airflow/dags/groups/group_transforms.py
[2023-11-01T19:51:53.823+0000] {processor.py:176} INFO - Processing /opt/airflow/dags/groups/group_transforms.py took 0.040 seconds
[2023-11-01T19:52:23.873+0000] {processor.py:154} INFO - Started process (PID=1725) to work on /opt/airflow/dags/groups/group_transforms.py
[2023-11-01T19:52:23.874+0000] {processor.py:756} INFO - Processing file /opt/airflow/dags/groups/group_transforms.py for tasks to queue
[2023-11-01T19:52:23.875+0000] {logging_mixin.py:120} INFO - [2023-11-01T19:52:23.875+0000] {dagbag.py:537} INFO - Filling up the DagBag from /opt/airflow/dags/groups/group_transforms.py
[2023-11-01T19:52:23.901+0000] {processor.py:768} WARNING - No viable dags retrieved from /opt/airflow/dags/groups/group_transforms.py
[2023-11-01T19:52:23.916+0000] {processor.py:176} INFO - Processing /opt/airflow/dags/groups/group_transforms.py took 0.046 seconds
[2023-11-01T19:52:54.523+0000] {processor.py:154} INFO - Started process (PID=1750) to work on /opt/airflow/dags/groups/group_transforms.py
[2023-11-01T19:52:54.525+0000] {processor.py:756} INFO - Processing file /opt/airflow/dags/groups/group_transforms.py for tasks to queue
[2023-11-01T19:52:54.526+0000] {logging_mixin.py:120} INFO - [2023-11-01T19:52:54.526+0000] {dagbag.py:537} INFO - Filling up the DagBag from /opt/airflow/dags/groups/group_transforms.py
[2023-11-01T19:52:54.552+0000] {processor.py:768} WARNING - No viable dags retrieved from /opt/airflow/dags/groups/group_transforms.py
[2023-11-01T19:52:54.566+0000] {processor.py:176} INFO - Processing /opt/airflow/dags/groups/group_transforms.py took 0.045 seconds
[2023-11-01T19:53:25.237+0000] {processor.py:154} INFO - Started process (PID=1786) to work on /opt/airflow/dags/groups/group_transforms.py
[2023-11-01T19:53:25.238+0000] {processor.py:756} INFO - Processing file /opt/airflow/dags/groups/group_transforms.py for tasks to queue
[2023-11-01T19:53:25.238+0000] {logging_mixin.py:120} INFO - [2023-11-01T19:53:25.238+0000] {dagbag.py:537} INFO - Filling up the DagBag from /opt/airflow/dags/groups/group_transforms.py
[2023-11-01T19:53:25.260+0000] {processor.py:768} WARNING - No viable dags retrieved from /opt/airflow/dags/groups/group_transforms.py
[2023-11-01T19:53:25.274+0000] {processor.py:176} INFO - Processing /opt/airflow/dags/groups/group_transforms.py took 0.040 seconds
[2023-11-01T19:53:56.028+0000] {processor.py:154} INFO - Started process (PID=1821) to work on /opt/airflow/dags/groups/group_transforms.py
[2023-11-01T19:53:56.031+0000] {processor.py:756} INFO - Processing file /opt/airflow/dags/groups/group_transforms.py for tasks to queue
[2023-11-01T19:53:56.038+0000] {logging_mixin.py:120} INFO - [2023-11-01T19:53:56.037+0000] {dagbag.py:537} INFO - Filling up the DagBag from /opt/airflow/dags/groups/group_transforms.py
[2023-11-01T19:53:56.104+0000] {processor.py:768} WARNING - No viable dags retrieved from /opt/airflow/dags/groups/group_transforms.py
[2023-11-01T19:53:56.122+0000] {processor.py:176} INFO - Processing /opt/airflow/dags/groups/group_transforms.py took 0.104 seconds
[2023-11-01T19:54:26.172+0000] {processor.py:154} INFO - Started process (PID=1845) to work on /opt/airflow/dags/groups/group_transforms.py
[2023-11-01T19:54:26.173+0000] {processor.py:756} INFO - Processing file /opt/airflow/dags/groups/group_transforms.py for tasks to queue
[2023-11-01T19:54:26.175+0000] {logging_mixin.py:120} INFO - [2023-11-01T19:54:26.175+0000] {dagbag.py:537} INFO - Filling up the DagBag from /opt/airflow/dags/groups/group_transforms.py
[2023-11-01T19:54:26.197+0000] {processor.py:768} WARNING - No viable dags retrieved from /opt/airflow/dags/groups/group_transforms.py
[2023-11-01T19:54:26.211+0000] {processor.py:176} INFO - Processing /opt/airflow/dags/groups/group_transforms.py took 0.041 seconds
[2023-11-01T19:54:56.663+0000] {processor.py:154} INFO - Started process (PID=1881) to work on /opt/airflow/dags/groups/group_transforms.py
[2023-11-01T19:54:56.667+0000] {processor.py:756} INFO - Processing file /opt/airflow/dags/groups/group_transforms.py for tasks to queue
[2023-11-01T19:54:56.670+0000] {logging_mixin.py:120} INFO - [2023-11-01T19:54:56.670+0000] {dagbag.py:537} INFO - Filling up the DagBag from /opt/airflow/dags/groups/group_transforms.py
[2023-11-01T19:54:56.738+0000] {processor.py:768} WARNING - No viable dags retrieved from /opt/airflow/dags/groups/group_transforms.py
[2023-11-01T19:54:56.776+0000] {processor.py:176} INFO - Processing /opt/airflow/dags/groups/group_transforms.py took 0.117 seconds
[2023-11-01T19:55:27.138+0000] {processor.py:154} INFO - Started process (PID=1908) to work on /opt/airflow/dags/groups/group_transforms.py
[2023-11-01T19:55:27.142+0000] {processor.py:756} INFO - Processing file /opt/airflow/dags/groups/group_transforms.py for tasks to queue
[2023-11-01T19:55:27.143+0000] {logging_mixin.py:120} INFO - [2023-11-01T19:55:27.143+0000] {dagbag.py:537} INFO - Filling up the DagBag from /opt/airflow/dags/groups/group_transforms.py
[2023-11-01T19:55:27.181+0000] {processor.py:768} WARNING - No viable dags retrieved from /opt/airflow/dags/groups/group_transforms.py
[2023-11-01T19:55:27.223+0000] {processor.py:176} INFO - Processing /opt/airflow/dags/groups/group_transforms.py took 0.088 seconds
[2023-11-01T19:55:58.093+0000] {processor.py:154} INFO - Started process (PID=1943) to work on /opt/airflow/dags/groups/group_transforms.py
[2023-11-01T19:55:58.094+0000] {processor.py:756} INFO - Processing file /opt/airflow/dags/groups/group_transforms.py for tasks to queue
[2023-11-01T19:55:58.095+0000] {logging_mixin.py:120} INFO - [2023-11-01T19:55:58.095+0000] {dagbag.py:537} INFO - Filling up the DagBag from /opt/airflow/dags/groups/group_transforms.py
[2023-11-01T19:55:58.135+0000] {processor.py:768} WARNING - No viable dags retrieved from /opt/airflow/dags/groups/group_transforms.py
[2023-11-01T19:55:58.155+0000] {processor.py:176} INFO - Processing /opt/airflow/dags/groups/group_transforms.py took 0.067 seconds
[2023-11-01T19:56:28.284+0000] {processor.py:154} INFO - Started process (PID=1970) to work on /opt/airflow/dags/groups/group_transforms.py
[2023-11-01T19:56:28.286+0000] {processor.py:756} INFO - Processing file /opt/airflow/dags/groups/group_transforms.py for tasks to queue
[2023-11-01T19:56:28.287+0000] {logging_mixin.py:120} INFO - [2023-11-01T19:56:28.286+0000] {dagbag.py:537} INFO - Filling up the DagBag from /opt/airflow/dags/groups/group_transforms.py
[2023-11-01T19:56:28.309+0000] {processor.py:768} WARNING - No viable dags retrieved from /opt/airflow/dags/groups/group_transforms.py
[2023-11-01T19:56:28.323+0000] {processor.py:176} INFO - Processing /opt/airflow/dags/groups/group_transforms.py took 0.042 seconds
[2023-11-01T19:56:58.440+0000] {processor.py:154} INFO - Started process (PID=2005) to work on /opt/airflow/dags/groups/group_transforms.py
[2023-11-01T19:56:58.441+0000] {processor.py:756} INFO - Processing file /opt/airflow/dags/groups/group_transforms.py for tasks to queue
[2023-11-01T19:56:58.442+0000] {logging_mixin.py:120} INFO - [2023-11-01T19:56:58.442+0000] {dagbag.py:537} INFO - Filling up the DagBag from /opt/airflow/dags/groups/group_transforms.py
[2023-11-01T19:56:58.465+0000] {processor.py:768} WARNING - No viable dags retrieved from /opt/airflow/dags/groups/group_transforms.py
[2023-11-01T19:56:58.480+0000] {processor.py:176} INFO - Processing /opt/airflow/dags/groups/group_transforms.py took 0.043 seconds
[2023-11-01T19:57:28.701+0000] {processor.py:154} INFO - Started process (PID=2033) to work on /opt/airflow/dags/groups/group_transforms.py
[2023-11-01T19:57:28.703+0000] {processor.py:756} INFO - Processing file /opt/airflow/dags/groups/group_transforms.py for tasks to queue
[2023-11-01T19:57:28.704+0000] {logging_mixin.py:120} INFO - [2023-11-01T19:57:28.703+0000] {dagbag.py:537} INFO - Filling up the DagBag from /opt/airflow/dags/groups/group_transforms.py
[2023-11-01T19:57:28.727+0000] {processor.py:768} WARNING - No viable dags retrieved from /opt/airflow/dags/groups/group_transforms.py
[2023-11-01T19:57:28.742+0000] {processor.py:176} INFO - Processing /opt/airflow/dags/groups/group_transforms.py took 0.044 seconds
[2023-11-01T19:57:59.393+0000] {processor.py:154} INFO - Started process (PID=2068) to work on /opt/airflow/dags/groups/group_transforms.py
[2023-11-01T19:57:59.396+0000] {processor.py:756} INFO - Processing file /opt/airflow/dags/groups/group_transforms.py for tasks to queue
[2023-11-01T19:57:59.397+0000] {logging_mixin.py:120} INFO - [2023-11-01T19:57:59.397+0000] {dagbag.py:537} INFO - Filling up the DagBag from /opt/airflow/dags/groups/group_transforms.py
[2023-11-01T19:57:59.421+0000] {processor.py:768} WARNING - No viable dags retrieved from /opt/airflow/dags/groups/group_transforms.py
[2023-11-01T19:57:59.435+0000] {processor.py:176} INFO - Processing /opt/airflow/dags/groups/group_transforms.py took 0.045 seconds
[2023-11-01T19:58:29.822+0000] {processor.py:154} INFO - Started process (PID=2096) to work on /opt/airflow/dags/groups/group_transforms.py
[2023-11-01T19:58:29.823+0000] {processor.py:756} INFO - Processing file /opt/airflow/dags/groups/group_transforms.py for tasks to queue
[2023-11-01T19:58:29.824+0000] {logging_mixin.py:120} INFO - [2023-11-01T19:58:29.824+0000] {dagbag.py:537} INFO - Filling up the DagBag from /opt/airflow/dags/groups/group_transforms.py
[2023-11-01T19:58:29.846+0000] {processor.py:768} WARNING - No viable dags retrieved from /opt/airflow/dags/groups/group_transforms.py
[2023-11-01T19:58:29.860+0000] {processor.py:176} INFO - Processing /opt/airflow/dags/groups/group_transforms.py took 0.041 seconds
[2023-11-01T19:58:59.902+0000] {processor.py:154} INFO - Started process (PID=2135) to work on /opt/airflow/dags/groups/group_transforms.py
[2023-11-01T19:58:59.903+0000] {processor.py:756} INFO - Processing file /opt/airflow/dags/groups/group_transforms.py for tasks to queue
[2023-11-01T19:58:59.904+0000] {logging_mixin.py:120} INFO - [2023-11-01T19:58:59.904+0000] {dagbag.py:537} INFO - Filling up the DagBag from /opt/airflow/dags/groups/group_transforms.py
[2023-11-01T19:58:59.930+0000] {processor.py:768} WARNING - No viable dags retrieved from /opt/airflow/dags/groups/group_transforms.py
[2023-11-01T19:58:59.945+0000] {processor.py:176} INFO - Processing /opt/airflow/dags/groups/group_transforms.py took 0.047 seconds
[2023-11-01T19:59:30.414+0000] {processor.py:154} INFO - Started process (PID=2174) to work on /opt/airflow/dags/groups/group_transforms.py
[2023-11-01T19:59:30.416+0000] {processor.py:756} INFO - Processing file /opt/airflow/dags/groups/group_transforms.py for tasks to queue
[2023-11-01T19:59:30.417+0000] {logging_mixin.py:120} INFO - [2023-11-01T19:59:30.417+0000] {dagbag.py:537} INFO - Filling up the DagBag from /opt/airflow/dags/groups/group_transforms.py
[2023-11-01T19:59:30.445+0000] {processor.py:768} WARNING - No viable dags retrieved from /opt/airflow/dags/groups/group_transforms.py
[2023-11-01T19:59:30.463+0000] {processor.py:176} INFO - Processing /opt/airflow/dags/groups/group_transforms.py took 0.052 seconds
[2023-11-01T20:00:00.720+0000] {processor.py:154} INFO - Started process (PID=2201) to work on /opt/airflow/dags/groups/group_transforms.py
[2023-11-01T20:00:00.721+0000] {processor.py:756} INFO - Processing file /opt/airflow/dags/groups/group_transforms.py for tasks to queue
[2023-11-01T20:00:00.721+0000] {logging_mixin.py:120} INFO - [2023-11-01T20:00:00.721+0000] {dagbag.py:537} INFO - Filling up the DagBag from /opt/airflow/dags/groups/group_transforms.py
[2023-11-01T20:00:00.743+0000] {processor.py:768} WARNING - No viable dags retrieved from /opt/airflow/dags/groups/group_transforms.py
[2023-11-01T20:00:00.756+0000] {processor.py:176} INFO - Processing /opt/airflow/dags/groups/group_transforms.py took 0.039 seconds
[2023-11-01T20:00:30.912+0000] {processor.py:154} INFO - Started process (PID=2235) to work on /opt/airflow/dags/groups/group_transforms.py
[2023-11-01T20:00:30.913+0000] {processor.py:756} INFO - Processing file /opt/airflow/dags/groups/group_transforms.py for tasks to queue
[2023-11-01T20:00:30.914+0000] {logging_mixin.py:120} INFO - [2023-11-01T20:00:30.914+0000] {dagbag.py:537} INFO - Filling up the DagBag from /opt/airflow/dags/groups/group_transforms.py
[2023-11-01T20:00:30.937+0000] {processor.py:768} WARNING - No viable dags retrieved from /opt/airflow/dags/groups/group_transforms.py
[2023-11-01T20:00:30.951+0000] {processor.py:176} INFO - Processing /opt/airflow/dags/groups/group_transforms.py took 0.043 seconds
[2023-11-01T20:01:01.123+0000] {processor.py:154} INFO - Started process (PID=2263) to work on /opt/airflow/dags/groups/group_transforms.py
[2023-11-01T20:01:01.125+0000] {processor.py:756} INFO - Processing file /opt/airflow/dags/groups/group_transforms.py for tasks to queue
[2023-11-01T20:01:01.126+0000] {logging_mixin.py:120} INFO - [2023-11-01T20:01:01.126+0000] {dagbag.py:537} INFO - Filling up the DagBag from /opt/airflow/dags/groups/group_transforms.py
[2023-11-01T20:01:01.150+0000] {processor.py:768} WARNING - No viable dags retrieved from /opt/airflow/dags/groups/group_transforms.py
[2023-11-01T20:01:01.167+0000] {processor.py:176} INFO - Processing /opt/airflow/dags/groups/group_transforms.py took 0.048 seconds
[2023-11-01T20:01:31.363+0000] {processor.py:154} INFO - Started process (PID=2300) to work on /opt/airflow/dags/groups/group_transforms.py
[2023-11-01T20:01:31.364+0000] {processor.py:756} INFO - Processing file /opt/airflow/dags/groups/group_transforms.py for tasks to queue
[2023-11-01T20:01:31.365+0000] {logging_mixin.py:120} INFO - [2023-11-01T20:01:31.365+0000] {dagbag.py:537} INFO - Filling up the DagBag from /opt/airflow/dags/groups/group_transforms.py
[2023-11-01T20:01:31.390+0000] {processor.py:768} WARNING - No viable dags retrieved from /opt/airflow/dags/groups/group_transforms.py
[2023-11-01T20:01:31.404+0000] {processor.py:176} INFO - Processing /opt/airflow/dags/groups/group_transforms.py took 0.044 seconds
[2023-11-01T20:02:01.665+0000] {processor.py:154} INFO - Started process (PID=2327) to work on /opt/airflow/dags/groups/group_transforms.py
[2023-11-01T20:02:01.666+0000] {processor.py:756} INFO - Processing file /opt/airflow/dags/groups/group_transforms.py for tasks to queue
[2023-11-01T20:02:01.667+0000] {logging_mixin.py:120} INFO - [2023-11-01T20:02:01.667+0000] {dagbag.py:537} INFO - Filling up the DagBag from /opt/airflow/dags/groups/group_transforms.py
[2023-11-01T20:02:01.690+0000] {processor.py:768} WARNING - No viable dags retrieved from /opt/airflow/dags/groups/group_transforms.py
[2023-11-01T20:02:01.703+0000] {processor.py:176} INFO - Processing /opt/airflow/dags/groups/group_transforms.py took 0.041 seconds
[2023-11-01T20:02:32.022+0000] {processor.py:154} INFO - Started process (PID=2363) to work on /opt/airflow/dags/groups/group_transforms.py
[2023-11-01T20:02:32.023+0000] {processor.py:756} INFO - Processing file /opt/airflow/dags/groups/group_transforms.py for tasks to queue
[2023-11-01T20:02:32.024+0000] {logging_mixin.py:120} INFO - [2023-11-01T20:02:32.024+0000] {dagbag.py:537} INFO - Filling up the DagBag from /opt/airflow/dags/groups/group_transforms.py
[2023-11-01T20:02:32.047+0000] {processor.py:768} WARNING - No viable dags retrieved from /opt/airflow/dags/groups/group_transforms.py
[2023-11-01T20:02:32.061+0000] {processor.py:176} INFO - Processing /opt/airflow/dags/groups/group_transforms.py took 0.042 seconds
[2023-11-01T20:03:02.251+0000] {processor.py:154} INFO - Started process (PID=2392) to work on /opt/airflow/dags/groups/group_transforms.py
[2023-11-01T20:03:02.253+0000] {processor.py:756} INFO - Processing file /opt/airflow/dags/groups/group_transforms.py for tasks to queue
[2023-11-01T20:03:02.254+0000] {logging_mixin.py:120} INFO - [2023-11-01T20:03:02.254+0000] {dagbag.py:537} INFO - Filling up the DagBag from /opt/airflow/dags/groups/group_transforms.py
[2023-11-01T20:03:02.278+0000] {processor.py:768} WARNING - No viable dags retrieved from /opt/airflow/dags/groups/group_transforms.py
[2023-11-01T20:03:02.292+0000] {processor.py:176} INFO - Processing /opt/airflow/dags/groups/group_transforms.py took 0.043 seconds
[2023-11-01T20:03:32.429+0000] {processor.py:154} INFO - Started process (PID=2429) to work on /opt/airflow/dags/groups/group_transforms.py
[2023-11-01T20:03:32.430+0000] {processor.py:756} INFO - Processing file /opt/airflow/dags/groups/group_transforms.py for tasks to queue
[2023-11-01T20:03:32.431+0000] {logging_mixin.py:120} INFO - [2023-11-01T20:03:32.431+0000] {dagbag.py:537} INFO - Filling up the DagBag from /opt/airflow/dags/groups/group_transforms.py
[2023-11-01T20:03:32.483+0000] {processor.py:768} WARNING - No viable dags retrieved from /opt/airflow/dags/groups/group_transforms.py
[2023-11-01T20:03:32.499+0000] {processor.py:176} INFO - Processing /opt/airflow/dags/groups/group_transforms.py took 0.072 seconds
[2023-11-01T20:04:03.006+0000] {processor.py:154} INFO - Started process (PID=2455) to work on /opt/airflow/dags/groups/group_transforms.py
[2023-11-01T20:04:03.007+0000] {processor.py:756} INFO - Processing file /opt/airflow/dags/groups/group_transforms.py for tasks to queue
[2023-11-01T20:04:03.008+0000] {logging_mixin.py:120} INFO - [2023-11-01T20:04:03.008+0000] {dagbag.py:537} INFO - Filling up the DagBag from /opt/airflow/dags/groups/group_transforms.py
[2023-11-01T20:04:03.030+0000] {processor.py:768} WARNING - No viable dags retrieved from /opt/airflow/dags/groups/group_transforms.py
[2023-11-01T20:04:03.045+0000] {processor.py:176} INFO - Processing /opt/airflow/dags/groups/group_transforms.py took 0.042 seconds
[2023-11-01T20:04:34.044+0000] {processor.py:154} INFO - Started process (PID=2493) to work on /opt/airflow/dags/groups/group_transforms.py
[2023-11-01T20:04:34.045+0000] {processor.py:756} INFO - Processing file /opt/airflow/dags/groups/group_transforms.py for tasks to queue
[2023-11-01T20:04:34.046+0000] {logging_mixin.py:120} INFO - [2023-11-01T20:04:34.046+0000] {dagbag.py:537} INFO - Filling up the DagBag from /opt/airflow/dags/groups/group_transforms.py
[2023-11-01T20:04:34.076+0000] {processor.py:768} WARNING - No viable dags retrieved from /opt/airflow/dags/groups/group_transforms.py
[2023-11-01T20:04:34.092+0000] {processor.py:176} INFO - Processing /opt/airflow/dags/groups/group_transforms.py took 0.050 seconds
[2023-11-01T20:05:04.190+0000] {processor.py:154} INFO - Started process (PID=2530) to work on /opt/airflow/dags/groups/group_transforms.py
[2023-11-01T20:05:04.191+0000] {processor.py:756} INFO - Processing file /opt/airflow/dags/groups/group_transforms.py for tasks to queue
[2023-11-01T20:05:04.193+0000] {logging_mixin.py:120} INFO - [2023-11-01T20:05:04.192+0000] {dagbag.py:537} INFO - Filling up the DagBag from /opt/airflow/dags/groups/group_transforms.py
[2023-11-01T20:05:04.224+0000] {processor.py:768} WARNING - No viable dags retrieved from /opt/airflow/dags/groups/group_transforms.py
[2023-11-01T20:05:04.248+0000] {processor.py:176} INFO - Processing /opt/airflow/dags/groups/group_transforms.py took 0.061 seconds
[2023-11-01T20:05:34.304+0000] {processor.py:154} INFO - Started process (PID=2557) to work on /opt/airflow/dags/groups/group_transforms.py
[2023-11-01T20:05:34.305+0000] {processor.py:756} INFO - Processing file /opt/airflow/dags/groups/group_transforms.py for tasks to queue
[2023-11-01T20:05:34.307+0000] {logging_mixin.py:120} INFO - [2023-11-01T20:05:34.306+0000] {dagbag.py:537} INFO - Filling up the DagBag from /opt/airflow/dags/groups/group_transforms.py
[2023-11-01T20:05:34.336+0000] {processor.py:768} WARNING - No viable dags retrieved from /opt/airflow/dags/groups/group_transforms.py
[2023-11-01T20:05:34.353+0000] {processor.py:176} INFO - Processing /opt/airflow/dags/groups/group_transforms.py took 0.051 seconds
[2023-11-01T20:06:04.722+0000] {processor.py:154} INFO - Started process (PID=2593) to work on /opt/airflow/dags/groups/group_transforms.py
[2023-11-01T20:06:04.723+0000] {processor.py:756} INFO - Processing file /opt/airflow/dags/groups/group_transforms.py for tasks to queue
[2023-11-01T20:06:04.724+0000] {logging_mixin.py:120} INFO - [2023-11-01T20:06:04.724+0000] {dagbag.py:537} INFO - Filling up the DagBag from /opt/airflow/dags/groups/group_transforms.py
[2023-11-01T20:06:04.748+0000] {processor.py:768} WARNING - No viable dags retrieved from /opt/airflow/dags/groups/group_transforms.py
[2023-11-01T20:06:04.761+0000] {processor.py:176} INFO - Processing /opt/airflow/dags/groups/group_transforms.py took 0.042 seconds
[2023-11-01T20:06:34.878+0000] {processor.py:154} INFO - Started process (PID=2621) to work on /opt/airflow/dags/groups/group_transforms.py
[2023-11-01T20:06:34.879+0000] {processor.py:756} INFO - Processing file /opt/airflow/dags/groups/group_transforms.py for tasks to queue
[2023-11-01T20:06:34.880+0000] {logging_mixin.py:120} INFO - [2023-11-01T20:06:34.880+0000] {dagbag.py:537} INFO - Filling up the DagBag from /opt/airflow/dags/groups/group_transforms.py
[2023-11-01T20:06:34.904+0000] {processor.py:768} WARNING - No viable dags retrieved from /opt/airflow/dags/groups/group_transforms.py
[2023-11-01T20:06:34.917+0000] {processor.py:176} INFO - Processing /opt/airflow/dags/groups/group_transforms.py took 0.042 seconds
[2023-11-01T20:07:05.110+0000] {processor.py:154} INFO - Started process (PID=2657) to work on /opt/airflow/dags/groups/group_transforms.py
[2023-11-01T20:07:05.111+0000] {processor.py:756} INFO - Processing file /opt/airflow/dags/groups/group_transforms.py for tasks to queue
[2023-11-01T20:07:05.113+0000] {logging_mixin.py:120} INFO - [2023-11-01T20:07:05.113+0000] {dagbag.py:537} INFO - Filling up the DagBag from /opt/airflow/dags/groups/group_transforms.py
[2023-11-01T20:07:05.140+0000] {processor.py:768} WARNING - No viable dags retrieved from /opt/airflow/dags/groups/group_transforms.py
[2023-11-01T20:07:05.155+0000] {processor.py:176} INFO - Processing /opt/airflow/dags/groups/group_transforms.py took 0.048 seconds
[2023-11-01T20:07:35.278+0000] {processor.py:154} INFO - Started process (PID=2686) to work on /opt/airflow/dags/groups/group_transforms.py
[2023-11-01T20:07:35.279+0000] {processor.py:756} INFO - Processing file /opt/airflow/dags/groups/group_transforms.py for tasks to queue
[2023-11-01T20:07:35.280+0000] {logging_mixin.py:120} INFO - [2023-11-01T20:07:35.279+0000] {dagbag.py:537} INFO - Filling up the DagBag from /opt/airflow/dags/groups/group_transforms.py
[2023-11-01T20:07:35.307+0000] {processor.py:768} WARNING - No viable dags retrieved from /opt/airflow/dags/groups/group_transforms.py
[2023-11-01T20:07:35.323+0000] {processor.py:176} INFO - Processing /opt/airflow/dags/groups/group_transforms.py took 0.048 seconds
[2023-11-01T20:08:05.465+0000] {processor.py:154} INFO - Started process (PID=2722) to work on /opt/airflow/dags/groups/group_transforms.py
[2023-11-01T20:08:05.467+0000] {processor.py:756} INFO - Processing file /opt/airflow/dags/groups/group_transforms.py for tasks to queue
[2023-11-01T20:08:05.468+0000] {logging_mixin.py:120} INFO - [2023-11-01T20:08:05.467+0000] {dagbag.py:537} INFO - Filling up the DagBag from /opt/airflow/dags/groups/group_transforms.py
[2023-11-01T20:08:05.495+0000] {processor.py:768} WARNING - No viable dags retrieved from /opt/airflow/dags/groups/group_transforms.py
[2023-11-01T20:08:05.509+0000] {processor.py:176} INFO - Processing /opt/airflow/dags/groups/group_transforms.py took 0.046 seconds
[2023-11-01T20:08:36.112+0000] {processor.py:154} INFO - Started process (PID=2748) to work on /opt/airflow/dags/groups/group_transforms.py
[2023-11-01T20:08:36.114+0000] {processor.py:756} INFO - Processing file /opt/airflow/dags/groups/group_transforms.py for tasks to queue
[2023-11-01T20:08:36.115+0000] {logging_mixin.py:120} INFO - [2023-11-01T20:08:36.115+0000] {dagbag.py:537} INFO - Filling up the DagBag from /opt/airflow/dags/groups/group_transforms.py
[2023-11-01T20:08:36.144+0000] {processor.py:768} WARNING - No viable dags retrieved from /opt/airflow/dags/groups/group_transforms.py
[2023-11-01T20:08:36.162+0000] {processor.py:176} INFO - Processing /opt/airflow/dags/groups/group_transforms.py took 0.054 seconds
[2023-11-01T20:09:06.219+0000] {processor.py:154} INFO - Started process (PID=2782) to work on /opt/airflow/dags/groups/group_transforms.py
[2023-11-01T20:09:06.220+0000] {processor.py:756} INFO - Processing file /opt/airflow/dags/groups/group_transforms.py for tasks to queue
[2023-11-01T20:09:06.221+0000] {logging_mixin.py:120} INFO - [2023-11-01T20:09:06.221+0000] {dagbag.py:537} INFO - Filling up the DagBag from /opt/airflow/dags/groups/group_transforms.py
[2023-11-01T20:09:06.244+0000] {processor.py:768} WARNING - No viable dags retrieved from /opt/airflow/dags/groups/group_transforms.py
[2023-11-01T20:09:06.258+0000] {processor.py:176} INFO - Processing /opt/airflow/dags/groups/group_transforms.py took 0.041 seconds
[2023-11-01T20:09:36.948+0000] {processor.py:154} INFO - Started process (PID=2820) to work on /opt/airflow/dags/groups/group_transforms.py
[2023-11-01T20:09:36.949+0000] {processor.py:756} INFO - Processing file /opt/airflow/dags/groups/group_transforms.py for tasks to queue
[2023-11-01T20:09:36.950+0000] {logging_mixin.py:120} INFO - [2023-11-01T20:09:36.950+0000] {dagbag.py:537} INFO - Filling up the DagBag from /opt/airflow/dags/groups/group_transforms.py
[2023-11-01T20:09:36.972+0000] {processor.py:768} WARNING - No viable dags retrieved from /opt/airflow/dags/groups/group_transforms.py
[2023-11-01T20:09:36.985+0000] {processor.py:176} INFO - Processing /opt/airflow/dags/groups/group_transforms.py took 0.039 seconds
[2023-11-01T20:10:07.231+0000] {processor.py:154} INFO - Started process (PID=2848) to work on /opt/airflow/dags/groups/group_transforms.py
[2023-11-01T20:10:07.232+0000] {processor.py:756} INFO - Processing file /opt/airflow/dags/groups/group_transforms.py for tasks to queue
[2023-11-01T20:10:07.233+0000] {logging_mixin.py:120} INFO - [2023-11-01T20:10:07.233+0000] {dagbag.py:537} INFO - Filling up the DagBag from /opt/airflow/dags/groups/group_transforms.py
[2023-11-01T20:10:07.256+0000] {processor.py:768} WARNING - No viable dags retrieved from /opt/airflow/dags/groups/group_transforms.py
[2023-11-01T20:10:07.273+0000] {processor.py:176} INFO - Processing /opt/airflow/dags/groups/group_transforms.py took 0.045 seconds
[2023-11-01T20:10:37.474+0000] {processor.py:154} INFO - Started process (PID=2885) to work on /opt/airflow/dags/groups/group_transforms.py
[2023-11-01T20:10:37.475+0000] {processor.py:756} INFO - Processing file /opt/airflow/dags/groups/group_transforms.py for tasks to queue
[2023-11-01T20:10:37.476+0000] {logging_mixin.py:120} INFO - [2023-11-01T20:10:37.476+0000] {dagbag.py:537} INFO - Filling up the DagBag from /opt/airflow/dags/groups/group_transforms.py
[2023-11-01T20:10:37.513+0000] {processor.py:768} WARNING - No viable dags retrieved from /opt/airflow/dags/groups/group_transforms.py
[2023-11-01T20:10:37.530+0000] {processor.py:176} INFO - Processing /opt/airflow/dags/groups/group_transforms.py took 0.059 seconds
[2023-11-01T20:11:07.727+0000] {processor.py:154} INFO - Started process (PID=2910) to work on /opt/airflow/dags/groups/group_transforms.py
[2023-11-01T20:11:07.728+0000] {processor.py:756} INFO - Processing file /opt/airflow/dags/groups/group_transforms.py for tasks to queue
[2023-11-01T20:11:07.741+0000] {logging_mixin.py:120} INFO - [2023-11-01T20:11:07.729+0000] {dagbag.py:537} INFO - Filling up the DagBag from /opt/airflow/dags/groups/group_transforms.py
[2023-11-01T20:11:07.787+0000] {processor.py:768} WARNING - No viable dags retrieved from /opt/airflow/dags/groups/group_transforms.py
[2023-11-01T20:11:07.819+0000] {processor.py:176} INFO - Processing /opt/airflow/dags/groups/group_transforms.py took 0.095 seconds
[2023-11-01T20:11:37.951+0000] {processor.py:154} INFO - Started process (PID=2947) to work on /opt/airflow/dags/groups/group_transforms.py
[2023-11-01T20:11:37.952+0000] {processor.py:756} INFO - Processing file /opt/airflow/dags/groups/group_transforms.py for tasks to queue
[2023-11-01T20:11:37.954+0000] {logging_mixin.py:120} INFO - [2023-11-01T20:11:37.954+0000] {dagbag.py:537} INFO - Filling up the DagBag from /opt/airflow/dags/groups/group_transforms.py
[2023-11-01T20:11:37.978+0000] {processor.py:768} WARNING - No viable dags retrieved from /opt/airflow/dags/groups/group_transforms.py
[2023-11-01T20:11:37.991+0000] {processor.py:176} INFO - Processing /opt/airflow/dags/groups/group_transforms.py took 0.042 seconds
[2023-11-01T20:12:08.553+0000] {processor.py:154} INFO - Started process (PID=2974) to work on /opt/airflow/dags/groups/group_transforms.py
[2023-11-01T20:12:08.554+0000] {processor.py:756} INFO - Processing file /opt/airflow/dags/groups/group_transforms.py for tasks to queue
[2023-11-01T20:12:08.556+0000] {logging_mixin.py:120} INFO - [2023-11-01T20:12:08.555+0000] {dagbag.py:537} INFO - Filling up the DagBag from /opt/airflow/dags/groups/group_transforms.py
[2023-11-01T20:12:08.586+0000] {processor.py:768} WARNING - No viable dags retrieved from /opt/airflow/dags/groups/group_transforms.py
[2023-11-01T20:12:08.603+0000] {processor.py:176} INFO - Processing /opt/airflow/dags/groups/group_transforms.py took 0.053 seconds
[2023-11-01T20:12:38.896+0000] {processor.py:154} INFO - Started process (PID=3010) to work on /opt/airflow/dags/groups/group_transforms.py
[2023-11-01T20:12:38.897+0000] {processor.py:756} INFO - Processing file /opt/airflow/dags/groups/group_transforms.py for tasks to queue
[2023-11-01T20:12:38.898+0000] {logging_mixin.py:120} INFO - [2023-11-01T20:12:38.898+0000] {dagbag.py:537} INFO - Filling up the DagBag from /opt/airflow/dags/groups/group_transforms.py
[2023-11-01T20:12:38.920+0000] {processor.py:768} WARNING - No viable dags retrieved from /opt/airflow/dags/groups/group_transforms.py
[2023-11-01T20:12:38.935+0000] {processor.py:176} INFO - Processing /opt/airflow/dags/groups/group_transforms.py took 0.041 seconds
[2023-11-01T20:13:09.079+0000] {processor.py:154} INFO - Started process (PID=3047) to work on /opt/airflow/dags/groups/group_transforms.py
[2023-11-01T20:13:09.080+0000] {processor.py:756} INFO - Processing file /opt/airflow/dags/groups/group_transforms.py for tasks to queue
[2023-11-01T20:13:09.082+0000] {logging_mixin.py:120} INFO - [2023-11-01T20:13:09.082+0000] {dagbag.py:537} INFO - Filling up the DagBag from /opt/airflow/dags/groups/group_transforms.py
[2023-11-01T20:13:09.107+0000] {processor.py:768} WARNING - No viable dags retrieved from /opt/airflow/dags/groups/group_transforms.py
[2023-11-01T20:13:09.123+0000] {processor.py:176} INFO - Processing /opt/airflow/dags/groups/group_transforms.py took 0.047 seconds
[2023-11-01T20:13:39.344+0000] {processor.py:154} INFO - Started process (PID=3074) to work on /opt/airflow/dags/groups/group_transforms.py
[2023-11-01T20:13:39.345+0000] {processor.py:756} INFO - Processing file /opt/airflow/dags/groups/group_transforms.py for tasks to queue
[2023-11-01T20:13:39.346+0000] {logging_mixin.py:120} INFO - [2023-11-01T20:13:39.346+0000] {dagbag.py:537} INFO - Filling up the DagBag from /opt/airflow/dags/groups/group_transforms.py
[2023-11-01T20:13:39.379+0000] {processor.py:768} WARNING - No viable dags retrieved from /opt/airflow/dags/groups/group_transforms.py
[2023-11-01T20:13:39.397+0000] {processor.py:176} INFO - Processing /opt/airflow/dags/groups/group_transforms.py took 0.056 seconds
[2023-11-01T20:14:09.503+0000] {processor.py:154} INFO - Started process (PID=3109) to work on /opt/airflow/dags/groups/group_transforms.py
[2023-11-01T20:14:09.505+0000] {processor.py:756} INFO - Processing file /opt/airflow/dags/groups/group_transforms.py for tasks to queue
[2023-11-01T20:14:09.507+0000] {logging_mixin.py:120} INFO - [2023-11-01T20:14:09.506+0000] {dagbag.py:537} INFO - Filling up the DagBag from /opt/airflow/dags/groups/group_transforms.py
[2023-11-01T20:14:09.611+0000] {processor.py:768} WARNING - No viable dags retrieved from /opt/airflow/dags/groups/group_transforms.py
[2023-11-01T20:14:09.638+0000] {processor.py:176} INFO - Processing /opt/airflow/dags/groups/group_transforms.py took 0.141 seconds
[2023-11-01T20:14:39.762+0000] {processor.py:154} INFO - Started process (PID=3136) to work on /opt/airflow/dags/groups/group_transforms.py
[2023-11-01T20:14:39.763+0000] {processor.py:756} INFO - Processing file /opt/airflow/dags/groups/group_transforms.py for tasks to queue
[2023-11-01T20:14:39.764+0000] {logging_mixin.py:120} INFO - [2023-11-01T20:14:39.764+0000] {dagbag.py:537} INFO - Filling up the DagBag from /opt/airflow/dags/groups/group_transforms.py
[2023-11-01T20:14:39.787+0000] {processor.py:768} WARNING - No viable dags retrieved from /opt/airflow/dags/groups/group_transforms.py
[2023-11-01T20:14:39.800+0000] {processor.py:176} INFO - Processing /opt/airflow/dags/groups/group_transforms.py took 0.041 seconds
[2023-11-01T20:15:10.524+0000] {processor.py:154} INFO - Started process (PID=3171) to work on /opt/airflow/dags/groups/group_transforms.py
[2023-11-01T20:15:10.525+0000] {processor.py:756} INFO - Processing file /opt/airflow/dags/groups/group_transforms.py for tasks to queue
[2023-11-01T20:15:10.526+0000] {logging_mixin.py:120} INFO - [2023-11-01T20:15:10.526+0000] {dagbag.py:537} INFO - Filling up the DagBag from /opt/airflow/dags/groups/group_transforms.py
[2023-11-01T20:15:10.548+0000] {processor.py:768} WARNING - No viable dags retrieved from /opt/airflow/dags/groups/group_transforms.py
[2023-11-01T20:15:10.563+0000] {processor.py:176} INFO - Processing /opt/airflow/dags/groups/group_transforms.py took 0.042 seconds
[2023-11-01T20:15:40.607+0000] {processor.py:154} INFO - Started process (PID=3199) to work on /opt/airflow/dags/groups/group_transforms.py
[2023-11-01T20:15:40.608+0000] {processor.py:756} INFO - Processing file /opt/airflow/dags/groups/group_transforms.py for tasks to queue
[2023-11-01T20:15:40.609+0000] {logging_mixin.py:120} INFO - [2023-11-01T20:15:40.608+0000] {dagbag.py:537} INFO - Filling up the DagBag from /opt/airflow/dags/groups/group_transforms.py
[2023-11-01T20:15:40.634+0000] {processor.py:768} WARNING - No viable dags retrieved from /opt/airflow/dags/groups/group_transforms.py
[2023-11-01T20:15:40.648+0000] {processor.py:176} INFO - Processing /opt/airflow/dags/groups/group_transforms.py took 0.044 seconds
[2023-11-01T20:16:10.712+0000] {processor.py:154} INFO - Started process (PID=3236) to work on /opt/airflow/dags/groups/group_transforms.py
[2023-11-01T20:16:10.713+0000] {processor.py:756} INFO - Processing file /opt/airflow/dags/groups/group_transforms.py for tasks to queue
[2023-11-01T20:16:10.714+0000] {logging_mixin.py:120} INFO - [2023-11-01T20:16:10.714+0000] {dagbag.py:537} INFO - Filling up the DagBag from /opt/airflow/dags/groups/group_transforms.py
[2023-11-01T20:16:10.736+0000] {processor.py:768} WARNING - No viable dags retrieved from /opt/airflow/dags/groups/group_transforms.py
[2023-11-01T20:16:10.749+0000] {processor.py:176} INFO - Processing /opt/airflow/dags/groups/group_transforms.py took 0.040 seconds
[2023-11-01T20:16:41.606+0000] {processor.py:154} INFO - Started process (PID=3262) to work on /opt/airflow/dags/groups/group_transforms.py
[2023-11-01T20:16:41.611+0000] {processor.py:756} INFO - Processing file /opt/airflow/dags/groups/group_transforms.py for tasks to queue
[2023-11-01T20:16:41.613+0000] {logging_mixin.py:120} INFO - [2023-11-01T20:16:41.613+0000] {dagbag.py:537} INFO - Filling up the DagBag from /opt/airflow/dags/groups/group_transforms.py
[2023-11-01T20:16:41.767+0000] {processor.py:768} WARNING - No viable dags retrieved from /opt/airflow/dags/groups/group_transforms.py
[2023-11-01T20:16:41.807+0000] {processor.py:176} INFO - Processing /opt/airflow/dags/groups/group_transforms.py took 0.207 seconds
[2023-11-01T20:17:12.552+0000] {processor.py:154} INFO - Started process (PID=3289) to work on /opt/airflow/dags/groups/group_transforms.py
[2023-11-01T20:17:12.553+0000] {processor.py:756} INFO - Processing file /opt/airflow/dags/groups/group_transforms.py for tasks to queue
[2023-11-01T20:17:12.553+0000] {logging_mixin.py:120} INFO - [2023-11-01T20:17:12.553+0000] {dagbag.py:537} INFO - Filling up the DagBag from /opt/airflow/dags/groups/group_transforms.py
[2023-11-01T20:17:12.577+0000] {processor.py:768} WARNING - No viable dags retrieved from /opt/airflow/dags/groups/group_transforms.py
[2023-11-01T20:17:12.590+0000] {processor.py:176} INFO - Processing /opt/airflow/dags/groups/group_transforms.py took 0.041 seconds
[2023-11-01T20:17:48.680+0000] {processor.py:154} INFO - Started process (PID=3305) to work on /opt/airflow/dags/groups/group_transforms.py
[2023-11-01T20:17:48.681+0000] {processor.py:756} INFO - Processing file /opt/airflow/dags/groups/group_transforms.py for tasks to queue
[2023-11-01T20:17:48.682+0000] {logging_mixin.py:120} INFO - [2023-11-01T20:17:48.682+0000] {dagbag.py:537} INFO - Filling up the DagBag from /opt/airflow/dags/groups/group_transforms.py
[2023-11-01T20:17:48.720+0000] {processor.py:768} WARNING - No viable dags retrieved from /opt/airflow/dags/groups/group_transforms.py
[2023-11-01T20:17:48.739+0000] {processor.py:176} INFO - Processing /opt/airflow/dags/groups/group_transforms.py took 0.063 seconds
[2023-11-01T20:31:39.698+0000] {processor.py:154} INFO - Started process (PID=64) to work on /opt/airflow/dags/groups/group_transforms.py
[2023-11-01T20:31:39.712+0000] {processor.py:756} INFO - Processing file /opt/airflow/dags/groups/group_transforms.py for tasks to queue
[2023-11-01T20:31:39.729+0000] {logging_mixin.py:120} INFO - [2023-11-01T20:31:39.728+0000] {dagbag.py:537} INFO - Filling up the DagBag from /opt/airflow/dags/groups/group_transforms.py
[2023-11-01T20:31:40.035+0000] {processor.py:768} WARNING - No viable dags retrieved from /opt/airflow/dags/groups/group_transforms.py
[2023-11-01T20:31:40.177+0000] {processor.py:176} INFO - Processing /opt/airflow/dags/groups/group_transforms.py took 0.495 seconds
[2023-11-01T20:32:11.402+0000] {processor.py:154} INFO - Started process (PID=91) to work on /opt/airflow/dags/groups/group_transforms.py
[2023-11-01T20:32:11.403+0000] {processor.py:756} INFO - Processing file /opt/airflow/dags/groups/group_transforms.py for tasks to queue
[2023-11-01T20:32:11.405+0000] {logging_mixin.py:120} INFO - [2023-11-01T20:32:11.404+0000] {dagbag.py:537} INFO - Filling up the DagBag from /opt/airflow/dags/groups/group_transforms.py
[2023-11-01T20:32:11.436+0000] {processor.py:768} WARNING - No viable dags retrieved from /opt/airflow/dags/groups/group_transforms.py
[2023-11-01T20:32:11.450+0000] {processor.py:176} INFO - Processing /opt/airflow/dags/groups/group_transforms.py took 0.051 seconds
[2023-11-01T20:32:47.712+0000] {processor.py:154} INFO - Started process (PID=116) to work on /opt/airflow/dags/groups/group_transforms.py
[2023-11-01T20:32:47.714+0000] {processor.py:756} INFO - Processing file /opt/airflow/dags/groups/group_transforms.py for tasks to queue
[2023-11-01T20:32:47.716+0000] {logging_mixin.py:120} INFO - [2023-11-01T20:32:47.716+0000] {dagbag.py:537} INFO - Filling up the DagBag from /opt/airflow/dags/groups/group_transforms.py
