[2023-11-01T19:44:31.347+0000] {processor.py:154} INFO - Started process (PID=1236) to work on /opt/airflow/dags/groups/group_downloads.py
[2023-11-01T19:44:31.348+0000] {processor.py:756} INFO - Processing file /opt/airflow/dags/groups/group_downloads.py for tasks to queue
[2023-11-01T19:44:31.349+0000] {logging_mixin.py:120} INFO - [2023-11-01T19:44:31.349+0000] {dagbag.py:537} INFO - Filling up the DagBag from /opt/airflow/dags/groups/group_downloads.py
[2023-11-01T19:44:31.400+0000] {processor.py:768} WARNING - No viable dags retrieved from /opt/airflow/dags/groups/group_downloads.py
[2023-11-01T19:44:31.415+0000] {processor.py:176} INFO - Processing /opt/airflow/dags/groups/group_downloads.py took 0.071 seconds
[2023-11-01T19:45:02.231+0000] {processor.py:154} INFO - Started process (PID=1262) to work on /opt/airflow/dags/groups/group_downloads.py
[2023-11-01T19:45:02.232+0000] {processor.py:756} INFO - Processing file /opt/airflow/dags/groups/group_downloads.py for tasks to queue
[2023-11-01T19:45:02.233+0000] {logging_mixin.py:120} INFO - [2023-11-01T19:45:02.233+0000] {dagbag.py:537} INFO - Filling up the DagBag from /opt/airflow/dags/groups/group_downloads.py
[2023-11-01T19:45:02.267+0000] {processor.py:768} WARNING - No viable dags retrieved from /opt/airflow/dags/groups/group_downloads.py
[2023-11-01T19:45:02.285+0000] {processor.py:176} INFO - Processing /opt/airflow/dags/groups/group_downloads.py took 0.057 seconds
[2023-11-01T19:45:32.875+0000] {processor.py:154} INFO - Started process (PID=1297) to work on /opt/airflow/dags/groups/group_downloads.py
[2023-11-01T19:45:32.877+0000] {processor.py:756} INFO - Processing file /opt/airflow/dags/groups/group_downloads.py for tasks to queue
[2023-11-01T19:45:32.879+0000] {logging_mixin.py:120} INFO - [2023-11-01T19:45:32.878+0000] {dagbag.py:537} INFO - Filling up the DagBag from /opt/airflow/dags/groups/group_downloads.py
[2023-11-01T19:45:32.908+0000] {processor.py:768} WARNING - No viable dags retrieved from /opt/airflow/dags/groups/group_downloads.py
[2023-11-01T19:45:32.925+0000] {processor.py:176} INFO - Processing /opt/airflow/dags/groups/group_downloads.py took 0.053 seconds
[2023-11-01T19:46:03.573+0000] {processor.py:154} INFO - Started process (PID=1330) to work on /opt/airflow/dags/groups/group_downloads.py
[2023-11-01T19:46:03.574+0000] {processor.py:756} INFO - Processing file /opt/airflow/dags/groups/group_downloads.py for tasks to queue
[2023-11-01T19:46:03.576+0000] {logging_mixin.py:120} INFO - [2023-11-01T19:46:03.575+0000] {dagbag.py:537} INFO - Filling up the DagBag from /opt/airflow/dags/groups/group_downloads.py
[2023-11-01T19:46:03.630+0000] {processor.py:768} WARNING - No viable dags retrieved from /opt/airflow/dags/groups/group_downloads.py
[2023-11-01T19:46:03.651+0000] {processor.py:176} INFO - Processing /opt/airflow/dags/groups/group_downloads.py took 0.080 seconds
[2023-11-01T19:46:34.419+0000] {processor.py:154} INFO - Started process (PID=1357) to work on /opt/airflow/dags/groups/group_downloads.py
[2023-11-01T19:46:34.421+0000] {processor.py:756} INFO - Processing file /opt/airflow/dags/groups/group_downloads.py for tasks to queue
[2023-11-01T19:46:34.422+0000] {logging_mixin.py:120} INFO - [2023-11-01T19:46:34.422+0000] {dagbag.py:537} INFO - Filling up the DagBag from /opt/airflow/dags/groups/group_downloads.py
[2023-11-01T19:46:34.457+0000] {processor.py:768} WARNING - No viable dags retrieved from /opt/airflow/dags/groups/group_downloads.py
[2023-11-01T19:46:34.473+0000] {processor.py:176} INFO - Processing /opt/airflow/dags/groups/group_downloads.py took 0.056 seconds
[2023-11-01T19:47:04.979+0000] {processor.py:154} INFO - Started process (PID=1394) to work on /opt/airflow/dags/groups/group_downloads.py
[2023-11-01T19:47:04.981+0000] {processor.py:756} INFO - Processing file /opt/airflow/dags/groups/group_downloads.py for tasks to queue
[2023-11-01T19:47:04.982+0000] {logging_mixin.py:120} INFO - [2023-11-01T19:47:04.982+0000] {dagbag.py:537} INFO - Filling up the DagBag from /opt/airflow/dags/groups/group_downloads.py
[2023-11-01T19:47:05.024+0000] {processor.py:768} WARNING - No viable dags retrieved from /opt/airflow/dags/groups/group_downloads.py
[2023-11-01T19:47:05.047+0000] {processor.py:176} INFO - Processing /opt/airflow/dags/groups/group_downloads.py took 0.071 seconds
[2023-11-01T19:47:35.840+0000] {processor.py:154} INFO - Started process (PID=1428) to work on /opt/airflow/dags/groups/group_downloads.py
[2023-11-01T19:47:35.845+0000] {processor.py:756} INFO - Processing file /opt/airflow/dags/groups/group_downloads.py for tasks to queue
[2023-11-01T19:47:35.847+0000] {logging_mixin.py:120} INFO - [2023-11-01T19:47:35.847+0000] {dagbag.py:537} INFO - Filling up the DagBag from /opt/airflow/dags/groups/group_downloads.py
[2023-11-01T19:47:35.887+0000] {processor.py:768} WARNING - No viable dags retrieved from /opt/airflow/dags/groups/group_downloads.py
[2023-11-01T19:47:35.917+0000] {processor.py:176} INFO - Processing /opt/airflow/dags/groups/group_downloads.py took 0.079 seconds
[2023-11-01T19:48:06.082+0000] {processor.py:154} INFO - Started process (PID=1453) to work on /opt/airflow/dags/groups/group_downloads.py
[2023-11-01T19:48:06.083+0000] {processor.py:756} INFO - Processing file /opt/airflow/dags/groups/group_downloads.py for tasks to queue
[2023-11-01T19:48:06.085+0000] {logging_mixin.py:120} INFO - [2023-11-01T19:48:06.085+0000] {dagbag.py:537} INFO - Filling up the DagBag from /opt/airflow/dags/groups/group_downloads.py
[2023-11-01T19:48:06.120+0000] {processor.py:768} WARNING - No viable dags retrieved from /opt/airflow/dags/groups/group_downloads.py
[2023-11-01T19:48:06.136+0000] {processor.py:176} INFO - Processing /opt/airflow/dags/groups/group_downloads.py took 0.057 seconds
[2023-11-01T19:48:24.469+0000] {processor.py:154} INFO - Started process (PID=1476) to work on /opt/airflow/dags/groups/group_downloads.py
[2023-11-01T19:48:24.471+0000] {processor.py:756} INFO - Processing file /opt/airflow/dags/groups/group_downloads.py for tasks to queue
[2023-11-01T19:48:24.472+0000] {logging_mixin.py:120} INFO - [2023-11-01T19:48:24.472+0000] {dagbag.py:537} INFO - Filling up the DagBag from /opt/airflow/dags/groups/group_downloads.py
[2023-11-01T19:48:24.529+0000] {processor.py:768} WARNING - No viable dags retrieved from /opt/airflow/dags/groups/group_downloads.py
[2023-11-01T19:48:24.543+0000] {processor.py:176} INFO - Processing /opt/airflow/dags/groups/group_downloads.py took 0.079 seconds
[2023-11-01T19:48:55.148+0000] {processor.py:154} INFO - Started process (PID=1501) to work on /opt/airflow/dags/groups/group_downloads.py
[2023-11-01T19:48:55.149+0000] {processor.py:756} INFO - Processing file /opt/airflow/dags/groups/group_downloads.py for tasks to queue
[2023-11-01T19:48:55.150+0000] {logging_mixin.py:120} INFO - [2023-11-01T19:48:55.150+0000] {dagbag.py:537} INFO - Filling up the DagBag from /opt/airflow/dags/groups/group_downloads.py
[2023-11-01T19:48:55.175+0000] {processor.py:768} WARNING - No viable dags retrieved from /opt/airflow/dags/groups/group_downloads.py
[2023-11-01T19:48:55.189+0000] {processor.py:176} INFO - Processing /opt/airflow/dags/groups/group_downloads.py took 0.043 seconds
[2023-11-01T19:49:26.003+0000] {processor.py:154} INFO - Started process (PID=1537) to work on /opt/airflow/dags/groups/group_downloads.py
[2023-11-01T19:49:26.004+0000] {processor.py:756} INFO - Processing file /opt/airflow/dags/groups/group_downloads.py for tasks to queue
[2023-11-01T19:49:26.005+0000] {logging_mixin.py:120} INFO - [2023-11-01T19:49:26.005+0000] {dagbag.py:537} INFO - Filling up the DagBag from /opt/airflow/dags/groups/group_downloads.py
[2023-11-01T19:49:26.026+0000] {processor.py:768} WARNING - No viable dags retrieved from /opt/airflow/dags/groups/group_downloads.py
[2023-11-01T19:49:26.039+0000] {processor.py:176} INFO - Processing /opt/airflow/dags/groups/group_downloads.py took 0.038 seconds
[2023-11-01T19:49:56.594+0000] {processor.py:154} INFO - Started process (PID=1563) to work on /opt/airflow/dags/groups/group_downloads.py
[2023-11-01T19:49:56.595+0000] {processor.py:756} INFO - Processing file /opt/airflow/dags/groups/group_downloads.py for tasks to queue
[2023-11-01T19:49:56.596+0000] {logging_mixin.py:120} INFO - [2023-11-01T19:49:56.595+0000] {dagbag.py:537} INFO - Filling up the DagBag from /opt/airflow/dags/groups/group_downloads.py
[2023-11-01T19:49:56.622+0000] {processor.py:768} WARNING - No viable dags retrieved from /opt/airflow/dags/groups/group_downloads.py
[2023-11-01T19:49:56.636+0000] {processor.py:176} INFO - Processing /opt/airflow/dags/groups/group_downloads.py took 0.044 seconds
[2023-11-01T19:50:27.475+0000] {processor.py:154} INFO - Started process (PID=1599) to work on /opt/airflow/dags/groups/group_downloads.py
[2023-11-01T19:50:27.476+0000] {processor.py:756} INFO - Processing file /opt/airflow/dags/groups/group_downloads.py for tasks to queue
[2023-11-01T19:50:27.476+0000] {logging_mixin.py:120} INFO - [2023-11-01T19:50:27.476+0000] {dagbag.py:537} INFO - Filling up the DagBag from /opt/airflow/dags/groups/group_downloads.py
[2023-11-01T19:50:27.502+0000] {processor.py:768} WARNING - No viable dags retrieved from /opt/airflow/dags/groups/group_downloads.py
[2023-11-01T19:50:27.517+0000] {processor.py:176} INFO - Processing /opt/airflow/dags/groups/group_downloads.py took 0.044 seconds
[2023-11-01T19:50:57.740+0000] {processor.py:154} INFO - Started process (PID=1633) to work on /opt/airflow/dags/groups/group_downloads.py
[2023-11-01T19:50:57.741+0000] {processor.py:756} INFO - Processing file /opt/airflow/dags/groups/group_downloads.py for tasks to queue
[2023-11-01T19:50:57.743+0000] {logging_mixin.py:120} INFO - [2023-11-01T19:50:57.742+0000] {dagbag.py:537} INFO - Filling up the DagBag from /opt/airflow/dags/groups/group_downloads.py
[2023-11-01T19:50:57.768+0000] {processor.py:768} WARNING - No viable dags retrieved from /opt/airflow/dags/groups/group_downloads.py
[2023-11-01T19:50:57.785+0000] {processor.py:176} INFO - Processing /opt/airflow/dags/groups/group_downloads.py took 0.048 seconds
[2023-11-01T19:51:27.919+0000] {processor.py:154} INFO - Started process (PID=1664) to work on /opt/airflow/dags/groups/group_downloads.py
[2023-11-01T19:51:27.935+0000] {processor.py:756} INFO - Processing file /opt/airflow/dags/groups/group_downloads.py for tasks to queue
[2023-11-01T19:51:27.937+0000] {logging_mixin.py:120} INFO - [2023-11-01T19:51:27.936+0000] {dagbag.py:537} INFO - Filling up the DagBag from /opt/airflow/dags/groups/group_downloads.py
[2023-11-01T19:51:27.971+0000] {processor.py:768} WARNING - No viable dags retrieved from /opt/airflow/dags/groups/group_downloads.py
[2023-11-01T19:51:27.986+0000] {processor.py:176} INFO - Processing /opt/airflow/dags/groups/group_downloads.py took 0.070 seconds
[2023-11-01T19:51:58.127+0000] {processor.py:154} INFO - Started process (PID=1701) to work on /opt/airflow/dags/groups/group_downloads.py
[2023-11-01T19:51:58.128+0000] {processor.py:756} INFO - Processing file /opt/airflow/dags/groups/group_downloads.py for tasks to queue
[2023-11-01T19:51:58.129+0000] {logging_mixin.py:120} INFO - [2023-11-01T19:51:58.129+0000] {dagbag.py:537} INFO - Filling up the DagBag from /opt/airflow/dags/groups/group_downloads.py
[2023-11-01T19:51:58.164+0000] {processor.py:768} WARNING - No viable dags retrieved from /opt/airflow/dags/groups/group_downloads.py
[2023-11-01T19:51:58.239+0000] {processor.py:176} INFO - Processing /opt/airflow/dags/groups/group_downloads.py took 0.116 seconds
[2023-11-01T19:52:29.043+0000] {processor.py:154} INFO - Started process (PID=1727) to work on /opt/airflow/dags/groups/group_downloads.py
[2023-11-01T19:52:29.046+0000] {processor.py:756} INFO - Processing file /opt/airflow/dags/groups/group_downloads.py for tasks to queue
[2023-11-01T19:52:29.047+0000] {logging_mixin.py:120} INFO - [2023-11-01T19:52:29.047+0000] {dagbag.py:537} INFO - Filling up the DagBag from /opt/airflow/dags/groups/group_downloads.py
[2023-11-01T19:52:29.072+0000] {processor.py:768} WARNING - No viable dags retrieved from /opt/airflow/dags/groups/group_downloads.py
[2023-11-01T19:52:29.085+0000] {processor.py:176} INFO - Processing /opt/airflow/dags/groups/group_downloads.py took 0.046 seconds
[2023-11-01T19:52:59.735+0000] {processor.py:154} INFO - Started process (PID=1761) to work on /opt/airflow/dags/groups/group_downloads.py
[2023-11-01T19:52:59.736+0000] {processor.py:756} INFO - Processing file /opt/airflow/dags/groups/group_downloads.py for tasks to queue
[2023-11-01T19:52:59.737+0000] {logging_mixin.py:120} INFO - [2023-11-01T19:52:59.737+0000] {dagbag.py:537} INFO - Filling up the DagBag from /opt/airflow/dags/groups/group_downloads.py
[2023-11-01T19:52:59.764+0000] {processor.py:768} WARNING - No viable dags retrieved from /opt/airflow/dags/groups/group_downloads.py
[2023-11-01T19:52:59.780+0000] {processor.py:176} INFO - Processing /opt/airflow/dags/groups/group_downloads.py took 0.047 seconds
[2023-11-01T19:53:30.395+0000] {processor.py:154} INFO - Started process (PID=1788) to work on /opt/airflow/dags/groups/group_downloads.py
[2023-11-01T19:53:30.396+0000] {processor.py:756} INFO - Processing file /opt/airflow/dags/groups/group_downloads.py for tasks to queue
[2023-11-01T19:53:30.397+0000] {logging_mixin.py:120} INFO - [2023-11-01T19:53:30.397+0000] {dagbag.py:537} INFO - Filling up the DagBag from /opt/airflow/dags/groups/group_downloads.py
[2023-11-01T19:53:30.420+0000] {processor.py:768} WARNING - No viable dags retrieved from /opt/airflow/dags/groups/group_downloads.py
[2023-11-01T19:53:30.434+0000] {processor.py:176} INFO - Processing /opt/airflow/dags/groups/group_downloads.py took 0.042 seconds
[2023-11-01T19:54:01.304+0000] {processor.py:154} INFO - Started process (PID=1823) to work on /opt/airflow/dags/groups/group_downloads.py
[2023-11-01T19:54:01.305+0000] {processor.py:756} INFO - Processing file /opt/airflow/dags/groups/group_downloads.py for tasks to queue
[2023-11-01T19:54:01.306+0000] {logging_mixin.py:120} INFO - [2023-11-01T19:54:01.306+0000] {dagbag.py:537} INFO - Filling up the DagBag from /opt/airflow/dags/groups/group_downloads.py
[2023-11-01T19:54:01.331+0000] {processor.py:768} WARNING - No viable dags retrieved from /opt/airflow/dags/groups/group_downloads.py
[2023-11-01T19:54:01.346+0000] {processor.py:176} INFO - Processing /opt/airflow/dags/groups/group_downloads.py took 0.044 seconds
[2023-11-01T19:54:31.737+0000] {processor.py:154} INFO - Started process (PID=1858) to work on /opt/airflow/dags/groups/group_downloads.py
[2023-11-01T19:54:31.739+0000] {processor.py:756} INFO - Processing file /opt/airflow/dags/groups/group_downloads.py for tasks to queue
[2023-11-01T19:54:31.744+0000] {logging_mixin.py:120} INFO - [2023-11-01T19:54:31.744+0000] {dagbag.py:537} INFO - Filling up the DagBag from /opt/airflow/dags/groups/group_downloads.py
[2023-11-01T19:54:31.806+0000] {processor.py:768} WARNING - No viable dags retrieved from /opt/airflow/dags/groups/group_downloads.py
[2023-11-01T19:54:31.829+0000] {processor.py:176} INFO - Processing /opt/airflow/dags/groups/group_downloads.py took 0.098 seconds
[2023-11-01T19:55:02.026+0000] {processor.py:154} INFO - Started process (PID=1885) to work on /opt/airflow/dags/groups/group_downloads.py
[2023-11-01T19:55:02.027+0000] {processor.py:756} INFO - Processing file /opt/airflow/dags/groups/group_downloads.py for tasks to queue
[2023-11-01T19:55:02.029+0000] {logging_mixin.py:120} INFO - [2023-11-01T19:55:02.029+0000] {dagbag.py:537} INFO - Filling up the DagBag from /opt/airflow/dags/groups/group_downloads.py
[2023-11-01T19:55:02.060+0000] {processor.py:768} WARNING - No viable dags retrieved from /opt/airflow/dags/groups/group_downloads.py
[2023-11-01T19:55:02.110+0000] {processor.py:176} INFO - Processing /opt/airflow/dags/groups/group_downloads.py took 0.087 seconds
[2023-11-01T19:55:32.368+0000] {processor.py:154} INFO - Started process (PID=1921) to work on /opt/airflow/dags/groups/group_downloads.py
[2023-11-01T19:55:32.369+0000] {processor.py:756} INFO - Processing file /opt/airflow/dags/groups/group_downloads.py for tasks to queue
[2023-11-01T19:55:32.370+0000] {logging_mixin.py:120} INFO - [2023-11-01T19:55:32.370+0000] {dagbag.py:537} INFO - Filling up the DagBag from /opt/airflow/dags/groups/group_downloads.py
[2023-11-01T19:55:32.407+0000] {processor.py:768} WARNING - No viable dags retrieved from /opt/airflow/dags/groups/group_downloads.py
[2023-11-01T19:55:32.422+0000] {processor.py:176} INFO - Processing /opt/airflow/dags/groups/group_downloads.py took 0.057 seconds
[2023-11-01T19:56:02.476+0000] {processor.py:154} INFO - Started process (PID=1947) to work on /opt/airflow/dags/groups/group_downloads.py
[2023-11-01T19:56:02.477+0000] {processor.py:756} INFO - Processing file /opt/airflow/dags/groups/group_downloads.py for tasks to queue
[2023-11-01T19:56:02.478+0000] {logging_mixin.py:120} INFO - [2023-11-01T19:56:02.478+0000] {dagbag.py:537} INFO - Filling up the DagBag from /opt/airflow/dags/groups/group_downloads.py
[2023-11-01T19:56:02.507+0000] {processor.py:768} WARNING - No viable dags retrieved from /opt/airflow/dags/groups/group_downloads.py
[2023-11-01T19:56:02.525+0000] {processor.py:176} INFO - Processing /opt/airflow/dags/groups/group_downloads.py took 0.052 seconds
[2023-11-01T19:56:32.568+0000] {processor.py:154} INFO - Started process (PID=1983) to work on /opt/airflow/dags/groups/group_downloads.py
[2023-11-01T19:56:32.569+0000] {processor.py:756} INFO - Processing file /opt/airflow/dags/groups/group_downloads.py for tasks to queue
[2023-11-01T19:56:32.570+0000] {logging_mixin.py:120} INFO - [2023-11-01T19:56:32.570+0000] {dagbag.py:537} INFO - Filling up the DagBag from /opt/airflow/dags/groups/group_downloads.py
[2023-11-01T19:56:32.607+0000] {processor.py:768} WARNING - No viable dags retrieved from /opt/airflow/dags/groups/group_downloads.py
[2023-11-01T19:56:32.629+0000] {processor.py:176} INFO - Processing /opt/airflow/dags/groups/group_downloads.py took 0.063 seconds
[2023-11-01T19:57:02.835+0000] {processor.py:154} INFO - Started process (PID=2009) to work on /opt/airflow/dags/groups/group_downloads.py
[2023-11-01T19:57:02.837+0000] {processor.py:756} INFO - Processing file /opt/airflow/dags/groups/group_downloads.py for tasks to queue
[2023-11-01T19:57:02.838+0000] {logging_mixin.py:120} INFO - [2023-11-01T19:57:02.838+0000] {dagbag.py:537} INFO - Filling up the DagBag from /opt/airflow/dags/groups/group_downloads.py
[2023-11-01T19:57:02.865+0000] {processor.py:768} WARNING - No viable dags retrieved from /opt/airflow/dags/groups/group_downloads.py
[2023-11-01T19:57:02.880+0000] {processor.py:176} INFO - Processing /opt/airflow/dags/groups/group_downloads.py took 0.048 seconds
[2023-11-01T19:57:33.235+0000] {processor.py:154} INFO - Started process (PID=2043) to work on /opt/airflow/dags/groups/group_downloads.py
[2023-11-01T19:57:33.240+0000] {processor.py:756} INFO - Processing file /opt/airflow/dags/groups/group_downloads.py for tasks to queue
[2023-11-01T19:57:33.245+0000] {logging_mixin.py:120} INFO - [2023-11-01T19:57:33.245+0000] {dagbag.py:537} INFO - Filling up the DagBag from /opt/airflow/dags/groups/group_downloads.py
[2023-11-01T19:57:33.271+0000] {processor.py:768} WARNING - No viable dags retrieved from /opt/airflow/dags/groups/group_downloads.py
[2023-11-01T19:57:33.284+0000] {processor.py:176} INFO - Processing /opt/airflow/dags/groups/group_downloads.py took 0.052 seconds
[2023-11-01T19:58:03.465+0000] {processor.py:154} INFO - Started process (PID=2070) to work on /opt/airflow/dags/groups/group_downloads.py
[2023-11-01T19:58:03.466+0000] {processor.py:756} INFO - Processing file /opt/airflow/dags/groups/group_downloads.py for tasks to queue
[2023-11-01T19:58:03.467+0000] {logging_mixin.py:120} INFO - [2023-11-01T19:58:03.467+0000] {dagbag.py:537} INFO - Filling up the DagBag from /opt/airflow/dags/groups/group_downloads.py
[2023-11-01T19:58:03.500+0000] {processor.py:768} WARNING - No viable dags retrieved from /opt/airflow/dags/groups/group_downloads.py
[2023-11-01T19:58:03.529+0000] {processor.py:176} INFO - Processing /opt/airflow/dags/groups/group_downloads.py took 0.067 seconds
[2023-11-01T19:58:33.936+0000] {processor.py:154} INFO - Started process (PID=2108) to work on /opt/airflow/dags/groups/group_downloads.py
[2023-11-01T19:58:33.938+0000] {processor.py:756} INFO - Processing file /opt/airflow/dags/groups/group_downloads.py for tasks to queue
[2023-11-01T19:58:33.939+0000] {logging_mixin.py:120} INFO - [2023-11-01T19:58:33.939+0000] {dagbag.py:537} INFO - Filling up the DagBag from /opt/airflow/dags/groups/group_downloads.py
[2023-11-01T19:58:33.984+0000] {processor.py:768} WARNING - No viable dags retrieved from /opt/airflow/dags/groups/group_downloads.py
[2023-11-01T19:58:34.005+0000] {processor.py:176} INFO - Processing /opt/airflow/dags/groups/group_downloads.py took 0.072 seconds
[2023-11-01T19:59:04.107+0000] {processor.py:154} INFO - Started process (PID=2136) to work on /opt/airflow/dags/groups/group_downloads.py
[2023-11-01T19:59:04.109+0000] {processor.py:756} INFO - Processing file /opt/airflow/dags/groups/group_downloads.py for tasks to queue
[2023-11-01T19:59:04.110+0000] {logging_mixin.py:120} INFO - [2023-11-01T19:59:04.109+0000] {dagbag.py:537} INFO - Filling up the DagBag from /opt/airflow/dags/groups/group_downloads.py
[2023-11-01T19:59:04.137+0000] {processor.py:768} WARNING - No viable dags retrieved from /opt/airflow/dags/groups/group_downloads.py
[2023-11-01T19:59:04.153+0000] {processor.py:176} INFO - Processing /opt/airflow/dags/groups/group_downloads.py took 0.049 seconds
[2023-11-01T19:59:34.514+0000] {processor.py:154} INFO - Started process (PID=2175) to work on /opt/airflow/dags/groups/group_downloads.py
[2023-11-01T19:59:34.515+0000] {processor.py:756} INFO - Processing file /opt/airflow/dags/groups/group_downloads.py for tasks to queue
[2023-11-01T19:59:34.517+0000] {logging_mixin.py:120} INFO - [2023-11-01T19:59:34.516+0000] {dagbag.py:537} INFO - Filling up the DagBag from /opt/airflow/dags/groups/group_downloads.py
[2023-11-01T19:59:34.545+0000] {processor.py:768} WARNING - No viable dags retrieved from /opt/airflow/dags/groups/group_downloads.py
[2023-11-01T19:59:34.560+0000] {processor.py:176} INFO - Processing /opt/airflow/dags/groups/group_downloads.py took 0.049 seconds
[2023-11-01T20:00:04.800+0000] {processor.py:154} INFO - Started process (PID=2202) to work on /opt/airflow/dags/groups/group_downloads.py
[2023-11-01T20:00:04.801+0000] {processor.py:756} INFO - Processing file /opt/airflow/dags/groups/group_downloads.py for tasks to queue
[2023-11-01T20:00:04.802+0000] {logging_mixin.py:120} INFO - [2023-11-01T20:00:04.802+0000] {dagbag.py:537} INFO - Filling up the DagBag from /opt/airflow/dags/groups/group_downloads.py
[2023-11-01T20:00:04.825+0000] {processor.py:768} WARNING - No viable dags retrieved from /opt/airflow/dags/groups/group_downloads.py
[2023-11-01T20:00:04.842+0000] {processor.py:176} INFO - Processing /opt/airflow/dags/groups/group_downloads.py took 0.047 seconds
[2023-11-01T20:00:34.981+0000] {processor.py:154} INFO - Started process (PID=2236) to work on /opt/airflow/dags/groups/group_downloads.py
[2023-11-01T20:00:34.982+0000] {processor.py:756} INFO - Processing file /opt/airflow/dags/groups/group_downloads.py for tasks to queue
[2023-11-01T20:00:34.983+0000] {logging_mixin.py:120} INFO - [2023-11-01T20:00:34.982+0000] {dagbag.py:537} INFO - Filling up the DagBag from /opt/airflow/dags/groups/group_downloads.py
[2023-11-01T20:00:35.025+0000] {processor.py:768} WARNING - No viable dags retrieved from /opt/airflow/dags/groups/group_downloads.py
[2023-11-01T20:00:35.043+0000] {processor.py:176} INFO - Processing /opt/airflow/dags/groups/group_downloads.py took 0.065 seconds
[2023-11-01T20:01:05.216+0000] {processor.py:154} INFO - Started process (PID=2273) to work on /opt/airflow/dags/groups/group_downloads.py
[2023-11-01T20:01:05.219+0000] {processor.py:756} INFO - Processing file /opt/airflow/dags/groups/group_downloads.py for tasks to queue
[2023-11-01T20:01:05.220+0000] {logging_mixin.py:120} INFO - [2023-11-01T20:01:05.220+0000] {dagbag.py:537} INFO - Filling up the DagBag from /opt/airflow/dags/groups/group_downloads.py
[2023-11-01T20:01:05.260+0000] {processor.py:768} WARNING - No viable dags retrieved from /opt/airflow/dags/groups/group_downloads.py
[2023-11-01T20:01:05.277+0000] {processor.py:176} INFO - Processing /opt/airflow/dags/groups/group_downloads.py took 0.064 seconds
[2023-11-01T20:01:35.452+0000] {processor.py:154} INFO - Started process (PID=2301) to work on /opt/airflow/dags/groups/group_downloads.py
[2023-11-01T20:01:35.453+0000] {processor.py:756} INFO - Processing file /opt/airflow/dags/groups/group_downloads.py for tasks to queue
[2023-11-01T20:01:35.454+0000] {logging_mixin.py:120} INFO - [2023-11-01T20:01:35.454+0000] {dagbag.py:537} INFO - Filling up the DagBag from /opt/airflow/dags/groups/group_downloads.py
[2023-11-01T20:01:35.475+0000] {processor.py:768} WARNING - No viable dags retrieved from /opt/airflow/dags/groups/group_downloads.py
[2023-11-01T20:01:35.491+0000] {processor.py:176} INFO - Processing /opt/airflow/dags/groups/group_downloads.py took 0.042 seconds
[2023-11-01T20:02:05.741+0000] {processor.py:154} INFO - Started process (PID=2337) to work on /opt/airflow/dags/groups/group_downloads.py
[2023-11-01T20:02:05.742+0000] {processor.py:756} INFO - Processing file /opt/airflow/dags/groups/group_downloads.py for tasks to queue
[2023-11-01T20:02:05.743+0000] {logging_mixin.py:120} INFO - [2023-11-01T20:02:05.743+0000] {dagbag.py:537} INFO - Filling up the DagBag from /opt/airflow/dags/groups/group_downloads.py
[2023-11-01T20:02:05.764+0000] {processor.py:768} WARNING - No viable dags retrieved from /opt/airflow/dags/groups/group_downloads.py
[2023-11-01T20:02:05.780+0000] {processor.py:176} INFO - Processing /opt/airflow/dags/groups/group_downloads.py took 0.042 seconds
[2023-11-01T20:02:36.113+0000] {processor.py:154} INFO - Started process (PID=2364) to work on /opt/airflow/dags/groups/group_downloads.py
[2023-11-01T20:02:36.114+0000] {processor.py:756} INFO - Processing file /opt/airflow/dags/groups/group_downloads.py for tasks to queue
[2023-11-01T20:02:36.116+0000] {logging_mixin.py:120} INFO - [2023-11-01T20:02:36.116+0000] {dagbag.py:537} INFO - Filling up the DagBag from /opt/airflow/dags/groups/group_downloads.py
[2023-11-01T20:02:36.141+0000] {processor.py:768} WARNING - No viable dags retrieved from /opt/airflow/dags/groups/group_downloads.py
[2023-11-01T20:02:36.167+0000] {processor.py:176} INFO - Processing /opt/airflow/dags/groups/group_downloads.py took 0.057 seconds
[2023-11-01T20:03:06.365+0000] {processor.py:154} INFO - Started process (PID=2403) to work on /opt/airflow/dags/groups/group_downloads.py
[2023-11-01T20:03:06.367+0000] {processor.py:756} INFO - Processing file /opt/airflow/dags/groups/group_downloads.py for tasks to queue
[2023-11-01T20:03:06.368+0000] {logging_mixin.py:120} INFO - [2023-11-01T20:03:06.368+0000] {dagbag.py:537} INFO - Filling up the DagBag from /opt/airflow/dags/groups/group_downloads.py
[2023-11-01T20:03:06.398+0000] {processor.py:768} WARNING - No viable dags retrieved from /opt/airflow/dags/groups/group_downloads.py
[2023-11-01T20:03:06.412+0000] {processor.py:176} INFO - Processing /opt/airflow/dags/groups/group_downloads.py took 0.051 seconds
[2023-11-01T20:03:36.500+0000] {processor.py:154} INFO - Started process (PID=2431) to work on /opt/airflow/dags/groups/group_downloads.py
[2023-11-01T20:03:36.501+0000] {processor.py:756} INFO - Processing file /opt/airflow/dags/groups/group_downloads.py for tasks to queue
[2023-11-01T20:03:36.503+0000] {logging_mixin.py:120} INFO - [2023-11-01T20:03:36.502+0000] {dagbag.py:537} INFO - Filling up the DagBag from /opt/airflow/dags/groups/group_downloads.py
[2023-11-01T20:03:36.539+0000] {processor.py:768} WARNING - No viable dags retrieved from /opt/airflow/dags/groups/group_downloads.py
[2023-11-01T20:03:36.566+0000] {processor.py:176} INFO - Processing /opt/airflow/dags/groups/group_downloads.py took 0.070 seconds
[2023-11-01T20:04:07.080+0000] {processor.py:154} INFO - Started process (PID=2466) to work on /opt/airflow/dags/groups/group_downloads.py
[2023-11-01T20:04:07.081+0000] {processor.py:756} INFO - Processing file /opt/airflow/dags/groups/group_downloads.py for tasks to queue
[2023-11-01T20:04:07.082+0000] {logging_mixin.py:120} INFO - [2023-11-01T20:04:07.082+0000] {dagbag.py:537} INFO - Filling up the DagBag from /opt/airflow/dags/groups/group_downloads.py
[2023-11-01T20:04:07.114+0000] {processor.py:768} WARNING - No viable dags retrieved from /opt/airflow/dags/groups/group_downloads.py
[2023-11-01T20:04:07.132+0000] {processor.py:176} INFO - Processing /opt/airflow/dags/groups/group_downloads.py took 0.056 seconds
[2023-11-01T20:04:37.185+0000] {processor.py:154} INFO - Started process (PID=2494) to work on /opt/airflow/dags/groups/group_downloads.py
[2023-11-01T20:04:37.186+0000] {processor.py:756} INFO - Processing file /opt/airflow/dags/groups/group_downloads.py for tasks to queue
[2023-11-01T20:04:37.187+0000] {logging_mixin.py:120} INFO - [2023-11-01T20:04:37.187+0000] {dagbag.py:537} INFO - Filling up the DagBag from /opt/airflow/dags/groups/group_downloads.py
[2023-11-01T20:04:37.209+0000] {processor.py:768} WARNING - No viable dags retrieved from /opt/airflow/dags/groups/group_downloads.py
[2023-11-01T20:04:37.224+0000] {processor.py:176} INFO - Processing /opt/airflow/dags/groups/group_downloads.py took 0.042 seconds
[2023-11-01T20:05:07.360+0000] {processor.py:154} INFO - Started process (PID=2531) to work on /opt/airflow/dags/groups/group_downloads.py
[2023-11-01T20:05:07.361+0000] {processor.py:756} INFO - Processing file /opt/airflow/dags/groups/group_downloads.py for tasks to queue
[2023-11-01T20:05:07.363+0000] {logging_mixin.py:120} INFO - [2023-11-01T20:05:07.362+0000] {dagbag.py:537} INFO - Filling up the DagBag from /opt/airflow/dags/groups/group_downloads.py
[2023-11-01T20:05:07.387+0000] {processor.py:768} WARNING - No viable dags retrieved from /opt/airflow/dags/groups/group_downloads.py
[2023-11-01T20:05:07.401+0000] {processor.py:176} INFO - Processing /opt/airflow/dags/groups/group_downloads.py took 0.045 seconds
[2023-11-01T20:05:37.448+0000] {processor.py:154} INFO - Started process (PID=2558) to work on /opt/airflow/dags/groups/group_downloads.py
[2023-11-01T20:05:37.450+0000] {processor.py:756} INFO - Processing file /opt/airflow/dags/groups/group_downloads.py for tasks to queue
[2023-11-01T20:05:37.451+0000] {logging_mixin.py:120} INFO - [2023-11-01T20:05:37.451+0000] {dagbag.py:537} INFO - Filling up the DagBag from /opt/airflow/dags/groups/group_downloads.py
[2023-11-01T20:05:37.473+0000] {processor.py:768} WARNING - No viable dags retrieved from /opt/airflow/dags/groups/group_downloads.py
[2023-11-01T20:05:37.490+0000] {processor.py:176} INFO - Processing /opt/airflow/dags/groups/group_downloads.py took 0.045 seconds
[2023-11-01T20:06:07.777+0000] {processor.py:154} INFO - Started process (PID=2594) to work on /opt/airflow/dags/groups/group_downloads.py
[2023-11-01T20:06:07.778+0000] {processor.py:756} INFO - Processing file /opt/airflow/dags/groups/group_downloads.py for tasks to queue
[2023-11-01T20:06:07.779+0000] {logging_mixin.py:120} INFO - [2023-11-01T20:06:07.779+0000] {dagbag.py:537} INFO - Filling up the DagBag from /opt/airflow/dags/groups/group_downloads.py
[2023-11-01T20:06:07.803+0000] {processor.py:768} WARNING - No viable dags retrieved from /opt/airflow/dags/groups/group_downloads.py
[2023-11-01T20:06:07.816+0000] {processor.py:176} INFO - Processing /opt/airflow/dags/groups/group_downloads.py took 0.042 seconds
[2023-11-01T20:06:37.938+0000] {processor.py:154} INFO - Started process (PID=2629) to work on /opt/airflow/dags/groups/group_downloads.py
[2023-11-01T20:06:37.939+0000] {processor.py:756} INFO - Processing file /opt/airflow/dags/groups/group_downloads.py for tasks to queue
[2023-11-01T20:06:37.940+0000] {logging_mixin.py:120} INFO - [2023-11-01T20:06:37.940+0000] {dagbag.py:537} INFO - Filling up the DagBag from /opt/airflow/dags/groups/group_downloads.py
[2023-11-01T20:06:37.966+0000] {processor.py:768} WARNING - No viable dags retrieved from /opt/airflow/dags/groups/group_downloads.py
[2023-11-01T20:06:37.986+0000] {processor.py:176} INFO - Processing /opt/airflow/dags/groups/group_downloads.py took 0.051 seconds
[2023-11-01T20:07:08.181+0000] {processor.py:154} INFO - Started process (PID=2658) to work on /opt/airflow/dags/groups/group_downloads.py
[2023-11-01T20:07:08.184+0000] {processor.py:756} INFO - Processing file /opt/airflow/dags/groups/group_downloads.py for tasks to queue
[2023-11-01T20:07:08.186+0000] {logging_mixin.py:120} INFO - [2023-11-01T20:07:08.186+0000] {dagbag.py:537} INFO - Filling up the DagBag from /opt/airflow/dags/groups/group_downloads.py
[2023-11-01T20:07:08.213+0000] {processor.py:768} WARNING - No viable dags retrieved from /opt/airflow/dags/groups/group_downloads.py
[2023-11-01T20:07:08.230+0000] {processor.py:176} INFO - Processing /opt/airflow/dags/groups/group_downloads.py took 0.051 seconds
[2023-11-01T20:07:38.402+0000] {processor.py:154} INFO - Started process (PID=2696) to work on /opt/airflow/dags/groups/group_downloads.py
[2023-11-01T20:07:38.403+0000] {processor.py:756} INFO - Processing file /opt/airflow/dags/groups/group_downloads.py for tasks to queue
[2023-11-01T20:07:38.405+0000] {logging_mixin.py:120} INFO - [2023-11-01T20:07:38.404+0000] {dagbag.py:537} INFO - Filling up the DagBag from /opt/airflow/dags/groups/group_downloads.py
[2023-11-01T20:07:38.427+0000] {processor.py:768} WARNING - No viable dags retrieved from /opt/airflow/dags/groups/group_downloads.py
[2023-11-01T20:07:38.446+0000] {processor.py:176} INFO - Processing /opt/airflow/dags/groups/group_downloads.py took 0.047 seconds
[2023-11-01T20:08:08.620+0000] {processor.py:154} INFO - Started process (PID=2723) to work on /opt/airflow/dags/groups/group_downloads.py
[2023-11-01T20:08:08.622+0000] {processor.py:756} INFO - Processing file /opt/airflow/dags/groups/group_downloads.py for tasks to queue
[2023-11-01T20:08:08.623+0000] {logging_mixin.py:120} INFO - [2023-11-01T20:08:08.622+0000] {dagbag.py:537} INFO - Filling up the DagBag from /opt/airflow/dags/groups/group_downloads.py
[2023-11-01T20:08:08.644+0000] {processor.py:768} WARNING - No viable dags retrieved from /opt/airflow/dags/groups/group_downloads.py
[2023-11-01T20:08:08.658+0000] {processor.py:176} INFO - Processing /opt/airflow/dags/groups/group_downloads.py took 0.040 seconds
[2023-11-01T20:08:39.298+0000] {processor.py:154} INFO - Started process (PID=2757) to work on /opt/airflow/dags/groups/group_downloads.py
[2023-11-01T20:08:39.299+0000] {processor.py:756} INFO - Processing file /opt/airflow/dags/groups/group_downloads.py for tasks to queue
[2023-11-01T20:08:39.300+0000] {logging_mixin.py:120} INFO - [2023-11-01T20:08:39.300+0000] {dagbag.py:537} INFO - Filling up the DagBag from /opt/airflow/dags/groups/group_downloads.py
[2023-11-01T20:08:39.326+0000] {processor.py:768} WARNING - No viable dags retrieved from /opt/airflow/dags/groups/group_downloads.py
[2023-11-01T20:08:39.339+0000] {processor.py:176} INFO - Processing /opt/airflow/dags/groups/group_downloads.py took 0.044 seconds
[2023-11-01T20:09:09.474+0000] {processor.py:154} INFO - Started process (PID=2784) to work on /opt/airflow/dags/groups/group_downloads.py
[2023-11-01T20:09:09.475+0000] {processor.py:756} INFO - Processing file /opt/airflow/dags/groups/group_downloads.py for tasks to queue
[2023-11-01T20:09:09.478+0000] {logging_mixin.py:120} INFO - [2023-11-01T20:09:09.477+0000] {dagbag.py:537} INFO - Filling up the DagBag from /opt/airflow/dags/groups/group_downloads.py
[2023-11-01T20:09:09.500+0000] {processor.py:768} WARNING - No viable dags retrieved from /opt/airflow/dags/groups/group_downloads.py
[2023-11-01T20:09:09.513+0000] {processor.py:176} INFO - Processing /opt/airflow/dags/groups/group_downloads.py took 0.043 seconds
[2023-11-01T20:09:40.002+0000] {processor.py:154} INFO - Started process (PID=2821) to work on /opt/airflow/dags/groups/group_downloads.py
[2023-11-01T20:09:40.003+0000] {processor.py:756} INFO - Processing file /opt/airflow/dags/groups/group_downloads.py for tasks to queue
[2023-11-01T20:09:40.004+0000] {logging_mixin.py:120} INFO - [2023-11-01T20:09:40.004+0000] {dagbag.py:537} INFO - Filling up the DagBag from /opt/airflow/dags/groups/group_downloads.py
[2023-11-01T20:09:40.026+0000] {processor.py:768} WARNING - No viable dags retrieved from /opt/airflow/dags/groups/group_downloads.py
[2023-11-01T20:09:40.041+0000] {processor.py:176} INFO - Processing /opt/airflow/dags/groups/group_downloads.py took 0.042 seconds
[2023-11-01T20:10:10.400+0000] {processor.py:154} INFO - Started process (PID=2851) to work on /opt/airflow/dags/groups/group_downloads.py
[2023-11-01T20:10:10.401+0000] {processor.py:756} INFO - Processing file /opt/airflow/dags/groups/group_downloads.py for tasks to queue
[2023-11-01T20:10:10.402+0000] {logging_mixin.py:120} INFO - [2023-11-01T20:10:10.402+0000] {dagbag.py:537} INFO - Filling up the DagBag from /opt/airflow/dags/groups/group_downloads.py
[2023-11-01T20:10:10.438+0000] {processor.py:768} WARNING - No viable dags retrieved from /opt/airflow/dags/groups/group_downloads.py
[2023-11-01T20:10:10.464+0000] {processor.py:176} INFO - Processing /opt/airflow/dags/groups/group_downloads.py took 0.067 seconds
[2023-11-01T20:10:40.625+0000] {processor.py:154} INFO - Started process (PID=2886) to work on /opt/airflow/dags/groups/group_downloads.py
[2023-11-01T20:10:40.626+0000] {processor.py:756} INFO - Processing file /opt/airflow/dags/groups/group_downloads.py for tasks to queue
[2023-11-01T20:10:40.627+0000] {logging_mixin.py:120} INFO - [2023-11-01T20:10:40.627+0000] {dagbag.py:537} INFO - Filling up the DagBag from /opt/airflow/dags/groups/group_downloads.py
[2023-11-01T20:10:40.653+0000] {processor.py:768} WARNING - No viable dags retrieved from /opt/airflow/dags/groups/group_downloads.py
[2023-11-01T20:10:40.668+0000] {processor.py:176} INFO - Processing /opt/airflow/dags/groups/group_downloads.py took 0.046 seconds
[2023-11-01T20:11:10.915+0000] {processor.py:154} INFO - Started process (PID=2923) to work on /opt/airflow/dags/groups/group_downloads.py
[2023-11-01T20:11:10.916+0000] {processor.py:756} INFO - Processing file /opt/airflow/dags/groups/group_downloads.py for tasks to queue
[2023-11-01T20:11:10.918+0000] {logging_mixin.py:120} INFO - [2023-11-01T20:11:10.918+0000] {dagbag.py:537} INFO - Filling up the DagBag from /opt/airflow/dags/groups/group_downloads.py
[2023-11-01T20:11:10.944+0000] {processor.py:768} WARNING - No viable dags retrieved from /opt/airflow/dags/groups/group_downloads.py
[2023-11-01T20:11:10.959+0000] {processor.py:176} INFO - Processing /opt/airflow/dags/groups/group_downloads.py took 0.047 seconds
[2023-11-01T20:11:41.078+0000] {processor.py:154} INFO - Started process (PID=2950) to work on /opt/airflow/dags/groups/group_downloads.py
[2023-11-01T20:11:41.079+0000] {processor.py:756} INFO - Processing file /opt/airflow/dags/groups/group_downloads.py for tasks to queue
[2023-11-01T20:11:41.080+0000] {logging_mixin.py:120} INFO - [2023-11-01T20:11:41.080+0000] {dagbag.py:537} INFO - Filling up the DagBag from /opt/airflow/dags/groups/group_downloads.py
[2023-11-01T20:11:41.102+0000] {processor.py:768} WARNING - No viable dags retrieved from /opt/airflow/dags/groups/group_downloads.py
[2023-11-01T20:11:41.117+0000] {processor.py:176} INFO - Processing /opt/airflow/dags/groups/group_downloads.py took 0.042 seconds
[2023-11-01T20:12:11.555+0000] {processor.py:154} INFO - Started process (PID=2986) to work on /opt/airflow/dags/groups/group_downloads.py
[2023-11-01T20:12:11.556+0000] {processor.py:756} INFO - Processing file /opt/airflow/dags/groups/group_downloads.py for tasks to queue
[2023-11-01T20:12:11.557+0000] {logging_mixin.py:120} INFO - [2023-11-01T20:12:11.557+0000] {dagbag.py:537} INFO - Filling up the DagBag from /opt/airflow/dags/groups/group_downloads.py
[2023-11-01T20:12:11.579+0000] {processor.py:768} WARNING - No viable dags retrieved from /opt/airflow/dags/groups/group_downloads.py
[2023-11-01T20:12:11.594+0000] {processor.py:176} INFO - Processing /opt/airflow/dags/groups/group_downloads.py took 0.042 seconds
[2023-11-01T20:12:41.978+0000] {processor.py:154} INFO - Started process (PID=3011) to work on /opt/airflow/dags/groups/group_downloads.py
[2023-11-01T20:12:41.980+0000] {processor.py:756} INFO - Processing file /opt/airflow/dags/groups/group_downloads.py for tasks to queue
[2023-11-01T20:12:41.981+0000] {logging_mixin.py:120} INFO - [2023-11-01T20:12:41.981+0000] {dagbag.py:537} INFO - Filling up the DagBag from /opt/airflow/dags/groups/group_downloads.py
[2023-11-01T20:12:42.016+0000] {processor.py:768} WARNING - No viable dags retrieved from /opt/airflow/dags/groups/group_downloads.py
[2023-11-01T20:12:42.030+0000] {processor.py:176} INFO - Processing /opt/airflow/dags/groups/group_downloads.py took 0.054 seconds
[2023-11-01T20:13:12.144+0000] {processor.py:154} INFO - Started process (PID=3048) to work on /opt/airflow/dags/groups/group_downloads.py
[2023-11-01T20:13:12.145+0000] {processor.py:756} INFO - Processing file /opt/airflow/dags/groups/group_downloads.py for tasks to queue
[2023-11-01T20:13:12.146+0000] {logging_mixin.py:120} INFO - [2023-11-01T20:13:12.146+0000] {dagbag.py:537} INFO - Filling up the DagBag from /opt/airflow/dags/groups/group_downloads.py
[2023-11-01T20:13:12.167+0000] {processor.py:768} WARNING - No viable dags retrieved from /opt/airflow/dags/groups/group_downloads.py
[2023-11-01T20:13:12.180+0000] {processor.py:176} INFO - Processing /opt/airflow/dags/groups/group_downloads.py took 0.039 seconds
[2023-11-01T20:13:42.404+0000] {processor.py:154} INFO - Started process (PID=3075) to work on /opt/airflow/dags/groups/group_downloads.py
[2023-11-01T20:13:42.406+0000] {processor.py:756} INFO - Processing file /opt/airflow/dags/groups/group_downloads.py for tasks to queue
[2023-11-01T20:13:42.407+0000] {logging_mixin.py:120} INFO - [2023-11-01T20:13:42.407+0000] {dagbag.py:537} INFO - Filling up the DagBag from /opt/airflow/dags/groups/group_downloads.py
[2023-11-01T20:13:42.432+0000] {processor.py:768} WARNING - No viable dags retrieved from /opt/airflow/dags/groups/group_downloads.py
[2023-11-01T20:13:42.447+0000] {processor.py:176} INFO - Processing /opt/airflow/dags/groups/group_downloads.py took 0.047 seconds
[2023-11-01T20:14:12.669+0000] {processor.py:154} INFO - Started process (PID=3110) to work on /opt/airflow/dags/groups/group_downloads.py
[2023-11-01T20:14:12.671+0000] {processor.py:756} INFO - Processing file /opt/airflow/dags/groups/group_downloads.py for tasks to queue
[2023-11-01T20:14:12.672+0000] {logging_mixin.py:120} INFO - [2023-11-01T20:14:12.672+0000] {dagbag.py:537} INFO - Filling up the DagBag from /opt/airflow/dags/groups/group_downloads.py
[2023-11-01T20:14:12.699+0000] {processor.py:768} WARNING - No viable dags retrieved from /opt/airflow/dags/groups/group_downloads.py
[2023-11-01T20:14:12.713+0000] {processor.py:176} INFO - Processing /opt/airflow/dags/groups/group_downloads.py took 0.048 seconds
[2023-11-01T20:14:42.831+0000] {processor.py:154} INFO - Started process (PID=3137) to work on /opt/airflow/dags/groups/group_downloads.py
[2023-11-01T20:14:42.833+0000] {processor.py:756} INFO - Processing file /opt/airflow/dags/groups/group_downloads.py for tasks to queue
[2023-11-01T20:14:42.834+0000] {logging_mixin.py:120} INFO - [2023-11-01T20:14:42.833+0000] {dagbag.py:537} INFO - Filling up the DagBag from /opt/airflow/dags/groups/group_downloads.py
[2023-11-01T20:14:42.860+0000] {processor.py:768} WARNING - No viable dags retrieved from /opt/airflow/dags/groups/group_downloads.py
[2023-11-01T20:14:42.874+0000] {processor.py:176} INFO - Processing /opt/airflow/dags/groups/group_downloads.py took 0.046 seconds
[2023-11-01T20:15:13.581+0000] {processor.py:154} INFO - Started process (PID=3172) to work on /opt/airflow/dags/groups/group_downloads.py
[2023-11-01T20:15:13.582+0000] {processor.py:756} INFO - Processing file /opt/airflow/dags/groups/group_downloads.py for tasks to queue
[2023-11-01T20:15:13.583+0000] {logging_mixin.py:120} INFO - [2023-11-01T20:15:13.583+0000] {dagbag.py:537} INFO - Filling up the DagBag from /opt/airflow/dags/groups/group_downloads.py
[2023-11-01T20:15:13.604+0000] {processor.py:768} WARNING - No viable dags retrieved from /opt/airflow/dags/groups/group_downloads.py
[2023-11-01T20:15:13.618+0000] {processor.py:176} INFO - Processing /opt/airflow/dags/groups/group_downloads.py took 0.040 seconds
[2023-11-01T20:15:43.746+0000] {processor.py:154} INFO - Started process (PID=3200) to work on /opt/airflow/dags/groups/group_downloads.py
[2023-11-01T20:15:43.748+0000] {processor.py:756} INFO - Processing file /opt/airflow/dags/groups/group_downloads.py for tasks to queue
[2023-11-01T20:15:43.749+0000] {logging_mixin.py:120} INFO - [2023-11-01T20:15:43.749+0000] {dagbag.py:537} INFO - Filling up the DagBag from /opt/airflow/dags/groups/group_downloads.py
[2023-11-01T20:15:43.774+0000] {processor.py:768} WARNING - No viable dags retrieved from /opt/airflow/dags/groups/group_downloads.py
[2023-11-01T20:15:43.791+0000] {processor.py:176} INFO - Processing /opt/airflow/dags/groups/group_downloads.py took 0.048 seconds
[2023-11-01T20:16:13.834+0000] {processor.py:154} INFO - Started process (PID=3237) to work on /opt/airflow/dags/groups/group_downloads.py
[2023-11-01T20:16:13.835+0000] {processor.py:756} INFO - Processing file /opt/airflow/dags/groups/group_downloads.py for tasks to queue
[2023-11-01T20:16:13.836+0000] {logging_mixin.py:120} INFO - [2023-11-01T20:16:13.836+0000] {dagbag.py:537} INFO - Filling up the DagBag from /opt/airflow/dags/groups/group_downloads.py
[2023-11-01T20:16:13.859+0000] {processor.py:768} WARNING - No viable dags retrieved from /opt/airflow/dags/groups/group_downloads.py
[2023-11-01T20:16:13.872+0000] {processor.py:176} INFO - Processing /opt/airflow/dags/groups/group_downloads.py took 0.041 seconds
[2023-11-01T20:16:44.071+0000] {processor.py:154} INFO - Started process (PID=3263) to work on /opt/airflow/dags/groups/group_downloads.py
[2023-11-01T20:16:44.072+0000] {processor.py:756} INFO - Processing file /opt/airflow/dags/groups/group_downloads.py for tasks to queue
[2023-11-01T20:16:44.078+0000] {logging_mixin.py:120} INFO - [2023-11-01T20:16:44.078+0000] {dagbag.py:537} INFO - Filling up the DagBag from /opt/airflow/dags/groups/group_downloads.py
[2023-11-01T20:16:44.115+0000] {processor.py:768} WARNING - No viable dags retrieved from /opt/airflow/dags/groups/group_downloads.py
[2023-11-01T20:16:44.139+0000] {processor.py:176} INFO - Processing /opt/airflow/dags/groups/group_downloads.py took 0.073 seconds
[2023-11-01T20:17:14.587+0000] {processor.py:154} INFO - Started process (PID=3290) to work on /opt/airflow/dags/groups/group_downloads.py
[2023-11-01T20:17:14.588+0000] {processor.py:756} INFO - Processing file /opt/airflow/dags/groups/group_downloads.py for tasks to queue
[2023-11-01T20:17:14.589+0000] {logging_mixin.py:120} INFO - [2023-11-01T20:17:14.589+0000] {dagbag.py:537} INFO - Filling up the DagBag from /opt/airflow/dags/groups/group_downloads.py
[2023-11-01T20:17:14.612+0000] {processor.py:768} WARNING - No viable dags retrieved from /opt/airflow/dags/groups/group_downloads.py
[2023-11-01T20:17:14.628+0000] {processor.py:176} INFO - Processing /opt/airflow/dags/groups/group_downloads.py took 0.043 seconds
[2023-11-01T20:17:48.787+0000] {processor.py:154} INFO - Started process (PID=3306) to work on /opt/airflow/dags/groups/group_downloads.py
[2023-11-01T20:17:48.788+0000] {processor.py:756} INFO - Processing file /opt/airflow/dags/groups/group_downloads.py for tasks to queue
[2023-11-01T20:17:48.789+0000] {logging_mixin.py:120} INFO - [2023-11-01T20:17:48.789+0000] {dagbag.py:537} INFO - Filling up the DagBag from /opt/airflow/dags/groups/group_downloads.py
[2023-11-01T20:17:48.817+0000] {processor.py:768} WARNING - No viable dags retrieved from /opt/airflow/dags/groups/group_downloads.py
[2023-11-01T20:17:48.834+0000] {processor.py:176} INFO - Processing /opt/airflow/dags/groups/group_downloads.py took 0.052 seconds
[2023-11-01T20:31:39.672+0000] {processor.py:154} INFO - Started process (PID=65) to work on /opt/airflow/dags/groups/group_downloads.py
[2023-11-01T20:31:39.687+0000] {processor.py:756} INFO - Processing file /opt/airflow/dags/groups/group_downloads.py for tasks to queue
[2023-11-01T20:31:39.703+0000] {logging_mixin.py:120} INFO - [2023-11-01T20:31:39.703+0000] {dagbag.py:537} INFO - Filling up the DagBag from /opt/airflow/dags/groups/group_downloads.py
[2023-11-01T20:31:40.178+0000] {processor.py:768} WARNING - No viable dags retrieved from /opt/airflow/dags/groups/group_downloads.py
[2023-11-01T20:31:40.490+0000] {processor.py:176} INFO - Processing /opt/airflow/dags/groups/group_downloads.py took 0.838 seconds
[2023-11-01T20:32:11.487+0000] {processor.py:154} INFO - Started process (PID=92) to work on /opt/airflow/dags/groups/group_downloads.py
[2023-11-01T20:32:11.488+0000] {processor.py:756} INFO - Processing file /opt/airflow/dags/groups/group_downloads.py for tasks to queue
[2023-11-01T20:32:11.490+0000] {logging_mixin.py:120} INFO - [2023-11-01T20:32:11.489+0000] {dagbag.py:537} INFO - Filling up the DagBag from /opt/airflow/dags/groups/group_downloads.py
[2023-11-01T20:32:11.520+0000] {processor.py:768} WARNING - No viable dags retrieved from /opt/airflow/dags/groups/group_downloads.py
[2023-11-01T20:32:11.537+0000] {processor.py:176} INFO - Processing /opt/airflow/dags/groups/group_downloads.py took 0.053 seconds
[2023-11-01T20:32:47.743+0000] {processor.py:154} INFO - Started process (PID=117) to work on /opt/airflow/dags/groups/group_downloads.py
[2023-11-01T20:32:47.744+0000] {processor.py:756} INFO - Processing file /opt/airflow/dags/groups/group_downloads.py for tasks to queue
[2023-11-01T20:32:47.746+0000] {logging_mixin.py:120} INFO - [2023-11-01T20:32:47.745+0000] {dagbag.py:537} INFO - Filling up the DagBag from /opt/airflow/dags/groups/group_downloads.py
