[2023-11-10T11:35:00.162+0000] {taskinstance.py:1087} INFO - Dependencies all met for <TaskInstance: union_tables.union_table scheduled__2023-11-09T00:00:00+00:00 [queued]>
[2023-11-10T11:35:00.177+0000] {taskinstance.py:1087} INFO - Dependencies all met for <TaskInstance: union_tables.union_table scheduled__2023-11-09T00:00:00+00:00 [queued]>
[2023-11-10T11:35:00.178+0000] {taskinstance.py:1283} INFO - 
--------------------------------------------------------------------------------
[2023-11-10T11:35:00.179+0000] {taskinstance.py:1284} INFO - Starting attempt 1 of 1
[2023-11-10T11:35:00.180+0000] {taskinstance.py:1285} INFO - 
--------------------------------------------------------------------------------
[2023-11-10T11:35:00.216+0000] {taskinstance.py:1304} INFO - Executing <Task(PostgresOperator): union_table> on 2023-11-09 00:00:00+00:00
[2023-11-10T11:35:00.222+0000] {standard_task_runner.py:55} INFO - Started process 133 to run task
[2023-11-10T11:35:00.229+0000] {standard_task_runner.py:82} INFO - Running: ['***', 'tasks', 'run', 'union_tables', 'union_table', 'scheduled__2023-11-09T00:00:00+00:00', '--job-id', '499', '--raw', '--subdir', 'DAGS_FOLDER/union.py', '--cfg-path', '/tmp/tmpv740sb2w']
[2023-11-10T11:35:00.231+0000] {standard_task_runner.py:83} INFO - Job 499: Subtask union_table
[2023-11-10T11:35:00.430+0000] {task_command.py:389} INFO - Running <TaskInstance: union_tables.union_table scheduled__2023-11-09T00:00:00+00:00 [running]> on host ae05fe974d8d
[2023-11-10T11:35:00.571+0000] {taskinstance.py:1513} INFO - Exporting the following env vars:
AIRFLOW_CTX_DAG_OWNER=Tetiana
AIRFLOW_CTX_DAG_ID=union_tables
AIRFLOW_CTX_TASK_ID=union_table
AIRFLOW_CTX_EXECUTION_DATE=2023-11-09T00:00:00+00:00
AIRFLOW_CTX_TRY_NUMBER=1
AIRFLOW_CTX_DAG_RUN_ID=scheduled__2023-11-09T00:00:00+00:00
[2023-11-10T11:35:00.576+0000] {sql.py:253} INFO - Executing: 
    INSERT INTO merged_table
    SELECT *
    FROM customers
    INNER JOIN people ON customers.customer_id = people.user_id;
    
[2023-11-10T11:35:00.609+0000] {base.py:73} INFO - Using connection ID 'postgres' for task execution.
[2023-11-10T11:35:01.275+0000] {base.py:73} INFO - Using connection ID 'postgres' for task execution.
[2023-11-10T11:35:01.283+0000] {sql.py:364} INFO - Running statement: 
    INSERT INTO merged_table
    SELECT *
    FROM customers
    INNER JOIN people ON customers.customer_id = people.user_id;
    , parameters: None
[2023-11-10T11:35:01.285+0000] {taskinstance.py:1772} ERROR - Task failed with exception
Traceback (most recent call last):
  File "/home/airflow/.local/lib/python3.7/site-packages/airflow/providers/common/sql/operators/sql.py", line 261, in execute
    return_last=self.return_last,
  File "/home/airflow/.local/lib/python3.7/site-packages/airflow/providers/common/sql/hooks/sql.py", line 338, in run
    self._run_command(cur, sql_statement, parameters)
  File "/home/airflow/.local/lib/python3.7/site-packages/airflow/providers/common/sql/hooks/sql.py", line 369, in _run_command
    cur.execute(sql_statement)
psycopg2.errors.UndefinedTable: relation "merged_table" does not exist
LINE 2:     INSERT INTO merged_table
                        ^

[2023-11-10T11:35:01.304+0000] {taskinstance.py:1327} INFO - Marking task as FAILED. dag_id=union_tables, task_id=union_table, execution_date=20231109T000000, start_date=20231110T113500, end_date=20231110T113501
[2023-11-10T11:35:01.329+0000] {standard_task_runner.py:105} ERROR - Failed to execute job 499 for task union_table (relation "merged_table" does not exist
LINE 2:     INSERT INTO merged_table
                        ^
; 133)
[2023-11-10T11:35:01.378+0000] {local_task_job.py:159} INFO - Task exited with return code 1
[2023-11-10T11:35:01.402+0000] {taskinstance.py:2582} INFO - 0 downstream tasks scheduled from follow-on schedule check
