[2023-11-03T19:44:03.909+0000] {taskinstance.py:1165} INFO - Dependencies all met for <TaskInstance: customers.read_customers manual__2023-11-03T19:43:59.841506+00:00 [queued]>
[2023-11-03T19:44:03.922+0000] {taskinstance.py:1165} INFO - Dependencies all met for <TaskInstance: customers.read_customers manual__2023-11-03T19:43:59.841506+00:00 [queued]>
[2023-11-03T19:44:03.923+0000] {taskinstance.py:1362} INFO - 
--------------------------------------------------------------------------------
[2023-11-03T19:44:03.924+0000] {taskinstance.py:1363} INFO - Starting attempt 1 of 1
[2023-11-03T19:44:03.925+0000] {taskinstance.py:1364} INFO - 
--------------------------------------------------------------------------------
[2023-11-03T19:44:03.941+0000] {taskinstance.py:1383} INFO - Executing <Task(PythonOperator): read_customers> on 2023-11-03 19:43:59.841506+00:00
[2023-11-03T19:44:03.948+0000] {standard_task_runner.py:55} INFO - Started process 4825 to run task
[2023-11-03T19:44:03.951+0000] {standard_task_runner.py:82} INFO - Running: ['***', 'tasks', 'run', 'customers', 'read_customers', 'manual__2023-11-03T19:43:59.841506+00:00', '--job-id', '149', '--raw', '--subdir', 'DAGS_FOLDER/customer.py', '--cfg-path', '/tmp/tmpy3m_z6wd']
[2023-11-03T19:44:03.954+0000] {standard_task_runner.py:83} INFO - Job 149: Subtask read_customers
[2023-11-03T19:44:04.018+0000] {task_command.py:376} INFO - Running <TaskInstance: customers.read_customers manual__2023-11-03T19:43:59.841506+00:00 [running]> on host 6b65bc8eaea5
[2023-11-03T19:44:04.097+0000] {taskinstance.py:1592} INFO - Exporting the following env vars:
AIRFLOW_CTX_DAG_OWNER=***
AIRFLOW_CTX_DAG_ID=customers
AIRFLOW_CTX_TASK_ID=read_customers
AIRFLOW_CTX_EXECUTION_DATE=2023-11-03T19:43:59.841506+00:00
AIRFLOW_CTX_TRY_NUMBER=1
AIRFLOW_CTX_DAG_RUN_ID=manual__2023-11-03T19:43:59.841506+00:00
[2023-11-03T19:44:04.109+0000] {taskinstance.py:1851} ERROR - Task failed with exception
Traceback (most recent call last):
  File "/home/airflow/.local/lib/python3.7/site-packages/airflow/operators/python.py", line 175, in execute
    return_value = self.execute_callable()
  File "/home/airflow/.local/lib/python3.7/site-packages/airflow/operators/python.py", line 193, in execute_callable
    return self.python_callable(*self.op_args, **self.op_kwargs)
  File "/opt/airflow/dags/customer.py", line 23, in _read_customers
    date_obj = datetime.strptime(date_str, '%Y-%m-%d')
  File "/usr/local/lib/python3.7/_strptime.py", line 577, in _strptime_datetime
    tt, fraction, gmtoff_fraction = _strptime(data_string, format)
  File "/usr/local/lib/python3.7/_strptime.py", line 359, in _strptime
    (data_string, format))
ValueError: time data 'http://www.stephenson.com/' does not match format '%Y-%m-%d'
[2023-11-03T19:44:04.125+0000] {taskinstance.py:1406} INFO - Marking task as FAILED. dag_id=customers, task_id=read_customers, execution_date=20231103T194359, start_date=20231103T194403, end_date=20231103T194404
[2023-11-03T19:44:04.140+0000] {standard_task_runner.py:105} ERROR - Failed to execute job 149 for task read_customers (time data 'http://www.stephenson.com/' does not match format '%Y-%m-%d'; 4825)
[2023-11-03T19:44:04.163+0000] {local_task_job.py:164} INFO - Task exited with return code 1
[2023-11-03T19:44:04.183+0000] {local_task_job.py:273} INFO - 0 downstream tasks scheduled from follow-on schedule check
