[2023-11-03T18:14:01.405+0000] {taskinstance.py:1165} INFO - Dependencies all met for <TaskInstance: people.read_people manual__2023-11-03T18:13:57.594148+00:00 [queued]>
[2023-11-03T18:14:01.420+0000] {taskinstance.py:1165} INFO - Dependencies all met for <TaskInstance: people.read_people manual__2023-11-03T18:13:57.594148+00:00 [queued]>
[2023-11-03T18:14:01.421+0000] {taskinstance.py:1362} INFO - 
--------------------------------------------------------------------------------
[2023-11-03T18:14:01.422+0000] {taskinstance.py:1363} INFO - Starting attempt 1 of 1
[2023-11-03T18:14:01.422+0000] {taskinstance.py:1364} INFO - 
--------------------------------------------------------------------------------
[2023-11-03T18:14:01.439+0000] {taskinstance.py:1383} INFO - Executing <Task(PythonOperator): read_people> on 2023-11-03 18:13:57.594148+00:00
[2023-11-03T18:14:01.446+0000] {standard_task_runner.py:55} INFO - Started process 538 to run task
[2023-11-03T18:14:01.448+0000] {standard_task_runner.py:82} INFO - Running: ['***', 'tasks', 'run', 'people', 'read_people', 'manual__2023-11-03T18:13:57.594148+00:00', '--job-id', '105', '--raw', '--subdir', 'DAGS_FOLDER/people.py', '--cfg-path', '/tmp/tmptygqoqm7']
[2023-11-03T18:14:01.450+0000] {standard_task_runner.py:83} INFO - Job 105: Subtask read_people
[2023-11-03T18:14:01.519+0000] {task_command.py:376} INFO - Running <TaskInstance: people.read_people manual__2023-11-03T18:13:57.594148+00:00 [running]> on host 6b65bc8eaea5
[2023-11-03T18:14:01.603+0000] {taskinstance.py:1592} INFO - Exporting the following env vars:
AIRFLOW_CTX_DAG_OWNER=***
AIRFLOW_CTX_DAG_ID=people
AIRFLOW_CTX_TASK_ID=read_people
AIRFLOW_CTX_EXECUTION_DATE=2023-11-03T18:13:57.594148+00:00
AIRFLOW_CTX_TRY_NUMBER=1
AIRFLOW_CTX_DAG_RUN_ID=manual__2023-11-03T18:13:57.594148+00:00
[2023-11-03T18:14:01.613+0000] {taskinstance.py:1851} ERROR - Task failed with exception
Traceback (most recent call last):
  File "/home/airflow/.local/lib/python3.7/site-packages/airflow/operators/python.py", line 175, in execute
    return_value = self.execute_callable()
  File "/home/airflow/.local/lib/python3.7/site-packages/airflow/operators/python.py", line 193, in execute_callable
    return self.python_callable(*self.op_args, **self.op_kwargs)
  File "/opt/airflow/dags/people.py", line 27, in _read_people
    row[1].strip(),
IndexError: list index out of range
[2023-11-03T18:14:01.627+0000] {taskinstance.py:1406} INFO - Marking task as FAILED. dag_id=people, task_id=read_people, execution_date=20231103T181357, start_date=20231103T181401, end_date=20231103T181401
[2023-11-03T18:14:01.642+0000] {standard_task_runner.py:105} ERROR - Failed to execute job 105 for task read_people (list index out of range; 538)
[2023-11-03T18:14:01.661+0000] {local_task_job.py:164} INFO - Task exited with return code 1
[2023-11-03T18:14:01.681+0000] {local_task_job.py:273} INFO - 0 downstream tasks scheduled from follow-on schedule check
