[2023-11-07T09:48:31.543+0000] {taskinstance.py:1165} INFO - Dependencies all met for <TaskInstance: customers.save_customers_to_excel manual__2023-11-07T09:48:20.741980+00:00 [queued]>
[2023-11-07T09:48:31.590+0000] {taskinstance.py:1165} INFO - Dependencies all met for <TaskInstance: customers.save_customers_to_excel manual__2023-11-07T09:48:20.741980+00:00 [queued]>
[2023-11-07T09:48:31.591+0000] {taskinstance.py:1362} INFO - 
--------------------------------------------------------------------------------
[2023-11-07T09:48:31.594+0000] {taskinstance.py:1363} INFO - Starting attempt 1 of 1
[2023-11-07T09:48:31.596+0000] {taskinstance.py:1364} INFO - 
--------------------------------------------------------------------------------
[2023-11-07T09:48:31.626+0000] {taskinstance.py:1383} INFO - Executing <Task(PythonOperator): save_customers_to_excel> on 2023-11-07 09:48:20.741980+00:00
[2023-11-07T09:48:31.635+0000] {standard_task_runner.py:55} INFO - Started process 214 to run task
[2023-11-07T09:48:31.640+0000] {standard_task_runner.py:82} INFO - Running: ['***', 'tasks', 'run', 'customers', 'save_customers_to_excel', 'manual__2023-11-07T09:48:20.741980+00:00', '--job-id', '498', '--raw', '--subdir', 'DAGS_FOLDER/customers.py', '--cfg-path', '/tmp/tmpvy2wxmim']
[2023-11-07T09:48:31.643+0000] {standard_task_runner.py:83} INFO - Job 498: Subtask save_customers_to_excel
[2023-11-07T09:48:32.340+0000] {task_command.py:376} INFO - Running <TaskInstance: customers.save_customers_to_excel manual__2023-11-07T09:48:20.741980+00:00 [running]> on host 7cf1ce11ad7e
[2023-11-07T09:48:32.631+0000] {taskinstance.py:1592} INFO - Exporting the following env vars:
AIRFLOW_CTX_DAG_OWNER=Tetiana
AIRFLOW_CTX_DAG_ID=customers
AIRFLOW_CTX_TASK_ID=save_customers_to_excel
AIRFLOW_CTX_EXECUTION_DATE=2023-11-07T09:48:20.741980+00:00
AIRFLOW_CTX_TRY_NUMBER=1
AIRFLOW_CTX_DAG_RUN_ID=manual__2023-11-07T09:48:20.741980+00:00
[2023-11-07T09:48:32.770+0000] {taskinstance.py:1851} ERROR - Task failed with exception
Traceback (most recent call last):
  File "/home/airflow/.local/lib/python3.7/site-packages/airflow/operators/python.py", line 175, in execute
    return_value = self.execute_callable()
  File "/home/airflow/.local/lib/python3.7/site-packages/airflow/operators/python.py", line 193, in execute_callable
    return self.python_callable(*self.op_args, **self.op_kwargs)
  File "/opt/airflow/dags/customers.py", line 71, in _save_customers_to_excel
    wb = openpyxl.load_workbook(customers_file)
  File "/home/airflow/.local/lib/python3.7/site-packages/openpyxl/reader/excel.py", line 346, in load_workbook
    reader.read()
  File "/home/airflow/.local/lib/python3.7/site-packages/openpyxl/reader/excel.py", line 301, in read
    self.read_worksheets()
  File "/home/airflow/.local/lib/python3.7/site-packages/openpyxl/reader/excel.py", line 237, in read_worksheets
    ws_parser.bind_all()
  File "/home/airflow/.local/lib/python3.7/site-packages/openpyxl/worksheet/_reader.py", line 465, in bind_all
    self.bind_cells()
  File "/home/airflow/.local/lib/python3.7/site-packages/openpyxl/worksheet/_reader.py", line 368, in bind_cells
    for idx, row in self.parser.parse():
  File "/home/airflow/.local/lib/python3.7/site-packages/openpyxl/worksheet/_reader.py", line 156, in parse
    for _, element in it:
  File "/usr/local/lib/python3.7/xml/etree/ElementTree.py", line 1224, in iterator
    data = source.read(16 * 1024)
  File "/usr/local/lib/python3.7/zipfile.py", line 930, in read
    data = self._read1(n)
  File "/usr/local/lib/python3.7/zipfile.py", line 998, in _read1
    data += self._read2(n - len(data))
  File "/usr/local/lib/python3.7/zipfile.py", line 1033, in _read2
    raise EOFError
EOFError
[2023-11-07T09:48:32.791+0000] {taskinstance.py:1406} INFO - Marking task as FAILED. dag_id=customers, task_id=save_customers_to_excel, execution_date=20231107T094820, start_date=20231107T094831, end_date=20231107T094832
[2023-11-07T09:48:32.824+0000] {standard_task_runner.py:105} ERROR - Failed to execute job 498 for task save_customers_to_excel (; 214)
[2023-11-07T09:48:32.863+0000] {local_task_job.py:164} INFO - Task exited with return code 1
[2023-11-07T09:48:32.903+0000] {local_task_job.py:273} INFO - 0 downstream tasks scheduled from follow-on schedule check
