[2023-11-10T10:36:08.672+0000] {taskinstance.py:1087} INFO - Dependencies all met for <TaskInstance: people.read_people manual__2023-11-10T10:36:04.534535+00:00 [queued]>
[2023-11-10T10:36:08.691+0000] {taskinstance.py:1087} INFO - Dependencies all met for <TaskInstance: people.read_people manual__2023-11-10T10:36:04.534535+00:00 [queued]>
[2023-11-10T10:36:08.692+0000] {taskinstance.py:1283} INFO - 
--------------------------------------------------------------------------------
[2023-11-10T10:36:08.696+0000] {taskinstance.py:1284} INFO - Starting attempt 1 of 1
[2023-11-10T10:36:08.697+0000] {taskinstance.py:1285} INFO - 
--------------------------------------------------------------------------------
[2023-11-10T10:36:08.725+0000] {taskinstance.py:1304} INFO - Executing <Task(PythonOperator): read_people> on 2023-11-10 10:36:04.534535+00:00
[2023-11-10T10:36:08.773+0000] {standard_task_runner.py:55} INFO - Started process 1793 to run task
[2023-11-10T10:36:08.777+0000] {standard_task_runner.py:82} INFO - Running: ['***', 'tasks', 'run', 'people', 'read_people', 'manual__2023-11-10T10:36:04.534535+00:00', '--job-id', '470', '--raw', '--subdir', 'DAGS_FOLDER/people.py', '--cfg-path', '/tmp/tmpdrwuct9p']
[2023-11-10T10:36:08.780+0000] {standard_task_runner.py:83} INFO - Job 470: Subtask read_people
[2023-11-10T10:36:08.908+0000] {task_command.py:389} INFO - Running <TaskInstance: people.read_people manual__2023-11-10T10:36:04.534535+00:00 [running]> on host ccf8e59e32fe
[2023-11-10T10:36:09.245+0000] {taskinstance.py:1513} INFO - Exporting the following env vars:
AIRFLOW_CTX_DAG_OWNER=***
AIRFLOW_CTX_DAG_ID=people
AIRFLOW_CTX_TASK_ID=read_people
AIRFLOW_CTX_EXECUTION_DATE=2023-11-10T10:36:04.534535+00:00
AIRFLOW_CTX_TRY_NUMBER=1
AIRFLOW_CTX_DAG_RUN_ID=manual__2023-11-10T10:36:04.534535+00:00
[2023-11-10T10:36:09.250+0000] {taskinstance.py:1772} ERROR - Task failed with exception
Traceback (most recent call last):
  File "/home/airflow/.local/lib/python3.7/site-packages/airflow/operators/python.py", line 175, in execute
    return_value = self.execute_callable()
  File "/home/airflow/.local/lib/python3.7/site-packages/airflow/operators/python.py", line 192, in execute_callable
    return self.python_callable(*self.op_args, **self.op_kwargs)
  File "/opt/airflow/dags/people.py", line 34, in _read_people
    date_str = row[10]
IndexError: list index out of range
[2023-11-10T10:36:09.268+0000] {taskinstance.py:1327} INFO - Marking task as FAILED. dag_id=people, task_id=read_people, execution_date=20231110T103604, start_date=20231110T103608, end_date=20231110T103609
[2023-11-10T10:36:09.292+0000] {standard_task_runner.py:105} ERROR - Failed to execute job 470 for task read_people (list index out of range; 1793)
[2023-11-10T10:36:09.353+0000] {local_task_job.py:159} INFO - Task exited with return code 1
[2023-11-10T10:36:09.389+0000] {taskinstance.py:2582} INFO - 0 downstream tasks scheduled from follow-on schedule check
