[2023-11-07T14:12:03.123+0000] {taskinstance.py:1165} INFO - Dependencies all met for <TaskInstance: xcom_dag.t1 scheduled__2023-11-06T00:00:00+00:00 [queued]>
[2023-11-07T14:12:03.157+0000] {taskinstance.py:1165} INFO - Dependencies all met for <TaskInstance: xcom_dag.t1 scheduled__2023-11-06T00:00:00+00:00 [queued]>
[2023-11-07T14:12:03.159+0000] {taskinstance.py:1362} INFO - 
--------------------------------------------------------------------------------
[2023-11-07T14:12:03.160+0000] {taskinstance.py:1363} INFO - Starting attempt 1 of 1
[2023-11-07T14:12:03.161+0000] {taskinstance.py:1364} INFO - 
--------------------------------------------------------------------------------
[2023-11-07T14:12:03.205+0000] {taskinstance.py:1383} INFO - Executing <Task(PythonOperator): t1> on 2023-11-06 00:00:00+00:00
[2023-11-07T14:12:03.213+0000] {standard_task_runner.py:55} INFO - Started process 682 to run task
[2023-11-07T14:12:03.228+0000] {standard_task_runner.py:82} INFO - Running: ['***', 'tasks', 'run', 'xcom_dag', 't1', 'scheduled__2023-11-06T00:00:00+00:00', '--job-id', '526', '--raw', '--subdir', 'DAGS_FOLDER/xcom_dag.py', '--cfg-path', '/tmp/tmp0y84af32']
[2023-11-07T14:12:03.232+0000] {standard_task_runner.py:83} INFO - Job 526: Subtask t1
[2023-11-07T14:12:03.388+0000] {task_command.py:376} INFO - Running <TaskInstance: xcom_dag.t1 scheduled__2023-11-06T00:00:00+00:00 [running]> on host 193aaf8b1e25
[2023-11-07T14:12:03.564+0000] {taskinstance.py:1592} INFO - Exporting the following env vars:
AIRFLOW_CTX_DAG_OWNER=***
AIRFLOW_CTX_DAG_ID=xcom_dag
AIRFLOW_CTX_TASK_ID=t1
AIRFLOW_CTX_EXECUTION_DATE=2023-11-06T00:00:00+00:00
AIRFLOW_CTX_TRY_NUMBER=1
AIRFLOW_CTX_DAG_RUN_ID=scheduled__2023-11-06T00:00:00+00:00
[2023-11-07T14:12:03.595+0000] {python.py:177} INFO - Done. Returned value was: None
[2023-11-07T14:12:03.611+0000] {taskinstance.py:1406} INFO - Marking task as SUCCESS. dag_id=xcom_dag, task_id=t1, execution_date=20231106T000000, start_date=20231107T141203, end_date=20231107T141203
[2023-11-07T14:12:03.686+0000] {local_task_job.py:164} INFO - Task exited with return code 0
[2023-11-07T14:12:03.759+0000] {local_task_job.py:273} INFO - 1 downstream tasks scheduled from follow-on schedule check
