[2023-11-10T09:55:47.149+0000] {taskinstance.py:1087} INFO - Dependencies all met for <TaskInstance: people.create_people_table scheduled__2023-11-09T00:00:00+00:00 [queued]>
[2023-11-10T09:55:47.165+0000] {taskinstance.py:1087} INFO - Dependencies all met for <TaskInstance: people.create_people_table scheduled__2023-11-09T00:00:00+00:00 [queued]>
[2023-11-10T09:55:47.166+0000] {taskinstance.py:1283} INFO - 
--------------------------------------------------------------------------------
[2023-11-10T09:55:47.167+0000] {taskinstance.py:1284} INFO - Starting attempt 1 of 1
[2023-11-10T09:55:47.168+0000] {taskinstance.py:1285} INFO - 
--------------------------------------------------------------------------------
[2023-11-10T09:55:47.198+0000] {taskinstance.py:1304} INFO - Executing <Task(PostgresOperator): create_people_table> on 2023-11-09 00:00:00+00:00
[2023-11-10T09:55:47.207+0000] {standard_task_runner.py:55} INFO - Started process 3907 to run task
[2023-11-10T09:55:47.209+0000] {standard_task_runner.py:82} INFO - Running: ['***', 'tasks', 'run', 'people', 'create_people_table', 'scheduled__2023-11-09T00:00:00+00:00', '--job-id', '448', '--raw', '--subdir', 'DAGS_FOLDER/people.py', '--cfg-path', '/tmp/tmpd1tiriul']
[2023-11-10T09:55:47.212+0000] {standard_task_runner.py:83} INFO - Job 448: Subtask create_people_table
[2023-11-10T09:55:47.297+0000] {task_command.py:389} INFO - Running <TaskInstance: people.create_people_table scheduled__2023-11-09T00:00:00+00:00 [running]> on host e9f864b40c90
[2023-11-10T09:55:48.221+0000] {taskinstance.py:1513} INFO - Exporting the following env vars:
AIRFLOW_CTX_DAG_OWNER=***
AIRFLOW_CTX_DAG_ID=people
AIRFLOW_CTX_TASK_ID=create_people_table
AIRFLOW_CTX_EXECUTION_DATE=2023-11-09T00:00:00+00:00
AIRFLOW_CTX_TRY_NUMBER=1
AIRFLOW_CTX_DAG_RUN_ID=scheduled__2023-11-09T00:00:00+00:00
[2023-11-10T09:55:48.222+0000] {sql.py:253} INFO - Executing: 
        CREATE TABLE IF NOT EXISTS people (
            Index INT NOT NULL primary key,
            User_Id varchar(100),
            First_Name varchar(100),
            Last_Name varchar(100),
            Sex varchar(100),
            Email varchar(100),
            Phone varchar(100),
            Date_of_birth Date,
            Job_title varchar(100)
        );
    
[2023-11-10T09:55:48.239+0000] {base.py:73} INFO - Using connection ID 'postgres' for task execution.
[2023-11-10T09:55:48.572+0000] {base.py:73} INFO - Using connection ID 'postgres' for task execution.
[2023-11-10T09:55:48.578+0000] {sql.py:364} INFO - Running statement: 
        CREATE TABLE IF NOT EXISTS people (
            Index INT NOT NULL primary key,
            User_Id varchar(100),
            First_Name varchar(100),
            Last_Name varchar(100),
            Sex varchar(100),
            Email varchar(100),
            Phone varchar(100),
            Date_of_birth Date,
            Job_title varchar(100)
        );
    , parameters: None
[2023-11-10T09:55:48.592+0000] {taskinstance.py:1327} INFO - Marking task as SUCCESS. dag_id=people, task_id=create_people_table, execution_date=20231109T000000, start_date=20231110T095547, end_date=20231110T095548
[2023-11-10T09:55:48.687+0000] {local_task_job.py:159} INFO - Task exited with return code 0
[2023-11-10T09:55:48.738+0000] {taskinstance.py:2582} INFO - 1 downstream tasks scheduled from follow-on schedule check
