[2023-11-08T13:40:18.968+0000] {taskinstance.py:1087} INFO - Dependencies all met for <TaskInstance: customers.save_customers_to_excel manual__2023-11-08T13:40:12.448918+00:00 [queued]>
[2023-11-08T13:40:18.981+0000] {taskinstance.py:1087} INFO - Dependencies all met for <TaskInstance: customers.save_customers_to_excel manual__2023-11-08T13:40:12.448918+00:00 [queued]>
[2023-11-08T13:40:18.982+0000] {taskinstance.py:1283} INFO - 
--------------------------------------------------------------------------------
[2023-11-08T13:40:18.983+0000] {taskinstance.py:1284} INFO - Starting attempt 1 of 1
[2023-11-08T13:40:18.983+0000] {taskinstance.py:1285} INFO - 
--------------------------------------------------------------------------------
[2023-11-08T13:40:19.002+0000] {taskinstance.py:1304} INFO - Executing <Task(PythonOperator): save_customers_to_excel> on 2023-11-08 13:40:12.448918+00:00
[2023-11-08T13:40:19.009+0000] {standard_task_runner.py:55} INFO - Started process 2091 to run task
[2023-11-08T13:40:19.012+0000] {standard_task_runner.py:82} INFO - Running: ['***', 'tasks', 'run', 'customers', 'save_customers_to_excel', 'manual__2023-11-08T13:40:12.448918+00:00', '--job-id', '26', '--raw', '--subdir', 'DAGS_FOLDER/customer_1.py', '--cfg-path', '/tmp/tmp6e1j2qfd']
[2023-11-08T13:40:19.014+0000] {standard_task_runner.py:83} INFO - Job 26: Subtask save_customers_to_excel
[2023-11-08T13:40:19.091+0000] {task_command.py:389} INFO - Running <TaskInstance: customers.save_customers_to_excel manual__2023-11-08T13:40:12.448918+00:00 [running]> on host 6287529917c2
[2023-11-08T13:40:19.181+0000] {taskinstance.py:1513} INFO - Exporting the following env vars:
AIRFLOW_CTX_DAG_OWNER=***
AIRFLOW_CTX_DAG_ID=customers
AIRFLOW_CTX_TASK_ID=save_customers_to_excel
AIRFLOW_CTX_EXECUTION_DATE=2023-11-08T13:40:12.448918+00:00
AIRFLOW_CTX_TRY_NUMBER=1
AIRFLOW_CTX_DAG_RUN_ID=manual__2023-11-08T13:40:12.448918+00:00
[2023-11-08T13:40:19.192+0000] {base.py:73} INFO - Using connection ID 'postgres' for task execution.
[2023-11-08T13:40:19.450+0000] {base.py:73} INFO - Using connection ID 'postgres' for task execution.
[2023-11-08T13:40:19.523+0000] {python.py:177} INFO - Done. Returned value was: None
[2023-11-08T13:40:19.536+0000] {taskinstance.py:1327} INFO - Marking task as SUCCESS. dag_id=customers, task_id=save_customers_to_excel, execution_date=20231108T134012, start_date=20231108T134018, end_date=20231108T134019
[2023-11-08T13:40:19.586+0000] {local_task_job.py:159} INFO - Task exited with return code 0
[2023-11-08T13:40:19.621+0000] {taskinstance.py:2582} INFO - 0 downstream tasks scheduled from follow-on schedule check
