[2023-11-10T14:16:00.507+0000] {taskinstance.py:1087} INFO - Dependencies all met for <TaskInstance: people.read_people manual__2023-11-10T14:15:55.601918+00:00 [queued]>
[2023-11-10T14:16:00.558+0000] {taskinstance.py:1087} INFO - Dependencies all met for <TaskInstance: people.read_people manual__2023-11-10T14:15:55.601918+00:00 [queued]>
[2023-11-10T14:16:00.565+0000] {taskinstance.py:1283} INFO - 
--------------------------------------------------------------------------------
[2023-11-10T14:16:00.568+0000] {taskinstance.py:1284} INFO - Starting attempt 1 of 1
[2023-11-10T14:16:00.572+0000] {taskinstance.py:1285} INFO - 
--------------------------------------------------------------------------------
[2023-11-10T14:16:00.642+0000] {taskinstance.py:1304} INFO - Executing <Task(PythonOperator): read_people> on 2023-11-10 14:15:55.601918+00:00
[2023-11-10T14:16:00.649+0000] {standard_task_runner.py:55} INFO - Started process 457 to run task
[2023-11-10T14:16:00.654+0000] {standard_task_runner.py:82} INFO - Running: ['***', 'tasks', 'run', 'people', 'read_people', 'manual__2023-11-10T14:15:55.601918+00:00', '--job-id', '508', '--raw', '--subdir', 'DAGS_FOLDER/people.py', '--cfg-path', '/tmp/tmpatv02eeb']
[2023-11-10T14:16:00.657+0000] {standard_task_runner.py:83} INFO - Job 508: Subtask read_people
[2023-11-10T14:16:00.817+0000] {task_command.py:389} INFO - Running <TaskInstance: people.read_people manual__2023-11-10T14:15:55.601918+00:00 [running]> on host ae05fe974d8d
[2023-11-10T14:16:01.142+0000] {taskinstance.py:1513} INFO - Exporting the following env vars:
AIRFLOW_CTX_DAG_OWNER=Tetiana
AIRFLOW_CTX_DAG_ID=people
AIRFLOW_CTX_TASK_ID=read_people
AIRFLOW_CTX_EXECUTION_DATE=2023-11-10T14:15:55.601918+00:00
AIRFLOW_CTX_TRY_NUMBER=1
AIRFLOW_CTX_DAG_RUN_ID=manual__2023-11-10T14:15:55.601918+00:00
[2023-11-10T14:16:01.214+0000] {base.py:73} INFO - Using connection ID 'postgres' for task execution.
[2023-11-10T14:16:01.267+0000] {sql.py:462} INFO - Done loading. Loaded a total of 113 rows into people
[2023-11-10T14:16:01.269+0000] {python.py:177} INFO - Done. Returned value was: None
[2023-11-10T14:16:01.281+0000] {taskinstance.py:1327} INFO - Marking task as SUCCESS. dag_id=people, task_id=read_people, execution_date=20231110T141555, start_date=20231110T141600, end_date=20231110T141601
[2023-11-10T14:16:01.330+0000] {local_task_job.py:159} INFO - Task exited with return code 0
[2023-11-10T14:16:01.357+0000] {taskinstance.py:2582} INFO - 1 downstream tasks scheduled from follow-on schedule check
