[2023-11-01T18:35:46.969+0000] {taskinstance.py:1165} INFO - Dependencies all met for <TaskInstance: consumer.read_dataset dataset_triggered__2023-11-01T18:35:45.913316+00:00 [queued]>
[2023-11-01T18:35:46.983+0000] {taskinstance.py:1165} INFO - Dependencies all met for <TaskInstance: consumer.read_dataset dataset_triggered__2023-11-01T18:35:45.913316+00:00 [queued]>
[2023-11-01T18:35:46.984+0000] {taskinstance.py:1362} INFO - 
--------------------------------------------------------------------------------
[2023-11-01T18:35:46.984+0000] {taskinstance.py:1363} INFO - Starting attempt 1 of 1
[2023-11-01T18:35:46.985+0000] {taskinstance.py:1364} INFO - 
--------------------------------------------------------------------------------
[2023-11-01T18:35:47.004+0000] {taskinstance.py:1383} INFO - Executing <Task(_PythonDecoratedOperator): read_dataset> on 2023-11-01 18:35:45.913316+00:00
[2023-11-01T18:35:47.010+0000] {standard_task_runner.py:55} INFO - Started process 449 to run task
[2023-11-01T18:35:47.013+0000] {standard_task_runner.py:82} INFO - Running: ['***', 'tasks', 'run', 'consumer', 'read_dataset', 'dataset_triggered__2023-11-01T18:35:45.913316+00:00', '--job-id', '7', '--raw', '--subdir', 'DAGS_FOLDER/consumer.py', '--cfg-path', '/tmp/tmpipv_jdre']
[2023-11-01T18:35:47.014+0000] {standard_task_runner.py:83} INFO - Job 7: Subtask read_dataset
[2023-11-01T18:35:47.096+0000] {task_command.py:376} INFO - Running <TaskInstance: consumer.read_dataset dataset_triggered__2023-11-01T18:35:45.913316+00:00 [running]> on host 0cef1f60f87e
[2023-11-01T18:35:47.178+0000] {taskinstance.py:1592} INFO - Exporting the following env vars:
AIRFLOW_CTX_DAG_OWNER=***
AIRFLOW_CTX_DAG_ID=consumer
AIRFLOW_CTX_TASK_ID=read_dataset
AIRFLOW_CTX_EXECUTION_DATE=2023-11-01T18:35:45.913316+00:00
AIRFLOW_CTX_TRY_NUMBER=1
AIRFLOW_CTX_DAG_RUN_ID=dataset_triggered__2023-11-01T18:35:45.913316+00:00
[2023-11-01T18:35:47.180+0000] {logging_mixin.py:120} INFO - producer update
[2023-11-01T18:35:47.180+0000] {python.py:177} INFO - Done. Returned value was: None
[2023-11-01T18:35:47.192+0000] {taskinstance.py:1406} INFO - Marking task as SUCCESS. dag_id=consumer, task_id=read_dataset, execution_date=20231101T183545, start_date=20231101T183546, end_date=20231101T183547
[2023-11-01T18:35:47.226+0000] {local_task_job.py:164} INFO - Task exited with return code 0
[2023-11-01T18:35:47.253+0000] {local_task_job.py:273} INFO - 0 downstream tasks scheduled from follow-on schedule check
