[2023-11-05T13:27:05.547+0000] {taskinstance.py:1165} INFO - Dependencies all met for <TaskInstance: customers.save_customers_to_excel manual__2023-11-05T13:27:00.306562+00:00 [queued]>
[2023-11-05T13:27:05.563+0000] {taskinstance.py:1165} INFO - Dependencies all met for <TaskInstance: customers.save_customers_to_excel manual__2023-11-05T13:27:00.306562+00:00 [queued]>
[2023-11-05T13:27:05.564+0000] {taskinstance.py:1362} INFO - 
--------------------------------------------------------------------------------
[2023-11-05T13:27:05.565+0000] {taskinstance.py:1363} INFO - Starting attempt 1 of 1
[2023-11-05T13:27:05.565+0000] {taskinstance.py:1364} INFO - 
--------------------------------------------------------------------------------
[2023-11-05T13:27:05.585+0000] {taskinstance.py:1383} INFO - Executing <Task(PythonOperator): save_customers_to_excel> on 2023-11-05 13:27:00.306562+00:00
[2023-11-05T13:27:05.592+0000] {standard_task_runner.py:55} INFO - Started process 9350 to run task
[2023-11-05T13:27:05.595+0000] {standard_task_runner.py:82} INFO - Running: ['***', 'tasks', 'run', 'customers', 'save_customers_to_excel', 'manual__2023-11-05T13:27:00.306562+00:00', '--job-id', '350', '--raw', '--subdir', 'DAGS_FOLDER/customers.py', '--cfg-path', '/tmp/tmpkj3cn1dv']
[2023-11-05T13:27:05.597+0000] {standard_task_runner.py:83} INFO - Job 350: Subtask save_customers_to_excel
[2023-11-05T13:27:05.666+0000] {task_command.py:376} INFO - Running <TaskInstance: customers.save_customers_to_excel manual__2023-11-05T13:27:00.306562+00:00 [running]> on host 9d85c6014d6e
[2023-11-05T13:27:05.752+0000] {taskinstance.py:1592} INFO - Exporting the following env vars:
AIRFLOW_CTX_DAG_OWNER=***
AIRFLOW_CTX_DAG_ID=customers
AIRFLOW_CTX_TASK_ID=save_customers_to_excel
AIRFLOW_CTX_EXECUTION_DATE=2023-11-05T13:27:00.306562+00:00
AIRFLOW_CTX_TRY_NUMBER=1
AIRFLOW_CTX_DAG_RUN_ID=manual__2023-11-05T13:27:00.306562+00:00
[2023-11-05T13:27:05.763+0000] {base.py:71} INFO - Using connection ID 'postgres' for task execution.
[2023-11-05T13:27:06.300+0000] {python.py:177} INFO - Done. Returned value was: None
[2023-11-05T13:27:06.318+0000] {taskinstance.py:1406} INFO - Marking task as SUCCESS. dag_id=customers, task_id=save_customers_to_excel, execution_date=20231105T132700, start_date=20231105T132705, end_date=20231105T132706
[2023-11-05T13:27:06.369+0000] {local_task_job.py:164} INFO - Task exited with return code 0
[2023-11-05T13:27:06.393+0000] {local_task_job.py:273} INFO - 0 downstream tasks scheduled from follow-on schedule check
