[2023-11-10T08:34:43.195+0000] {taskinstance.py:1087} INFO - Dependencies all met for <TaskInstance: customers.save_customers_to_excel manual__2023-11-10T08:34:35.166013+00:00 [queued]>
[2023-11-10T08:34:43.222+0000] {taskinstance.py:1087} INFO - Dependencies all met for <TaskInstance: customers.save_customers_to_excel manual__2023-11-10T08:34:35.166013+00:00 [queued]>
[2023-11-10T08:34:43.223+0000] {taskinstance.py:1283} INFO - 
--------------------------------------------------------------------------------
[2023-11-10T08:34:43.226+0000] {taskinstance.py:1284} INFO - Starting attempt 1 of 1
[2023-11-10T08:34:43.227+0000] {taskinstance.py:1285} INFO - 
--------------------------------------------------------------------------------
[2023-11-10T08:34:43.254+0000] {taskinstance.py:1304} INFO - Executing <Task(PythonOperator): save_customers_to_excel> on 2023-11-10 08:34:35.166013+00:00
[2023-11-10T08:34:43.282+0000] {standard_task_runner.py:55} INFO - Started process 525 to run task
[2023-11-10T08:34:43.308+0000] {standard_task_runner.py:82} INFO - Running: ['***', 'tasks', 'run', 'customers', 'save_customers_to_excel', 'manual__2023-11-10T08:34:35.166013+00:00', '--job-id', '397', '--raw', '--subdir', 'DAGS_FOLDER/customer.py', '--cfg-path', '/tmp/tmpoqlr2oqo']
[2023-11-10T08:34:43.318+0000] {standard_task_runner.py:83} INFO - Job 397: Subtask save_customers_to_excel
[2023-11-10T08:34:43.457+0000] {task_command.py:389} INFO - Running <TaskInstance: customers.save_customers_to_excel manual__2023-11-10T08:34:35.166013+00:00 [running]> on host f75f09223c8b
[2023-11-10T08:34:43.777+0000] {taskinstance.py:1513} INFO - Exporting the following env vars:
AIRFLOW_CTX_DAG_OWNER=Tetiana
AIRFLOW_CTX_DAG_ID=customers
AIRFLOW_CTX_TASK_ID=save_customers_to_excel
AIRFLOW_CTX_EXECUTION_DATE=2023-11-10T08:34:35.166013+00:00
AIRFLOW_CTX_TRY_NUMBER=1
AIRFLOW_CTX_DAG_RUN_ID=manual__2023-11-10T08:34:35.166013+00:00
[2023-11-10T08:34:43.857+0000] {base.py:73} INFO - Using connection ID 'postgres' for task execution.
[2023-11-10T08:34:43.923+0000] {python.py:177} INFO - Done. Returned value was: None
[2023-11-10T08:34:43.937+0000] {taskinstance.py:1327} INFO - Marking task as SUCCESS. dag_id=customers, task_id=save_customers_to_excel, execution_date=20231110T083435, start_date=20231110T083443, end_date=20231110T083443
[2023-11-10T08:34:44.007+0000] {local_task_job.py:159} INFO - Task exited with return code 0
[2023-11-10T08:34:44.034+0000] {taskinstance.py:2582} INFO - 0 downstream tasks scheduled from follow-on schedule check
