[2023-11-10T08:34:07.032+0000] {taskinstance.py:1087} INFO - Dependencies all met for <TaskInstance: customers.save_customers_to_excel scheduled__2023-11-09T00:00:00+00:00 [queued]>
[2023-11-10T08:34:07.052+0000] {taskinstance.py:1087} INFO - Dependencies all met for <TaskInstance: customers.save_customers_to_excel scheduled__2023-11-09T00:00:00+00:00 [queued]>
[2023-11-10T08:34:07.053+0000] {taskinstance.py:1283} INFO - 
--------------------------------------------------------------------------------
[2023-11-10T08:34:07.054+0000] {taskinstance.py:1284} INFO - Starting attempt 1 of 1
[2023-11-10T08:34:07.054+0000] {taskinstance.py:1285} INFO - 
--------------------------------------------------------------------------------
[2023-11-10T08:34:07.079+0000] {taskinstance.py:1304} INFO - Executing <Task(PythonOperator): save_customers_to_excel> on 2023-11-09 00:00:00+00:00
[2023-11-10T08:34:07.096+0000] {standard_task_runner.py:55} INFO - Started process 482 to run task
[2023-11-10T08:34:07.109+0000] {standard_task_runner.py:82} INFO - Running: ['***', 'tasks', 'run', 'customers', 'save_customers_to_excel', 'scheduled__2023-11-09T00:00:00+00:00', '--job-id', '394', '--raw', '--subdir', 'DAGS_FOLDER/customers_.py', '--cfg-path', '/tmp/tmpxo48er7x']
[2023-11-10T08:34:07.143+0000] {standard_task_runner.py:83} INFO - Job 394: Subtask save_customers_to_excel
[2023-11-10T08:34:07.255+0000] {task_command.py:389} INFO - Running <TaskInstance: customers.save_customers_to_excel scheduled__2023-11-09T00:00:00+00:00 [running]> on host f75f09223c8b
[2023-11-10T08:34:07.568+0000] {taskinstance.py:1513} INFO - Exporting the following env vars:
AIRFLOW_CTX_DAG_OWNER=Tetiana
AIRFLOW_CTX_DAG_ID=customers
AIRFLOW_CTX_TASK_ID=save_customers_to_excel
AIRFLOW_CTX_EXECUTION_DATE=2023-11-09T00:00:00+00:00
AIRFLOW_CTX_TRY_NUMBER=1
AIRFLOW_CTX_DAG_RUN_ID=scheduled__2023-11-09T00:00:00+00:00
[2023-11-10T08:34:07.615+0000] {base.py:73} INFO - Using connection ID 'postgres' for task execution.
[2023-11-10T08:34:07.680+0000] {python.py:177} INFO - Done. Returned value was: None
[2023-11-10T08:34:07.695+0000] {taskinstance.py:1327} INFO - Marking task as SUCCESS. dag_id=customers, task_id=save_customers_to_excel, execution_date=20231109T000000, start_date=20231110T083407, end_date=20231110T083407
[2023-11-10T08:34:07.764+0000] {local_task_job.py:159} INFO - Task exited with return code 0
[2023-11-10T08:34:07.786+0000] {taskinstance.py:2582} INFO - 0 downstream tasks scheduled from follow-on schedule check
[2023-11-10T10:01:23.303+0000] {taskinstance.py:1087} INFO - Dependencies all met for <TaskInstance: customers.save_customers_to_excel scheduled__2023-11-09T00:00:00+00:00 [queued]>
[2023-11-10T10:01:23.320+0000] {taskinstance.py:1087} INFO - Dependencies all met for <TaskInstance: customers.save_customers_to_excel scheduled__2023-11-09T00:00:00+00:00 [queued]>
[2023-11-10T10:01:23.321+0000] {taskinstance.py:1283} INFO - 
--------------------------------------------------------------------------------
[2023-11-10T10:01:23.322+0000] {taskinstance.py:1284} INFO - Starting attempt 1 of 1
[2023-11-10T10:01:23.322+0000] {taskinstance.py:1285} INFO - 
--------------------------------------------------------------------------------
[2023-11-10T10:01:23.343+0000] {taskinstance.py:1304} INFO - Executing <Task(PythonOperator): save_customers_to_excel> on 2023-11-09 00:00:00+00:00
[2023-11-10T10:01:23.349+0000] {standard_task_runner.py:55} INFO - Started process 170 to run task
[2023-11-10T10:01:23.353+0000] {standard_task_runner.py:82} INFO - Running: ['***', 'tasks', 'run', 'customers', 'save_customers_to_excel', 'scheduled__2023-11-09T00:00:00+00:00', '--job-id', '460', '--raw', '--subdir', 'DAGS_FOLDER/customer_1.py', '--cfg-path', '/tmp/tmp9u73ix3c']
[2023-11-10T10:01:23.355+0000] {standard_task_runner.py:83} INFO - Job 460: Subtask save_customers_to_excel
[2023-11-10T10:01:23.426+0000] {task_command.py:389} INFO - Running <TaskInstance: customers.save_customers_to_excel scheduled__2023-11-09T00:00:00+00:00 [running]> on host d0fe49b6b32b
[2023-11-10T10:01:23.515+0000] {taskinstance.py:1513} INFO - Exporting the following env vars:
AIRFLOW_CTX_DAG_OWNER=***
AIRFLOW_CTX_DAG_ID=customers
AIRFLOW_CTX_TASK_ID=save_customers_to_excel
AIRFLOW_CTX_EXECUTION_DATE=2023-11-09T00:00:00+00:00
AIRFLOW_CTX_TRY_NUMBER=1
AIRFLOW_CTX_DAG_RUN_ID=scheduled__2023-11-09T00:00:00+00:00
[2023-11-10T10:01:23.691+0000] {base.py:73} INFO - Using connection ID 'postgres' for task execution.
[2023-11-10T10:01:23.790+0000] {base.py:73} INFO - Using connection ID 'postgres' for task execution.
[2023-11-10T10:01:23.874+0000] {python.py:177} INFO - Done. Returned value was: None
[2023-11-10T10:01:23.888+0000] {taskinstance.py:1327} INFO - Marking task as SUCCESS. dag_id=customers, task_id=save_customers_to_excel, execution_date=20231109T000000, start_date=20231110T100123, end_date=20231110T100123
[2023-11-10T10:01:23.927+0000] {local_task_job.py:159} INFO - Task exited with return code 0
[2023-11-10T10:01:23.950+0000] {taskinstance.py:2582} INFO - 0 downstream tasks scheduled from follow-on schedule check
