[2023-11-01T19:55:02.553+0000] {taskinstance.py:1165} INFO - Dependencies all met for <TaskInstance: xcom_dag.t3 scheduled__2023-10-31T00:00:00+00:00 [queued]>
[2023-11-01T19:55:02.568+0000] {taskinstance.py:1165} INFO - Dependencies all met for <TaskInstance: xcom_dag.t3 scheduled__2023-10-31T00:00:00+00:00 [queued]>
[2023-11-01T19:55:02.568+0000] {taskinstance.py:1362} INFO - 
--------------------------------------------------------------------------------
[2023-11-01T19:55:02.569+0000] {taskinstance.py:1363} INFO - Starting attempt 1 of 1
[2023-11-01T19:55:02.569+0000] {taskinstance.py:1364} INFO - 
--------------------------------------------------------------------------------
[2023-11-01T19:55:02.595+0000] {taskinstance.py:1383} INFO - Executing <Task(BashOperator): t3> on 2023-10-31 00:00:00+00:00
[2023-11-01T19:55:02.601+0000] {standard_task_runner.py:55} INFO - Started process 1478 to run task
[2023-11-01T19:55:02.604+0000] {standard_task_runner.py:82} INFO - Running: ['***', 'tasks', 'run', 'xcom_dag', 't3', 'scheduled__2023-10-31T00:00:00+00:00', '--job-id', '13', '--raw', '--subdir', 'DAGS_FOLDER/xcom_dag.py', '--cfg-path', '/tmp/tmp82f_6bo9']
[2023-11-01T19:55:02.605+0000] {standard_task_runner.py:83} INFO - Job 13: Subtask t3
[2023-11-01T19:55:02.671+0000] {task_command.py:376} INFO - Running <TaskInstance: xcom_dag.t3 scheduled__2023-10-31T00:00:00+00:00 [running]> on host 3779655fe886
[2023-11-01T19:55:02.759+0000] {taskinstance.py:1592} INFO - Exporting the following env vars:
AIRFLOW_CTX_DAG_OWNER=***
AIRFLOW_CTX_DAG_ID=xcom_dag
AIRFLOW_CTX_TASK_ID=t3
AIRFLOW_CTX_EXECUTION_DATE=2023-10-31T00:00:00+00:00
AIRFLOW_CTX_TRY_NUMBER=1
AIRFLOW_CTX_DAG_RUN_ID=scheduled__2023-10-31T00:00:00+00:00
[2023-11-01T19:55:02.760+0000] {subprocess.py:63} INFO - Tmp dir root location: 
 /tmp
[2023-11-01T19:55:02.762+0000] {subprocess.py:75} INFO - Running command: ['/bin/bash', '-c', "echo ''"]
[2023-11-01T19:55:02.773+0000] {subprocess.py:86} INFO - Output:
[2023-11-01T19:55:02.774+0000] {subprocess.py:93} INFO - 
[2023-11-01T19:55:02.775+0000] {subprocess.py:97} INFO - Command exited with return code 0
[2023-11-01T19:55:02.809+0000] {taskinstance.py:1406} INFO - Marking task as SUCCESS. dag_id=xcom_dag, task_id=t3, execution_date=20231031T000000, start_date=20231101T195502, end_date=20231101T195502
[2023-11-01T19:55:02.856+0000] {local_task_job.py:164} INFO - Task exited with return code 0
[2023-11-01T19:55:02.882+0000] {local_task_job.py:273} INFO - 0 downstream tasks scheduled from follow-on schedule check
