[2023-11-05T13:46:32.468+0000] {taskinstance.py:1165} INFO - Dependencies all met for <TaskInstance: customers.save_customers_to_excel manual__2023-11-05T13:46:26.466719+00:00 [queued]>
[2023-11-05T13:46:32.483+0000] {taskinstance.py:1165} INFO - Dependencies all met for <TaskInstance: customers.save_customers_to_excel manual__2023-11-05T13:46:26.466719+00:00 [queued]>
[2023-11-05T13:46:32.484+0000] {taskinstance.py:1362} INFO - 
--------------------------------------------------------------------------------
[2023-11-05T13:46:32.485+0000] {taskinstance.py:1363} INFO - Starting attempt 1 of 1
[2023-11-05T13:46:32.486+0000] {taskinstance.py:1364} INFO - 
--------------------------------------------------------------------------------
[2023-11-05T13:46:32.507+0000] {taskinstance.py:1383} INFO - Executing <Task(PythonOperator): save_customers_to_excel> on 2023-11-05 13:46:26.466719+00:00
[2023-11-05T13:46:32.513+0000] {standard_task_runner.py:55} INFO - Started process 10315 to run task
[2023-11-05T13:46:32.517+0000] {standard_task_runner.py:82} INFO - Running: ['***', 'tasks', 'run', 'customers', 'save_customers_to_excel', 'manual__2023-11-05T13:46:26.466719+00:00', '--job-id', '380', '--raw', '--subdir', 'DAGS_FOLDER/customers.py', '--cfg-path', '/tmp/tmp12x1okai']
[2023-11-05T13:46:32.519+0000] {standard_task_runner.py:83} INFO - Job 380: Subtask save_customers_to_excel
[2023-11-05T13:46:32.623+0000] {task_command.py:376} INFO - Running <TaskInstance: customers.save_customers_to_excel manual__2023-11-05T13:46:26.466719+00:00 [running]> on host 9d85c6014d6e
[2023-11-05T13:46:32.708+0000] {taskinstance.py:1592} INFO - Exporting the following env vars:
AIRFLOW_CTX_DAG_OWNER=***
AIRFLOW_CTX_DAG_ID=customers
AIRFLOW_CTX_TASK_ID=save_customers_to_excel
AIRFLOW_CTX_EXECUTION_DATE=2023-11-05T13:46:26.466719+00:00
AIRFLOW_CTX_TRY_NUMBER=1
AIRFLOW_CTX_DAG_RUN_ID=manual__2023-11-05T13:46:26.466719+00:00
[2023-11-05T13:46:32.719+0000] {base.py:71} INFO - Using connection ID 'postgres' for task execution.
[2023-11-05T13:46:33.063+0000] {taskinstance.py:1851} ERROR - Task failed with exception
Traceback (most recent call last):
  File "/home/airflow/.local/lib/python3.7/site-packages/airflow/operators/python.py", line 175, in execute
    return_value = self.execute_callable()
  File "/home/airflow/.local/lib/python3.7/site-packages/airflow/operators/python.py", line 193, in execute_callable
    return self.python_callable(*self.op_args, **self.op_kwargs)
  File "/opt/airflow/dags/customers.py", line 63, in _save_customers_to_excel
    with pandas.ExcelWriter(customers_file, mode = 'a', if_sheet_exists= 'replace') as writer:
  File "/home/airflow/.local/lib/python3.7/site-packages/pandas/io/excel/_openpyxl.py", line 65, in __init__
    self.book = load_workbook(self.handles.handle)
  File "/home/airflow/.local/lib/python3.7/site-packages/openpyxl/reader/excel.py", line 345, in load_workbook
    data_only, keep_links, rich_text)
  File "/home/airflow/.local/lib/python3.7/site-packages/openpyxl/reader/excel.py", line 123, in __init__
    self.archive = _validate_archive(fn)
  File "/home/airflow/.local/lib/python3.7/site-packages/openpyxl/reader/excel.py", line 95, in _validate_archive
    archive = ZipFile(filename, 'r')
  File "/usr/local/lib/python3.7/zipfile.py", line 1258, in __init__
    self._RealGetContents()
  File "/usr/local/lib/python3.7/zipfile.py", line 1325, in _RealGetContents
    raise BadZipFile("File is not a zip file")
zipfile.BadZipFile: File is not a zip file
[2023-11-05T13:46:33.083+0000] {taskinstance.py:1406} INFO - Marking task as FAILED. dag_id=customers, task_id=save_customers_to_excel, execution_date=20231105T134626, start_date=20231105T134632, end_date=20231105T134633
[2023-11-05T13:46:33.098+0000] {standard_task_runner.py:105} ERROR - Failed to execute job 380 for task save_customers_to_excel (File is not a zip file; 10315)
[2023-11-05T13:46:33.130+0000] {local_task_job.py:164} INFO - Task exited with return code 1
[2023-11-05T13:46:33.155+0000] {local_task_job.py:273} INFO - 0 downstream tasks scheduled from follow-on schedule check
