[2023-11-03T16:13:36.661+0000] {taskinstance.py:1165} INFO - Dependencies all met for <TaskInstance: people.read_people manual__2023-11-03T16:13:32.747347+00:00 [queued]>
[2023-11-03T16:13:36.680+0000] {taskinstance.py:1165} INFO - Dependencies all met for <TaskInstance: people.read_people manual__2023-11-03T16:13:32.747347+00:00 [queued]>
[2023-11-03T16:13:36.681+0000] {taskinstance.py:1362} INFO - 
--------------------------------------------------------------------------------
[2023-11-03T16:13:36.682+0000] {taskinstance.py:1363} INFO - Starting attempt 1 of 1
[2023-11-03T16:13:36.682+0000] {taskinstance.py:1364} INFO - 
--------------------------------------------------------------------------------
[2023-11-03T16:13:36.705+0000] {taskinstance.py:1383} INFO - Executing <Task(PythonOperator): read_people> on 2023-11-03 16:13:32.747347+00:00
[2023-11-03T16:13:36.713+0000] {standard_task_runner.py:55} INFO - Started process 2866 to run task
[2023-11-03T16:13:36.723+0000] {standard_task_runner.py:82} INFO - Running: ['***', 'tasks', 'run', 'people', 'read_people', 'manual__2023-11-03T16:13:32.747347+00:00', '--job-id', '83', '--raw', '--subdir', 'DAGS_FOLDER/people.py', '--cfg-path', '/tmp/tmpaelg138x']
[2023-11-03T16:13:36.733+0000] {standard_task_runner.py:83} INFO - Job 83: Subtask read_people
[2023-11-03T16:13:36.852+0000] {task_command.py:376} INFO - Running <TaskInstance: people.read_people manual__2023-11-03T16:13:32.747347+00:00 [running]> on host 113d79be32ee
[2023-11-03T16:13:36.941+0000] {taskinstance.py:1592} INFO - Exporting the following env vars:
AIRFLOW_CTX_DAG_OWNER=***
AIRFLOW_CTX_DAG_ID=people
AIRFLOW_CTX_TASK_ID=read_people
AIRFLOW_CTX_EXECUTION_DATE=2023-11-03T16:13:32.747347+00:00
AIRFLOW_CTX_TRY_NUMBER=1
AIRFLOW_CTX_DAG_RUN_ID=manual__2023-11-03T16:13:32.747347+00:00
[2023-11-03T16:13:36.946+0000] {taskinstance.py:1851} ERROR - Task failed with exception
Traceback (most recent call last):
  File "/home/airflow/.local/lib/python3.7/site-packages/airflow/operators/python.py", line 175, in execute
    return_value = self.execute_callable()
  File "/home/airflow/.local/lib/python3.7/site-packages/airflow/operators/python.py", line 193, in execute_callable
    return self.python_callable(*self.op_args, **self.op_kwargs)
  File "/opt/airflow/dags/people.py", line 20, in _read_people
    int(row[0]),
ValueError: invalid literal for int() with base 10: '"10'
[2023-11-03T16:13:36.969+0000] {taskinstance.py:1406} INFO - Marking task as FAILED. dag_id=people, task_id=read_people, execution_date=20231103T161332, start_date=20231103T161336, end_date=20231103T161336
[2023-11-03T16:13:36.990+0000] {standard_task_runner.py:105} ERROR - Failed to execute job 83 for task read_people (invalid literal for int() with base 10: '"10'; 2866)
[2023-11-03T16:13:37.011+0000] {local_task_job.py:164} INFO - Task exited with return code 1
[2023-11-03T16:13:37.033+0000] {local_task_job.py:273} INFO - 0 downstream tasks scheduled from follow-on schedule check
