[2023-11-11T11:32:24.182+0000] {taskinstance.py:1087} INFO - Dependencies all met for <TaskInstance: people.save_people_to_excel scheduled__2023-11-10T00:00:00+00:00 [queued]>
[2023-11-11T11:32:24.214+0000] {taskinstance.py:1087} INFO - Dependencies all met for <TaskInstance: people.save_people_to_excel scheduled__2023-11-10T00:00:00+00:00 [queued]>
[2023-11-11T11:32:24.215+0000] {taskinstance.py:1283} INFO - 
--------------------------------------------------------------------------------
[2023-11-11T11:32:24.217+0000] {taskinstance.py:1284} INFO - Starting attempt 1 of 1
[2023-11-11T11:32:24.218+0000] {taskinstance.py:1285} INFO - 
--------------------------------------------------------------------------------
[2023-11-11T11:32:24.256+0000] {taskinstance.py:1304} INFO - Executing <Task(PythonOperator): save_people_to_excel> on 2023-11-10 00:00:00+00:00
[2023-11-11T11:32:24.263+0000] {standard_task_runner.py:55} INFO - Started process 6518 to run task
[2023-11-11T11:32:24.279+0000] {standard_task_runner.py:82} INFO - Running: ['***', 'tasks', 'run', 'people', 'save_people_to_excel', 'scheduled__2023-11-10T00:00:00+00:00', '--job-id', '524', '--raw', '--subdir', 'DAGS_FOLDER/people.py', '--cfg-path', '/tmp/tmp2mtckbek']
[2023-11-11T11:32:24.283+0000] {standard_task_runner.py:83} INFO - Job 524: Subtask save_people_to_excel
[2023-11-11T11:32:24.380+0000] {task_command.py:389} INFO - Running <TaskInstance: people.save_people_to_excel scheduled__2023-11-10T00:00:00+00:00 [running]> on host ae05fe974d8d
[2023-11-11T11:32:25.434+0000] {taskinstance.py:1513} INFO - Exporting the following env vars:
AIRFLOW_CTX_DAG_OWNER=Tetiana
AIRFLOW_CTX_DAG_ID=people
AIRFLOW_CTX_TASK_ID=save_people_to_excel
AIRFLOW_CTX_EXECUTION_DATE=2023-11-10T00:00:00+00:00
AIRFLOW_CTX_TRY_NUMBER=1
AIRFLOW_CTX_DAG_RUN_ID=scheduled__2023-11-10T00:00:00+00:00
[2023-11-11T11:32:25.534+0000] {base.py:73} INFO - Using connection ID 'postgres' for task execution.
[2023-11-11T11:32:25.625+0000] {python.py:177} INFO - Done. Returned value was: None
[2023-11-11T11:32:25.639+0000] {taskinstance.py:1327} INFO - Marking task as SUCCESS. dag_id=people, task_id=save_people_to_excel, execution_date=20231110T000000, start_date=20231111T113224, end_date=20231111T113225
[2023-11-11T11:32:25.673+0000] {local_task_job.py:159} INFO - Task exited with return code 0
[2023-11-11T11:32:25.695+0000] {taskinstance.py:2582} INFO - 0 downstream tasks scheduled from follow-on schedule check
