[2023-11-05T10:58:02.057+0000] {taskinstance.py:1165} INFO - Dependencies all met for <TaskInstance: people.create_people_table manual__2023-11-05T10:58:00.398616+00:00 [queued]>
[2023-11-05T10:58:02.070+0000] {taskinstance.py:1165} INFO - Dependencies all met for <TaskInstance: people.create_people_table manual__2023-11-05T10:58:00.398616+00:00 [queued]>
[2023-11-05T10:58:02.072+0000] {taskinstance.py:1362} INFO - 
--------------------------------------------------------------------------------
[2023-11-05T10:58:02.073+0000] {taskinstance.py:1363} INFO - Starting attempt 1 of 1
[2023-11-05T10:58:02.073+0000] {taskinstance.py:1364} INFO - 
--------------------------------------------------------------------------------
[2023-11-05T10:58:02.094+0000] {taskinstance.py:1383} INFO - Executing <Task(PostgresOperator): create_people_table> on 2023-11-05 10:58:00.398616+00:00
[2023-11-05T10:58:02.104+0000] {standard_task_runner.py:55} INFO - Started process 2287 to run task
[2023-11-05T10:58:02.106+0000] {standard_task_runner.py:82} INFO - Running: ['***', 'tasks', 'run', 'people', 'create_people_table', 'manual__2023-11-05T10:58:00.398616+00:00', '--job-id', '288', '--raw', '--subdir', 'DAGS_FOLDER/people.py', '--cfg-path', '/tmp/tmpii7_w2_o']
[2023-11-05T10:58:02.108+0000] {standard_task_runner.py:83} INFO - Job 288: Subtask create_people_table
[2023-11-05T10:58:02.209+0000] {task_command.py:376} INFO - Running <TaskInstance: people.create_people_table manual__2023-11-05T10:58:00.398616+00:00 [running]> on host 9d85c6014d6e
[2023-11-05T10:58:02.299+0000] {taskinstance.py:1592} INFO - Exporting the following env vars:
AIRFLOW_CTX_DAG_OWNER=***
AIRFLOW_CTX_DAG_ID=people
AIRFLOW_CTX_TASK_ID=create_people_table
AIRFLOW_CTX_EXECUTION_DATE=2023-11-05T10:58:00.398616+00:00
AIRFLOW_CTX_TRY_NUMBER=1
AIRFLOW_CTX_DAG_RUN_ID=manual__2023-11-05T10:58:00.398616+00:00
[2023-11-05T10:58:02.311+0000] {base.py:71} INFO - Using connection ID 'postgres' for task execution.
[2023-11-05T10:58:02.315+0000] {sql.py:315} INFO - Running statement: 
        CREATE TABLE IF NOT EXISTS people (
            Index INT NOT NULL primary key,
            User_Id varchar(100),
            First_Name varchar(100),
            Last_Name varchar(100),
            Sex varchar(100),
            Email varchar(100),
            Phone varchar(100),
            Date_of_birth Date,
            Job_title varchar(100)
        );
    , parameters: None
[2023-11-05T10:58:02.316+0000] {postgres.py:96} INFO - NOTICE:  relation "people" already exists, skipping

[2023-11-05T10:58:02.328+0000] {taskinstance.py:1406} INFO - Marking task as SUCCESS. dag_id=people, task_id=create_people_table, execution_date=20231105T105800, start_date=20231105T105802, end_date=20231105T105802
[2023-11-05T10:58:02.360+0000] {local_task_job.py:164} INFO - Task exited with return code 0
[2023-11-05T10:58:02.398+0000] {local_task_job.py:273} INFO - 1 downstream tasks scheduled from follow-on schedule check
