[2023-11-03T15:21:19.900+0000] {taskinstance.py:1165} INFO - Dependencies all met for <TaskInstance: people.create_people_table manual__2023-11-03T15:21:18.423429+00:00 [queued]>
[2023-11-03T15:21:19.915+0000] {taskinstance.py:1165} INFO - Dependencies all met for <TaskInstance: people.create_people_table manual__2023-11-03T15:21:18.423429+00:00 [queued]>
[2023-11-03T15:21:19.916+0000] {taskinstance.py:1362} INFO - 
--------------------------------------------------------------------------------
[2023-11-03T15:21:19.917+0000] {taskinstance.py:1363} INFO - Starting attempt 1 of 1
[2023-11-03T15:21:19.917+0000] {taskinstance.py:1364} INFO - 
--------------------------------------------------------------------------------
[2023-11-03T15:21:19.938+0000] {taskinstance.py:1383} INFO - Executing <Task(PostgresOperator): create_people_table> on 2023-11-03 15:21:18.423429+00:00
[2023-11-03T15:21:19.947+0000] {standard_task_runner.py:55} INFO - Started process 411 to run task
[2023-11-03T15:21:19.949+0000] {standard_task_runner.py:82} INFO - Running: ['***', 'tasks', 'run', 'people', 'create_people_table', 'manual__2023-11-03T15:21:18.423429+00:00', '--job-id', '63', '--raw', '--subdir', 'DAGS_FOLDER/people.py', '--cfg-path', '/tmp/tmpqjh4spky']
[2023-11-03T15:21:19.951+0000] {standard_task_runner.py:83} INFO - Job 63: Subtask create_people_table
[2023-11-03T15:21:20.025+0000] {task_command.py:376} INFO - Running <TaskInstance: people.create_people_table manual__2023-11-03T15:21:18.423429+00:00 [running]> on host 113d79be32ee
[2023-11-03T15:21:20.113+0000] {taskinstance.py:1592} INFO - Exporting the following env vars:
AIRFLOW_CTX_DAG_OWNER=***
AIRFLOW_CTX_DAG_ID=people
AIRFLOW_CTX_TASK_ID=create_people_table
AIRFLOW_CTX_EXECUTION_DATE=2023-11-03T15:21:18.423429+00:00
AIRFLOW_CTX_TRY_NUMBER=1
AIRFLOW_CTX_DAG_RUN_ID=manual__2023-11-03T15:21:18.423429+00:00
[2023-11-03T15:21:20.126+0000] {base.py:71} INFO - Using connection ID 'postgres' for task execution.
[2023-11-03T15:21:20.130+0000] {sql.py:315} INFO - Running statement: 
            CREATE TABLE IF NOT EXISTS people (
                Index Int NOT NULL primary key,
                User_Id varchar(100),
                First_Name varchar(100)
            );
        , parameters: None
[2023-11-03T15:21:20.150+0000] {taskinstance.py:1406} INFO - Marking task as SUCCESS. dag_id=people, task_id=create_people_table, execution_date=20231103T152118, start_date=20231103T152119, end_date=20231103T152120
[2023-11-03T15:21:20.201+0000] {local_task_job.py:164} INFO - Task exited with return code 0
[2023-11-03T15:21:20.225+0000] {dagrun.py:683} ERROR - Failed to get task for ti <TaskInstance: people.read_countries manual__2023-11-03T15:21:18.423429+00:00 [None]>. Marking it as removed.
[2023-11-03T15:21:20.230+0000] {local_task_job.py:273} INFO - 0 downstream tasks scheduled from follow-on schedule check
