[2023-11-09T19:08:55.226+0000] {taskinstance.py:1087} INFO - Dependencies all met for <TaskInstance: customers.save_customers_to_excel manual__2023-11-09T19:08:48.699055+00:00 [queued]>
[2023-11-09T19:08:55.247+0000] {taskinstance.py:1087} INFO - Dependencies all met for <TaskInstance: customers.save_customers_to_excel manual__2023-11-09T19:08:48.699055+00:00 [queued]>
[2023-11-09T19:08:55.248+0000] {taskinstance.py:1283} INFO - 
--------------------------------------------------------------------------------
[2023-11-09T19:08:55.250+0000] {taskinstance.py:1284} INFO - Starting attempt 1 of 1
[2023-11-09T19:08:55.250+0000] {taskinstance.py:1285} INFO - 
--------------------------------------------------------------------------------
[2023-11-09T19:08:55.287+0000] {taskinstance.py:1304} INFO - Executing <Task(PythonOperator): save_customers_to_excel> on 2023-11-09 19:08:48.699055+00:00
[2023-11-09T19:08:55.296+0000] {standard_task_runner.py:55} INFO - Started process 13480 to run task
[2023-11-09T19:08:55.302+0000] {standard_task_runner.py:82} INFO - Running: ['***', 'tasks', 'run', 'customers', 'save_customers_to_excel', 'manual__2023-11-09T19:08:48.699055+00:00', '--job-id', '229', '--raw', '--subdir', 'DAGS_FOLDER/customer_1.py', '--cfg-path', '/tmp/tmpk59l5580']
[2023-11-09T19:08:55.305+0000] {standard_task_runner.py:83} INFO - Job 229: Subtask save_customers_to_excel
[2023-11-09T19:08:55.460+0000] {task_command.py:389} INFO - Running <TaskInstance: customers.save_customers_to_excel manual__2023-11-09T19:08:48.699055+00:00 [running]> on host 9dcc097b8292
[2023-11-09T19:08:55.898+0000] {taskinstance.py:1513} INFO - Exporting the following env vars:
AIRFLOW_CTX_DAG_OWNER=***
AIRFLOW_CTX_DAG_ID=customers
AIRFLOW_CTX_TASK_ID=save_customers_to_excel
AIRFLOW_CTX_EXECUTION_DATE=2023-11-09T19:08:48.699055+00:00
AIRFLOW_CTX_TRY_NUMBER=1
AIRFLOW_CTX_DAG_RUN_ID=manual__2023-11-09T19:08:48.699055+00:00
[2023-11-09T19:08:55.912+0000] {base.py:73} INFO - Using connection ID 'postgres' for task execution.
[2023-11-09T19:08:56.010+0000] {base.py:73} INFO - Using connection ID 'postgres' for task execution.
[2023-11-09T19:08:56.027+0000] {taskinstance.py:1772} ERROR - Task failed with exception
Traceback (most recent call last):
  File "/home/airflow/.local/lib/python3.7/site-packages/airflow/operators/python.py", line 175, in execute
    return_value = self.execute_callable()
  File "/home/airflow/.local/lib/python3.7/site-packages/airflow/operators/python.py", line 192, in execute_callable
    return self.python_callable(*self.op_args, **self.op_kwargs)
  File "/opt/airflow/dags/customer_1.py", line 81, in _save_customers_to_excel
    ws.cell(row=r_idx, column=c_idx, value=value)
  File "/home/airflow/.local/lib/python3.7/site-packages/openpyxl/worksheet/worksheet.py", line 247, in cell
    cell.value = value
AttributeError: 'MergedCell' object attribute 'value' is read-only
[2023-11-09T19:08:56.056+0000] {taskinstance.py:1327} INFO - Marking task as FAILED. dag_id=customers, task_id=save_customers_to_excel, execution_date=20231109T190848, start_date=20231109T190855, end_date=20231109T190856
[2023-11-09T19:08:56.090+0000] {standard_task_runner.py:105} ERROR - Failed to execute job 229 for task save_customers_to_excel ('MergedCell' object attribute 'value' is read-only; 13480)
[2023-11-09T19:08:56.119+0000] {local_task_job.py:159} INFO - Task exited with return code 1
[2023-11-09T19:08:56.152+0000] {taskinstance.py:2582} INFO - 0 downstream tasks scheduled from follow-on schedule check
