[2023-10-31T21:27:14.766+0000] {taskinstance.py:1165} INFO - Dependencies all met for <TaskInstance: user_processing.extract_user manual__2023-10-31T21:27:08.799277+00:00 [queued]>
[2023-10-31T21:27:14.782+0000] {taskinstance.py:1165} INFO - Dependencies all met for <TaskInstance: user_processing.extract_user manual__2023-10-31T21:27:08.799277+00:00 [queued]>
[2023-10-31T21:27:14.783+0000] {taskinstance.py:1362} INFO - 
--------------------------------------------------------------------------------
[2023-10-31T21:27:14.784+0000] {taskinstance.py:1363} INFO - Starting attempt 1 of 1
[2023-10-31T21:27:14.784+0000] {taskinstance.py:1364} INFO - 
--------------------------------------------------------------------------------
[2023-10-31T21:27:14.803+0000] {taskinstance.py:1383} INFO - Executing <Task(SimpleHttpOperator): extract_user> on 2023-10-31 21:27:08.799277+00:00
[2023-10-31T21:27:14.809+0000] {standard_task_runner.py:55} INFO - Started process 5327 to run task
[2023-10-31T21:27:14.812+0000] {standard_task_runner.py:82} INFO - Running: ['***', 'tasks', 'run', 'user_processing', 'extract_user', 'manual__2023-10-31T21:27:08.799277+00:00', '--job-id', '50', '--raw', '--subdir', 'DAGS_FOLDER/user_processing.py', '--cfg-path', '/tmp/tmpuus2sy87']
[2023-10-31T21:27:14.814+0000] {standard_task_runner.py:83} INFO - Job 50: Subtask extract_user
[2023-10-31T21:27:14.880+0000] {task_command.py:376} INFO - Running <TaskInstance: user_processing.extract_user manual__2023-10-31T21:27:08.799277+00:00 [running]> on host 185b9feffea7
[2023-10-31T21:27:14.966+0000] {taskinstance.py:1592} INFO - Exporting the following env vars:
AIRFLOW_CTX_DAG_OWNER=***
AIRFLOW_CTX_DAG_ID=user_processing
AIRFLOW_CTX_TASK_ID=extract_user
AIRFLOW_CTX_EXECUTION_DATE=2023-10-31T21:27:08.799277+00:00
AIRFLOW_CTX_TRY_NUMBER=1
AIRFLOW_CTX_DAG_RUN_ID=manual__2023-10-31T21:27:08.799277+00:00
[2023-10-31T21:27:14.967+0000] {http.py:121} INFO - Calling HTTP method
[2023-10-31T21:27:14.977+0000] {base.py:71} INFO - Using connection ID 'user_api' for task execution.
[2023-10-31T21:27:14.979+0000] {http.py:148} INFO - Sending 'GET' to url: https://randomuser.me/api/
[2023-10-31T21:27:15.220+0000] {http.py:125} INFO - {"results":[{"gender":"female","name":{"title":"Miss","first":"Amelia","last":"White"},"location":{"street":{"number":4827,"name":"Wairakei Road"},"city":"Dunedin","state":"Nelson","country":"New Zealand","postcode":63300,"coordinates":{"latitude":"49.6837","longitude":"96.9303"},"timezone":{"offset":"+9:30","description":"Adelaide, Darwin"}},"email":"amelia.white@example.com","login":{"uuid":"1d0e7f27-9812-4b53-8da5-b59cc7f6b9c7","username":"goldenpanda397","password":"niceass","salt":"GgjSwmHY","md5":"e482a35f22bb075c4fb56981e95ec176","sha1":"ae56fbc82c05bc255f8ec9738cc5eec86ef90fb9","sha256":"4a45315e103161d6ca48a38ec068366072ed94bf2a7b6c224060c524512f65bf"},"dob":{"date":"1979-08-21T05:13:46.887Z","age":44},"registered":{"date":"2017-09-04T13:00:50.865Z","age":6},"phone":"(494)-757-4248","cell":"(223)-652-6916","id":{"name":"","value":null},"picture":{"large":"https://randomuser.me/api/portraits/women/73.jpg","medium":"https://randomuser.me/api/portraits/med/women/73.jpg","thumbnail":"https://randomuser.me/api/portraits/thumb/women/73.jpg"},"nat":"NZ"}],"info":{"seed":"70ca551fd757b62f","results":1,"page":1,"version":"1.4"}}
[2023-10-31T21:27:15.250+0000] {taskinstance.py:1406} INFO - Marking task as SUCCESS. dag_id=user_processing, task_id=extract_user, execution_date=20231031T212708, start_date=20231031T212714, end_date=20231031T212715
[2023-10-31T21:27:15.305+0000] {local_task_job.py:164} INFO - Task exited with return code 0
[2023-10-31T21:27:15.343+0000] {local_task_job.py:273} INFO - 1 downstream tasks scheduled from follow-on schedule check
