[2023-11-09T15:25:28.815+0000] {taskinstance.py:1087} INFO - Dependencies all met for <TaskInstance: customers.save_customers_to_excel manual__2023-11-09T15:25:20.301252+00:00 [queued]>
[2023-11-09T15:25:28.832+0000] {taskinstance.py:1087} INFO - Dependencies all met for <TaskInstance: customers.save_customers_to_excel manual__2023-11-09T15:25:20.301252+00:00 [queued]>
[2023-11-09T15:25:28.833+0000] {taskinstance.py:1283} INFO - 
--------------------------------------------------------------------------------
[2023-11-09T15:25:28.834+0000] {taskinstance.py:1284} INFO - Starting attempt 1 of 1
[2023-11-09T15:25:28.837+0000] {taskinstance.py:1285} INFO - 
--------------------------------------------------------------------------------
[2023-11-09T15:25:28.857+0000] {taskinstance.py:1304} INFO - Executing <Task(PythonOperator): save_customers_to_excel> on 2023-11-09 15:25:20.301252+00:00
[2023-11-09T15:25:28.887+0000] {standard_task_runner.py:55} INFO - Started process 221 to run task
[2023-11-09T15:25:28.890+0000] {standard_task_runner.py:82} INFO - Running: ['***', 'tasks', 'run', 'customers', 'save_customers_to_excel', 'manual__2023-11-09T15:25:20.301252+00:00', '--job-id', '63', '--raw', '--subdir', 'DAGS_FOLDER/customer_1.py', '--cfg-path', '/tmp/tmp66sixays']
[2023-11-09T15:25:28.892+0000] {standard_task_runner.py:83} INFO - Job 63: Subtask save_customers_to_excel
[2023-11-09T15:25:28.964+0000] {task_command.py:389} INFO - Running <TaskInstance: customers.save_customers_to_excel manual__2023-11-09T15:25:20.301252+00:00 [running]> on host 9dcc097b8292
[2023-11-09T15:25:29.058+0000] {taskinstance.py:1513} INFO - Exporting the following env vars:
AIRFLOW_CTX_DAG_OWNER=***
AIRFLOW_CTX_DAG_ID=customers
AIRFLOW_CTX_TASK_ID=save_customers_to_excel
AIRFLOW_CTX_EXECUTION_DATE=2023-11-09T15:25:20.301252+00:00
AIRFLOW_CTX_TRY_NUMBER=1
AIRFLOW_CTX_DAG_RUN_ID=manual__2023-11-09T15:25:20.301252+00:00
[2023-11-09T15:25:29.222+0000] {base.py:73} INFO - Using connection ID 'postgres' for task execution.
[2023-11-09T15:25:29.320+0000] {base.py:73} INFO - Using connection ID 'postgres' for task execution.
[2023-11-09T15:25:29.397+0000] {python.py:177} INFO - Done. Returned value was: None
[2023-11-09T15:25:29.412+0000] {taskinstance.py:1327} INFO - Marking task as SUCCESS. dag_id=customers, task_id=save_customers_to_excel, execution_date=20231109T152520, start_date=20231109T152528, end_date=20231109T152529
[2023-11-09T15:25:29.509+0000] {local_task_job.py:159} INFO - Task exited with return code 0
[2023-11-09T15:25:29.531+0000] {taskinstance.py:2582} INFO - 0 downstream tasks scheduled from follow-on schedule check
