[2023-11-02T17:09:49.469+0000] {taskinstance.py:1165} INFO - Dependencies all met for <TaskInstance: user_processing.extract_user manual__2023-11-02T17:09:44.262332+00:00 [queued]>
[2023-11-02T17:09:49.494+0000] {taskinstance.py:1165} INFO - Dependencies all met for <TaskInstance: user_processing.extract_user manual__2023-11-02T17:09:44.262332+00:00 [queued]>
[2023-11-02T17:09:49.495+0000] {taskinstance.py:1362} INFO - 
--------------------------------------------------------------------------------
[2023-11-02T17:09:49.496+0000] {taskinstance.py:1363} INFO - Starting attempt 1 of 1
[2023-11-02T17:09:49.497+0000] {taskinstance.py:1364} INFO - 
--------------------------------------------------------------------------------
[2023-11-02T17:09:49.516+0000] {taskinstance.py:1383} INFO - Executing <Task(SimpleHttpOperator): extract_user> on 2023-11-02 17:09:44.262332+00:00
[2023-11-02T17:09:49.522+0000] {standard_task_runner.py:55} INFO - Started process 190 to run task
[2023-11-02T17:09:49.525+0000] {standard_task_runner.py:82} INFO - Running: ['***', 'tasks', 'run', 'user_processing', 'extract_user', 'manual__2023-11-02T17:09:44.262332+00:00', '--job-id', '14', '--raw', '--subdir', 'DAGS_FOLDER/user_processing.py', '--cfg-path', '/tmp/tmp51kuchgd']
[2023-11-02T17:09:49.527+0000] {standard_task_runner.py:83} INFO - Job 14: Subtask extract_user
[2023-11-02T17:09:49.590+0000] {task_command.py:376} INFO - Running <TaskInstance: user_processing.extract_user manual__2023-11-02T17:09:44.262332+00:00 [running]> on host 4dbb6f0c634f
[2023-11-02T17:09:49.678+0000] {taskinstance.py:1592} INFO - Exporting the following env vars:
AIRFLOW_CTX_DAG_OWNER=***
AIRFLOW_CTX_DAG_ID=user_processing
AIRFLOW_CTX_TASK_ID=extract_user
AIRFLOW_CTX_EXECUTION_DATE=2023-11-02T17:09:44.262332+00:00
AIRFLOW_CTX_TRY_NUMBER=1
AIRFLOW_CTX_DAG_RUN_ID=manual__2023-11-02T17:09:44.262332+00:00
[2023-11-02T17:09:49.680+0000] {http.py:121} INFO - Calling HTTP method
[2023-11-02T17:09:49.690+0000] {base.py:71} INFO - Using connection ID 'user_api' for task execution.
[2023-11-02T17:09:49.692+0000] {http.py:148} INFO - Sending 'GET' to url: https://randomuser.me/api/
[2023-11-02T17:09:49.893+0000] {http.py:125} INFO - {"results":[{"gender":"female","name":{"title":"Miss","first":"Patricia","last":"Arce"},"location":{"street":{"number":7541,"name":"Eje vial Sur Romero"},"city":"Penjamillo","state":"Jalisco","country":"Mexico","postcode":42759,"coordinates":{"latitude":"28.2572","longitude":"29.5334"},"timezone":{"offset":"+6:00","description":"Almaty, Dhaka, Colombo"}},"email":"patricia.arce@example.com","login":{"uuid":"c00cca97-5210-482d-8945-bd143391acb7","username":"goldenpeacock842","password":"dragonba","salt":"lgbIkYYL","md5":"9fe586a1fd0ce503432e19946875b73d","sha1":"e960b9a98712873a9a2dae9f3cf64a1cc089e065","sha256":"355d7819387950bc79c45ef789fc7e6d66783a85e039f4701e016e225f1a9402"},"dob":{"date":"1948-07-15T19:11:06.945Z","age":75},"registered":{"date":"2008-05-24T20:00:11.631Z","age":15},"phone":"(615) 067 7456","cell":"(641) 343 8626","id":{"name":"NSS","value":"89 89 71 2710 0"},"picture":{"large":"https://randomuser.me/api/portraits/women/20.jpg","medium":"https://randomuser.me/api/portraits/med/women/20.jpg","thumbnail":"https://randomuser.me/api/portraits/thumb/women/20.jpg"},"nat":"MX"}],"info":{"seed":"00c87bf02b73fcc3","results":1,"page":1,"version":"1.4"}}
[2023-11-02T17:09:49.923+0000] {taskinstance.py:1406} INFO - Marking task as SUCCESS. dag_id=user_processing, task_id=extract_user, execution_date=20231102T170944, start_date=20231102T170949, end_date=20231102T170949
[2023-11-02T17:09:49.978+0000] {local_task_job.py:164} INFO - Task exited with return code 0
[2023-11-02T17:09:50.014+0000] {local_task_job.py:273} INFO - 1 downstream tasks scheduled from follow-on schedule check
