[2023-11-10T11:16:20.909+0000] {taskinstance.py:1087} INFO - Dependencies all met for <TaskInstance: people.save_people_to_excel manual__2023-11-10T11:16:13.491126+00:00 [queued]>
[2023-11-10T11:16:20.926+0000] {taskinstance.py:1087} INFO - Dependencies all met for <TaskInstance: people.save_people_to_excel manual__2023-11-10T11:16:13.491126+00:00 [queued]>
[2023-11-10T11:16:20.927+0000] {taskinstance.py:1283} INFO - 
--------------------------------------------------------------------------------
[2023-11-10T11:16:20.928+0000] {taskinstance.py:1284} INFO - Starting attempt 1 of 1
[2023-11-10T11:16:20.929+0000] {taskinstance.py:1285} INFO - 
--------------------------------------------------------------------------------
[2023-11-10T11:16:20.952+0000] {taskinstance.py:1304} INFO - Executing <Task(PythonOperator): save_people_to_excel> on 2023-11-10 11:16:13.491126+00:00
[2023-11-10T11:16:20.961+0000] {standard_task_runner.py:55} INFO - Started process 4124 to run task
[2023-11-10T11:16:20.965+0000] {standard_task_runner.py:82} INFO - Running: ['***', 'tasks', 'run', 'people', 'save_people_to_excel', 'manual__2023-11-10T11:16:13.491126+00:00', '--job-id', '486', '--raw', '--subdir', 'DAGS_FOLDER/people.py', '--cfg-path', '/tmp/tmplcw9h7_r']
[2023-11-10T11:16:20.968+0000] {standard_task_runner.py:83} INFO - Job 486: Subtask save_people_to_excel
[2023-11-10T11:16:21.057+0000] {task_command.py:389} INFO - Running <TaskInstance: people.save_people_to_excel manual__2023-11-10T11:16:13.491126+00:00 [running]> on host ccf8e59e32fe
[2023-11-10T11:16:21.568+0000] {taskinstance.py:1513} INFO - Exporting the following env vars:
AIRFLOW_CTX_DAG_OWNER=Tetiana
AIRFLOW_CTX_DAG_ID=people
AIRFLOW_CTX_TASK_ID=save_people_to_excel
AIRFLOW_CTX_EXECUTION_DATE=2023-11-10T11:16:13.491126+00:00
AIRFLOW_CTX_TRY_NUMBER=1
AIRFLOW_CTX_DAG_RUN_ID=manual__2023-11-10T11:16:13.491126+00:00
[2023-11-10T11:16:21.711+0000] {base.py:73} INFO - Using connection ID 'postgres' for task execution.
[2023-11-10T11:16:21.984+0000] {python.py:177} INFO - Done. Returned value was: None
[2023-11-10T11:16:22.003+0000] {taskinstance.py:1327} INFO - Marking task as SUCCESS. dag_id=people, task_id=save_people_to_excel, execution_date=20231110T111613, start_date=20231110T111620, end_date=20231110T111622
[2023-11-10T11:16:22.062+0000] {local_task_job.py:159} INFO - Task exited with return code 0
[2023-11-10T11:16:22.100+0000] {taskinstance.py:2582} INFO - 0 downstream tasks scheduled from follow-on schedule check
