[2023-11-10T10:09:37.935+0000] {taskinstance.py:1087} INFO - Dependencies all met for <TaskInstance: customers.save_customers_to_excel manual__2023-11-10T10:09:30.663860+00:00 [queued]>
[2023-11-10T10:09:37.950+0000] {taskinstance.py:1087} INFO - Dependencies all met for <TaskInstance: customers.save_customers_to_excel manual__2023-11-10T10:09:30.663860+00:00 [queued]>
[2023-11-10T10:09:37.951+0000] {taskinstance.py:1283} INFO - 
--------------------------------------------------------------------------------
[2023-11-10T10:09:37.952+0000] {taskinstance.py:1284} INFO - Starting attempt 1 of 1
[2023-11-10T10:09:37.952+0000] {taskinstance.py:1285} INFO - 
--------------------------------------------------------------------------------
[2023-11-10T10:09:37.974+0000] {taskinstance.py:1304} INFO - Executing <Task(PythonOperator): save_customers_to_excel> on 2023-11-10 10:09:30.663860+00:00
[2023-11-10T10:09:37.981+0000] {standard_task_runner.py:55} INFO - Started process 255 to run task
[2023-11-10T10:09:37.984+0000] {standard_task_runner.py:82} INFO - Running: ['***', 'tasks', 'run', 'customers', 'save_customers_to_excel', 'manual__2023-11-10T10:09:30.663860+00:00', '--job-id', '468', '--raw', '--subdir', 'DAGS_FOLDER/customer.py', '--cfg-path', '/tmp/tmpoxwq98b8']
[2023-11-10T10:09:37.986+0000] {standard_task_runner.py:83} INFO - Job 468: Subtask save_customers_to_excel
[2023-11-10T10:09:38.063+0000] {task_command.py:389} INFO - Running <TaskInstance: customers.save_customers_to_excel manual__2023-11-10T10:09:30.663860+00:00 [running]> on host ccf8e59e32fe
[2023-11-10T10:09:38.344+0000] {taskinstance.py:1513} INFO - Exporting the following env vars:
AIRFLOW_CTX_DAG_OWNER=Tetiana
AIRFLOW_CTX_DAG_ID=customers
AIRFLOW_CTX_TASK_ID=save_customers_to_excel
AIRFLOW_CTX_EXECUTION_DATE=2023-11-10T10:09:30.663860+00:00
AIRFLOW_CTX_TRY_NUMBER=1
AIRFLOW_CTX_DAG_RUN_ID=manual__2023-11-10T10:09:30.663860+00:00
[2023-11-10T10:09:38.399+0000] {base.py:73} INFO - Using connection ID 'postgres' for task execution.
[2023-11-10T10:09:38.487+0000] {python.py:177} INFO - Done. Returned value was: None
[2023-11-10T10:09:38.505+0000] {taskinstance.py:1327} INFO - Marking task as SUCCESS. dag_id=customers, task_id=save_customers_to_excel, execution_date=20231110T100930, start_date=20231110T100937, end_date=20231110T100938
[2023-11-10T10:09:38.561+0000] {local_task_job.py:159} INFO - Task exited with return code 0
[2023-11-10T10:09:38.584+0000] {taskinstance.py:2582} INFO - 0 downstream tasks scheduled from follow-on schedule check
