[2023-11-13T09:28:45.316+0000] {taskinstance.py:1087} INFO - Dependencies all met for <TaskInstance: merge_table.save_customers_to_excel scheduled__2023-11-12T00:00:00+00:00 [queued]>
[2023-11-13T09:28:45.335+0000] {taskinstance.py:1087} INFO - Dependencies all met for <TaskInstance: merge_table.save_customers_to_excel scheduled__2023-11-12T00:00:00+00:00 [queued]>
[2023-11-13T09:28:45.336+0000] {taskinstance.py:1283} INFO - 
--------------------------------------------------------------------------------
[2023-11-13T09:28:45.337+0000] {taskinstance.py:1284} INFO - Starting attempt 1 of 1
[2023-11-13T09:28:45.338+0000] {taskinstance.py:1285} INFO - 
--------------------------------------------------------------------------------
[2023-11-13T09:28:45.364+0000] {taskinstance.py:1304} INFO - Executing <Task(PythonOperator): save_customers_to_excel> on 2023-11-12 00:00:00+00:00
[2023-11-13T09:28:45.371+0000] {standard_task_runner.py:55} INFO - Started process 471 to run task
[2023-11-13T09:28:45.374+0000] {standard_task_runner.py:82} INFO - Running: ['***', 'tasks', 'run', 'merge_table', 'save_customers_to_excel', 'scheduled__2023-11-12T00:00:00+00:00', '--job-id', '604', '--raw', '--subdir', 'DAGS_FOLDER/merge.py', '--cfg-path', '/tmp/tmpt_c28ffd']
[2023-11-13T09:28:45.376+0000] {standard_task_runner.py:83} INFO - Job 604: Subtask save_customers_to_excel
[2023-11-13T09:28:45.456+0000] {task_command.py:389} INFO - Running <TaskInstance: merge_table.save_customers_to_excel scheduled__2023-11-12T00:00:00+00:00 [running]> on host 06d7566f07d2
[2023-11-13T09:28:45.838+0000] {taskinstance.py:1513} INFO - Exporting the following env vars:
AIRFLOW_CTX_DAG_OWNER=***
AIRFLOW_CTX_DAG_ID=merge_table
AIRFLOW_CTX_TASK_ID=save_customers_to_excel
AIRFLOW_CTX_EXECUTION_DATE=2023-11-12T00:00:00+00:00
AIRFLOW_CTX_TRY_NUMBER=1
AIRFLOW_CTX_DAG_RUN_ID=scheduled__2023-11-12T00:00:00+00:00
[2023-11-13T09:28:45.921+0000] {base.py:73} INFO - Using connection ID 'postgres' for task execution.
[2023-11-13T09:28:45.931+0000] {taskinstance.py:1772} ERROR - Task failed with exception
Traceback (most recent call last):
  File "/home/airflow/.local/lib/python3.7/site-packages/pandas/io/sql.py", line 2056, in execute
    cur.execute(*args, **kwargs)
psycopg2.errors.UndefinedColumn: column "index" does not exist
LINE 1: SELECT * FROM merged_table ORDER BY index
                                            ^


The above exception was the direct cause of the following exception:

Traceback (most recent call last):
  File "/home/airflow/.local/lib/python3.7/site-packages/airflow/operators/python.py", line 175, in execute
    return_value = self.execute_callable()
  File "/home/airflow/.local/lib/python3.7/site-packages/airflow/operators/python.py", line 192, in execute_callable
    return self.python_callable(*self.op_args, **self.op_kwargs)
  File "/opt/airflow/dags/merge.py", line 32, in _save_merge_to_excel
    df = hook.get_pandas_df(sql="SELECT * FROM merged_table ORDER BY index")
  File "/home/airflow/.local/lib/python3.7/site-packages/airflow/providers/common/sql/hooks/sql.py", line 190, in get_pandas_df
    return psql.read_sql(sql, con=conn, params=parameters, **kwargs)
  File "/home/airflow/.local/lib/python3.7/site-packages/pandas/io/sql.py", line 608, in read_sql
    chunksize=chunksize,
  File "/home/airflow/.local/lib/python3.7/site-packages/pandas/io/sql.py", line 2116, in read_query
    cursor = self.execute(*args)
  File "/home/airflow/.local/lib/python3.7/site-packages/pandas/io/sql.py", line 2068, in execute
    raise ex from exc
pandas.io.sql.DatabaseError: Execution failed on sql 'SELECT * FROM merged_table ORDER BY index': column "index" does not exist
LINE 1: SELECT * FROM merged_table ORDER BY index
                                            ^

[2023-11-13T09:28:45.961+0000] {taskinstance.py:1327} INFO - Marking task as FAILED. dag_id=merge_table, task_id=save_customers_to_excel, execution_date=20231112T000000, start_date=20231113T092845, end_date=20231113T092845
[2023-11-13T09:28:45.987+0000] {standard_task_runner.py:105} ERROR - Failed to execute job 604 for task save_customers_to_excel (Execution failed on sql 'SELECT * FROM merged_table ORDER BY index': column "index" does not exist
LINE 1: SELECT * FROM merged_table ORDER BY index
                                            ^
; 471)
[2023-11-13T09:28:46.032+0000] {local_task_job.py:159} INFO - Task exited with return code 1
[2023-11-13T09:28:46.059+0000] {taskinstance.py:2582} INFO - 0 downstream tasks scheduled from follow-on schedule check
[2023-11-13T09:31:05.448+0000] {taskinstance.py:1087} INFO - Dependencies all met for <TaskInstance: merge_table.save_customers_to_excel scheduled__2023-11-12T00:00:00+00:00 [queued]>
[2023-11-13T09:31:05.462+0000] {taskinstance.py:1087} INFO - Dependencies all met for <TaskInstance: merge_table.save_customers_to_excel scheduled__2023-11-12T00:00:00+00:00 [queued]>
[2023-11-13T09:31:05.463+0000] {taskinstance.py:1283} INFO - 
--------------------------------------------------------------------------------
[2023-11-13T09:31:05.464+0000] {taskinstance.py:1284} INFO - Starting attempt 1 of 1
[2023-11-13T09:31:05.464+0000] {taskinstance.py:1285} INFO - 
--------------------------------------------------------------------------------
[2023-11-13T09:31:05.486+0000] {taskinstance.py:1304} INFO - Executing <Task(PythonOperator): save_customers_to_excel> on 2023-11-12 00:00:00+00:00
[2023-11-13T09:31:05.494+0000] {standard_task_runner.py:55} INFO - Started process 608 to run task
[2023-11-13T09:31:05.498+0000] {standard_task_runner.py:82} INFO - Running: ['***', 'tasks', 'run', 'merge_table', 'save_customers_to_excel', 'scheduled__2023-11-12T00:00:00+00:00', '--job-id', '608', '--raw', '--subdir', 'DAGS_FOLDER/merge.py', '--cfg-path', '/tmp/tmpd3o80x_h']
[2023-11-13T09:31:05.500+0000] {standard_task_runner.py:83} INFO - Job 608: Subtask save_customers_to_excel
[2023-11-13T09:31:05.577+0000] {task_command.py:389} INFO - Running <TaskInstance: merge_table.save_customers_to_excel scheduled__2023-11-12T00:00:00+00:00 [running]> on host 06d7566f07d2
[2023-11-13T09:31:05.839+0000] {taskinstance.py:1513} INFO - Exporting the following env vars:
AIRFLOW_CTX_DAG_OWNER=***
AIRFLOW_CTX_DAG_ID=merge_table
AIRFLOW_CTX_TASK_ID=save_customers_to_excel
AIRFLOW_CTX_EXECUTION_DATE=2023-11-12T00:00:00+00:00
AIRFLOW_CTX_TRY_NUMBER=1
AIRFLOW_CTX_DAG_RUN_ID=scheduled__2023-11-12T00:00:00+00:00
[2023-11-13T09:31:05.877+0000] {base.py:73} INFO - Using connection ID 'postgres' for task execution.
[2023-11-13T09:31:05.919+0000] {python.py:177} INFO - Done. Returned value was: None
[2023-11-13T09:31:05.932+0000] {taskinstance.py:1327} INFO - Marking task as SUCCESS. dag_id=merge_table, task_id=save_customers_to_excel, execution_date=20231112T000000, start_date=20231113T093105, end_date=20231113T093105
[2023-11-13T09:31:05.991+0000] {local_task_job.py:159} INFO - Task exited with return code 0
[2023-11-13T09:31:06.014+0000] {taskinstance.py:2582} INFO - 0 downstream tasks scheduled from follow-on schedule check
[2023-11-13T10:21:04.319+0000] {taskinstance.py:1087} INFO - Dependencies all met for <TaskInstance: merge_table.save_customers_to_excel scheduled__2023-11-12T00:00:00+00:00 [queued]>
[2023-11-13T10:21:04.375+0000] {taskinstance.py:1087} INFO - Dependencies all met for <TaskInstance: merge_table.save_customers_to_excel scheduled__2023-11-12T00:00:00+00:00 [queued]>
[2023-11-13T10:21:04.376+0000] {taskinstance.py:1283} INFO - 
--------------------------------------------------------------------------------
[2023-11-13T10:21:04.377+0000] {taskinstance.py:1284} INFO - Starting attempt 1 of 1
[2023-11-13T10:21:04.377+0000] {taskinstance.py:1285} INFO - 
--------------------------------------------------------------------------------
[2023-11-13T10:21:04.408+0000] {taskinstance.py:1304} INFO - Executing <Task(PythonOperator): save_customers_to_excel> on 2023-11-12 00:00:00+00:00
[2023-11-13T10:21:04.417+0000] {standard_task_runner.py:55} INFO - Started process 3494 to run task
[2023-11-13T10:21:04.465+0000] {standard_task_runner.py:82} INFO - Running: ['***', 'tasks', 'run', 'merge_table', 'save_customers_to_excel', 'scheduled__2023-11-12T00:00:00+00:00', '--job-id', '617', '--raw', '--subdir', 'DAGS_FOLDER/merge.py', '--cfg-path', '/tmp/tmp8cmnbd9k']
[2023-11-13T10:21:04.507+0000] {standard_task_runner.py:83} INFO - Job 617: Subtask save_customers_to_excel
[2023-11-13T10:21:05.002+0000] {task_command.py:389} INFO - Running <TaskInstance: merge_table.save_customers_to_excel scheduled__2023-11-12T00:00:00+00:00 [running]> on host 06d7566f07d2
[2023-11-13T10:21:05.619+0000] {taskinstance.py:1513} INFO - Exporting the following env vars:
AIRFLOW_CTX_DAG_OWNER=***
AIRFLOW_CTX_DAG_ID=merge_table
AIRFLOW_CTX_TASK_ID=save_customers_to_excel
AIRFLOW_CTX_EXECUTION_DATE=2023-11-12T00:00:00+00:00
AIRFLOW_CTX_TRY_NUMBER=1
AIRFLOW_CTX_DAG_RUN_ID=scheduled__2023-11-12T00:00:00+00:00
[2023-11-13T10:21:05.691+0000] {base.py:73} INFO - Using connection ID 'postgres' for task execution.
[2023-11-13T10:21:05.740+0000] {python.py:177} INFO - Done. Returned value was: None
[2023-11-13T10:21:05.764+0000] {taskinstance.py:1327} INFO - Marking task as SUCCESS. dag_id=merge_table, task_id=save_customers_to_excel, execution_date=20231112T000000, start_date=20231113T102104, end_date=20231113T102105
[2023-11-13T10:21:05.809+0000] {local_task_job.py:159} INFO - Task exited with return code 0
[2023-11-13T10:21:05.838+0000] {taskinstance.py:2582} INFO - 0 downstream tasks scheduled from follow-on schedule check
