[2023-10-31T21:27:11.381+0000] {taskinstance.py:1165} INFO - Dependencies all met for <TaskInstance: user_processing.create_table manual__2023-10-31T21:27:08.799277+00:00 [queued]>
[2023-10-31T21:27:11.394+0000] {taskinstance.py:1165} INFO - Dependencies all met for <TaskInstance: user_processing.create_table manual__2023-10-31T21:27:08.799277+00:00 [queued]>
[2023-10-31T21:27:11.395+0000] {taskinstance.py:1362} INFO - 
--------------------------------------------------------------------------------
[2023-10-31T21:27:11.396+0000] {taskinstance.py:1363} INFO - Starting attempt 1 of 1
[2023-10-31T21:27:11.396+0000] {taskinstance.py:1364} INFO - 
--------------------------------------------------------------------------------
[2023-10-31T21:27:11.417+0000] {taskinstance.py:1383} INFO - Executing <Task(PostgresOperator): create_table> on 2023-10-31 21:27:08.799277+00:00
[2023-10-31T21:27:11.423+0000] {standard_task_runner.py:55} INFO - Started process 5321 to run task
[2023-10-31T21:27:11.426+0000] {standard_task_runner.py:82} INFO - Running: ['***', 'tasks', 'run', 'user_processing', 'create_table', 'manual__2023-10-31T21:27:08.799277+00:00', '--job-id', '48', '--raw', '--subdir', 'DAGS_FOLDER/user_processing.py', '--cfg-path', '/tmp/tmpkslh8c_8']
[2023-10-31T21:27:11.428+0000] {standard_task_runner.py:83} INFO - Job 48: Subtask create_table
[2023-10-31T21:27:11.499+0000] {task_command.py:376} INFO - Running <TaskInstance: user_processing.create_table manual__2023-10-31T21:27:08.799277+00:00 [running]> on host 185b9feffea7
[2023-10-31T21:27:11.584+0000] {taskinstance.py:1592} INFO - Exporting the following env vars:
AIRFLOW_CTX_DAG_OWNER=***
AIRFLOW_CTX_DAG_ID=user_processing
AIRFLOW_CTX_TASK_ID=create_table
AIRFLOW_CTX_EXECUTION_DATE=2023-10-31T21:27:08.799277+00:00
AIRFLOW_CTX_TRY_NUMBER=1
AIRFLOW_CTX_DAG_RUN_ID=manual__2023-10-31T21:27:08.799277+00:00
[2023-10-31T21:27:11.594+0000] {base.py:71} INFO - Using connection ID 'postgres' for task execution.
[2023-10-31T21:27:11.599+0000] {sql.py:315} INFO - Running statement: 
            CREATE TABLE IF NOT EXISTS users (
                firstname TEXT NOT NULL,
                lastname TEXT NOT NULL,
                country TEXT NOT NULL,
                username TEXT NOT NULL,
                password TEXT NOT NULL,
                email TEXT NOT NULL
            );
            , parameters: None
[2023-10-31T21:27:11.600+0000] {postgres.py:96} INFO - NOTICE:  relation "users" already exists, skipping

[2023-10-31T21:27:11.610+0000] {taskinstance.py:1406} INFO - Marking task as SUCCESS. dag_id=user_processing, task_id=create_table, execution_date=20231031T212708, start_date=20231031T212711, end_date=20231031T212711
[2023-10-31T21:27:11.638+0000] {local_task_job.py:164} INFO - Task exited with return code 0
[2023-10-31T21:27:11.676+0000] {local_task_job.py:273} INFO - 1 downstream tasks scheduled from follow-on schedule check
