[2023-11-10T11:12:56.763+0000] {taskinstance.py:1087} INFO - Dependencies all met for <TaskInstance: people.create_people_table manual__2023-11-10T11:12:53.776623+00:00 [queued]>
[2023-11-10T11:12:56.786+0000] {taskinstance.py:1087} INFO - Dependencies all met for <TaskInstance: people.create_people_table manual__2023-11-10T11:12:53.776623+00:00 [queued]>
[2023-11-10T11:12:56.787+0000] {taskinstance.py:1283} INFO - 
--------------------------------------------------------------------------------
[2023-11-10T11:12:56.788+0000] {taskinstance.py:1284} INFO - Starting attempt 1 of 1
[2023-11-10T11:12:56.791+0000] {taskinstance.py:1285} INFO - 
--------------------------------------------------------------------------------
[2023-11-10T11:12:56.832+0000] {taskinstance.py:1304} INFO - Executing <Task(PostgresOperator): create_people_table> on 2023-11-10 11:12:53.776623+00:00
[2023-11-10T11:12:56.841+0000] {standard_task_runner.py:55} INFO - Started process 3919 to run task
[2023-11-10T11:12:56.847+0000] {standard_task_runner.py:82} INFO - Running: ['***', 'tasks', 'run', 'people', 'create_people_table', 'manual__2023-11-10T11:12:53.776623+00:00', '--job-id', '480', '--raw', '--subdir', 'DAGS_FOLDER/people.py', '--cfg-path', '/tmp/tmpck8vyyxl']
[2023-11-10T11:12:56.865+0000] {standard_task_runner.py:83} INFO - Job 480: Subtask create_people_table
[2023-11-10T11:12:56.997+0000] {task_command.py:389} INFO - Running <TaskInstance: people.create_people_table manual__2023-11-10T11:12:53.776623+00:00 [running]> on host ccf8e59e32fe
[2023-11-10T11:12:57.903+0000] {taskinstance.py:1513} INFO - Exporting the following env vars:
AIRFLOW_CTX_DAG_OWNER=Tetiana
AIRFLOW_CTX_DAG_ID=people
AIRFLOW_CTX_TASK_ID=create_people_table
AIRFLOW_CTX_EXECUTION_DATE=2023-11-10T11:12:53.776623+00:00
AIRFLOW_CTX_TRY_NUMBER=1
AIRFLOW_CTX_DAG_RUN_ID=manual__2023-11-10T11:12:53.776623+00:00
[2023-11-10T11:12:57.904+0000] {sql.py:253} INFO - Executing: 
        CREATE TABLE IF NOT EXISTS people (
            Index INT NOT NULL primary key,
            User_Id varchar(100),
            First_Name varchar(100),
            Last_Name varchar(100),
            Sex varchar(100),
            Email varchar(100),
            Phone varchar(100),
            Date_of_birth Date,
            Job_title varchar(100)
        );
    
[2023-11-10T11:12:57.937+0000] {base.py:73} INFO - Using connection ID 'postgres' for task execution.
[2023-11-10T11:12:58.336+0000] {base.py:73} INFO - Using connection ID 'postgres' for task execution.
[2023-11-10T11:12:58.341+0000] {sql.py:364} INFO - Running statement: 
        CREATE TABLE IF NOT EXISTS people (
            Index INT NOT NULL primary key,
            User_Id varchar(100),
            First_Name varchar(100),
            Last_Name varchar(100),
            Sex varchar(100),
            Email varchar(100),
            Phone varchar(100),
            Date_of_birth Date,
            Job_title varchar(100)
        );
    , parameters: None
[2023-11-10T11:12:58.366+0000] {taskinstance.py:1327} INFO - Marking task as SUCCESS. dag_id=people, task_id=create_people_table, execution_date=20231110T111253, start_date=20231110T111256, end_date=20231110T111258
[2023-11-10T11:12:58.438+0000] {local_task_job.py:159} INFO - Task exited with return code 0
[2023-11-10T11:12:58.480+0000] {taskinstance.py:2582} INFO - 1 downstream tasks scheduled from follow-on schedule check
