[2023-11-02T17:12:23.119+0000] {taskinstance.py:1165} INFO - Dependencies all met for <TaskInstance: user_processing.process_user manual__2023-11-02T17:12:14.178745+00:00 [queued]>
[2023-11-02T17:12:23.133+0000] {taskinstance.py:1165} INFO - Dependencies all met for <TaskInstance: user_processing.process_user manual__2023-11-02T17:12:14.178745+00:00 [queued]>
[2023-11-02T17:12:23.134+0000] {taskinstance.py:1362} INFO - 
--------------------------------------------------------------------------------
[2023-11-02T17:12:23.135+0000] {taskinstance.py:1363} INFO - Starting attempt 1 of 1
[2023-11-02T17:12:23.135+0000] {taskinstance.py:1364} INFO - 
--------------------------------------------------------------------------------
[2023-11-02T17:12:23.154+0000] {taskinstance.py:1383} INFO - Executing <Task(PythonOperator): process_user> on 2023-11-02 17:12:14.178745+00:00
[2023-11-02T17:12:23.160+0000] {standard_task_runner.py:55} INFO - Started process 97 to run task
[2023-11-02T17:12:23.162+0000] {standard_task_runner.py:82} INFO - Running: ['***', 'tasks', 'run', 'user_processing', 'process_user', 'manual__2023-11-02T17:12:14.178745+00:00', '--job-id', '22', '--raw', '--subdir', 'DAGS_FOLDER/user_processing.py', '--cfg-path', '/tmp/tmp_thbqle_']
[2023-11-02T17:12:23.165+0000] {standard_task_runner.py:83} INFO - Job 22: Subtask process_user
[2023-11-02T17:12:23.251+0000] {task_command.py:376} INFO - Running <TaskInstance: user_processing.process_user manual__2023-11-02T17:12:14.178745+00:00 [running]> on host b0e711ae7c72
[2023-11-02T17:12:23.355+0000] {taskinstance.py:1592} INFO - Exporting the following env vars:
AIRFLOW_CTX_DAG_OWNER=***
AIRFLOW_CTX_DAG_ID=user_processing
AIRFLOW_CTX_TASK_ID=process_user
AIRFLOW_CTX_EXECUTION_DATE=2023-11-02T17:12:14.178745+00:00
AIRFLOW_CTX_TRY_NUMBER=1
AIRFLOW_CTX_DAG_RUN_ID=manual__2023-11-02T17:12:14.178745+00:00
[2023-11-02T17:12:23.384+0000] {python.py:177} INFO - Done. Returned value was: None
[2023-11-02T17:12:23.398+0000] {taskinstance.py:1406} INFO - Marking task as SUCCESS. dag_id=user_processing, task_id=process_user, execution_date=20231102T171214, start_date=20231102T171223, end_date=20231102T171223
[2023-11-02T17:12:23.456+0000] {local_task_job.py:164} INFO - Task exited with return code 0
[2023-11-02T17:12:23.485+0000] {local_task_job.py:273} INFO - 1 downstream tasks scheduled from follow-on schedule check
