[2023-10-31T21:20:27.823+0000] {taskinstance.py:1165} INFO - Dependencies all met for <TaskInstance: user_processing.process_user manual__2023-10-31T21:20:22.552852+00:00 [queued]>
[2023-10-31T21:20:27.836+0000] {taskinstance.py:1165} INFO - Dependencies all met for <TaskInstance: user_processing.process_user manual__2023-10-31T21:20:22.552852+00:00 [queued]>
[2023-10-31T21:20:27.837+0000] {taskinstance.py:1362} INFO - 
--------------------------------------------------------------------------------
[2023-10-31T21:20:27.838+0000] {taskinstance.py:1363} INFO - Starting attempt 1 of 1
[2023-10-31T21:20:27.838+0000] {taskinstance.py:1364} INFO - 
--------------------------------------------------------------------------------
[2023-10-31T21:20:27.863+0000] {taskinstance.py:1383} INFO - Executing <Task(PythonOperator): process_user> on 2023-10-31 21:20:22.552852+00:00
[2023-10-31T21:20:27.869+0000] {standard_task_runner.py:55} INFO - Started process 4996 to run task
[2023-10-31T21:20:27.873+0000] {standard_task_runner.py:82} INFO - Running: ['***', 'tasks', 'run', 'user_processing', 'process_user', 'manual__2023-10-31T21:20:22.552852+00:00', '--job-id', '46', '--raw', '--subdir', 'DAGS_FOLDER/user_processing.py', '--cfg-path', '/tmp/tmpllljzr75']
[2023-10-31T21:20:27.875+0000] {standard_task_runner.py:83} INFO - Job 46: Subtask process_user
[2023-10-31T21:20:27.947+0000] {task_command.py:376} INFO - Running <TaskInstance: user_processing.process_user manual__2023-10-31T21:20:22.552852+00:00 [running]> on host 185b9feffea7
[2023-10-31T21:20:28.076+0000] {taskinstance.py:1592} INFO - Exporting the following env vars:
AIRFLOW_CTX_DAG_OWNER=***
AIRFLOW_CTX_DAG_ID=user_processing
AIRFLOW_CTX_TASK_ID=process_user
AIRFLOW_CTX_EXECUTION_DATE=2023-10-31T21:20:22.552852+00:00
AIRFLOW_CTX_TRY_NUMBER=1
AIRFLOW_CTX_DAG_RUN_ID=manual__2023-10-31T21:20:22.552852+00:00
[2023-10-31T21:20:28.095+0000] {python.py:177} INFO - Done. Returned value was: None
[2023-10-31T21:20:28.105+0000] {taskinstance.py:1406} INFO - Marking task as SUCCESS. dag_id=user_processing, task_id=process_user, execution_date=20231031T212022, start_date=20231031T212027, end_date=20231031T212028
[2023-10-31T21:20:28.167+0000] {local_task_job.py:164} INFO - Task exited with return code 0
[2023-10-31T21:20:28.198+0000] {local_task_job.py:273} INFO - 1 downstream tasks scheduled from follow-on schedule check
