[2023-11-01T18:52:22.251+0000] {taskinstance.py:1165} INFO - Dependencies all met for <TaskInstance: parallel_dag.extract_b manual__2023-11-01T18:52:20.775552+00:00 [queued]>
[2023-11-01T18:52:22.324+0000] {taskinstance.py:1165} INFO - Dependencies all met for <TaskInstance: parallel_dag.extract_b manual__2023-11-01T18:52:20.775552+00:00 [queued]>
[2023-11-01T18:52:22.324+0000] {taskinstance.py:1362} INFO - 
--------------------------------------------------------------------------------
[2023-11-01T18:52:22.327+0000] {taskinstance.py:1363} INFO - Starting attempt 1 of 1
[2023-11-01T18:52:22.328+0000] {taskinstance.py:1364} INFO - 
--------------------------------------------------------------------------------
[2023-11-01T18:52:22.361+0000] {taskinstance.py:1383} INFO - Executing <Task(BashOperator): extract_b> on 2023-11-01 18:52:20.775552+00:00
[2023-11-01T18:52:22.368+0000] {standard_task_runner.py:55} INFO - Started process 182 to run task
[2023-11-01T18:52:22.371+0000] {standard_task_runner.py:82} INFO - Running: ['***', 'tasks', 'run', 'parallel_dag', 'extract_b', 'manual__2023-11-01T18:52:20.775552+00:00', '--job-id', '12', '--raw', '--subdir', 'DAGS_FOLDER/parallel_dag.py', '--cfg-path', '/tmp/tmpnh3u0s32']
[2023-11-01T18:52:22.373+0000] {standard_task_runner.py:83} INFO - Job 12: Subtask extract_b
[2023-11-01T18:52:22.453+0000] {task_command.py:376} INFO - Running <TaskInstance: parallel_dag.extract_b manual__2023-11-01T18:52:20.775552+00:00 [running]> on host 0afe12bce7c8
[2023-11-01T18:52:22.578+0000] {taskinstance.py:1592} INFO - Exporting the following env vars:
AIRFLOW_CTX_DAG_OWNER=***
AIRFLOW_CTX_DAG_ID=parallel_dag
AIRFLOW_CTX_TASK_ID=extract_b
AIRFLOW_CTX_EXECUTION_DATE=2023-11-01T18:52:20.775552+00:00
AIRFLOW_CTX_TRY_NUMBER=1
AIRFLOW_CTX_DAG_RUN_ID=manual__2023-11-01T18:52:20.775552+00:00
[2023-11-01T18:52:22.580+0000] {subprocess.py:63} INFO - Tmp dir root location: 
 /tmp
[2023-11-01T18:52:22.581+0000] {subprocess.py:75} INFO - Running command: ['/bin/bash', '-c', 'sleep 10']
[2023-11-01T18:52:22.596+0000] {subprocess.py:86} INFO - Output:
[2023-11-01T18:52:32.599+0000] {subprocess.py:97} INFO - Command exited with return code 0
[2023-11-01T18:52:32.656+0000] {taskinstance.py:1406} INFO - Marking task as SUCCESS. dag_id=parallel_dag, task_id=extract_b, execution_date=20231101T185220, start_date=20231101T185222, end_date=20231101T185232
[2023-11-01T18:52:32.712+0000] {local_task_job.py:164} INFO - Task exited with return code 0
[2023-11-01T18:52:32.796+0000] {local_task_job.py:273} INFO - 1 downstream tasks scheduled from follow-on schedule check
