[2023-11-07T14:12:05.603+0000] {taskinstance.py:1165} INFO - Dependencies all met for <TaskInstance: xcom_dag.branch manual__2023-11-07T14:11:58.533777+00:00 [queued]>
[2023-11-07T14:12:05.619+0000] {taskinstance.py:1165} INFO - Dependencies all met for <TaskInstance: xcom_dag.branch manual__2023-11-07T14:11:58.533777+00:00 [queued]>
[2023-11-07T14:12:05.619+0000] {taskinstance.py:1362} INFO - 
--------------------------------------------------------------------------------
[2023-11-07T14:12:05.620+0000] {taskinstance.py:1363} INFO - Starting attempt 1 of 1
[2023-11-07T14:12:05.621+0000] {taskinstance.py:1364} INFO - 
--------------------------------------------------------------------------------
[2023-11-07T14:12:05.643+0000] {taskinstance.py:1383} INFO - Executing <Task(BranchPythonOperator): branch> on 2023-11-07 14:11:58.533777+00:00
[2023-11-07T14:12:05.651+0000] {standard_task_runner.py:55} INFO - Started process 689 to run task
[2023-11-07T14:12:05.654+0000] {standard_task_runner.py:82} INFO - Running: ['***', 'tasks', 'run', 'xcom_dag', 'branch', 'manual__2023-11-07T14:11:58.533777+00:00', '--job-id', '529', '--raw', '--subdir', 'DAGS_FOLDER/xcom_dag.py', '--cfg-path', '/tmp/tmph2w1qmbe']
[2023-11-07T14:12:05.656+0000] {standard_task_runner.py:83} INFO - Job 529: Subtask branch
[2023-11-07T14:12:05.733+0000] {task_command.py:376} INFO - Running <TaskInstance: xcom_dag.branch manual__2023-11-07T14:11:58.533777+00:00 [running]> on host 193aaf8b1e25
[2023-11-07T14:12:05.841+0000] {taskinstance.py:1592} INFO - Exporting the following env vars:
AIRFLOW_CTX_DAG_OWNER=***
AIRFLOW_CTX_DAG_ID=xcom_dag
AIRFLOW_CTX_TASK_ID=branch
AIRFLOW_CTX_EXECUTION_DATE=2023-11-07T14:11:58.533777+00:00
AIRFLOW_CTX_TRY_NUMBER=1
AIRFLOW_CTX_DAG_RUN_ID=manual__2023-11-07T14:11:58.533777+00:00
[2023-11-07T14:12:05.856+0000] {python.py:177} INFO - Done. Returned value was: t2
[2023-11-07T14:12:05.857+0000] {skipmixin.py:155} INFO - Following branch t2
[2023-11-07T14:12:05.858+0000] {skipmixin.py:190} INFO - Skipping tasks ['t3']
[2023-11-07T14:12:05.925+0000] {taskinstance.py:1406} INFO - Marking task as SUCCESS. dag_id=xcom_dag, task_id=branch, execution_date=20231107T141158, start_date=20231107T141205, end_date=20231107T141205
[2023-11-07T14:12:05.987+0000] {local_task_job.py:164} INFO - Task exited with return code 0
[2023-11-07T14:12:06.052+0000] {local_task_job.py:273} INFO - 1 downstream tasks scheduled from follow-on schedule check
