[2023-11-13T09:03:14.138+0000] {taskinstance.py:1087} INFO - Dependencies all met for <TaskInstance: customers.read_customers manual__2023-11-13T09:03:08.932555+00:00 [queued]>
[2023-11-13T09:03:14.157+0000] {taskinstance.py:1087} INFO - Dependencies all met for <TaskInstance: customers.read_customers manual__2023-11-13T09:03:08.932555+00:00 [queued]>
[2023-11-13T09:03:14.158+0000] {taskinstance.py:1283} INFO - 
--------------------------------------------------------------------------------
[2023-11-13T09:03:14.159+0000] {taskinstance.py:1284} INFO - Starting attempt 1 of 1
[2023-11-13T09:03:14.160+0000] {taskinstance.py:1285} INFO - 
--------------------------------------------------------------------------------
[2023-11-13T09:03:14.188+0000] {taskinstance.py:1304} INFO - Executing <Task(PythonOperator): read_customers> on 2023-11-13 09:03:08.932555+00:00
[2023-11-13T09:03:14.196+0000] {standard_task_runner.py:55} INFO - Started process 1390 to run task
[2023-11-13T09:03:14.199+0000] {standard_task_runner.py:82} INFO - Running: ['***', 'tasks', 'run', 'customers', 'read_customers', 'manual__2023-11-13T09:03:08.932555+00:00', '--job-id', '583', '--raw', '--subdir', 'DAGS_FOLDER/customer.py', '--cfg-path', '/tmp/tmpyuv44eja']
[2023-11-13T09:03:14.201+0000] {standard_task_runner.py:83} INFO - Job 583: Subtask read_customers
[2023-11-13T09:03:14.277+0000] {task_command.py:389} INFO - Running <TaskInstance: customers.read_customers manual__2023-11-13T09:03:08.932555+00:00 [running]> on host a1532de0db1a
[2023-11-13T09:03:14.562+0000] {taskinstance.py:1513} INFO - Exporting the following env vars:
AIRFLOW_CTX_DAG_OWNER=Tetiana
AIRFLOW_CTX_DAG_ID=customers
AIRFLOW_CTX_TASK_ID=read_customers
AIRFLOW_CTX_EXECUTION_DATE=2023-11-13T09:03:08.932555+00:00
AIRFLOW_CTX_TRY_NUMBER=1
AIRFLOW_CTX_DAG_RUN_ID=manual__2023-11-13T09:03:08.932555+00:00
[2023-11-13T09:03:14.586+0000] {logging_mixin.py:137} INFO - An error occurred for country Pitcairn Islands: (0) Missing or invalid default region.. Adding '+' to the phone number.
[2023-11-13T09:03:14.594+0000] {logging_mixin.py:137} INFO - An error occurred for country Vietnam: (0) Missing or invalid default region.. Adding '+' to the phone number.
[2023-11-13T09:03:14.631+0000] {logging_mixin.py:137} INFO - An error occurred for country Tanzania: (0) Missing or invalid default region.. Adding '+' to the phone number.
[2023-11-13T09:03:14.642+0000] {logging_mixin.py:137} INFO - An error occurred for country Bolivia: (0) Missing or invalid default region.. Adding '+' to the phone number.
[2023-11-13T09:03:14.649+0000] {logging_mixin.py:137} INFO - An error occurred for country Swaziland: (0) Missing or invalid default region.. Adding '+' to the phone number.
[2023-11-13T09:03:14.652+0000] {logging_mixin.py:137} INFO - An error occurred for country Palestinian Territory: (0) Missing or invalid default region.. Adding '+' to the phone number.
[2023-11-13T09:03:14.654+0000] {logging_mixin.py:137} INFO - An error occurred for country Saint Barthelemy: (0) Missing or invalid default region.. Adding '+' to the phone number.
[2023-11-13T09:03:14.661+0000] {logging_mixin.py:137} INFO - An error occurred for country French Southern Territories: (0) Missing or invalid default region.. Adding '+' to the phone number.
[2023-11-13T09:03:14.663+0000] {logging_mixin.py:137} INFO - An error occurred for country Iran: (0) Missing or invalid default region.. Adding '+' to the phone number.
[2023-11-13T09:03:14.667+0000] {logging_mixin.py:137} INFO - An error occurred for country United States Virgin Islands: (0) Missing or invalid default region.. Adding '+' to the phone number.
[2023-11-13T09:03:14.668+0000] {logging_mixin.py:137} INFO - An error occurred for country Kyrgyz Republic: (0) Missing or invalid default region.. Adding '+' to the phone number.
[2023-11-13T09:03:14.680+0000] {logging_mixin.py:137} INFO - An error occurred for country Micronesia: (0) Missing or invalid default region.. Adding '+' to the phone number.
[2023-11-13T09:03:14.704+0000] {base.py:73} INFO - Using connection ID 'postgres' for task execution.
[2023-11-13T09:03:14.744+0000] {sql.py:462} INFO - Done loading. Loaded a total of 106 rows into customers
[2023-11-13T09:03:14.746+0000] {python.py:177} INFO - Done. Returned value was: None
[2023-11-13T09:03:14.759+0000] {taskinstance.py:1327} INFO - Marking task as SUCCESS. dag_id=customers, task_id=read_customers, execution_date=20231113T090308, start_date=20231113T090314, end_date=20231113T090314
[2023-11-13T09:03:14.814+0000] {local_task_job.py:159} INFO - Task exited with return code 0
[2023-11-13T09:03:14.844+0000] {taskinstance.py:2582} INFO - 1 downstream tasks scheduled from follow-on schedule check
