[2023-11-01T19:24:30.133+0000] {processor.py:154} INFO - Started process (PID=41) to work on /opt/airflow/dags/subdags/subdag_downloads.py
[2023-11-01T19:24:30.135+0000] {processor.py:756} INFO - Processing file /opt/airflow/dags/subdags/subdag_downloads.py for tasks to queue
[2023-11-01T19:24:30.136+0000] {logging_mixin.py:120} INFO - [2023-11-01T19:24:30.136+0000] {dagbag.py:537} INFO - Filling up the DagBag from /opt/airflow/dags/subdags/subdag_downloads.py
[2023-11-01T19:24:30.198+0000] {logging_mixin.py:120} INFO - [2023-11-01T19:24:30.197+0000] {dagbag.py:342} ERROR - Failed to import: /opt/airflow/dags/subdags/subdag_downloads.py
Traceback (most recent call last):
  File "/home/airflow/.local/lib/python3.7/site-packages/airflow/models/dagbag.py", line 338, in parse
    loader.exec_module(new_module)
  File "<frozen importlib._bootstrap_external>", line 724, in exec_module
  File "<frozen importlib._bootstrap_external>", line 860, in get_code
  File "<frozen importlib._bootstrap_external>", line 791, in source_to_code
  File "<frozen importlib._bootstrap>", line 219, in _call_with_frames_removed
  File "/opt/airflow/dags/subdags/subdag_downloads.py", line 9
    
    ^
SyntaxError: unexpected EOF while parsing
[2023-11-01T19:24:30.199+0000] {processor.py:768} WARNING - No viable dags retrieved from /opt/airflow/dags/subdags/subdag_downloads.py
[2023-11-01T19:24:30.260+0000] {processor.py:176} INFO - Processing /opt/airflow/dags/subdags/subdag_downloads.py took 0.133 seconds
[2023-11-01T19:25:00.720+0000] {processor.py:154} INFO - Started process (PID=65) to work on /opt/airflow/dags/subdags/subdag_downloads.py
[2023-11-01T19:25:00.721+0000] {processor.py:756} INFO - Processing file /opt/airflow/dags/subdags/subdag_downloads.py for tasks to queue
[2023-11-01T19:25:00.723+0000] {logging_mixin.py:120} INFO - [2023-11-01T19:25:00.723+0000] {dagbag.py:537} INFO - Filling up the DagBag from /opt/airflow/dags/subdags/subdag_downloads.py
[2023-11-01T19:25:00.769+0000] {logging_mixin.py:120} INFO - [2023-11-01T19:25:00.768+0000] {dagbag.py:342} ERROR - Failed to import: /opt/airflow/dags/subdags/subdag_downloads.py
Traceback (most recent call last):
  File "/home/airflow/.local/lib/python3.7/site-packages/airflow/models/dagbag.py", line 338, in parse
    loader.exec_module(new_module)
  File "<frozen importlib._bootstrap_external>", line 724, in exec_module
  File "<frozen importlib._bootstrap_external>", line 860, in get_code
  File "<frozen importlib._bootstrap_external>", line 791, in source_to_code
  File "<frozen importlib._bootstrap>", line 219, in _call_with_frames_removed
  File "/opt/airflow/dags/subdags/subdag_downloads.py", line 9
    
    ^
SyntaxError: unexpected EOF while parsing
[2023-11-01T19:25:00.770+0000] {processor.py:768} WARNING - No viable dags retrieved from /opt/airflow/dags/subdags/subdag_downloads.py
[2023-11-01T19:25:00.802+0000] {processor.py:176} INFO - Processing /opt/airflow/dags/subdags/subdag_downloads.py took 0.085 seconds
[2023-11-01T19:25:30.864+0000] {processor.py:154} INFO - Started process (PID=90) to work on /opt/airflow/dags/subdags/subdag_downloads.py
[2023-11-01T19:25:30.865+0000] {processor.py:756} INFO - Processing file /opt/airflow/dags/subdags/subdag_downloads.py for tasks to queue
[2023-11-01T19:25:30.866+0000] {logging_mixin.py:120} INFO - [2023-11-01T19:25:30.866+0000] {dagbag.py:537} INFO - Filling up the DagBag from /opt/airflow/dags/subdags/subdag_downloads.py
[2023-11-01T19:25:30.885+0000] {logging_mixin.py:120} INFO - [2023-11-01T19:25:30.884+0000] {dagbag.py:342} ERROR - Failed to import: /opt/airflow/dags/subdags/subdag_downloads.py
Traceback (most recent call last):
  File "/home/airflow/.local/lib/python3.7/site-packages/airflow/models/dagbag.py", line 338, in parse
    loader.exec_module(new_module)
  File "<frozen importlib._bootstrap_external>", line 724, in exec_module
  File "<frozen importlib._bootstrap_external>", line 860, in get_code
  File "<frozen importlib._bootstrap_external>", line 791, in source_to_code
  File "<frozen importlib._bootstrap>", line 219, in _call_with_frames_removed
  File "/opt/airflow/dags/subdags/subdag_downloads.py", line 9
    
    ^
SyntaxError: unexpected EOF while parsing
[2023-11-01T19:25:30.886+0000] {processor.py:768} WARNING - No viable dags retrieved from /opt/airflow/dags/subdags/subdag_downloads.py
[2023-11-01T19:25:30.908+0000] {processor.py:176} INFO - Processing /opt/airflow/dags/subdags/subdag_downloads.py took 0.046 seconds
[2023-11-01T19:26:01.406+0000] {processor.py:154} INFO - Started process (PID=123) to work on /opt/airflow/dags/subdags/subdag_downloads.py
[2023-11-01T19:26:01.407+0000] {processor.py:756} INFO - Processing file /opt/airflow/dags/subdags/subdag_downloads.py for tasks to queue
[2023-11-01T19:26:01.408+0000] {logging_mixin.py:120} INFO - [2023-11-01T19:26:01.408+0000] {dagbag.py:537} INFO - Filling up the DagBag from /opt/airflow/dags/subdags/subdag_downloads.py
[2023-11-01T19:26:01.428+0000] {logging_mixin.py:120} INFO - [2023-11-01T19:26:01.427+0000] {dagbag.py:342} ERROR - Failed to import: /opt/airflow/dags/subdags/subdag_downloads.py
Traceback (most recent call last):
  File "/home/airflow/.local/lib/python3.7/site-packages/airflow/models/dagbag.py", line 338, in parse
    loader.exec_module(new_module)
  File "<frozen importlib._bootstrap_external>", line 724, in exec_module
  File "<frozen importlib._bootstrap_external>", line 860, in get_code
  File "<frozen importlib._bootstrap_external>", line 791, in source_to_code
  File "<frozen importlib._bootstrap>", line 219, in _call_with_frames_removed
  File "/opt/airflow/dags/subdags/subdag_downloads.py", line 9
    
    ^
SyntaxError: unexpected EOF while parsing
[2023-11-01T19:26:01.429+0000] {processor.py:768} WARNING - No viable dags retrieved from /opt/airflow/dags/subdags/subdag_downloads.py
[2023-11-01T19:26:01.452+0000] {processor.py:176} INFO - Processing /opt/airflow/dags/subdags/subdag_downloads.py took 0.050 seconds
[2023-11-01T19:26:31.899+0000] {processor.py:154} INFO - Started process (PID=147) to work on /opt/airflow/dags/subdags/subdag_downloads.py
[2023-11-01T19:26:31.900+0000] {processor.py:756} INFO - Processing file /opt/airflow/dags/subdags/subdag_downloads.py for tasks to queue
[2023-11-01T19:26:31.901+0000] {logging_mixin.py:120} INFO - [2023-11-01T19:26:31.901+0000] {dagbag.py:537} INFO - Filling up the DagBag from /opt/airflow/dags/subdags/subdag_downloads.py
[2023-11-01T19:26:31.921+0000] {logging_mixin.py:120} INFO - [2023-11-01T19:26:31.920+0000] {dagbag.py:342} ERROR - Failed to import: /opt/airflow/dags/subdags/subdag_downloads.py
Traceback (most recent call last):
  File "/home/airflow/.local/lib/python3.7/site-packages/airflow/models/dagbag.py", line 338, in parse
    loader.exec_module(new_module)
  File "<frozen importlib._bootstrap_external>", line 724, in exec_module
  File "<frozen importlib._bootstrap_external>", line 860, in get_code
  File "<frozen importlib._bootstrap_external>", line 791, in source_to_code
  File "<frozen importlib._bootstrap>", line 219, in _call_with_frames_removed
  File "/opt/airflow/dags/subdags/subdag_downloads.py", line 9
    
    ^
SyntaxError: unexpected EOF while parsing
[2023-11-01T19:26:31.921+0000] {processor.py:768} WARNING - No viable dags retrieved from /opt/airflow/dags/subdags/subdag_downloads.py
[2023-11-01T19:26:31.941+0000] {processor.py:176} INFO - Processing /opt/airflow/dags/subdags/subdag_downloads.py took 0.045 seconds
[2023-11-01T19:27:02.321+0000] {processor.py:154} INFO - Started process (PID=180) to work on /opt/airflow/dags/subdags/subdag_downloads.py
[2023-11-01T19:27:02.322+0000] {processor.py:756} INFO - Processing file /opt/airflow/dags/subdags/subdag_downloads.py for tasks to queue
[2023-11-01T19:27:02.323+0000] {logging_mixin.py:120} INFO - [2023-11-01T19:27:02.323+0000] {dagbag.py:537} INFO - Filling up the DagBag from /opt/airflow/dags/subdags/subdag_downloads.py
[2023-11-01T19:27:02.342+0000] {logging_mixin.py:120} INFO - [2023-11-01T19:27:02.341+0000] {dagbag.py:342} ERROR - Failed to import: /opt/airflow/dags/subdags/subdag_downloads.py
Traceback (most recent call last):
  File "/home/airflow/.local/lib/python3.7/site-packages/airflow/models/dagbag.py", line 338, in parse
    loader.exec_module(new_module)
  File "<frozen importlib._bootstrap_external>", line 724, in exec_module
  File "<frozen importlib._bootstrap_external>", line 860, in get_code
  File "<frozen importlib._bootstrap_external>", line 791, in source_to_code
  File "<frozen importlib._bootstrap>", line 219, in _call_with_frames_removed
  File "/opt/airflow/dags/subdags/subdag_downloads.py", line 9
    
    ^
SyntaxError: unexpected EOF while parsing
[2023-11-01T19:27:02.344+0000] {processor.py:768} WARNING - No viable dags retrieved from /opt/airflow/dags/subdags/subdag_downloads.py
[2023-11-01T19:27:02.365+0000] {processor.py:176} INFO - Processing /opt/airflow/dags/subdags/subdag_downloads.py took 0.046 seconds
[2023-11-01T19:27:32.839+0000] {processor.py:154} INFO - Started process (PID=205) to work on /opt/airflow/dags/subdags/subdag_downloads.py
[2023-11-01T19:27:32.840+0000] {processor.py:756} INFO - Processing file /opt/airflow/dags/subdags/subdag_downloads.py for tasks to queue
[2023-11-01T19:27:32.841+0000] {logging_mixin.py:120} INFO - [2023-11-01T19:27:32.841+0000] {dagbag.py:537} INFO - Filling up the DagBag from /opt/airflow/dags/subdags/subdag_downloads.py
[2023-11-01T19:27:32.867+0000] {logging_mixin.py:120} INFO - [2023-11-01T19:27:32.866+0000] {dagbag.py:342} ERROR - Failed to import: /opt/airflow/dags/subdags/subdag_downloads.py
Traceback (most recent call last):
  File "/home/airflow/.local/lib/python3.7/site-packages/airflow/models/dagbag.py", line 338, in parse
    loader.exec_module(new_module)
  File "<frozen importlib._bootstrap_external>", line 724, in exec_module
  File "<frozen importlib._bootstrap_external>", line 860, in get_code
  File "<frozen importlib._bootstrap_external>", line 791, in source_to_code
  File "<frozen importlib._bootstrap>", line 219, in _call_with_frames_removed
  File "/opt/airflow/dags/subdags/subdag_downloads.py", line 9
    
    ^
SyntaxError: unexpected EOF while parsing
[2023-11-01T19:27:32.868+0000] {processor.py:768} WARNING - No viable dags retrieved from /opt/airflow/dags/subdags/subdag_downloads.py
[2023-11-01T19:27:32.891+0000] {processor.py:176} INFO - Processing /opt/airflow/dags/subdags/subdag_downloads.py took 0.054 seconds
[2023-11-01T19:27:56.303+0000] {processor.py:154} INFO - Started process (PID=230) to work on /opt/airflow/dags/subdags/subdag_downloads.py
[2023-11-01T19:27:56.305+0000] {processor.py:756} INFO - Processing file /opt/airflow/dags/subdags/subdag_downloads.py for tasks to queue
[2023-11-01T19:27:56.306+0000] {logging_mixin.py:120} INFO - [2023-11-01T19:27:56.305+0000] {dagbag.py:537} INFO - Filling up the DagBag from /opt/airflow/dags/subdags/subdag_downloads.py
[2023-11-01T19:27:56.358+0000] {processor.py:768} WARNING - No viable dags retrieved from /opt/airflow/dags/subdags/subdag_downloads.py
[2023-11-01T19:27:56.377+0000] {processor.py:176} INFO - Processing /opt/airflow/dags/subdags/subdag_downloads.py took 0.077 seconds
[2023-11-01T19:28:26.975+0000] {processor.py:154} INFO - Started process (PID=262) to work on /opt/airflow/dags/subdags/subdag_downloads.py
[2023-11-01T19:28:26.976+0000] {processor.py:756} INFO - Processing file /opt/airflow/dags/subdags/subdag_downloads.py for tasks to queue
[2023-11-01T19:28:26.977+0000] {logging_mixin.py:120} INFO - [2023-11-01T19:28:26.977+0000] {dagbag.py:537} INFO - Filling up the DagBag from /opt/airflow/dags/subdags/subdag_downloads.py
[2023-11-01T19:28:27.001+0000] {processor.py:768} WARNING - No viable dags retrieved from /opt/airflow/dags/subdags/subdag_downloads.py
[2023-11-01T19:28:27.014+0000] {processor.py:176} INFO - Processing /opt/airflow/dags/subdags/subdag_downloads.py took 0.042 seconds
[2023-11-01T19:28:57.617+0000] {processor.py:154} INFO - Started process (PID=295) to work on /opt/airflow/dags/subdags/subdag_downloads.py
[2023-11-01T19:28:57.618+0000] {processor.py:756} INFO - Processing file /opt/airflow/dags/subdags/subdag_downloads.py for tasks to queue
[2023-11-01T19:28:57.619+0000] {logging_mixin.py:120} INFO - [2023-11-01T19:28:57.619+0000] {dagbag.py:537} INFO - Filling up the DagBag from /opt/airflow/dags/subdags/subdag_downloads.py
[2023-11-01T19:28:57.641+0000] {processor.py:768} WARNING - No viable dags retrieved from /opt/airflow/dags/subdags/subdag_downloads.py
[2023-11-01T19:28:57.654+0000] {processor.py:176} INFO - Processing /opt/airflow/dags/subdags/subdag_downloads.py took 0.039 seconds
[2023-11-01T19:29:27.998+0000] {processor.py:154} INFO - Started process (PID=319) to work on /opt/airflow/dags/subdags/subdag_downloads.py
[2023-11-01T19:29:28.000+0000] {processor.py:756} INFO - Processing file /opt/airflow/dags/subdags/subdag_downloads.py for tasks to queue
[2023-11-01T19:29:28.001+0000] {logging_mixin.py:120} INFO - [2023-11-01T19:29:28.001+0000] {dagbag.py:537} INFO - Filling up the DagBag from /opt/airflow/dags/subdags/subdag_downloads.py
[2023-11-01T19:29:28.024+0000] {processor.py:768} WARNING - No viable dags retrieved from /opt/airflow/dags/subdags/subdag_downloads.py
[2023-11-01T19:29:28.039+0000] {processor.py:176} INFO - Processing /opt/airflow/dags/subdags/subdag_downloads.py took 0.043 seconds
[2023-11-01T19:29:58.601+0000] {processor.py:154} INFO - Started process (PID=353) to work on /opt/airflow/dags/subdags/subdag_downloads.py
[2023-11-01T19:29:58.603+0000] {processor.py:756} INFO - Processing file /opt/airflow/dags/subdags/subdag_downloads.py for tasks to queue
[2023-11-01T19:29:58.604+0000] {logging_mixin.py:120} INFO - [2023-11-01T19:29:58.604+0000] {dagbag.py:537} INFO - Filling up the DagBag from /opt/airflow/dags/subdags/subdag_downloads.py
[2023-11-01T19:29:58.628+0000] {processor.py:768} WARNING - No viable dags retrieved from /opt/airflow/dags/subdags/subdag_downloads.py
[2023-11-01T19:29:58.642+0000] {processor.py:176} INFO - Processing /opt/airflow/dags/subdags/subdag_downloads.py took 0.043 seconds
[2023-11-01T19:30:29.069+0000] {processor.py:154} INFO - Started process (PID=377) to work on /opt/airflow/dags/subdags/subdag_downloads.py
[2023-11-01T19:30:29.070+0000] {processor.py:756} INFO - Processing file /opt/airflow/dags/subdags/subdag_downloads.py for tasks to queue
[2023-11-01T19:30:29.071+0000] {logging_mixin.py:120} INFO - [2023-11-01T19:30:29.071+0000] {dagbag.py:537} INFO - Filling up the DagBag from /opt/airflow/dags/subdags/subdag_downloads.py
[2023-11-01T19:30:29.093+0000] {processor.py:768} WARNING - No viable dags retrieved from /opt/airflow/dags/subdags/subdag_downloads.py
[2023-11-01T19:30:29.106+0000] {processor.py:176} INFO - Processing /opt/airflow/dags/subdags/subdag_downloads.py took 0.040 seconds
[2023-11-01T19:30:59.712+0000] {processor.py:154} INFO - Started process (PID=411) to work on /opt/airflow/dags/subdags/subdag_downloads.py
[2023-11-01T19:30:59.713+0000] {processor.py:756} INFO - Processing file /opt/airflow/dags/subdags/subdag_downloads.py for tasks to queue
[2023-11-01T19:30:59.715+0000] {logging_mixin.py:120} INFO - [2023-11-01T19:30:59.714+0000] {dagbag.py:537} INFO - Filling up the DagBag from /opt/airflow/dags/subdags/subdag_downloads.py
[2023-11-01T19:30:59.745+0000] {processor.py:768} WARNING - No viable dags retrieved from /opt/airflow/dags/subdags/subdag_downloads.py
[2023-11-01T19:30:59.759+0000] {processor.py:176} INFO - Processing /opt/airflow/dags/subdags/subdag_downloads.py took 0.049 seconds
[2023-11-01T19:31:30.154+0000] {processor.py:154} INFO - Started process (PID=445) to work on /opt/airflow/dags/subdags/subdag_downloads.py
[2023-11-01T19:31:30.155+0000] {processor.py:756} INFO - Processing file /opt/airflow/dags/subdags/subdag_downloads.py for tasks to queue
[2023-11-01T19:31:30.156+0000] {logging_mixin.py:120} INFO - [2023-11-01T19:31:30.156+0000] {dagbag.py:537} INFO - Filling up the DagBag from /opt/airflow/dags/subdags/subdag_downloads.py
[2023-11-01T19:31:30.176+0000] {processor.py:768} WARNING - No viable dags retrieved from /opt/airflow/dags/subdags/subdag_downloads.py
[2023-11-01T19:31:30.190+0000] {processor.py:176} INFO - Processing /opt/airflow/dags/subdags/subdag_downloads.py took 0.039 seconds
[2023-11-01T19:32:00.586+0000] {processor.py:154} INFO - Started process (PID=470) to work on /opt/airflow/dags/subdags/subdag_downloads.py
[2023-11-01T19:32:00.588+0000] {processor.py:756} INFO - Processing file /opt/airflow/dags/subdags/subdag_downloads.py for tasks to queue
[2023-11-01T19:32:00.589+0000] {logging_mixin.py:120} INFO - [2023-11-01T19:32:00.588+0000] {dagbag.py:537} INFO - Filling up the DagBag from /opt/airflow/dags/subdags/subdag_downloads.py
[2023-11-01T19:32:00.611+0000] {processor.py:768} WARNING - No viable dags retrieved from /opt/airflow/dags/subdags/subdag_downloads.py
[2023-11-01T19:32:00.629+0000] {processor.py:176} INFO - Processing /opt/airflow/dags/subdags/subdag_downloads.py took 0.045 seconds
[2023-11-01T19:32:31.437+0000] {processor.py:154} INFO - Started process (PID=503) to work on /opt/airflow/dags/subdags/subdag_downloads.py
[2023-11-01T19:32:31.438+0000] {processor.py:756} INFO - Processing file /opt/airflow/dags/subdags/subdag_downloads.py for tasks to queue
[2023-11-01T19:32:31.439+0000] {logging_mixin.py:120} INFO - [2023-11-01T19:32:31.439+0000] {dagbag.py:537} INFO - Filling up the DagBag from /opt/airflow/dags/subdags/subdag_downloads.py
[2023-11-01T19:32:31.466+0000] {processor.py:768} WARNING - No viable dags retrieved from /opt/airflow/dags/subdags/subdag_downloads.py
[2023-11-01T19:32:31.479+0000] {processor.py:176} INFO - Processing /opt/airflow/dags/subdags/subdag_downloads.py took 0.045 seconds
[2023-11-01T19:33:02.245+0000] {processor.py:154} INFO - Started process (PID=527) to work on /opt/airflow/dags/subdags/subdag_downloads.py
[2023-11-01T19:33:02.247+0000] {processor.py:756} INFO - Processing file /opt/airflow/dags/subdags/subdag_downloads.py for tasks to queue
[2023-11-01T19:33:02.248+0000] {logging_mixin.py:120} INFO - [2023-11-01T19:33:02.248+0000] {dagbag.py:537} INFO - Filling up the DagBag from /opt/airflow/dags/subdags/subdag_downloads.py
[2023-11-01T19:33:02.270+0000] {processor.py:768} WARNING - No viable dags retrieved from /opt/airflow/dags/subdags/subdag_downloads.py
[2023-11-01T19:33:02.285+0000] {processor.py:176} INFO - Processing /opt/airflow/dags/subdags/subdag_downloads.py took 0.042 seconds
[2023-11-01T19:33:32.866+0000] {processor.py:154} INFO - Started process (PID=560) to work on /opt/airflow/dags/subdags/subdag_downloads.py
[2023-11-01T19:33:32.867+0000] {processor.py:756} INFO - Processing file /opt/airflow/dags/subdags/subdag_downloads.py for tasks to queue
[2023-11-01T19:33:32.868+0000] {logging_mixin.py:120} INFO - [2023-11-01T19:33:32.867+0000] {dagbag.py:537} INFO - Filling up the DagBag from /opt/airflow/dags/subdags/subdag_downloads.py
[2023-11-01T19:33:32.888+0000] {processor.py:768} WARNING - No viable dags retrieved from /opt/airflow/dags/subdags/subdag_downloads.py
[2023-11-01T19:33:32.901+0000] {processor.py:176} INFO - Processing /opt/airflow/dags/subdags/subdag_downloads.py took 0.038 seconds
[2023-11-01T19:34:03.519+0000] {processor.py:154} INFO - Started process (PID=593) to work on /opt/airflow/dags/subdags/subdag_downloads.py
[2023-11-01T19:34:03.533+0000] {processor.py:756} INFO - Processing file /opt/airflow/dags/subdags/subdag_downloads.py for tasks to queue
[2023-11-01T19:34:03.545+0000] {logging_mixin.py:120} INFO - [2023-11-01T19:34:03.545+0000] {dagbag.py:537} INFO - Filling up the DagBag from /opt/airflow/dags/subdags/subdag_downloads.py
[2023-11-01T19:34:03.666+0000] {processor.py:768} WARNING - No viable dags retrieved from /opt/airflow/dags/subdags/subdag_downloads.py
[2023-11-01T19:34:03.704+0000] {processor.py:176} INFO - Processing /opt/airflow/dags/subdags/subdag_downloads.py took 0.189 seconds
[2023-11-01T19:34:34.412+0000] {processor.py:154} INFO - Started process (PID=618) to work on /opt/airflow/dags/subdags/subdag_downloads.py
[2023-11-01T19:34:34.413+0000] {processor.py:756} INFO - Processing file /opt/airflow/dags/subdags/subdag_downloads.py for tasks to queue
[2023-11-01T19:34:34.415+0000] {logging_mixin.py:120} INFO - [2023-11-01T19:34:34.414+0000] {dagbag.py:537} INFO - Filling up the DagBag from /opt/airflow/dags/subdags/subdag_downloads.py
[2023-11-01T19:34:34.440+0000] {processor.py:768} WARNING - No viable dags retrieved from /opt/airflow/dags/subdags/subdag_downloads.py
[2023-11-01T19:34:34.452+0000] {processor.py:176} INFO - Processing /opt/airflow/dags/subdags/subdag_downloads.py took 0.043 seconds
[2023-11-01T19:35:04.496+0000] {processor.py:154} INFO - Started process (PID=653) to work on /opt/airflow/dags/subdags/subdag_downloads.py
[2023-11-01T19:35:04.497+0000] {processor.py:756} INFO - Processing file /opt/airflow/dags/subdags/subdag_downloads.py for tasks to queue
[2023-11-01T19:35:04.498+0000] {logging_mixin.py:120} INFO - [2023-11-01T19:35:04.498+0000] {dagbag.py:537} INFO - Filling up the DagBag from /opt/airflow/dags/subdags/subdag_downloads.py
[2023-11-01T19:35:04.530+0000] {processor.py:768} WARNING - No viable dags retrieved from /opt/airflow/dags/subdags/subdag_downloads.py
[2023-11-01T19:35:04.547+0000] {processor.py:176} INFO - Processing /opt/airflow/dags/subdags/subdag_downloads.py took 0.054 seconds
[2023-11-01T19:35:34.651+0000] {processor.py:154} INFO - Started process (PID=678) to work on /opt/airflow/dags/subdags/subdag_downloads.py
[2023-11-01T19:35:34.652+0000] {processor.py:756} INFO - Processing file /opt/airflow/dags/subdags/subdag_downloads.py for tasks to queue
[2023-11-01T19:35:34.653+0000] {logging_mixin.py:120} INFO - [2023-11-01T19:35:34.653+0000] {dagbag.py:537} INFO - Filling up the DagBag from /opt/airflow/dags/subdags/subdag_downloads.py
[2023-11-01T19:35:34.676+0000] {processor.py:768} WARNING - No viable dags retrieved from /opt/airflow/dags/subdags/subdag_downloads.py
[2023-11-01T19:35:34.689+0000] {processor.py:176} INFO - Processing /opt/airflow/dags/subdags/subdag_downloads.py took 0.041 seconds
[2023-11-01T19:36:04.854+0000] {processor.py:154} INFO - Started process (PID=721) to work on /opt/airflow/dags/subdags/subdag_downloads.py
[2023-11-01T19:36:04.855+0000] {processor.py:756} INFO - Processing file /opt/airflow/dags/subdags/subdag_downloads.py for tasks to queue
[2023-11-01T19:36:04.856+0000] {logging_mixin.py:120} INFO - [2023-11-01T19:36:04.856+0000] {dagbag.py:537} INFO - Filling up the DagBag from /opt/airflow/dags/subdags/subdag_downloads.py
[2023-11-01T19:36:04.879+0000] {processor.py:768} WARNING - No viable dags retrieved from /opt/airflow/dags/subdags/subdag_downloads.py
[2023-11-01T19:36:04.894+0000] {processor.py:176} INFO - Processing /opt/airflow/dags/subdags/subdag_downloads.py took 0.045 seconds
[2023-11-01T19:36:35.621+0000] {processor.py:154} INFO - Started process (PID=745) to work on /opt/airflow/dags/subdags/subdag_downloads.py
[2023-11-01T19:36:35.623+0000] {processor.py:756} INFO - Processing file /opt/airflow/dags/subdags/subdag_downloads.py for tasks to queue
[2023-11-01T19:36:35.624+0000] {logging_mixin.py:120} INFO - [2023-11-01T19:36:35.624+0000] {dagbag.py:537} INFO - Filling up the DagBag from /opt/airflow/dags/subdags/subdag_downloads.py
[2023-11-01T19:36:35.655+0000] {processor.py:768} WARNING - No viable dags retrieved from /opt/airflow/dags/subdags/subdag_downloads.py
[2023-11-01T19:36:35.669+0000] {processor.py:176} INFO - Processing /opt/airflow/dags/subdags/subdag_downloads.py took 0.051 seconds
[2023-11-01T19:37:06.264+0000] {processor.py:154} INFO - Started process (PID=780) to work on /opt/airflow/dags/subdags/subdag_downloads.py
[2023-11-01T19:37:06.265+0000] {processor.py:756} INFO - Processing file /opt/airflow/dags/subdags/subdag_downloads.py for tasks to queue
[2023-11-01T19:37:06.266+0000] {logging_mixin.py:120} INFO - [2023-11-01T19:37:06.266+0000] {dagbag.py:537} INFO - Filling up the DagBag from /opt/airflow/dags/subdags/subdag_downloads.py
[2023-11-01T19:37:06.288+0000] {processor.py:768} WARNING - No viable dags retrieved from /opt/airflow/dags/subdags/subdag_downloads.py
[2023-11-01T19:37:06.302+0000] {processor.py:176} INFO - Processing /opt/airflow/dags/subdags/subdag_downloads.py took 0.041 seconds
[2023-11-01T19:37:36.890+0000] {processor.py:154} INFO - Started process (PID=815) to work on /opt/airflow/dags/subdags/subdag_downloads.py
[2023-11-01T19:37:36.892+0000] {processor.py:756} INFO - Processing file /opt/airflow/dags/subdags/subdag_downloads.py for tasks to queue
[2023-11-01T19:37:36.893+0000] {logging_mixin.py:120} INFO - [2023-11-01T19:37:36.893+0000] {dagbag.py:537} INFO - Filling up the DagBag from /opt/airflow/dags/subdags/subdag_downloads.py
[2023-11-01T19:37:36.919+0000] {processor.py:768} WARNING - No viable dags retrieved from /opt/airflow/dags/subdags/subdag_downloads.py
[2023-11-01T19:37:36.936+0000] {processor.py:176} INFO - Processing /opt/airflow/dags/subdags/subdag_downloads.py took 0.048 seconds
[2023-11-01T19:38:07.504+0000] {processor.py:154} INFO - Started process (PID=840) to work on /opt/airflow/dags/subdags/subdag_downloads.py
[2023-11-01T19:38:07.506+0000] {processor.py:756} INFO - Processing file /opt/airflow/dags/subdags/subdag_downloads.py for tasks to queue
[2023-11-01T19:38:07.507+0000] {logging_mixin.py:120} INFO - [2023-11-01T19:38:07.507+0000] {dagbag.py:537} INFO - Filling up the DagBag from /opt/airflow/dags/subdags/subdag_downloads.py
[2023-11-01T19:38:07.530+0000] {processor.py:768} WARNING - No viable dags retrieved from /opt/airflow/dags/subdags/subdag_downloads.py
[2023-11-01T19:38:07.543+0000] {processor.py:176} INFO - Processing /opt/airflow/dags/subdags/subdag_downloads.py took 0.042 seconds
[2023-11-01T19:38:38.253+0000] {processor.py:154} INFO - Started process (PID=875) to work on /opt/airflow/dags/subdags/subdag_downloads.py
[2023-11-01T19:38:38.254+0000] {processor.py:756} INFO - Processing file /opt/airflow/dags/subdags/subdag_downloads.py for tasks to queue
[2023-11-01T19:38:38.255+0000] {logging_mixin.py:120} INFO - [2023-11-01T19:38:38.255+0000] {dagbag.py:537} INFO - Filling up the DagBag from /opt/airflow/dags/subdags/subdag_downloads.py
[2023-11-01T19:38:38.277+0000] {processor.py:768} WARNING - No viable dags retrieved from /opt/airflow/dags/subdags/subdag_downloads.py
[2023-11-01T19:38:38.290+0000] {processor.py:176} INFO - Processing /opt/airflow/dags/subdags/subdag_downloads.py took 0.039 seconds
[2023-11-01T19:39:08.820+0000] {processor.py:154} INFO - Started process (PID=900) to work on /opt/airflow/dags/subdags/subdag_downloads.py
[2023-11-01T19:39:08.821+0000] {processor.py:756} INFO - Processing file /opt/airflow/dags/subdags/subdag_downloads.py for tasks to queue
[2023-11-01T19:39:08.822+0000] {logging_mixin.py:120} INFO - [2023-11-01T19:39:08.822+0000] {dagbag.py:537} INFO - Filling up the DagBag from /opt/airflow/dags/subdags/subdag_downloads.py
[2023-11-01T19:39:08.846+0000] {processor.py:768} WARNING - No viable dags retrieved from /opt/airflow/dags/subdags/subdag_downloads.py
[2023-11-01T19:39:08.861+0000] {processor.py:176} INFO - Processing /opt/airflow/dags/subdags/subdag_downloads.py took 0.044 seconds
[2023-11-01T19:39:39.474+0000] {processor.py:154} INFO - Started process (PID=936) to work on /opt/airflow/dags/subdags/subdag_downloads.py
[2023-11-01T19:39:39.475+0000] {processor.py:756} INFO - Processing file /opt/airflow/dags/subdags/subdag_downloads.py for tasks to queue
[2023-11-01T19:39:39.476+0000] {logging_mixin.py:120} INFO - [2023-11-01T19:39:39.476+0000] {dagbag.py:537} INFO - Filling up the DagBag from /opt/airflow/dags/subdags/subdag_downloads.py
[2023-11-01T19:39:39.499+0000] {processor.py:768} WARNING - No viable dags retrieved from /opt/airflow/dags/subdags/subdag_downloads.py
[2023-11-01T19:39:39.512+0000] {processor.py:176} INFO - Processing /opt/airflow/dags/subdags/subdag_downloads.py took 0.040 seconds
[2023-11-01T19:40:10.111+0000] {processor.py:154} INFO - Started process (PID=971) to work on /opt/airflow/dags/subdags/subdag_downloads.py
[2023-11-01T19:40:10.112+0000] {processor.py:756} INFO - Processing file /opt/airflow/dags/subdags/subdag_downloads.py for tasks to queue
[2023-11-01T19:40:10.113+0000] {logging_mixin.py:120} INFO - [2023-11-01T19:40:10.113+0000] {dagbag.py:537} INFO - Filling up the DagBag from /opt/airflow/dags/subdags/subdag_downloads.py
[2023-11-01T19:40:10.136+0000] {processor.py:768} WARNING - No viable dags retrieved from /opt/airflow/dags/subdags/subdag_downloads.py
[2023-11-01T19:40:10.149+0000] {processor.py:176} INFO - Processing /opt/airflow/dags/subdags/subdag_downloads.py took 0.041 seconds
[2023-11-01T19:40:40.619+0000] {processor.py:154} INFO - Started process (PID=997) to work on /opt/airflow/dags/subdags/subdag_downloads.py
[2023-11-01T19:40:40.620+0000] {processor.py:756} INFO - Processing file /opt/airflow/dags/subdags/subdag_downloads.py for tasks to queue
[2023-11-01T19:40:40.620+0000] {logging_mixin.py:120} INFO - [2023-11-01T19:40:40.620+0000] {dagbag.py:537} INFO - Filling up the DagBag from /opt/airflow/dags/subdags/subdag_downloads.py
[2023-11-01T19:40:40.646+0000] {processor.py:768} WARNING - No viable dags retrieved from /opt/airflow/dags/subdags/subdag_downloads.py
[2023-11-01T19:40:40.661+0000] {processor.py:176} INFO - Processing /opt/airflow/dags/subdags/subdag_downloads.py took 0.045 seconds
[2023-11-01T19:41:11.334+0000] {processor.py:154} INFO - Started process (PID=1032) to work on /opt/airflow/dags/subdags/subdag_downloads.py
[2023-11-01T19:41:11.335+0000] {processor.py:756} INFO - Processing file /opt/airflow/dags/subdags/subdag_downloads.py for tasks to queue
[2023-11-01T19:41:11.336+0000] {logging_mixin.py:120} INFO - [2023-11-01T19:41:11.336+0000] {dagbag.py:537} INFO - Filling up the DagBag from /opt/airflow/dags/subdags/subdag_downloads.py
[2023-11-01T19:41:11.357+0000] {processor.py:768} WARNING - No viable dags retrieved from /opt/airflow/dags/subdags/subdag_downloads.py
[2023-11-01T19:41:11.370+0000] {processor.py:176} INFO - Processing /opt/airflow/dags/subdags/subdag_downloads.py took 0.038 seconds
[2023-11-01T19:41:41.860+0000] {processor.py:154} INFO - Started process (PID=1064) to work on /opt/airflow/dags/subdags/subdag_downloads.py
[2023-11-01T19:41:41.861+0000] {processor.py:756} INFO - Processing file /opt/airflow/dags/subdags/subdag_downloads.py for tasks to queue
[2023-11-01T19:41:41.863+0000] {logging_mixin.py:120} INFO - [2023-11-01T19:41:41.863+0000] {dagbag.py:537} INFO - Filling up the DagBag from /opt/airflow/dags/subdags/subdag_downloads.py
[2023-11-01T19:41:41.902+0000] {processor.py:768} WARNING - No viable dags retrieved from /opt/airflow/dags/subdags/subdag_downloads.py
[2023-11-01T19:41:41.918+0000] {processor.py:176} INFO - Processing /opt/airflow/dags/subdags/subdag_downloads.py took 0.061 seconds
[2023-11-01T19:42:12.479+0000] {processor.py:154} INFO - Started process (PID=1091) to work on /opt/airflow/dags/subdags/subdag_downloads.py
[2023-11-01T19:42:12.479+0000] {processor.py:756} INFO - Processing file /opt/airflow/dags/subdags/subdag_downloads.py for tasks to queue
[2023-11-01T19:42:12.480+0000] {logging_mixin.py:120} INFO - [2023-11-01T19:42:12.480+0000] {dagbag.py:537} INFO - Filling up the DagBag from /opt/airflow/dags/subdags/subdag_downloads.py
[2023-11-01T19:42:12.505+0000] {processor.py:768} WARNING - No viable dags retrieved from /opt/airflow/dags/subdags/subdag_downloads.py
[2023-11-01T19:42:12.520+0000] {processor.py:176} INFO - Processing /opt/airflow/dags/subdags/subdag_downloads.py took 0.044 seconds
[2023-11-01T19:42:42.992+0000] {processor.py:154} INFO - Started process (PID=1125) to work on /opt/airflow/dags/subdags/subdag_downloads.py
[2023-11-01T19:42:42.993+0000] {processor.py:756} INFO - Processing file /opt/airflow/dags/subdags/subdag_downloads.py for tasks to queue
[2023-11-01T19:42:42.995+0000] {logging_mixin.py:120} INFO - [2023-11-01T19:42:42.994+0000] {dagbag.py:537} INFO - Filling up the DagBag from /opt/airflow/dags/subdags/subdag_downloads.py
[2023-11-01T19:42:43.043+0000] {processor.py:768} WARNING - No viable dags retrieved from /opt/airflow/dags/subdags/subdag_downloads.py
[2023-11-01T19:42:43.061+0000] {processor.py:176} INFO - Processing /opt/airflow/dags/subdags/subdag_downloads.py took 0.073 seconds
[2023-11-01T19:43:13.134+0000] {processor.py:154} INFO - Started process (PID=1151) to work on /opt/airflow/dags/subdags/subdag_downloads.py
[2023-11-01T19:43:13.135+0000] {processor.py:756} INFO - Processing file /opt/airflow/dags/subdags/subdag_downloads.py for tasks to queue
[2023-11-01T19:43:13.136+0000] {logging_mixin.py:120} INFO - [2023-11-01T19:43:13.136+0000] {dagbag.py:537} INFO - Filling up the DagBag from /opt/airflow/dags/subdags/subdag_downloads.py
[2023-11-01T19:43:13.160+0000] {processor.py:768} WARNING - No viable dags retrieved from /opt/airflow/dags/subdags/subdag_downloads.py
[2023-11-01T19:43:13.173+0000] {processor.py:176} INFO - Processing /opt/airflow/dags/subdags/subdag_downloads.py took 0.041 seconds
[2023-11-01T19:43:43.781+0000] {processor.py:154} INFO - Started process (PID=1186) to work on /opt/airflow/dags/subdags/subdag_downloads.py
[2023-11-01T19:43:43.782+0000] {processor.py:756} INFO - Processing file /opt/airflow/dags/subdags/subdag_downloads.py for tasks to queue
[2023-11-01T19:43:43.783+0000] {logging_mixin.py:120} INFO - [2023-11-01T19:43:43.783+0000] {dagbag.py:537} INFO - Filling up the DagBag from /opt/airflow/dags/subdags/subdag_downloads.py
[2023-11-01T19:43:43.807+0000] {processor.py:768} WARNING - No viable dags retrieved from /opt/airflow/dags/subdags/subdag_downloads.py
[2023-11-01T19:43:43.820+0000] {processor.py:176} INFO - Processing /opt/airflow/dags/subdags/subdag_downloads.py took 0.042 seconds
