[2023-11-12T10:59:26.217+0000] {taskinstance.py:1087} INFO - Dependencies all met for <TaskInstance: people.create_people_table scheduled__2023-11-11T00:00:00+00:00 [queued]>
[2023-11-12T10:59:26.232+0000] {taskinstance.py:1087} INFO - Dependencies all met for <TaskInstance: people.create_people_table scheduled__2023-11-11T00:00:00+00:00 [queued]>
[2023-11-12T10:59:26.233+0000] {taskinstance.py:1283} INFO - 
--------------------------------------------------------------------------------
[2023-11-12T10:59:26.233+0000] {taskinstance.py:1284} INFO - Starting attempt 1 of 1
[2023-11-12T10:59:26.234+0000] {taskinstance.py:1285} INFO - 
--------------------------------------------------------------------------------
[2023-11-12T10:59:26.254+0000] {taskinstance.py:1304} INFO - Executing <Task(PostgresOperator): create_people_table> on 2023-11-11 00:00:00+00:00
[2023-11-12T10:59:26.262+0000] {standard_task_runner.py:55} INFO - Started process 104 to run task
[2023-11-12T10:59:26.269+0000] {standard_task_runner.py:82} INFO - Running: ['***', 'tasks', 'run', 'people', 'create_people_table', 'scheduled__2023-11-11T00:00:00+00:00', '--job-id', '548', '--raw', '--subdir', 'DAGS_FOLDER/people.py', '--cfg-path', '/tmp/tmpv1u_9btb']
[2023-11-12T10:59:26.271+0000] {standard_task_runner.py:83} INFO - Job 548: Subtask create_people_table
[2023-11-12T10:59:26.385+0000] {task_command.py:389} INFO - Running <TaskInstance: people.create_people_table scheduled__2023-11-11T00:00:00+00:00 [running]> on host 691b0a4d0de3
[2023-11-12T10:59:26.730+0000] {taskinstance.py:1513} INFO - Exporting the following env vars:
AIRFLOW_CTX_DAG_OWNER=Tetiana
AIRFLOW_CTX_DAG_ID=people
AIRFLOW_CTX_TASK_ID=create_people_table
AIRFLOW_CTX_EXECUTION_DATE=2023-11-11T00:00:00+00:00
AIRFLOW_CTX_TRY_NUMBER=1
AIRFLOW_CTX_DAG_RUN_ID=scheduled__2023-11-11T00:00:00+00:00
[2023-11-12T10:59:26.731+0000] {sql.py:253} INFO - Executing: 
        CREATE TABLE IF NOT EXISTS people (
            Index INT NOT NULL primary key,
            User_Id varchar(100),
            First_Name varchar(100),
            Last_Name varchar(100),
            Sex varchar(100),
            Email varchar(100),
            Phone varchar(100),
            Date_of_birth Date,
            Job_title varchar(100)
        );
    
[2023-11-12T10:59:26.743+0000] {base.py:73} INFO - Using connection ID 'postgres' for task execution.
[2023-11-12T10:59:27.050+0000] {base.py:73} INFO - Using connection ID 'postgres' for task execution.
[2023-11-12T10:59:27.055+0000] {sql.py:364} INFO - Running statement: 
        CREATE TABLE IF NOT EXISTS people (
            Index INT NOT NULL primary key,
            User_Id varchar(100),
            First_Name varchar(100),
            Last_Name varchar(100),
            Sex varchar(100),
            Email varchar(100),
            Phone varchar(100),
            Date_of_birth Date,
            Job_title varchar(100)
        );
    , parameters: None
[2023-11-12T10:59:27.071+0000] {taskinstance.py:1327} INFO - Marking task as SUCCESS. dag_id=people, task_id=create_people_table, execution_date=20231111T000000, start_date=20231112T105926, end_date=20231112T105927
[2023-11-12T10:59:27.098+0000] {local_task_job.py:159} INFO - Task exited with return code 0
[2023-11-12T10:59:27.135+0000] {taskinstance.py:2582} INFO - 1 downstream tasks scheduled from follow-on schedule check
