[2023-11-02T17:09:51.300+0000] {taskinstance.py:1165} INFO - Dependencies all met for <TaskInstance: user_processing.process_user manual__2023-11-02T17:09:44.262332+00:00 [queued]>
[2023-11-02T17:09:51.315+0000] {taskinstance.py:1165} INFO - Dependencies all met for <TaskInstance: user_processing.process_user manual__2023-11-02T17:09:44.262332+00:00 [queued]>
[2023-11-02T17:09:51.316+0000] {taskinstance.py:1362} INFO - 
--------------------------------------------------------------------------------
[2023-11-02T17:09:51.317+0000] {taskinstance.py:1363} INFO - Starting attempt 1 of 1
[2023-11-02T17:09:51.318+0000] {taskinstance.py:1364} INFO - 
--------------------------------------------------------------------------------
[2023-11-02T17:09:51.336+0000] {taskinstance.py:1383} INFO - Executing <Task(PythonOperator): process_user> on 2023-11-02 17:09:44.262332+00:00
[2023-11-02T17:09:51.343+0000] {standard_task_runner.py:55} INFO - Started process 193 to run task
[2023-11-02T17:09:51.346+0000] {standard_task_runner.py:82} INFO - Running: ['***', 'tasks', 'run', 'user_processing', 'process_user', 'manual__2023-11-02T17:09:44.262332+00:00', '--job-id', '15', '--raw', '--subdir', 'DAGS_FOLDER/user_processing.py', '--cfg-path', '/tmp/tmpgutesup0']
[2023-11-02T17:09:51.348+0000] {standard_task_runner.py:83} INFO - Job 15: Subtask process_user
[2023-11-02T17:09:51.415+0000] {task_command.py:376} INFO - Running <TaskInstance: user_processing.process_user manual__2023-11-02T17:09:44.262332+00:00 [running]> on host 4dbb6f0c634f
[2023-11-02T17:09:51.501+0000] {taskinstance.py:1592} INFO - Exporting the following env vars:
AIRFLOW_CTX_DAG_OWNER=***
AIRFLOW_CTX_DAG_ID=user_processing
AIRFLOW_CTX_TASK_ID=process_user
AIRFLOW_CTX_EXECUTION_DATE=2023-11-02T17:09:44.262332+00:00
AIRFLOW_CTX_TRY_NUMBER=1
AIRFLOW_CTX_DAG_RUN_ID=manual__2023-11-02T17:09:44.262332+00:00
[2023-11-02T17:09:51.528+0000] {python.py:177} INFO - Done. Returned value was: None
[2023-11-02T17:09:51.540+0000] {taskinstance.py:1406} INFO - Marking task as SUCCESS. dag_id=user_processing, task_id=process_user, execution_date=20231102T170944, start_date=20231102T170951, end_date=20231102T170951
[2023-11-02T17:09:51.600+0000] {local_task_job.py:164} INFO - Task exited with return code 0
[2023-11-02T17:09:51.629+0000] {local_task_job.py:273} INFO - 1 downstream tasks scheduled from follow-on schedule check
