[2023-11-01T18:52:19.853+0000] {taskinstance.py:1165} INFO - Dependencies all met for <TaskInstance: parallel_dag.extract_b scheduled__2023-10-31T00:00:00+00:00 [queued]>
[2023-11-01T18:52:19.879+0000] {taskinstance.py:1165} INFO - Dependencies all met for <TaskInstance: parallel_dag.extract_b scheduled__2023-10-31T00:00:00+00:00 [queued]>
[2023-11-01T18:52:19.880+0000] {taskinstance.py:1362} INFO - 
--------------------------------------------------------------------------------
[2023-11-01T18:52:19.881+0000] {taskinstance.py:1363} INFO - Starting attempt 1 of 1
[2023-11-01T18:52:19.882+0000] {taskinstance.py:1364} INFO - 
--------------------------------------------------------------------------------
[2023-11-01T18:52:19.905+0000] {taskinstance.py:1383} INFO - Executing <Task(BashOperator): extract_b> on 2023-10-31 00:00:00+00:00
[2023-11-01T18:52:19.912+0000] {standard_task_runner.py:55} INFO - Started process 177 to run task
[2023-11-01T18:52:19.918+0000] {standard_task_runner.py:82} INFO - Running: ['***', 'tasks', 'run', 'parallel_dag', 'extract_b', 'scheduled__2023-10-31T00:00:00+00:00', '--job-id', '10', '--raw', '--subdir', 'DAGS_FOLDER/parallel_dag.py', '--cfg-path', '/tmp/tmpycj9poct']
[2023-11-01T18:52:19.919+0000] {standard_task_runner.py:83} INFO - Job 10: Subtask extract_b
[2023-11-01T18:52:20.055+0000] {task_command.py:376} INFO - Running <TaskInstance: parallel_dag.extract_b scheduled__2023-10-31T00:00:00+00:00 [running]> on host 0afe12bce7c8
[2023-11-01T18:52:20.166+0000] {taskinstance.py:1592} INFO - Exporting the following env vars:
AIRFLOW_CTX_DAG_OWNER=***
AIRFLOW_CTX_DAG_ID=parallel_dag
AIRFLOW_CTX_TASK_ID=extract_b
AIRFLOW_CTX_EXECUTION_DATE=2023-10-31T00:00:00+00:00
AIRFLOW_CTX_TRY_NUMBER=1
AIRFLOW_CTX_DAG_RUN_ID=scheduled__2023-10-31T00:00:00+00:00
[2023-11-01T18:52:20.168+0000] {subprocess.py:63} INFO - Tmp dir root location: 
 /tmp
[2023-11-01T18:52:20.169+0000] {subprocess.py:75} INFO - Running command: ['/bin/bash', '-c', 'sleep 10']
[2023-11-01T18:52:20.180+0000] {subprocess.py:86} INFO - Output:
[2023-11-01T18:52:30.207+0000] {subprocess.py:97} INFO - Command exited with return code 0
[2023-11-01T18:52:30.507+0000] {taskinstance.py:1406} INFO - Marking task as SUCCESS. dag_id=parallel_dag, task_id=extract_b, execution_date=20231031T000000, start_date=20231101T185219, end_date=20231101T185230
[2023-11-01T18:52:30.572+0000] {local_task_job.py:164} INFO - Task exited with return code 0
[2023-11-01T18:52:30.631+0000] {local_task_job.py:273} INFO - 1 downstream tasks scheduled from follow-on schedule check
