[2023-11-12T10:59:28.770+0000] {taskinstance.py:1087} INFO - Dependencies all met for <TaskInstance: people.read_people scheduled__2023-11-11T00:00:00+00:00 [queued]>
[2023-11-12T10:59:28.795+0000] {taskinstance.py:1087} INFO - Dependencies all met for <TaskInstance: people.read_people scheduled__2023-11-11T00:00:00+00:00 [queued]>
[2023-11-12T10:59:28.796+0000] {taskinstance.py:1283} INFO - 
--------------------------------------------------------------------------------
[2023-11-12T10:59:28.796+0000] {taskinstance.py:1284} INFO - Starting attempt 1 of 1
[2023-11-12T10:59:28.797+0000] {taskinstance.py:1285} INFO - 
--------------------------------------------------------------------------------
[2023-11-12T10:59:28.835+0000] {taskinstance.py:1304} INFO - Executing <Task(PythonOperator): read_people> on 2023-11-11 00:00:00+00:00
[2023-11-12T10:59:28.848+0000] {standard_task_runner.py:55} INFO - Started process 110 to run task
[2023-11-12T10:59:28.851+0000] {standard_task_runner.py:82} INFO - Running: ['***', 'tasks', 'run', 'people', 'read_people', 'scheduled__2023-11-11T00:00:00+00:00', '--job-id', '550', '--raw', '--subdir', 'DAGS_FOLDER/people.py', '--cfg-path', '/tmp/tmpi9wqzlwc']
[2023-11-12T10:59:28.853+0000] {standard_task_runner.py:83} INFO - Job 550: Subtask read_people
[2023-11-12T10:59:28.949+0000] {task_command.py:389} INFO - Running <TaskInstance: people.read_people scheduled__2023-11-11T00:00:00+00:00 [running]> on host 691b0a4d0de3
[2023-11-12T10:59:29.285+0000] {taskinstance.py:1513} INFO - Exporting the following env vars:
AIRFLOW_CTX_DAG_OWNER=Tetiana
AIRFLOW_CTX_DAG_ID=people
AIRFLOW_CTX_TASK_ID=read_people
AIRFLOW_CTX_EXECUTION_DATE=2023-11-11T00:00:00+00:00
AIRFLOW_CTX_TRY_NUMBER=1
AIRFLOW_CTX_DAG_RUN_ID=scheduled__2023-11-11T00:00:00+00:00
[2023-11-12T10:59:29.319+0000] {base.py:73} INFO - Using connection ID 'postgres' for task execution.
[2023-11-12T10:59:29.414+0000] {sql.py:462} INFO - Done loading. Loaded a total of 113 rows into people
[2023-11-12T10:59:29.416+0000] {python.py:177} INFO - Done. Returned value was: None
[2023-11-12T10:59:29.428+0000] {taskinstance.py:1327} INFO - Marking task as SUCCESS. dag_id=people, task_id=read_people, execution_date=20231111T000000, start_date=20231112T105928, end_date=20231112T105929
[2023-11-12T10:59:29.465+0000] {local_task_job.py:159} INFO - Task exited with return code 0
[2023-11-12T10:59:29.495+0000] {taskinstance.py:2582} INFO - 1 downstream tasks scheduled from follow-on schedule check
