[2023-11-09T12:01:34.161+0000] {taskinstance.py:1087} INFO - Dependencies all met for <TaskInstance: elastic_dag.print_es_info scheduled__2023-11-08T00:00:00+00:00 [queued]>
[2023-11-09T12:01:34.189+0000] {taskinstance.py:1087} INFO - Dependencies all met for <TaskInstance: elastic_dag.print_es_info scheduled__2023-11-08T00:00:00+00:00 [queued]>
[2023-11-09T12:01:34.190+0000] {taskinstance.py:1283} INFO - 
--------------------------------------------------------------------------------
[2023-11-09T12:01:34.191+0000] {taskinstance.py:1284} INFO - Starting attempt 1 of 1
[2023-11-09T12:01:34.192+0000] {taskinstance.py:1285} INFO - 
--------------------------------------------------------------------------------
[2023-11-09T12:01:34.222+0000] {taskinstance.py:1304} INFO - Executing <Task(PythonOperator): print_es_info> on 2023-11-08 00:00:00+00:00
[2023-11-09T12:01:34.230+0000] {standard_task_runner.py:55} INFO - Started process 92 to run task
[2023-11-09T12:01:34.233+0000] {standard_task_runner.py:82} INFO - Running: ['***', 'tasks', 'run', 'elastic_dag', 'print_es_info', 'scheduled__2023-11-08T00:00:00+00:00', '--job-id', '47', '--raw', '--subdir', 'DAGS_FOLDER/elastic_dag.py', '--cfg-path', '/tmp/tmpwuttceno']
[2023-11-09T12:01:34.237+0000] {standard_task_runner.py:83} INFO - Job 47: Subtask print_es_info
[2023-11-09T12:01:34.377+0000] {task_command.py:389} INFO - Running <TaskInstance: elastic_dag.print_es_info scheduled__2023-11-08T00:00:00+00:00 [running]> on host 1ca66c4fb7ea
[2023-11-09T12:01:34.606+0000] {taskinstance.py:1513} INFO - Exporting the following env vars:
AIRFLOW_CTX_DAG_OWNER=***
AIRFLOW_CTX_DAG_ID=elastic_dag
AIRFLOW_CTX_TASK_ID=print_es_info
AIRFLOW_CTX_EXECUTION_DATE=2023-11-08T00:00:00+00:00
AIRFLOW_CTX_TRY_NUMBER=1
AIRFLOW_CTX_DAG_RUN_ID=scheduled__2023-11-08T00:00:00+00:00
[2023-11-09T12:01:34.618+0000] {base.py:73} INFO - Using connection ID 'elastic_default' for task execution.
[2023-11-09T12:01:34.807+0000] {base.py:271} INFO - GET http://elastic:9200/ [status:200 request:0.183s]
[2023-11-09T12:01:34.808+0000] {logging_mixin.py:137} INFO - {'name': 'f7c33511c40a', 'cluster_name': 'docker-cluster', 'cluster_uuid': '4Jt8IQ5lRrKNPT4qN47vTA', 'version': {'number': '8.3.3', 'build_flavor': 'default', 'build_type': 'docker', 'build_hash': '801fed82df74dbe537f89b71b098ccaff88d2c56', 'build_date': '2022-07-23T19:30:09.227964828Z', 'build_snapshot': False, 'lucene_version': '9.2.0', 'minimum_wire_compatibility_version': '7.17.0', 'minimum_index_compatibility_version': '7.0.0'}, 'tagline': 'You Know, for Search'}
[2023-11-09T12:01:34.809+0000] {python.py:177} INFO - Done. Returned value was: None
[2023-11-09T12:01:34.837+0000] {taskinstance.py:1327} INFO - Marking task as SUCCESS. dag_id=elastic_dag, task_id=print_es_info, execution_date=20231108T000000, start_date=20231109T120134, end_date=20231109T120134
[2023-11-09T12:01:34.964+0000] {local_task_job.py:159} INFO - Task exited with return code 0
[2023-11-09T12:01:35.084+0000] {taskinstance.py:2582} INFO - 0 downstream tasks scheduled from follow-on schedule check
