[2023-11-01T14:27:37.586+0000] {taskinstance.py:1165} INFO - Dependencies all met for <TaskInstance: user_processing.extract_user scheduled__2023-10-31T00:00:00+00:00 [queued]>
[2023-11-01T14:27:37.621+0000] {taskinstance.py:1165} INFO - Dependencies all met for <TaskInstance: user_processing.extract_user scheduled__2023-10-31T00:00:00+00:00 [queued]>
[2023-11-01T14:27:37.622+0000] {taskinstance.py:1362} INFO - 
--------------------------------------------------------------------------------
[2023-11-01T14:27:37.623+0000] {taskinstance.py:1363} INFO - Starting attempt 1 of 1
[2023-11-01T14:27:37.624+0000] {taskinstance.py:1364} INFO - 
--------------------------------------------------------------------------------
[2023-11-01T14:27:37.644+0000] {taskinstance.py:1383} INFO - Executing <Task(SimpleHttpOperator): extract_user> on 2023-10-31 00:00:00+00:00
[2023-11-01T14:27:37.653+0000] {standard_task_runner.py:55} INFO - Started process 922 to run task
[2023-11-01T14:27:37.656+0000] {standard_task_runner.py:82} INFO - Running: ['***', 'tasks', 'run', 'user_processing', 'extract_user', 'scheduled__2023-10-31T00:00:00+00:00', '--job-id', '64', '--raw', '--subdir', 'DAGS_FOLDER/user_processing.py', '--cfg-path', '/tmp/tmpfcqjw3ti']
[2023-11-01T14:27:37.659+0000] {standard_task_runner.py:83} INFO - Job 64: Subtask extract_user
[2023-11-01T14:27:37.750+0000] {task_command.py:376} INFO - Running <TaskInstance: user_processing.extract_user scheduled__2023-10-31T00:00:00+00:00 [running]> on host fb639b5910d5
[2023-11-01T14:27:37.877+0000] {taskinstance.py:1592} INFO - Exporting the following env vars:
AIRFLOW_CTX_DAG_OWNER=***
AIRFLOW_CTX_DAG_ID=user_processing
AIRFLOW_CTX_TASK_ID=extract_user
AIRFLOW_CTX_EXECUTION_DATE=2023-10-31T00:00:00+00:00
AIRFLOW_CTX_TRY_NUMBER=1
AIRFLOW_CTX_DAG_RUN_ID=scheduled__2023-10-31T00:00:00+00:00
[2023-11-01T14:27:37.879+0000] {http.py:121} INFO - Calling HTTP method
[2023-11-01T14:27:37.893+0000] {base.py:71} INFO - Using connection ID 'user_api' for task execution.
[2023-11-01T14:27:37.896+0000] {http.py:148} INFO - Sending 'GET' to url: https://randomuser.me/api/
[2023-11-01T14:27:38.102+0000] {http.py:125} INFO - {"results":[{"gender":"female","name":{"title":"Ms","first":"Adriana","last":"Méndez"},"location":{"street":{"number":5268,"name":"Calle de La Almudena"},"city":"Málaga","state":"Asturias","country":"Spain","postcode":49093,"coordinates":{"latitude":"-30.1718","longitude":"151.9819"},"timezone":{"offset":"+4:00","description":"Abu Dhabi, Muscat, Baku, Tbilisi"}},"email":"adriana.mendez@example.com","login":{"uuid":"08d98782-6b3c-4d19-92c4-c02ebeb3b9e8","username":"crazypeacock104","password":"sahara","salt":"UnXZfJvj","md5":"1d578f8acbd65af6a171bd3a3640c051","sha1":"4bad63e7dbe8509ce47c51c9cfedb94ba7240fc1","sha256":"49ae224b9efd62c9fffbb979c4a42f80952272cc76a11d2a3c1cd518c96651b5"},"dob":{"date":"1954-03-22T04:49:21.387Z","age":69},"registered":{"date":"2019-11-21T00:04:00.376Z","age":3},"phone":"987-275-955","cell":"600-279-668","id":{"name":"DNI","value":"99056854-D"},"picture":{"large":"https://randomuser.me/api/portraits/women/67.jpg","medium":"https://randomuser.me/api/portraits/med/women/67.jpg","thumbnail":"https://randomuser.me/api/portraits/thumb/women/67.jpg"},"nat":"ES"}],"info":{"seed":"f64c3b49755e1847","results":1,"page":1,"version":"1.4"}}
[2023-11-01T14:27:38.163+0000] {taskinstance.py:1406} INFO - Marking task as SUCCESS. dag_id=user_processing, task_id=extract_user, execution_date=20231031T000000, start_date=20231101T142737, end_date=20231101T142738
[2023-11-01T14:27:38.234+0000] {local_task_job.py:164} INFO - Task exited with return code 0
[2023-11-01T14:27:38.299+0000] {local_task_job.py:273} INFO - 1 downstream tasks scheduled from follow-on schedule check
