[2023-11-07T10:20:54.545+0000] {taskinstance.py:1165} INFO - Dependencies all met for <TaskInstance: customers.save_customers_to_excel scheduled__2023-11-06T00:00:00+00:00 [queued]>
[2023-11-07T10:20:54.561+0000] {taskinstance.py:1165} INFO - Dependencies all met for <TaskInstance: customers.save_customers_to_excel scheduled__2023-11-06T00:00:00+00:00 [queued]>
[2023-11-07T10:20:54.562+0000] {taskinstance.py:1362} INFO - 
--------------------------------------------------------------------------------
[2023-11-07T10:20:54.563+0000] {taskinstance.py:1363} INFO - Starting attempt 1 of 1
[2023-11-07T10:20:54.563+0000] {taskinstance.py:1364} INFO - 
--------------------------------------------------------------------------------
[2023-11-07T10:20:54.585+0000] {taskinstance.py:1383} INFO - Executing <Task(PythonOperator): save_customers_to_excel> on 2023-11-06 00:00:00+00:00
[2023-11-07T10:20:54.593+0000] {standard_task_runner.py:55} INFO - Started process 1711 to run task
[2023-11-07T10:20:54.596+0000] {standard_task_runner.py:82} INFO - Running: ['***', 'tasks', 'run', 'customers', 'save_customers_to_excel', 'scheduled__2023-11-06T00:00:00+00:00', '--job-id', '505', '--raw', '--subdir', 'DAGS_FOLDER/customers.py', '--cfg-path', '/tmp/tmpcfrwsnnb']
[2023-11-07T10:20:54.598+0000] {standard_task_runner.py:83} INFO - Job 505: Subtask save_customers_to_excel
[2023-11-07T10:20:54.676+0000] {task_command.py:376} INFO - Running <TaskInstance: customers.save_customers_to_excel scheduled__2023-11-06T00:00:00+00:00 [running]> on host 7cf1ce11ad7e
[2023-11-07T10:20:54.968+0000] {taskinstance.py:1592} INFO - Exporting the following env vars:
AIRFLOW_CTX_DAG_OWNER=Tetiana
AIRFLOW_CTX_DAG_ID=customers
AIRFLOW_CTX_TASK_ID=save_customers_to_excel
AIRFLOW_CTX_EXECUTION_DATE=2023-11-06T00:00:00+00:00
AIRFLOW_CTX_TRY_NUMBER=1
AIRFLOW_CTX_DAG_RUN_ID=scheduled__2023-11-06T00:00:00+00:00
[2023-11-07T10:20:55.105+0000] {base.py:71} INFO - Using connection ID 'postgres' for task execution.
[2023-11-07T10:20:55.129+0000] {taskinstance.py:1851} ERROR - Task failed with exception
Traceback (most recent call last):
  File "/home/airflow/.local/lib/python3.7/site-packages/airflow/operators/python.py", line 175, in execute
    return_value = self.execute_callable()
  File "/home/airflow/.local/lib/python3.7/site-packages/airflow/operators/python.py", line 193, in execute_callable
    return self.python_callable(*self.op_args, **self.op_kwargs)
  File "/opt/airflow/dags/customers.py", line 89, in _save_customers_to_excel
    wb.save(customers_file)
  File "/home/airflow/.local/lib/python3.7/site-packages/openpyxl/workbook/workbook.py", line 386, in save
    save_workbook(self, filename)
  File "/home/airflow/.local/lib/python3.7/site-packages/openpyxl/writer/excel.py", line 291, in save_workbook
    archive = ZipFile(filename, 'w', ZIP_DEFLATED, allowZip64=True)
  File "/usr/local/lib/python3.7/zipfile.py", line 1240, in __init__
    self.fp = io.open(file, filemode)
PermissionError: [Errno 13] Permission denied: '/opt/data/customers.xlsx'
[2023-11-07T10:20:55.145+0000] {taskinstance.py:1406} INFO - Marking task as FAILED. dag_id=customers, task_id=save_customers_to_excel, execution_date=20231106T000000, start_date=20231107T102054, end_date=20231107T102055
[2023-11-07T10:20:55.166+0000] {standard_task_runner.py:105} ERROR - Failed to execute job 505 for task save_customers_to_excel ([Errno 13] Permission denied: '/opt/data/customers.xlsx'; 1711)
[2023-11-07T10:20:55.217+0000] {local_task_job.py:164} INFO - Task exited with return code 1
[2023-11-07T10:20:55.242+0000] {local_task_job.py:273} INFO - 0 downstream tasks scheduled from follow-on schedule check
[2023-11-07T10:52:51.796+0000] {taskinstance.py:1165} INFO - Dependencies all met for <TaskInstance: customers.save_customers_to_excel scheduled__2023-11-06T00:00:00+00:00 [queued]>
[2023-11-07T10:52:51.825+0000] {taskinstance.py:1165} INFO - Dependencies all met for <TaskInstance: customers.save_customers_to_excel scheduled__2023-11-06T00:00:00+00:00 [queued]>
[2023-11-07T10:52:51.825+0000] {taskinstance.py:1362} INFO - 
--------------------------------------------------------------------------------
[2023-11-07T10:52:51.827+0000] {taskinstance.py:1363} INFO - Starting attempt 1 of 1
[2023-11-07T10:52:51.827+0000] {taskinstance.py:1364} INFO - 
--------------------------------------------------------------------------------
[2023-11-07T10:52:51.854+0000] {taskinstance.py:1383} INFO - Executing <Task(PythonOperator): save_customers_to_excel> on 2023-11-06 00:00:00+00:00
[2023-11-07T10:52:51.864+0000] {standard_task_runner.py:82} INFO - Running: ['***', 'tasks', 'run', 'customers', 'save_customers_to_excel', 'scheduled__2023-11-06T00:00:00+00:00', '--job-id', '508', '--raw', '--subdir', 'DAGS_FOLDER/customers.py', '--cfg-path', '/tmp/tmpod48m0oj']
[2023-11-07T10:52:51.861+0000] {standard_task_runner.py:55} INFO - Started process 3156 to run task
[2023-11-07T10:52:51.869+0000] {standard_task_runner.py:83} INFO - Job 508: Subtask save_customers_to_excel
[2023-11-07T10:52:51.979+0000] {task_command.py:376} INFO - Running <TaskInstance: customers.save_customers_to_excel scheduled__2023-11-06T00:00:00+00:00 [running]> on host 7cf1ce11ad7e
[2023-11-07T10:52:52.558+0000] {taskinstance.py:1592} INFO - Exporting the following env vars:
AIRFLOW_CTX_DAG_OWNER=Tetiana
AIRFLOW_CTX_DAG_ID=customers
AIRFLOW_CTX_TASK_ID=save_customers_to_excel
AIRFLOW_CTX_EXECUTION_DATE=2023-11-06T00:00:00+00:00
AIRFLOW_CTX_TRY_NUMBER=1
AIRFLOW_CTX_DAG_RUN_ID=scheduled__2023-11-06T00:00:00+00:00
[2023-11-07T10:52:52.785+0000] {base.py:71} INFO - Using connection ID 'postgres' for task execution.
[2023-11-07T10:52:52.939+0000] {python.py:177} INFO - Done. Returned value was: None
[2023-11-07T10:52:52.953+0000] {taskinstance.py:1406} INFO - Marking task as SUCCESS. dag_id=customers, task_id=save_customers_to_excel, execution_date=20231106T000000, start_date=20231107T105251, end_date=20231107T105252
[2023-11-07T10:52:52.990+0000] {local_task_job.py:164} INFO - Task exited with return code 0
[2023-11-07T10:52:53.024+0000] {local_task_job.py:273} INFO - 0 downstream tasks scheduled from follow-on schedule check
