[2023-11-07T18:57:32.277+0000] {processor.py:154} INFO - Started process (PID=102) to work on /home/airflow/.local/lib/python3.7/site-packages/airflow/example_dags/example_xcomargs.py
[2023-11-07T18:57:32.285+0000] {processor.py:756} INFO - Processing file /home/airflow/.local/lib/python3.7/site-packages/airflow/example_dags/example_xcomargs.py for tasks to queue
[2023-11-07T18:57:32.286+0000] {logging_mixin.py:120} INFO - [2023-11-07T18:57:32.286+0000] {dagbag.py:537} INFO - Filling up the DagBag from /home/airflow/.local/lib/python3.7/site-packages/airflow/example_dags/example_xcomargs.py
[2023-11-07T18:57:32.330+0000] {processor.py:766} INFO - DAG(s) dict_keys(['example_xcom_args', 'example_xcom_args_with_operators']) retrieved from /home/airflow/.local/lib/python3.7/site-packages/airflow/example_dags/example_xcomargs.py
[2023-11-07T18:57:32.401+0000] {logging_mixin.py:120} INFO - [2023-11-07T18:57:32.401+0000] {dag.py:2585} INFO - Sync 2 DAGs
[2023-11-07T18:57:32.474+0000] {logging_mixin.py:120} INFO - [2023-11-07T18:57:32.473+0000] {dag.py:3340} INFO - Setting next_dagrun for example_xcom_args to None, run_after=None
[2023-11-07T18:57:32.484+0000] {logging_mixin.py:120} INFO - [2023-11-07T18:57:32.484+0000] {dag.py:3340} INFO - Setting next_dagrun for example_xcom_args_with_operators to None, run_after=None
[2023-11-07T18:57:32.529+0000] {processor.py:176} INFO - Processing /home/airflow/.local/lib/python3.7/site-packages/airflow/example_dags/example_xcomargs.py took 0.255 seconds
[2023-11-07T18:58:03.362+0000] {processor.py:154} INFO - Started process (PID=175) to work on /home/airflow/.local/lib/python3.7/site-packages/airflow/example_dags/example_xcomargs.py
[2023-11-07T18:58:03.364+0000] {processor.py:756} INFO - Processing file /home/airflow/.local/lib/python3.7/site-packages/airflow/example_dags/example_xcomargs.py for tasks to queue
[2023-11-07T18:58:03.365+0000] {logging_mixin.py:120} INFO - [2023-11-07T18:58:03.365+0000] {dagbag.py:537} INFO - Filling up the DagBag from /home/airflow/.local/lib/python3.7/site-packages/airflow/example_dags/example_xcomargs.py
[2023-11-07T18:58:03.395+0000] {processor.py:766} INFO - DAG(s) dict_keys(['example_xcom_args', 'example_xcom_args_with_operators']) retrieved from /home/airflow/.local/lib/python3.7/site-packages/airflow/example_dags/example_xcomargs.py
[2023-11-07T18:58:03.454+0000] {logging_mixin.py:120} INFO - [2023-11-07T18:58:03.454+0000] {dag.py:2585} INFO - Sync 2 DAGs
[2023-11-07T18:58:03.491+0000] {logging_mixin.py:120} INFO - [2023-11-07T18:58:03.491+0000] {dag.py:3340} INFO - Setting next_dagrun for example_xcom_args to None, run_after=None
[2023-11-07T18:58:03.497+0000] {logging_mixin.py:120} INFO - [2023-11-07T18:58:03.497+0000] {dag.py:3340} INFO - Setting next_dagrun for example_xcom_args_with_operators to None, run_after=None
[2023-11-07T18:58:03.522+0000] {processor.py:176} INFO - Processing /home/airflow/.local/lib/python3.7/site-packages/airflow/example_dags/example_xcomargs.py took 0.163 seconds
[2023-11-07T19:08:14.653+0000] {processor.py:154} INFO - Started process (PID=118) to work on /home/airflow/.local/lib/python3.7/site-packages/airflow/example_dags/example_xcomargs.py
[2023-11-07T19:08:14.655+0000] {processor.py:756} INFO - Processing file /home/airflow/.local/lib/python3.7/site-packages/airflow/example_dags/example_xcomargs.py for tasks to queue
[2023-11-07T19:08:14.657+0000] {logging_mixin.py:120} INFO - [2023-11-07T19:08:14.657+0000] {dagbag.py:537} INFO - Filling up the DagBag from /home/airflow/.local/lib/python3.7/site-packages/airflow/example_dags/example_xcomargs.py
[2023-11-07T19:08:14.699+0000] {processor.py:766} INFO - DAG(s) dict_keys(['example_xcom_args', 'example_xcom_args_with_operators']) retrieved from /home/airflow/.local/lib/python3.7/site-packages/airflow/example_dags/example_xcomargs.py
[2023-11-07T19:08:14.765+0000] {logging_mixin.py:120} INFO - [2023-11-07T19:08:14.765+0000] {dag.py:2585} INFO - Sync 2 DAGs
[2023-11-07T19:08:14.806+0000] {logging_mixin.py:120} INFO - [2023-11-07T19:08:14.806+0000] {dag.py:3340} INFO - Setting next_dagrun for example_xcom_args to None, run_after=None
[2023-11-07T19:08:14.813+0000] {logging_mixin.py:120} INFO - [2023-11-07T19:08:14.812+0000] {dag.py:3340} INFO - Setting next_dagrun for example_xcom_args_with_operators to None, run_after=None
[2023-11-07T19:08:14.839+0000] {processor.py:176} INFO - Processing /home/airflow/.local/lib/python3.7/site-packages/airflow/example_dags/example_xcomargs.py took 0.193 seconds
[2023-11-07T19:08:44.925+0000] {processor.py:154} INFO - Started process (PID=191) to work on /home/airflow/.local/lib/python3.7/site-packages/airflow/example_dags/example_xcomargs.py
[2023-11-07T19:08:44.926+0000] {processor.py:756} INFO - Processing file /home/airflow/.local/lib/python3.7/site-packages/airflow/example_dags/example_xcomargs.py for tasks to queue
[2023-11-07T19:08:44.927+0000] {logging_mixin.py:120} INFO - [2023-11-07T19:08:44.927+0000] {dagbag.py:537} INFO - Filling up the DagBag from /home/airflow/.local/lib/python3.7/site-packages/airflow/example_dags/example_xcomargs.py
[2023-11-07T19:08:44.956+0000] {processor.py:766} INFO - DAG(s) dict_keys(['example_xcom_args', 'example_xcom_args_with_operators']) retrieved from /home/airflow/.local/lib/python3.7/site-packages/airflow/example_dags/example_xcomargs.py
[2023-11-07T19:08:45.007+0000] {logging_mixin.py:120} INFO - [2023-11-07T19:08:45.007+0000] {dag.py:2585} INFO - Sync 2 DAGs
[2023-11-07T19:08:45.040+0000] {logging_mixin.py:120} INFO - [2023-11-07T19:08:45.040+0000] {dag.py:3340} INFO - Setting next_dagrun for example_xcom_args to None, run_after=None
[2023-11-07T19:08:45.045+0000] {logging_mixin.py:120} INFO - [2023-11-07T19:08:45.045+0000] {dag.py:3340} INFO - Setting next_dagrun for example_xcom_args_with_operators to None, run_after=None
[2023-11-07T19:08:45.079+0000] {processor.py:176} INFO - Processing /home/airflow/.local/lib/python3.7/site-packages/airflow/example_dags/example_xcomargs.py took 0.158 seconds
[2023-11-07T19:09:15.550+0000] {processor.py:154} INFO - Started process (PID=275) to work on /home/airflow/.local/lib/python3.7/site-packages/airflow/example_dags/example_xcomargs.py
[2023-11-07T19:09:15.551+0000] {processor.py:756} INFO - Processing file /home/airflow/.local/lib/python3.7/site-packages/airflow/example_dags/example_xcomargs.py for tasks to queue
[2023-11-07T19:09:15.553+0000] {logging_mixin.py:120} INFO - [2023-11-07T19:09:15.552+0000] {dagbag.py:537} INFO - Filling up the DagBag from /home/airflow/.local/lib/python3.7/site-packages/airflow/example_dags/example_xcomargs.py
[2023-11-07T19:09:15.597+0000] {processor.py:766} INFO - DAG(s) dict_keys(['example_xcom_args_with_operators', 'example_xcom_args']) retrieved from /home/airflow/.local/lib/python3.7/site-packages/airflow/example_dags/example_xcomargs.py
[2023-11-07T19:09:15.658+0000] {logging_mixin.py:120} INFO - [2023-11-07T19:09:15.658+0000] {dag.py:2585} INFO - Sync 2 DAGs
[2023-11-07T19:09:15.693+0000] {logging_mixin.py:120} INFO - [2023-11-07T19:09:15.693+0000] {dag.py:3340} INFO - Setting next_dagrun for example_xcom_args to None, run_after=None
[2023-11-07T19:09:15.699+0000] {logging_mixin.py:120} INFO - [2023-11-07T19:09:15.699+0000] {dag.py:3340} INFO - Setting next_dagrun for example_xcom_args_with_operators to None, run_after=None
[2023-11-07T19:09:15.726+0000] {processor.py:176} INFO - Processing /home/airflow/.local/lib/python3.7/site-packages/airflow/example_dags/example_xcomargs.py took 0.179 seconds
[2023-11-07T19:09:47.523+0000] {processor.py:154} INFO - Started process (PID=359) to work on /home/airflow/.local/lib/python3.7/site-packages/airflow/example_dags/example_xcomargs.py
[2023-11-07T19:09:47.525+0000] {processor.py:756} INFO - Processing file /home/airflow/.local/lib/python3.7/site-packages/airflow/example_dags/example_xcomargs.py for tasks to queue
[2023-11-07T19:09:47.526+0000] {logging_mixin.py:120} INFO - [2023-11-07T19:09:47.526+0000] {dagbag.py:537} INFO - Filling up the DagBag from /home/airflow/.local/lib/python3.7/site-packages/airflow/example_dags/example_xcomargs.py
[2023-11-07T19:09:47.563+0000] {processor.py:766} INFO - DAG(s) dict_keys(['example_xcom_args', 'example_xcom_args_with_operators']) retrieved from /home/airflow/.local/lib/python3.7/site-packages/airflow/example_dags/example_xcomargs.py
[2023-11-07T19:09:47.679+0000] {logging_mixin.py:120} INFO - [2023-11-07T19:09:47.679+0000] {dag.py:2585} INFO - Sync 2 DAGs
[2023-11-07T19:09:47.745+0000] {logging_mixin.py:120} INFO - [2023-11-07T19:09:47.745+0000] {dag.py:3340} INFO - Setting next_dagrun for example_xcom_args to None, run_after=None
[2023-11-07T19:09:47.752+0000] {logging_mixin.py:120} INFO - [2023-11-07T19:09:47.752+0000] {dag.py:3340} INFO - Setting next_dagrun for example_xcom_args_with_operators to None, run_after=None
[2023-11-07T19:09:47.800+0000] {processor.py:176} INFO - Processing /home/airflow/.local/lib/python3.7/site-packages/airflow/example_dags/example_xcomargs.py took 0.279 seconds
[2023-11-07T19:10:18.658+0000] {processor.py:154} INFO - Started process (PID=434) to work on /home/airflow/.local/lib/python3.7/site-packages/airflow/example_dags/example_xcomargs.py
[2023-11-07T19:10:18.659+0000] {processor.py:756} INFO - Processing file /home/airflow/.local/lib/python3.7/site-packages/airflow/example_dags/example_xcomargs.py for tasks to queue
[2023-11-07T19:10:18.661+0000] {logging_mixin.py:120} INFO - [2023-11-07T19:10:18.661+0000] {dagbag.py:537} INFO - Filling up the DagBag from /home/airflow/.local/lib/python3.7/site-packages/airflow/example_dags/example_xcomargs.py
[2023-11-07T19:10:18.692+0000] {processor.py:766} INFO - DAG(s) dict_keys(['example_xcom_args', 'example_xcom_args_with_operators']) retrieved from /home/airflow/.local/lib/python3.7/site-packages/airflow/example_dags/example_xcomargs.py
[2023-11-07T19:10:18.755+0000] {logging_mixin.py:120} INFO - [2023-11-07T19:10:18.755+0000] {dag.py:2585} INFO - Sync 2 DAGs
[2023-11-07T19:10:18.795+0000] {logging_mixin.py:120} INFO - [2023-11-07T19:10:18.795+0000] {dag.py:3340} INFO - Setting next_dagrun for example_xcom_args to None, run_after=None
[2023-11-07T19:10:18.807+0000] {logging_mixin.py:120} INFO - [2023-11-07T19:10:18.804+0000] {dag.py:3340} INFO - Setting next_dagrun for example_xcom_args_with_operators to None, run_after=None
[2023-11-07T19:10:18.836+0000] {processor.py:176} INFO - Processing /home/airflow/.local/lib/python3.7/site-packages/airflow/example_dags/example_xcomargs.py took 0.180 seconds
[2023-11-07T19:10:49.969+0000] {processor.py:154} INFO - Started process (PID=517) to work on /home/airflow/.local/lib/python3.7/site-packages/airflow/example_dags/example_xcomargs.py
[2023-11-07T19:10:49.970+0000] {processor.py:756} INFO - Processing file /home/airflow/.local/lib/python3.7/site-packages/airflow/example_dags/example_xcomargs.py for tasks to queue
[2023-11-07T19:10:49.972+0000] {logging_mixin.py:120} INFO - [2023-11-07T19:10:49.972+0000] {dagbag.py:537} INFO - Filling up the DagBag from /home/airflow/.local/lib/python3.7/site-packages/airflow/example_dags/example_xcomargs.py
[2023-11-07T19:10:50.006+0000] {processor.py:766} INFO - DAG(s) dict_keys(['example_xcom_args_with_operators', 'example_xcom_args']) retrieved from /home/airflow/.local/lib/python3.7/site-packages/airflow/example_dags/example_xcomargs.py
[2023-11-07T19:10:50.065+0000] {logging_mixin.py:120} INFO - [2023-11-07T19:10:50.065+0000] {dag.py:2585} INFO - Sync 2 DAGs
[2023-11-07T19:10:50.104+0000] {logging_mixin.py:120} INFO - [2023-11-07T19:10:50.103+0000] {dag.py:3340} INFO - Setting next_dagrun for example_xcom_args to None, run_after=None
[2023-11-07T19:10:50.111+0000] {logging_mixin.py:120} INFO - [2023-11-07T19:10:50.110+0000] {dag.py:3340} INFO - Setting next_dagrun for example_xcom_args_with_operators to None, run_after=None
[2023-11-07T19:10:50.139+0000] {processor.py:176} INFO - Processing /home/airflow/.local/lib/python3.7/site-packages/airflow/example_dags/example_xcomargs.py took 0.174 seconds
[2023-11-07T19:11:20.416+0000] {processor.py:154} INFO - Started process (PID=591) to work on /home/airflow/.local/lib/python3.7/site-packages/airflow/example_dags/example_xcomargs.py
[2023-11-07T19:11:20.417+0000] {processor.py:756} INFO - Processing file /home/airflow/.local/lib/python3.7/site-packages/airflow/example_dags/example_xcomargs.py for tasks to queue
[2023-11-07T19:11:20.418+0000] {logging_mixin.py:120} INFO - [2023-11-07T19:11:20.418+0000] {dagbag.py:537} INFO - Filling up the DagBag from /home/airflow/.local/lib/python3.7/site-packages/airflow/example_dags/example_xcomargs.py
[2023-11-07T19:11:20.443+0000] {processor.py:766} INFO - DAG(s) dict_keys(['example_xcom_args_with_operators', 'example_xcom_args']) retrieved from /home/airflow/.local/lib/python3.7/site-packages/airflow/example_dags/example_xcomargs.py
[2023-11-07T19:11:20.497+0000] {logging_mixin.py:120} INFO - [2023-11-07T19:11:20.497+0000] {dag.py:2585} INFO - Sync 2 DAGs
[2023-11-07T19:11:20.529+0000] {logging_mixin.py:120} INFO - [2023-11-07T19:11:20.528+0000] {dag.py:3340} INFO - Setting next_dagrun for example_xcom_args to None, run_after=None
[2023-11-07T19:11:20.534+0000] {logging_mixin.py:120} INFO - [2023-11-07T19:11:20.534+0000] {dag.py:3340} INFO - Setting next_dagrun for example_xcom_args_with_operators to None, run_after=None
[2023-11-07T19:11:20.558+0000] {processor.py:176} INFO - Processing /home/airflow/.local/lib/python3.7/site-packages/airflow/example_dags/example_xcomargs.py took 0.145 seconds
