[2023-11-07T18:57:30.219+0000] {processor.py:154} INFO - Started process (PID=92) to work on /home/airflow/.local/lib/python3.7/site-packages/airflow/example_dags/example_branch_operator.py
[2023-11-07T18:57:30.221+0000] {processor.py:756} INFO - Processing file /home/airflow/.local/lib/python3.7/site-packages/airflow/example_dags/example_branch_operator.py for tasks to queue
[2023-11-07T18:57:30.228+0000] {logging_mixin.py:120} INFO - [2023-11-07T18:57:30.228+0000] {dagbag.py:537} INFO - Filling up the DagBag from /home/airflow/.local/lib/python3.7/site-packages/airflow/example_dags/example_branch_operator.py
[2023-11-07T18:57:30.269+0000] {processor.py:766} INFO - DAG(s) dict_keys(['example_branch_operator']) retrieved from /home/airflow/.local/lib/python3.7/site-packages/airflow/example_dags/example_branch_operator.py
[2023-11-07T18:57:30.468+0000] {logging_mixin.py:120} INFO - [2023-11-07T18:57:30.468+0000] {dag.py:2585} INFO - Sync 1 DAGs
[2023-11-07T18:57:30.588+0000] {logging_mixin.py:120} INFO - [2023-11-07T18:57:30.588+0000] {dag.py:3340} INFO - Setting next_dagrun for example_branch_operator to 2023-11-06T00:00:00+00:00, run_after=2023-11-07T00:00:00+00:00
[2023-11-07T18:57:30.669+0000] {processor.py:176} INFO - Processing /home/airflow/.local/lib/python3.7/site-packages/airflow/example_dags/example_branch_operator.py took 0.455 seconds
[2023-11-07T18:58:01.144+0000] {processor.py:154} INFO - Started process (PID=166) to work on /home/airflow/.local/lib/python3.7/site-packages/airflow/example_dags/example_branch_operator.py
[2023-11-07T18:58:01.146+0000] {processor.py:756} INFO - Processing file /home/airflow/.local/lib/python3.7/site-packages/airflow/example_dags/example_branch_operator.py for tasks to queue
[2023-11-07T18:58:01.147+0000] {logging_mixin.py:120} INFO - [2023-11-07T18:58:01.147+0000] {dagbag.py:537} INFO - Filling up the DagBag from /home/airflow/.local/lib/python3.7/site-packages/airflow/example_dags/example_branch_operator.py
[2023-11-07T18:58:01.169+0000] {processor.py:766} INFO - DAG(s) dict_keys(['example_branch_operator']) retrieved from /home/airflow/.local/lib/python3.7/site-packages/airflow/example_dags/example_branch_operator.py
[2023-11-07T18:58:01.254+0000] {logging_mixin.py:120} INFO - [2023-11-07T18:58:01.254+0000] {dag.py:2585} INFO - Sync 1 DAGs
[2023-11-07T18:58:01.290+0000] {logging_mixin.py:120} INFO - [2023-11-07T18:58:01.290+0000] {dag.py:3340} INFO - Setting next_dagrun for example_branch_operator to 2023-11-06T00:00:00+00:00, run_after=2023-11-07T00:00:00+00:00
[2023-11-07T18:58:01.320+0000] {processor.py:176} INFO - Processing /home/airflow/.local/lib/python3.7/site-packages/airflow/example_dags/example_branch_operator.py took 0.178 seconds
[2023-11-07T19:08:13.066+0000] {processor.py:154} INFO - Started process (PID=108) to work on /home/airflow/.local/lib/python3.7/site-packages/airflow/example_dags/example_branch_operator.py
[2023-11-07T19:08:13.069+0000] {processor.py:756} INFO - Processing file /home/airflow/.local/lib/python3.7/site-packages/airflow/example_dags/example_branch_operator.py for tasks to queue
[2023-11-07T19:08:13.072+0000] {logging_mixin.py:120} INFO - [2023-11-07T19:08:13.072+0000] {dagbag.py:537} INFO - Filling up the DagBag from /home/airflow/.local/lib/python3.7/site-packages/airflow/example_dags/example_branch_operator.py
[2023-11-07T19:08:13.111+0000] {processor.py:766} INFO - DAG(s) dict_keys(['example_branch_operator']) retrieved from /home/airflow/.local/lib/python3.7/site-packages/airflow/example_dags/example_branch_operator.py
[2023-11-07T19:08:13.200+0000] {logging_mixin.py:120} INFO - [2023-11-07T19:08:13.200+0000] {dag.py:2585} INFO - Sync 1 DAGs
[2023-11-07T19:08:13.261+0000] {logging_mixin.py:120} INFO - [2023-11-07T19:08:13.261+0000] {dag.py:3340} INFO - Setting next_dagrun for example_branch_operator to 2023-11-06T00:00:00+00:00, run_after=2023-11-07T00:00:00+00:00
[2023-11-07T19:08:13.327+0000] {processor.py:176} INFO - Processing /home/airflow/.local/lib/python3.7/site-packages/airflow/example_dags/example_branch_operator.py took 0.265 seconds
[2023-11-07T19:08:43.779+0000] {processor.py:154} INFO - Started process (PID=182) to work on /home/airflow/.local/lib/python3.7/site-packages/airflow/example_dags/example_branch_operator.py
[2023-11-07T19:08:43.782+0000] {processor.py:756} INFO - Processing file /home/airflow/.local/lib/python3.7/site-packages/airflow/example_dags/example_branch_operator.py for tasks to queue
[2023-11-07T19:08:43.783+0000] {logging_mixin.py:120} INFO - [2023-11-07T19:08:43.783+0000] {dagbag.py:537} INFO - Filling up the DagBag from /home/airflow/.local/lib/python3.7/site-packages/airflow/example_dags/example_branch_operator.py
[2023-11-07T19:08:43.808+0000] {processor.py:766} INFO - DAG(s) dict_keys(['example_branch_operator']) retrieved from /home/airflow/.local/lib/python3.7/site-packages/airflow/example_dags/example_branch_operator.py
[2023-11-07T19:08:43.864+0000] {logging_mixin.py:120} INFO - [2023-11-07T19:08:43.864+0000] {dag.py:2585} INFO - Sync 1 DAGs
[2023-11-07T19:08:43.902+0000] {logging_mixin.py:120} INFO - [2023-11-07T19:08:43.901+0000] {dag.py:3340} INFO - Setting next_dagrun for example_branch_operator to 2023-11-06T00:00:00+00:00, run_after=2023-11-07T00:00:00+00:00
[2023-11-07T19:08:43.933+0000] {processor.py:176} INFO - Processing /home/airflow/.local/lib/python3.7/site-packages/airflow/example_dags/example_branch_operator.py took 0.157 seconds
[2023-11-07T19:09:14.422+0000] {processor.py:154} INFO - Started process (PID=266) to work on /home/airflow/.local/lib/python3.7/site-packages/airflow/example_dags/example_branch_operator.py
[2023-11-07T19:09:14.424+0000] {processor.py:756} INFO - Processing file /home/airflow/.local/lib/python3.7/site-packages/airflow/example_dags/example_branch_operator.py for tasks to queue
[2023-11-07T19:09:14.425+0000] {logging_mixin.py:120} INFO - [2023-11-07T19:09:14.425+0000] {dagbag.py:537} INFO - Filling up the DagBag from /home/airflow/.local/lib/python3.7/site-packages/airflow/example_dags/example_branch_operator.py
[2023-11-07T19:09:14.447+0000] {processor.py:766} INFO - DAG(s) dict_keys(['example_branch_operator']) retrieved from /home/airflow/.local/lib/python3.7/site-packages/airflow/example_dags/example_branch_operator.py
[2023-11-07T19:09:14.500+0000] {logging_mixin.py:120} INFO - [2023-11-07T19:09:14.500+0000] {dag.py:2585} INFO - Sync 1 DAGs
[2023-11-07T19:09:14.545+0000] {logging_mixin.py:120} INFO - [2023-11-07T19:09:14.545+0000] {dag.py:3340} INFO - Setting next_dagrun for example_branch_operator to 2023-11-06T00:00:00+00:00, run_after=2023-11-07T00:00:00+00:00
[2023-11-07T19:09:14.579+0000] {processor.py:176} INFO - Processing /home/airflow/.local/lib/python3.7/site-packages/airflow/example_dags/example_branch_operator.py took 0.160 seconds
[2023-11-07T19:09:45.517+0000] {processor.py:154} INFO - Started process (PID=348) to work on /home/airflow/.local/lib/python3.7/site-packages/airflow/example_dags/example_branch_operator.py
[2023-11-07T19:09:45.518+0000] {processor.py:756} INFO - Processing file /home/airflow/.local/lib/python3.7/site-packages/airflow/example_dags/example_branch_operator.py for tasks to queue
[2023-11-07T19:09:45.519+0000] {logging_mixin.py:120} INFO - [2023-11-07T19:09:45.519+0000] {dagbag.py:537} INFO - Filling up the DagBag from /home/airflow/.local/lib/python3.7/site-packages/airflow/example_dags/example_branch_operator.py
[2023-11-07T19:09:45.543+0000] {processor.py:766} INFO - DAG(s) dict_keys(['example_branch_operator']) retrieved from /home/airflow/.local/lib/python3.7/site-packages/airflow/example_dags/example_branch_operator.py
[2023-11-07T19:09:45.691+0000] {logging_mixin.py:120} INFO - [2023-11-07T19:09:45.691+0000] {dag.py:2585} INFO - Sync 1 DAGs
[2023-11-07T19:09:45.805+0000] {logging_mixin.py:120} INFO - [2023-11-07T19:09:45.804+0000] {dag.py:3340} INFO - Setting next_dagrun for example_branch_operator to 2023-11-06T00:00:00+00:00, run_after=2023-11-07T00:00:00+00:00
[2023-11-07T19:09:45.879+0000] {processor.py:176} INFO - Processing /home/airflow/.local/lib/python3.7/site-packages/airflow/example_dags/example_branch_operator.py took 0.365 seconds
[2023-11-07T19:10:16.792+0000] {processor.py:154} INFO - Started process (PID=423) to work on /home/airflow/.local/lib/python3.7/site-packages/airflow/example_dags/example_branch_operator.py
[2023-11-07T19:10:16.793+0000] {processor.py:756} INFO - Processing file /home/airflow/.local/lib/python3.7/site-packages/airflow/example_dags/example_branch_operator.py for tasks to queue
[2023-11-07T19:10:16.794+0000] {logging_mixin.py:120} INFO - [2023-11-07T19:10:16.794+0000] {dagbag.py:537} INFO - Filling up the DagBag from /home/airflow/.local/lib/python3.7/site-packages/airflow/example_dags/example_branch_operator.py
[2023-11-07T19:10:16.827+0000] {processor.py:766} INFO - DAG(s) dict_keys(['example_branch_operator']) retrieved from /home/airflow/.local/lib/python3.7/site-packages/airflow/example_dags/example_branch_operator.py
[2023-11-07T19:10:16.885+0000] {logging_mixin.py:120} INFO - [2023-11-07T19:10:16.885+0000] {dag.py:2585} INFO - Sync 1 DAGs
[2023-11-07T19:10:16.927+0000] {logging_mixin.py:120} INFO - [2023-11-07T19:10:16.927+0000] {dag.py:3340} INFO - Setting next_dagrun for example_branch_operator to 2023-11-06T00:00:00+00:00, run_after=2023-11-07T00:00:00+00:00
[2023-11-07T19:10:16.959+0000] {processor.py:176} INFO - Processing /home/airflow/.local/lib/python3.7/site-packages/airflow/example_dags/example_branch_operator.py took 0.169 seconds
[2023-11-07T19:10:47.376+0000] {processor.py:154} INFO - Started process (PID=506) to work on /home/airflow/.local/lib/python3.7/site-packages/airflow/example_dags/example_branch_operator.py
[2023-11-07T19:10:47.378+0000] {processor.py:756} INFO - Processing file /home/airflow/.local/lib/python3.7/site-packages/airflow/example_dags/example_branch_operator.py for tasks to queue
[2023-11-07T19:10:47.380+0000] {logging_mixin.py:120} INFO - [2023-11-07T19:10:47.380+0000] {dagbag.py:537} INFO - Filling up the DagBag from /home/airflow/.local/lib/python3.7/site-packages/airflow/example_dags/example_branch_operator.py
[2023-11-07T19:10:47.406+0000] {processor.py:766} INFO - DAG(s) dict_keys(['example_branch_operator']) retrieved from /home/airflow/.local/lib/python3.7/site-packages/airflow/example_dags/example_branch_operator.py
[2023-11-07T19:10:47.462+0000] {logging_mixin.py:120} INFO - [2023-11-07T19:10:47.462+0000] {dag.py:2585} INFO - Sync 1 DAGs
[2023-11-07T19:10:47.499+0000] {logging_mixin.py:120} INFO - [2023-11-07T19:10:47.499+0000] {dag.py:3340} INFO - Setting next_dagrun for example_branch_operator to 2023-11-06T00:00:00+00:00, run_after=2023-11-07T00:00:00+00:00
[2023-11-07T19:10:47.530+0000] {processor.py:176} INFO - Processing /home/airflow/.local/lib/python3.7/site-packages/airflow/example_dags/example_branch_operator.py took 0.157 seconds
[2023-11-07T19:11:18.070+0000] {processor.py:154} INFO - Started process (PID=580) to work on /home/airflow/.local/lib/python3.7/site-packages/airflow/example_dags/example_branch_operator.py
[2023-11-07T19:11:18.072+0000] {processor.py:756} INFO - Processing file /home/airflow/.local/lib/python3.7/site-packages/airflow/example_dags/example_branch_operator.py for tasks to queue
[2023-11-07T19:11:18.073+0000] {logging_mixin.py:120} INFO - [2023-11-07T19:11:18.073+0000] {dagbag.py:537} INFO - Filling up the DagBag from /home/airflow/.local/lib/python3.7/site-packages/airflow/example_dags/example_branch_operator.py
[2023-11-07T19:11:18.095+0000] {processor.py:766} INFO - DAG(s) dict_keys(['example_branch_operator']) retrieved from /home/airflow/.local/lib/python3.7/site-packages/airflow/example_dags/example_branch_operator.py
[2023-11-07T19:11:18.146+0000] {logging_mixin.py:120} INFO - [2023-11-07T19:11:18.146+0000] {dag.py:2585} INFO - Sync 1 DAGs
[2023-11-07T19:11:18.181+0000] {logging_mixin.py:120} INFO - [2023-11-07T19:11:18.180+0000] {dag.py:3340} INFO - Setting next_dagrun for example_branch_operator to 2023-11-06T00:00:00+00:00, run_after=2023-11-07T00:00:00+00:00
[2023-11-07T19:11:18.211+0000] {processor.py:176} INFO - Processing /home/airflow/.local/lib/python3.7/site-packages/airflow/example_dags/example_branch_operator.py took 0.144 seconds
