[2023-11-07T18:57:31.438+0000] {processor.py:154} INFO - Started process (PID=97) to work on /home/airflow/.local/lib/python3.7/site-packages/airflow/example_dags/example_nested_branch_dag.py
[2023-11-07T18:57:31.443+0000] {processor.py:756} INFO - Processing file /home/airflow/.local/lib/python3.7/site-packages/airflow/example_dags/example_nested_branch_dag.py for tasks to queue
[2023-11-07T18:57:31.444+0000] {logging_mixin.py:120} INFO - [2023-11-07T18:57:31.444+0000] {dagbag.py:537} INFO - Filling up the DagBag from /home/airflow/.local/lib/python3.7/site-packages/airflow/example_dags/example_nested_branch_dag.py
[2023-11-07T18:57:31.500+0000] {processor.py:766} INFO - DAG(s) dict_keys(['example_nested_branch_dag']) retrieved from /home/airflow/.local/lib/python3.7/site-packages/airflow/example_dags/example_nested_branch_dag.py
[2023-11-07T18:57:31.575+0000] {logging_mixin.py:120} INFO - [2023-11-07T18:57:31.575+0000] {dag.py:2585} INFO - Sync 1 DAGs
[2023-11-07T18:57:31.635+0000] {logging_mixin.py:120} INFO - [2023-11-07T18:57:31.634+0000] {dag.py:3340} INFO - Setting next_dagrun for example_nested_branch_dag to 2023-11-06T00:00:00+00:00, run_after=2023-11-07T00:00:00+00:00
[2023-11-07T18:57:31.681+0000] {processor.py:176} INFO - Processing /home/airflow/.local/lib/python3.7/site-packages/airflow/example_dags/example_nested_branch_dag.py took 0.246 seconds
[2023-11-07T18:58:01.947+0000] {processor.py:154} INFO - Started process (PID=171) to work on /home/airflow/.local/lib/python3.7/site-packages/airflow/example_dags/example_nested_branch_dag.py
[2023-11-07T18:58:01.948+0000] {processor.py:756} INFO - Processing file /home/airflow/.local/lib/python3.7/site-packages/airflow/example_dags/example_nested_branch_dag.py for tasks to queue
[2023-11-07T18:58:01.949+0000] {logging_mixin.py:120} INFO - [2023-11-07T18:58:01.949+0000] {dagbag.py:537} INFO - Filling up the DagBag from /home/airflow/.local/lib/python3.7/site-packages/airflow/example_dags/example_nested_branch_dag.py
[2023-11-07T18:58:01.975+0000] {processor.py:766} INFO - DAG(s) dict_keys(['example_nested_branch_dag']) retrieved from /home/airflow/.local/lib/python3.7/site-packages/airflow/example_dags/example_nested_branch_dag.py
[2023-11-07T18:58:02.022+0000] {logging_mixin.py:120} INFO - [2023-11-07T18:58:02.022+0000] {dag.py:2585} INFO - Sync 1 DAGs
[2023-11-07T18:58:02.058+0000] {logging_mixin.py:120} INFO - [2023-11-07T18:58:02.058+0000] {dag.py:3340} INFO - Setting next_dagrun for example_nested_branch_dag to 2023-11-06T00:00:00+00:00, run_after=2023-11-07T00:00:00+00:00
[2023-11-07T18:58:02.085+0000] {processor.py:176} INFO - Processing /home/airflow/.local/lib/python3.7/site-packages/airflow/example_dags/example_nested_branch_dag.py took 0.141 seconds
[2023-11-07T19:08:13.874+0000] {processor.py:154} INFO - Started process (PID=113) to work on /home/airflow/.local/lib/python3.7/site-packages/airflow/example_dags/example_nested_branch_dag.py
[2023-11-07T19:08:13.878+0000] {processor.py:756} INFO - Processing file /home/airflow/.local/lib/python3.7/site-packages/airflow/example_dags/example_nested_branch_dag.py for tasks to queue
[2023-11-07T19:08:13.880+0000] {logging_mixin.py:120} INFO - [2023-11-07T19:08:13.880+0000] {dagbag.py:537} INFO - Filling up the DagBag from /home/airflow/.local/lib/python3.7/site-packages/airflow/example_dags/example_nested_branch_dag.py
[2023-11-07T19:08:13.928+0000] {processor.py:766} INFO - DAG(s) dict_keys(['example_nested_branch_dag']) retrieved from /home/airflow/.local/lib/python3.7/site-packages/airflow/example_dags/example_nested_branch_dag.py
[2023-11-07T19:08:14.017+0000] {logging_mixin.py:120} INFO - [2023-11-07T19:08:14.016+0000] {dag.py:2585} INFO - Sync 1 DAGs
[2023-11-07T19:08:14.069+0000] {logging_mixin.py:120} INFO - [2023-11-07T19:08:14.069+0000] {dag.py:3340} INFO - Setting next_dagrun for example_nested_branch_dag to 2023-11-06T00:00:00+00:00, run_after=2023-11-07T00:00:00+00:00
[2023-11-07T19:08:14.152+0000] {processor.py:176} INFO - Processing /home/airflow/.local/lib/python3.7/site-packages/airflow/example_dags/example_nested_branch_dag.py took 0.281 seconds
[2023-11-07T19:08:44.315+0000] {processor.py:154} INFO - Started process (PID=187) to work on /home/airflow/.local/lib/python3.7/site-packages/airflow/example_dags/example_nested_branch_dag.py
[2023-11-07T19:08:44.317+0000] {processor.py:756} INFO - Processing file /home/airflow/.local/lib/python3.7/site-packages/airflow/example_dags/example_nested_branch_dag.py for tasks to queue
[2023-11-07T19:08:44.318+0000] {logging_mixin.py:120} INFO - [2023-11-07T19:08:44.318+0000] {dagbag.py:537} INFO - Filling up the DagBag from /home/airflow/.local/lib/python3.7/site-packages/airflow/example_dags/example_nested_branch_dag.py
[2023-11-07T19:08:44.347+0000] {processor.py:766} INFO - DAG(s) dict_keys(['example_nested_branch_dag']) retrieved from /home/airflow/.local/lib/python3.7/site-packages/airflow/example_dags/example_nested_branch_dag.py
[2023-11-07T19:08:44.393+0000] {logging_mixin.py:120} INFO - [2023-11-07T19:08:44.393+0000] {dag.py:2585} INFO - Sync 1 DAGs
[2023-11-07T19:08:44.429+0000] {logging_mixin.py:120} INFO - [2023-11-07T19:08:44.428+0000] {dag.py:3340} INFO - Setting next_dagrun for example_nested_branch_dag to 2023-11-06T00:00:00+00:00, run_after=2023-11-07T00:00:00+00:00
[2023-11-07T19:08:44.464+0000] {processor.py:176} INFO - Processing /home/airflow/.local/lib/python3.7/site-packages/airflow/example_dags/example_nested_branch_dag.py took 0.153 seconds
[2023-11-07T19:09:15.163+0000] {processor.py:154} INFO - Started process (PID=271) to work on /home/airflow/.local/lib/python3.7/site-packages/airflow/example_dags/example_nested_branch_dag.py
[2023-11-07T19:09:15.164+0000] {processor.py:756} INFO - Processing file /home/airflow/.local/lib/python3.7/site-packages/airflow/example_dags/example_nested_branch_dag.py for tasks to queue
[2023-11-07T19:09:15.166+0000] {logging_mixin.py:120} INFO - [2023-11-07T19:09:15.166+0000] {dagbag.py:537} INFO - Filling up the DagBag from /home/airflow/.local/lib/python3.7/site-packages/airflow/example_dags/example_nested_branch_dag.py
[2023-11-07T19:09:15.196+0000] {processor.py:766} INFO - DAG(s) dict_keys(['example_nested_branch_dag']) retrieved from /home/airflow/.local/lib/python3.7/site-packages/airflow/example_dags/example_nested_branch_dag.py
[2023-11-07T19:09:15.245+0000] {logging_mixin.py:120} INFO - [2023-11-07T19:09:15.244+0000] {dag.py:2585} INFO - Sync 1 DAGs
[2023-11-07T19:09:15.281+0000] {logging_mixin.py:120} INFO - [2023-11-07T19:09:15.281+0000] {dag.py:3340} INFO - Setting next_dagrun for example_nested_branch_dag to 2023-11-06T00:00:00+00:00, run_after=2023-11-07T00:00:00+00:00
[2023-11-07T19:09:15.309+0000] {processor.py:176} INFO - Processing /home/airflow/.local/lib/python3.7/site-packages/airflow/example_dags/example_nested_branch_dag.py took 0.149 seconds
[2023-11-07T19:09:47.054+0000] {processor.py:154} INFO - Started process (PID=355) to work on /home/airflow/.local/lib/python3.7/site-packages/airflow/example_dags/example_nested_branch_dag.py
[2023-11-07T19:09:47.055+0000] {processor.py:756} INFO - Processing file /home/airflow/.local/lib/python3.7/site-packages/airflow/example_dags/example_nested_branch_dag.py for tasks to queue
[2023-11-07T19:09:47.057+0000] {logging_mixin.py:120} INFO - [2023-11-07T19:09:47.056+0000] {dagbag.py:537} INFO - Filling up the DagBag from /home/airflow/.local/lib/python3.7/site-packages/airflow/example_dags/example_nested_branch_dag.py
[2023-11-07T19:09:47.088+0000] {processor.py:766} INFO - DAG(s) dict_keys(['example_nested_branch_dag']) retrieved from /home/airflow/.local/lib/python3.7/site-packages/airflow/example_dags/example_nested_branch_dag.py
[2023-11-07T19:09:47.139+0000] {logging_mixin.py:120} INFO - [2023-11-07T19:09:47.139+0000] {dag.py:2585} INFO - Sync 1 DAGs
[2023-11-07T19:09:47.173+0000] {logging_mixin.py:120} INFO - [2023-11-07T19:09:47.173+0000] {dag.py:3340} INFO - Setting next_dagrun for example_nested_branch_dag to 2023-11-06T00:00:00+00:00, run_after=2023-11-07T00:00:00+00:00
[2023-11-07T19:09:47.201+0000] {processor.py:176} INFO - Processing /home/airflow/.local/lib/python3.7/site-packages/airflow/example_dags/example_nested_branch_dag.py took 0.150 seconds
[2023-11-07T19:10:18.137+0000] {processor.py:154} INFO - Started process (PID=430) to work on /home/airflow/.local/lib/python3.7/site-packages/airflow/example_dags/example_nested_branch_dag.py
[2023-11-07T19:10:18.138+0000] {processor.py:756} INFO - Processing file /home/airflow/.local/lib/python3.7/site-packages/airflow/example_dags/example_nested_branch_dag.py for tasks to queue
[2023-11-07T19:10:18.140+0000] {logging_mixin.py:120} INFO - [2023-11-07T19:10:18.139+0000] {dagbag.py:537} INFO - Filling up the DagBag from /home/airflow/.local/lib/python3.7/site-packages/airflow/example_dags/example_nested_branch_dag.py
[2023-11-07T19:10:18.168+0000] {processor.py:766} INFO - DAG(s) dict_keys(['example_nested_branch_dag']) retrieved from /home/airflow/.local/lib/python3.7/site-packages/airflow/example_dags/example_nested_branch_dag.py
[2023-11-07T19:10:18.265+0000] {logging_mixin.py:120} INFO - [2023-11-07T19:10:18.265+0000] {dag.py:2585} INFO - Sync 1 DAGs
[2023-11-07T19:10:18.312+0000] {logging_mixin.py:120} INFO - [2023-11-07T19:10:18.312+0000] {dag.py:3340} INFO - Setting next_dagrun for example_nested_branch_dag to 2023-11-06T00:00:00+00:00, run_after=2023-11-07T00:00:00+00:00
[2023-11-07T19:10:18.353+0000] {processor.py:176} INFO - Processing /home/airflow/.local/lib/python3.7/site-packages/airflow/example_dags/example_nested_branch_dag.py took 0.218 seconds
[2023-11-07T19:10:49.359+0000] {processor.py:154} INFO - Started process (PID=513) to work on /home/airflow/.local/lib/python3.7/site-packages/airflow/example_dags/example_nested_branch_dag.py
[2023-11-07T19:10:49.360+0000] {processor.py:756} INFO - Processing file /home/airflow/.local/lib/python3.7/site-packages/airflow/example_dags/example_nested_branch_dag.py for tasks to queue
[2023-11-07T19:10:49.361+0000] {logging_mixin.py:120} INFO - [2023-11-07T19:10:49.361+0000] {dagbag.py:537} INFO - Filling up the DagBag from /home/airflow/.local/lib/python3.7/site-packages/airflow/example_dags/example_nested_branch_dag.py
[2023-11-07T19:10:49.399+0000] {processor.py:766} INFO - DAG(s) dict_keys(['example_nested_branch_dag']) retrieved from /home/airflow/.local/lib/python3.7/site-packages/airflow/example_dags/example_nested_branch_dag.py
[2023-11-07T19:10:49.447+0000] {logging_mixin.py:120} INFO - [2023-11-07T19:10:49.447+0000] {dag.py:2585} INFO - Sync 1 DAGs
[2023-11-07T19:10:49.488+0000] {logging_mixin.py:120} INFO - [2023-11-07T19:10:49.487+0000] {dag.py:3340} INFO - Setting next_dagrun for example_nested_branch_dag to 2023-11-06T00:00:00+00:00, run_after=2023-11-07T00:00:00+00:00
[2023-11-07T19:10:49.514+0000] {processor.py:176} INFO - Processing /home/airflow/.local/lib/python3.7/site-packages/airflow/example_dags/example_nested_branch_dag.py took 0.158 seconds
[2023-11-07T19:11:19.626+0000] {processor.py:154} INFO - Started process (PID=585) to work on /home/airflow/.local/lib/python3.7/site-packages/airflow/example_dags/example_nested_branch_dag.py
[2023-11-07T19:11:19.627+0000] {processor.py:756} INFO - Processing file /home/airflow/.local/lib/python3.7/site-packages/airflow/example_dags/example_nested_branch_dag.py for tasks to queue
[2023-11-07T19:11:19.628+0000] {logging_mixin.py:120} INFO - [2023-11-07T19:11:19.628+0000] {dagbag.py:537} INFO - Filling up the DagBag from /home/airflow/.local/lib/python3.7/site-packages/airflow/example_dags/example_nested_branch_dag.py
[2023-11-07T19:11:19.656+0000] {processor.py:766} INFO - DAG(s) dict_keys(['example_nested_branch_dag']) retrieved from /home/airflow/.local/lib/python3.7/site-packages/airflow/example_dags/example_nested_branch_dag.py
[2023-11-07T19:11:19.702+0000] {logging_mixin.py:120} INFO - [2023-11-07T19:11:19.702+0000] {dag.py:2585} INFO - Sync 1 DAGs
[2023-11-07T19:11:19.734+0000] {logging_mixin.py:120} INFO - [2023-11-07T19:11:19.734+0000] {dag.py:3340} INFO - Setting next_dagrun for example_nested_branch_dag to 2023-11-06T00:00:00+00:00, run_after=2023-11-07T00:00:00+00:00
[2023-11-07T19:11:19.760+0000] {processor.py:176} INFO - Processing /home/airflow/.local/lib/python3.7/site-packages/airflow/example_dags/example_nested_branch_dag.py took 0.136 seconds
