[2023-11-07T18:57:23.493+0000] {processor.py:154} INFO - Started process (PID=59) to work on /home/airflow/.local/lib/python3.7/site-packages/airflow/example_dags/example_latest_only_with_trigger.py
[2023-11-07T18:57:23.495+0000] {processor.py:756} INFO - Processing file /home/airflow/.local/lib/python3.7/site-packages/airflow/example_dags/example_latest_only_with_trigger.py for tasks to queue
[2023-11-07T18:57:23.501+0000] {logging_mixin.py:120} INFO - [2023-11-07T18:57:23.501+0000] {dagbag.py:537} INFO - Filling up the DagBag from /home/airflow/.local/lib/python3.7/site-packages/airflow/example_dags/example_latest_only_with_trigger.py
[2023-11-07T18:57:23.543+0000] {processor.py:766} INFO - DAG(s) dict_keys(['latest_only_with_trigger']) retrieved from /home/airflow/.local/lib/python3.7/site-packages/airflow/example_dags/example_latest_only_with_trigger.py
[2023-11-07T18:57:23.612+0000] {logging_mixin.py:120} INFO - [2023-11-07T18:57:23.611+0000] {dag.py:2585} INFO - Sync 1 DAGs
[2023-11-07T18:57:23.648+0000] {logging_mixin.py:120} INFO - [2023-11-07T18:57:23.647+0000] {dag.py:3340} INFO - Setting next_dagrun for latest_only_with_trigger to 2023-11-07T14:57:23.647579+00:00, run_after=2023-11-07T18:57:23.647579+00:00
[2023-11-07T18:57:23.693+0000] {processor.py:176} INFO - Processing /home/airflow/.local/lib/python3.7/site-packages/airflow/example_dags/example_latest_only_with_trigger.py took 0.202 seconds
[2023-11-07T18:57:54.690+0000] {processor.py:154} INFO - Started process (PID=141) to work on /home/airflow/.local/lib/python3.7/site-packages/airflow/example_dags/example_latest_only_with_trigger.py
[2023-11-07T18:57:54.692+0000] {processor.py:756} INFO - Processing file /home/airflow/.local/lib/python3.7/site-packages/airflow/example_dags/example_latest_only_with_trigger.py for tasks to queue
[2023-11-07T18:57:54.693+0000] {logging_mixin.py:120} INFO - [2023-11-07T18:57:54.693+0000] {dagbag.py:537} INFO - Filling up the DagBag from /home/airflow/.local/lib/python3.7/site-packages/airflow/example_dags/example_latest_only_with_trigger.py
[2023-11-07T18:57:54.710+0000] {processor.py:766} INFO - DAG(s) dict_keys(['latest_only_with_trigger']) retrieved from /home/airflow/.local/lib/python3.7/site-packages/airflow/example_dags/example_latest_only_with_trigger.py
[2023-11-07T18:57:54.760+0000] {logging_mixin.py:120} INFO - [2023-11-07T18:57:54.760+0000] {dag.py:2585} INFO - Sync 1 DAGs
[2023-11-07T18:57:54.796+0000] {logging_mixin.py:120} INFO - [2023-11-07T18:57:54.796+0000] {dag.py:3340} INFO - Setting next_dagrun for latest_only_with_trigger to 2023-11-07T14:57:54.796225+00:00, run_after=2023-11-07T18:57:54.796225+00:00
[2023-11-07T18:57:54.828+0000] {processor.py:176} INFO - Processing /home/airflow/.local/lib/python3.7/site-packages/airflow/example_dags/example_latest_only_with_trigger.py took 0.140 seconds
[2023-11-07T19:08:06.109+0000] {processor.py:154} INFO - Started process (PID=75) to work on /home/airflow/.local/lib/python3.7/site-packages/airflow/example_dags/example_latest_only_with_trigger.py
[2023-11-07T19:08:06.111+0000] {processor.py:756} INFO - Processing file /home/airflow/.local/lib/python3.7/site-packages/airflow/example_dags/example_latest_only_with_trigger.py for tasks to queue
[2023-11-07T19:08:06.114+0000] {logging_mixin.py:120} INFO - [2023-11-07T19:08:06.114+0000] {dagbag.py:537} INFO - Filling up the DagBag from /home/airflow/.local/lib/python3.7/site-packages/airflow/example_dags/example_latest_only_with_trigger.py
[2023-11-07T19:08:06.146+0000] {processor.py:766} INFO - DAG(s) dict_keys(['latest_only_with_trigger']) retrieved from /home/airflow/.local/lib/python3.7/site-packages/airflow/example_dags/example_latest_only_with_trigger.py
[2023-11-07T19:08:06.255+0000] {logging_mixin.py:120} INFO - [2023-11-07T19:08:06.255+0000] {dag.py:2585} INFO - Sync 1 DAGs
[2023-11-07T19:08:06.342+0000] {logging_mixin.py:120} INFO - [2023-11-07T19:08:06.342+0000] {dag.py:3340} INFO - Setting next_dagrun for latest_only_with_trigger to 2023-11-07T15:08:06.341644+00:00, run_after=2023-11-07T19:08:06.341644+00:00
[2023-11-07T19:08:06.397+0000] {processor.py:176} INFO - Processing /home/airflow/.local/lib/python3.7/site-packages/airflow/example_dags/example_latest_only_with_trigger.py took 0.291 seconds
[2023-11-07T19:08:36.966+0000] {processor.py:154} INFO - Started process (PID=157) to work on /home/airflow/.local/lib/python3.7/site-packages/airflow/example_dags/example_latest_only_with_trigger.py
[2023-11-07T19:08:36.968+0000] {processor.py:756} INFO - Processing file /home/airflow/.local/lib/python3.7/site-packages/airflow/example_dags/example_latest_only_with_trigger.py for tasks to queue
[2023-11-07T19:08:36.970+0000] {logging_mixin.py:120} INFO - [2023-11-07T19:08:36.970+0000] {dagbag.py:537} INFO - Filling up the DagBag from /home/airflow/.local/lib/python3.7/site-packages/airflow/example_dags/example_latest_only_with_trigger.py
[2023-11-07T19:08:36.992+0000] {processor.py:766} INFO - DAG(s) dict_keys(['latest_only_with_trigger']) retrieved from /home/airflow/.local/lib/python3.7/site-packages/airflow/example_dags/example_latest_only_with_trigger.py
[2023-11-07T19:08:37.044+0000] {logging_mixin.py:120} INFO - [2023-11-07T19:08:37.044+0000] {dag.py:2585} INFO - Sync 1 DAGs
[2023-11-07T19:08:37.094+0000] {logging_mixin.py:120} INFO - [2023-11-07T19:08:37.094+0000] {dag.py:3340} INFO - Setting next_dagrun for latest_only_with_trigger to 2023-11-07T15:08:37.093887+00:00, run_after=2023-11-07T19:08:37.093887+00:00
[2023-11-07T19:08:37.139+0000] {processor.py:176} INFO - Processing /home/airflow/.local/lib/python3.7/site-packages/airflow/example_dags/example_latest_only_with_trigger.py took 0.175 seconds
[2023-11-07T19:09:07.503+0000] {processor.py:154} INFO - Started process (PID=232) to work on /home/airflow/.local/lib/python3.7/site-packages/airflow/example_dags/example_latest_only_with_trigger.py
[2023-11-07T19:09:07.505+0000] {processor.py:756} INFO - Processing file /home/airflow/.local/lib/python3.7/site-packages/airflow/example_dags/example_latest_only_with_trigger.py for tasks to queue
[2023-11-07T19:09:07.506+0000] {logging_mixin.py:120} INFO - [2023-11-07T19:09:07.506+0000] {dagbag.py:537} INFO - Filling up the DagBag from /home/airflow/.local/lib/python3.7/site-packages/airflow/example_dags/example_latest_only_with_trigger.py
[2023-11-07T19:09:07.520+0000] {processor.py:766} INFO - DAG(s) dict_keys(['latest_only_with_trigger']) retrieved from /home/airflow/.local/lib/python3.7/site-packages/airflow/example_dags/example_latest_only_with_trigger.py
[2023-11-07T19:09:07.564+0000] {logging_mixin.py:120} INFO - [2023-11-07T19:09:07.563+0000] {dag.py:2585} INFO - Sync 1 DAGs
[2023-11-07T19:09:07.597+0000] {logging_mixin.py:120} INFO - [2023-11-07T19:09:07.596+0000] {dag.py:3340} INFO - Setting next_dagrun for latest_only_with_trigger to 2023-11-07T15:09:07.596616+00:00, run_after=2023-11-07T19:09:07.596616+00:00
[2023-11-07T19:09:07.625+0000] {processor.py:176} INFO - Processing /home/airflow/.local/lib/python3.7/site-packages/airflow/example_dags/example_latest_only_with_trigger.py took 0.124 seconds
[2023-11-07T19:09:38.177+0000] {processor.py:154} INFO - Started process (PID=316) to work on /home/airflow/.local/lib/python3.7/site-packages/airflow/example_dags/example_latest_only_with_trigger.py
[2023-11-07T19:09:38.179+0000] {processor.py:756} INFO - Processing file /home/airflow/.local/lib/python3.7/site-packages/airflow/example_dags/example_latest_only_with_trigger.py for tasks to queue
[2023-11-07T19:09:38.180+0000] {logging_mixin.py:120} INFO - [2023-11-07T19:09:38.180+0000] {dagbag.py:537} INFO - Filling up the DagBag from /home/airflow/.local/lib/python3.7/site-packages/airflow/example_dags/example_latest_only_with_trigger.py
[2023-11-07T19:09:38.195+0000] {processor.py:766} INFO - DAG(s) dict_keys(['latest_only_with_trigger']) retrieved from /home/airflow/.local/lib/python3.7/site-packages/airflow/example_dags/example_latest_only_with_trigger.py
[2023-11-07T19:09:38.242+0000] {logging_mixin.py:120} INFO - [2023-11-07T19:09:38.242+0000] {dag.py:2585} INFO - Sync 1 DAGs
[2023-11-07T19:09:38.275+0000] {logging_mixin.py:120} INFO - [2023-11-07T19:09:38.275+0000] {dag.py:3340} INFO - Setting next_dagrun for latest_only_with_trigger to 2023-11-07T15:09:38.275081+00:00, run_after=2023-11-07T19:09:38.275081+00:00
[2023-11-07T19:09:38.305+0000] {processor.py:176} INFO - Processing /home/airflow/.local/lib/python3.7/site-packages/airflow/example_dags/example_latest_only_with_trigger.py took 0.131 seconds
[2023-11-07T19:10:09.882+0000] {processor.py:154} INFO - Started process (PID=390) to work on /home/airflow/.local/lib/python3.7/site-packages/airflow/example_dags/example_latest_only_with_trigger.py
[2023-11-07T19:10:09.884+0000] {processor.py:756} INFO - Processing file /home/airflow/.local/lib/python3.7/site-packages/airflow/example_dags/example_latest_only_with_trigger.py for tasks to queue
[2023-11-07T19:10:09.886+0000] {logging_mixin.py:120} INFO - [2023-11-07T19:10:09.886+0000] {dagbag.py:537} INFO - Filling up the DagBag from /home/airflow/.local/lib/python3.7/site-packages/airflow/example_dags/example_latest_only_with_trigger.py
[2023-11-07T19:10:09.910+0000] {processor.py:766} INFO - DAG(s) dict_keys(['latest_only_with_trigger']) retrieved from /home/airflow/.local/lib/python3.7/site-packages/airflow/example_dags/example_latest_only_with_trigger.py
[2023-11-07T19:10:09.958+0000] {logging_mixin.py:120} INFO - [2023-11-07T19:10:09.958+0000] {dag.py:2585} INFO - Sync 1 DAGs
[2023-11-07T19:10:09.995+0000] {logging_mixin.py:120} INFO - [2023-11-07T19:10:09.994+0000] {dag.py:3340} INFO - Setting next_dagrun for latest_only_with_trigger to 2023-11-07T15:10:09.994582+00:00, run_after=2023-11-07T19:10:09.994582+00:00
[2023-11-07T19:10:10.025+0000] {processor.py:176} INFO - Processing /home/airflow/.local/lib/python3.7/site-packages/airflow/example_dags/example_latest_only_with_trigger.py took 0.146 seconds
[2023-11-07T19:10:41.203+0000] {processor.py:154} INFO - Started process (PID=474) to work on /home/airflow/.local/lib/python3.7/site-packages/airflow/example_dags/example_latest_only_with_trigger.py
[2023-11-07T19:10:41.204+0000] {processor.py:756} INFO - Processing file /home/airflow/.local/lib/python3.7/site-packages/airflow/example_dags/example_latest_only_with_trigger.py for tasks to queue
[2023-11-07T19:10:41.205+0000] {logging_mixin.py:120} INFO - [2023-11-07T19:10:41.205+0000] {dagbag.py:537} INFO - Filling up the DagBag from /home/airflow/.local/lib/python3.7/site-packages/airflow/example_dags/example_latest_only_with_trigger.py
[2023-11-07T19:10:41.220+0000] {processor.py:766} INFO - DAG(s) dict_keys(['latest_only_with_trigger']) retrieved from /home/airflow/.local/lib/python3.7/site-packages/airflow/example_dags/example_latest_only_with_trigger.py
[2023-11-07T19:10:41.264+0000] {logging_mixin.py:120} INFO - [2023-11-07T19:10:41.263+0000] {dag.py:2585} INFO - Sync 1 DAGs
[2023-11-07T19:10:41.296+0000] {logging_mixin.py:120} INFO - [2023-11-07T19:10:41.295+0000] {dag.py:3340} INFO - Setting next_dagrun for latest_only_with_trigger to 2023-11-07T15:10:41.295728+00:00, run_after=2023-11-07T19:10:41.295728+00:00
[2023-11-07T19:10:41.324+0000] {processor.py:176} INFO - Processing /home/airflow/.local/lib/python3.7/site-packages/airflow/example_dags/example_latest_only_with_trigger.py took 0.124 seconds
[2023-11-07T19:11:12.719+0000] {processor.py:154} INFO - Started process (PID=557) to work on /home/airflow/.local/lib/python3.7/site-packages/airflow/example_dags/example_latest_only_with_trigger.py
[2023-11-07T19:11:12.721+0000] {processor.py:756} INFO - Processing file /home/airflow/.local/lib/python3.7/site-packages/airflow/example_dags/example_latest_only_with_trigger.py for tasks to queue
[2023-11-07T19:11:12.722+0000] {logging_mixin.py:120} INFO - [2023-11-07T19:11:12.722+0000] {dagbag.py:537} INFO - Filling up the DagBag from /home/airflow/.local/lib/python3.7/site-packages/airflow/example_dags/example_latest_only_with_trigger.py
[2023-11-07T19:11:12.737+0000] {processor.py:766} INFO - DAG(s) dict_keys(['latest_only_with_trigger']) retrieved from /home/airflow/.local/lib/python3.7/site-packages/airflow/example_dags/example_latest_only_with_trigger.py
[2023-11-07T19:11:12.783+0000] {logging_mixin.py:120} INFO - [2023-11-07T19:11:12.783+0000] {dag.py:2585} INFO - Sync 1 DAGs
[2023-11-07T19:11:12.817+0000] {logging_mixin.py:120} INFO - [2023-11-07T19:11:12.817+0000] {dag.py:3340} INFO - Setting next_dagrun for latest_only_with_trigger to 2023-11-07T15:11:12.816918+00:00, run_after=2023-11-07T19:11:12.816918+00:00
[2023-11-07T19:11:12.845+0000] {processor.py:176} INFO - Processing /home/airflow/.local/lib/python3.7/site-packages/airflow/example_dags/example_latest_only_with_trigger.py took 0.128 seconds
