[2023-11-07T18:57:31.904+0000] {processor.py:154} INFO - Started process (PID=100) to work on /home/airflow/.local/lib/python3.7/site-packages/airflow/example_dags/example_bash_operator.py
[2023-11-07T18:57:31.915+0000] {processor.py:756} INFO - Processing file /home/airflow/.local/lib/python3.7/site-packages/airflow/example_dags/example_bash_operator.py for tasks to queue
[2023-11-07T18:57:31.916+0000] {logging_mixin.py:120} INFO - [2023-11-07T18:57:31.916+0000] {dagbag.py:537} INFO - Filling up the DagBag from /home/airflow/.local/lib/python3.7/site-packages/airflow/example_dags/example_bash_operator.py
[2023-11-07T18:57:31.967+0000] {processor.py:766} INFO - DAG(s) dict_keys(['example_bash_operator']) retrieved from /home/airflow/.local/lib/python3.7/site-packages/airflow/example_dags/example_bash_operator.py
[2023-11-07T18:57:32.062+0000] {logging_mixin.py:120} INFO - [2023-11-07T18:57:32.062+0000] {dag.py:2585} INFO - Sync 1 DAGs
[2023-11-07T18:57:32.142+0000] {logging_mixin.py:120} INFO - [2023-11-07T18:57:32.142+0000] {dag.py:3340} INFO - Setting next_dagrun for example_bash_operator to 2023-11-06T00:00:00+00:00, run_after=2023-11-07T00:00:00+00:00
[2023-11-07T18:57:32.194+0000] {processor.py:176} INFO - Processing /home/airflow/.local/lib/python3.7/site-packages/airflow/example_dags/example_bash_operator.py took 0.293 seconds
[2023-11-07T18:58:02.316+0000] {processor.py:154} INFO - Started process (PID=174) to work on /home/airflow/.local/lib/python3.7/site-packages/airflow/example_dags/example_bash_operator.py
[2023-11-07T18:58:02.317+0000] {processor.py:756} INFO - Processing file /home/airflow/.local/lib/python3.7/site-packages/airflow/example_dags/example_bash_operator.py for tasks to queue
[2023-11-07T18:58:02.319+0000] {logging_mixin.py:120} INFO - [2023-11-07T18:58:02.318+0000] {dagbag.py:537} INFO - Filling up the DagBag from /home/airflow/.local/lib/python3.7/site-packages/airflow/example_dags/example_bash_operator.py
[2023-11-07T18:58:02.343+0000] {processor.py:766} INFO - DAG(s) dict_keys(['example_bash_operator']) retrieved from /home/airflow/.local/lib/python3.7/site-packages/airflow/example_dags/example_bash_operator.py
[2023-11-07T18:58:02.404+0000] {logging_mixin.py:120} INFO - [2023-11-07T18:58:02.404+0000] {dag.py:2585} INFO - Sync 1 DAGs
[2023-11-07T18:58:02.439+0000] {logging_mixin.py:120} INFO - [2023-11-07T18:58:02.439+0000] {dag.py:3340} INFO - Setting next_dagrun for example_bash_operator to 2023-11-06T00:00:00+00:00, run_after=2023-11-07T00:00:00+00:00
[2023-11-07T18:58:02.468+0000] {processor.py:176} INFO - Processing /home/airflow/.local/lib/python3.7/site-packages/airflow/example_dags/example_bash_operator.py took 0.156 seconds
[2023-11-07T19:08:14.345+0000] {processor.py:154} INFO - Started process (PID=116) to work on /home/airflow/.local/lib/python3.7/site-packages/airflow/example_dags/example_bash_operator.py
[2023-11-07T19:08:14.352+0000] {processor.py:756} INFO - Processing file /home/airflow/.local/lib/python3.7/site-packages/airflow/example_dags/example_bash_operator.py for tasks to queue
[2023-11-07T19:08:14.353+0000] {logging_mixin.py:120} INFO - [2023-11-07T19:08:14.353+0000] {dagbag.py:537} INFO - Filling up the DagBag from /home/airflow/.local/lib/python3.7/site-packages/airflow/example_dags/example_bash_operator.py
[2023-11-07T19:08:14.399+0000] {processor.py:766} INFO - DAG(s) dict_keys(['example_bash_operator']) retrieved from /home/airflow/.local/lib/python3.7/site-packages/airflow/example_dags/example_bash_operator.py
[2023-11-07T19:08:14.478+0000] {logging_mixin.py:120} INFO - [2023-11-07T19:08:14.478+0000] {dag.py:2585} INFO - Sync 1 DAGs
[2023-11-07T19:08:14.544+0000] {logging_mixin.py:120} INFO - [2023-11-07T19:08:14.544+0000] {dag.py:3340} INFO - Setting next_dagrun for example_bash_operator to 2023-11-06T00:00:00+00:00, run_after=2023-11-07T00:00:00+00:00
[2023-11-07T19:08:14.596+0000] {processor.py:176} INFO - Processing /home/airflow/.local/lib/python3.7/site-packages/airflow/example_dags/example_bash_operator.py took 0.254 seconds
[2023-11-07T19:08:44.923+0000] {processor.py:154} INFO - Started process (PID=190) to work on /home/airflow/.local/lib/python3.7/site-packages/airflow/example_dags/example_bash_operator.py
[2023-11-07T19:08:44.925+0000] {processor.py:756} INFO - Processing file /home/airflow/.local/lib/python3.7/site-packages/airflow/example_dags/example_bash_operator.py for tasks to queue
[2023-11-07T19:08:44.926+0000] {logging_mixin.py:120} INFO - [2023-11-07T19:08:44.926+0000] {dagbag.py:537} INFO - Filling up the DagBag from /home/airflow/.local/lib/python3.7/site-packages/airflow/example_dags/example_bash_operator.py
[2023-11-07T19:08:44.952+0000] {processor.py:766} INFO - DAG(s) dict_keys(['example_bash_operator']) retrieved from /home/airflow/.local/lib/python3.7/site-packages/airflow/example_dags/example_bash_operator.py
[2023-11-07T19:08:45.010+0000] {logging_mixin.py:120} INFO - [2023-11-07T19:08:45.010+0000] {dag.py:2585} INFO - Sync 1 DAGs
[2023-11-07T19:08:45.046+0000] {logging_mixin.py:120} INFO - [2023-11-07T19:08:45.045+0000] {dag.py:3340} INFO - Setting next_dagrun for example_bash_operator to 2023-11-06T00:00:00+00:00, run_after=2023-11-07T00:00:00+00:00
[2023-11-07T19:08:45.083+0000] {processor.py:176} INFO - Processing /home/airflow/.local/lib/python3.7/site-packages/airflow/example_dags/example_bash_operator.py took 0.163 seconds
[2023-11-07T19:09:15.404+0000] {processor.py:154} INFO - Started process (PID=274) to work on /home/airflow/.local/lib/python3.7/site-packages/airflow/example_dags/example_bash_operator.py
[2023-11-07T19:09:15.405+0000] {processor.py:756} INFO - Processing file /home/airflow/.local/lib/python3.7/site-packages/airflow/example_dags/example_bash_operator.py for tasks to queue
[2023-11-07T19:09:15.406+0000] {logging_mixin.py:120} INFO - [2023-11-07T19:09:15.406+0000] {dagbag.py:537} INFO - Filling up the DagBag from /home/airflow/.local/lib/python3.7/site-packages/airflow/example_dags/example_bash_operator.py
[2023-11-07T19:09:15.432+0000] {processor.py:766} INFO - DAG(s) dict_keys(['example_bash_operator']) retrieved from /home/airflow/.local/lib/python3.7/site-packages/airflow/example_dags/example_bash_operator.py
[2023-11-07T19:09:15.498+0000] {logging_mixin.py:120} INFO - [2023-11-07T19:09:15.498+0000] {dag.py:2585} INFO - Sync 1 DAGs
[2023-11-07T19:09:15.538+0000] {logging_mixin.py:120} INFO - [2023-11-07T19:09:15.537+0000] {dag.py:3340} INFO - Setting next_dagrun for example_bash_operator to 2023-11-06T00:00:00+00:00, run_after=2023-11-07T00:00:00+00:00
[2023-11-07T19:09:15.583+0000] {processor.py:176} INFO - Processing /home/airflow/.local/lib/python3.7/site-packages/airflow/example_dags/example_bash_operator.py took 0.182 seconds
[2023-11-07T19:09:47.261+0000] {processor.py:154} INFO - Started process (PID=358) to work on /home/airflow/.local/lib/python3.7/site-packages/airflow/example_dags/example_bash_operator.py
[2023-11-07T19:09:47.262+0000] {processor.py:756} INFO - Processing file /home/airflow/.local/lib/python3.7/site-packages/airflow/example_dags/example_bash_operator.py for tasks to queue
[2023-11-07T19:09:47.264+0000] {logging_mixin.py:120} INFO - [2023-11-07T19:09:47.263+0000] {dagbag.py:537} INFO - Filling up the DagBag from /home/airflow/.local/lib/python3.7/site-packages/airflow/example_dags/example_bash_operator.py
[2023-11-07T19:09:47.290+0000] {processor.py:766} INFO - DAG(s) dict_keys(['example_bash_operator']) retrieved from /home/airflow/.local/lib/python3.7/site-packages/airflow/example_dags/example_bash_operator.py
[2023-11-07T19:09:47.349+0000] {logging_mixin.py:120} INFO - [2023-11-07T19:09:47.349+0000] {dag.py:2585} INFO - Sync 1 DAGs
[2023-11-07T19:09:47.432+0000] {logging_mixin.py:120} INFO - [2023-11-07T19:09:47.432+0000] {dag.py:3340} INFO - Setting next_dagrun for example_bash_operator to 2023-11-06T00:00:00+00:00, run_after=2023-11-07T00:00:00+00:00
[2023-11-07T19:09:47.517+0000] {processor.py:176} INFO - Processing /home/airflow/.local/lib/python3.7/site-packages/airflow/example_dags/example_bash_operator.py took 0.258 seconds
[2023-11-07T19:10:18.515+0000] {processor.py:154} INFO - Started process (PID=433) to work on /home/airflow/.local/lib/python3.7/site-packages/airflow/example_dags/example_bash_operator.py
[2023-11-07T19:10:18.516+0000] {processor.py:756} INFO - Processing file /home/airflow/.local/lib/python3.7/site-packages/airflow/example_dags/example_bash_operator.py for tasks to queue
[2023-11-07T19:10:18.518+0000] {logging_mixin.py:120} INFO - [2023-11-07T19:10:18.517+0000] {dagbag.py:537} INFO - Filling up the DagBag from /home/airflow/.local/lib/python3.7/site-packages/airflow/example_dags/example_bash_operator.py
[2023-11-07T19:10:18.549+0000] {processor.py:766} INFO - DAG(s) dict_keys(['example_bash_operator']) retrieved from /home/airflow/.local/lib/python3.7/site-packages/airflow/example_dags/example_bash_operator.py
[2023-11-07T19:10:18.624+0000] {logging_mixin.py:120} INFO - [2023-11-07T19:10:18.621+0000] {dag.py:2585} INFO - Sync 1 DAGs
[2023-11-07T19:10:18.675+0000] {logging_mixin.py:120} INFO - [2023-11-07T19:10:18.674+0000] {dag.py:3340} INFO - Setting next_dagrun for example_bash_operator to 2023-11-06T00:00:00+00:00, run_after=2023-11-07T00:00:00+00:00
[2023-11-07T19:10:18.706+0000] {processor.py:176} INFO - Processing /home/airflow/.local/lib/python3.7/site-packages/airflow/example_dags/example_bash_operator.py took 0.193 seconds
[2023-11-07T19:10:49.769+0000] {processor.py:154} INFO - Started process (PID=516) to work on /home/airflow/.local/lib/python3.7/site-packages/airflow/example_dags/example_bash_operator.py
[2023-11-07T19:10:49.770+0000] {processor.py:756} INFO - Processing file /home/airflow/.local/lib/python3.7/site-packages/airflow/example_dags/example_bash_operator.py for tasks to queue
[2023-11-07T19:10:49.772+0000] {logging_mixin.py:120} INFO - [2023-11-07T19:10:49.772+0000] {dagbag.py:537} INFO - Filling up the DagBag from /home/airflow/.local/lib/python3.7/site-packages/airflow/example_dags/example_bash_operator.py
[2023-11-07T19:10:49.799+0000] {processor.py:766} INFO - DAG(s) dict_keys(['example_bash_operator']) retrieved from /home/airflow/.local/lib/python3.7/site-packages/airflow/example_dags/example_bash_operator.py
[2023-11-07T19:10:49.862+0000] {logging_mixin.py:120} INFO - [2023-11-07T19:10:49.862+0000] {dag.py:2585} INFO - Sync 1 DAGs
[2023-11-07T19:10:49.902+0000] {logging_mixin.py:120} INFO - [2023-11-07T19:10:49.901+0000] {dag.py:3340} INFO - Setting next_dagrun for example_bash_operator to 2023-11-06T00:00:00+00:00, run_after=2023-11-07T00:00:00+00:00
[2023-11-07T19:10:49.953+0000] {processor.py:176} INFO - Processing /home/airflow/.local/lib/python3.7/site-packages/airflow/example_dags/example_bash_operator.py took 0.187 seconds
[2023-11-07T19:11:20.198+0000] {processor.py:154} INFO - Started process (PID=590) to work on /home/airflow/.local/lib/python3.7/site-packages/airflow/example_dags/example_bash_operator.py
[2023-11-07T19:11:20.199+0000] {processor.py:756} INFO - Processing file /home/airflow/.local/lib/python3.7/site-packages/airflow/example_dags/example_bash_operator.py for tasks to queue
[2023-11-07T19:11:20.200+0000] {logging_mixin.py:120} INFO - [2023-11-07T19:11:20.200+0000] {dagbag.py:537} INFO - Filling up the DagBag from /home/airflow/.local/lib/python3.7/site-packages/airflow/example_dags/example_bash_operator.py
[2023-11-07T19:11:20.226+0000] {processor.py:766} INFO - DAG(s) dict_keys(['example_bash_operator']) retrieved from /home/airflow/.local/lib/python3.7/site-packages/airflow/example_dags/example_bash_operator.py
[2023-11-07T19:11:20.288+0000] {logging_mixin.py:120} INFO - [2023-11-07T19:11:20.288+0000] {dag.py:2585} INFO - Sync 1 DAGs
[2023-11-07T19:11:20.327+0000] {logging_mixin.py:120} INFO - [2023-11-07T19:11:20.327+0000] {dag.py:3340} INFO - Setting next_dagrun for example_bash_operator to 2023-11-06T00:00:00+00:00, run_after=2023-11-07T00:00:00+00:00
[2023-11-07T19:11:20.354+0000] {processor.py:176} INFO - Processing /home/airflow/.local/lib/python3.7/site-packages/airflow/example_dags/example_bash_operator.py took 0.159 seconds
