[2023-11-07T18:57:25.933+0000] {processor.py:154} INFO - Started process (PID=68) to work on /home/airflow/.local/lib/python3.7/site-packages/airflow/example_dags/example_branch_python_dop_operator_3.py
[2023-11-07T18:57:25.936+0000] {processor.py:756} INFO - Processing file /home/airflow/.local/lib/python3.7/site-packages/airflow/example_dags/example_branch_python_dop_operator_3.py for tasks to queue
[2023-11-07T18:57:25.939+0000] {logging_mixin.py:120} INFO - [2023-11-07T18:57:25.939+0000] {dagbag.py:537} INFO - Filling up the DagBag from /home/airflow/.local/lib/python3.7/site-packages/airflow/example_dags/example_branch_python_dop_operator_3.py
[2023-11-07T18:57:25.996+0000] {processor.py:766} INFO - DAG(s) dict_keys(['example_branch_dop_operator_v3']) retrieved from /home/airflow/.local/lib/python3.7/site-packages/airflow/example_dags/example_branch_python_dop_operator_3.py
[2023-11-07T18:57:26.076+0000] {logging_mixin.py:120} INFO - [2023-11-07T18:57:26.076+0000] {dag.py:2585} INFO - Sync 1 DAGs
[2023-11-07T18:57:26.151+0000] {logging_mixin.py:120} INFO - [2023-11-07T18:57:26.151+0000] {dag.py:3340} INFO - Setting next_dagrun for example_branch_dop_operator_v3 to 2023-11-07T18:56:00+00:00, run_after=2023-11-07T18:57:00+00:00
[2023-11-07T18:57:26.212+0000] {processor.py:176} INFO - Processing /home/airflow/.local/lib/python3.7/site-packages/airflow/example_dags/example_branch_python_dop_operator_3.py took 0.282 seconds
[2023-11-07T18:57:56.584+0000] {processor.py:154} INFO - Started process (PID=151) to work on /home/airflow/.local/lib/python3.7/site-packages/airflow/example_dags/example_branch_python_dop_operator_3.py
[2023-11-07T18:57:56.585+0000] {processor.py:756} INFO - Processing file /home/airflow/.local/lib/python3.7/site-packages/airflow/example_dags/example_branch_python_dop_operator_3.py for tasks to queue
[2023-11-07T18:57:56.586+0000] {logging_mixin.py:120} INFO - [2023-11-07T18:57:56.586+0000] {dagbag.py:537} INFO - Filling up the DagBag from /home/airflow/.local/lib/python3.7/site-packages/airflow/example_dags/example_branch_python_dop_operator_3.py
[2023-11-07T18:57:56.624+0000] {processor.py:766} INFO - DAG(s) dict_keys(['example_branch_dop_operator_v3']) retrieved from /home/airflow/.local/lib/python3.7/site-packages/airflow/example_dags/example_branch_python_dop_operator_3.py
[2023-11-07T18:57:56.673+0000] {logging_mixin.py:120} INFO - [2023-11-07T18:57:56.673+0000] {dag.py:2585} INFO - Sync 1 DAGs
[2023-11-07T18:57:56.719+0000] {logging_mixin.py:120} INFO - [2023-11-07T18:57:56.719+0000] {dag.py:3340} INFO - Setting next_dagrun for example_branch_dop_operator_v3 to 2023-11-07T18:56:00+00:00, run_after=2023-11-07T18:57:00+00:00
[2023-11-07T18:57:56.746+0000] {processor.py:176} INFO - Processing /home/airflow/.local/lib/python3.7/site-packages/airflow/example_dags/example_branch_python_dop_operator_3.py took 0.165 seconds
[2023-11-07T19:08:08.284+0000] {processor.py:154} INFO - Started process (PID=91) to work on /home/airflow/.local/lib/python3.7/site-packages/airflow/example_dags/example_branch_python_dop_operator_3.py
[2023-11-07T19:08:08.286+0000] {processor.py:756} INFO - Processing file /home/airflow/.local/lib/python3.7/site-packages/airflow/example_dags/example_branch_python_dop_operator_3.py for tasks to queue
[2023-11-07T19:08:08.288+0000] {logging_mixin.py:120} INFO - [2023-11-07T19:08:08.287+0000] {dagbag.py:537} INFO - Filling up the DagBag from /home/airflow/.local/lib/python3.7/site-packages/airflow/example_dags/example_branch_python_dop_operator_3.py
[2023-11-07T19:08:08.392+0000] {processor.py:766} INFO - DAG(s) dict_keys(['example_branch_dop_operator_v3']) retrieved from /home/airflow/.local/lib/python3.7/site-packages/airflow/example_dags/example_branch_python_dop_operator_3.py
[2023-11-07T19:08:08.527+0000] {logging_mixin.py:120} INFO - [2023-11-07T19:08:08.527+0000] {dag.py:2585} INFO - Sync 1 DAGs
[2023-11-07T19:08:08.590+0000] {logging_mixin.py:120} INFO - [2023-11-07T19:08:08.589+0000] {dag.py:3340} INFO - Setting next_dagrun for example_branch_dop_operator_v3 to 2023-11-07T19:07:00+00:00, run_after=2023-11-07T19:08:00+00:00
[2023-11-07T19:08:08.659+0000] {processor.py:176} INFO - Processing /home/airflow/.local/lib/python3.7/site-packages/airflow/example_dags/example_branch_python_dop_operator_3.py took 0.378 seconds
[2023-11-07T19:08:38.859+0000] {processor.py:154} INFO - Started process (PID=167) to work on /home/airflow/.local/lib/python3.7/site-packages/airflow/example_dags/example_branch_python_dop_operator_3.py
[2023-11-07T19:08:38.860+0000] {processor.py:756} INFO - Processing file /home/airflow/.local/lib/python3.7/site-packages/airflow/example_dags/example_branch_python_dop_operator_3.py for tasks to queue
[2023-11-07T19:08:38.861+0000] {logging_mixin.py:120} INFO - [2023-11-07T19:08:38.861+0000] {dagbag.py:537} INFO - Filling up the DagBag from /home/airflow/.local/lib/python3.7/site-packages/airflow/example_dags/example_branch_python_dop_operator_3.py
[2023-11-07T19:08:38.888+0000] {processor.py:766} INFO - DAG(s) dict_keys(['example_branch_dop_operator_v3']) retrieved from /home/airflow/.local/lib/python3.7/site-packages/airflow/example_dags/example_branch_python_dop_operator_3.py
[2023-11-07T19:08:38.933+0000] {logging_mixin.py:120} INFO - [2023-11-07T19:08:38.933+0000] {dag.py:2585} INFO - Sync 1 DAGs
[2023-11-07T19:08:38.980+0000] {logging_mixin.py:120} INFO - [2023-11-07T19:08:38.980+0000] {dag.py:3340} INFO - Setting next_dagrun for example_branch_dop_operator_v3 to 2023-11-07T19:07:00+00:00, run_after=2023-11-07T19:08:00+00:00
[2023-11-07T19:08:39.016+0000] {processor.py:176} INFO - Processing /home/airflow/.local/lib/python3.7/site-packages/airflow/example_dags/example_branch_python_dop_operator_3.py took 0.160 seconds
[2023-11-07T19:09:09.686+0000] {processor.py:154} INFO - Started process (PID=242) to work on /home/airflow/.local/lib/python3.7/site-packages/airflow/example_dags/example_branch_python_dop_operator_3.py
[2023-11-07T19:09:09.687+0000] {processor.py:756} INFO - Processing file /home/airflow/.local/lib/python3.7/site-packages/airflow/example_dags/example_branch_python_dop_operator_3.py for tasks to queue
[2023-11-07T19:09:09.688+0000] {logging_mixin.py:120} INFO - [2023-11-07T19:09:09.688+0000] {dagbag.py:537} INFO - Filling up the DagBag from /home/airflow/.local/lib/python3.7/site-packages/airflow/example_dags/example_branch_python_dop_operator_3.py
[2023-11-07T19:09:09.716+0000] {processor.py:766} INFO - DAG(s) dict_keys(['example_branch_dop_operator_v3']) retrieved from /home/airflow/.local/lib/python3.7/site-packages/airflow/example_dags/example_branch_python_dop_operator_3.py
[2023-11-07T19:09:09.763+0000] {logging_mixin.py:120} INFO - [2023-11-07T19:09:09.762+0000] {dag.py:2585} INFO - Sync 1 DAGs
[2023-11-07T19:09:09.802+0000] {logging_mixin.py:120} INFO - [2023-11-07T19:09:09.801+0000] {dag.py:3340} INFO - Setting next_dagrun for example_branch_dop_operator_v3 to 2023-11-07T19:08:00+00:00, run_after=2023-11-07T19:09:00+00:00
[2023-11-07T19:09:09.828+0000] {processor.py:176} INFO - Processing /home/airflow/.local/lib/python3.7/site-packages/airflow/example_dags/example_branch_python_dop_operator_3.py took 0.144 seconds
[2023-11-07T19:09:40.818+0000] {processor.py:154} INFO - Started process (PID=326) to work on /home/airflow/.local/lib/python3.7/site-packages/airflow/example_dags/example_branch_python_dop_operator_3.py
[2023-11-07T19:09:40.819+0000] {processor.py:756} INFO - Processing file /home/airflow/.local/lib/python3.7/site-packages/airflow/example_dags/example_branch_python_dop_operator_3.py for tasks to queue
[2023-11-07T19:09:40.821+0000] {logging_mixin.py:120} INFO - [2023-11-07T19:09:40.820+0000] {dagbag.py:537} INFO - Filling up the DagBag from /home/airflow/.local/lib/python3.7/site-packages/airflow/example_dags/example_branch_python_dop_operator_3.py
[2023-11-07T19:09:40.847+0000] {processor.py:766} INFO - DAG(s) dict_keys(['example_branch_dop_operator_v3']) retrieved from /home/airflow/.local/lib/python3.7/site-packages/airflow/example_dags/example_branch_python_dop_operator_3.py
[2023-11-07T19:09:40.915+0000] {logging_mixin.py:120} INFO - [2023-11-07T19:09:40.915+0000] {dag.py:2585} INFO - Sync 1 DAGs
[2023-11-07T19:09:40.978+0000] {logging_mixin.py:120} INFO - [2023-11-07T19:09:40.978+0000] {dag.py:3340} INFO - Setting next_dagrun for example_branch_dop_operator_v3 to 2023-11-07T19:08:00+00:00, run_after=2023-11-07T19:09:00+00:00
[2023-11-07T19:09:41.084+0000] {processor.py:176} INFO - Processing /home/airflow/.local/lib/python3.7/site-packages/airflow/example_dags/example_branch_python_dop_operator_3.py took 0.269 seconds
[2023-11-07T19:10:11.470+0000] {processor.py:154} INFO - Started process (PID=410) to work on /home/airflow/.local/lib/python3.7/site-packages/airflow/example_dags/example_branch_python_dop_operator_3.py
[2023-11-07T19:10:11.472+0000] {processor.py:756} INFO - Processing file /home/airflow/.local/lib/python3.7/site-packages/airflow/example_dags/example_branch_python_dop_operator_3.py for tasks to queue
[2023-11-07T19:10:11.474+0000] {logging_mixin.py:120} INFO - [2023-11-07T19:10:11.474+0000] {dagbag.py:537} INFO - Filling up the DagBag from /home/airflow/.local/lib/python3.7/site-packages/airflow/example_dags/example_branch_python_dop_operator_3.py
[2023-11-07T19:10:11.513+0000] {processor.py:766} INFO - DAG(s) dict_keys(['example_branch_dop_operator_v3']) retrieved from /home/airflow/.local/lib/python3.7/site-packages/airflow/example_dags/example_branch_python_dop_operator_3.py
[2023-11-07T19:10:11.597+0000] {logging_mixin.py:120} INFO - [2023-11-07T19:10:11.597+0000] {dag.py:2585} INFO - Sync 1 DAGs
[2023-11-07T19:10:11.667+0000] {logging_mixin.py:120} INFO - [2023-11-07T19:10:11.667+0000] {dag.py:3340} INFO - Setting next_dagrun for example_branch_dop_operator_v3 to 2023-11-07T19:09:00+00:00, run_after=2023-11-07T19:10:00+00:00
[2023-11-07T19:10:11.720+0000] {processor.py:176} INFO - Processing /home/airflow/.local/lib/python3.7/site-packages/airflow/example_dags/example_branch_python_dop_operator_3.py took 0.253 seconds
[2023-11-07T19:10:42.118+0000] {processor.py:154} INFO - Started process (PID=482) to work on /home/airflow/.local/lib/python3.7/site-packages/airflow/example_dags/example_branch_python_dop_operator_3.py
[2023-11-07T19:10:42.119+0000] {processor.py:756} INFO - Processing file /home/airflow/.local/lib/python3.7/site-packages/airflow/example_dags/example_branch_python_dop_operator_3.py for tasks to queue
[2023-11-07T19:10:42.121+0000] {logging_mixin.py:120} INFO - [2023-11-07T19:10:42.120+0000] {dagbag.py:537} INFO - Filling up the DagBag from /home/airflow/.local/lib/python3.7/site-packages/airflow/example_dags/example_branch_python_dop_operator_3.py
[2023-11-07T19:10:42.155+0000] {processor.py:766} INFO - DAG(s) dict_keys(['example_branch_dop_operator_v3']) retrieved from /home/airflow/.local/lib/python3.7/site-packages/airflow/example_dags/example_branch_python_dop_operator_3.py
[2023-11-07T19:10:42.211+0000] {logging_mixin.py:120} INFO - [2023-11-07T19:10:42.211+0000] {dag.py:2585} INFO - Sync 1 DAGs
[2023-11-07T19:10:42.253+0000] {logging_mixin.py:120} INFO - [2023-11-07T19:10:42.253+0000] {dag.py:3340} INFO - Setting next_dagrun for example_branch_dop_operator_v3 to 2023-11-07T19:09:00+00:00, run_after=2023-11-07T19:10:00+00:00
[2023-11-07T19:10:42.292+0000] {processor.py:176} INFO - Processing /home/airflow/.local/lib/python3.7/site-packages/airflow/example_dags/example_branch_python_dop_operator_3.py took 0.177 seconds
[2023-11-07T19:11:14.009+0000] {processor.py:154} INFO - Started process (PID=565) to work on /home/airflow/.local/lib/python3.7/site-packages/airflow/example_dags/example_branch_python_dop_operator_3.py
[2023-11-07T19:11:14.011+0000] {processor.py:756} INFO - Processing file /home/airflow/.local/lib/python3.7/site-packages/airflow/example_dags/example_branch_python_dop_operator_3.py for tasks to queue
[2023-11-07T19:11:14.013+0000] {logging_mixin.py:120} INFO - [2023-11-07T19:11:14.013+0000] {dagbag.py:537} INFO - Filling up the DagBag from /home/airflow/.local/lib/python3.7/site-packages/airflow/example_dags/example_branch_python_dop_operator_3.py
[2023-11-07T19:11:14.049+0000] {processor.py:766} INFO - DAG(s) dict_keys(['example_branch_dop_operator_v3']) retrieved from /home/airflow/.local/lib/python3.7/site-packages/airflow/example_dags/example_branch_python_dop_operator_3.py
[2023-11-07T19:11:14.110+0000] {logging_mixin.py:120} INFO - [2023-11-07T19:11:14.110+0000] {dag.py:2585} INFO - Sync 1 DAGs
[2023-11-07T19:11:14.152+0000] {logging_mixin.py:120} INFO - [2023-11-07T19:11:14.152+0000] {dag.py:3340} INFO - Setting next_dagrun for example_branch_dop_operator_v3 to 2023-11-07T19:10:00+00:00, run_after=2023-11-07T19:11:00+00:00
[2023-11-07T19:11:14.187+0000] {processor.py:176} INFO - Processing /home/airflow/.local/lib/python3.7/site-packages/airflow/example_dags/example_branch_python_dop_operator_3.py took 0.187 seconds
