[2023-11-07T18:57:23.744+0000] {processor.py:154} INFO - Started process (PID=61) to work on /home/airflow/.local/lib/python3.7/site-packages/airflow/example_dags/example_short_circuit_operator.py
[2023-11-07T18:57:23.745+0000] {processor.py:756} INFO - Processing file /home/airflow/.local/lib/python3.7/site-packages/airflow/example_dags/example_short_circuit_operator.py for tasks to queue
[2023-11-07T18:57:23.747+0000] {logging_mixin.py:120} INFO - [2023-11-07T18:57:23.746+0000] {dagbag.py:537} INFO - Filling up the DagBag from /home/airflow/.local/lib/python3.7/site-packages/airflow/example_dags/example_short_circuit_operator.py
[2023-11-07T18:57:23.788+0000] {processor.py:766} INFO - DAG(s) dict_keys(['example_short_circuit_operator']) retrieved from /home/airflow/.local/lib/python3.7/site-packages/airflow/example_dags/example_short_circuit_operator.py
[2023-11-07T18:57:23.915+0000] {logging_mixin.py:120} INFO - [2023-11-07T18:57:23.915+0000] {dag.py:2585} INFO - Sync 1 DAGs
[2023-11-07T18:57:24.015+0000] {logging_mixin.py:120} INFO - [2023-11-07T18:57:24.015+0000] {dag.py:3340} INFO - Setting next_dagrun for example_short_circuit_operator to 2023-11-06T18:57:24.014769+00:00, run_after=2023-11-07T18:57:24.014769+00:00
[2023-11-07T18:57:24.176+0000] {processor.py:176} INFO - Processing /home/airflow/.local/lib/python3.7/site-packages/airflow/example_dags/example_short_circuit_operator.py took 0.434 seconds
[2023-11-07T18:57:54.774+0000] {processor.py:154} INFO - Started process (PID=142) to work on /home/airflow/.local/lib/python3.7/site-packages/airflow/example_dags/example_short_circuit_operator.py
[2023-11-07T18:57:54.775+0000] {processor.py:756} INFO - Processing file /home/airflow/.local/lib/python3.7/site-packages/airflow/example_dags/example_short_circuit_operator.py for tasks to queue
[2023-11-07T18:57:54.776+0000] {logging_mixin.py:120} INFO - [2023-11-07T18:57:54.776+0000] {dagbag.py:537} INFO - Filling up the DagBag from /home/airflow/.local/lib/python3.7/site-packages/airflow/example_dags/example_short_circuit_operator.py
[2023-11-07T18:57:54.797+0000] {processor.py:766} INFO - DAG(s) dict_keys(['example_short_circuit_operator']) retrieved from /home/airflow/.local/lib/python3.7/site-packages/airflow/example_dags/example_short_circuit_operator.py
[2023-11-07T18:57:54.854+0000] {logging_mixin.py:120} INFO - [2023-11-07T18:57:54.854+0000] {dag.py:2585} INFO - Sync 1 DAGs
[2023-11-07T18:57:54.909+0000] {logging_mixin.py:120} INFO - [2023-11-07T18:57:54.909+0000] {dag.py:3340} INFO - Setting next_dagrun for example_short_circuit_operator to 2023-11-06T18:57:54.909307+00:00, run_after=2023-11-07T18:57:54.909307+00:00
[2023-11-07T18:57:54.970+0000] {processor.py:176} INFO - Processing /home/airflow/.local/lib/python3.7/site-packages/airflow/example_dags/example_short_circuit_operator.py took 0.199 seconds
[2023-11-07T19:08:06.473+0000] {processor.py:154} INFO - Started process (PID=77) to work on /home/airflow/.local/lib/python3.7/site-packages/airflow/example_dags/example_short_circuit_operator.py
[2023-11-07T19:08:06.475+0000] {processor.py:756} INFO - Processing file /home/airflow/.local/lib/python3.7/site-packages/airflow/example_dags/example_short_circuit_operator.py for tasks to queue
[2023-11-07T19:08:06.477+0000] {logging_mixin.py:120} INFO - [2023-11-07T19:08:06.477+0000] {dagbag.py:537} INFO - Filling up the DagBag from /home/airflow/.local/lib/python3.7/site-packages/airflow/example_dags/example_short_circuit_operator.py
[2023-11-07T19:08:06.501+0000] {processor.py:766} INFO - DAG(s) dict_keys(['example_short_circuit_operator']) retrieved from /home/airflow/.local/lib/python3.7/site-packages/airflow/example_dags/example_short_circuit_operator.py
[2023-11-07T19:08:06.635+0000] {logging_mixin.py:120} INFO - [2023-11-07T19:08:06.635+0000] {dag.py:2585} INFO - Sync 1 DAGs
[2023-11-07T19:08:06.697+0000] {logging_mixin.py:120} INFO - [2023-11-07T19:08:06.697+0000] {dag.py:3340} INFO - Setting next_dagrun for example_short_circuit_operator to 2023-11-06T19:08:06.697050+00:00, run_after=2023-11-07T19:08:06.697050+00:00
[2023-11-07T19:08:06.757+0000] {processor.py:176} INFO - Processing /home/airflow/.local/lib/python3.7/site-packages/airflow/example_dags/example_short_circuit_operator.py took 0.290 seconds
[2023-11-07T19:08:37.157+0000] {processor.py:154} INFO - Started process (PID=158) to work on /home/airflow/.local/lib/python3.7/site-packages/airflow/example_dags/example_short_circuit_operator.py
[2023-11-07T19:08:37.159+0000] {processor.py:756} INFO - Processing file /home/airflow/.local/lib/python3.7/site-packages/airflow/example_dags/example_short_circuit_operator.py for tasks to queue
[2023-11-07T19:08:37.161+0000] {logging_mixin.py:120} INFO - [2023-11-07T19:08:37.161+0000] {dagbag.py:537} INFO - Filling up the DagBag from /home/airflow/.local/lib/python3.7/site-packages/airflow/example_dags/example_short_circuit_operator.py
[2023-11-07T19:08:37.192+0000] {processor.py:766} INFO - DAG(s) dict_keys(['example_short_circuit_operator']) retrieved from /home/airflow/.local/lib/python3.7/site-packages/airflow/example_dags/example_short_circuit_operator.py
[2023-11-07T19:08:37.256+0000] {logging_mixin.py:120} INFO - [2023-11-07T19:08:37.256+0000] {dag.py:2585} INFO - Sync 1 DAGs
[2023-11-07T19:08:37.319+0000] {logging_mixin.py:120} INFO - [2023-11-07T19:08:37.319+0000] {dag.py:3340} INFO - Setting next_dagrun for example_short_circuit_operator to 2023-11-06T19:08:37.319045+00:00, run_after=2023-11-07T19:08:37.319045+00:00
[2023-11-07T19:08:37.376+0000] {processor.py:176} INFO - Processing /home/airflow/.local/lib/python3.7/site-packages/airflow/example_dags/example_short_circuit_operator.py took 0.222 seconds
[2023-11-07T19:09:07.669+0000] {processor.py:154} INFO - Started process (PID=233) to work on /home/airflow/.local/lib/python3.7/site-packages/airflow/example_dags/example_short_circuit_operator.py
[2023-11-07T19:09:07.670+0000] {processor.py:756} INFO - Processing file /home/airflow/.local/lib/python3.7/site-packages/airflow/example_dags/example_short_circuit_operator.py for tasks to queue
[2023-11-07T19:09:07.672+0000] {logging_mixin.py:120} INFO - [2023-11-07T19:09:07.672+0000] {dagbag.py:537} INFO - Filling up the DagBag from /home/airflow/.local/lib/python3.7/site-packages/airflow/example_dags/example_short_circuit_operator.py
[2023-11-07T19:09:07.690+0000] {processor.py:766} INFO - DAG(s) dict_keys(['example_short_circuit_operator']) retrieved from /home/airflow/.local/lib/python3.7/site-packages/airflow/example_dags/example_short_circuit_operator.py
[2023-11-07T19:09:07.746+0000] {logging_mixin.py:120} INFO - [2023-11-07T19:09:07.746+0000] {dag.py:2585} INFO - Sync 1 DAGs
[2023-11-07T19:09:07.798+0000] {logging_mixin.py:120} INFO - [2023-11-07T19:09:07.798+0000] {dag.py:3340} INFO - Setting next_dagrun for example_short_circuit_operator to 2023-11-06T19:09:07.798112+00:00, run_after=2023-11-07T19:09:07.798112+00:00
[2023-11-07T19:09:07.830+0000] {processor.py:176} INFO - Processing /home/airflow/.local/lib/python3.7/site-packages/airflow/example_dags/example_short_circuit_operator.py took 0.164 seconds
[2023-11-07T19:09:38.290+0000] {processor.py:154} INFO - Started process (PID=317) to work on /home/airflow/.local/lib/python3.7/site-packages/airflow/example_dags/example_short_circuit_operator.py
[2023-11-07T19:09:38.291+0000] {processor.py:756} INFO - Processing file /home/airflow/.local/lib/python3.7/site-packages/airflow/example_dags/example_short_circuit_operator.py for tasks to queue
[2023-11-07T19:09:38.292+0000] {logging_mixin.py:120} INFO - [2023-11-07T19:09:38.292+0000] {dagbag.py:537} INFO - Filling up the DagBag from /home/airflow/.local/lib/python3.7/site-packages/airflow/example_dags/example_short_circuit_operator.py
[2023-11-07T19:09:38.311+0000] {processor.py:766} INFO - DAG(s) dict_keys(['example_short_circuit_operator']) retrieved from /home/airflow/.local/lib/python3.7/site-packages/airflow/example_dags/example_short_circuit_operator.py
[2023-11-07T19:09:38.359+0000] {logging_mixin.py:120} INFO - [2023-11-07T19:09:38.359+0000] {dag.py:2585} INFO - Sync 1 DAGs
[2023-11-07T19:09:38.392+0000] {logging_mixin.py:120} INFO - [2023-11-07T19:09:38.392+0000] {dag.py:3340} INFO - Setting next_dagrun for example_short_circuit_operator to 2023-11-06T19:09:38.392495+00:00, run_after=2023-11-07T19:09:38.392495+00:00
[2023-11-07T19:09:38.420+0000] {processor.py:176} INFO - Processing /home/airflow/.local/lib/python3.7/site-packages/airflow/example_dags/example_short_circuit_operator.py took 0.133 seconds
[2023-11-07T19:10:10.083+0000] {processor.py:154} INFO - Started process (PID=391) to work on /home/airflow/.local/lib/python3.7/site-packages/airflow/example_dags/example_short_circuit_operator.py
[2023-11-07T19:10:10.084+0000] {processor.py:756} INFO - Processing file /home/airflow/.local/lib/python3.7/site-packages/airflow/example_dags/example_short_circuit_operator.py for tasks to queue
[2023-11-07T19:10:10.086+0000] {logging_mixin.py:120} INFO - [2023-11-07T19:10:10.085+0000] {dagbag.py:537} INFO - Filling up the DagBag from /home/airflow/.local/lib/python3.7/site-packages/airflow/example_dags/example_short_circuit_operator.py
[2023-11-07T19:10:10.106+0000] {processor.py:766} INFO - DAG(s) dict_keys(['example_short_circuit_operator']) retrieved from /home/airflow/.local/lib/python3.7/site-packages/airflow/example_dags/example_short_circuit_operator.py
[2023-11-07T19:10:10.156+0000] {logging_mixin.py:120} INFO - [2023-11-07T19:10:10.155+0000] {dag.py:2585} INFO - Sync 1 DAGs
[2023-11-07T19:10:10.189+0000] {logging_mixin.py:120} INFO - [2023-11-07T19:10:10.189+0000] {dag.py:3340} INFO - Setting next_dagrun for example_short_circuit_operator to 2023-11-06T19:10:10.188752+00:00, run_after=2023-11-07T19:10:10.188752+00:00
[2023-11-07T19:10:10.218+0000] {processor.py:176} INFO - Processing /home/airflow/.local/lib/python3.7/site-packages/airflow/example_dags/example_short_circuit_operator.py took 0.138 seconds
[2023-11-07T19:10:41.365+0000] {processor.py:154} INFO - Started process (PID=475) to work on /home/airflow/.local/lib/python3.7/site-packages/airflow/example_dags/example_short_circuit_operator.py
[2023-11-07T19:10:41.367+0000] {processor.py:756} INFO - Processing file /home/airflow/.local/lib/python3.7/site-packages/airflow/example_dags/example_short_circuit_operator.py for tasks to queue
[2023-11-07T19:10:41.368+0000] {logging_mixin.py:120} INFO - [2023-11-07T19:10:41.368+0000] {dagbag.py:537} INFO - Filling up the DagBag from /home/airflow/.local/lib/python3.7/site-packages/airflow/example_dags/example_short_circuit_operator.py
[2023-11-07T19:10:41.385+0000] {processor.py:766} INFO - DAG(s) dict_keys(['example_short_circuit_operator']) retrieved from /home/airflow/.local/lib/python3.7/site-packages/airflow/example_dags/example_short_circuit_operator.py
[2023-11-07T19:10:41.432+0000] {logging_mixin.py:120} INFO - [2023-11-07T19:10:41.432+0000] {dag.py:2585} INFO - Sync 1 DAGs
[2023-11-07T19:10:41.465+0000] {logging_mixin.py:120} INFO - [2023-11-07T19:10:41.465+0000] {dag.py:3340} INFO - Setting next_dagrun for example_short_circuit_operator to 2023-11-06T19:10:41.465116+00:00, run_after=2023-11-07T19:10:41.465116+00:00
[2023-11-07T19:10:41.493+0000] {processor.py:176} INFO - Processing /home/airflow/.local/lib/python3.7/site-packages/airflow/example_dags/example_short_circuit_operator.py took 0.130 seconds
[2023-11-07T19:11:12.919+0000] {processor.py:154} INFO - Started process (PID=558) to work on /home/airflow/.local/lib/python3.7/site-packages/airflow/example_dags/example_short_circuit_operator.py
[2023-11-07T19:11:12.920+0000] {processor.py:756} INFO - Processing file /home/airflow/.local/lib/python3.7/site-packages/airflow/example_dags/example_short_circuit_operator.py for tasks to queue
[2023-11-07T19:11:12.922+0000] {logging_mixin.py:120} INFO - [2023-11-07T19:11:12.922+0000] {dagbag.py:537} INFO - Filling up the DagBag from /home/airflow/.local/lib/python3.7/site-packages/airflow/example_dags/example_short_circuit_operator.py
[2023-11-07T19:11:12.941+0000] {processor.py:766} INFO - DAG(s) dict_keys(['example_short_circuit_operator']) retrieved from /home/airflow/.local/lib/python3.7/site-packages/airflow/example_dags/example_short_circuit_operator.py
[2023-11-07T19:11:12.990+0000] {logging_mixin.py:120} INFO - [2023-11-07T19:11:12.990+0000] {dag.py:2585} INFO - Sync 1 DAGs
[2023-11-07T19:11:13.026+0000] {logging_mixin.py:120} INFO - [2023-11-07T19:11:13.026+0000] {dag.py:3340} INFO - Setting next_dagrun for example_short_circuit_operator to 2023-11-06T19:11:13.025991+00:00, run_after=2023-11-07T19:11:13.025991+00:00
[2023-11-07T19:11:13.055+0000] {processor.py:176} INFO - Processing /home/airflow/.local/lib/python3.7/site-packages/airflow/example_dags/example_short_circuit_operator.py took 0.139 seconds
