[2023-11-07T18:57:29.554+0000] {processor.py:154} INFO - Started process (PID=90) to work on /home/airflow/.local/lib/python3.7/site-packages/airflow/example_dags/example_dag_decorator.py
[2023-11-07T18:57:29.556+0000] {processor.py:756} INFO - Processing file /home/airflow/.local/lib/python3.7/site-packages/airflow/example_dags/example_dag_decorator.py for tasks to queue
[2023-11-07T18:57:29.557+0000] {logging_mixin.py:120} INFO - [2023-11-07T18:57:29.557+0000] {dagbag.py:537} INFO - Filling up the DagBag from /home/airflow/.local/lib/python3.7/site-packages/airflow/example_dags/example_dag_decorator.py
[2023-11-07T18:57:29.607+0000] {logging_mixin.py:120} INFO - [2023-11-07T18:57:29.607+0000] {taskmixin.py:205} WARNING - Dependency <Task(_PythonDecoratedOperator): prepare_email>, send_email already registered for DAG: example_dag_decorator
[2023-11-07T18:57:29.615+0000] {logging_mixin.py:120} INFO - [2023-11-07T18:57:29.614+0000] {taskmixin.py:205} WARNING - Dependency <Task(EmailOperator): send_email>, prepare_email already registered for DAG: example_dag_decorator
[2023-11-07T18:57:29.668+0000] {processor.py:766} INFO - DAG(s) dict_keys(['example_dag_decorator']) retrieved from /home/airflow/.local/lib/python3.7/site-packages/airflow/example_dags/example_dag_decorator.py
[2023-11-07T18:57:29.856+0000] {logging_mixin.py:120} INFO - [2023-11-07T18:57:29.856+0000] {dag.py:2585} INFO - Sync 1 DAGs
[2023-11-07T18:57:29.900+0000] {logging_mixin.py:120} INFO - [2023-11-07T18:57:29.900+0000] {dag.py:3340} INFO - Setting next_dagrun for example_dag_decorator to None, run_after=None
[2023-11-07T18:57:29.937+0000] {processor.py:176} INFO - Processing /home/airflow/.local/lib/python3.7/site-packages/airflow/example_dags/example_dag_decorator.py took 0.385 seconds
[2023-11-07T18:58:00.712+0000] {processor.py:154} INFO - Started process (PID=163) to work on /home/airflow/.local/lib/python3.7/site-packages/airflow/example_dags/example_dag_decorator.py
[2023-11-07T18:58:00.714+0000] {processor.py:756} INFO - Processing file /home/airflow/.local/lib/python3.7/site-packages/airflow/example_dags/example_dag_decorator.py for tasks to queue
[2023-11-07T18:58:00.715+0000] {logging_mixin.py:120} INFO - [2023-11-07T18:58:00.715+0000] {dagbag.py:537} INFO - Filling up the DagBag from /home/airflow/.local/lib/python3.7/site-packages/airflow/example_dags/example_dag_decorator.py
[2023-11-07T18:58:00.733+0000] {logging_mixin.py:120} INFO - [2023-11-07T18:58:00.733+0000] {taskmixin.py:205} WARNING - Dependency <Task(_PythonDecoratedOperator): prepare_email>, send_email already registered for DAG: example_dag_decorator
[2023-11-07T18:58:00.734+0000] {logging_mixin.py:120} INFO - [2023-11-07T18:58:00.734+0000] {taskmixin.py:205} WARNING - Dependency <Task(EmailOperator): send_email>, prepare_email already registered for DAG: example_dag_decorator
[2023-11-07T18:58:00.750+0000] {processor.py:766} INFO - DAG(s) dict_keys(['example_dag_decorator']) retrieved from /home/airflow/.local/lib/python3.7/site-packages/airflow/example_dags/example_dag_decorator.py
[2023-11-07T18:58:00.859+0000] {logging_mixin.py:120} INFO - [2023-11-07T18:58:00.859+0000] {dag.py:2585} INFO - Sync 1 DAGs
[2023-11-07T18:58:00.893+0000] {logging_mixin.py:120} INFO - [2023-11-07T18:58:00.893+0000] {dag.py:3340} INFO - Setting next_dagrun for example_dag_decorator to None, run_after=None
[2023-11-07T18:58:00.923+0000] {processor.py:176} INFO - Processing /home/airflow/.local/lib/python3.7/site-packages/airflow/example_dags/example_dag_decorator.py took 0.213 seconds
[2023-11-07T19:08:12.487+0000] {processor.py:154} INFO - Started process (PID=106) to work on /home/airflow/.local/lib/python3.7/site-packages/airflow/example_dags/example_dag_decorator.py
[2023-11-07T19:08:12.492+0000] {processor.py:756} INFO - Processing file /home/airflow/.local/lib/python3.7/site-packages/airflow/example_dags/example_dag_decorator.py for tasks to queue
[2023-11-07T19:08:12.503+0000] {logging_mixin.py:120} INFO - [2023-11-07T19:08:12.502+0000] {dagbag.py:537} INFO - Filling up the DagBag from /home/airflow/.local/lib/python3.7/site-packages/airflow/example_dags/example_dag_decorator.py
[2023-11-07T19:08:12.544+0000] {logging_mixin.py:120} INFO - [2023-11-07T19:08:12.543+0000] {taskmixin.py:205} WARNING - Dependency <Task(_PythonDecoratedOperator): prepare_email>, send_email already registered for DAG: example_dag_decorator
[2023-11-07T19:08:12.546+0000] {logging_mixin.py:120} INFO - [2023-11-07T19:08:12.546+0000] {taskmixin.py:205} WARNING - Dependency <Task(EmailOperator): send_email>, prepare_email already registered for DAG: example_dag_decorator
[2023-11-07T19:08:12.594+0000] {processor.py:766} INFO - DAG(s) dict_keys(['example_dag_decorator']) retrieved from /home/airflow/.local/lib/python3.7/site-packages/airflow/example_dags/example_dag_decorator.py
[2023-11-07T19:08:12.857+0000] {logging_mixin.py:120} INFO - [2023-11-07T19:08:12.857+0000] {dag.py:2585} INFO - Sync 1 DAGs
[2023-11-07T19:08:12.913+0000] {logging_mixin.py:120} INFO - [2023-11-07T19:08:12.912+0000] {dag.py:3340} INFO - Setting next_dagrun for example_dag_decorator to None, run_after=None
[2023-11-07T19:08:12.999+0000] {processor.py:176} INFO - Processing /home/airflow/.local/lib/python3.7/site-packages/airflow/example_dags/example_dag_decorator.py took 0.518 seconds
[2023-11-07T19:08:43.297+0000] {processor.py:154} INFO - Started process (PID=180) to work on /home/airflow/.local/lib/python3.7/site-packages/airflow/example_dags/example_dag_decorator.py
[2023-11-07T19:08:43.298+0000] {processor.py:756} INFO - Processing file /home/airflow/.local/lib/python3.7/site-packages/airflow/example_dags/example_dag_decorator.py for tasks to queue
[2023-11-07T19:08:43.300+0000] {logging_mixin.py:120} INFO - [2023-11-07T19:08:43.300+0000] {dagbag.py:537} INFO - Filling up the DagBag from /home/airflow/.local/lib/python3.7/site-packages/airflow/example_dags/example_dag_decorator.py
[2023-11-07T19:08:43.319+0000] {logging_mixin.py:120} INFO - [2023-11-07T19:08:43.319+0000] {taskmixin.py:205} WARNING - Dependency <Task(_PythonDecoratedOperator): prepare_email>, send_email already registered for DAG: example_dag_decorator
[2023-11-07T19:08:43.320+0000] {logging_mixin.py:120} INFO - [2023-11-07T19:08:43.320+0000] {taskmixin.py:205} WARNING - Dependency <Task(EmailOperator): send_email>, prepare_email already registered for DAG: example_dag_decorator
[2023-11-07T19:08:43.335+0000] {processor.py:766} INFO - DAG(s) dict_keys(['example_dag_decorator']) retrieved from /home/airflow/.local/lib/python3.7/site-packages/airflow/example_dags/example_dag_decorator.py
[2023-11-07T19:08:43.439+0000] {logging_mixin.py:120} INFO - [2023-11-07T19:08:43.439+0000] {dag.py:2585} INFO - Sync 1 DAGs
[2023-11-07T19:08:43.468+0000] {logging_mixin.py:120} INFO - [2023-11-07T19:08:43.468+0000] {dag.py:3340} INFO - Setting next_dagrun for example_dag_decorator to None, run_after=None
[2023-11-07T19:08:43.499+0000] {processor.py:176} INFO - Processing /home/airflow/.local/lib/python3.7/site-packages/airflow/example_dags/example_dag_decorator.py took 0.205 seconds
[2023-11-07T19:09:13.937+0000] {processor.py:154} INFO - Started process (PID=262) to work on /home/airflow/.local/lib/python3.7/site-packages/airflow/example_dags/example_dag_decorator.py
[2023-11-07T19:09:13.938+0000] {processor.py:756} INFO - Processing file /home/airflow/.local/lib/python3.7/site-packages/airflow/example_dags/example_dag_decorator.py for tasks to queue
[2023-11-07T19:09:13.939+0000] {logging_mixin.py:120} INFO - [2023-11-07T19:09:13.939+0000] {dagbag.py:537} INFO - Filling up the DagBag from /home/airflow/.local/lib/python3.7/site-packages/airflow/example_dags/example_dag_decorator.py
[2023-11-07T19:09:13.960+0000] {logging_mixin.py:120} INFO - [2023-11-07T19:09:13.959+0000] {taskmixin.py:205} WARNING - Dependency <Task(_PythonDecoratedOperator): prepare_email>, send_email already registered for DAG: example_dag_decorator
[2023-11-07T19:09:13.961+0000] {logging_mixin.py:120} INFO - [2023-11-07T19:09:13.960+0000] {taskmixin.py:205} WARNING - Dependency <Task(EmailOperator): send_email>, prepare_email already registered for DAG: example_dag_decorator
[2023-11-07T19:09:13.979+0000] {processor.py:766} INFO - DAG(s) dict_keys(['example_dag_decorator']) retrieved from /home/airflow/.local/lib/python3.7/site-packages/airflow/example_dags/example_dag_decorator.py
[2023-11-07T19:09:14.100+0000] {logging_mixin.py:120} INFO - [2023-11-07T19:09:14.100+0000] {dag.py:2585} INFO - Sync 1 DAGs
[2023-11-07T19:09:14.143+0000] {logging_mixin.py:120} INFO - [2023-11-07T19:09:14.143+0000] {dag.py:3340} INFO - Setting next_dagrun for example_dag_decorator to None, run_after=None
[2023-11-07T19:09:14.180+0000] {processor.py:176} INFO - Processing /home/airflow/.local/lib/python3.7/site-packages/airflow/example_dags/example_dag_decorator.py took 0.250 seconds
[2023-11-07T19:09:45.046+0000] {processor.py:154} INFO - Started process (PID=338) to work on /home/airflow/.local/lib/python3.7/site-packages/airflow/example_dags/example_dag_decorator.py
[2023-11-07T19:09:45.047+0000] {processor.py:756} INFO - Processing file /home/airflow/.local/lib/python3.7/site-packages/airflow/example_dags/example_dag_decorator.py for tasks to queue
[2023-11-07T19:09:45.049+0000] {logging_mixin.py:120} INFO - [2023-11-07T19:09:45.049+0000] {dagbag.py:537} INFO - Filling up the DagBag from /home/airflow/.local/lib/python3.7/site-packages/airflow/example_dags/example_dag_decorator.py
[2023-11-07T19:09:45.077+0000] {logging_mixin.py:120} INFO - [2023-11-07T19:09:45.077+0000] {taskmixin.py:205} WARNING - Dependency <Task(_PythonDecoratedOperator): prepare_email>, send_email already registered for DAG: example_dag_decorator
[2023-11-07T19:09:45.078+0000] {logging_mixin.py:120} INFO - [2023-11-07T19:09:45.078+0000] {taskmixin.py:205} WARNING - Dependency <Task(EmailOperator): send_email>, prepare_email already registered for DAG: example_dag_decorator
[2023-11-07T19:09:45.093+0000] {processor.py:766} INFO - DAG(s) dict_keys(['example_dag_decorator']) retrieved from /home/airflow/.local/lib/python3.7/site-packages/airflow/example_dags/example_dag_decorator.py
[2023-11-07T19:09:45.239+0000] {logging_mixin.py:120} INFO - [2023-11-07T19:09:45.239+0000] {dag.py:2585} INFO - Sync 1 DAGs
[2023-11-07T19:09:45.269+0000] {logging_mixin.py:120} INFO - [2023-11-07T19:09:45.269+0000] {dag.py:3340} INFO - Setting next_dagrun for example_dag_decorator to None, run_after=None
[2023-11-07T19:09:45.306+0000] {processor.py:176} INFO - Processing /home/airflow/.local/lib/python3.7/site-packages/airflow/example_dags/example_dag_decorator.py took 0.262 seconds
[2023-11-07T19:10:15.541+0000] {processor.py:154} INFO - Started process (PID=421) to work on /home/airflow/.local/lib/python3.7/site-packages/airflow/example_dags/example_dag_decorator.py
[2023-11-07T19:10:15.542+0000] {processor.py:756} INFO - Processing file /home/airflow/.local/lib/python3.7/site-packages/airflow/example_dags/example_dag_decorator.py for tasks to queue
[2023-11-07T19:10:15.544+0000] {logging_mixin.py:120} INFO - [2023-11-07T19:10:15.544+0000] {dagbag.py:537} INFO - Filling up the DagBag from /home/airflow/.local/lib/python3.7/site-packages/airflow/example_dags/example_dag_decorator.py
[2023-11-07T19:10:15.560+0000] {logging_mixin.py:120} INFO - [2023-11-07T19:10:15.560+0000] {taskmixin.py:205} WARNING - Dependency <Task(_PythonDecoratedOperator): prepare_email>, send_email already registered for DAG: example_dag_decorator
[2023-11-07T19:10:15.561+0000] {logging_mixin.py:120} INFO - [2023-11-07T19:10:15.561+0000] {taskmixin.py:205} WARNING - Dependency <Task(EmailOperator): send_email>, prepare_email already registered for DAG: example_dag_decorator
[2023-11-07T19:10:15.577+0000] {processor.py:766} INFO - DAG(s) dict_keys(['example_dag_decorator']) retrieved from /home/airflow/.local/lib/python3.7/site-packages/airflow/example_dags/example_dag_decorator.py
[2023-11-07T19:10:15.699+0000] {logging_mixin.py:120} INFO - [2023-11-07T19:10:15.699+0000] {dag.py:2585} INFO - Sync 1 DAGs
[2023-11-07T19:10:15.732+0000] {logging_mixin.py:120} INFO - [2023-11-07T19:10:15.732+0000] {dag.py:3340} INFO - Setting next_dagrun for example_dag_decorator to None, run_after=None
[2023-11-07T19:10:15.760+0000] {processor.py:176} INFO - Processing /home/airflow/.local/lib/python3.7/site-packages/airflow/example_dags/example_dag_decorator.py took 0.222 seconds
[2023-11-07T19:10:46.111+0000] {processor.py:154} INFO - Started process (PID=495) to work on /home/airflow/.local/lib/python3.7/site-packages/airflow/example_dags/example_dag_decorator.py
[2023-11-07T19:10:46.112+0000] {processor.py:756} INFO - Processing file /home/airflow/.local/lib/python3.7/site-packages/airflow/example_dags/example_dag_decorator.py for tasks to queue
[2023-11-07T19:10:46.114+0000] {logging_mixin.py:120} INFO - [2023-11-07T19:10:46.113+0000] {dagbag.py:537} INFO - Filling up the DagBag from /home/airflow/.local/lib/python3.7/site-packages/airflow/example_dags/example_dag_decorator.py
[2023-11-07T19:10:46.136+0000] {logging_mixin.py:120} INFO - [2023-11-07T19:10:46.136+0000] {taskmixin.py:205} WARNING - Dependency <Task(_PythonDecoratedOperator): prepare_email>, send_email already registered for DAG: example_dag_decorator
[2023-11-07T19:10:46.137+0000] {logging_mixin.py:120} INFO - [2023-11-07T19:10:46.137+0000] {taskmixin.py:205} WARNING - Dependency <Task(EmailOperator): send_email>, prepare_email already registered for DAG: example_dag_decorator
[2023-11-07T19:10:46.152+0000] {processor.py:766} INFO - DAG(s) dict_keys(['example_dag_decorator']) retrieved from /home/airflow/.local/lib/python3.7/site-packages/airflow/example_dags/example_dag_decorator.py
[2023-11-07T19:10:46.270+0000] {logging_mixin.py:120} INFO - [2023-11-07T19:10:46.270+0000] {dag.py:2585} INFO - Sync 1 DAGs
[2023-11-07T19:10:46.303+0000] {logging_mixin.py:120} INFO - [2023-11-07T19:10:46.302+0000] {dag.py:3340} INFO - Setting next_dagrun for example_dag_decorator to None, run_after=None
[2023-11-07T19:10:46.333+0000] {processor.py:176} INFO - Processing /home/airflow/.local/lib/python3.7/site-packages/airflow/example_dags/example_dag_decorator.py took 0.225 seconds
[2023-11-07T19:11:16.845+0000] {processor.py:154} INFO - Started process (PID=578) to work on /home/airflow/.local/lib/python3.7/site-packages/airflow/example_dags/example_dag_decorator.py
[2023-11-07T19:11:16.846+0000] {processor.py:756} INFO - Processing file /home/airflow/.local/lib/python3.7/site-packages/airflow/example_dags/example_dag_decorator.py for tasks to queue
[2023-11-07T19:11:16.848+0000] {logging_mixin.py:120} INFO - [2023-11-07T19:11:16.847+0000] {dagbag.py:537} INFO - Filling up the DagBag from /home/airflow/.local/lib/python3.7/site-packages/airflow/example_dags/example_dag_decorator.py
[2023-11-07T19:11:16.865+0000] {logging_mixin.py:120} INFO - [2023-11-07T19:11:16.865+0000] {taskmixin.py:205} WARNING - Dependency <Task(_PythonDecoratedOperator): prepare_email>, send_email already registered for DAG: example_dag_decorator
[2023-11-07T19:11:16.866+0000] {logging_mixin.py:120} INFO - [2023-11-07T19:11:16.866+0000] {taskmixin.py:205} WARNING - Dependency <Task(EmailOperator): send_email>, prepare_email already registered for DAG: example_dag_decorator
[2023-11-07T19:11:16.879+0000] {processor.py:766} INFO - DAG(s) dict_keys(['example_dag_decorator']) retrieved from /home/airflow/.local/lib/python3.7/site-packages/airflow/example_dags/example_dag_decorator.py
[2023-11-07T19:11:16.979+0000] {logging_mixin.py:120} INFO - [2023-11-07T19:11:16.979+0000] {dag.py:2585} INFO - Sync 1 DAGs
[2023-11-07T19:11:17.018+0000] {logging_mixin.py:120} INFO - [2023-11-07T19:11:17.018+0000] {dag.py:3340} INFO - Setting next_dagrun for example_dag_decorator to None, run_after=None
[2023-11-07T19:11:17.048+0000] {processor.py:176} INFO - Processing /home/airflow/.local/lib/python3.7/site-packages/airflow/example_dags/example_dag_decorator.py took 0.205 seconds
