[2023-11-07T18:57:24.663+0000] {processor.py:154} INFO - Started process (PID=63) to work on /home/airflow/.local/lib/python3.7/site-packages/airflow/example_dags/example_branch_datetime_operator.py
[2023-11-07T18:57:24.686+0000] {processor.py:756} INFO - Processing file /home/airflow/.local/lib/python3.7/site-packages/airflow/example_dags/example_branch_datetime_operator.py for tasks to queue
[2023-11-07T18:57:24.688+0000] {logging_mixin.py:120} INFO - [2023-11-07T18:57:24.688+0000] {dagbag.py:537} INFO - Filling up the DagBag from /home/airflow/.local/lib/python3.7/site-packages/airflow/example_dags/example_branch_datetime_operator.py
[2023-11-07T18:57:24.776+0000] {processor.py:766} INFO - DAG(s) dict_keys(['example_branch_datetime_operator_2', 'example_branch_datetime_operator_3', 'example_branch_datetime_operator']) retrieved from /home/airflow/.local/lib/python3.7/site-packages/airflow/example_dags/example_branch_datetime_operator.py
[2023-11-07T18:57:24.917+0000] {logging_mixin.py:120} INFO - [2023-11-07T18:57:24.917+0000] {dag.py:2585} INFO - Sync 3 DAGs
[2023-11-07T18:57:24.999+0000] {logging_mixin.py:120} INFO - [2023-11-07T18:57:24.998+0000] {dag.py:3340} INFO - Setting next_dagrun for example_branch_datetime_operator to 2023-11-06T00:00:00+00:00, run_after=2023-11-07T00:00:00+00:00
[2023-11-07T18:57:25.015+0000] {logging_mixin.py:120} INFO - [2023-11-07T18:57:25.015+0000] {dag.py:3340} INFO - Setting next_dagrun for example_branch_datetime_operator_2 to 2023-11-06T00:00:00+00:00, run_after=2023-11-07T00:00:00+00:00
[2023-11-07T18:57:25.022+0000] {logging_mixin.py:120} INFO - [2023-11-07T18:57:25.022+0000] {dag.py:3340} INFO - Setting next_dagrun for example_branch_datetime_operator_3 to 2023-11-06T00:00:00+00:00, run_after=2023-11-07T00:00:00+00:00
[2023-11-07T18:57:25.057+0000] {processor.py:176} INFO - Processing /home/airflow/.local/lib/python3.7/site-packages/airflow/example_dags/example_branch_datetime_operator.py took 0.398 seconds
[2023-11-07T18:57:55.151+0000] {processor.py:154} INFO - Started process (PID=144) to work on /home/airflow/.local/lib/python3.7/site-packages/airflow/example_dags/example_branch_datetime_operator.py
[2023-11-07T18:57:55.152+0000] {processor.py:756} INFO - Processing file /home/airflow/.local/lib/python3.7/site-packages/airflow/example_dags/example_branch_datetime_operator.py for tasks to queue
[2023-11-07T18:57:55.153+0000] {logging_mixin.py:120} INFO - [2023-11-07T18:57:55.153+0000] {dagbag.py:537} INFO - Filling up the DagBag from /home/airflow/.local/lib/python3.7/site-packages/airflow/example_dags/example_branch_datetime_operator.py
[2023-11-07T18:57:55.174+0000] {processor.py:766} INFO - DAG(s) dict_keys(['example_branch_datetime_operator', 'example_branch_datetime_operator_2', 'example_branch_datetime_operator_3']) retrieved from /home/airflow/.local/lib/python3.7/site-packages/airflow/example_dags/example_branch_datetime_operator.py
[2023-11-07T18:57:55.230+0000] {logging_mixin.py:120} INFO - [2023-11-07T18:57:55.230+0000] {dag.py:2585} INFO - Sync 3 DAGs
[2023-11-07T18:57:55.266+0000] {logging_mixin.py:120} INFO - [2023-11-07T18:57:55.266+0000] {dag.py:3340} INFO - Setting next_dagrun for example_branch_datetime_operator to 2023-11-06T00:00:00+00:00, run_after=2023-11-07T00:00:00+00:00
[2023-11-07T18:57:55.274+0000] {logging_mixin.py:120} INFO - [2023-11-07T18:57:55.274+0000] {dag.py:3340} INFO - Setting next_dagrun for example_branch_datetime_operator_2 to 2023-11-06T00:00:00+00:00, run_after=2023-11-07T00:00:00+00:00
[2023-11-07T18:57:55.278+0000] {logging_mixin.py:120} INFO - [2023-11-07T18:57:55.278+0000] {dag.py:3340} INFO - Setting next_dagrun for example_branch_datetime_operator_3 to 2023-11-06T00:00:00+00:00, run_after=2023-11-07T00:00:00+00:00
[2023-11-07T18:57:55.301+0000] {processor.py:176} INFO - Processing /home/airflow/.local/lib/python3.7/site-packages/airflow/example_dags/example_branch_datetime_operator.py took 0.152 seconds
[2023-11-07T19:08:07.131+0000] {processor.py:154} INFO - Started process (PID=79) to work on /home/airflow/.local/lib/python3.7/site-packages/airflow/example_dags/example_branch_datetime_operator.py
[2023-11-07T19:08:07.136+0000] {processor.py:756} INFO - Processing file /home/airflow/.local/lib/python3.7/site-packages/airflow/example_dags/example_branch_datetime_operator.py for tasks to queue
[2023-11-07T19:08:07.137+0000] {logging_mixin.py:120} INFO - [2023-11-07T19:08:07.137+0000] {dagbag.py:537} INFO - Filling up the DagBag from /home/airflow/.local/lib/python3.7/site-packages/airflow/example_dags/example_branch_datetime_operator.py
[2023-11-07T19:08:07.172+0000] {processor.py:766} INFO - DAG(s) dict_keys(['example_branch_datetime_operator_2', 'example_branch_datetime_operator', 'example_branch_datetime_operator_3']) retrieved from /home/airflow/.local/lib/python3.7/site-packages/airflow/example_dags/example_branch_datetime_operator.py
[2023-11-07T19:08:07.256+0000] {logging_mixin.py:120} INFO - [2023-11-07T19:08:07.256+0000] {dag.py:2585} INFO - Sync 3 DAGs
[2023-11-07T19:08:07.309+0000] {logging_mixin.py:120} INFO - [2023-11-07T19:08:07.308+0000] {dag.py:3340} INFO - Setting next_dagrun for example_branch_datetime_operator to 2023-11-06T00:00:00+00:00, run_after=2023-11-07T00:00:00+00:00
[2023-11-07T19:08:07.318+0000] {logging_mixin.py:120} INFO - [2023-11-07T19:08:07.318+0000] {dag.py:3340} INFO - Setting next_dagrun for example_branch_datetime_operator_2 to 2023-11-06T00:00:00+00:00, run_after=2023-11-07T00:00:00+00:00
[2023-11-07T19:08:07.325+0000] {logging_mixin.py:120} INFO - [2023-11-07T19:08:07.325+0000] {dag.py:3340} INFO - Setting next_dagrun for example_branch_datetime_operator_3 to 2023-11-06T00:00:00+00:00, run_after=2023-11-07T00:00:00+00:00
[2023-11-07T19:08:07.363+0000] {processor.py:176} INFO - Processing /home/airflow/.local/lib/python3.7/site-packages/airflow/example_dags/example_branch_datetime_operator.py took 0.236 seconds
[2023-11-07T19:08:38.191+0000] {processor.py:154} INFO - Started process (PID=162) to work on /home/airflow/.local/lib/python3.7/site-packages/airflow/example_dags/example_branch_datetime_operator.py
[2023-11-07T19:08:38.192+0000] {processor.py:756} INFO - Processing file /home/airflow/.local/lib/python3.7/site-packages/airflow/example_dags/example_branch_datetime_operator.py for tasks to queue
[2023-11-07T19:08:38.194+0000] {logging_mixin.py:120} INFO - [2023-11-07T19:08:38.194+0000] {dagbag.py:537} INFO - Filling up the DagBag from /home/airflow/.local/lib/python3.7/site-packages/airflow/example_dags/example_branch_datetime_operator.py
[2023-11-07T19:08:38.222+0000] {processor.py:766} INFO - DAG(s) dict_keys(['example_branch_datetime_operator', 'example_branch_datetime_operator_2', 'example_branch_datetime_operator_3']) retrieved from /home/airflow/.local/lib/python3.7/site-packages/airflow/example_dags/example_branch_datetime_operator.py
[2023-11-07T19:08:38.307+0000] {logging_mixin.py:120} INFO - [2023-11-07T19:08:38.307+0000] {dag.py:2585} INFO - Sync 3 DAGs
[2023-11-07T19:08:38.357+0000] {logging_mixin.py:120} INFO - [2023-11-07T19:08:38.357+0000] {dag.py:3340} INFO - Setting next_dagrun for example_branch_datetime_operator to 2023-11-06T00:00:00+00:00, run_after=2023-11-07T00:00:00+00:00
[2023-11-07T19:08:38.366+0000] {logging_mixin.py:120} INFO - [2023-11-07T19:08:38.366+0000] {dag.py:3340} INFO - Setting next_dagrun for example_branch_datetime_operator_2 to 2023-11-06T00:00:00+00:00, run_after=2023-11-07T00:00:00+00:00
[2023-11-07T19:08:38.372+0000] {logging_mixin.py:120} INFO - [2023-11-07T19:08:38.371+0000] {dag.py:3340} INFO - Setting next_dagrun for example_branch_datetime_operator_3 to 2023-11-06T00:00:00+00:00, run_after=2023-11-07T00:00:00+00:00
[2023-11-07T19:08:38.407+0000] {processor.py:176} INFO - Processing /home/airflow/.local/lib/python3.7/site-packages/airflow/example_dags/example_branch_datetime_operator.py took 0.219 seconds
[2023-11-07T19:09:08.718+0000] {processor.py:154} INFO - Started process (PID=236) to work on /home/airflow/.local/lib/python3.7/site-packages/airflow/example_dags/example_branch_datetime_operator.py
[2023-11-07T19:09:08.719+0000] {processor.py:756} INFO - Processing file /home/airflow/.local/lib/python3.7/site-packages/airflow/example_dags/example_branch_datetime_operator.py for tasks to queue
[2023-11-07T19:09:08.721+0000] {logging_mixin.py:120} INFO - [2023-11-07T19:09:08.720+0000] {dagbag.py:537} INFO - Filling up the DagBag from /home/airflow/.local/lib/python3.7/site-packages/airflow/example_dags/example_branch_datetime_operator.py
[2023-11-07T19:09:08.743+0000] {processor.py:766} INFO - DAG(s) dict_keys(['example_branch_datetime_operator', 'example_branch_datetime_operator_2', 'example_branch_datetime_operator_3']) retrieved from /home/airflow/.local/lib/python3.7/site-packages/airflow/example_dags/example_branch_datetime_operator.py
[2023-11-07T19:09:08.811+0000] {logging_mixin.py:120} INFO - [2023-11-07T19:09:08.811+0000] {dag.py:2585} INFO - Sync 3 DAGs
[2023-11-07T19:09:08.853+0000] {logging_mixin.py:120} INFO - [2023-11-07T19:09:08.853+0000] {dag.py:3340} INFO - Setting next_dagrun for example_branch_datetime_operator to 2023-11-06T00:00:00+00:00, run_after=2023-11-07T00:00:00+00:00
[2023-11-07T19:09:08.861+0000] {logging_mixin.py:120} INFO - [2023-11-07T19:09:08.860+0000] {dag.py:3340} INFO - Setting next_dagrun for example_branch_datetime_operator_2 to 2023-11-06T00:00:00+00:00, run_after=2023-11-07T00:00:00+00:00
[2023-11-07T19:09:08.865+0000] {logging_mixin.py:120} INFO - [2023-11-07T19:09:08.865+0000] {dag.py:3340} INFO - Setting next_dagrun for example_branch_datetime_operator_3 to 2023-11-06T00:00:00+00:00, run_after=2023-11-07T00:00:00+00:00
[2023-11-07T19:09:08.895+0000] {processor.py:176} INFO - Processing /home/airflow/.local/lib/python3.7/site-packages/airflow/example_dags/example_branch_datetime_operator.py took 0.180 seconds
[2023-11-07T19:09:39.518+0000] {processor.py:154} INFO - Started process (PID=319) to work on /home/airflow/.local/lib/python3.7/site-packages/airflow/example_dags/example_branch_datetime_operator.py
[2023-11-07T19:09:39.520+0000] {processor.py:756} INFO - Processing file /home/airflow/.local/lib/python3.7/site-packages/airflow/example_dags/example_branch_datetime_operator.py for tasks to queue
[2023-11-07T19:09:39.521+0000] {logging_mixin.py:120} INFO - [2023-11-07T19:09:39.521+0000] {dagbag.py:537} INFO - Filling up the DagBag from /home/airflow/.local/lib/python3.7/site-packages/airflow/example_dags/example_branch_datetime_operator.py
[2023-11-07T19:09:39.540+0000] {processor.py:766} INFO - DAG(s) dict_keys(['example_branch_datetime_operator', 'example_branch_datetime_operator_2', 'example_branch_datetime_operator_3']) retrieved from /home/airflow/.local/lib/python3.7/site-packages/airflow/example_dags/example_branch_datetime_operator.py
[2023-11-07T19:09:39.596+0000] {logging_mixin.py:120} INFO - [2023-11-07T19:09:39.595+0000] {dag.py:2585} INFO - Sync 3 DAGs
[2023-11-07T19:09:39.628+0000] {logging_mixin.py:120} INFO - [2023-11-07T19:09:39.628+0000] {dag.py:3340} INFO - Setting next_dagrun for example_branch_datetime_operator to 2023-11-06T00:00:00+00:00, run_after=2023-11-07T00:00:00+00:00
[2023-11-07T19:09:39.635+0000] {logging_mixin.py:120} INFO - [2023-11-07T19:09:39.635+0000] {dag.py:3340} INFO - Setting next_dagrun for example_branch_datetime_operator_2 to 2023-11-06T00:00:00+00:00, run_after=2023-11-07T00:00:00+00:00
[2023-11-07T19:09:39.640+0000] {logging_mixin.py:120} INFO - [2023-11-07T19:09:39.639+0000] {dag.py:3340} INFO - Setting next_dagrun for example_branch_datetime_operator_3 to 2023-11-06T00:00:00+00:00, run_after=2023-11-07T00:00:00+00:00
[2023-11-07T19:09:39.665+0000] {processor.py:176} INFO - Processing /home/airflow/.local/lib/python3.7/site-packages/airflow/example_dags/example_branch_datetime_operator.py took 0.149 seconds
[2023-11-07T19:10:10.532+0000] {processor.py:154} INFO - Started process (PID=393) to work on /home/airflow/.local/lib/python3.7/site-packages/airflow/example_dags/example_branch_datetime_operator.py
[2023-11-07T19:10:10.533+0000] {processor.py:756} INFO - Processing file /home/airflow/.local/lib/python3.7/site-packages/airflow/example_dags/example_branch_datetime_operator.py for tasks to queue
[2023-11-07T19:10:10.534+0000] {logging_mixin.py:120} INFO - [2023-11-07T19:10:10.534+0000] {dagbag.py:537} INFO - Filling up the DagBag from /home/airflow/.local/lib/python3.7/site-packages/airflow/example_dags/example_branch_datetime_operator.py
[2023-11-07T19:10:10.555+0000] {processor.py:766} INFO - DAG(s) dict_keys(['example_branch_datetime_operator_3', 'example_branch_datetime_operator', 'example_branch_datetime_operator_2']) retrieved from /home/airflow/.local/lib/python3.7/site-packages/airflow/example_dags/example_branch_datetime_operator.py
[2023-11-07T19:10:10.629+0000] {logging_mixin.py:120} INFO - [2023-11-07T19:10:10.629+0000] {dag.py:2585} INFO - Sync 3 DAGs
[2023-11-07T19:10:10.665+0000] {logging_mixin.py:120} INFO - [2023-11-07T19:10:10.665+0000] {dag.py:3340} INFO - Setting next_dagrun for example_branch_datetime_operator to 2023-11-06T00:00:00+00:00, run_after=2023-11-07T00:00:00+00:00
[2023-11-07T19:10:10.673+0000] {logging_mixin.py:120} INFO - [2023-11-07T19:10:10.672+0000] {dag.py:3340} INFO - Setting next_dagrun for example_branch_datetime_operator_2 to 2023-11-06T00:00:00+00:00, run_after=2023-11-07T00:00:00+00:00
[2023-11-07T19:10:10.677+0000] {logging_mixin.py:120} INFO - [2023-11-07T19:10:10.677+0000] {dag.py:3340} INFO - Setting next_dagrun for example_branch_datetime_operator_3 to 2023-11-06T00:00:00+00:00, run_after=2023-11-07T00:00:00+00:00
[2023-11-07T19:10:10.703+0000] {processor.py:176} INFO - Processing /home/airflow/.local/lib/python3.7/site-packages/airflow/example_dags/example_branch_datetime_operator.py took 0.174 seconds
[2023-11-07T19:10:41.733+0000] {processor.py:154} INFO - Started process (PID=477) to work on /home/airflow/.local/lib/python3.7/site-packages/airflow/example_dags/example_branch_datetime_operator.py
[2023-11-07T19:10:41.734+0000] {processor.py:756} INFO - Processing file /home/airflow/.local/lib/python3.7/site-packages/airflow/example_dags/example_branch_datetime_operator.py for tasks to queue
[2023-11-07T19:10:41.735+0000] {logging_mixin.py:120} INFO - [2023-11-07T19:10:41.735+0000] {dagbag.py:537} INFO - Filling up the DagBag from /home/airflow/.local/lib/python3.7/site-packages/airflow/example_dags/example_branch_datetime_operator.py
[2023-11-07T19:10:41.756+0000] {processor.py:766} INFO - DAG(s) dict_keys(['example_branch_datetime_operator_3', 'example_branch_datetime_operator', 'example_branch_datetime_operator_2']) retrieved from /home/airflow/.local/lib/python3.7/site-packages/airflow/example_dags/example_branch_datetime_operator.py
[2023-11-07T19:10:41.811+0000] {logging_mixin.py:120} INFO - [2023-11-07T19:10:41.810+0000] {dag.py:2585} INFO - Sync 3 DAGs
[2023-11-07T19:10:41.847+0000] {logging_mixin.py:120} INFO - [2023-11-07T19:10:41.847+0000] {dag.py:3340} INFO - Setting next_dagrun for example_branch_datetime_operator to 2023-11-06T00:00:00+00:00, run_after=2023-11-07T00:00:00+00:00
[2023-11-07T19:10:41.854+0000] {logging_mixin.py:120} INFO - [2023-11-07T19:10:41.854+0000] {dag.py:3340} INFO - Setting next_dagrun for example_branch_datetime_operator_2 to 2023-11-06T00:00:00+00:00, run_after=2023-11-07T00:00:00+00:00
[2023-11-07T19:10:41.858+0000] {logging_mixin.py:120} INFO - [2023-11-07T19:10:41.858+0000] {dag.py:3340} INFO - Setting next_dagrun for example_branch_datetime_operator_3 to 2023-11-06T00:00:00+00:00, run_after=2023-11-07T00:00:00+00:00
[2023-11-07T19:10:41.886+0000] {processor.py:176} INFO - Processing /home/airflow/.local/lib/python3.7/site-packages/airflow/example_dags/example_branch_datetime_operator.py took 0.156 seconds
[2023-11-07T19:11:13.306+0000] {processor.py:154} INFO - Started process (PID=560) to work on /home/airflow/.local/lib/python3.7/site-packages/airflow/example_dags/example_branch_datetime_operator.py
[2023-11-07T19:11:13.308+0000] {processor.py:756} INFO - Processing file /home/airflow/.local/lib/python3.7/site-packages/airflow/example_dags/example_branch_datetime_operator.py for tasks to queue
[2023-11-07T19:11:13.310+0000] {logging_mixin.py:120} INFO - [2023-11-07T19:11:13.310+0000] {dagbag.py:537} INFO - Filling up the DagBag from /home/airflow/.local/lib/python3.7/site-packages/airflow/example_dags/example_branch_datetime_operator.py
[2023-11-07T19:11:13.330+0000] {processor.py:766} INFO - DAG(s) dict_keys(['example_branch_datetime_operator', 'example_branch_datetime_operator_3', 'example_branch_datetime_operator_2']) retrieved from /home/airflow/.local/lib/python3.7/site-packages/airflow/example_dags/example_branch_datetime_operator.py
[2023-11-07T19:11:13.388+0000] {logging_mixin.py:120} INFO - [2023-11-07T19:11:13.388+0000] {dag.py:2585} INFO - Sync 3 DAGs
[2023-11-07T19:11:13.428+0000] {logging_mixin.py:120} INFO - [2023-11-07T19:11:13.428+0000] {dag.py:3340} INFO - Setting next_dagrun for example_branch_datetime_operator to 2023-11-06T00:00:00+00:00, run_after=2023-11-07T00:00:00+00:00
[2023-11-07T19:11:13.435+0000] {logging_mixin.py:120} INFO - [2023-11-07T19:11:13.435+0000] {dag.py:3340} INFO - Setting next_dagrun for example_branch_datetime_operator_2 to 2023-11-06T00:00:00+00:00, run_after=2023-11-07T00:00:00+00:00
[2023-11-07T19:11:13.439+0000] {logging_mixin.py:120} INFO - [2023-11-07T19:11:13.439+0000] {dag.py:3340} INFO - Setting next_dagrun for example_branch_datetime_operator_3 to 2023-11-06T00:00:00+00:00, run_after=2023-11-07T00:00:00+00:00
[2023-11-07T19:11:13.487+0000] {processor.py:176} INFO - Processing /home/airflow/.local/lib/python3.7/site-packages/airflow/example_dags/example_branch_datetime_operator.py took 0.183 seconds
