[2023-11-07T18:57:23.189+0000] {processor.py:154} INFO - Started process (PID=58) to work on /home/airflow/.local/lib/python3.7/site-packages/airflow/example_dags/example_external_task_marker_dag.py
[2023-11-07T18:57:23.195+0000] {processor.py:756} INFO - Processing file /home/airflow/.local/lib/python3.7/site-packages/airflow/example_dags/example_external_task_marker_dag.py for tasks to queue
[2023-11-07T18:57:23.197+0000] {logging_mixin.py:120} INFO - [2023-11-07T18:57:23.196+0000] {dagbag.py:537} INFO - Filling up the DagBag from /home/airflow/.local/lib/python3.7/site-packages/airflow/example_dags/example_external_task_marker_dag.py
[2023-11-07T18:57:23.235+0000] {processor.py:766} INFO - DAG(s) dict_keys(['example_external_task_marker_parent', 'example_external_task_marker_child']) retrieved from /home/airflow/.local/lib/python3.7/site-packages/airflow/example_dags/example_external_task_marker_dag.py
[2023-11-07T18:57:25.108+0000] {logging_mixin.py:120} INFO - [2023-11-07T18:57:25.107+0000] {dag.py:2585} INFO - Sync 2 DAGs
[2023-11-07T18:57:25.162+0000] {logging_mixin.py:120} INFO - [2023-11-07T18:57:25.162+0000] {dag.py:3340} INFO - Setting next_dagrun for example_external_task_marker_child to None, run_after=None
[2023-11-07T18:57:25.170+0000] {logging_mixin.py:120} INFO - [2023-11-07T18:57:25.170+0000] {dag.py:3340} INFO - Setting next_dagrun for example_external_task_marker_parent to None, run_after=None
[2023-11-07T18:57:25.220+0000] {processor.py:176} INFO - Processing /home/airflow/.local/lib/python3.7/site-packages/airflow/example_dags/example_external_task_marker_dag.py took 2.034 seconds
[2023-11-07T18:57:55.375+0000] {processor.py:154} INFO - Started process (PID=145) to work on /home/airflow/.local/lib/python3.7/site-packages/airflow/example_dags/example_external_task_marker_dag.py
[2023-11-07T18:57:55.377+0000] {processor.py:756} INFO - Processing file /home/airflow/.local/lib/python3.7/site-packages/airflow/example_dags/example_external_task_marker_dag.py for tasks to queue
[2023-11-07T18:57:55.378+0000] {logging_mixin.py:120} INFO - [2023-11-07T18:57:55.378+0000] {dagbag.py:537} INFO - Filling up the DagBag from /home/airflow/.local/lib/python3.7/site-packages/airflow/example_dags/example_external_task_marker_dag.py
[2023-11-07T18:57:55.391+0000] {processor.py:766} INFO - DAG(s) dict_keys(['example_external_task_marker_parent', 'example_external_task_marker_child']) retrieved from /home/airflow/.local/lib/python3.7/site-packages/airflow/example_dags/example_external_task_marker_dag.py
[2023-11-07T18:57:56.116+0000] {logging_mixin.py:120} INFO - [2023-11-07T18:57:56.115+0000] {dag.py:2585} INFO - Sync 2 DAGs
[2023-11-07T18:57:56.161+0000] {logging_mixin.py:120} INFO - [2023-11-07T18:57:56.160+0000] {dag.py:3340} INFO - Setting next_dagrun for example_external_task_marker_child to None, run_after=None
[2023-11-07T18:57:56.166+0000] {logging_mixin.py:120} INFO - [2023-11-07T18:57:56.165+0000] {dag.py:3340} INFO - Setting next_dagrun for example_external_task_marker_parent to None, run_after=None
[2023-11-07T18:57:56.192+0000] {processor.py:176} INFO - Processing /home/airflow/.local/lib/python3.7/site-packages/airflow/example_dags/example_external_task_marker_dag.py took 0.820 seconds
[2023-11-07T19:08:05.817+0000] {processor.py:154} INFO - Started process (PID=74) to work on /home/airflow/.local/lib/python3.7/site-packages/airflow/example_dags/example_external_task_marker_dag.py
[2023-11-07T19:08:05.822+0000] {processor.py:756} INFO - Processing file /home/airflow/.local/lib/python3.7/site-packages/airflow/example_dags/example_external_task_marker_dag.py for tasks to queue
[2023-11-07T19:08:05.824+0000] {logging_mixin.py:120} INFO - [2023-11-07T19:08:05.823+0000] {dagbag.py:537} INFO - Filling up the DagBag from /home/airflow/.local/lib/python3.7/site-packages/airflow/example_dags/example_external_task_marker_dag.py
[2023-11-07T19:08:05.873+0000] {processor.py:766} INFO - DAG(s) dict_keys(['example_external_task_marker_parent', 'example_external_task_marker_child']) retrieved from /home/airflow/.local/lib/python3.7/site-packages/airflow/example_dags/example_external_task_marker_dag.py
[2023-11-07T19:08:07.246+0000] {logging_mixin.py:120} INFO - [2023-11-07T19:08:07.245+0000] {dag.py:2585} INFO - Sync 2 DAGs
[2023-11-07T19:08:07.292+0000] {logging_mixin.py:120} INFO - [2023-11-07T19:08:07.291+0000] {dag.py:3340} INFO - Setting next_dagrun for example_external_task_marker_child to None, run_after=None
[2023-11-07T19:08:07.300+0000] {logging_mixin.py:120} INFO - [2023-11-07T19:08:07.300+0000] {dag.py:3340} INFO - Setting next_dagrun for example_external_task_marker_parent to None, run_after=None
[2023-11-07T19:08:07.343+0000] {processor.py:176} INFO - Processing /home/airflow/.local/lib/python3.7/site-packages/airflow/example_dags/example_external_task_marker_dag.py took 1.532 seconds
[2023-11-07T19:08:37.463+0000] {processor.py:154} INFO - Started process (PID=160) to work on /home/airflow/.local/lib/python3.7/site-packages/airflow/example_dags/example_external_task_marker_dag.py
[2023-11-07T19:08:37.464+0000] {processor.py:756} INFO - Processing file /home/airflow/.local/lib/python3.7/site-packages/airflow/example_dags/example_external_task_marker_dag.py for tasks to queue
[2023-11-07T19:08:37.465+0000] {logging_mixin.py:120} INFO - [2023-11-07T19:08:37.465+0000] {dagbag.py:537} INFO - Filling up the DagBag from /home/airflow/.local/lib/python3.7/site-packages/airflow/example_dags/example_external_task_marker_dag.py
[2023-11-07T19:08:37.482+0000] {processor.py:766} INFO - DAG(s) dict_keys(['example_external_task_marker_parent', 'example_external_task_marker_child']) retrieved from /home/airflow/.local/lib/python3.7/site-packages/airflow/example_dags/example_external_task_marker_dag.py
[2023-11-07T19:08:38.320+0000] {logging_mixin.py:120} INFO - [2023-11-07T19:08:38.318+0000] {dag.py:2585} INFO - Sync 2 DAGs
[2023-11-07T19:08:38.360+0000] {logging_mixin.py:120} INFO - [2023-11-07T19:08:38.359+0000] {dag.py:3340} INFO - Setting next_dagrun for example_external_task_marker_child to None, run_after=None
[2023-11-07T19:08:38.366+0000] {logging_mixin.py:120} INFO - [2023-11-07T19:08:38.366+0000] {dag.py:3340} INFO - Setting next_dagrun for example_external_task_marker_parent to None, run_after=None
[2023-11-07T19:08:38.402+0000] {processor.py:176} INFO - Processing /home/airflow/.local/lib/python3.7/site-packages/airflow/example_dags/example_external_task_marker_dag.py took 0.942 seconds
[2023-11-07T19:09:08.716+0000] {processor.py:154} INFO - Started process (PID=235) to work on /home/airflow/.local/lib/python3.7/site-packages/airflow/example_dags/example_external_task_marker_dag.py
[2023-11-07T19:09:08.718+0000] {processor.py:756} INFO - Processing file /home/airflow/.local/lib/python3.7/site-packages/airflow/example_dags/example_external_task_marker_dag.py for tasks to queue
[2023-11-07T19:09:08.719+0000] {logging_mixin.py:120} INFO - [2023-11-07T19:09:08.719+0000] {dagbag.py:537} INFO - Filling up the DagBag from /home/airflow/.local/lib/python3.7/site-packages/airflow/example_dags/example_external_task_marker_dag.py
[2023-11-07T19:09:08.737+0000] {processor.py:766} INFO - DAG(s) dict_keys(['example_external_task_marker_child', 'example_external_task_marker_parent']) retrieved from /home/airflow/.local/lib/python3.7/site-packages/airflow/example_dags/example_external_task_marker_dag.py
[2023-11-07T19:09:09.564+0000] {logging_mixin.py:120} INFO - [2023-11-07T19:09:09.563+0000] {dag.py:2585} INFO - Sync 2 DAGs
[2023-11-07T19:09:09.602+0000] {logging_mixin.py:120} INFO - [2023-11-07T19:09:09.602+0000] {dag.py:3340} INFO - Setting next_dagrun for example_external_task_marker_child to None, run_after=None
[2023-11-07T19:09:09.607+0000] {logging_mixin.py:120} INFO - [2023-11-07T19:09:09.607+0000] {dag.py:3340} INFO - Setting next_dagrun for example_external_task_marker_parent to None, run_after=None
[2023-11-07T19:09:09.632+0000] {processor.py:176} INFO - Processing /home/airflow/.local/lib/python3.7/site-packages/airflow/example_dags/example_external_task_marker_dag.py took 0.920 seconds
[2023-11-07T19:09:39.889+0000] {processor.py:154} INFO - Started process (PID=323) to work on /home/airflow/.local/lib/python3.7/site-packages/airflow/example_dags/example_external_task_marker_dag.py
[2023-11-07T19:09:39.890+0000] {processor.py:756} INFO - Processing file /home/airflow/.local/lib/python3.7/site-packages/airflow/example_dags/example_external_task_marker_dag.py for tasks to queue
[2023-11-07T19:09:39.891+0000] {logging_mixin.py:120} INFO - [2023-11-07T19:09:39.891+0000] {dagbag.py:537} INFO - Filling up the DagBag from /home/airflow/.local/lib/python3.7/site-packages/airflow/example_dags/example_external_task_marker_dag.py
[2023-11-07T19:09:39.905+0000] {processor.py:766} INFO - DAG(s) dict_keys(['example_external_task_marker_parent', 'example_external_task_marker_child']) retrieved from /home/airflow/.local/lib/python3.7/site-packages/airflow/example_dags/example_external_task_marker_dag.py
[2023-11-07T19:09:40.681+0000] {logging_mixin.py:120} INFO - [2023-11-07T19:09:40.681+0000] {dag.py:2585} INFO - Sync 2 DAGs
[2023-11-07T19:09:40.715+0000] {logging_mixin.py:120} INFO - [2023-11-07T19:09:40.715+0000] {dag.py:3340} INFO - Setting next_dagrun for example_external_task_marker_child to None, run_after=None
[2023-11-07T19:09:40.722+0000] {logging_mixin.py:120} INFO - [2023-11-07T19:09:40.720+0000] {dag.py:3340} INFO - Setting next_dagrun for example_external_task_marker_parent to None, run_after=None
[2023-11-07T19:09:40.747+0000] {processor.py:176} INFO - Processing /home/airflow/.local/lib/python3.7/site-packages/airflow/example_dags/example_external_task_marker_dag.py took 0.861 seconds
[2023-11-07T19:10:11.001+0000] {processor.py:154} INFO - Started process (PID=407) to work on /home/airflow/.local/lib/python3.7/site-packages/airflow/example_dags/example_external_task_marker_dag.py
[2023-11-07T19:10:11.003+0000] {processor.py:756} INFO - Processing file /home/airflow/.local/lib/python3.7/site-packages/airflow/example_dags/example_external_task_marker_dag.py for tasks to queue
[2023-11-07T19:10:11.005+0000] {logging_mixin.py:120} INFO - [2023-11-07T19:10:11.004+0000] {dagbag.py:537} INFO - Filling up the DagBag from /home/airflow/.local/lib/python3.7/site-packages/airflow/example_dags/example_external_task_marker_dag.py
[2023-11-07T19:10:11.026+0000] {processor.py:766} INFO - DAG(s) dict_keys(['example_external_task_marker_parent', 'example_external_task_marker_child']) retrieved from /home/airflow/.local/lib/python3.7/site-packages/airflow/example_dags/example_external_task_marker_dag.py
[2023-11-07T19:10:12.368+0000] {logging_mixin.py:120} INFO - [2023-11-07T19:10:12.368+0000] {dag.py:2585} INFO - Sync 2 DAGs
[2023-11-07T19:10:12.402+0000] {logging_mixin.py:120} INFO - [2023-11-07T19:10:12.402+0000] {dag.py:3340} INFO - Setting next_dagrun for example_external_task_marker_child to None, run_after=None
[2023-11-07T19:10:12.408+0000] {logging_mixin.py:120} INFO - [2023-11-07T19:10:12.407+0000] {dag.py:3340} INFO - Setting next_dagrun for example_external_task_marker_parent to None, run_after=None
[2023-11-07T19:10:12.447+0000] {processor.py:176} INFO - Processing /home/airflow/.local/lib/python3.7/site-packages/airflow/example_dags/example_external_task_marker_dag.py took 1.449 seconds
[2023-11-07T19:10:42.572+0000] {processor.py:154} INFO - Started process (PID=484) to work on /home/airflow/.local/lib/python3.7/site-packages/airflow/example_dags/example_external_task_marker_dag.py
[2023-11-07T19:10:42.573+0000] {processor.py:756} INFO - Processing file /home/airflow/.local/lib/python3.7/site-packages/airflow/example_dags/example_external_task_marker_dag.py for tasks to queue
[2023-11-07T19:10:42.575+0000] {logging_mixin.py:120} INFO - [2023-11-07T19:10:42.574+0000] {dagbag.py:537} INFO - Filling up the DagBag from /home/airflow/.local/lib/python3.7/site-packages/airflow/example_dags/example_external_task_marker_dag.py
[2023-11-07T19:10:42.592+0000] {processor.py:766} INFO - DAG(s) dict_keys(['example_external_task_marker_parent', 'example_external_task_marker_child']) retrieved from /home/airflow/.local/lib/python3.7/site-packages/airflow/example_dags/example_external_task_marker_dag.py
[2023-11-07T19:10:43.544+0000] {logging_mixin.py:120} INFO - [2023-11-07T19:10:43.543+0000] {dag.py:2585} INFO - Sync 2 DAGs
[2023-11-07T19:10:43.579+0000] {logging_mixin.py:120} INFO - [2023-11-07T19:10:43.579+0000] {dag.py:3340} INFO - Setting next_dagrun for example_external_task_marker_child to None, run_after=None
[2023-11-07T19:10:43.585+0000] {logging_mixin.py:120} INFO - [2023-11-07T19:10:43.585+0000] {dag.py:3340} INFO - Setting next_dagrun for example_external_task_marker_parent to None, run_after=None
[2023-11-07T19:10:43.612+0000] {processor.py:176} INFO - Processing /home/airflow/.local/lib/python3.7/site-packages/airflow/example_dags/example_external_task_marker_dag.py took 1.043 seconds
[2023-11-07T19:11:14.066+0000] {processor.py:154} INFO - Started process (PID=566) to work on /home/airflow/.local/lib/python3.7/site-packages/airflow/example_dags/example_external_task_marker_dag.py
[2023-11-07T19:11:14.067+0000] {processor.py:756} INFO - Processing file /home/airflow/.local/lib/python3.7/site-packages/airflow/example_dags/example_external_task_marker_dag.py for tasks to queue
[2023-11-07T19:11:14.069+0000] {logging_mixin.py:120} INFO - [2023-11-07T19:11:14.069+0000] {dagbag.py:537} INFO - Filling up the DagBag from /home/airflow/.local/lib/python3.7/site-packages/airflow/example_dags/example_external_task_marker_dag.py
[2023-11-07T19:11:14.089+0000] {processor.py:766} INFO - DAG(s) dict_keys(['example_external_task_marker_parent', 'example_external_task_marker_child']) retrieved from /home/airflow/.local/lib/python3.7/site-packages/airflow/example_dags/example_external_task_marker_dag.py
[2023-11-07T19:11:15.103+0000] {logging_mixin.py:120} INFO - [2023-11-07T19:11:15.102+0000] {dag.py:2585} INFO - Sync 2 DAGs
[2023-11-07T19:11:15.140+0000] {logging_mixin.py:120} INFO - [2023-11-07T19:11:15.140+0000] {dag.py:3340} INFO - Setting next_dagrun for example_external_task_marker_child to None, run_after=None
[2023-11-07T19:11:15.147+0000] {logging_mixin.py:120} INFO - [2023-11-07T19:11:15.147+0000] {dag.py:3340} INFO - Setting next_dagrun for example_external_task_marker_parent to None, run_after=None
[2023-11-07T19:11:15.190+0000] {processor.py:176} INFO - Processing /home/airflow/.local/lib/python3.7/site-packages/airflow/example_dags/example_external_task_marker_dag.py took 1.129 seconds
