[2023-11-07T18:57:31.772+0000] {processor.py:154} INFO - Started process (PID=99) to work on /home/airflow/.local/lib/python3.7/site-packages/airflow/example_dags/example_short_circuit_decorator.py
[2023-11-07T18:57:31.781+0000] {processor.py:756} INFO - Processing file /home/airflow/.local/lib/python3.7/site-packages/airflow/example_dags/example_short_circuit_decorator.py for tasks to queue
[2023-11-07T18:57:31.782+0000] {logging_mixin.py:120} INFO - [2023-11-07T18:57:31.782+0000] {dagbag.py:537} INFO - Filling up the DagBag from /home/airflow/.local/lib/python3.7/site-packages/airflow/example_dags/example_short_circuit_decorator.py
[2023-11-07T18:57:31.838+0000] {processor.py:766} INFO - DAG(s) dict_keys(['example_short_circuit_decorator']) retrieved from /home/airflow/.local/lib/python3.7/site-packages/airflow/example_dags/example_short_circuit_decorator.py
[2023-11-07T18:57:31.936+0000] {logging_mixin.py:120} INFO - [2023-11-07T18:57:31.935+0000] {dag.py:2585} INFO - Sync 1 DAGs
[2023-11-07T18:57:32.015+0000] {logging_mixin.py:120} INFO - [2023-11-07T18:57:32.015+0000] {dag.py:3340} INFO - Setting next_dagrun for example_short_circuit_decorator to 2023-11-06T18:57:32.015484+00:00, run_after=2023-11-07T18:57:32.015484+00:00
[2023-11-07T18:57:32.078+0000] {processor.py:176} INFO - Processing /home/airflow/.local/lib/python3.7/site-packages/airflow/example_dags/example_short_circuit_decorator.py took 0.309 seconds
[2023-11-07T18:58:02.316+0000] {processor.py:154} INFO - Started process (PID=173) to work on /home/airflow/.local/lib/python3.7/site-packages/airflow/example_dags/example_short_circuit_decorator.py
[2023-11-07T18:58:02.317+0000] {processor.py:756} INFO - Processing file /home/airflow/.local/lib/python3.7/site-packages/airflow/example_dags/example_short_circuit_decorator.py for tasks to queue
[2023-11-07T18:58:02.319+0000] {logging_mixin.py:120} INFO - [2023-11-07T18:58:02.318+0000] {dagbag.py:537} INFO - Filling up the DagBag from /home/airflow/.local/lib/python3.7/site-packages/airflow/example_dags/example_short_circuit_decorator.py
[2023-11-07T18:58:02.347+0000] {processor.py:766} INFO - DAG(s) dict_keys(['example_short_circuit_decorator']) retrieved from /home/airflow/.local/lib/python3.7/site-packages/airflow/example_dags/example_short_circuit_decorator.py
[2023-11-07T18:58:02.398+0000] {logging_mixin.py:120} INFO - [2023-11-07T18:58:02.398+0000] {dag.py:2585} INFO - Sync 1 DAGs
[2023-11-07T18:58:02.433+0000] {logging_mixin.py:120} INFO - [2023-11-07T18:58:02.433+0000] {dag.py:3340} INFO - Setting next_dagrun for example_short_circuit_decorator to 2023-11-06T18:58:02.432978+00:00, run_after=2023-11-07T18:58:02.432978+00:00
[2023-11-07T18:58:02.463+0000] {processor.py:176} INFO - Processing /home/airflow/.local/lib/python3.7/site-packages/airflow/example_dags/example_short_circuit_decorator.py took 0.150 seconds
[2023-11-07T19:08:14.205+0000] {processor.py:154} INFO - Started process (PID=115) to work on /home/airflow/.local/lib/python3.7/site-packages/airflow/example_dags/example_short_circuit_decorator.py
[2023-11-07T19:08:14.208+0000] {processor.py:756} INFO - Processing file /home/airflow/.local/lib/python3.7/site-packages/airflow/example_dags/example_short_circuit_decorator.py for tasks to queue
[2023-11-07T19:08:14.211+0000] {logging_mixin.py:120} INFO - [2023-11-07T19:08:14.210+0000] {dagbag.py:537} INFO - Filling up the DagBag from /home/airflow/.local/lib/python3.7/site-packages/airflow/example_dags/example_short_circuit_decorator.py
[2023-11-07T19:08:14.258+0000] {processor.py:766} INFO - DAG(s) dict_keys(['example_short_circuit_decorator']) retrieved from /home/airflow/.local/lib/python3.7/site-packages/airflow/example_dags/example_short_circuit_decorator.py
[2023-11-07T19:08:14.342+0000] {logging_mixin.py:120} INFO - [2023-11-07T19:08:14.342+0000] {dag.py:2585} INFO - Sync 1 DAGs
[2023-11-07T19:08:14.380+0000] {logging_mixin.py:120} INFO - [2023-11-07T19:08:14.379+0000] {dag.py:3340} INFO - Setting next_dagrun for example_short_circuit_decorator to 2023-11-06T19:08:14.379595+00:00, run_after=2023-11-07T19:08:14.379595+00:00
[2023-11-07T19:08:14.411+0000] {processor.py:176} INFO - Processing /home/airflow/.local/lib/python3.7/site-packages/airflow/example_dags/example_short_circuit_decorator.py took 0.209 seconds
[2023-11-07T19:08:44.696+0000] {processor.py:154} INFO - Started process (PID=189) to work on /home/airflow/.local/lib/python3.7/site-packages/airflow/example_dags/example_short_circuit_decorator.py
[2023-11-07T19:08:44.698+0000] {processor.py:756} INFO - Processing file /home/airflow/.local/lib/python3.7/site-packages/airflow/example_dags/example_short_circuit_decorator.py for tasks to queue
[2023-11-07T19:08:44.699+0000] {logging_mixin.py:120} INFO - [2023-11-07T19:08:44.699+0000] {dagbag.py:537} INFO - Filling up the DagBag from /home/airflow/.local/lib/python3.7/site-packages/airflow/example_dags/example_short_circuit_decorator.py
[2023-11-07T19:08:44.728+0000] {processor.py:766} INFO - DAG(s) dict_keys(['example_short_circuit_decorator']) retrieved from /home/airflow/.local/lib/python3.7/site-packages/airflow/example_dags/example_short_circuit_decorator.py
[2023-11-07T19:08:44.778+0000] {logging_mixin.py:120} INFO - [2023-11-07T19:08:44.778+0000] {dag.py:2585} INFO - Sync 1 DAGs
[2023-11-07T19:08:44.813+0000] {logging_mixin.py:120} INFO - [2023-11-07T19:08:44.812+0000] {dag.py:3340} INFO - Setting next_dagrun for example_short_circuit_decorator to 2023-11-06T19:08:44.812269+00:00, run_after=2023-11-07T19:08:44.812269+00:00
[2023-11-07T19:08:44.843+0000] {processor.py:176} INFO - Processing /home/airflow/.local/lib/python3.7/site-packages/airflow/example_dags/example_short_circuit_decorator.py took 0.149 seconds
[2023-11-07T19:09:15.340+0000] {processor.py:154} INFO - Started process (PID=273) to work on /home/airflow/.local/lib/python3.7/site-packages/airflow/example_dags/example_short_circuit_decorator.py
[2023-11-07T19:09:15.341+0000] {processor.py:756} INFO - Processing file /home/airflow/.local/lib/python3.7/site-packages/airflow/example_dags/example_short_circuit_decorator.py for tasks to queue
[2023-11-07T19:09:15.342+0000] {logging_mixin.py:120} INFO - [2023-11-07T19:09:15.342+0000] {dagbag.py:537} INFO - Filling up the DagBag from /home/airflow/.local/lib/python3.7/site-packages/airflow/example_dags/example_short_circuit_decorator.py
[2023-11-07T19:09:15.373+0000] {processor.py:766} INFO - DAG(s) dict_keys(['example_short_circuit_decorator']) retrieved from /home/airflow/.local/lib/python3.7/site-packages/airflow/example_dags/example_short_circuit_decorator.py
[2023-11-07T19:09:15.424+0000] {logging_mixin.py:120} INFO - [2023-11-07T19:09:15.424+0000] {dag.py:2585} INFO - Sync 1 DAGs
[2023-11-07T19:09:15.462+0000] {logging_mixin.py:120} INFO - [2023-11-07T19:09:15.462+0000] {dag.py:3340} INFO - Setting next_dagrun for example_short_circuit_decorator to 2023-11-06T19:09:15.461165+00:00, run_after=2023-11-07T19:09:15.461165+00:00
[2023-11-07T19:09:15.494+0000] {processor.py:176} INFO - Processing /home/airflow/.local/lib/python3.7/site-packages/airflow/example_dags/example_short_circuit_decorator.py took 0.157 seconds
[2023-11-07T19:09:47.238+0000] {processor.py:154} INFO - Started process (PID=357) to work on /home/airflow/.local/lib/python3.7/site-packages/airflow/example_dags/example_short_circuit_decorator.py
[2023-11-07T19:09:47.240+0000] {processor.py:756} INFO - Processing file /home/airflow/.local/lib/python3.7/site-packages/airflow/example_dags/example_short_circuit_decorator.py for tasks to queue
[2023-11-07T19:09:47.241+0000] {logging_mixin.py:120} INFO - [2023-11-07T19:09:47.241+0000] {dagbag.py:537} INFO - Filling up the DagBag from /home/airflow/.local/lib/python3.7/site-packages/airflow/example_dags/example_short_circuit_decorator.py
[2023-11-07T19:09:47.272+0000] {processor.py:766} INFO - DAG(s) dict_keys(['example_short_circuit_decorator']) retrieved from /home/airflow/.local/lib/python3.7/site-packages/airflow/example_dags/example_short_circuit_decorator.py
[2023-11-07T19:09:47.322+0000] {logging_mixin.py:120} INFO - [2023-11-07T19:09:47.322+0000] {dag.py:2585} INFO - Sync 1 DAGs
[2023-11-07T19:09:47.358+0000] {logging_mixin.py:120} INFO - [2023-11-07T19:09:47.358+0000] {dag.py:3340} INFO - Setting next_dagrun for example_short_circuit_decorator to 2023-11-06T19:09:47.358200+00:00, run_after=2023-11-07T19:09:47.358200+00:00
[2023-11-07T19:09:47.450+0000] {processor.py:176} INFO - Processing /home/airflow/.local/lib/python3.7/site-packages/airflow/example_dags/example_short_circuit_decorator.py took 0.218 seconds
[2023-11-07T19:10:18.400+0000] {processor.py:154} INFO - Started process (PID=432) to work on /home/airflow/.local/lib/python3.7/site-packages/airflow/example_dags/example_short_circuit_decorator.py
[2023-11-07T19:10:18.401+0000] {processor.py:756} INFO - Processing file /home/airflow/.local/lib/python3.7/site-packages/airflow/example_dags/example_short_circuit_decorator.py for tasks to queue
[2023-11-07T19:10:18.402+0000] {logging_mixin.py:120} INFO - [2023-11-07T19:10:18.402+0000] {dagbag.py:537} INFO - Filling up the DagBag from /home/airflow/.local/lib/python3.7/site-packages/airflow/example_dags/example_short_circuit_decorator.py
[2023-11-07T19:10:18.434+0000] {processor.py:766} INFO - DAG(s) dict_keys(['example_short_circuit_decorator']) retrieved from /home/airflow/.local/lib/python3.7/site-packages/airflow/example_dags/example_short_circuit_decorator.py
[2023-11-07T19:10:18.526+0000] {logging_mixin.py:120} INFO - [2023-11-07T19:10:18.526+0000] {dag.py:2585} INFO - Sync 1 DAGs
[2023-11-07T19:10:18.562+0000] {logging_mixin.py:120} INFO - [2023-11-07T19:10:18.562+0000] {dag.py:3340} INFO - Setting next_dagrun for example_short_circuit_decorator to 2023-11-06T19:10:18.562006+00:00, run_after=2023-11-07T19:10:18.562006+00:00
[2023-11-07T19:10:18.616+0000] {processor.py:176} INFO - Processing /home/airflow/.local/lib/python3.7/site-packages/airflow/example_dags/example_short_circuit_decorator.py took 0.219 seconds
[2023-11-07T19:10:49.767+0000] {processor.py:154} INFO - Started process (PID=515) to work on /home/airflow/.local/lib/python3.7/site-packages/airflow/example_dags/example_short_circuit_decorator.py
[2023-11-07T19:10:49.769+0000] {processor.py:756} INFO - Processing file /home/airflow/.local/lib/python3.7/site-packages/airflow/example_dags/example_short_circuit_decorator.py for tasks to queue
[2023-11-07T19:10:49.770+0000] {logging_mixin.py:120} INFO - [2023-11-07T19:10:49.770+0000] {dagbag.py:537} INFO - Filling up the DagBag from /home/airflow/.local/lib/python3.7/site-packages/airflow/example_dags/example_short_circuit_decorator.py
[2023-11-07T19:10:49.801+0000] {processor.py:766} INFO - DAG(s) dict_keys(['example_short_circuit_decorator']) retrieved from /home/airflow/.local/lib/python3.7/site-packages/airflow/example_dags/example_short_circuit_decorator.py
[2023-11-07T19:10:49.852+0000] {logging_mixin.py:120} INFO - [2023-11-07T19:10:49.852+0000] {dag.py:2585} INFO - Sync 1 DAGs
[2023-11-07T19:10:49.887+0000] {logging_mixin.py:120} INFO - [2023-11-07T19:10:49.887+0000] {dag.py:3340} INFO - Setting next_dagrun for example_short_circuit_decorator to 2023-11-06T19:10:49.887370+00:00, run_after=2023-11-07T19:10:49.887370+00:00
[2023-11-07T19:10:49.919+0000] {processor.py:176} INFO - Processing /home/airflow/.local/lib/python3.7/site-packages/airflow/example_dags/example_short_circuit_decorator.py took 0.154 seconds
[2023-11-07T19:11:20.025+0000] {processor.py:154} INFO - Started process (PID=589) to work on /home/airflow/.local/lib/python3.7/site-packages/airflow/example_dags/example_short_circuit_decorator.py
[2023-11-07T19:11:20.026+0000] {processor.py:756} INFO - Processing file /home/airflow/.local/lib/python3.7/site-packages/airflow/example_dags/example_short_circuit_decorator.py for tasks to queue
[2023-11-07T19:11:20.027+0000] {logging_mixin.py:120} INFO - [2023-11-07T19:11:20.027+0000] {dagbag.py:537} INFO - Filling up the DagBag from /home/airflow/.local/lib/python3.7/site-packages/airflow/example_dags/example_short_circuit_decorator.py
[2023-11-07T19:11:20.055+0000] {processor.py:766} INFO - DAG(s) dict_keys(['example_short_circuit_decorator']) retrieved from /home/airflow/.local/lib/python3.7/site-packages/airflow/example_dags/example_short_circuit_decorator.py
[2023-11-07T19:11:20.109+0000] {logging_mixin.py:120} INFO - [2023-11-07T19:11:20.108+0000] {dag.py:2585} INFO - Sync 1 DAGs
[2023-11-07T19:11:20.142+0000] {logging_mixin.py:120} INFO - [2023-11-07T19:11:20.142+0000] {dag.py:3340} INFO - Setting next_dagrun for example_short_circuit_decorator to 2023-11-06T19:11:20.141811+00:00, run_after=2023-11-07T19:11:20.141811+00:00
[2023-11-07T19:11:20.168+0000] {processor.py:176} INFO - Processing /home/airflow/.local/lib/python3.7/site-packages/airflow/example_dags/example_short_circuit_decorator.py took 0.146 seconds
