[2023-11-07T18:57:30.091+0000] {processor.py:154} INFO - Started process (PID=91) to work on /home/airflow/.local/lib/python3.7/site-packages/airflow/example_dags/example_latest_only.py
[2023-11-07T18:57:30.098+0000] {processor.py:756} INFO - Processing file /home/airflow/.local/lib/python3.7/site-packages/airflow/example_dags/example_latest_only.py for tasks to queue
[2023-11-07T18:57:30.105+0000] {logging_mixin.py:120} INFO - [2023-11-07T18:57:30.105+0000] {dagbag.py:537} INFO - Filling up the DagBag from /home/airflow/.local/lib/python3.7/site-packages/airflow/example_dags/example_latest_only.py
[2023-11-07T18:57:30.185+0000] {processor.py:766} INFO - DAG(s) dict_keys(['latest_only']) retrieved from /home/airflow/.local/lib/python3.7/site-packages/airflow/example_dags/example_latest_only.py
[2023-11-07T18:57:30.323+0000] {logging_mixin.py:120} INFO - [2023-11-07T18:57:30.323+0000] {dag.py:2585} INFO - Sync 1 DAGs
[2023-11-07T18:57:30.415+0000] {logging_mixin.py:120} INFO - [2023-11-07T18:57:30.415+0000] {dag.py:3340} INFO - Setting next_dagrun for latest_only to 2023-11-07T14:57:30.415479+00:00, run_after=2023-11-07T18:57:30.415479+00:00
[2023-11-07T18:57:30.518+0000] {processor.py:176} INFO - Processing /home/airflow/.local/lib/python3.7/site-packages/airflow/example_dags/example_latest_only.py took 0.431 seconds
[2023-11-07T18:58:00.956+0000] {processor.py:154} INFO - Started process (PID=165) to work on /home/airflow/.local/lib/python3.7/site-packages/airflow/example_dags/example_latest_only.py
[2023-11-07T18:58:00.957+0000] {processor.py:756} INFO - Processing file /home/airflow/.local/lib/python3.7/site-packages/airflow/example_dags/example_latest_only.py for tasks to queue
[2023-11-07T18:58:00.958+0000] {logging_mixin.py:120} INFO - [2023-11-07T18:58:00.958+0000] {dagbag.py:537} INFO - Filling up the DagBag from /home/airflow/.local/lib/python3.7/site-packages/airflow/example_dags/example_latest_only.py
[2023-11-07T18:58:00.973+0000] {processor.py:766} INFO - DAG(s) dict_keys(['latest_only']) retrieved from /home/airflow/.local/lib/python3.7/site-packages/airflow/example_dags/example_latest_only.py
[2023-11-07T18:58:01.018+0000] {logging_mixin.py:120} INFO - [2023-11-07T18:58:01.018+0000] {dag.py:2585} INFO - Sync 1 DAGs
[2023-11-07T18:58:01.054+0000] {logging_mixin.py:120} INFO - [2023-11-07T18:58:01.054+0000] {dag.py:3340} INFO - Setting next_dagrun for latest_only to 2023-11-07T14:58:01.053793+00:00, run_after=2023-11-07T18:58:01.053793+00:00
[2023-11-07T18:58:01.085+0000] {processor.py:176} INFO - Processing /home/airflow/.local/lib/python3.7/site-packages/airflow/example_dags/example_latest_only.py took 0.132 seconds
[2023-11-07T19:08:12.796+0000] {processor.py:154} INFO - Started process (PID=107) to work on /home/airflow/.local/lib/python3.7/site-packages/airflow/example_dags/example_latest_only.py
[2023-11-07T19:08:12.797+0000] {processor.py:756} INFO - Processing file /home/airflow/.local/lib/python3.7/site-packages/airflow/example_dags/example_latest_only.py for tasks to queue
[2023-11-07T19:08:12.807+0000] {logging_mixin.py:120} INFO - [2023-11-07T19:08:12.807+0000] {dagbag.py:537} INFO - Filling up the DagBag from /home/airflow/.local/lib/python3.7/site-packages/airflow/example_dags/example_latest_only.py
[2023-11-07T19:08:12.842+0000] {processor.py:766} INFO - DAG(s) dict_keys(['latest_only']) retrieved from /home/airflow/.local/lib/python3.7/site-packages/airflow/example_dags/example_latest_only.py
[2023-11-07T19:08:12.916+0000] {logging_mixin.py:120} INFO - [2023-11-07T19:08:12.916+0000] {dag.py:2585} INFO - Sync 1 DAGs
[2023-11-07T19:08:12.979+0000] {logging_mixin.py:120} INFO - [2023-11-07T19:08:12.979+0000] {dag.py:3340} INFO - Setting next_dagrun for latest_only to 2023-11-07T15:08:12.979406+00:00, run_after=2023-11-07T19:08:12.979406+00:00
[2023-11-07T19:08:13.104+0000] {processor.py:176} INFO - Processing /home/airflow/.local/lib/python3.7/site-packages/airflow/example_dags/example_latest_only.py took 0.311 seconds
[2023-11-07T19:08:43.527+0000] {processor.py:154} INFO - Started process (PID=181) to work on /home/airflow/.local/lib/python3.7/site-packages/airflow/example_dags/example_latest_only.py
[2023-11-07T19:08:43.528+0000] {processor.py:756} INFO - Processing file /home/airflow/.local/lib/python3.7/site-packages/airflow/example_dags/example_latest_only.py for tasks to queue
[2023-11-07T19:08:43.530+0000] {logging_mixin.py:120} INFO - [2023-11-07T19:08:43.529+0000] {dagbag.py:537} INFO - Filling up the DagBag from /home/airflow/.local/lib/python3.7/site-packages/airflow/example_dags/example_latest_only.py
[2023-11-07T19:08:43.544+0000] {processor.py:766} INFO - DAG(s) dict_keys(['latest_only']) retrieved from /home/airflow/.local/lib/python3.7/site-packages/airflow/example_dags/example_latest_only.py
[2023-11-07T19:08:43.588+0000] {logging_mixin.py:120} INFO - [2023-11-07T19:08:43.588+0000] {dag.py:2585} INFO - Sync 1 DAGs
[2023-11-07T19:08:43.622+0000] {logging_mixin.py:120} INFO - [2023-11-07T19:08:43.622+0000] {dag.py:3340} INFO - Setting next_dagrun for latest_only to 2023-11-07T15:08:43.622514+00:00, run_after=2023-11-07T19:08:43.622514+00:00
[2023-11-07T19:08:43.661+0000] {processor.py:176} INFO - Processing /home/airflow/.local/lib/python3.7/site-packages/airflow/example_dags/example_latest_only.py took 0.136 seconds
[2023-11-07T19:09:14.220+0000] {processor.py:154} INFO - Started process (PID=264) to work on /home/airflow/.local/lib/python3.7/site-packages/airflow/example_dags/example_latest_only.py
[2023-11-07T19:09:14.221+0000] {processor.py:756} INFO - Processing file /home/airflow/.local/lib/python3.7/site-packages/airflow/example_dags/example_latest_only.py for tasks to queue
[2023-11-07T19:09:14.223+0000] {logging_mixin.py:120} INFO - [2023-11-07T19:09:14.223+0000] {dagbag.py:537} INFO - Filling up the DagBag from /home/airflow/.local/lib/python3.7/site-packages/airflow/example_dags/example_latest_only.py
[2023-11-07T19:09:14.243+0000] {processor.py:766} INFO - DAG(s) dict_keys(['latest_only']) retrieved from /home/airflow/.local/lib/python3.7/site-packages/airflow/example_dags/example_latest_only.py
[2023-11-07T19:09:14.291+0000] {logging_mixin.py:120} INFO - [2023-11-07T19:09:14.291+0000] {dag.py:2585} INFO - Sync 1 DAGs
[2023-11-07T19:09:14.326+0000] {logging_mixin.py:120} INFO - [2023-11-07T19:09:14.325+0000] {dag.py:3340} INFO - Setting next_dagrun for latest_only to 2023-11-07T15:09:14.325693+00:00, run_after=2023-11-07T19:09:14.325693+00:00
[2023-11-07T19:09:14.356+0000] {processor.py:176} INFO - Processing /home/airflow/.local/lib/python3.7/site-packages/airflow/example_dags/example_latest_only.py took 0.140 seconds
[2023-11-07T19:09:45.340+0000] {processor.py:154} INFO - Started process (PID=347) to work on /home/airflow/.local/lib/python3.7/site-packages/airflow/example_dags/example_latest_only.py
[2023-11-07T19:09:45.341+0000] {processor.py:756} INFO - Processing file /home/airflow/.local/lib/python3.7/site-packages/airflow/example_dags/example_latest_only.py for tasks to queue
[2023-11-07T19:09:45.343+0000] {logging_mixin.py:120} INFO - [2023-11-07T19:09:45.343+0000] {dagbag.py:537} INFO - Filling up the DagBag from /home/airflow/.local/lib/python3.7/site-packages/airflow/example_dags/example_latest_only.py
[2023-11-07T19:09:45.357+0000] {processor.py:766} INFO - DAG(s) dict_keys(['latest_only']) retrieved from /home/airflow/.local/lib/python3.7/site-packages/airflow/example_dags/example_latest_only.py
[2023-11-07T19:09:45.406+0000] {logging_mixin.py:120} INFO - [2023-11-07T19:09:45.406+0000] {dag.py:2585} INFO - Sync 1 DAGs
[2023-11-07T19:09:45.442+0000] {logging_mixin.py:120} INFO - [2023-11-07T19:09:45.441+0000] {dag.py:3340} INFO - Setting next_dagrun for latest_only to 2023-11-07T15:09:45.441522+00:00, run_after=2023-11-07T19:09:45.441522+00:00
[2023-11-07T19:09:45.474+0000] {processor.py:176} INFO - Processing /home/airflow/.local/lib/python3.7/site-packages/airflow/example_dags/example_latest_only.py took 0.136 seconds
[2023-11-07T19:10:15.541+0000] {processor.py:154} INFO - Started process (PID=422) to work on /home/airflow/.local/lib/python3.7/site-packages/airflow/example_dags/example_latest_only.py
[2023-11-07T19:10:15.542+0000] {processor.py:756} INFO - Processing file /home/airflow/.local/lib/python3.7/site-packages/airflow/example_dags/example_latest_only.py for tasks to queue
[2023-11-07T19:10:15.544+0000] {logging_mixin.py:120} INFO - [2023-11-07T19:10:15.544+0000] {dagbag.py:537} INFO - Filling up the DagBag from /home/airflow/.local/lib/python3.7/site-packages/airflow/example_dags/example_latest_only.py
[2023-11-07T19:10:15.558+0000] {processor.py:766} INFO - DAG(s) dict_keys(['latest_only']) retrieved from /home/airflow/.local/lib/python3.7/site-packages/airflow/example_dags/example_latest_only.py
[2023-11-07T19:10:15.604+0000] {logging_mixin.py:120} INFO - [2023-11-07T19:10:15.604+0000] {dag.py:2585} INFO - Sync 1 DAGs
[2023-11-07T19:10:15.646+0000] {logging_mixin.py:120} INFO - [2023-11-07T19:10:15.645+0000] {dag.py:3340} INFO - Setting next_dagrun for latest_only to 2023-11-07T15:10:15.645734+00:00, run_after=2023-11-07T19:10:15.645734+00:00
[2023-11-07T19:10:15.674+0000] {processor.py:176} INFO - Processing /home/airflow/.local/lib/python3.7/site-packages/airflow/example_dags/example_latest_only.py took 0.136 seconds
[2023-11-07T19:10:46.142+0000] {processor.py:154} INFO - Started process (PID=496) to work on /home/airflow/.local/lib/python3.7/site-packages/airflow/example_dags/example_latest_only.py
[2023-11-07T19:10:46.143+0000] {processor.py:756} INFO - Processing file /home/airflow/.local/lib/python3.7/site-packages/airflow/example_dags/example_latest_only.py for tasks to queue
[2023-11-07T19:10:46.144+0000] {logging_mixin.py:120} INFO - [2023-11-07T19:10:46.144+0000] {dagbag.py:537} INFO - Filling up the DagBag from /home/airflow/.local/lib/python3.7/site-packages/airflow/example_dags/example_latest_only.py
[2023-11-07T19:10:46.159+0000] {processor.py:766} INFO - DAG(s) dict_keys(['latest_only']) retrieved from /home/airflow/.local/lib/python3.7/site-packages/airflow/example_dags/example_latest_only.py
[2023-11-07T19:10:46.207+0000] {logging_mixin.py:120} INFO - [2023-11-07T19:10:46.207+0000] {dag.py:2585} INFO - Sync 1 DAGs
[2023-11-07T19:10:46.249+0000] {logging_mixin.py:120} INFO - [2023-11-07T19:10:46.248+0000] {dag.py:3340} INFO - Setting next_dagrun for latest_only to 2023-11-07T15:10:46.248661+00:00, run_after=2023-11-07T19:10:46.248661+00:00
[2023-11-07T19:10:46.278+0000] {processor.py:176} INFO - Processing /home/airflow/.local/lib/python3.7/site-packages/airflow/example_dags/example_latest_only.py took 0.139 seconds
[2023-11-07T19:11:16.854+0000] {processor.py:154} INFO - Started process (PID=579) to work on /home/airflow/.local/lib/python3.7/site-packages/airflow/example_dags/example_latest_only.py
[2023-11-07T19:11:16.855+0000] {processor.py:756} INFO - Processing file /home/airflow/.local/lib/python3.7/site-packages/airflow/example_dags/example_latest_only.py for tasks to queue
[2023-11-07T19:11:16.856+0000] {logging_mixin.py:120} INFO - [2023-11-07T19:11:16.856+0000] {dagbag.py:537} INFO - Filling up the DagBag from /home/airflow/.local/lib/python3.7/site-packages/airflow/example_dags/example_latest_only.py
[2023-11-07T19:11:16.871+0000] {processor.py:766} INFO - DAG(s) dict_keys(['latest_only']) retrieved from /home/airflow/.local/lib/python3.7/site-packages/airflow/example_dags/example_latest_only.py
[2023-11-07T19:11:16.914+0000] {logging_mixin.py:120} INFO - [2023-11-07T19:11:16.914+0000] {dag.py:2585} INFO - Sync 1 DAGs
[2023-11-07T19:11:16.946+0000] {logging_mixin.py:120} INFO - [2023-11-07T19:11:16.946+0000] {dag.py:3340} INFO - Setting next_dagrun for latest_only to 2023-11-07T15:11:16.945995+00:00, run_after=2023-11-07T19:11:16.945995+00:00
[2023-11-07T19:11:16.971+0000] {processor.py:176} INFO - Processing /home/airflow/.local/lib/python3.7/site-packages/airflow/example_dags/example_latest_only.py took 0.120 seconds
