[2023-11-07T18:57:28.730+0000] {processor.py:154} INFO - Started process (PID=88) to work on /home/airflow/.local/lib/python3.7/site-packages/airflow/example_dags/example_task_group.py
[2023-11-07T18:57:28.732+0000] {processor.py:756} INFO - Processing file /home/airflow/.local/lib/python3.7/site-packages/airflow/example_dags/example_task_group.py for tasks to queue
[2023-11-07T18:57:28.735+0000] {logging_mixin.py:120} INFO - [2023-11-07T18:57:28.735+0000] {dagbag.py:537} INFO - Filling up the DagBag from /home/airflow/.local/lib/python3.7/site-packages/airflow/example_dags/example_task_group.py
[2023-11-07T18:57:28.773+0000] {processor.py:766} INFO - DAG(s) dict_keys(['example_task_group']) retrieved from /home/airflow/.local/lib/python3.7/site-packages/airflow/example_dags/example_task_group.py
[2023-11-07T18:57:28.837+0000] {logging_mixin.py:120} INFO - [2023-11-07T18:57:28.837+0000] {dag.py:2585} INFO - Sync 1 DAGs
[2023-11-07T18:57:28.881+0000] {logging_mixin.py:120} INFO - [2023-11-07T18:57:28.880+0000] {dag.py:3340} INFO - Setting next_dagrun for example_task_group to 2023-11-06T18:57:28.880745+00:00, run_after=2023-11-07T18:57:28.880745+00:00
[2023-11-07T18:57:28.914+0000] {processor.py:176} INFO - Processing /home/airflow/.local/lib/python3.7/site-packages/airflow/example_dags/example_task_group.py took 0.187 seconds
[2023-11-07T18:57:59.683+0000] {processor.py:154} INFO - Started process (PID=160) to work on /home/airflow/.local/lib/python3.7/site-packages/airflow/example_dags/example_task_group.py
[2023-11-07T18:57:59.684+0000] {processor.py:756} INFO - Processing file /home/airflow/.local/lib/python3.7/site-packages/airflow/example_dags/example_task_group.py for tasks to queue
[2023-11-07T18:57:59.686+0000] {logging_mixin.py:120} INFO - [2023-11-07T18:57:59.686+0000] {dagbag.py:537} INFO - Filling up the DagBag from /home/airflow/.local/lib/python3.7/site-packages/airflow/example_dags/example_task_group.py
[2023-11-07T18:57:59.715+0000] {processor.py:766} INFO - DAG(s) dict_keys(['example_task_group']) retrieved from /home/airflow/.local/lib/python3.7/site-packages/airflow/example_dags/example_task_group.py
[2023-11-07T18:57:59.785+0000] {logging_mixin.py:120} INFO - [2023-11-07T18:57:59.785+0000] {dag.py:2585} INFO - Sync 1 DAGs
[2023-11-07T18:57:59.827+0000] {logging_mixin.py:120} INFO - [2023-11-07T18:57:59.827+0000] {dag.py:3340} INFO - Setting next_dagrun for example_task_group to 2023-11-06T18:57:59.826996+00:00, run_after=2023-11-07T18:57:59.826996+00:00
[2023-11-07T18:57:59.865+0000] {processor.py:176} INFO - Processing /home/airflow/.local/lib/python3.7/site-packages/airflow/example_dags/example_task_group.py took 0.186 seconds
[2023-11-07T19:08:11.693+0000] {processor.py:154} INFO - Started process (PID=104) to work on /home/airflow/.local/lib/python3.7/site-packages/airflow/example_dags/example_task_group.py
[2023-11-07T19:08:11.696+0000] {processor.py:756} INFO - Processing file /home/airflow/.local/lib/python3.7/site-packages/airflow/example_dags/example_task_group.py for tasks to queue
[2023-11-07T19:08:11.699+0000] {logging_mixin.py:120} INFO - [2023-11-07T19:08:11.699+0000] {dagbag.py:537} INFO - Filling up the DagBag from /home/airflow/.local/lib/python3.7/site-packages/airflow/example_dags/example_task_group.py
[2023-11-07T19:08:11.747+0000] {processor.py:766} INFO - DAG(s) dict_keys(['example_task_group']) retrieved from /home/airflow/.local/lib/python3.7/site-packages/airflow/example_dags/example_task_group.py
[2023-11-07T19:08:11.829+0000] {logging_mixin.py:120} INFO - [2023-11-07T19:08:11.828+0000] {dag.py:2585} INFO - Sync 1 DAGs
[2023-11-07T19:08:11.902+0000] {logging_mixin.py:120} INFO - [2023-11-07T19:08:11.902+0000] {dag.py:3340} INFO - Setting next_dagrun for example_task_group to 2023-11-06T19:08:11.902512+00:00, run_after=2023-11-07T19:08:11.902512+00:00
[2023-11-07T19:08:11.999+0000] {processor.py:176} INFO - Processing /home/airflow/.local/lib/python3.7/site-packages/airflow/example_dags/example_task_group.py took 0.309 seconds
[2023-11-07T19:08:42.928+0000] {processor.py:154} INFO - Started process (PID=177) to work on /home/airflow/.local/lib/python3.7/site-packages/airflow/example_dags/example_task_group.py
[2023-11-07T19:08:42.929+0000] {processor.py:756} INFO - Processing file /home/airflow/.local/lib/python3.7/site-packages/airflow/example_dags/example_task_group.py for tasks to queue
[2023-11-07T19:08:42.931+0000] {logging_mixin.py:120} INFO - [2023-11-07T19:08:42.931+0000] {dagbag.py:537} INFO - Filling up the DagBag from /home/airflow/.local/lib/python3.7/site-packages/airflow/example_dags/example_task_group.py
[2023-11-07T19:08:42.950+0000] {processor.py:766} INFO - DAG(s) dict_keys(['example_task_group']) retrieved from /home/airflow/.local/lib/python3.7/site-packages/airflow/example_dags/example_task_group.py
[2023-11-07T19:08:42.999+0000] {logging_mixin.py:120} INFO - [2023-11-07T19:08:42.998+0000] {dag.py:2585} INFO - Sync 1 DAGs
[2023-11-07T19:08:43.039+0000] {logging_mixin.py:120} INFO - [2023-11-07T19:08:43.039+0000] {dag.py:3340} INFO - Setting next_dagrun for example_task_group to 2023-11-06T19:08:43.039216+00:00, run_after=2023-11-07T19:08:43.039216+00:00
[2023-11-07T19:08:43.067+0000] {processor.py:176} INFO - Processing /home/airflow/.local/lib/python3.7/site-packages/airflow/example_dags/example_task_group.py took 0.141 seconds
[2023-11-07T19:09:13.755+0000] {processor.py:154} INFO - Started process (PID=260) to work on /home/airflow/.local/lib/python3.7/site-packages/airflow/example_dags/example_task_group.py
[2023-11-07T19:09:13.757+0000] {processor.py:756} INFO - Processing file /home/airflow/.local/lib/python3.7/site-packages/airflow/example_dags/example_task_group.py for tasks to queue
[2023-11-07T19:09:13.758+0000] {logging_mixin.py:120} INFO - [2023-11-07T19:09:13.758+0000] {dagbag.py:537} INFO - Filling up the DagBag from /home/airflow/.local/lib/python3.7/site-packages/airflow/example_dags/example_task_group.py
[2023-11-07T19:09:13.776+0000] {processor.py:766} INFO - DAG(s) dict_keys(['example_task_group']) retrieved from /home/airflow/.local/lib/python3.7/site-packages/airflow/example_dags/example_task_group.py
[2023-11-07T19:09:13.827+0000] {logging_mixin.py:120} INFO - [2023-11-07T19:09:13.827+0000] {dag.py:2585} INFO - Sync 1 DAGs
[2023-11-07T19:09:13.864+0000] {logging_mixin.py:120} INFO - [2023-11-07T19:09:13.864+0000] {dag.py:3340} INFO - Setting next_dagrun for example_task_group to 2023-11-06T19:09:13.864170+00:00, run_after=2023-11-07T19:09:13.864170+00:00
[2023-11-07T19:09:13.893+0000] {processor.py:176} INFO - Processing /home/airflow/.local/lib/python3.7/site-packages/airflow/example_dags/example_task_group.py took 0.140 seconds
[2023-11-07T19:09:44.011+0000] {processor.py:154} INFO - Started process (PID=335) to work on /home/airflow/.local/lib/python3.7/site-packages/airflow/example_dags/example_task_group.py
[2023-11-07T19:09:44.012+0000] {processor.py:756} INFO - Processing file /home/airflow/.local/lib/python3.7/site-packages/airflow/example_dags/example_task_group.py for tasks to queue
[2023-11-07T19:09:44.014+0000] {logging_mixin.py:120} INFO - [2023-11-07T19:09:44.014+0000] {dagbag.py:537} INFO - Filling up the DagBag from /home/airflow/.local/lib/python3.7/site-packages/airflow/example_dags/example_task_group.py
[2023-11-07T19:09:44.033+0000] {processor.py:766} INFO - DAG(s) dict_keys(['example_task_group']) retrieved from /home/airflow/.local/lib/python3.7/site-packages/airflow/example_dags/example_task_group.py
[2023-11-07T19:09:44.090+0000] {logging_mixin.py:120} INFO - [2023-11-07T19:09:44.090+0000] {dag.py:2585} INFO - Sync 1 DAGs
[2023-11-07T19:09:44.127+0000] {logging_mixin.py:120} INFO - [2023-11-07T19:09:44.127+0000] {dag.py:3340} INFO - Setting next_dagrun for example_task_group to 2023-11-06T19:09:44.127456+00:00, run_after=2023-11-07T19:09:44.127456+00:00
[2023-11-07T19:09:44.155+0000] {processor.py:176} INFO - Processing /home/airflow/.local/lib/python3.7/site-packages/airflow/example_dags/example_task_group.py took 0.147 seconds
[2023-11-07T19:10:14.511+0000] {processor.py:154} INFO - Started process (PID=419) to work on /home/airflow/.local/lib/python3.7/site-packages/airflow/example_dags/example_task_group.py
[2023-11-07T19:10:14.512+0000] {processor.py:756} INFO - Processing file /home/airflow/.local/lib/python3.7/site-packages/airflow/example_dags/example_task_group.py for tasks to queue
[2023-11-07T19:10:14.514+0000] {logging_mixin.py:120} INFO - [2023-11-07T19:10:14.514+0000] {dagbag.py:537} INFO - Filling up the DagBag from /home/airflow/.local/lib/python3.7/site-packages/airflow/example_dags/example_task_group.py
[2023-11-07T19:10:14.531+0000] {processor.py:766} INFO - DAG(s) dict_keys(['example_task_group']) retrieved from /home/airflow/.local/lib/python3.7/site-packages/airflow/example_dags/example_task_group.py
[2023-11-07T19:10:14.673+0000] {logging_mixin.py:120} INFO - [2023-11-07T19:10:14.673+0000] {dag.py:2585} INFO - Sync 1 DAGs
[2023-11-07T19:10:14.771+0000] {logging_mixin.py:120} INFO - [2023-11-07T19:10:14.771+0000] {dag.py:3340} INFO - Setting next_dagrun for example_task_group to 2023-11-06T19:10:14.770930+00:00, run_after=2023-11-07T19:10:14.770930+00:00
[2023-11-07T19:10:14.897+0000] {processor.py:176} INFO - Processing /home/airflow/.local/lib/python3.7/site-packages/airflow/example_dags/example_task_group.py took 0.389 seconds
[2023-11-07T19:10:45.955+0000] {processor.py:154} INFO - Started process (PID=493) to work on /home/airflow/.local/lib/python3.7/site-packages/airflow/example_dags/example_task_group.py
[2023-11-07T19:10:45.956+0000] {processor.py:756} INFO - Processing file /home/airflow/.local/lib/python3.7/site-packages/airflow/example_dags/example_task_group.py for tasks to queue
[2023-11-07T19:10:45.957+0000] {logging_mixin.py:120} INFO - [2023-11-07T19:10:45.957+0000] {dagbag.py:537} INFO - Filling up the DagBag from /home/airflow/.local/lib/python3.7/site-packages/airflow/example_dags/example_task_group.py
[2023-11-07T19:10:45.974+0000] {processor.py:766} INFO - DAG(s) dict_keys(['example_task_group']) retrieved from /home/airflow/.local/lib/python3.7/site-packages/airflow/example_dags/example_task_group.py
[2023-11-07T19:10:46.019+0000] {logging_mixin.py:120} INFO - [2023-11-07T19:10:46.019+0000] {dag.py:2585} INFO - Sync 1 DAGs
[2023-11-07T19:10:46.051+0000] {logging_mixin.py:120} INFO - [2023-11-07T19:10:46.051+0000] {dag.py:3340} INFO - Setting next_dagrun for example_task_group to 2023-11-06T19:10:46.050984+00:00, run_after=2023-11-07T19:10:46.050984+00:00
[2023-11-07T19:10:46.080+0000] {processor.py:176} INFO - Processing /home/airflow/.local/lib/python3.7/site-packages/airflow/example_dags/example_task_group.py took 0.128 seconds
[2023-11-07T19:11:16.663+0000] {processor.py:154} INFO - Started process (PID=576) to work on /home/airflow/.local/lib/python3.7/site-packages/airflow/example_dags/example_task_group.py
[2023-11-07T19:11:16.664+0000] {processor.py:756} INFO - Processing file /home/airflow/.local/lib/python3.7/site-packages/airflow/example_dags/example_task_group.py for tasks to queue
[2023-11-07T19:11:16.665+0000] {logging_mixin.py:120} INFO - [2023-11-07T19:11:16.665+0000] {dagbag.py:537} INFO - Filling up the DagBag from /home/airflow/.local/lib/python3.7/site-packages/airflow/example_dags/example_task_group.py
[2023-11-07T19:11:16.687+0000] {processor.py:766} INFO - DAG(s) dict_keys(['example_task_group']) retrieved from /home/airflow/.local/lib/python3.7/site-packages/airflow/example_dags/example_task_group.py
[2023-11-07T19:11:16.744+0000] {logging_mixin.py:120} INFO - [2023-11-07T19:11:16.743+0000] {dag.py:2585} INFO - Sync 1 DAGs
[2023-11-07T19:11:16.778+0000] {logging_mixin.py:120} INFO - [2023-11-07T19:11:16.778+0000] {dag.py:3340} INFO - Setting next_dagrun for example_task_group to 2023-11-06T19:11:16.777771+00:00, run_after=2023-11-07T19:11:16.777771+00:00
[2023-11-07T19:11:16.806+0000] {processor.py:176} INFO - Processing /home/airflow/.local/lib/python3.7/site-packages/airflow/example_dags/example_task_group.py took 0.146 seconds
