[2023-11-07T18:57:25.733+0000] {processor.py:154} INFO - Started process (PID=67) to work on /home/airflow/.local/lib/python3.7/site-packages/airflow/example_dags/example_task_group_decorator.py
[2023-11-07T18:57:25.737+0000] {processor.py:756} INFO - Processing file /home/airflow/.local/lib/python3.7/site-packages/airflow/example_dags/example_task_group_decorator.py for tasks to queue
[2023-11-07T18:57:25.739+0000] {logging_mixin.py:120} INFO - [2023-11-07T18:57:25.739+0000] {dagbag.py:537} INFO - Filling up the DagBag from /home/airflow/.local/lib/python3.7/site-packages/airflow/example_dags/example_task_group_decorator.py
[2023-11-07T18:57:25.842+0000] {processor.py:766} INFO - DAG(s) dict_keys(['example_task_group_decorator']) retrieved from /home/airflow/.local/lib/python3.7/site-packages/airflow/example_dags/example_task_group_decorator.py
[2023-11-07T18:57:25.966+0000] {logging_mixin.py:120} INFO - [2023-11-07T18:57:25.966+0000] {dag.py:2585} INFO - Sync 1 DAGs
[2023-11-07T18:57:26.039+0000] {logging_mixin.py:120} INFO - [2023-11-07T18:57:26.039+0000] {dag.py:3340} INFO - Setting next_dagrun for example_task_group_decorator to 2023-11-06T18:57:26.039397+00:00, run_after=2023-11-07T18:57:26.039397+00:00
[2023-11-07T18:57:26.094+0000] {processor.py:176} INFO - Processing /home/airflow/.local/lib/python3.7/site-packages/airflow/example_dags/example_task_group_decorator.py took 0.364 seconds
[2023-11-07T18:57:56.408+0000] {processor.py:154} INFO - Started process (PID=150) to work on /home/airflow/.local/lib/python3.7/site-packages/airflow/example_dags/example_task_group_decorator.py
[2023-11-07T18:57:56.409+0000] {processor.py:756} INFO - Processing file /home/airflow/.local/lib/python3.7/site-packages/airflow/example_dags/example_task_group_decorator.py for tasks to queue
[2023-11-07T18:57:56.410+0000] {logging_mixin.py:120} INFO - [2023-11-07T18:57:56.410+0000] {dagbag.py:537} INFO - Filling up the DagBag from /home/airflow/.local/lib/python3.7/site-packages/airflow/example_dags/example_task_group_decorator.py
[2023-11-07T18:57:56.445+0000] {processor.py:766} INFO - DAG(s) dict_keys(['example_task_group_decorator']) retrieved from /home/airflow/.local/lib/python3.7/site-packages/airflow/example_dags/example_task_group_decorator.py
[2023-11-07T18:57:56.503+0000] {logging_mixin.py:120} INFO - [2023-11-07T18:57:56.503+0000] {dag.py:2585} INFO - Sync 1 DAGs
[2023-11-07T18:57:56.542+0000] {logging_mixin.py:120} INFO - [2023-11-07T18:57:56.542+0000] {dag.py:3340} INFO - Setting next_dagrun for example_task_group_decorator to 2023-11-06T18:57:56.542544+00:00, run_after=2023-11-07T18:57:56.542544+00:00
[2023-11-07T18:57:56.577+0000] {processor.py:176} INFO - Processing /home/airflow/.local/lib/python3.7/site-packages/airflow/example_dags/example_task_group_decorator.py took 0.172 seconds
[2023-11-07T19:08:07.765+0000] {processor.py:154} INFO - Started process (PID=83) to work on /home/airflow/.local/lib/python3.7/site-packages/airflow/example_dags/example_task_group_decorator.py
[2023-11-07T19:08:07.772+0000] {processor.py:756} INFO - Processing file /home/airflow/.local/lib/python3.7/site-packages/airflow/example_dags/example_task_group_decorator.py for tasks to queue
[2023-11-07T19:08:07.782+0000] {logging_mixin.py:120} INFO - [2023-11-07T19:08:07.782+0000] {dagbag.py:537} INFO - Filling up the DagBag from /home/airflow/.local/lib/python3.7/site-packages/airflow/example_dags/example_task_group_decorator.py
[2023-11-07T19:08:07.880+0000] {processor.py:766} INFO - DAG(s) dict_keys(['example_task_group_decorator']) retrieved from /home/airflow/.local/lib/python3.7/site-packages/airflow/example_dags/example_task_group_decorator.py
[2023-11-07T19:08:08.127+0000] {logging_mixin.py:120} INFO - [2023-11-07T19:08:08.127+0000] {dag.py:2585} INFO - Sync 1 DAGs
[2023-11-07T19:08:08.236+0000] {logging_mixin.py:120} INFO - [2023-11-07T19:08:08.236+0000] {dag.py:3340} INFO - Setting next_dagrun for example_task_group_decorator to 2023-11-06T19:08:08.236345+00:00, run_after=2023-11-07T19:08:08.236345+00:00
[2023-11-07T19:08:08.325+0000] {processor.py:176} INFO - Processing /home/airflow/.local/lib/python3.7/site-packages/airflow/example_dags/example_task_group_decorator.py took 0.563 seconds
[2023-11-07T19:08:38.827+0000] {processor.py:154} INFO - Started process (PID=166) to work on /home/airflow/.local/lib/python3.7/site-packages/airflow/example_dags/example_task_group_decorator.py
[2023-11-07T19:08:38.828+0000] {processor.py:756} INFO - Processing file /home/airflow/.local/lib/python3.7/site-packages/airflow/example_dags/example_task_group_decorator.py for tasks to queue
[2023-11-07T19:08:38.829+0000] {logging_mixin.py:120} INFO - [2023-11-07T19:08:38.829+0000] {dagbag.py:537} INFO - Filling up the DagBag from /home/airflow/.local/lib/python3.7/site-packages/airflow/example_dags/example_task_group_decorator.py
[2023-11-07T19:08:38.866+0000] {processor.py:766} INFO - DAG(s) dict_keys(['example_task_group_decorator']) retrieved from /home/airflow/.local/lib/python3.7/site-packages/airflow/example_dags/example_task_group_decorator.py
[2023-11-07T19:08:38.914+0000] {logging_mixin.py:120} INFO - [2023-11-07T19:08:38.914+0000] {dag.py:2585} INFO - Sync 1 DAGs
[2023-11-07T19:08:38.954+0000] {logging_mixin.py:120} INFO - [2023-11-07T19:08:38.954+0000] {dag.py:3340} INFO - Setting next_dagrun for example_task_group_decorator to 2023-11-06T19:08:38.954304+00:00, run_after=2023-11-07T19:08:38.954304+00:00
[2023-11-07T19:08:38.986+0000] {processor.py:176} INFO - Processing /home/airflow/.local/lib/python3.7/site-packages/airflow/example_dags/example_task_group_decorator.py took 0.162 seconds
[2023-11-07T19:09:09.477+0000] {processor.py:154} INFO - Started process (PID=241) to work on /home/airflow/.local/lib/python3.7/site-packages/airflow/example_dags/example_task_group_decorator.py
[2023-11-07T19:09:09.478+0000] {processor.py:756} INFO - Processing file /home/airflow/.local/lib/python3.7/site-packages/airflow/example_dags/example_task_group_decorator.py for tasks to queue
[2023-11-07T19:09:09.479+0000] {logging_mixin.py:120} INFO - [2023-11-07T19:09:09.479+0000] {dagbag.py:537} INFO - Filling up the DagBag from /home/airflow/.local/lib/python3.7/site-packages/airflow/example_dags/example_task_group_decorator.py
[2023-11-07T19:09:09.511+0000] {processor.py:766} INFO - DAG(s) dict_keys(['example_task_group_decorator']) retrieved from /home/airflow/.local/lib/python3.7/site-packages/airflow/example_dags/example_task_group_decorator.py
[2023-11-07T19:09:09.559+0000] {logging_mixin.py:120} INFO - [2023-11-07T19:09:09.559+0000] {dag.py:2585} INFO - Sync 1 DAGs
[2023-11-07T19:09:09.598+0000] {logging_mixin.py:120} INFO - [2023-11-07T19:09:09.598+0000] {dag.py:3340} INFO - Setting next_dagrun for example_task_group_decorator to 2023-11-06T19:09:09.597812+00:00, run_after=2023-11-07T19:09:09.597812+00:00
[2023-11-07T19:09:09.626+0000] {processor.py:176} INFO - Processing /home/airflow/.local/lib/python3.7/site-packages/airflow/example_dags/example_task_group_decorator.py took 0.152 seconds
[2023-11-07T19:09:40.711+0000] {processor.py:154} INFO - Started process (PID=325) to work on /home/airflow/.local/lib/python3.7/site-packages/airflow/example_dags/example_task_group_decorator.py
[2023-11-07T19:09:40.712+0000] {processor.py:756} INFO - Processing file /home/airflow/.local/lib/python3.7/site-packages/airflow/example_dags/example_task_group_decorator.py for tasks to queue
[2023-11-07T19:09:40.713+0000] {logging_mixin.py:120} INFO - [2023-11-07T19:09:40.713+0000] {dagbag.py:537} INFO - Filling up the DagBag from /home/airflow/.local/lib/python3.7/site-packages/airflow/example_dags/example_task_group_decorator.py
[2023-11-07T19:09:40.750+0000] {processor.py:766} INFO - DAG(s) dict_keys(['example_task_group_decorator']) retrieved from /home/airflow/.local/lib/python3.7/site-packages/airflow/example_dags/example_task_group_decorator.py
[2023-11-07T19:09:40.809+0000] {logging_mixin.py:120} INFO - [2023-11-07T19:09:40.809+0000] {dag.py:2585} INFO - Sync 1 DAGs
[2023-11-07T19:09:40.845+0000] {logging_mixin.py:120} INFO - [2023-11-07T19:09:40.845+0000] {dag.py:3340} INFO - Setting next_dagrun for example_task_group_decorator to 2023-11-06T19:09:40.845499+00:00, run_after=2023-11-07T19:09:40.845499+00:00
[2023-11-07T19:09:40.886+0000] {processor.py:176} INFO - Processing /home/airflow/.local/lib/python3.7/site-packages/airflow/example_dags/example_task_group_decorator.py took 0.178 seconds
[2023-11-07T19:10:11.144+0000] {processor.py:154} INFO - Started process (PID=408) to work on /home/airflow/.local/lib/python3.7/site-packages/airflow/example_dags/example_task_group_decorator.py
[2023-11-07T19:10:11.145+0000] {processor.py:756} INFO - Processing file /home/airflow/.local/lib/python3.7/site-packages/airflow/example_dags/example_task_group_decorator.py for tasks to queue
[2023-11-07T19:10:11.147+0000] {logging_mixin.py:120} INFO - [2023-11-07T19:10:11.146+0000] {dagbag.py:537} INFO - Filling up the DagBag from /home/airflow/.local/lib/python3.7/site-packages/airflow/example_dags/example_task_group_decorator.py
[2023-11-07T19:10:11.187+0000] {processor.py:766} INFO - DAG(s) dict_keys(['example_task_group_decorator']) retrieved from /home/airflow/.local/lib/python3.7/site-packages/airflow/example_dags/example_task_group_decorator.py
[2023-11-07T19:10:11.240+0000] {logging_mixin.py:120} INFO - [2023-11-07T19:10:11.240+0000] {dag.py:2585} INFO - Sync 1 DAGs
[2023-11-07T19:10:11.277+0000] {logging_mixin.py:120} INFO - [2023-11-07T19:10:11.277+0000] {dag.py:3340} INFO - Setting next_dagrun for example_task_group_decorator to 2023-11-06T19:10:11.276932+00:00, run_after=2023-11-07T19:10:11.276932+00:00
[2023-11-07T19:10:11.357+0000] {processor.py:176} INFO - Processing /home/airflow/.local/lib/python3.7/site-packages/airflow/example_dags/example_task_group_decorator.py took 0.217 seconds
[2023-11-07T19:10:42.069+0000] {processor.py:154} INFO - Started process (PID=481) to work on /home/airflow/.local/lib/python3.7/site-packages/airflow/example_dags/example_task_group_decorator.py
[2023-11-07T19:10:42.070+0000] {processor.py:756} INFO - Processing file /home/airflow/.local/lib/python3.7/site-packages/airflow/example_dags/example_task_group_decorator.py for tasks to queue
[2023-11-07T19:10:42.072+0000] {logging_mixin.py:120} INFO - [2023-11-07T19:10:42.072+0000] {dagbag.py:537} INFO - Filling up the DagBag from /home/airflow/.local/lib/python3.7/site-packages/airflow/example_dags/example_task_group_decorator.py
[2023-11-07T19:10:42.117+0000] {processor.py:766} INFO - DAG(s) dict_keys(['example_task_group_decorator']) retrieved from /home/airflow/.local/lib/python3.7/site-packages/airflow/example_dags/example_task_group_decorator.py
[2023-11-07T19:10:42.173+0000] {logging_mixin.py:120} INFO - [2023-11-07T19:10:42.173+0000] {dag.py:2585} INFO - Sync 1 DAGs
[2023-11-07T19:10:42.215+0000] {logging_mixin.py:120} INFO - [2023-11-07T19:10:42.215+0000] {dag.py:3340} INFO - Setting next_dagrun for example_task_group_decorator to 2023-11-06T19:10:42.215149+00:00, run_after=2023-11-07T19:10:42.215149+00:00
[2023-11-07T19:10:42.244+0000] {processor.py:176} INFO - Processing /home/airflow/.local/lib/python3.7/site-packages/airflow/example_dags/example_task_group_decorator.py took 0.177 seconds
[2023-11-07T19:11:13.797+0000] {processor.py:154} INFO - Started process (PID=564) to work on /home/airflow/.local/lib/python3.7/site-packages/airflow/example_dags/example_task_group_decorator.py
[2023-11-07T19:11:13.799+0000] {processor.py:756} INFO - Processing file /home/airflow/.local/lib/python3.7/site-packages/airflow/example_dags/example_task_group_decorator.py for tasks to queue
[2023-11-07T19:11:13.801+0000] {logging_mixin.py:120} INFO - [2023-11-07T19:11:13.801+0000] {dagbag.py:537} INFO - Filling up the DagBag from /home/airflow/.local/lib/python3.7/site-packages/airflow/example_dags/example_task_group_decorator.py
[2023-11-07T19:11:13.849+0000] {processor.py:766} INFO - DAG(s) dict_keys(['example_task_group_decorator']) retrieved from /home/airflow/.local/lib/python3.7/site-packages/airflow/example_dags/example_task_group_decorator.py
[2023-11-07T19:11:13.904+0000] {logging_mixin.py:120} INFO - [2023-11-07T19:11:13.904+0000] {dag.py:2585} INFO - Sync 1 DAGs
[2023-11-07T19:11:13.942+0000] {logging_mixin.py:120} INFO - [2023-11-07T19:11:13.942+0000] {dag.py:3340} INFO - Setting next_dagrun for example_task_group_decorator to 2023-11-06T19:11:13.942212+00:00, run_after=2023-11-07T19:11:13.942212+00:00
[2023-11-07T19:11:13.986+0000] {processor.py:176} INFO - Processing /home/airflow/.local/lib/python3.7/site-packages/airflow/example_dags/example_task_group_decorator.py took 0.199 seconds
