[2023-11-07T18:57:32.172+0000] {processor.py:154} INFO - Started process (PID=101) to work on /home/airflow/.local/lib/python3.7/site-packages/airflow/example_dags/example_subdag_operator.py
[2023-11-07T18:57:32.173+0000] {processor.py:756} INFO - Processing file /home/airflow/.local/lib/python3.7/site-packages/airflow/example_dags/example_subdag_operator.py for tasks to queue
[2023-11-07T18:57:32.175+0000] {logging_mixin.py:120} INFO - [2023-11-07T18:57:32.175+0000] {dagbag.py:537} INFO - Filling up the DagBag from /home/airflow/.local/lib/python3.7/site-packages/airflow/example_dags/example_subdag_operator.py
[2023-11-07T18:57:32.230+0000] {processor.py:766} INFO - DAG(s) dict_keys(['example_subdag_operator.section-1', 'example_subdag_operator.section-2', 'example_subdag_operator']) retrieved from /home/airflow/.local/lib/python3.7/site-packages/airflow/example_dags/example_subdag_operator.py
[2023-11-07T18:57:33.326+0000] {logging_mixin.py:120} INFO - [2023-11-07T18:57:33.326+0000] {dag.py:2585} INFO - Sync 3 DAGs
[2023-11-07T18:57:33.361+0000] {logging_mixin.py:120} INFO - [2023-11-07T18:57:33.361+0000] {dag.py:3340} INFO - Setting next_dagrun for example_subdag_operator to 2022-01-01T00:00:00+00:00, run_after=2022-01-01T00:00:00+00:00
[2023-11-07T18:57:33.366+0000] {logging_mixin.py:120} INFO - [2023-11-07T18:57:33.366+0000] {dag.py:3340} INFO - Setting next_dagrun for example_subdag_operator.section-1 to None, run_after=None
[2023-11-07T18:57:33.369+0000] {logging_mixin.py:120} INFO - [2023-11-07T18:57:33.369+0000] {dag.py:3340} INFO - Setting next_dagrun for example_subdag_operator.section-2 to None, run_after=None
[2023-11-07T18:57:33.379+0000] {logging_mixin.py:120} INFO - [2023-11-07T18:57:33.379+0000] {dag.py:2585} INFO - Sync 2 DAGs
[2023-11-07T18:57:33.388+0000] {logging_mixin.py:120} INFO - [2023-11-07T18:57:33.388+0000] {dag.py:3340} INFO - Setting next_dagrun for example_subdag_operator.section-1 to None, run_after=None
[2023-11-07T18:57:33.389+0000] {logging_mixin.py:120} INFO - [2023-11-07T18:57:33.389+0000] {dag.py:3340} INFO - Setting next_dagrun for example_subdag_operator.section-2 to None, run_after=None
[2023-11-07T18:57:33.412+0000] {processor.py:176} INFO - Processing /home/airflow/.local/lib/python3.7/site-packages/airflow/example_dags/example_subdag_operator.py took 1.232 seconds
[2023-11-07T18:58:03.509+0000] {processor.py:154} INFO - Started process (PID=178) to work on /home/airflow/.local/lib/python3.7/site-packages/airflow/example_dags/example_subdag_operator.py
[2023-11-07T18:58:03.511+0000] {processor.py:756} INFO - Processing file /home/airflow/.local/lib/python3.7/site-packages/airflow/example_dags/example_subdag_operator.py for tasks to queue
[2023-11-07T18:58:03.512+0000] {logging_mixin.py:120} INFO - [2023-11-07T18:58:03.512+0000] {dagbag.py:537} INFO - Filling up the DagBag from /home/airflow/.local/lib/python3.7/site-packages/airflow/example_dags/example_subdag_operator.py
[2023-11-07T18:58:03.550+0000] {processor.py:766} INFO - DAG(s) dict_keys(['example_subdag_operator.section-1', 'example_subdag_operator.section-2', 'example_subdag_operator']) retrieved from /home/airflow/.local/lib/python3.7/site-packages/airflow/example_dags/example_subdag_operator.py
[2023-11-07T18:58:04.262+0000] {logging_mixin.py:120} INFO - [2023-11-07T18:58:04.262+0000] {dag.py:2585} INFO - Sync 3 DAGs
[2023-11-07T18:58:04.293+0000] {logging_mixin.py:120} INFO - [2023-11-07T18:58:04.293+0000] {dag.py:3340} INFO - Setting next_dagrun for example_subdag_operator to 2022-01-01T00:00:00+00:00, run_after=2022-01-01T00:00:00+00:00
[2023-11-07T18:58:04.298+0000] {logging_mixin.py:120} INFO - [2023-11-07T18:58:04.298+0000] {dag.py:3340} INFO - Setting next_dagrun for example_subdag_operator.section-1 to None, run_after=None
[2023-11-07T18:58:04.300+0000] {logging_mixin.py:120} INFO - [2023-11-07T18:58:04.300+0000] {dag.py:3340} INFO - Setting next_dagrun for example_subdag_operator.section-2 to None, run_after=None
[2023-11-07T18:58:04.311+0000] {logging_mixin.py:120} INFO - [2023-11-07T18:58:04.311+0000] {dag.py:2585} INFO - Sync 2 DAGs
[2023-11-07T18:58:04.320+0000] {logging_mixin.py:120} INFO - [2023-11-07T18:58:04.320+0000] {dag.py:3340} INFO - Setting next_dagrun for example_subdag_operator.section-1 to None, run_after=None
[2023-11-07T18:58:04.321+0000] {logging_mixin.py:120} INFO - [2023-11-07T18:58:04.321+0000] {dag.py:3340} INFO - Setting next_dagrun for example_subdag_operator.section-2 to None, run_after=None
[2023-11-07T18:58:04.340+0000] {processor.py:176} INFO - Processing /home/airflow/.local/lib/python3.7/site-packages/airflow/example_dags/example_subdag_operator.py took 0.833 seconds
[2023-11-07T19:08:14.460+0000] {processor.py:154} INFO - Started process (PID=117) to work on /home/airflow/.local/lib/python3.7/site-packages/airflow/example_dags/example_subdag_operator.py
[2023-11-07T19:08:14.462+0000] {processor.py:756} INFO - Processing file /home/airflow/.local/lib/python3.7/site-packages/airflow/example_dags/example_subdag_operator.py for tasks to queue
[2023-11-07T19:08:14.464+0000] {logging_mixin.py:120} INFO - [2023-11-07T19:08:14.464+0000] {dagbag.py:537} INFO - Filling up the DagBag from /home/airflow/.local/lib/python3.7/site-packages/airflow/example_dags/example_subdag_operator.py
[2023-11-07T19:08:14.555+0000] {processor.py:766} INFO - DAG(s) dict_keys(['example_subdag_operator.section-1', 'example_subdag_operator.section-2', 'example_subdag_operator']) retrieved from /home/airflow/.local/lib/python3.7/site-packages/airflow/example_dags/example_subdag_operator.py
[2023-11-07T19:08:15.512+0000] {logging_mixin.py:120} INFO - [2023-11-07T19:08:15.511+0000] {dag.py:2585} INFO - Sync 3 DAGs
[2023-11-07T19:08:15.543+0000] {logging_mixin.py:120} INFO - [2023-11-07T19:08:15.543+0000] {dag.py:3340} INFO - Setting next_dagrun for example_subdag_operator to 2022-01-01T00:00:00+00:00, run_after=2022-01-01T00:00:00+00:00
[2023-11-07T19:08:15.549+0000] {logging_mixin.py:120} INFO - [2023-11-07T19:08:15.548+0000] {dag.py:3340} INFO - Setting next_dagrun for example_subdag_operator.section-1 to None, run_after=None
[2023-11-07T19:08:15.552+0000] {logging_mixin.py:120} INFO - [2023-11-07T19:08:15.551+0000] {dag.py:3340} INFO - Setting next_dagrun for example_subdag_operator.section-2 to None, run_after=None
[2023-11-07T19:08:15.563+0000] {logging_mixin.py:120} INFO - [2023-11-07T19:08:15.563+0000] {dag.py:2585} INFO - Sync 2 DAGs
[2023-11-07T19:08:15.573+0000] {logging_mixin.py:120} INFO - [2023-11-07T19:08:15.572+0000] {dag.py:3340} INFO - Setting next_dagrun for example_subdag_operator.section-1 to None, run_after=None
[2023-11-07T19:08:15.573+0000] {logging_mixin.py:120} INFO - [2023-11-07T19:08:15.573+0000] {dag.py:3340} INFO - Setting next_dagrun for example_subdag_operator.section-2 to None, run_after=None
[2023-11-07T19:08:15.591+0000] {processor.py:176} INFO - Processing /home/airflow/.local/lib/python3.7/site-packages/airflow/example_dags/example_subdag_operator.py took 1.134 seconds
[2023-11-07T19:08:46.278+0000] {processor.py:154} INFO - Started process (PID=194) to work on /home/airflow/.local/lib/python3.7/site-packages/airflow/example_dags/example_subdag_operator.py
[2023-11-07T19:08:46.279+0000] {processor.py:756} INFO - Processing file /home/airflow/.local/lib/python3.7/site-packages/airflow/example_dags/example_subdag_operator.py for tasks to queue
[2023-11-07T19:08:46.280+0000] {logging_mixin.py:120} INFO - [2023-11-07T19:08:46.280+0000] {dagbag.py:537} INFO - Filling up the DagBag from /home/airflow/.local/lib/python3.7/site-packages/airflow/example_dags/example_subdag_operator.py
[2023-11-07T19:08:46.316+0000] {processor.py:766} INFO - DAG(s) dict_keys(['example_subdag_operator.section-1', 'example_subdag_operator.section-2', 'example_subdag_operator']) retrieved from /home/airflow/.local/lib/python3.7/site-packages/airflow/example_dags/example_subdag_operator.py
[2023-11-07T19:08:47.048+0000] {logging_mixin.py:120} INFO - [2023-11-07T19:08:47.048+0000] {dag.py:2585} INFO - Sync 3 DAGs
[2023-11-07T19:08:47.083+0000] {logging_mixin.py:120} INFO - [2023-11-07T19:08:47.083+0000] {dag.py:3340} INFO - Setting next_dagrun for example_subdag_operator to 2022-01-01T00:00:00+00:00, run_after=2022-01-01T00:00:00+00:00
[2023-11-07T19:08:47.088+0000] {logging_mixin.py:120} INFO - [2023-11-07T19:08:47.088+0000] {dag.py:3340} INFO - Setting next_dagrun for example_subdag_operator.section-1 to None, run_after=None
[2023-11-07T19:08:47.091+0000] {logging_mixin.py:120} INFO - [2023-11-07T19:08:47.091+0000] {dag.py:3340} INFO - Setting next_dagrun for example_subdag_operator.section-2 to None, run_after=None
[2023-11-07T19:08:47.102+0000] {logging_mixin.py:120} INFO - [2023-11-07T19:08:47.102+0000] {dag.py:2585} INFO - Sync 2 DAGs
[2023-11-07T19:08:47.111+0000] {logging_mixin.py:120} INFO - [2023-11-07T19:08:47.111+0000] {dag.py:3340} INFO - Setting next_dagrun for example_subdag_operator.section-1 to None, run_after=None
[2023-11-07T19:08:47.112+0000] {logging_mixin.py:120} INFO - [2023-11-07T19:08:47.112+0000] {dag.py:3340} INFO - Setting next_dagrun for example_subdag_operator.section-2 to None, run_after=None
[2023-11-07T19:08:47.135+0000] {processor.py:176} INFO - Processing /home/airflow/.local/lib/python3.7/site-packages/airflow/example_dags/example_subdag_operator.py took 0.860 seconds
[2023-11-07T19:09:17.754+0000] {processor.py:154} INFO - Started process (PID=278) to work on /home/airflow/.local/lib/python3.7/site-packages/airflow/example_dags/example_subdag_operator.py
[2023-11-07T19:09:17.755+0000] {processor.py:756} INFO - Processing file /home/airflow/.local/lib/python3.7/site-packages/airflow/example_dags/example_subdag_operator.py for tasks to queue
[2023-11-07T19:09:17.756+0000] {logging_mixin.py:120} INFO - [2023-11-07T19:09:17.756+0000] {dagbag.py:537} INFO - Filling up the DagBag from /home/airflow/.local/lib/python3.7/site-packages/airflow/example_dags/example_subdag_operator.py
[2023-11-07T19:09:17.794+0000] {processor.py:766} INFO - DAG(s) dict_keys(['example_subdag_operator.section-1', 'example_subdag_operator.section-2', 'example_subdag_operator']) retrieved from /home/airflow/.local/lib/python3.7/site-packages/airflow/example_dags/example_subdag_operator.py
[2023-11-07T19:09:18.511+0000] {logging_mixin.py:120} INFO - [2023-11-07T19:09:18.510+0000] {dag.py:2585} INFO - Sync 3 DAGs
[2023-11-07T19:09:18.539+0000] {logging_mixin.py:120} INFO - [2023-11-07T19:09:18.539+0000] {dag.py:3340} INFO - Setting next_dagrun for example_subdag_operator to 2022-01-01T00:00:00+00:00, run_after=2022-01-01T00:00:00+00:00
[2023-11-07T19:09:18.544+0000] {logging_mixin.py:120} INFO - [2023-11-07T19:09:18.544+0000] {dag.py:3340} INFO - Setting next_dagrun for example_subdag_operator.section-1 to None, run_after=None
[2023-11-07T19:09:18.547+0000] {logging_mixin.py:120} INFO - [2023-11-07T19:09:18.547+0000] {dag.py:3340} INFO - Setting next_dagrun for example_subdag_operator.section-2 to None, run_after=None
[2023-11-07T19:09:18.556+0000] {logging_mixin.py:120} INFO - [2023-11-07T19:09:18.556+0000] {dag.py:2585} INFO - Sync 2 DAGs
[2023-11-07T19:09:18.565+0000] {logging_mixin.py:120} INFO - [2023-11-07T19:09:18.565+0000] {dag.py:3340} INFO - Setting next_dagrun for example_subdag_operator.section-1 to None, run_after=None
[2023-11-07T19:09:18.566+0000] {logging_mixin.py:120} INFO - [2023-11-07T19:09:18.566+0000] {dag.py:3340} INFO - Setting next_dagrun for example_subdag_operator.section-2 to None, run_after=None
[2023-11-07T19:09:18.585+0000] {processor.py:176} INFO - Processing /home/airflow/.local/lib/python3.7/site-packages/airflow/example_dags/example_subdag_operator.py took 0.833 seconds
[2023-11-07T19:09:48.761+0000] {processor.py:154} INFO - Started process (PID=362) to work on /home/airflow/.local/lib/python3.7/site-packages/airflow/example_dags/example_subdag_operator.py
[2023-11-07T19:09:48.762+0000] {processor.py:756} INFO - Processing file /home/airflow/.local/lib/python3.7/site-packages/airflow/example_dags/example_subdag_operator.py for tasks to queue
[2023-11-07T19:09:48.764+0000] {logging_mixin.py:120} INFO - [2023-11-07T19:09:48.763+0000] {dagbag.py:537} INFO - Filling up the DagBag from /home/airflow/.local/lib/python3.7/site-packages/airflow/example_dags/example_subdag_operator.py
[2023-11-07T19:09:48.800+0000] {processor.py:766} INFO - DAG(s) dict_keys(['example_subdag_operator.section-1', 'example_subdag_operator.section-2', 'example_subdag_operator']) retrieved from /home/airflow/.local/lib/python3.7/site-packages/airflow/example_dags/example_subdag_operator.py
[2023-11-07T19:09:49.563+0000] {logging_mixin.py:120} INFO - [2023-11-07T19:09:49.562+0000] {dag.py:2585} INFO - Sync 3 DAGs
[2023-11-07T19:09:49.594+0000] {logging_mixin.py:120} INFO - [2023-11-07T19:09:49.593+0000] {dag.py:3340} INFO - Setting next_dagrun for example_subdag_operator to 2022-01-01T00:00:00+00:00, run_after=2022-01-01T00:00:00+00:00
[2023-11-07T19:09:49.599+0000] {logging_mixin.py:120} INFO - [2023-11-07T19:09:49.599+0000] {dag.py:3340} INFO - Setting next_dagrun for example_subdag_operator.section-1 to None, run_after=None
[2023-11-07T19:09:49.601+0000] {logging_mixin.py:120} INFO - [2023-11-07T19:09:49.601+0000] {dag.py:3340} INFO - Setting next_dagrun for example_subdag_operator.section-2 to None, run_after=None
[2023-11-07T19:09:49.613+0000] {logging_mixin.py:120} INFO - [2023-11-07T19:09:49.613+0000] {dag.py:2585} INFO - Sync 2 DAGs
[2023-11-07T19:09:49.621+0000] {logging_mixin.py:120} INFO - [2023-11-07T19:09:49.621+0000] {dag.py:3340} INFO - Setting next_dagrun for example_subdag_operator.section-1 to None, run_after=None
[2023-11-07T19:09:49.623+0000] {logging_mixin.py:120} INFO - [2023-11-07T19:09:49.622+0000] {dag.py:3340} INFO - Setting next_dagrun for example_subdag_operator.section-2 to None, run_after=None
[2023-11-07T19:09:49.641+0000] {processor.py:176} INFO - Processing /home/airflow/.local/lib/python3.7/site-packages/airflow/example_dags/example_subdag_operator.py took 0.883 seconds
[2023-11-07T19:10:19.874+0000] {processor.py:154} INFO - Started process (PID=437) to work on /home/airflow/.local/lib/python3.7/site-packages/airflow/example_dags/example_subdag_operator.py
[2023-11-07T19:10:19.875+0000] {processor.py:756} INFO - Processing file /home/airflow/.local/lib/python3.7/site-packages/airflow/example_dags/example_subdag_operator.py for tasks to queue
[2023-11-07T19:10:19.877+0000] {logging_mixin.py:120} INFO - [2023-11-07T19:10:19.876+0000] {dagbag.py:537} INFO - Filling up the DagBag from /home/airflow/.local/lib/python3.7/site-packages/airflow/example_dags/example_subdag_operator.py
[2023-11-07T19:10:19.940+0000] {processor.py:766} INFO - DAG(s) dict_keys(['example_subdag_operator.section-1', 'example_subdag_operator.section-2', 'example_subdag_operator']) retrieved from /home/airflow/.local/lib/python3.7/site-packages/airflow/example_dags/example_subdag_operator.py
[2023-11-07T19:10:20.854+0000] {logging_mixin.py:120} INFO - [2023-11-07T19:10:20.853+0000] {dag.py:2585} INFO - Sync 3 DAGs
[2023-11-07T19:10:20.899+0000] {logging_mixin.py:120} INFO - [2023-11-07T19:10:20.898+0000] {dag.py:3340} INFO - Setting next_dagrun for example_subdag_operator to 2022-01-01T00:00:00+00:00, run_after=2022-01-01T00:00:00+00:00
[2023-11-07T19:10:20.905+0000] {logging_mixin.py:120} INFO - [2023-11-07T19:10:20.904+0000] {dag.py:3340} INFO - Setting next_dagrun for example_subdag_operator.section-1 to None, run_after=None
[2023-11-07T19:10:20.908+0000] {logging_mixin.py:120} INFO - [2023-11-07T19:10:20.908+0000] {dag.py:3340} INFO - Setting next_dagrun for example_subdag_operator.section-2 to None, run_after=None
[2023-11-07T19:10:20.919+0000] {logging_mixin.py:120} INFO - [2023-11-07T19:10:20.919+0000] {dag.py:2585} INFO - Sync 2 DAGs
[2023-11-07T19:10:20.930+0000] {logging_mixin.py:120} INFO - [2023-11-07T19:10:20.930+0000] {dag.py:3340} INFO - Setting next_dagrun for example_subdag_operator.section-1 to None, run_after=None
[2023-11-07T19:10:20.932+0000] {logging_mixin.py:120} INFO - [2023-11-07T19:10:20.932+0000] {dag.py:3340} INFO - Setting next_dagrun for example_subdag_operator.section-2 to None, run_after=None
[2023-11-07T19:10:20.952+0000] {processor.py:176} INFO - Processing /home/airflow/.local/lib/python3.7/site-packages/airflow/example_dags/example_subdag_operator.py took 1.081 seconds
[2023-11-07T19:10:51.199+0000] {processor.py:154} INFO - Started process (PID=520) to work on /home/airflow/.local/lib/python3.7/site-packages/airflow/example_dags/example_subdag_operator.py
[2023-11-07T19:10:51.200+0000] {processor.py:756} INFO - Processing file /home/airflow/.local/lib/python3.7/site-packages/airflow/example_dags/example_subdag_operator.py for tasks to queue
[2023-11-07T19:10:51.202+0000] {logging_mixin.py:120} INFO - [2023-11-07T19:10:51.202+0000] {dagbag.py:537} INFO - Filling up the DagBag from /home/airflow/.local/lib/python3.7/site-packages/airflow/example_dags/example_subdag_operator.py
[2023-11-07T19:10:51.305+0000] {processor.py:766} INFO - DAG(s) dict_keys(['example_subdag_operator.section-1', 'example_subdag_operator.section-2', 'example_subdag_operator']) retrieved from /home/airflow/.local/lib/python3.7/site-packages/airflow/example_dags/example_subdag_operator.py
[2023-11-07T19:10:52.048+0000] {logging_mixin.py:120} INFO - [2023-11-07T19:10:52.048+0000] {dag.py:2585} INFO - Sync 3 DAGs
[2023-11-07T19:10:52.080+0000] {logging_mixin.py:120} INFO - [2023-11-07T19:10:52.080+0000] {dag.py:3340} INFO - Setting next_dagrun for example_subdag_operator to 2022-01-01T00:00:00+00:00, run_after=2022-01-01T00:00:00+00:00
[2023-11-07T19:10:52.086+0000] {logging_mixin.py:120} INFO - [2023-11-07T19:10:52.086+0000] {dag.py:3340} INFO - Setting next_dagrun for example_subdag_operator.section-1 to None, run_after=None
[2023-11-07T19:10:52.088+0000] {logging_mixin.py:120} INFO - [2023-11-07T19:10:52.088+0000] {dag.py:3340} INFO - Setting next_dagrun for example_subdag_operator.section-2 to None, run_after=None
[2023-11-07T19:10:52.099+0000] {logging_mixin.py:120} INFO - [2023-11-07T19:10:52.099+0000] {dag.py:2585} INFO - Sync 2 DAGs
[2023-11-07T19:10:52.107+0000] {logging_mixin.py:120} INFO - [2023-11-07T19:10:52.107+0000] {dag.py:3340} INFO - Setting next_dagrun for example_subdag_operator.section-1 to None, run_after=None
[2023-11-07T19:10:52.108+0000] {logging_mixin.py:120} INFO - [2023-11-07T19:10:52.108+0000] {dag.py:3340} INFO - Setting next_dagrun for example_subdag_operator.section-2 to None, run_after=None
[2023-11-07T19:10:52.125+0000] {processor.py:176} INFO - Processing /home/airflow/.local/lib/python3.7/site-packages/airflow/example_dags/example_subdag_operator.py took 0.929 seconds
[2023-11-07T19:11:22.805+0000] {processor.py:154} INFO - Started process (PID=600) to work on /home/airflow/.local/lib/python3.7/site-packages/airflow/example_dags/example_subdag_operator.py
[2023-11-07T19:11:22.806+0000] {processor.py:756} INFO - Processing file /home/airflow/.local/lib/python3.7/site-packages/airflow/example_dags/example_subdag_operator.py for tasks to queue
[2023-11-07T19:11:22.810+0000] {logging_mixin.py:120} INFO - [2023-11-07T19:11:22.810+0000] {dagbag.py:537} INFO - Filling up the DagBag from /home/airflow/.local/lib/python3.7/site-packages/airflow/example_dags/example_subdag_operator.py
[2023-11-07T19:11:22.864+0000] {processor.py:766} INFO - DAG(s) dict_keys(['example_subdag_operator.section-1', 'example_subdag_operator.section-2', 'example_subdag_operator']) retrieved from /home/airflow/.local/lib/python3.7/site-packages/airflow/example_dags/example_subdag_operator.py
[2023-11-07T19:11:23.631+0000] {logging_mixin.py:120} INFO - [2023-11-07T19:11:23.631+0000] {dag.py:2585} INFO - Sync 3 DAGs
[2023-11-07T19:11:23.665+0000] {logging_mixin.py:120} INFO - [2023-11-07T19:11:23.665+0000] {dag.py:3340} INFO - Setting next_dagrun for example_subdag_operator to 2022-01-01T00:00:00+00:00, run_after=2022-01-01T00:00:00+00:00
[2023-11-07T19:11:23.670+0000] {logging_mixin.py:120} INFO - [2023-11-07T19:11:23.670+0000] {dag.py:3340} INFO - Setting next_dagrun for example_subdag_operator.section-1 to None, run_after=None
[2023-11-07T19:11:23.673+0000] {logging_mixin.py:120} INFO - [2023-11-07T19:11:23.672+0000] {dag.py:3340} INFO - Setting next_dagrun for example_subdag_operator.section-2 to None, run_after=None
[2023-11-07T19:11:23.683+0000] {logging_mixin.py:120} INFO - [2023-11-07T19:11:23.682+0000] {dag.py:2585} INFO - Sync 2 DAGs
[2023-11-07T19:11:23.692+0000] {logging_mixin.py:120} INFO - [2023-11-07T19:11:23.692+0000] {dag.py:3340} INFO - Setting next_dagrun for example_subdag_operator.section-1 to None, run_after=None
[2023-11-07T19:11:23.693+0000] {logging_mixin.py:120} INFO - [2023-11-07T19:11:23.693+0000] {dag.py:3340} INFO - Setting next_dagrun for example_subdag_operator.section-2 to None, run_after=None
[2023-11-07T19:11:23.711+0000] {processor.py:176} INFO - Processing /home/airflow/.local/lib/python3.7/site-packages/airflow/example_dags/example_subdag_operator.py took 0.914 seconds
