[2023-11-07T18:57:26.170+0000] {processor.py:154} INFO - Started process (PID=69) to work on /home/airflow/.local/lib/python3.7/site-packages/airflow/example_dags/example_complex.py
[2023-11-07T18:57:26.173+0000] {processor.py:756} INFO - Processing file /home/airflow/.local/lib/python3.7/site-packages/airflow/example_dags/example_complex.py for tasks to queue
[2023-11-07T18:57:26.174+0000] {logging_mixin.py:120} INFO - [2023-11-07T18:57:26.174+0000] {dagbag.py:537} INFO - Filling up the DagBag from /home/airflow/.local/lib/python3.7/site-packages/airflow/example_dags/example_complex.py
[2023-11-07T18:57:26.196+0000] {logging_mixin.py:120} INFO - [2023-11-07T18:57:26.196+0000] {taskmixin.py:205} WARNING - Dependency <Task(BashOperator): create_entry_group>, delete_entry_group already registered for DAG: example_complex
[2023-11-07T18:57:26.205+0000] {logging_mixin.py:120} INFO - [2023-11-07T18:57:26.204+0000] {taskmixin.py:205} WARNING - Dependency <Task(BashOperator): delete_entry_group>, create_entry_group already registered for DAG: example_complex
[2023-11-07T18:57:26.206+0000] {logging_mixin.py:120} INFO - [2023-11-07T18:57:26.206+0000] {taskmixin.py:205} WARNING - Dependency <Task(BashOperator): create_entry_gcs>, delete_entry already registered for DAG: example_complex
[2023-11-07T18:57:26.215+0000] {logging_mixin.py:120} INFO - [2023-11-07T18:57:26.214+0000] {taskmixin.py:205} WARNING - Dependency <Task(BashOperator): delete_entry>, create_entry_gcs already registered for DAG: example_complex
[2023-11-07T18:57:26.217+0000] {logging_mixin.py:120} INFO - [2023-11-07T18:57:26.217+0000] {taskmixin.py:205} WARNING - Dependency <Task(BashOperator): create_tag>, delete_tag already registered for DAG: example_complex
[2023-11-07T18:57:26.219+0000] {logging_mixin.py:120} INFO - [2023-11-07T18:57:26.218+0000] {taskmixin.py:205} WARNING - Dependency <Task(BashOperator): delete_tag>, create_tag already registered for DAG: example_complex
[2023-11-07T18:57:26.258+0000] {processor.py:766} INFO - DAG(s) dict_keys(['example_complex']) retrieved from /home/airflow/.local/lib/python3.7/site-packages/airflow/example_dags/example_complex.py
[2023-11-07T18:57:26.397+0000] {logging_mixin.py:120} INFO - [2023-11-07T18:57:26.397+0000] {dag.py:2585} INFO - Sync 1 DAGs
[2023-11-07T18:57:26.455+0000] {logging_mixin.py:120} INFO - [2023-11-07T18:57:26.454+0000] {dag.py:3340} INFO - Setting next_dagrun for example_complex to None, run_after=None
[2023-11-07T18:57:26.516+0000] {processor.py:176} INFO - Processing /home/airflow/.local/lib/python3.7/site-packages/airflow/example_dags/example_complex.py took 0.354 seconds
[2023-11-07T18:57:56.641+0000] {processor.py:154} INFO - Started process (PID=152) to work on /home/airflow/.local/lib/python3.7/site-packages/airflow/example_dags/example_complex.py
[2023-11-07T18:57:56.642+0000] {processor.py:756} INFO - Processing file /home/airflow/.local/lib/python3.7/site-packages/airflow/example_dags/example_complex.py for tasks to queue
[2023-11-07T18:57:56.643+0000] {logging_mixin.py:120} INFO - [2023-11-07T18:57:56.643+0000] {dagbag.py:537} INFO - Filling up the DagBag from /home/airflow/.local/lib/python3.7/site-packages/airflow/example_dags/example_complex.py
[2023-11-07T18:57:56.659+0000] {logging_mixin.py:120} INFO - [2023-11-07T18:57:56.659+0000] {taskmixin.py:205} WARNING - Dependency <Task(BashOperator): create_entry_group>, delete_entry_group already registered for DAG: example_complex
[2023-11-07T18:57:56.660+0000] {logging_mixin.py:120} INFO - [2023-11-07T18:57:56.660+0000] {taskmixin.py:205} WARNING - Dependency <Task(BashOperator): delete_entry_group>, create_entry_group already registered for DAG: example_complex
[2023-11-07T18:57:56.661+0000] {logging_mixin.py:120} INFO - [2023-11-07T18:57:56.661+0000] {taskmixin.py:205} WARNING - Dependency <Task(BashOperator): create_entry_gcs>, delete_entry already registered for DAG: example_complex
[2023-11-07T18:57:56.662+0000] {logging_mixin.py:120} INFO - [2023-11-07T18:57:56.662+0000] {taskmixin.py:205} WARNING - Dependency <Task(BashOperator): delete_entry>, create_entry_gcs already registered for DAG: example_complex
[2023-11-07T18:57:56.663+0000] {logging_mixin.py:120} INFO - [2023-11-07T18:57:56.663+0000] {taskmixin.py:205} WARNING - Dependency <Task(BashOperator): create_tag>, delete_tag already registered for DAG: example_complex
[2023-11-07T18:57:56.664+0000] {logging_mixin.py:120} INFO - [2023-11-07T18:57:56.664+0000] {taskmixin.py:205} WARNING - Dependency <Task(BashOperator): delete_tag>, create_tag already registered for DAG: example_complex
[2023-11-07T18:57:56.673+0000] {processor.py:766} INFO - DAG(s) dict_keys(['example_complex']) retrieved from /home/airflow/.local/lib/python3.7/site-packages/airflow/example_dags/example_complex.py
[2023-11-07T18:57:56.728+0000] {logging_mixin.py:120} INFO - [2023-11-07T18:57:56.728+0000] {dag.py:2585} INFO - Sync 1 DAGs
[2023-11-07T18:57:56.764+0000] {logging_mixin.py:120} INFO - [2023-11-07T18:57:56.764+0000] {dag.py:3340} INFO - Setting next_dagrun for example_complex to None, run_after=None
[2023-11-07T18:57:56.798+0000] {processor.py:176} INFO - Processing /home/airflow/.local/lib/python3.7/site-packages/airflow/example_dags/example_complex.py took 0.159 seconds
[2023-11-07T19:08:08.425+0000] {processor.py:154} INFO - Started process (PID=92) to work on /home/airflow/.local/lib/python3.7/site-packages/airflow/example_dags/example_complex.py
[2023-11-07T19:08:08.432+0000] {processor.py:756} INFO - Processing file /home/airflow/.local/lib/python3.7/site-packages/airflow/example_dags/example_complex.py for tasks to queue
[2023-11-07T19:08:08.440+0000] {logging_mixin.py:120} INFO - [2023-11-07T19:08:08.440+0000] {dagbag.py:537} INFO - Filling up the DagBag from /home/airflow/.local/lib/python3.7/site-packages/airflow/example_dags/example_complex.py
[2023-11-07T19:08:08.482+0000] {logging_mixin.py:120} INFO - [2023-11-07T19:08:08.482+0000] {taskmixin.py:205} WARNING - Dependency <Task(BashOperator): create_entry_group>, delete_entry_group already registered for DAG: example_complex
[2023-11-07T19:08:08.483+0000] {logging_mixin.py:120} INFO - [2023-11-07T19:08:08.483+0000] {taskmixin.py:205} WARNING - Dependency <Task(BashOperator): delete_entry_group>, create_entry_group already registered for DAG: example_complex
[2023-11-07T19:08:08.484+0000] {logging_mixin.py:120} INFO - [2023-11-07T19:08:08.484+0000] {taskmixin.py:205} WARNING - Dependency <Task(BashOperator): create_entry_gcs>, delete_entry already registered for DAG: example_complex
[2023-11-07T19:08:08.486+0000] {logging_mixin.py:120} INFO - [2023-11-07T19:08:08.486+0000] {taskmixin.py:205} WARNING - Dependency <Task(BashOperator): delete_entry>, create_entry_gcs already registered for DAG: example_complex
[2023-11-07T19:08:08.487+0000] {logging_mixin.py:120} INFO - [2023-11-07T19:08:08.487+0000] {taskmixin.py:205} WARNING - Dependency <Task(BashOperator): create_tag>, delete_tag already registered for DAG: example_complex
[2023-11-07T19:08:08.488+0000] {logging_mixin.py:120} INFO - [2023-11-07T19:08:08.488+0000] {taskmixin.py:205} WARNING - Dependency <Task(BashOperator): delete_tag>, create_tag already registered for DAG: example_complex
[2023-11-07T19:08:08.508+0000] {processor.py:766} INFO - DAG(s) dict_keys(['example_complex']) retrieved from /home/airflow/.local/lib/python3.7/site-packages/airflow/example_dags/example_complex.py
[2023-11-07T19:08:08.682+0000] {logging_mixin.py:120} INFO - [2023-11-07T19:08:08.682+0000] {dag.py:2585} INFO - Sync 1 DAGs
[2023-11-07T19:08:08.802+0000] {logging_mixin.py:120} INFO - [2023-11-07T19:08:08.802+0000] {dag.py:3340} INFO - Setting next_dagrun for example_complex to None, run_after=None
[2023-11-07T19:08:08.920+0000] {processor.py:176} INFO - Processing /home/airflow/.local/lib/python3.7/site-packages/airflow/example_dags/example_complex.py took 0.498 seconds
[2023-11-07T19:08:39.065+0000] {processor.py:154} INFO - Started process (PID=168) to work on /home/airflow/.local/lib/python3.7/site-packages/airflow/example_dags/example_complex.py
[2023-11-07T19:08:39.066+0000] {processor.py:756} INFO - Processing file /home/airflow/.local/lib/python3.7/site-packages/airflow/example_dags/example_complex.py for tasks to queue
[2023-11-07T19:08:39.067+0000] {logging_mixin.py:120} INFO - [2023-11-07T19:08:39.067+0000] {dagbag.py:537} INFO - Filling up the DagBag from /home/airflow/.local/lib/python3.7/site-packages/airflow/example_dags/example_complex.py
[2023-11-07T19:08:39.079+0000] {logging_mixin.py:120} INFO - [2023-11-07T19:08:39.079+0000] {taskmixin.py:205} WARNING - Dependency <Task(BashOperator): create_entry_group>, delete_entry_group already registered for DAG: example_complex
[2023-11-07T19:08:39.080+0000] {logging_mixin.py:120} INFO - [2023-11-07T19:08:39.080+0000] {taskmixin.py:205} WARNING - Dependency <Task(BashOperator): delete_entry_group>, create_entry_group already registered for DAG: example_complex
[2023-11-07T19:08:39.081+0000] {logging_mixin.py:120} INFO - [2023-11-07T19:08:39.081+0000] {taskmixin.py:205} WARNING - Dependency <Task(BashOperator): create_entry_gcs>, delete_entry already registered for DAG: example_complex
[2023-11-07T19:08:39.082+0000] {logging_mixin.py:120} INFO - [2023-11-07T19:08:39.082+0000] {taskmixin.py:205} WARNING - Dependency <Task(BashOperator): delete_entry>, create_entry_gcs already registered for DAG: example_complex
[2023-11-07T19:08:39.083+0000] {logging_mixin.py:120} INFO - [2023-11-07T19:08:39.083+0000] {taskmixin.py:205} WARNING - Dependency <Task(BashOperator): create_tag>, delete_tag already registered for DAG: example_complex
[2023-11-07T19:08:39.084+0000] {logging_mixin.py:120} INFO - [2023-11-07T19:08:39.084+0000] {taskmixin.py:205} WARNING - Dependency <Task(BashOperator): delete_tag>, create_tag already registered for DAG: example_complex
[2023-11-07T19:08:39.094+0000] {processor.py:766} INFO - DAG(s) dict_keys(['example_complex']) retrieved from /home/airflow/.local/lib/python3.7/site-packages/airflow/example_dags/example_complex.py
[2023-11-07T19:08:39.152+0000] {logging_mixin.py:120} INFO - [2023-11-07T19:08:39.152+0000] {dag.py:2585} INFO - Sync 1 DAGs
[2023-11-07T19:08:39.184+0000] {logging_mixin.py:120} INFO - [2023-11-07T19:08:39.184+0000] {dag.py:3340} INFO - Setting next_dagrun for example_complex to None, run_after=None
[2023-11-07T19:08:39.214+0000] {processor.py:176} INFO - Processing /home/airflow/.local/lib/python3.7/site-packages/airflow/example_dags/example_complex.py took 0.152 seconds
[2023-11-07T19:09:09.894+0000] {processor.py:154} INFO - Started process (PID=243) to work on /home/airflow/.local/lib/python3.7/site-packages/airflow/example_dags/example_complex.py
[2023-11-07T19:09:09.895+0000] {processor.py:756} INFO - Processing file /home/airflow/.local/lib/python3.7/site-packages/airflow/example_dags/example_complex.py for tasks to queue
[2023-11-07T19:09:09.896+0000] {logging_mixin.py:120} INFO - [2023-11-07T19:09:09.896+0000] {dagbag.py:537} INFO - Filling up the DagBag from /home/airflow/.local/lib/python3.7/site-packages/airflow/example_dags/example_complex.py
[2023-11-07T19:09:09.910+0000] {logging_mixin.py:120} INFO - [2023-11-07T19:09:09.910+0000] {taskmixin.py:205} WARNING - Dependency <Task(BashOperator): create_entry_group>, delete_entry_group already registered for DAG: example_complex
[2023-11-07T19:09:09.911+0000] {logging_mixin.py:120} INFO - [2023-11-07T19:09:09.911+0000] {taskmixin.py:205} WARNING - Dependency <Task(BashOperator): delete_entry_group>, create_entry_group already registered for DAG: example_complex
[2023-11-07T19:09:09.912+0000] {logging_mixin.py:120} INFO - [2023-11-07T19:09:09.912+0000] {taskmixin.py:205} WARNING - Dependency <Task(BashOperator): create_entry_gcs>, delete_entry already registered for DAG: example_complex
[2023-11-07T19:09:09.913+0000] {logging_mixin.py:120} INFO - [2023-11-07T19:09:09.913+0000] {taskmixin.py:205} WARNING - Dependency <Task(BashOperator): delete_entry>, create_entry_gcs already registered for DAG: example_complex
[2023-11-07T19:09:09.914+0000] {logging_mixin.py:120} INFO - [2023-11-07T19:09:09.914+0000] {taskmixin.py:205} WARNING - Dependency <Task(BashOperator): create_tag>, delete_tag already registered for DAG: example_complex
[2023-11-07T19:09:09.914+0000] {logging_mixin.py:120} INFO - [2023-11-07T19:09:09.914+0000] {taskmixin.py:205} WARNING - Dependency <Task(BashOperator): delete_tag>, create_tag already registered for DAG: example_complex
[2023-11-07T19:09:09.923+0000] {processor.py:766} INFO - DAG(s) dict_keys(['example_complex']) retrieved from /home/airflow/.local/lib/python3.7/site-packages/airflow/example_dags/example_complex.py
[2023-11-07T19:09:09.976+0000] {logging_mixin.py:120} INFO - [2023-11-07T19:09:09.976+0000] {dag.py:2585} INFO - Sync 1 DAGs
[2023-11-07T19:09:10.008+0000] {logging_mixin.py:120} INFO - [2023-11-07T19:09:10.008+0000] {dag.py:3340} INFO - Setting next_dagrun for example_complex to None, run_after=None
[2023-11-07T19:09:10.034+0000] {processor.py:176} INFO - Processing /home/airflow/.local/lib/python3.7/site-packages/airflow/example_dags/example_complex.py took 0.143 seconds
[2023-11-07T19:09:40.934+0000] {processor.py:154} INFO - Started process (PID=327) to work on /home/airflow/.local/lib/python3.7/site-packages/airflow/example_dags/example_complex.py
[2023-11-07T19:09:40.935+0000] {processor.py:756} INFO - Processing file /home/airflow/.local/lib/python3.7/site-packages/airflow/example_dags/example_complex.py for tasks to queue
[2023-11-07T19:09:40.937+0000] {logging_mixin.py:120} INFO - [2023-11-07T19:09:40.936+0000] {dagbag.py:537} INFO - Filling up the DagBag from /home/airflow/.local/lib/python3.7/site-packages/airflow/example_dags/example_complex.py
[2023-11-07T19:09:40.970+0000] {logging_mixin.py:120} INFO - [2023-11-07T19:09:40.970+0000] {taskmixin.py:205} WARNING - Dependency <Task(BashOperator): create_entry_group>, delete_entry_group already registered for DAG: example_complex
[2023-11-07T19:09:40.982+0000] {logging_mixin.py:120} INFO - [2023-11-07T19:09:40.982+0000] {taskmixin.py:205} WARNING - Dependency <Task(BashOperator): delete_entry_group>, create_entry_group already registered for DAG: example_complex
[2023-11-07T19:09:40.984+0000] {logging_mixin.py:120} INFO - [2023-11-07T19:09:40.983+0000] {taskmixin.py:205} WARNING - Dependency <Task(BashOperator): create_entry_gcs>, delete_entry already registered for DAG: example_complex
[2023-11-07T19:09:40.985+0000] {logging_mixin.py:120} INFO - [2023-11-07T19:09:40.984+0000] {taskmixin.py:205} WARNING - Dependency <Task(BashOperator): delete_entry>, create_entry_gcs already registered for DAG: example_complex
[2023-11-07T19:09:40.986+0000] {logging_mixin.py:120} INFO - [2023-11-07T19:09:40.986+0000] {taskmixin.py:205} WARNING - Dependency <Task(BashOperator): create_tag>, delete_tag already registered for DAG: example_complex
[2023-11-07T19:09:40.989+0000] {logging_mixin.py:120} INFO - [2023-11-07T19:09:40.989+0000] {taskmixin.py:205} WARNING - Dependency <Task(BashOperator): delete_tag>, create_tag already registered for DAG: example_complex
[2023-11-07T19:09:41.022+0000] {processor.py:766} INFO - DAG(s) dict_keys(['example_complex']) retrieved from /home/airflow/.local/lib/python3.7/site-packages/airflow/example_dags/example_complex.py
[2023-11-07T19:09:41.169+0000] {logging_mixin.py:120} INFO - [2023-11-07T19:09:41.168+0000] {dag.py:2585} INFO - Sync 1 DAGs
[2023-11-07T19:09:41.214+0000] {logging_mixin.py:120} INFO - [2023-11-07T19:09:41.214+0000] {dag.py:3340} INFO - Setting next_dagrun for example_complex to None, run_after=None
[2023-11-07T19:09:41.254+0000] {processor.py:176} INFO - Processing /home/airflow/.local/lib/python3.7/site-packages/airflow/example_dags/example_complex.py took 0.322 seconds
[2023-11-07T19:10:11.828+0000] {processor.py:154} INFO - Started process (PID=411) to work on /home/airflow/.local/lib/python3.7/site-packages/airflow/example_dags/example_complex.py
[2023-11-07T19:10:11.834+0000] {processor.py:756} INFO - Processing file /home/airflow/.local/lib/python3.7/site-packages/airflow/example_dags/example_complex.py for tasks to queue
[2023-11-07T19:10:11.844+0000] {logging_mixin.py:120} INFO - [2023-11-07T19:10:11.844+0000] {dagbag.py:537} INFO - Filling up the DagBag from /home/airflow/.local/lib/python3.7/site-packages/airflow/example_dags/example_complex.py
[2023-11-07T19:10:11.869+0000] {logging_mixin.py:120} INFO - [2023-11-07T19:10:11.869+0000] {taskmixin.py:205} WARNING - Dependency <Task(BashOperator): create_entry_group>, delete_entry_group already registered for DAG: example_complex
[2023-11-07T19:10:11.871+0000] {logging_mixin.py:120} INFO - [2023-11-07T19:10:11.871+0000] {taskmixin.py:205} WARNING - Dependency <Task(BashOperator): delete_entry_group>, create_entry_group already registered for DAG: example_complex
[2023-11-07T19:10:11.873+0000] {logging_mixin.py:120} INFO - [2023-11-07T19:10:11.873+0000] {taskmixin.py:205} WARNING - Dependency <Task(BashOperator): create_entry_gcs>, delete_entry already registered for DAG: example_complex
[2023-11-07T19:10:11.884+0000] {logging_mixin.py:120} INFO - [2023-11-07T19:10:11.883+0000] {taskmixin.py:205} WARNING - Dependency <Task(BashOperator): delete_entry>, create_entry_gcs already registered for DAG: example_complex
[2023-11-07T19:10:11.890+0000] {logging_mixin.py:120} INFO - [2023-11-07T19:10:11.890+0000] {taskmixin.py:205} WARNING - Dependency <Task(BashOperator): create_tag>, delete_tag already registered for DAG: example_complex
[2023-11-07T19:10:11.891+0000] {logging_mixin.py:120} INFO - [2023-11-07T19:10:11.891+0000] {taskmixin.py:205} WARNING - Dependency <Task(BashOperator): delete_tag>, create_tag already registered for DAG: example_complex
[2023-11-07T19:10:11.914+0000] {processor.py:766} INFO - DAG(s) dict_keys(['example_complex']) retrieved from /home/airflow/.local/lib/python3.7/site-packages/airflow/example_dags/example_complex.py
[2023-11-07T19:10:12.070+0000] {logging_mixin.py:120} INFO - [2023-11-07T19:10:12.070+0000] {dag.py:2585} INFO - Sync 1 DAGs
[2023-11-07T19:10:12.167+0000] {logging_mixin.py:120} INFO - [2023-11-07T19:10:12.167+0000] {dag.py:3340} INFO - Setting next_dagrun for example_complex to None, run_after=None
[2023-11-07T19:10:12.244+0000] {processor.py:176} INFO - Processing /home/airflow/.local/lib/python3.7/site-packages/airflow/example_dags/example_complex.py took 0.420 seconds
[2023-11-07T19:10:42.346+0000] {processor.py:154} INFO - Started process (PID=483) to work on /home/airflow/.local/lib/python3.7/site-packages/airflow/example_dags/example_complex.py
[2023-11-07T19:10:42.348+0000] {processor.py:756} INFO - Processing file /home/airflow/.local/lib/python3.7/site-packages/airflow/example_dags/example_complex.py for tasks to queue
[2023-11-07T19:10:42.349+0000] {logging_mixin.py:120} INFO - [2023-11-07T19:10:42.349+0000] {dagbag.py:537} INFO - Filling up the DagBag from /home/airflow/.local/lib/python3.7/site-packages/airflow/example_dags/example_complex.py
[2023-11-07T19:10:42.363+0000] {logging_mixin.py:120} INFO - [2023-11-07T19:10:42.363+0000] {taskmixin.py:205} WARNING - Dependency <Task(BashOperator): create_entry_group>, delete_entry_group already registered for DAG: example_complex
[2023-11-07T19:10:42.364+0000] {logging_mixin.py:120} INFO - [2023-11-07T19:10:42.364+0000] {taskmixin.py:205} WARNING - Dependency <Task(BashOperator): delete_entry_group>, create_entry_group already registered for DAG: example_complex
[2023-11-07T19:10:42.365+0000] {logging_mixin.py:120} INFO - [2023-11-07T19:10:42.365+0000] {taskmixin.py:205} WARNING - Dependency <Task(BashOperator): create_entry_gcs>, delete_entry already registered for DAG: example_complex
[2023-11-07T19:10:42.366+0000] {logging_mixin.py:120} INFO - [2023-11-07T19:10:42.365+0000] {taskmixin.py:205} WARNING - Dependency <Task(BashOperator): delete_entry>, create_entry_gcs already registered for DAG: example_complex
[2023-11-07T19:10:42.367+0000] {logging_mixin.py:120} INFO - [2023-11-07T19:10:42.366+0000] {taskmixin.py:205} WARNING - Dependency <Task(BashOperator): create_tag>, delete_tag already registered for DAG: example_complex
[2023-11-07T19:10:42.368+0000] {logging_mixin.py:120} INFO - [2023-11-07T19:10:42.368+0000] {taskmixin.py:205} WARNING - Dependency <Task(BashOperator): delete_tag>, create_tag already registered for DAG: example_complex
[2023-11-07T19:10:42.378+0000] {processor.py:766} INFO - DAG(s) dict_keys(['example_complex']) retrieved from /home/airflow/.local/lib/python3.7/site-packages/airflow/example_dags/example_complex.py
[2023-11-07T19:10:42.439+0000] {logging_mixin.py:120} INFO - [2023-11-07T19:10:42.439+0000] {dag.py:2585} INFO - Sync 1 DAGs
[2023-11-07T19:10:42.473+0000] {logging_mixin.py:120} INFO - [2023-11-07T19:10:42.473+0000] {dag.py:3340} INFO - Setting next_dagrun for example_complex to None, run_after=None
[2023-11-07T19:10:42.502+0000] {processor.py:176} INFO - Processing /home/airflow/.local/lib/python3.7/site-packages/airflow/example_dags/example_complex.py took 0.159 seconds
[2023-11-07T19:11:14.234+0000] {processor.py:154} INFO - Started process (PID=567) to work on /home/airflow/.local/lib/python3.7/site-packages/airflow/example_dags/example_complex.py
[2023-11-07T19:11:14.236+0000] {processor.py:756} INFO - Processing file /home/airflow/.local/lib/python3.7/site-packages/airflow/example_dags/example_complex.py for tasks to queue
[2023-11-07T19:11:14.237+0000] {logging_mixin.py:120} INFO - [2023-11-07T19:11:14.237+0000] {dagbag.py:537} INFO - Filling up the DagBag from /home/airflow/.local/lib/python3.7/site-packages/airflow/example_dags/example_complex.py
[2023-11-07T19:11:14.253+0000] {logging_mixin.py:120} INFO - [2023-11-07T19:11:14.253+0000] {taskmixin.py:205} WARNING - Dependency <Task(BashOperator): create_entry_group>, delete_entry_group already registered for DAG: example_complex
[2023-11-07T19:11:14.254+0000] {logging_mixin.py:120} INFO - [2023-11-07T19:11:14.254+0000] {taskmixin.py:205} WARNING - Dependency <Task(BashOperator): delete_entry_group>, create_entry_group already registered for DAG: example_complex
[2023-11-07T19:11:14.255+0000] {logging_mixin.py:120} INFO - [2023-11-07T19:11:14.255+0000] {taskmixin.py:205} WARNING - Dependency <Task(BashOperator): create_entry_gcs>, delete_entry already registered for DAG: example_complex
[2023-11-07T19:11:14.256+0000] {logging_mixin.py:120} INFO - [2023-11-07T19:11:14.256+0000] {taskmixin.py:205} WARNING - Dependency <Task(BashOperator): delete_entry>, create_entry_gcs already registered for DAG: example_complex
[2023-11-07T19:11:14.257+0000] {logging_mixin.py:120} INFO - [2023-11-07T19:11:14.257+0000] {taskmixin.py:205} WARNING - Dependency <Task(BashOperator): create_tag>, delete_tag already registered for DAG: example_complex
[2023-11-07T19:11:14.258+0000] {logging_mixin.py:120} INFO - [2023-11-07T19:11:14.258+0000] {taskmixin.py:205} WARNING - Dependency <Task(BashOperator): delete_tag>, create_tag already registered for DAG: example_complex
[2023-11-07T19:11:14.267+0000] {processor.py:766} INFO - DAG(s) dict_keys(['example_complex']) retrieved from /home/airflow/.local/lib/python3.7/site-packages/airflow/example_dags/example_complex.py
[2023-11-07T19:11:14.325+0000] {logging_mixin.py:120} INFO - [2023-11-07T19:11:14.324+0000] {dag.py:2585} INFO - Sync 1 DAGs
[2023-11-07T19:11:14.360+0000] {logging_mixin.py:120} INFO - [2023-11-07T19:11:14.360+0000] {dag.py:3340} INFO - Setting next_dagrun for example_complex to None, run_after=None
[2023-11-07T19:11:14.390+0000] {processor.py:176} INFO - Processing /home/airflow/.local/lib/python3.7/site-packages/airflow/example_dags/example_complex.py took 0.159 seconds
