[2023-11-07T18:57:25.142+0000] {processor.py:154} INFO - Started process (PID=64) to work on /home/airflow/.local/lib/python3.7/site-packages/airflow/example_dags/example_sla_dag.py
[2023-11-07T18:57:25.143+0000] {processor.py:756} INFO - Processing file /home/airflow/.local/lib/python3.7/site-packages/airflow/example_dags/example_sla_dag.py for tasks to queue
[2023-11-07T18:57:25.145+0000] {logging_mixin.py:120} INFO - [2023-11-07T18:57:25.145+0000] {dagbag.py:537} INFO - Filling up the DagBag from /home/airflow/.local/lib/python3.7/site-packages/airflow/example_dags/example_sla_dag.py
[2023-11-07T18:57:25.193+0000] {processor.py:766} INFO - DAG(s) dict_keys(['example_sla_dag']) retrieved from /home/airflow/.local/lib/python3.7/site-packages/airflow/example_dags/example_sla_dag.py
[2023-11-07T18:57:25.280+0000] {logging_mixin.py:120} INFO - [2023-11-07T18:57:25.280+0000] {dag.py:2585} INFO - Sync 1 DAGs
[2023-11-07T18:57:25.369+0000] {logging_mixin.py:120} INFO - [2023-11-07T18:57:25.369+0000] {dag.py:3340} INFO - Setting next_dagrun for example_sla_dag to 2023-11-07T18:54:00+00:00, run_after=2023-11-07T18:56:00+00:00
[2023-11-07T18:57:25.427+0000] {processor.py:176} INFO - Processing /home/airflow/.local/lib/python3.7/site-packages/airflow/example_dags/example_sla_dag.py took 0.295 seconds
[2023-11-07T18:57:56.182+0000] {processor.py:154} INFO - Started process (PID=147) to work on /home/airflow/.local/lib/python3.7/site-packages/airflow/example_dags/example_sla_dag.py
[2023-11-07T18:57:56.183+0000] {processor.py:756} INFO - Processing file /home/airflow/.local/lib/python3.7/site-packages/airflow/example_dags/example_sla_dag.py for tasks to queue
[2023-11-07T18:57:56.184+0000] {logging_mixin.py:120} INFO - [2023-11-07T18:57:56.184+0000] {dagbag.py:537} INFO - Filling up the DagBag from /home/airflow/.local/lib/python3.7/site-packages/airflow/example_dags/example_sla_dag.py
[2023-11-07T18:57:56.209+0000] {processor.py:766} INFO - DAG(s) dict_keys(['example_sla_dag']) retrieved from /home/airflow/.local/lib/python3.7/site-packages/airflow/example_dags/example_sla_dag.py
[2023-11-07T18:57:56.256+0000] {logging_mixin.py:120} INFO - [2023-11-07T18:57:56.256+0000] {dag.py:2585} INFO - Sync 1 DAGs
[2023-11-07T18:57:56.292+0000] {logging_mixin.py:120} INFO - [2023-11-07T18:57:56.291+0000] {dag.py:3340} INFO - Setting next_dagrun for example_sla_dag to 2023-11-07T18:54:00+00:00, run_after=2023-11-07T18:56:00+00:00
[2023-11-07T18:57:56.322+0000] {processor.py:176} INFO - Processing /home/airflow/.local/lib/python3.7/site-packages/airflow/example_dags/example_sla_dag.py took 0.144 seconds
[2023-11-07T19:08:07.414+0000] {processor.py:154} INFO - Started process (PID=80) to work on /home/airflow/.local/lib/python3.7/site-packages/airflow/example_dags/example_sla_dag.py
[2023-11-07T19:08:07.425+0000] {processor.py:756} INFO - Processing file /home/airflow/.local/lib/python3.7/site-packages/airflow/example_dags/example_sla_dag.py for tasks to queue
[2023-11-07T19:08:07.432+0000] {logging_mixin.py:120} INFO - [2023-11-07T19:08:07.426+0000] {dagbag.py:537} INFO - Filling up the DagBag from /home/airflow/.local/lib/python3.7/site-packages/airflow/example_dags/example_sla_dag.py
[2023-11-07T19:08:07.470+0000] {processor.py:766} INFO - DAG(s) dict_keys(['example_sla_dag']) retrieved from /home/airflow/.local/lib/python3.7/site-packages/airflow/example_dags/example_sla_dag.py
[2023-11-07T19:08:07.538+0000] {logging_mixin.py:120} INFO - [2023-11-07T19:08:07.537+0000] {dag.py:2585} INFO - Sync 1 DAGs
[2023-11-07T19:08:07.593+0000] {logging_mixin.py:120} INFO - [2023-11-07T19:08:07.592+0000] {dag.py:3340} INFO - Setting next_dagrun for example_sla_dag to 2023-11-07T19:06:00+00:00, run_after=2023-11-07T19:08:00+00:00
[2023-11-07T19:08:07.643+0000] {processor.py:176} INFO - Processing /home/airflow/.local/lib/python3.7/site-packages/airflow/example_dags/example_sla_dag.py took 0.231 seconds
[2023-11-07T19:08:38.478+0000] {processor.py:154} INFO - Started process (PID=163) to work on /home/airflow/.local/lib/python3.7/site-packages/airflow/example_dags/example_sla_dag.py
[2023-11-07T19:08:38.479+0000] {processor.py:756} INFO - Processing file /home/airflow/.local/lib/python3.7/site-packages/airflow/example_dags/example_sla_dag.py for tasks to queue
[2023-11-07T19:08:38.480+0000] {logging_mixin.py:120} INFO - [2023-11-07T19:08:38.480+0000] {dagbag.py:537} INFO - Filling up the DagBag from /home/airflow/.local/lib/python3.7/site-packages/airflow/example_dags/example_sla_dag.py
[2023-11-07T19:08:38.505+0000] {processor.py:766} INFO - DAG(s) dict_keys(['example_sla_dag']) retrieved from /home/airflow/.local/lib/python3.7/site-packages/airflow/example_dags/example_sla_dag.py
[2023-11-07T19:08:38.548+0000] {logging_mixin.py:120} INFO - [2023-11-07T19:08:38.548+0000] {dag.py:2585} INFO - Sync 1 DAGs
[2023-11-07T19:08:38.588+0000] {logging_mixin.py:120} INFO - [2023-11-07T19:08:38.588+0000] {dag.py:3340} INFO - Setting next_dagrun for example_sla_dag to 2023-11-07T19:06:00+00:00, run_after=2023-11-07T19:08:00+00:00
[2023-11-07T19:08:38.614+0000] {processor.py:176} INFO - Processing /home/airflow/.local/lib/python3.7/site-packages/airflow/example_dags/example_sla_dag.py took 0.139 seconds
[2023-11-07T19:09:08.936+0000] {processor.py:154} INFO - Started process (PID=237) to work on /home/airflow/.local/lib/python3.7/site-packages/airflow/example_dags/example_sla_dag.py
[2023-11-07T19:09:08.937+0000] {processor.py:756} INFO - Processing file /home/airflow/.local/lib/python3.7/site-packages/airflow/example_dags/example_sla_dag.py for tasks to queue
[2023-11-07T19:09:08.940+0000] {logging_mixin.py:120} INFO - [2023-11-07T19:09:08.940+0000] {dagbag.py:537} INFO - Filling up the DagBag from /home/airflow/.local/lib/python3.7/site-packages/airflow/example_dags/example_sla_dag.py
[2023-11-07T19:09:08.972+0000] {processor.py:766} INFO - DAG(s) dict_keys(['example_sla_dag']) retrieved from /home/airflow/.local/lib/python3.7/site-packages/airflow/example_dags/example_sla_dag.py
[2023-11-07T19:09:09.034+0000] {logging_mixin.py:120} INFO - [2023-11-07T19:09:09.033+0000] {dag.py:2585} INFO - Sync 1 DAGs
[2023-11-07T19:09:09.069+0000] {logging_mixin.py:120} INFO - [2023-11-07T19:09:09.069+0000] {dag.py:3340} INFO - Setting next_dagrun for example_sla_dag to 2023-11-07T19:06:00+00:00, run_after=2023-11-07T19:08:00+00:00
[2023-11-07T19:09:09.094+0000] {processor.py:176} INFO - Processing /home/airflow/.local/lib/python3.7/site-packages/airflow/example_dags/example_sla_dag.py took 0.162 seconds
[2023-11-07T19:09:39.518+0000] {processor.py:154} INFO - Started process (PID=320) to work on /home/airflow/.local/lib/python3.7/site-packages/airflow/example_dags/example_sla_dag.py
[2023-11-07T19:09:39.519+0000] {processor.py:756} INFO - Processing file /home/airflow/.local/lib/python3.7/site-packages/airflow/example_dags/example_sla_dag.py for tasks to queue
[2023-11-07T19:09:39.521+0000] {logging_mixin.py:120} INFO - [2023-11-07T19:09:39.521+0000] {dagbag.py:537} INFO - Filling up the DagBag from /home/airflow/.local/lib/python3.7/site-packages/airflow/example_dags/example_sla_dag.py
[2023-11-07T19:09:39.546+0000] {processor.py:766} INFO - DAG(s) dict_keys(['example_sla_dag']) retrieved from /home/airflow/.local/lib/python3.7/site-packages/airflow/example_dags/example_sla_dag.py
[2023-11-07T19:09:39.589+0000] {logging_mixin.py:120} INFO - [2023-11-07T19:09:39.589+0000] {dag.py:2585} INFO - Sync 1 DAGs
[2023-11-07T19:09:39.626+0000] {logging_mixin.py:120} INFO - [2023-11-07T19:09:39.626+0000] {dag.py:3340} INFO - Setting next_dagrun for example_sla_dag to 2023-11-07T19:06:00+00:00, run_after=2023-11-07T19:08:00+00:00
[2023-11-07T19:09:39.652+0000] {processor.py:176} INFO - Processing /home/airflow/.local/lib/python3.7/site-packages/airflow/example_dags/example_sla_dag.py took 0.136 seconds
[2023-11-07T19:10:10.746+0000] {processor.py:154} INFO - Started process (PID=402) to work on /home/airflow/.local/lib/python3.7/site-packages/airflow/example_dags/example_sla_dag.py
[2023-11-07T19:10:10.747+0000] {processor.py:756} INFO - Processing file /home/airflow/.local/lib/python3.7/site-packages/airflow/example_dags/example_sla_dag.py for tasks to queue
[2023-11-07T19:10:10.748+0000] {logging_mixin.py:120} INFO - [2023-11-07T19:10:10.748+0000] {dagbag.py:537} INFO - Filling up the DagBag from /home/airflow/.local/lib/python3.7/site-packages/airflow/example_dags/example_sla_dag.py
[2023-11-07T19:10:10.780+0000] {processor.py:766} INFO - DAG(s) dict_keys(['example_sla_dag']) retrieved from /home/airflow/.local/lib/python3.7/site-packages/airflow/example_dags/example_sla_dag.py
[2023-11-07T19:10:10.849+0000] {logging_mixin.py:120} INFO - [2023-11-07T19:10:10.849+0000] {dag.py:2585} INFO - Sync 1 DAGs
[2023-11-07T19:10:10.894+0000] {logging_mixin.py:120} INFO - [2023-11-07T19:10:10.893+0000] {dag.py:3340} INFO - Setting next_dagrun for example_sla_dag to 2023-11-07T19:08:00+00:00, run_after=2023-11-07T19:10:00+00:00
[2023-11-07T19:10:10.935+0000] {processor.py:176} INFO - Processing /home/airflow/.local/lib/python3.7/site-packages/airflow/example_dags/example_sla_dag.py took 0.191 seconds
[2023-11-07T19:10:41.733+0000] {processor.py:154} INFO - Started process (PID=478) to work on /home/airflow/.local/lib/python3.7/site-packages/airflow/example_dags/example_sla_dag.py
[2023-11-07T19:10:41.734+0000] {processor.py:756} INFO - Processing file /home/airflow/.local/lib/python3.7/site-packages/airflow/example_dags/example_sla_dag.py for tasks to queue
[2023-11-07T19:10:41.735+0000] {logging_mixin.py:120} INFO - [2023-11-07T19:10:41.735+0000] {dagbag.py:537} INFO - Filling up the DagBag from /home/airflow/.local/lib/python3.7/site-packages/airflow/example_dags/example_sla_dag.py
[2023-11-07T19:10:41.760+0000] {processor.py:766} INFO - DAG(s) dict_keys(['example_sla_dag']) retrieved from /home/airflow/.local/lib/python3.7/site-packages/airflow/example_dags/example_sla_dag.py
[2023-11-07T19:10:41.800+0000] {logging_mixin.py:120} INFO - [2023-11-07T19:10:41.800+0000] {dag.py:2585} INFO - Sync 1 DAGs
[2023-11-07T19:10:41.836+0000] {logging_mixin.py:120} INFO - [2023-11-07T19:10:41.836+0000] {dag.py:3340} INFO - Setting next_dagrun for example_sla_dag to 2023-11-07T19:08:00+00:00, run_after=2023-11-07T19:10:00+00:00
[2023-11-07T19:10:41.863+0000] {processor.py:176} INFO - Processing /home/airflow/.local/lib/python3.7/site-packages/airflow/example_dags/example_sla_dag.py took 0.132 seconds
[2023-11-07T19:11:13.568+0000] {processor.py:154} INFO - Started process (PID=561) to work on /home/airflow/.local/lib/python3.7/site-packages/airflow/example_dags/example_sla_dag.py
[2023-11-07T19:11:13.569+0000] {processor.py:756} INFO - Processing file /home/airflow/.local/lib/python3.7/site-packages/airflow/example_dags/example_sla_dag.py for tasks to queue
[2023-11-07T19:11:13.571+0000] {logging_mixin.py:120} INFO - [2023-11-07T19:11:13.571+0000] {dagbag.py:537} INFO - Filling up the DagBag from /home/airflow/.local/lib/python3.7/site-packages/airflow/example_dags/example_sla_dag.py
[2023-11-07T19:11:13.603+0000] {processor.py:766} INFO - DAG(s) dict_keys(['example_sla_dag']) retrieved from /home/airflow/.local/lib/python3.7/site-packages/airflow/example_dags/example_sla_dag.py
[2023-11-07T19:11:13.657+0000] {logging_mixin.py:120} INFO - [2023-11-07T19:11:13.657+0000] {dag.py:2585} INFO - Sync 1 DAGs
[2023-11-07T19:11:13.697+0000] {logging_mixin.py:120} INFO - [2023-11-07T19:11:13.697+0000] {dag.py:3340} INFO - Setting next_dagrun for example_sla_dag to 2023-11-07T19:08:00+00:00, run_after=2023-11-07T19:10:00+00:00
[2023-11-07T19:11:13.724+0000] {processor.py:176} INFO - Processing /home/airflow/.local/lib/python3.7/site-packages/airflow/example_dags/example_sla_dag.py took 0.160 seconds
