[2023-11-07T18:57:26.575+0000] {processor.py:154} INFO - Started process (PID=77) to work on /home/airflow/.local/lib/python3.7/site-packages/airflow/example_dags/example_python_operator.py
[2023-11-07T18:57:26.576+0000] {processor.py:756} INFO - Processing file /home/airflow/.local/lib/python3.7/site-packages/airflow/example_dags/example_python_operator.py for tasks to queue
[2023-11-07T18:57:26.578+0000] {logging_mixin.py:120} INFO - [2023-11-07T18:57:26.578+0000] {dagbag.py:537} INFO - Filling up the DagBag from /home/airflow/.local/lib/python3.7/site-packages/airflow/example_dags/example_python_operator.py
[2023-11-07T18:57:26.613+0000] {logging_mixin.py:120} INFO - [2023-11-07T18:57:26.613+0000] {taskmixin.py:205} WARNING - Dependency <Task(_PythonDecoratedOperator): print_the_context>, log_sql_query already registered for DAG: example_python_operator
[2023-11-07T18:57:26.625+0000] {logging_mixin.py:120} INFO - [2023-11-07T18:57:26.624+0000] {taskmixin.py:205} WARNING - Dependency <Task(_PythonDecoratedOperator): log_sql_query>, print_the_context already registered for DAG: example_python_operator
[2023-11-07T18:57:26.636+0000] {logging_mixin.py:120} INFO - [2023-11-07T18:57:26.635+0000] {taskmixin.py:205} WARNING - Dependency <Task(_PythonDecoratedOperator): print_the_context>, log_sql_query already registered for DAG: example_python_operator
[2023-11-07T18:57:26.637+0000] {logging_mixin.py:120} INFO - [2023-11-07T18:57:26.637+0000] {taskmixin.py:205} WARNING - Dependency <Task(_PythonDecoratedOperator): log_sql_query>, print_the_context already registered for DAG: example_python_operator
[2023-11-07T18:57:26.643+0000] {logging_mixin.py:120} INFO - [2023-11-07T18:57:26.643+0000] {taskmixin.py:205} WARNING - Dependency <Task(_PythonDecoratedOperator): print_the_context>, log_sql_query already registered for DAG: example_python_operator
[2023-11-07T18:57:26.644+0000] {logging_mixin.py:120} INFO - [2023-11-07T18:57:26.644+0000] {taskmixin.py:205} WARNING - Dependency <Task(_PythonDecoratedOperator): log_sql_query>, print_the_context already registered for DAG: example_python_operator
[2023-11-07T18:57:26.646+0000] {logging_mixin.py:120} INFO - [2023-11-07T18:57:26.646+0000] {taskmixin.py:205} WARNING - Dependency <Task(_PythonDecoratedOperator): print_the_context>, log_sql_query already registered for DAG: example_python_operator
[2023-11-07T18:57:26.665+0000] {logging_mixin.py:120} INFO - [2023-11-07T18:57:26.664+0000] {taskmixin.py:205} WARNING - Dependency <Task(_PythonDecoratedOperator): log_sql_query>, print_the_context already registered for DAG: example_python_operator
[2023-11-07T18:57:26.680+0000] {processor.py:766} INFO - DAG(s) dict_keys(['example_python_operator']) retrieved from /home/airflow/.local/lib/python3.7/site-packages/airflow/example_dags/example_python_operator.py
[2023-11-07T18:57:26.879+0000] {logging_mixin.py:120} INFO - [2023-11-07T18:57:26.878+0000] {dag.py:2585} INFO - Sync 1 DAGs
[2023-11-07T18:57:26.974+0000] {logging_mixin.py:120} INFO - [2023-11-07T18:57:26.974+0000] {dag.py:3340} INFO - Setting next_dagrun for example_python_operator to None, run_after=None
[2023-11-07T18:57:27.057+0000] {processor.py:176} INFO - Processing /home/airflow/.local/lib/python3.7/site-packages/airflow/example_dags/example_python_operator.py took 0.485 seconds
[2023-11-07T18:57:57.901+0000] {processor.py:154} INFO - Started process (PID=154) to work on /home/airflow/.local/lib/python3.7/site-packages/airflow/example_dags/example_python_operator.py
[2023-11-07T18:57:57.902+0000] {processor.py:756} INFO - Processing file /home/airflow/.local/lib/python3.7/site-packages/airflow/example_dags/example_python_operator.py for tasks to queue
[2023-11-07T18:57:57.904+0000] {logging_mixin.py:120} INFO - [2023-11-07T18:57:57.904+0000] {dagbag.py:537} INFO - Filling up the DagBag from /home/airflow/.local/lib/python3.7/site-packages/airflow/example_dags/example_python_operator.py
[2023-11-07T18:57:57.921+0000] {logging_mixin.py:120} INFO - [2023-11-07T18:57:57.921+0000] {taskmixin.py:205} WARNING - Dependency <Task(_PythonDecoratedOperator): print_the_context>, log_sql_query already registered for DAG: example_python_operator
[2023-11-07T18:57:57.922+0000] {logging_mixin.py:120} INFO - [2023-11-07T18:57:57.922+0000] {taskmixin.py:205} WARNING - Dependency <Task(_PythonDecoratedOperator): log_sql_query>, print_the_context already registered for DAG: example_python_operator
[2023-11-07T18:57:57.924+0000] {logging_mixin.py:120} INFO - [2023-11-07T18:57:57.924+0000] {taskmixin.py:205} WARNING - Dependency <Task(_PythonDecoratedOperator): print_the_context>, log_sql_query already registered for DAG: example_python_operator
[2023-11-07T18:57:57.925+0000] {logging_mixin.py:120} INFO - [2023-11-07T18:57:57.925+0000] {taskmixin.py:205} WARNING - Dependency <Task(_PythonDecoratedOperator): log_sql_query>, print_the_context already registered for DAG: example_python_operator
[2023-11-07T18:57:57.927+0000] {logging_mixin.py:120} INFO - [2023-11-07T18:57:57.926+0000] {taskmixin.py:205} WARNING - Dependency <Task(_PythonDecoratedOperator): print_the_context>, log_sql_query already registered for DAG: example_python_operator
[2023-11-07T18:57:57.927+0000] {logging_mixin.py:120} INFO - [2023-11-07T18:57:57.927+0000] {taskmixin.py:205} WARNING - Dependency <Task(_PythonDecoratedOperator): log_sql_query>, print_the_context already registered for DAG: example_python_operator
[2023-11-07T18:57:57.929+0000] {logging_mixin.py:120} INFO - [2023-11-07T18:57:57.929+0000] {taskmixin.py:205} WARNING - Dependency <Task(_PythonDecoratedOperator): print_the_context>, log_sql_query already registered for DAG: example_python_operator
[2023-11-07T18:57:57.930+0000] {logging_mixin.py:120} INFO - [2023-11-07T18:57:57.929+0000] {taskmixin.py:205} WARNING - Dependency <Task(_PythonDecoratedOperator): log_sql_query>, print_the_context already registered for DAG: example_python_operator
[2023-11-07T18:57:57.938+0000] {processor.py:766} INFO - DAG(s) dict_keys(['example_python_operator']) retrieved from /home/airflow/.local/lib/python3.7/site-packages/airflow/example_dags/example_python_operator.py
[2023-11-07T18:57:57.986+0000] {logging_mixin.py:120} INFO - [2023-11-07T18:57:57.985+0000] {dag.py:2585} INFO - Sync 1 DAGs
[2023-11-07T18:57:58.018+0000] {logging_mixin.py:120} INFO - [2023-11-07T18:57:58.018+0000] {dag.py:3340} INFO - Setting next_dagrun for example_python_operator to None, run_after=None
[2023-11-07T18:57:58.044+0000] {processor.py:176} INFO - Processing /home/airflow/.local/lib/python3.7/site-packages/airflow/example_dags/example_python_operator.py took 0.146 seconds
[2023-11-07T19:08:09.011+0000] {processor.py:154} INFO - Started process (PID=94) to work on /home/airflow/.local/lib/python3.7/site-packages/airflow/example_dags/example_python_operator.py
[2023-11-07T19:08:09.012+0000] {processor.py:756} INFO - Processing file /home/airflow/.local/lib/python3.7/site-packages/airflow/example_dags/example_python_operator.py for tasks to queue
[2023-11-07T19:08:09.014+0000] {logging_mixin.py:120} INFO - [2023-11-07T19:08:09.013+0000] {dagbag.py:537} INFO - Filling up the DagBag from /home/airflow/.local/lib/python3.7/site-packages/airflow/example_dags/example_python_operator.py
[2023-11-07T19:08:09.039+0000] {logging_mixin.py:120} INFO - [2023-11-07T19:08:09.039+0000] {taskmixin.py:205} WARNING - Dependency <Task(_PythonDecoratedOperator): print_the_context>, log_sql_query already registered for DAG: example_python_operator
[2023-11-07T19:08:09.043+0000] {logging_mixin.py:120} INFO - [2023-11-07T19:08:09.043+0000] {taskmixin.py:205} WARNING - Dependency <Task(_PythonDecoratedOperator): log_sql_query>, print_the_context already registered for DAG: example_python_operator
[2023-11-07T19:08:09.054+0000] {logging_mixin.py:120} INFO - [2023-11-07T19:08:09.054+0000] {taskmixin.py:205} WARNING - Dependency <Task(_PythonDecoratedOperator): print_the_context>, log_sql_query already registered for DAG: example_python_operator
[2023-11-07T19:08:09.062+0000] {logging_mixin.py:120} INFO - [2023-11-07T19:08:09.061+0000] {taskmixin.py:205} WARNING - Dependency <Task(_PythonDecoratedOperator): log_sql_query>, print_the_context already registered for DAG: example_python_operator
[2023-11-07T19:08:09.079+0000] {logging_mixin.py:120} INFO - [2023-11-07T19:08:09.079+0000] {taskmixin.py:205} WARNING - Dependency <Task(_PythonDecoratedOperator): print_the_context>, log_sql_query already registered for DAG: example_python_operator
[2023-11-07T19:08:09.085+0000] {logging_mixin.py:120} INFO - [2023-11-07T19:08:09.084+0000] {taskmixin.py:205} WARNING - Dependency <Task(_PythonDecoratedOperator): log_sql_query>, print_the_context already registered for DAG: example_python_operator
[2023-11-07T19:08:09.092+0000] {logging_mixin.py:120} INFO - [2023-11-07T19:08:09.092+0000] {taskmixin.py:205} WARNING - Dependency <Task(_PythonDecoratedOperator): print_the_context>, log_sql_query already registered for DAG: example_python_operator
[2023-11-07T19:08:09.102+0000] {logging_mixin.py:120} INFO - [2023-11-07T19:08:09.101+0000] {taskmixin.py:205} WARNING - Dependency <Task(_PythonDecoratedOperator): log_sql_query>, print_the_context already registered for DAG: example_python_operator
[2023-11-07T19:08:09.148+0000] {processor.py:766} INFO - DAG(s) dict_keys(['example_python_operator']) retrieved from /home/airflow/.local/lib/python3.7/site-packages/airflow/example_dags/example_python_operator.py
[2023-11-07T19:08:09.342+0000] {logging_mixin.py:120} INFO - [2023-11-07T19:08:09.342+0000] {dag.py:2585} INFO - Sync 1 DAGs
[2023-11-07T19:08:09.527+0000] {logging_mixin.py:120} INFO - [2023-11-07T19:08:09.527+0000] {dag.py:3340} INFO - Setting next_dagrun for example_python_operator to None, run_after=None
[2023-11-07T19:08:09.613+0000] {processor.py:176} INFO - Processing /home/airflow/.local/lib/python3.7/site-packages/airflow/example_dags/example_python_operator.py took 0.606 seconds
[2023-11-07T19:08:40.102+0000] {processor.py:154} INFO - Started process (PID=170) to work on /home/airflow/.local/lib/python3.7/site-packages/airflow/example_dags/example_python_operator.py
[2023-11-07T19:08:40.103+0000] {processor.py:756} INFO - Processing file /home/airflow/.local/lib/python3.7/site-packages/airflow/example_dags/example_python_operator.py for tasks to queue
[2023-11-07T19:08:40.105+0000] {logging_mixin.py:120} INFO - [2023-11-07T19:08:40.105+0000] {dagbag.py:537} INFO - Filling up the DagBag from /home/airflow/.local/lib/python3.7/site-packages/airflow/example_dags/example_python_operator.py
[2023-11-07T19:08:40.124+0000] {logging_mixin.py:120} INFO - [2023-11-07T19:08:40.124+0000] {taskmixin.py:205} WARNING - Dependency <Task(_PythonDecoratedOperator): print_the_context>, log_sql_query already registered for DAG: example_python_operator
[2023-11-07T19:08:40.125+0000] {logging_mixin.py:120} INFO - [2023-11-07T19:08:40.125+0000] {taskmixin.py:205} WARNING - Dependency <Task(_PythonDecoratedOperator): log_sql_query>, print_the_context already registered for DAG: example_python_operator
[2023-11-07T19:08:40.127+0000] {logging_mixin.py:120} INFO - [2023-11-07T19:08:40.127+0000] {taskmixin.py:205} WARNING - Dependency <Task(_PythonDecoratedOperator): print_the_context>, log_sql_query already registered for DAG: example_python_operator
[2023-11-07T19:08:40.128+0000] {logging_mixin.py:120} INFO - [2023-11-07T19:08:40.128+0000] {taskmixin.py:205} WARNING - Dependency <Task(_PythonDecoratedOperator): log_sql_query>, print_the_context already registered for DAG: example_python_operator
[2023-11-07T19:08:40.129+0000] {logging_mixin.py:120} INFO - [2023-11-07T19:08:40.129+0000] {taskmixin.py:205} WARNING - Dependency <Task(_PythonDecoratedOperator): print_the_context>, log_sql_query already registered for DAG: example_python_operator
[2023-11-07T19:08:40.130+0000] {logging_mixin.py:120} INFO - [2023-11-07T19:08:40.130+0000] {taskmixin.py:205} WARNING - Dependency <Task(_PythonDecoratedOperator): log_sql_query>, print_the_context already registered for DAG: example_python_operator
[2023-11-07T19:08:40.132+0000] {logging_mixin.py:120} INFO - [2023-11-07T19:08:40.132+0000] {taskmixin.py:205} WARNING - Dependency <Task(_PythonDecoratedOperator): print_the_context>, log_sql_query already registered for DAG: example_python_operator
[2023-11-07T19:08:40.133+0000] {logging_mixin.py:120} INFO - [2023-11-07T19:08:40.133+0000] {taskmixin.py:205} WARNING - Dependency <Task(_PythonDecoratedOperator): log_sql_query>, print_the_context already registered for DAG: example_python_operator
[2023-11-07T19:08:40.143+0000] {processor.py:766} INFO - DAG(s) dict_keys(['example_python_operator']) retrieved from /home/airflow/.local/lib/python3.7/site-packages/airflow/example_dags/example_python_operator.py
[2023-11-07T19:08:40.191+0000] {logging_mixin.py:120} INFO - [2023-11-07T19:08:40.191+0000] {dag.py:2585} INFO - Sync 1 DAGs
[2023-11-07T19:08:40.225+0000] {logging_mixin.py:120} INFO - [2023-11-07T19:08:40.225+0000] {dag.py:3340} INFO - Setting next_dagrun for example_python_operator to None, run_after=None
[2023-11-07T19:08:40.255+0000] {processor.py:176} INFO - Processing /home/airflow/.local/lib/python3.7/site-packages/airflow/example_dags/example_python_operator.py took 0.156 seconds
[2023-11-07T19:09:10.929+0000] {processor.py:154} INFO - Started process (PID=254) to work on /home/airflow/.local/lib/python3.7/site-packages/airflow/example_dags/example_python_operator.py
[2023-11-07T19:09:10.930+0000] {processor.py:756} INFO - Processing file /home/airflow/.local/lib/python3.7/site-packages/airflow/example_dags/example_python_operator.py for tasks to queue
[2023-11-07T19:09:10.931+0000] {logging_mixin.py:120} INFO - [2023-11-07T19:09:10.931+0000] {dagbag.py:537} INFO - Filling up the DagBag from /home/airflow/.local/lib/python3.7/site-packages/airflow/example_dags/example_python_operator.py
[2023-11-07T19:09:10.951+0000] {logging_mixin.py:120} INFO - [2023-11-07T19:09:10.951+0000] {taskmixin.py:205} WARNING - Dependency <Task(_PythonDecoratedOperator): print_the_context>, log_sql_query already registered for DAG: example_python_operator
[2023-11-07T19:09:10.952+0000] {logging_mixin.py:120} INFO - [2023-11-07T19:09:10.952+0000] {taskmixin.py:205} WARNING - Dependency <Task(_PythonDecoratedOperator): log_sql_query>, print_the_context already registered for DAG: example_python_operator
[2023-11-07T19:09:10.954+0000] {logging_mixin.py:120} INFO - [2023-11-07T19:09:10.954+0000] {taskmixin.py:205} WARNING - Dependency <Task(_PythonDecoratedOperator): print_the_context>, log_sql_query already registered for DAG: example_python_operator
[2023-11-07T19:09:10.955+0000] {logging_mixin.py:120} INFO - [2023-11-07T19:09:10.955+0000] {taskmixin.py:205} WARNING - Dependency <Task(_PythonDecoratedOperator): log_sql_query>, print_the_context already registered for DAG: example_python_operator
[2023-11-07T19:09:10.959+0000] {logging_mixin.py:120} INFO - [2023-11-07T19:09:10.959+0000] {taskmixin.py:205} WARNING - Dependency <Task(_PythonDecoratedOperator): print_the_context>, log_sql_query already registered for DAG: example_python_operator
[2023-11-07T19:09:10.960+0000] {logging_mixin.py:120} INFO - [2023-11-07T19:09:10.960+0000] {taskmixin.py:205} WARNING - Dependency <Task(_PythonDecoratedOperator): log_sql_query>, print_the_context already registered for DAG: example_python_operator
[2023-11-07T19:09:10.962+0000] {logging_mixin.py:120} INFO - [2023-11-07T19:09:10.962+0000] {taskmixin.py:205} WARNING - Dependency <Task(_PythonDecoratedOperator): print_the_context>, log_sql_query already registered for DAG: example_python_operator
[2023-11-07T19:09:10.963+0000] {logging_mixin.py:120} INFO - [2023-11-07T19:09:10.963+0000] {taskmixin.py:205} WARNING - Dependency <Task(_PythonDecoratedOperator): log_sql_query>, print_the_context already registered for DAG: example_python_operator
[2023-11-07T19:09:10.974+0000] {processor.py:766} INFO - DAG(s) dict_keys(['example_python_operator']) retrieved from /home/airflow/.local/lib/python3.7/site-packages/airflow/example_dags/example_python_operator.py
[2023-11-07T19:09:11.024+0000] {logging_mixin.py:120} INFO - [2023-11-07T19:09:11.023+0000] {dag.py:2585} INFO - Sync 1 DAGs
[2023-11-07T19:09:11.054+0000] {logging_mixin.py:120} INFO - [2023-11-07T19:09:11.054+0000] {dag.py:3340} INFO - Setting next_dagrun for example_python_operator to None, run_after=None
[2023-11-07T19:09:11.083+0000] {processor.py:176} INFO - Processing /home/airflow/.local/lib/python3.7/site-packages/airflow/example_dags/example_python_operator.py took 0.157 seconds
[2023-11-07T19:09:41.291+0000] {processor.py:154} INFO - Started process (PID=329) to work on /home/airflow/.local/lib/python3.7/site-packages/airflow/example_dags/example_python_operator.py
[2023-11-07T19:09:41.293+0000] {processor.py:756} INFO - Processing file /home/airflow/.local/lib/python3.7/site-packages/airflow/example_dags/example_python_operator.py for tasks to queue
[2023-11-07T19:09:41.294+0000] {logging_mixin.py:120} INFO - [2023-11-07T19:09:41.294+0000] {dagbag.py:537} INFO - Filling up the DagBag from /home/airflow/.local/lib/python3.7/site-packages/airflow/example_dags/example_python_operator.py
[2023-11-07T19:09:41.313+0000] {logging_mixin.py:120} INFO - [2023-11-07T19:09:41.312+0000] {taskmixin.py:205} WARNING - Dependency <Task(_PythonDecoratedOperator): print_the_context>, log_sql_query already registered for DAG: example_python_operator
[2023-11-07T19:09:41.314+0000] {logging_mixin.py:120} INFO - [2023-11-07T19:09:41.313+0000] {taskmixin.py:205} WARNING - Dependency <Task(_PythonDecoratedOperator): log_sql_query>, print_the_context already registered for DAG: example_python_operator
[2023-11-07T19:09:41.315+0000] {logging_mixin.py:120} INFO - [2023-11-07T19:09:41.315+0000] {taskmixin.py:205} WARNING - Dependency <Task(_PythonDecoratedOperator): print_the_context>, log_sql_query already registered for DAG: example_python_operator
[2023-11-07T19:09:41.316+0000] {logging_mixin.py:120} INFO - [2023-11-07T19:09:41.315+0000] {taskmixin.py:205} WARNING - Dependency <Task(_PythonDecoratedOperator): log_sql_query>, print_the_context already registered for DAG: example_python_operator
[2023-11-07T19:09:41.317+0000] {logging_mixin.py:120} INFO - [2023-11-07T19:09:41.317+0000] {taskmixin.py:205} WARNING - Dependency <Task(_PythonDecoratedOperator): print_the_context>, log_sql_query already registered for DAG: example_python_operator
[2023-11-07T19:09:41.318+0000] {logging_mixin.py:120} INFO - [2023-11-07T19:09:41.318+0000] {taskmixin.py:205} WARNING - Dependency <Task(_PythonDecoratedOperator): log_sql_query>, print_the_context already registered for DAG: example_python_operator
[2023-11-07T19:09:41.320+0000] {logging_mixin.py:120} INFO - [2023-11-07T19:09:41.320+0000] {taskmixin.py:205} WARNING - Dependency <Task(_PythonDecoratedOperator): print_the_context>, log_sql_query already registered for DAG: example_python_operator
[2023-11-07T19:09:41.321+0000] {logging_mixin.py:120} INFO - [2023-11-07T19:09:41.321+0000] {taskmixin.py:205} WARNING - Dependency <Task(_PythonDecoratedOperator): log_sql_query>, print_the_context already registered for DAG: example_python_operator
[2023-11-07T19:09:41.331+0000] {processor.py:766} INFO - DAG(s) dict_keys(['example_python_operator']) retrieved from /home/airflow/.local/lib/python3.7/site-packages/airflow/example_dags/example_python_operator.py
[2023-11-07T19:09:41.383+0000] {logging_mixin.py:120} INFO - [2023-11-07T19:09:41.383+0000] {dag.py:2585} INFO - Sync 1 DAGs
[2023-11-07T19:09:41.419+0000] {logging_mixin.py:120} INFO - [2023-11-07T19:09:41.418+0000] {dag.py:3340} INFO - Setting next_dagrun for example_python_operator to None, run_after=None
[2023-11-07T19:09:41.452+0000] {processor.py:176} INFO - Processing /home/airflow/.local/lib/python3.7/site-packages/airflow/example_dags/example_python_operator.py took 0.163 seconds
[2023-11-07T19:10:12.544+0000] {processor.py:154} INFO - Started process (PID=413) to work on /home/airflow/.local/lib/python3.7/site-packages/airflow/example_dags/example_python_operator.py
[2023-11-07T19:10:12.546+0000] {processor.py:756} INFO - Processing file /home/airflow/.local/lib/python3.7/site-packages/airflow/example_dags/example_python_operator.py for tasks to queue
[2023-11-07T19:10:12.547+0000] {logging_mixin.py:120} INFO - [2023-11-07T19:10:12.547+0000] {dagbag.py:537} INFO - Filling up the DagBag from /home/airflow/.local/lib/python3.7/site-packages/airflow/example_dags/example_python_operator.py
[2023-11-07T19:10:12.566+0000] {logging_mixin.py:120} INFO - [2023-11-07T19:10:12.566+0000] {taskmixin.py:205} WARNING - Dependency <Task(_PythonDecoratedOperator): print_the_context>, log_sql_query already registered for DAG: example_python_operator
[2023-11-07T19:10:12.567+0000] {logging_mixin.py:120} INFO - [2023-11-07T19:10:12.567+0000] {taskmixin.py:205} WARNING - Dependency <Task(_PythonDecoratedOperator): log_sql_query>, print_the_context already registered for DAG: example_python_operator
[2023-11-07T19:10:12.568+0000] {logging_mixin.py:120} INFO - [2023-11-07T19:10:12.568+0000] {taskmixin.py:205} WARNING - Dependency <Task(_PythonDecoratedOperator): print_the_context>, log_sql_query already registered for DAG: example_python_operator
[2023-11-07T19:10:12.569+0000] {logging_mixin.py:120} INFO - [2023-11-07T19:10:12.569+0000] {taskmixin.py:205} WARNING - Dependency <Task(_PythonDecoratedOperator): log_sql_query>, print_the_context already registered for DAG: example_python_operator
[2023-11-07T19:10:12.570+0000] {logging_mixin.py:120} INFO - [2023-11-07T19:10:12.570+0000] {taskmixin.py:205} WARNING - Dependency <Task(_PythonDecoratedOperator): print_the_context>, log_sql_query already registered for DAG: example_python_operator
[2023-11-07T19:10:12.572+0000] {logging_mixin.py:120} INFO - [2023-11-07T19:10:12.572+0000] {taskmixin.py:205} WARNING - Dependency <Task(_PythonDecoratedOperator): log_sql_query>, print_the_context already registered for DAG: example_python_operator
[2023-11-07T19:10:12.574+0000] {logging_mixin.py:120} INFO - [2023-11-07T19:10:12.573+0000] {taskmixin.py:205} WARNING - Dependency <Task(_PythonDecoratedOperator): print_the_context>, log_sql_query already registered for DAG: example_python_operator
[2023-11-07T19:10:12.575+0000] {logging_mixin.py:120} INFO - [2023-11-07T19:10:12.574+0000] {taskmixin.py:205} WARNING - Dependency <Task(_PythonDecoratedOperator): log_sql_query>, print_the_context already registered for DAG: example_python_operator
[2023-11-07T19:10:12.584+0000] {processor.py:766} INFO - DAG(s) dict_keys(['example_python_operator']) retrieved from /home/airflow/.local/lib/python3.7/site-packages/airflow/example_dags/example_python_operator.py
[2023-11-07T19:10:12.635+0000] {logging_mixin.py:120} INFO - [2023-11-07T19:10:12.634+0000] {dag.py:2585} INFO - Sync 1 DAGs
[2023-11-07T19:10:12.674+0000] {logging_mixin.py:120} INFO - [2023-11-07T19:10:12.674+0000] {dag.py:3340} INFO - Setting next_dagrun for example_python_operator to None, run_after=None
[2023-11-07T19:10:12.708+0000] {processor.py:176} INFO - Processing /home/airflow/.local/lib/python3.7/site-packages/airflow/example_dags/example_python_operator.py took 0.166 seconds
[2023-11-07T19:10:42.809+0000] {processor.py:154} INFO - Started process (PID=487) to work on /home/airflow/.local/lib/python3.7/site-packages/airflow/example_dags/example_python_operator.py
[2023-11-07T19:10:42.810+0000] {processor.py:756} INFO - Processing file /home/airflow/.local/lib/python3.7/site-packages/airflow/example_dags/example_python_operator.py for tasks to queue
[2023-11-07T19:10:42.812+0000] {logging_mixin.py:120} INFO - [2023-11-07T19:10:42.812+0000] {dagbag.py:537} INFO - Filling up the DagBag from /home/airflow/.local/lib/python3.7/site-packages/airflow/example_dags/example_python_operator.py
[2023-11-07T19:10:42.831+0000] {logging_mixin.py:120} INFO - [2023-11-07T19:10:42.831+0000] {taskmixin.py:205} WARNING - Dependency <Task(_PythonDecoratedOperator): print_the_context>, log_sql_query already registered for DAG: example_python_operator
[2023-11-07T19:10:42.832+0000] {logging_mixin.py:120} INFO - [2023-11-07T19:10:42.832+0000] {taskmixin.py:205} WARNING - Dependency <Task(_PythonDecoratedOperator): log_sql_query>, print_the_context already registered for DAG: example_python_operator
[2023-11-07T19:10:42.834+0000] {logging_mixin.py:120} INFO - [2023-11-07T19:10:42.834+0000] {taskmixin.py:205} WARNING - Dependency <Task(_PythonDecoratedOperator): print_the_context>, log_sql_query already registered for DAG: example_python_operator
[2023-11-07T19:10:42.835+0000] {logging_mixin.py:120} INFO - [2023-11-07T19:10:42.835+0000] {taskmixin.py:205} WARNING - Dependency <Task(_PythonDecoratedOperator): log_sql_query>, print_the_context already registered for DAG: example_python_operator
[2023-11-07T19:10:42.837+0000] {logging_mixin.py:120} INFO - [2023-11-07T19:10:42.836+0000] {taskmixin.py:205} WARNING - Dependency <Task(_PythonDecoratedOperator): print_the_context>, log_sql_query already registered for DAG: example_python_operator
[2023-11-07T19:10:42.838+0000] {logging_mixin.py:120} INFO - [2023-11-07T19:10:42.837+0000] {taskmixin.py:205} WARNING - Dependency <Task(_PythonDecoratedOperator): log_sql_query>, print_the_context already registered for DAG: example_python_operator
[2023-11-07T19:10:42.839+0000] {logging_mixin.py:120} INFO - [2023-11-07T19:10:42.839+0000] {taskmixin.py:205} WARNING - Dependency <Task(_PythonDecoratedOperator): print_the_context>, log_sql_query already registered for DAG: example_python_operator
[2023-11-07T19:10:42.840+0000] {logging_mixin.py:120} INFO - [2023-11-07T19:10:42.840+0000] {taskmixin.py:205} WARNING - Dependency <Task(_PythonDecoratedOperator): log_sql_query>, print_the_context already registered for DAG: example_python_operator
[2023-11-07T19:10:42.849+0000] {processor.py:766} INFO - DAG(s) dict_keys(['example_python_operator']) retrieved from /home/airflow/.local/lib/python3.7/site-packages/airflow/example_dags/example_python_operator.py
[2023-11-07T19:10:42.903+0000] {logging_mixin.py:120} INFO - [2023-11-07T19:10:42.903+0000] {dag.py:2585} INFO - Sync 1 DAGs
[2023-11-07T19:10:42.940+0000] {logging_mixin.py:120} INFO - [2023-11-07T19:10:42.940+0000] {dag.py:3340} INFO - Setting next_dagrun for example_python_operator to None, run_after=None
[2023-11-07T19:10:42.989+0000] {processor.py:176} INFO - Processing /home/airflow/.local/lib/python3.7/site-packages/airflow/example_dags/example_python_operator.py took 0.182 seconds
[2023-11-07T19:11:14.722+0000] {processor.py:154} INFO - Started process (PID=570) to work on /home/airflow/.local/lib/python3.7/site-packages/airflow/example_dags/example_python_operator.py
[2023-11-07T19:11:14.724+0000] {processor.py:756} INFO - Processing file /home/airflow/.local/lib/python3.7/site-packages/airflow/example_dags/example_python_operator.py for tasks to queue
[2023-11-07T19:11:14.726+0000] {logging_mixin.py:120} INFO - [2023-11-07T19:11:14.725+0000] {dagbag.py:537} INFO - Filling up the DagBag from /home/airflow/.local/lib/python3.7/site-packages/airflow/example_dags/example_python_operator.py
[2023-11-07T19:11:14.762+0000] {logging_mixin.py:120} INFO - [2023-11-07T19:11:14.761+0000] {taskmixin.py:205} WARNING - Dependency <Task(_PythonDecoratedOperator): print_the_context>, log_sql_query already registered for DAG: example_python_operator
[2023-11-07T19:11:14.763+0000] {logging_mixin.py:120} INFO - [2023-11-07T19:11:14.762+0000] {taskmixin.py:205} WARNING - Dependency <Task(_PythonDecoratedOperator): log_sql_query>, print_the_context already registered for DAG: example_python_operator
[2023-11-07T19:11:14.765+0000] {logging_mixin.py:120} INFO - [2023-11-07T19:11:14.765+0000] {taskmixin.py:205} WARNING - Dependency <Task(_PythonDecoratedOperator): print_the_context>, log_sql_query already registered for DAG: example_python_operator
[2023-11-07T19:11:14.766+0000] {logging_mixin.py:120} INFO - [2023-11-07T19:11:14.766+0000] {taskmixin.py:205} WARNING - Dependency <Task(_PythonDecoratedOperator): log_sql_query>, print_the_context already registered for DAG: example_python_operator
[2023-11-07T19:11:14.768+0000] {logging_mixin.py:120} INFO - [2023-11-07T19:11:14.768+0000] {taskmixin.py:205} WARNING - Dependency <Task(_PythonDecoratedOperator): print_the_context>, log_sql_query already registered for DAG: example_python_operator
[2023-11-07T19:11:14.772+0000] {logging_mixin.py:120} INFO - [2023-11-07T19:11:14.771+0000] {taskmixin.py:205} WARNING - Dependency <Task(_PythonDecoratedOperator): log_sql_query>, print_the_context already registered for DAG: example_python_operator
[2023-11-07T19:11:14.774+0000] {logging_mixin.py:120} INFO - [2023-11-07T19:11:14.774+0000] {taskmixin.py:205} WARNING - Dependency <Task(_PythonDecoratedOperator): print_the_context>, log_sql_query already registered for DAG: example_python_operator
[2023-11-07T19:11:14.775+0000] {logging_mixin.py:120} INFO - [2023-11-07T19:11:14.775+0000] {taskmixin.py:205} WARNING - Dependency <Task(_PythonDecoratedOperator): log_sql_query>, print_the_context already registered for DAG: example_python_operator
[2023-11-07T19:11:14.790+0000] {processor.py:766} INFO - DAG(s) dict_keys(['example_python_operator']) retrieved from /home/airflow/.local/lib/python3.7/site-packages/airflow/example_dags/example_python_operator.py
[2023-11-07T19:11:14.873+0000] {logging_mixin.py:120} INFO - [2023-11-07T19:11:14.873+0000] {dag.py:2585} INFO - Sync 1 DAGs
[2023-11-07T19:11:14.912+0000] {logging_mixin.py:120} INFO - [2023-11-07T19:11:14.912+0000] {dag.py:3340} INFO - Setting next_dagrun for example_python_operator to None, run_after=None
[2023-11-07T19:11:14.945+0000] {processor.py:176} INFO - Processing /home/airflow/.local/lib/python3.7/site-packages/airflow/example_dags/example_python_operator.py took 0.226 seconds
