[2023-11-07T18:57:28.112+0000] {processor.py:154} INFO - Started process (PID=86) to work on /home/airflow/.local/lib/python3.7/site-packages/airflow/example_dags/example_datasets.py
[2023-11-07T18:57:28.114+0000] {processor.py:756} INFO - Processing file /home/airflow/.local/lib/python3.7/site-packages/airflow/example_dags/example_datasets.py for tasks to queue
[2023-11-07T18:57:28.120+0000] {logging_mixin.py:120} INFO - [2023-11-07T18:57:28.119+0000] {dagbag.py:537} INFO - Filling up the DagBag from /home/airflow/.local/lib/python3.7/site-packages/airflow/example_dags/example_datasets.py
[2023-11-07T18:57:28.162+0000] {processor.py:766} INFO - DAG(s) dict_keys(['dataset_consumes_1_and_2', 'dataset_consumes_1_never_scheduled', 'dataset_consumes_1', 'dataset_produces_2', 'dataset_produces_1', 'dataset_consumes_unknown_never_scheduled']) retrieved from /home/airflow/.local/lib/python3.7/site-packages/airflow/example_dags/example_datasets.py
[2023-11-07T18:57:28.384+0000] {logging_mixin.py:120} INFO - [2023-11-07T18:57:28.384+0000] {dag.py:2585} INFO - Sync 6 DAGs
[2023-11-07T18:57:28.422+0000] {logging_mixin.py:120} INFO - [2023-11-07T18:57:28.421+0000] {dag.py:3340} INFO - Setting next_dagrun for dataset_consumes_1 to None, run_after=None
[2023-11-07T18:57:28.432+0000] {logging_mixin.py:120} INFO - [2023-11-07T18:57:28.432+0000] {dag.py:3340} INFO - Setting next_dagrun for dataset_consumes_1_and_2 to None, run_after=None
[2023-11-07T18:57:28.435+0000] {logging_mixin.py:120} INFO - [2023-11-07T18:57:28.435+0000] {dag.py:3340} INFO - Setting next_dagrun for dataset_consumes_1_never_scheduled to None, run_after=None
[2023-11-07T18:57:28.438+0000] {logging_mixin.py:120} INFO - [2023-11-07T18:57:28.438+0000] {dag.py:3340} INFO - Setting next_dagrun for dataset_consumes_unknown_never_scheduled to None, run_after=None
[2023-11-07T18:57:28.444+0000] {logging_mixin.py:120} INFO - [2023-11-07T18:57:28.443+0000] {dag.py:3340} INFO - Setting next_dagrun for dataset_produces_1 to 2023-11-06T00:00:00+00:00, run_after=2023-11-07T00:00:00+00:00
[2023-11-07T18:57:28.448+0000] {logging_mixin.py:120} INFO - [2023-11-07T18:57:28.448+0000] {dag.py:3340} INFO - Setting next_dagrun for dataset_produces_2 to None, run_after=None
[2023-11-07T18:57:28.543+0000] {processor.py:176} INFO - Processing /home/airflow/.local/lib/python3.7/site-packages/airflow/example_dags/example_datasets.py took 0.435 seconds
[2023-11-07T18:57:58.653+0000] {processor.py:154} INFO - Started process (PID=159) to work on /home/airflow/.local/lib/python3.7/site-packages/airflow/example_dags/example_datasets.py
[2023-11-07T18:57:58.654+0000] {processor.py:756} INFO - Processing file /home/airflow/.local/lib/python3.7/site-packages/airflow/example_dags/example_datasets.py for tasks to queue
[2023-11-07T18:57:58.655+0000] {logging_mixin.py:120} INFO - [2023-11-07T18:57:58.655+0000] {dagbag.py:537} INFO - Filling up the DagBag from /home/airflow/.local/lib/python3.7/site-packages/airflow/example_dags/example_datasets.py
[2023-11-07T18:57:58.672+0000] {processor.py:766} INFO - DAG(s) dict_keys(['dataset_consumes_1', 'dataset_produces_1', 'dataset_consumes_1_never_scheduled', 'dataset_consumes_1_and_2', 'dataset_consumes_unknown_never_scheduled', 'dataset_produces_2']) retrieved from /home/airflow/.local/lib/python3.7/site-packages/airflow/example_dags/example_datasets.py
[2023-11-07T18:57:58.740+0000] {logging_mixin.py:120} INFO - [2023-11-07T18:57:58.739+0000] {dag.py:2585} INFO - Sync 6 DAGs
[2023-11-07T18:57:58.772+0000] {logging_mixin.py:120} INFO - [2023-11-07T18:57:58.772+0000] {dag.py:3340} INFO - Setting next_dagrun for dataset_consumes_1 to None, run_after=None
[2023-11-07T18:57:58.778+0000] {logging_mixin.py:120} INFO - [2023-11-07T18:57:58.778+0000] {dag.py:3340} INFO - Setting next_dagrun for dataset_consumes_1_and_2 to None, run_after=None
[2023-11-07T18:57:58.780+0000] {logging_mixin.py:120} INFO - [2023-11-07T18:57:58.780+0000] {dag.py:3340} INFO - Setting next_dagrun for dataset_consumes_1_never_scheduled to None, run_after=None
[2023-11-07T18:57:58.783+0000] {logging_mixin.py:120} INFO - [2023-11-07T18:57:58.783+0000] {dag.py:3340} INFO - Setting next_dagrun for dataset_consumes_unknown_never_scheduled to None, run_after=None
[2023-11-07T18:57:58.788+0000] {logging_mixin.py:120} INFO - [2023-11-07T18:57:58.788+0000] {dag.py:3340} INFO - Setting next_dagrun for dataset_produces_1 to 2023-11-06T00:00:00+00:00, run_after=2023-11-07T00:00:00+00:00
[2023-11-07T18:57:58.791+0000] {logging_mixin.py:120} INFO - [2023-11-07T18:57:58.791+0000] {dag.py:3340} INFO - Setting next_dagrun for dataset_produces_2 to None, run_after=None
[2023-11-07T18:57:58.833+0000] {processor.py:176} INFO - Processing /home/airflow/.local/lib/python3.7/site-packages/airflow/example_dags/example_datasets.py took 0.182 seconds
[2023-11-07T19:08:10.667+0000] {processor.py:154} INFO - Started process (PID=102) to work on /home/airflow/.local/lib/python3.7/site-packages/airflow/example_dags/example_datasets.py
[2023-11-07T19:08:10.671+0000] {processor.py:756} INFO - Processing file /home/airflow/.local/lib/python3.7/site-packages/airflow/example_dags/example_datasets.py for tasks to queue
[2023-11-07T19:08:10.673+0000] {logging_mixin.py:120} INFO - [2023-11-07T19:08:10.673+0000] {dagbag.py:537} INFO - Filling up the DagBag from /home/airflow/.local/lib/python3.7/site-packages/airflow/example_dags/example_datasets.py
[2023-11-07T19:08:10.783+0000] {processor.py:766} INFO - DAG(s) dict_keys(['dataset_produces_2', 'dataset_consumes_1', 'dataset_produces_1', 'dataset_consumes_1_and_2', 'dataset_consumes_unknown_never_scheduled', 'dataset_consumes_1_never_scheduled']) retrieved from /home/airflow/.local/lib/python3.7/site-packages/airflow/example_dags/example_datasets.py
[2023-11-07T19:08:11.102+0000] {logging_mixin.py:120} INFO - [2023-11-07T19:08:11.102+0000] {dag.py:2585} INFO - Sync 6 DAGs
[2023-11-07T19:08:11.179+0000] {logging_mixin.py:120} INFO - [2023-11-07T19:08:11.178+0000] {dag.py:3340} INFO - Setting next_dagrun for dataset_consumes_1 to None, run_after=None
[2023-11-07T19:08:11.194+0000] {logging_mixin.py:120} INFO - [2023-11-07T19:08:11.194+0000] {dag.py:3340} INFO - Setting next_dagrun for dataset_consumes_1_and_2 to None, run_after=None
[2023-11-07T19:08:11.203+0000] {logging_mixin.py:120} INFO - [2023-11-07T19:08:11.203+0000] {dag.py:3340} INFO - Setting next_dagrun for dataset_consumes_1_never_scheduled to None, run_after=None
[2023-11-07T19:08:11.209+0000] {logging_mixin.py:120} INFO - [2023-11-07T19:08:11.208+0000] {dag.py:3340} INFO - Setting next_dagrun for dataset_consumes_unknown_never_scheduled to None, run_after=None
[2023-11-07T19:08:11.219+0000] {logging_mixin.py:120} INFO - [2023-11-07T19:08:11.219+0000] {dag.py:3340} INFO - Setting next_dagrun for dataset_produces_1 to 2023-11-06T00:00:00+00:00, run_after=2023-11-07T00:00:00+00:00
[2023-11-07T19:08:11.236+0000] {logging_mixin.py:120} INFO - [2023-11-07T19:08:11.236+0000] {dag.py:3340} INFO - Setting next_dagrun for dataset_produces_2 to None, run_after=None
[2023-11-07T19:08:11.376+0000] {processor.py:176} INFO - Processing /home/airflow/.local/lib/python3.7/site-packages/airflow/example_dags/example_datasets.py took 0.712 seconds
[2023-11-07T19:08:41.723+0000] {processor.py:154} INFO - Started process (PID=175) to work on /home/airflow/.local/lib/python3.7/site-packages/airflow/example_dags/example_datasets.py
[2023-11-07T19:08:41.724+0000] {processor.py:756} INFO - Processing file /home/airflow/.local/lib/python3.7/site-packages/airflow/example_dags/example_datasets.py for tasks to queue
[2023-11-07T19:08:41.725+0000] {logging_mixin.py:120} INFO - [2023-11-07T19:08:41.725+0000] {dagbag.py:537} INFO - Filling up the DagBag from /home/airflow/.local/lib/python3.7/site-packages/airflow/example_dags/example_datasets.py
[2023-11-07T19:08:41.743+0000] {processor.py:766} INFO - DAG(s) dict_keys(['dataset_produces_2', 'dataset_consumes_unknown_never_scheduled', 'dataset_produces_1', 'dataset_consumes_1_never_scheduled', 'dataset_consumes_1', 'dataset_consumes_1_and_2']) retrieved from /home/airflow/.local/lib/python3.7/site-packages/airflow/example_dags/example_datasets.py
[2023-11-07T19:08:41.807+0000] {logging_mixin.py:120} INFO - [2023-11-07T19:08:41.807+0000] {dag.py:2585} INFO - Sync 6 DAGs
[2023-11-07T19:08:41.841+0000] {logging_mixin.py:120} INFO - [2023-11-07T19:08:41.840+0000] {dag.py:3340} INFO - Setting next_dagrun for dataset_consumes_1 to None, run_after=None
[2023-11-07T19:08:41.845+0000] {logging_mixin.py:120} INFO - [2023-11-07T19:08:41.845+0000] {dag.py:3340} INFO - Setting next_dagrun for dataset_consumes_1_and_2 to None, run_after=None
[2023-11-07T19:08:41.848+0000] {logging_mixin.py:120} INFO - [2023-11-07T19:08:41.848+0000] {dag.py:3340} INFO - Setting next_dagrun for dataset_consumes_1_never_scheduled to None, run_after=None
[2023-11-07T19:08:41.850+0000] {logging_mixin.py:120} INFO - [2023-11-07T19:08:41.850+0000] {dag.py:3340} INFO - Setting next_dagrun for dataset_consumes_unknown_never_scheduled to None, run_after=None
[2023-11-07T19:08:41.856+0000] {logging_mixin.py:120} INFO - [2023-11-07T19:08:41.856+0000] {dag.py:3340} INFO - Setting next_dagrun for dataset_produces_1 to 2023-11-06T00:00:00+00:00, run_after=2023-11-07T00:00:00+00:00
[2023-11-07T19:08:41.859+0000] {logging_mixin.py:120} INFO - [2023-11-07T19:08:41.859+0000] {dag.py:3340} INFO - Setting next_dagrun for dataset_produces_2 to None, run_after=None
[2023-11-07T19:08:41.899+0000] {processor.py:176} INFO - Processing /home/airflow/.local/lib/python3.7/site-packages/airflow/example_dags/example_datasets.py took 0.179 seconds
[2023-11-07T19:09:12.585+0000] {processor.py:154} INFO - Started process (PID=259) to work on /home/airflow/.local/lib/python3.7/site-packages/airflow/example_dags/example_datasets.py
[2023-11-07T19:09:12.586+0000] {processor.py:756} INFO - Processing file /home/airflow/.local/lib/python3.7/site-packages/airflow/example_dags/example_datasets.py for tasks to queue
[2023-11-07T19:09:12.587+0000] {logging_mixin.py:120} INFO - [2023-11-07T19:09:12.587+0000] {dagbag.py:537} INFO - Filling up the DagBag from /home/airflow/.local/lib/python3.7/site-packages/airflow/example_dags/example_datasets.py
[2023-11-07T19:09:12.606+0000] {processor.py:766} INFO - DAG(s) dict_keys(['dataset_consumes_1', 'dataset_produces_2', 'dataset_consumes_1_and_2', 'dataset_consumes_1_never_scheduled', 'dataset_produces_1', 'dataset_consumes_unknown_never_scheduled']) retrieved from /home/airflow/.local/lib/python3.7/site-packages/airflow/example_dags/example_datasets.py
[2023-11-07T19:09:12.676+0000] {logging_mixin.py:120} INFO - [2023-11-07T19:09:12.676+0000] {dag.py:2585} INFO - Sync 6 DAGs
[2023-11-07T19:09:12.712+0000] {logging_mixin.py:120} INFO - [2023-11-07T19:09:12.712+0000] {dag.py:3340} INFO - Setting next_dagrun for dataset_consumes_1 to None, run_after=None
[2023-11-07T19:09:12.718+0000] {logging_mixin.py:120} INFO - [2023-11-07T19:09:12.718+0000] {dag.py:3340} INFO - Setting next_dagrun for dataset_consumes_1_and_2 to None, run_after=None
[2023-11-07T19:09:12.720+0000] {logging_mixin.py:120} INFO - [2023-11-07T19:09:12.720+0000] {dag.py:3340} INFO - Setting next_dagrun for dataset_consumes_1_never_scheduled to None, run_after=None
[2023-11-07T19:09:12.723+0000] {logging_mixin.py:120} INFO - [2023-11-07T19:09:12.723+0000] {dag.py:3340} INFO - Setting next_dagrun for dataset_consumes_unknown_never_scheduled to None, run_after=None
[2023-11-07T19:09:12.728+0000] {logging_mixin.py:120} INFO - [2023-11-07T19:09:12.728+0000] {dag.py:3340} INFO - Setting next_dagrun for dataset_produces_1 to 2023-11-06T00:00:00+00:00, run_after=2023-11-07T00:00:00+00:00
[2023-11-07T19:09:12.730+0000] {logging_mixin.py:120} INFO - [2023-11-07T19:09:12.730+0000] {dag.py:3340} INFO - Setting next_dagrun for dataset_produces_2 to None, run_after=None
[2023-11-07T19:09:12.774+0000] {processor.py:176} INFO - Processing /home/airflow/.local/lib/python3.7/site-packages/airflow/example_dags/example_datasets.py took 0.191 seconds
[2023-11-07T19:09:42.929+0000] {processor.py:154} INFO - Started process (PID=334) to work on /home/airflow/.local/lib/python3.7/site-packages/airflow/example_dags/example_datasets.py
[2023-11-07T19:09:42.931+0000] {processor.py:756} INFO - Processing file /home/airflow/.local/lib/python3.7/site-packages/airflow/example_dags/example_datasets.py for tasks to queue
[2023-11-07T19:09:42.933+0000] {logging_mixin.py:120} INFO - [2023-11-07T19:09:42.932+0000] {dagbag.py:537} INFO - Filling up the DagBag from /home/airflow/.local/lib/python3.7/site-packages/airflow/example_dags/example_datasets.py
[2023-11-07T19:09:42.952+0000] {processor.py:766} INFO - DAG(s) dict_keys(['dataset_produces_1', 'dataset_consumes_unknown_never_scheduled', 'dataset_consumes_1_and_2', 'dataset_produces_2', 'dataset_consumes_1', 'dataset_consumes_1_never_scheduled']) retrieved from /home/airflow/.local/lib/python3.7/site-packages/airflow/example_dags/example_datasets.py
[2023-11-07T19:09:43.023+0000] {logging_mixin.py:120} INFO - [2023-11-07T19:09:43.022+0000] {dag.py:2585} INFO - Sync 6 DAGs
[2023-11-07T19:09:43.059+0000] {logging_mixin.py:120} INFO - [2023-11-07T19:09:43.059+0000] {dag.py:3340} INFO - Setting next_dagrun for dataset_consumes_1 to None, run_after=None
[2023-11-07T19:09:43.065+0000] {logging_mixin.py:120} INFO - [2023-11-07T19:09:43.064+0000] {dag.py:3340} INFO - Setting next_dagrun for dataset_consumes_1_and_2 to None, run_after=None
[2023-11-07T19:09:43.067+0000] {logging_mixin.py:120} INFO - [2023-11-07T19:09:43.067+0000] {dag.py:3340} INFO - Setting next_dagrun for dataset_consumes_1_never_scheduled to None, run_after=None
[2023-11-07T19:09:43.070+0000] {logging_mixin.py:120} INFO - [2023-11-07T19:09:43.069+0000] {dag.py:3340} INFO - Setting next_dagrun for dataset_consumes_unknown_never_scheduled to None, run_after=None
[2023-11-07T19:09:43.074+0000] {logging_mixin.py:120} INFO - [2023-11-07T19:09:43.074+0000] {dag.py:3340} INFO - Setting next_dagrun for dataset_produces_1 to 2023-11-06T00:00:00+00:00, run_after=2023-11-07T00:00:00+00:00
[2023-11-07T19:09:43.077+0000] {logging_mixin.py:120} INFO - [2023-11-07T19:09:43.076+0000] {dag.py:3340} INFO - Setting next_dagrun for dataset_produces_2 to None, run_after=None
[2023-11-07T19:09:43.133+0000] {processor.py:176} INFO - Processing /home/airflow/.local/lib/python3.7/site-packages/airflow/example_dags/example_datasets.py took 0.207 seconds
[2023-11-07T19:10:13.428+0000] {processor.py:154} INFO - Started process (PID=418) to work on /home/airflow/.local/lib/python3.7/site-packages/airflow/example_dags/example_datasets.py
[2023-11-07T19:10:13.430+0000] {processor.py:756} INFO - Processing file /home/airflow/.local/lib/python3.7/site-packages/airflow/example_dags/example_datasets.py for tasks to queue
[2023-11-07T19:10:13.431+0000] {logging_mixin.py:120} INFO - [2023-11-07T19:10:13.431+0000] {dagbag.py:537} INFO - Filling up the DagBag from /home/airflow/.local/lib/python3.7/site-packages/airflow/example_dags/example_datasets.py
[2023-11-07T19:10:13.451+0000] {processor.py:766} INFO - DAG(s) dict_keys(['dataset_consumes_unknown_never_scheduled', 'dataset_produces_2', 'dataset_produces_1', 'dataset_consumes_1_never_scheduled', 'dataset_consumes_1', 'dataset_consumes_1_and_2']) retrieved from /home/airflow/.local/lib/python3.7/site-packages/airflow/example_dags/example_datasets.py
[2023-11-07T19:10:13.541+0000] {logging_mixin.py:120} INFO - [2023-11-07T19:10:13.541+0000] {dag.py:2585} INFO - Sync 6 DAGs
[2023-11-07T19:10:13.579+0000] {logging_mixin.py:120} INFO - [2023-11-07T19:10:13.579+0000] {dag.py:3340} INFO - Setting next_dagrun for dataset_consumes_1 to None, run_after=None
[2023-11-07T19:10:13.584+0000] {logging_mixin.py:120} INFO - [2023-11-07T19:10:13.584+0000] {dag.py:3340} INFO - Setting next_dagrun for dataset_consumes_1_and_2 to None, run_after=None
[2023-11-07T19:10:13.587+0000] {logging_mixin.py:120} INFO - [2023-11-07T19:10:13.587+0000] {dag.py:3340} INFO - Setting next_dagrun for dataset_consumes_1_never_scheduled to None, run_after=None
[2023-11-07T19:10:13.589+0000] {logging_mixin.py:120} INFO - [2023-11-07T19:10:13.589+0000] {dag.py:3340} INFO - Setting next_dagrun for dataset_consumes_unknown_never_scheduled to None, run_after=None
[2023-11-07T19:10:13.594+0000] {logging_mixin.py:120} INFO - [2023-11-07T19:10:13.594+0000] {dag.py:3340} INFO - Setting next_dagrun for dataset_produces_1 to 2023-11-06T00:00:00+00:00, run_after=2023-11-07T00:00:00+00:00
[2023-11-07T19:10:13.597+0000] {logging_mixin.py:120} INFO - [2023-11-07T19:10:13.596+0000] {dag.py:3340} INFO - Setting next_dagrun for dataset_produces_2 to None, run_after=None
[2023-11-07T19:10:13.649+0000] {processor.py:176} INFO - Processing /home/airflow/.local/lib/python3.7/site-packages/airflow/example_dags/example_datasets.py took 0.224 seconds
[2023-11-07T19:10:43.787+0000] {processor.py:154} INFO - Started process (PID=492) to work on /home/airflow/.local/lib/python3.7/site-packages/airflow/example_dags/example_datasets.py
[2023-11-07T19:10:43.789+0000] {processor.py:756} INFO - Processing file /home/airflow/.local/lib/python3.7/site-packages/airflow/example_dags/example_datasets.py for tasks to queue
[2023-11-07T19:10:43.791+0000] {logging_mixin.py:120} INFO - [2023-11-07T19:10:43.790+0000] {dagbag.py:537} INFO - Filling up the DagBag from /home/airflow/.local/lib/python3.7/site-packages/airflow/example_dags/example_datasets.py
[2023-11-07T19:10:43.818+0000] {processor.py:766} INFO - DAG(s) dict_keys(['dataset_consumes_unknown_never_scheduled', 'dataset_consumes_1', 'dataset_produces_1', 'dataset_produces_2', 'dataset_consumes_1_never_scheduled', 'dataset_consumes_1_and_2']) retrieved from /home/airflow/.local/lib/python3.7/site-packages/airflow/example_dags/example_datasets.py
[2023-11-07T19:10:43.895+0000] {logging_mixin.py:120} INFO - [2023-11-07T19:10:43.895+0000] {dag.py:2585} INFO - Sync 6 DAGs
[2023-11-07T19:10:43.932+0000] {logging_mixin.py:120} INFO - [2023-11-07T19:10:43.932+0000] {dag.py:3340} INFO - Setting next_dagrun for dataset_consumes_1 to None, run_after=None
[2023-11-07T19:10:43.937+0000] {logging_mixin.py:120} INFO - [2023-11-07T19:10:43.937+0000] {dag.py:3340} INFO - Setting next_dagrun for dataset_consumes_1_and_2 to None, run_after=None
[2023-11-07T19:10:43.940+0000] {logging_mixin.py:120} INFO - [2023-11-07T19:10:43.940+0000] {dag.py:3340} INFO - Setting next_dagrun for dataset_consumes_1_never_scheduled to None, run_after=None
[2023-11-07T19:10:43.943+0000] {logging_mixin.py:120} INFO - [2023-11-07T19:10:43.942+0000] {dag.py:3340} INFO - Setting next_dagrun for dataset_consumes_unknown_never_scheduled to None, run_after=None
[2023-11-07T19:10:43.949+0000] {logging_mixin.py:120} INFO - [2023-11-07T19:10:43.949+0000] {dag.py:3340} INFO - Setting next_dagrun for dataset_produces_1 to 2023-11-06T00:00:00+00:00, run_after=2023-11-07T00:00:00+00:00
[2023-11-07T19:10:43.951+0000] {logging_mixin.py:120} INFO - [2023-11-07T19:10:43.951+0000] {dag.py:3340} INFO - Setting next_dagrun for dataset_produces_2 to None, run_after=None
[2023-11-07T19:10:43.996+0000] {processor.py:176} INFO - Processing /home/airflow/.local/lib/python3.7/site-packages/airflow/example_dags/example_datasets.py took 0.213 seconds
[2023-11-07T19:11:15.429+0000] {processor.py:154} INFO - Started process (PID=575) to work on /home/airflow/.local/lib/python3.7/site-packages/airflow/example_dags/example_datasets.py
[2023-11-07T19:11:15.430+0000] {processor.py:756} INFO - Processing file /home/airflow/.local/lib/python3.7/site-packages/airflow/example_dags/example_datasets.py for tasks to queue
[2023-11-07T19:11:15.432+0000] {logging_mixin.py:120} INFO - [2023-11-07T19:11:15.431+0000] {dagbag.py:537} INFO - Filling up the DagBag from /home/airflow/.local/lib/python3.7/site-packages/airflow/example_dags/example_datasets.py
[2023-11-07T19:11:15.453+0000] {processor.py:766} INFO - DAG(s) dict_keys(['dataset_produces_1', 'dataset_consumes_1_never_scheduled', 'dataset_consumes_1_and_2', 'dataset_consumes_unknown_never_scheduled', 'dataset_produces_2', 'dataset_consumes_1']) retrieved from /home/airflow/.local/lib/python3.7/site-packages/airflow/example_dags/example_datasets.py
[2023-11-07T19:11:15.540+0000] {logging_mixin.py:120} INFO - [2023-11-07T19:11:15.540+0000] {dag.py:2585} INFO - Sync 6 DAGs
[2023-11-07T19:11:15.580+0000] {logging_mixin.py:120} INFO - [2023-11-07T19:11:15.580+0000] {dag.py:3340} INFO - Setting next_dagrun for dataset_consumes_1 to None, run_after=None
[2023-11-07T19:11:15.586+0000] {logging_mixin.py:120} INFO - [2023-11-07T19:11:15.586+0000] {dag.py:3340} INFO - Setting next_dagrun for dataset_consumes_1_and_2 to None, run_after=None
[2023-11-07T19:11:15.588+0000] {logging_mixin.py:120} INFO - [2023-11-07T19:11:15.588+0000] {dag.py:3340} INFO - Setting next_dagrun for dataset_consumes_1_never_scheduled to None, run_after=None
[2023-11-07T19:11:15.592+0000] {logging_mixin.py:120} INFO - [2023-11-07T19:11:15.592+0000] {dag.py:3340} INFO - Setting next_dagrun for dataset_consumes_unknown_never_scheduled to None, run_after=None
[2023-11-07T19:11:15.597+0000] {logging_mixin.py:120} INFO - [2023-11-07T19:11:15.597+0000] {dag.py:3340} INFO - Setting next_dagrun for dataset_produces_1 to 2023-11-06T00:00:00+00:00, run_after=2023-11-07T00:00:00+00:00
[2023-11-07T19:11:15.599+0000] {logging_mixin.py:120} INFO - [2023-11-07T19:11:15.599+0000] {dag.py:3340} INFO - Setting next_dagrun for dataset_produces_2 to None, run_after=None
[2023-11-07T19:11:15.637+0000] {processor.py:176} INFO - Processing /home/airflow/.local/lib/python3.7/site-packages/airflow/example_dags/example_datasets.py took 0.211 seconds
