[2023-11-07T18:57:31.551+0000] {processor.py:154} INFO - Started process (PID=98) to work on /home/airflow/.local/lib/python3.7/site-packages/airflow/example_dags/example_skip_dag.py
[2023-11-07T18:57:31.555+0000] {processor.py:756} INFO - Processing file /home/airflow/.local/lib/python3.7/site-packages/airflow/example_dags/example_skip_dag.py for tasks to queue
[2023-11-07T18:57:31.559+0000] {logging_mixin.py:120} INFO - [2023-11-07T18:57:31.559+0000] {dagbag.py:537} INFO - Filling up the DagBag from /home/airflow/.local/lib/python3.7/site-packages/airflow/example_dags/example_skip_dag.py
[2023-11-07T18:57:31.586+0000] {processor.py:766} INFO - DAG(s) dict_keys(['example_skip_dag']) retrieved from /home/airflow/.local/lib/python3.7/site-packages/airflow/example_dags/example_skip_dag.py
[2023-11-07T18:57:31.661+0000] {logging_mixin.py:120} INFO - [2023-11-07T18:57:31.661+0000] {dag.py:2585} INFO - Sync 1 DAGs
[2023-11-07T18:57:31.733+0000] {logging_mixin.py:120} INFO - [2023-11-07T18:57:31.732+0000] {dag.py:3340} INFO - Setting next_dagrun for example_skip_dag to 2023-11-06T18:57:31.732547+00:00, run_after=2023-11-07T18:57:31.732547+00:00
[2023-11-07T18:57:31.791+0000] {processor.py:176} INFO - Processing /home/airflow/.local/lib/python3.7/site-packages/airflow/example_dags/example_skip_dag.py took 0.243 seconds
[2023-11-07T18:58:02.130+0000] {processor.py:154} INFO - Started process (PID=172) to work on /home/airflow/.local/lib/python3.7/site-packages/airflow/example_dags/example_skip_dag.py
[2023-11-07T18:58:02.131+0000] {processor.py:756} INFO - Processing file /home/airflow/.local/lib/python3.7/site-packages/airflow/example_dags/example_skip_dag.py for tasks to queue
[2023-11-07T18:58:02.132+0000] {logging_mixin.py:120} INFO - [2023-11-07T18:58:02.132+0000] {dagbag.py:537} INFO - Filling up the DagBag from /home/airflow/.local/lib/python3.7/site-packages/airflow/example_dags/example_skip_dag.py
[2023-11-07T18:58:02.146+0000] {processor.py:766} INFO - DAG(s) dict_keys(['example_skip_dag']) retrieved from /home/airflow/.local/lib/python3.7/site-packages/airflow/example_dags/example_skip_dag.py
[2023-11-07T18:58:02.190+0000] {logging_mixin.py:120} INFO - [2023-11-07T18:58:02.189+0000] {dag.py:2585} INFO - Sync 1 DAGs
[2023-11-07T18:58:02.222+0000] {logging_mixin.py:120} INFO - [2023-11-07T18:58:02.222+0000] {dag.py:3340} INFO - Setting next_dagrun for example_skip_dag to 2023-11-06T18:58:02.221964+00:00, run_after=2023-11-07T18:58:02.221964+00:00
[2023-11-07T18:58:02.251+0000] {processor.py:176} INFO - Processing /home/airflow/.local/lib/python3.7/site-packages/airflow/example_dags/example_skip_dag.py took 0.124 seconds
[2023-11-07T19:08:14.090+0000] {processor.py:154} INFO - Started process (PID=114) to work on /home/airflow/.local/lib/python3.7/site-packages/airflow/example_dags/example_skip_dag.py
[2023-11-07T19:08:14.093+0000] {processor.py:756} INFO - Processing file /home/airflow/.local/lib/python3.7/site-packages/airflow/example_dags/example_skip_dag.py for tasks to queue
[2023-11-07T19:08:14.095+0000] {logging_mixin.py:120} INFO - [2023-11-07T19:08:14.095+0000] {dagbag.py:537} INFO - Filling up the DagBag from /home/airflow/.local/lib/python3.7/site-packages/airflow/example_dags/example_skip_dag.py
[2023-11-07T19:08:14.135+0000] {processor.py:766} INFO - DAG(s) dict_keys(['example_skip_dag']) retrieved from /home/airflow/.local/lib/python3.7/site-packages/airflow/example_dags/example_skip_dag.py
[2023-11-07T19:08:14.208+0000] {logging_mixin.py:120} INFO - [2023-11-07T19:08:14.208+0000] {dag.py:2585} INFO - Sync 1 DAGs
[2023-11-07T19:08:14.245+0000] {logging_mixin.py:120} INFO - [2023-11-07T19:08:14.245+0000] {dag.py:3340} INFO - Setting next_dagrun for example_skip_dag to 2023-11-06T19:08:14.245030+00:00, run_after=2023-11-07T19:08:14.245030+00:00
[2023-11-07T19:08:14.294+0000] {processor.py:176} INFO - Processing /home/airflow/.local/lib/python3.7/site-packages/airflow/example_dags/example_skip_dag.py took 0.207 seconds
[2023-11-07T19:08:44.510+0000] {processor.py:154} INFO - Started process (PID=188) to work on /home/airflow/.local/lib/python3.7/site-packages/airflow/example_dags/example_skip_dag.py
[2023-11-07T19:08:44.511+0000] {processor.py:756} INFO - Processing file /home/airflow/.local/lib/python3.7/site-packages/airflow/example_dags/example_skip_dag.py for tasks to queue
[2023-11-07T19:08:44.512+0000] {logging_mixin.py:120} INFO - [2023-11-07T19:08:44.512+0000] {dagbag.py:537} INFO - Filling up the DagBag from /home/airflow/.local/lib/python3.7/site-packages/airflow/example_dags/example_skip_dag.py
[2023-11-07T19:08:44.528+0000] {processor.py:766} INFO - DAG(s) dict_keys(['example_skip_dag']) retrieved from /home/airflow/.local/lib/python3.7/site-packages/airflow/example_dags/example_skip_dag.py
[2023-11-07T19:08:44.575+0000] {logging_mixin.py:120} INFO - [2023-11-07T19:08:44.575+0000] {dag.py:2585} INFO - Sync 1 DAGs
[2023-11-07T19:08:44.614+0000] {logging_mixin.py:120} INFO - [2023-11-07T19:08:44.614+0000] {dag.py:3340} INFO - Setting next_dagrun for example_skip_dag to 2023-11-06T19:08:44.613958+00:00, run_after=2023-11-07T19:08:44.613958+00:00
[2023-11-07T19:08:44.647+0000] {processor.py:176} INFO - Processing /home/airflow/.local/lib/python3.7/site-packages/airflow/example_dags/example_skip_dag.py took 0.140 seconds
[2023-11-07T19:09:15.221+0000] {processor.py:154} INFO - Started process (PID=272) to work on /home/airflow/.local/lib/python3.7/site-packages/airflow/example_dags/example_skip_dag.py
[2023-11-07T19:09:15.222+0000] {processor.py:756} INFO - Processing file /home/airflow/.local/lib/python3.7/site-packages/airflow/example_dags/example_skip_dag.py for tasks to queue
[2023-11-07T19:09:15.224+0000] {logging_mixin.py:120} INFO - [2023-11-07T19:09:15.223+0000] {dagbag.py:537} INFO - Filling up the DagBag from /home/airflow/.local/lib/python3.7/site-packages/airflow/example_dags/example_skip_dag.py
[2023-11-07T19:09:15.239+0000] {processor.py:766} INFO - DAG(s) dict_keys(['example_skip_dag']) retrieved from /home/airflow/.local/lib/python3.7/site-packages/airflow/example_dags/example_skip_dag.py
[2023-11-07T19:09:15.289+0000] {logging_mixin.py:120} INFO - [2023-11-07T19:09:15.289+0000] {dag.py:2585} INFO - Sync 1 DAGs
[2023-11-07T19:09:15.322+0000] {logging_mixin.py:120} INFO - [2023-11-07T19:09:15.322+0000] {dag.py:3340} INFO - Setting next_dagrun for example_skip_dag to 2023-11-06T19:09:15.321637+00:00, run_after=2023-11-07T19:09:15.321637+00:00
[2023-11-07T19:09:15.350+0000] {processor.py:176} INFO - Processing /home/airflow/.local/lib/python3.7/site-packages/airflow/example_dags/example_skip_dag.py took 0.132 seconds
[2023-11-07T19:09:47.091+0000] {processor.py:154} INFO - Started process (PID=356) to work on /home/airflow/.local/lib/python3.7/site-packages/airflow/example_dags/example_skip_dag.py
[2023-11-07T19:09:47.093+0000] {processor.py:756} INFO - Processing file /home/airflow/.local/lib/python3.7/site-packages/airflow/example_dags/example_skip_dag.py for tasks to queue
[2023-11-07T19:09:47.094+0000] {logging_mixin.py:120} INFO - [2023-11-07T19:09:47.094+0000] {dagbag.py:537} INFO - Filling up the DagBag from /home/airflow/.local/lib/python3.7/site-packages/airflow/example_dags/example_skip_dag.py
[2023-11-07T19:09:47.110+0000] {processor.py:766} INFO - DAG(s) dict_keys(['example_skip_dag']) retrieved from /home/airflow/.local/lib/python3.7/site-packages/airflow/example_dags/example_skip_dag.py
[2023-11-07T19:09:47.160+0000] {logging_mixin.py:120} INFO - [2023-11-07T19:09:47.160+0000] {dag.py:2585} INFO - Sync 1 DAGs
[2023-11-07T19:09:47.193+0000] {logging_mixin.py:120} INFO - [2023-11-07T19:09:47.193+0000] {dag.py:3340} INFO - Setting next_dagrun for example_skip_dag to 2023-11-06T19:09:47.192941+00:00, run_after=2023-11-07T19:09:47.192941+00:00
[2023-11-07T19:09:47.226+0000] {processor.py:176} INFO - Processing /home/airflow/.local/lib/python3.7/site-packages/airflow/example_dags/example_skip_dag.py took 0.138 seconds
[2023-11-07T19:10:18.271+0000] {processor.py:154} INFO - Started process (PID=431) to work on /home/airflow/.local/lib/python3.7/site-packages/airflow/example_dags/example_skip_dag.py
[2023-11-07T19:10:18.275+0000] {processor.py:756} INFO - Processing file /home/airflow/.local/lib/python3.7/site-packages/airflow/example_dags/example_skip_dag.py for tasks to queue
[2023-11-07T19:10:18.277+0000] {logging_mixin.py:120} INFO - [2023-11-07T19:10:18.277+0000] {dagbag.py:537} INFO - Filling up the DagBag from /home/airflow/.local/lib/python3.7/site-packages/airflow/example_dags/example_skip_dag.py
[2023-11-07T19:10:18.297+0000] {processor.py:766} INFO - DAG(s) dict_keys(['example_skip_dag']) retrieved from /home/airflow/.local/lib/python3.7/site-packages/airflow/example_dags/example_skip_dag.py
[2023-11-07T19:10:18.365+0000] {logging_mixin.py:120} INFO - [2023-11-07T19:10:18.365+0000] {dag.py:2585} INFO - Sync 1 DAGs
[2023-11-07T19:10:18.415+0000] {logging_mixin.py:120} INFO - [2023-11-07T19:10:18.415+0000] {dag.py:3340} INFO - Setting next_dagrun for example_skip_dag to 2023-11-06T19:10:18.414625+00:00, run_after=2023-11-07T19:10:18.414625+00:00
[2023-11-07T19:10:18.450+0000] {processor.py:176} INFO - Processing /home/airflow/.local/lib/python3.7/site-packages/airflow/example_dags/example_skip_dag.py took 0.182 seconds
[2023-11-07T19:10:49.582+0000] {processor.py:154} INFO - Started process (PID=514) to work on /home/airflow/.local/lib/python3.7/site-packages/airflow/example_dags/example_skip_dag.py
[2023-11-07T19:10:49.583+0000] {processor.py:756} INFO - Processing file /home/airflow/.local/lib/python3.7/site-packages/airflow/example_dags/example_skip_dag.py for tasks to queue
[2023-11-07T19:10:49.585+0000] {logging_mixin.py:120} INFO - [2023-11-07T19:10:49.585+0000] {dagbag.py:537} INFO - Filling up the DagBag from /home/airflow/.local/lib/python3.7/site-packages/airflow/example_dags/example_skip_dag.py
[2023-11-07T19:10:49.600+0000] {processor.py:766} INFO - DAG(s) dict_keys(['example_skip_dag']) retrieved from /home/airflow/.local/lib/python3.7/site-packages/airflow/example_dags/example_skip_dag.py
[2023-11-07T19:10:49.644+0000] {logging_mixin.py:120} INFO - [2023-11-07T19:10:49.644+0000] {dag.py:2585} INFO - Sync 1 DAGs
[2023-11-07T19:10:49.682+0000] {logging_mixin.py:120} INFO - [2023-11-07T19:10:49.681+0000] {dag.py:3340} INFO - Setting next_dagrun for example_skip_dag to 2023-11-06T19:10:49.680776+00:00, run_after=2023-11-07T19:10:49.680776+00:00
[2023-11-07T19:10:49.714+0000] {processor.py:176} INFO - Processing /home/airflow/.local/lib/python3.7/site-packages/airflow/example_dags/example_skip_dag.py took 0.135 seconds
[2023-11-07T19:11:19.826+0000] {processor.py:154} INFO - Started process (PID=587) to work on /home/airflow/.local/lib/python3.7/site-packages/airflow/example_dags/example_skip_dag.py
[2023-11-07T19:11:19.827+0000] {processor.py:756} INFO - Processing file /home/airflow/.local/lib/python3.7/site-packages/airflow/example_dags/example_skip_dag.py for tasks to queue
[2023-11-07T19:11:19.828+0000] {logging_mixin.py:120} INFO - [2023-11-07T19:11:19.828+0000] {dagbag.py:537} INFO - Filling up the DagBag from /home/airflow/.local/lib/python3.7/site-packages/airflow/example_dags/example_skip_dag.py
[2023-11-07T19:11:19.844+0000] {processor.py:766} INFO - DAG(s) dict_keys(['example_skip_dag']) retrieved from /home/airflow/.local/lib/python3.7/site-packages/airflow/example_dags/example_skip_dag.py
[2023-11-07T19:11:19.892+0000] {logging_mixin.py:120} INFO - [2023-11-07T19:11:19.892+0000] {dag.py:2585} INFO - Sync 1 DAGs
[2023-11-07T19:11:19.935+0000] {logging_mixin.py:120} INFO - [2023-11-07T19:11:19.934+0000] {dag.py:3340} INFO - Setting next_dagrun for example_skip_dag to 2023-11-06T19:11:19.934718+00:00, run_after=2023-11-07T19:11:19.934718+00:00
[2023-11-07T19:11:19.963+0000] {processor.py:176} INFO - Processing /home/airflow/.local/lib/python3.7/site-packages/airflow/example_dags/example_skip_dag.py took 0.141 seconds
