[2023-11-07T18:57:31.136+0000] {processor.py:154} INFO - Started process (PID=95) to work on /home/airflow/.local/lib/python3.7/site-packages/airflow/example_dags/example_branch_labels.py
[2023-11-07T18:57:31.138+0000] {processor.py:756} INFO - Processing file /home/airflow/.local/lib/python3.7/site-packages/airflow/example_dags/example_branch_labels.py for tasks to queue
[2023-11-07T18:57:31.139+0000] {logging_mixin.py:120} INFO - [2023-11-07T18:57:31.139+0000] {dagbag.py:537} INFO - Filling up the DagBag from /home/airflow/.local/lib/python3.7/site-packages/airflow/example_dags/example_branch_labels.py
[2023-11-07T18:57:31.217+0000] {processor.py:766} INFO - DAG(s) dict_keys(['example_branch_labels']) retrieved from /home/airflow/.local/lib/python3.7/site-packages/airflow/example_dags/example_branch_labels.py
[2023-11-07T18:57:31.274+0000] {logging_mixin.py:120} INFO - [2023-11-07T18:57:31.274+0000] {dag.py:2585} INFO - Sync 1 DAGs
[2023-11-07T18:57:31.319+0000] {logging_mixin.py:120} INFO - [2023-11-07T18:57:31.319+0000] {dag.py:3340} INFO - Setting next_dagrun for example_branch_labels to 2023-11-06T00:00:00+00:00, run_after=2023-11-07T00:00:00+00:00
[2023-11-07T18:57:31.368+0000] {processor.py:176} INFO - Processing /home/airflow/.local/lib/python3.7/site-packages/airflow/example_dags/example_branch_labels.py took 0.239 seconds
[2023-11-07T18:58:01.708+0000] {processor.py:154} INFO - Started process (PID=169) to work on /home/airflow/.local/lib/python3.7/site-packages/airflow/example_dags/example_branch_labels.py
[2023-11-07T18:58:01.710+0000] {processor.py:756} INFO - Processing file /home/airflow/.local/lib/python3.7/site-packages/airflow/example_dags/example_branch_labels.py for tasks to queue
[2023-11-07T18:58:01.711+0000] {logging_mixin.py:120} INFO - [2023-11-07T18:58:01.711+0000] {dagbag.py:537} INFO - Filling up the DagBag from /home/airflow/.local/lib/python3.7/site-packages/airflow/example_dags/example_branch_labels.py
[2023-11-07T18:58:01.758+0000] {processor.py:766} INFO - DAG(s) dict_keys(['example_branch_labels']) retrieved from /home/airflow/.local/lib/python3.7/site-packages/airflow/example_dags/example_branch_labels.py
[2023-11-07T18:58:01.804+0000] {logging_mixin.py:120} INFO - [2023-11-07T18:58:01.804+0000] {dag.py:2585} INFO - Sync 1 DAGs
[2023-11-07T18:58:01.840+0000] {logging_mixin.py:120} INFO - [2023-11-07T18:58:01.840+0000] {dag.py:3340} INFO - Setting next_dagrun for example_branch_labels to 2023-11-06T00:00:00+00:00, run_after=2023-11-07T00:00:00+00:00
[2023-11-07T18:58:01.868+0000] {processor.py:176} INFO - Processing /home/airflow/.local/lib/python3.7/site-packages/airflow/example_dags/example_branch_labels.py took 0.163 seconds
[2023-11-07T19:08:13.594+0000] {processor.py:154} INFO - Started process (PID=111) to work on /home/airflow/.local/lib/python3.7/site-packages/airflow/example_dags/example_branch_labels.py
[2023-11-07T19:08:13.599+0000] {processor.py:756} INFO - Processing file /home/airflow/.local/lib/python3.7/site-packages/airflow/example_dags/example_branch_labels.py for tasks to queue
[2023-11-07T19:08:13.602+0000] {logging_mixin.py:120} INFO - [2023-11-07T19:08:13.601+0000] {dagbag.py:537} INFO - Filling up the DagBag from /home/airflow/.local/lib/python3.7/site-packages/airflow/example_dags/example_branch_labels.py
[2023-11-07T19:08:13.633+0000] {processor.py:766} INFO - DAG(s) dict_keys(['example_branch_labels']) retrieved from /home/airflow/.local/lib/python3.7/site-packages/airflow/example_dags/example_branch_labels.py
[2023-11-07T19:08:13.721+0000] {logging_mixin.py:120} INFO - [2023-11-07T19:08:13.721+0000] {dag.py:2585} INFO - Sync 1 DAGs
[2023-11-07T19:08:13.760+0000] {logging_mixin.py:120} INFO - [2023-11-07T19:08:13.760+0000] {dag.py:3340} INFO - Setting next_dagrun for example_branch_labels to 2023-11-06T00:00:00+00:00, run_after=2023-11-07T00:00:00+00:00
[2023-11-07T19:08:13.829+0000] {processor.py:176} INFO - Processing /home/airflow/.local/lib/python3.7/site-packages/airflow/example_dags/example_branch_labels.py took 0.239 seconds
[2023-11-07T19:08:44.060+0000] {processor.py:154} INFO - Started process (PID=185) to work on /home/airflow/.local/lib/python3.7/site-packages/airflow/example_dags/example_branch_labels.py
[2023-11-07T19:08:44.062+0000] {processor.py:756} INFO - Processing file /home/airflow/.local/lib/python3.7/site-packages/airflow/example_dags/example_branch_labels.py for tasks to queue
[2023-11-07T19:08:44.063+0000] {logging_mixin.py:120} INFO - [2023-11-07T19:08:44.063+0000] {dagbag.py:537} INFO - Filling up the DagBag from /home/airflow/.local/lib/python3.7/site-packages/airflow/example_dags/example_branch_labels.py
[2023-11-07T19:08:44.084+0000] {processor.py:766} INFO - DAG(s) dict_keys(['example_branch_labels']) retrieved from /home/airflow/.local/lib/python3.7/site-packages/airflow/example_dags/example_branch_labels.py
[2023-11-07T19:08:44.150+0000] {logging_mixin.py:120} INFO - [2023-11-07T19:08:44.150+0000] {dag.py:2585} INFO - Sync 1 DAGs
[2023-11-07T19:08:44.197+0000] {logging_mixin.py:120} INFO - [2023-11-07T19:08:44.197+0000] {dag.py:3340} INFO - Setting next_dagrun for example_branch_labels to 2023-11-06T00:00:00+00:00, run_after=2023-11-07T00:00:00+00:00
[2023-11-07T19:08:44.229+0000] {processor.py:176} INFO - Processing /home/airflow/.local/lib/python3.7/site-packages/airflow/example_dags/example_branch_labels.py took 0.172 seconds
[2023-11-07T19:09:14.987+0000] {processor.py:154} INFO - Started process (PID=269) to work on /home/airflow/.local/lib/python3.7/site-packages/airflow/example_dags/example_branch_labels.py
[2023-11-07T19:09:14.988+0000] {processor.py:756} INFO - Processing file /home/airflow/.local/lib/python3.7/site-packages/airflow/example_dags/example_branch_labels.py for tasks to queue
[2023-11-07T19:09:14.990+0000] {logging_mixin.py:120} INFO - [2023-11-07T19:09:14.990+0000] {dagbag.py:537} INFO - Filling up the DagBag from /home/airflow/.local/lib/python3.7/site-packages/airflow/example_dags/example_branch_labels.py
[2023-11-07T19:09:15.007+0000] {processor.py:766} INFO - DAG(s) dict_keys(['example_branch_labels']) retrieved from /home/airflow/.local/lib/python3.7/site-packages/airflow/example_dags/example_branch_labels.py
[2023-11-07T19:09:15.064+0000] {logging_mixin.py:120} INFO - [2023-11-07T19:09:15.064+0000] {dag.py:2585} INFO - Sync 1 DAGs
[2023-11-07T19:09:15.100+0000] {logging_mixin.py:120} INFO - [2023-11-07T19:09:15.100+0000] {dag.py:3340} INFO - Setting next_dagrun for example_branch_labels to 2023-11-06T00:00:00+00:00, run_after=2023-11-07T00:00:00+00:00
[2023-11-07T19:09:15.127+0000] {processor.py:176} INFO - Processing /home/airflow/.local/lib/python3.7/site-packages/airflow/example_dags/example_branch_labels.py took 0.143 seconds
[2023-11-07T19:09:46.883+0000] {processor.py:154} INFO - Started process (PID=353) to work on /home/airflow/.local/lib/python3.7/site-packages/airflow/example_dags/example_branch_labels.py
[2023-11-07T19:09:46.885+0000] {processor.py:756} INFO - Processing file /home/airflow/.local/lib/python3.7/site-packages/airflow/example_dags/example_branch_labels.py for tasks to queue
[2023-11-07T19:09:46.886+0000] {logging_mixin.py:120} INFO - [2023-11-07T19:09:46.886+0000] {dagbag.py:537} INFO - Filling up the DagBag from /home/airflow/.local/lib/python3.7/site-packages/airflow/example_dags/example_branch_labels.py
[2023-11-07T19:09:46.907+0000] {processor.py:766} INFO - DAG(s) dict_keys(['example_branch_labels']) retrieved from /home/airflow/.local/lib/python3.7/site-packages/airflow/example_dags/example_branch_labels.py
[2023-11-07T19:09:46.954+0000] {logging_mixin.py:120} INFO - [2023-11-07T19:09:46.954+0000] {dag.py:2585} INFO - Sync 1 DAGs
[2023-11-07T19:09:46.990+0000] {logging_mixin.py:120} INFO - [2023-11-07T19:09:46.989+0000] {dag.py:3340} INFO - Setting next_dagrun for example_branch_labels to 2023-11-06T00:00:00+00:00, run_after=2023-11-07T00:00:00+00:00
[2023-11-07T19:09:47.019+0000] {processor.py:176} INFO - Processing /home/airflow/.local/lib/python3.7/site-packages/airflow/example_dags/example_branch_labels.py took 0.139 seconds
[2023-11-07T19:10:17.966+0000] {processor.py:154} INFO - Started process (PID=428) to work on /home/airflow/.local/lib/python3.7/site-packages/airflow/example_dags/example_branch_labels.py
[2023-11-07T19:10:17.967+0000] {processor.py:756} INFO - Processing file /home/airflow/.local/lib/python3.7/site-packages/airflow/example_dags/example_branch_labels.py for tasks to queue
[2023-11-07T19:10:17.968+0000] {logging_mixin.py:120} INFO - [2023-11-07T19:10:17.968+0000] {dagbag.py:537} INFO - Filling up the DagBag from /home/airflow/.local/lib/python3.7/site-packages/airflow/example_dags/example_branch_labels.py
[2023-11-07T19:10:17.984+0000] {processor.py:766} INFO - DAG(s) dict_keys(['example_branch_labels']) retrieved from /home/airflow/.local/lib/python3.7/site-packages/airflow/example_dags/example_branch_labels.py
[2023-11-07T19:10:18.035+0000] {logging_mixin.py:120} INFO - [2023-11-07T19:10:18.035+0000] {dag.py:2585} INFO - Sync 1 DAGs
[2023-11-07T19:10:18.074+0000] {logging_mixin.py:120} INFO - [2023-11-07T19:10:18.073+0000] {dag.py:3340} INFO - Setting next_dagrun for example_branch_labels to 2023-11-06T00:00:00+00:00, run_after=2023-11-07T00:00:00+00:00
[2023-11-07T19:10:18.106+0000] {processor.py:176} INFO - Processing /home/airflow/.local/lib/python3.7/site-packages/airflow/example_dags/example_branch_labels.py took 0.142 seconds
[2023-11-07T19:10:48.928+0000] {processor.py:154} INFO - Started process (PID=510) to work on /home/airflow/.local/lib/python3.7/site-packages/airflow/example_dags/example_branch_labels.py
[2023-11-07T19:10:48.929+0000] {processor.py:756} INFO - Processing file /home/airflow/.local/lib/python3.7/site-packages/airflow/example_dags/example_branch_labels.py for tasks to queue
[2023-11-07T19:10:48.930+0000] {logging_mixin.py:120} INFO - [2023-11-07T19:10:48.930+0000] {dagbag.py:537} INFO - Filling up the DagBag from /home/airflow/.local/lib/python3.7/site-packages/airflow/example_dags/example_branch_labels.py
[2023-11-07T19:10:48.949+0000] {processor.py:766} INFO - DAG(s) dict_keys(['example_branch_labels']) retrieved from /home/airflow/.local/lib/python3.7/site-packages/airflow/example_dags/example_branch_labels.py
[2023-11-07T19:10:48.995+0000] {logging_mixin.py:120} INFO - [2023-11-07T19:10:48.994+0000] {dag.py:2585} INFO - Sync 1 DAGs
[2023-11-07T19:10:49.032+0000] {logging_mixin.py:120} INFO - [2023-11-07T19:10:49.031+0000] {dag.py:3340} INFO - Setting next_dagrun for example_branch_labels to 2023-11-06T00:00:00+00:00, run_after=2023-11-07T00:00:00+00:00
[2023-11-07T19:10:49.061+0000] {processor.py:176} INFO - Processing /home/airflow/.local/lib/python3.7/site-packages/airflow/example_dags/example_branch_labels.py took 0.136 seconds
[2023-11-07T19:11:19.190+0000] {processor.py:154} INFO - Started process (PID=583) to work on /home/airflow/.local/lib/python3.7/site-packages/airflow/example_dags/example_branch_labels.py
[2023-11-07T19:11:19.191+0000] {processor.py:756} INFO - Processing file /home/airflow/.local/lib/python3.7/site-packages/airflow/example_dags/example_branch_labels.py for tasks to queue
[2023-11-07T19:11:19.193+0000] {logging_mixin.py:120} INFO - [2023-11-07T19:11:19.193+0000] {dagbag.py:537} INFO - Filling up the DagBag from /home/airflow/.local/lib/python3.7/site-packages/airflow/example_dags/example_branch_labels.py
[2023-11-07T19:11:19.212+0000] {processor.py:766} INFO - DAG(s) dict_keys(['example_branch_labels']) retrieved from /home/airflow/.local/lib/python3.7/site-packages/airflow/example_dags/example_branch_labels.py
[2023-11-07T19:11:19.327+0000] {logging_mixin.py:120} INFO - [2023-11-07T19:11:19.327+0000] {dag.py:2585} INFO - Sync 1 DAGs
[2023-11-07T19:11:19.365+0000] {logging_mixin.py:120} INFO - [2023-11-07T19:11:19.365+0000] {dag.py:3340} INFO - Setting next_dagrun for example_branch_labels to 2023-11-06T00:00:00+00:00, run_after=2023-11-07T00:00:00+00:00
[2023-11-07T19:11:19.395+0000] {processor.py:176} INFO - Processing /home/airflow/.local/lib/python3.7/site-packages/airflow/example_dags/example_branch_labels.py took 0.208 seconds
