[2023-11-07T18:57:25.488+0000] {processor.py:154} INFO - Started process (PID=66) to work on /home/airflow/.local/lib/python3.7/site-packages/airflow/example_dags/tutorial.py
[2023-11-07T18:57:25.494+0000] {processor.py:756} INFO - Processing file /home/airflow/.local/lib/python3.7/site-packages/airflow/example_dags/tutorial.py for tasks to queue
[2023-11-07T18:57:25.500+0000] {logging_mixin.py:120} INFO - [2023-11-07T18:57:25.495+0000] {dagbag.py:537} INFO - Filling up the DagBag from /home/airflow/.local/lib/python3.7/site-packages/airflow/example_dags/tutorial.py
[2023-11-07T18:57:25.536+0000] {processor.py:766} INFO - DAG(s) dict_keys(['tutorial']) retrieved from /home/airflow/.local/lib/python3.7/site-packages/airflow/example_dags/tutorial.py
[2023-11-07T18:57:25.657+0000] {logging_mixin.py:120} INFO - [2023-11-07T18:57:25.657+0000] {dag.py:2585} INFO - Sync 1 DAGs
[2023-11-07T18:57:25.742+0000] {logging_mixin.py:120} INFO - [2023-11-07T18:57:25.742+0000] {dag.py:3340} INFO - Setting next_dagrun for tutorial to 2023-11-06T18:57:25.741952+00:00, run_after=2023-11-07T18:57:25.741952+00:00
[2023-11-07T18:57:25.849+0000] {processor.py:176} INFO - Processing /home/airflow/.local/lib/python3.7/site-packages/airflow/example_dags/tutorial.py took 0.363 seconds
[2023-11-07T18:57:56.355+0000] {processor.py:154} INFO - Started process (PID=149) to work on /home/airflow/.local/lib/python3.7/site-packages/airflow/example_dags/tutorial.py
[2023-11-07T18:57:56.356+0000] {processor.py:756} INFO - Processing file /home/airflow/.local/lib/python3.7/site-packages/airflow/example_dags/tutorial.py for tasks to queue
[2023-11-07T18:57:56.357+0000] {logging_mixin.py:120} INFO - [2023-11-07T18:57:56.357+0000] {dagbag.py:537} INFO - Filling up the DagBag from /home/airflow/.local/lib/python3.7/site-packages/airflow/example_dags/tutorial.py
[2023-11-07T18:57:56.372+0000] {processor.py:766} INFO - DAG(s) dict_keys(['tutorial']) retrieved from /home/airflow/.local/lib/python3.7/site-packages/airflow/example_dags/tutorial.py
[2023-11-07T18:57:56.421+0000] {logging_mixin.py:120} INFO - [2023-11-07T18:57:56.420+0000] {dag.py:2585} INFO - Sync 1 DAGs
[2023-11-07T18:57:56.454+0000] {logging_mixin.py:120} INFO - [2023-11-07T18:57:56.454+0000] {dag.py:3340} INFO - Setting next_dagrun for tutorial to 2023-11-06T18:57:56.454306+00:00, run_after=2023-11-07T18:57:56.454306+00:00
[2023-11-07T18:57:56.487+0000] {processor.py:176} INFO - Processing /home/airflow/.local/lib/python3.7/site-packages/airflow/example_dags/tutorial.py took 0.135 seconds
[2023-11-07T19:08:07.712+0000] {processor.py:154} INFO - Started process (PID=82) to work on /home/airflow/.local/lib/python3.7/site-packages/airflow/example_dags/tutorial.py
[2023-11-07T19:08:07.722+0000] {processor.py:756} INFO - Processing file /home/airflow/.local/lib/python3.7/site-packages/airflow/example_dags/tutorial.py for tasks to queue
[2023-11-07T19:08:07.724+0000] {logging_mixin.py:120} INFO - [2023-11-07T19:08:07.724+0000] {dagbag.py:537} INFO - Filling up the DagBag from /home/airflow/.local/lib/python3.7/site-packages/airflow/example_dags/tutorial.py
[2023-11-07T19:08:07.761+0000] {processor.py:766} INFO - DAG(s) dict_keys(['tutorial']) retrieved from /home/airflow/.local/lib/python3.7/site-packages/airflow/example_dags/tutorial.py
[2023-11-07T19:08:07.917+0000] {logging_mixin.py:120} INFO - [2023-11-07T19:08:07.917+0000] {dag.py:2585} INFO - Sync 1 DAGs
[2023-11-07T19:08:08.081+0000] {logging_mixin.py:120} INFO - [2023-11-07T19:08:08.081+0000] {dag.py:3340} INFO - Setting next_dagrun for tutorial to 2023-11-06T19:08:08.081216+00:00, run_after=2023-11-07T19:08:08.081216+00:00
[2023-11-07T19:08:08.212+0000] {processor.py:176} INFO - Processing /home/airflow/.local/lib/python3.7/site-packages/airflow/example_dags/tutorial.py took 0.504 seconds
[2023-11-07T19:08:38.658+0000] {processor.py:154} INFO - Started process (PID=165) to work on /home/airflow/.local/lib/python3.7/site-packages/airflow/example_dags/tutorial.py
[2023-11-07T19:08:38.659+0000] {processor.py:756} INFO - Processing file /home/airflow/.local/lib/python3.7/site-packages/airflow/example_dags/tutorial.py for tasks to queue
[2023-11-07T19:08:38.661+0000] {logging_mixin.py:120} INFO - [2023-11-07T19:08:38.661+0000] {dagbag.py:537} INFO - Filling up the DagBag from /home/airflow/.local/lib/python3.7/site-packages/airflow/example_dags/tutorial.py
[2023-11-07T19:08:38.678+0000] {processor.py:766} INFO - DAG(s) dict_keys(['tutorial']) retrieved from /home/airflow/.local/lib/python3.7/site-packages/airflow/example_dags/tutorial.py
[2023-11-07T19:08:38.727+0000] {logging_mixin.py:120} INFO - [2023-11-07T19:08:38.726+0000] {dag.py:2585} INFO - Sync 1 DAGs
[2023-11-07T19:08:38.760+0000] {logging_mixin.py:120} INFO - [2023-11-07T19:08:38.760+0000] {dag.py:3340} INFO - Setting next_dagrun for tutorial to 2023-11-06T19:08:38.759867+00:00, run_after=2023-11-07T19:08:38.759867+00:00
[2023-11-07T19:08:38.787+0000] {processor.py:176} INFO - Processing /home/airflow/.local/lib/python3.7/site-packages/airflow/example_dags/tutorial.py took 0.131 seconds
[2023-11-07T19:09:09.318+0000] {processor.py:154} INFO - Started process (PID=240) to work on /home/airflow/.local/lib/python3.7/site-packages/airflow/example_dags/tutorial.py
[2023-11-07T19:09:09.320+0000] {processor.py:756} INFO - Processing file /home/airflow/.local/lib/python3.7/site-packages/airflow/example_dags/tutorial.py for tasks to queue
[2023-11-07T19:09:09.321+0000] {logging_mixin.py:120} INFO - [2023-11-07T19:09:09.321+0000] {dagbag.py:537} INFO - Filling up the DagBag from /home/airflow/.local/lib/python3.7/site-packages/airflow/example_dags/tutorial.py
[2023-11-07T19:09:09.337+0000] {processor.py:766} INFO - DAG(s) dict_keys(['tutorial']) retrieved from /home/airflow/.local/lib/python3.7/site-packages/airflow/example_dags/tutorial.py
[2023-11-07T19:09:09.381+0000] {logging_mixin.py:120} INFO - [2023-11-07T19:09:09.381+0000] {dag.py:2585} INFO - Sync 1 DAGs
[2023-11-07T19:09:09.414+0000] {logging_mixin.py:120} INFO - [2023-11-07T19:09:09.414+0000] {dag.py:3340} INFO - Setting next_dagrun for tutorial to 2023-11-06T19:09:09.414169+00:00, run_after=2023-11-07T19:09:09.414169+00:00
[2023-11-07T19:09:09.443+0000] {processor.py:176} INFO - Processing /home/airflow/.local/lib/python3.7/site-packages/airflow/example_dags/tutorial.py took 0.127 seconds
[2023-11-07T19:09:39.698+0000] {processor.py:154} INFO - Started process (PID=322) to work on /home/airflow/.local/lib/python3.7/site-packages/airflow/example_dags/tutorial.py
[2023-11-07T19:09:39.699+0000] {processor.py:756} INFO - Processing file /home/airflow/.local/lib/python3.7/site-packages/airflow/example_dags/tutorial.py for tasks to queue
[2023-11-07T19:09:39.700+0000] {logging_mixin.py:120} INFO - [2023-11-07T19:09:39.700+0000] {dagbag.py:537} INFO - Filling up the DagBag from /home/airflow/.local/lib/python3.7/site-packages/airflow/example_dags/tutorial.py
[2023-11-07T19:09:39.718+0000] {processor.py:766} INFO - DAG(s) dict_keys(['tutorial']) retrieved from /home/airflow/.local/lib/python3.7/site-packages/airflow/example_dags/tutorial.py
[2023-11-07T19:09:39.764+0000] {logging_mixin.py:120} INFO - [2023-11-07T19:09:39.764+0000] {dag.py:2585} INFO - Sync 1 DAGs
[2023-11-07T19:09:39.796+0000] {logging_mixin.py:120} INFO - [2023-11-07T19:09:39.795+0000] {dag.py:3340} INFO - Setting next_dagrun for tutorial to 2023-11-06T19:09:39.795677+00:00, run_after=2023-11-07T19:09:39.795677+00:00
[2023-11-07T19:09:39.823+0000] {processor.py:176} INFO - Processing /home/airflow/.local/lib/python3.7/site-packages/airflow/example_dags/tutorial.py took 0.128 seconds
[2023-11-07T19:10:10.947+0000] {processor.py:154} INFO - Started process (PID=404) to work on /home/airflow/.local/lib/python3.7/site-packages/airflow/example_dags/tutorial.py
[2023-11-07T19:10:10.948+0000] {processor.py:756} INFO - Processing file /home/airflow/.local/lib/python3.7/site-packages/airflow/example_dags/tutorial.py for tasks to queue
[2023-11-07T19:10:10.951+0000] {logging_mixin.py:120} INFO - [2023-11-07T19:10:10.950+0000] {dagbag.py:537} INFO - Filling up the DagBag from /home/airflow/.local/lib/python3.7/site-packages/airflow/example_dags/tutorial.py
[2023-11-07T19:10:10.972+0000] {processor.py:766} INFO - DAG(s) dict_keys(['tutorial']) retrieved from /home/airflow/.local/lib/python3.7/site-packages/airflow/example_dags/tutorial.py
[2023-11-07T19:10:11.029+0000] {logging_mixin.py:120} INFO - [2023-11-07T19:10:11.029+0000] {dag.py:2585} INFO - Sync 1 DAGs
[2023-11-07T19:10:11.064+0000] {logging_mixin.py:120} INFO - [2023-11-07T19:10:11.064+0000] {dag.py:3340} INFO - Setting next_dagrun for tutorial to 2023-11-06T19:10:11.064141+00:00, run_after=2023-11-07T19:10:11.064141+00:00
[2023-11-07T19:10:11.099+0000] {processor.py:176} INFO - Processing /home/airflow/.local/lib/python3.7/site-packages/airflow/example_dags/tutorial.py took 0.155 seconds
[2023-11-07T19:10:41.921+0000] {processor.py:154} INFO - Started process (PID=480) to work on /home/airflow/.local/lib/python3.7/site-packages/airflow/example_dags/tutorial.py
[2023-11-07T19:10:41.923+0000] {processor.py:756} INFO - Processing file /home/airflow/.local/lib/python3.7/site-packages/airflow/example_dags/tutorial.py for tasks to queue
[2023-11-07T19:10:41.924+0000] {logging_mixin.py:120} INFO - [2023-11-07T19:10:41.924+0000] {dagbag.py:537} INFO - Filling up the DagBag from /home/airflow/.local/lib/python3.7/site-packages/airflow/example_dags/tutorial.py
[2023-11-07T19:10:41.945+0000] {processor.py:766} INFO - DAG(s) dict_keys(['tutorial']) retrieved from /home/airflow/.local/lib/python3.7/site-packages/airflow/example_dags/tutorial.py
[2023-11-07T19:10:41.990+0000] {logging_mixin.py:120} INFO - [2023-11-07T19:10:41.990+0000] {dag.py:2585} INFO - Sync 1 DAGs
[2023-11-07T19:10:42.025+0000] {logging_mixin.py:120} INFO - [2023-11-07T19:10:42.025+0000] {dag.py:3340} INFO - Setting next_dagrun for tutorial to 2023-11-06T19:10:42.024890+00:00, run_after=2023-11-07T19:10:42.024890+00:00
[2023-11-07T19:10:42.056+0000] {processor.py:176} INFO - Processing /home/airflow/.local/lib/python3.7/site-packages/airflow/example_dags/tutorial.py took 0.137 seconds
[2023-11-07T19:11:13.761+0000] {processor.py:154} INFO - Started process (PID=563) to work on /home/airflow/.local/lib/python3.7/site-packages/airflow/example_dags/tutorial.py
[2023-11-07T19:11:13.762+0000] {processor.py:756} INFO - Processing file /home/airflow/.local/lib/python3.7/site-packages/airflow/example_dags/tutorial.py for tasks to queue
[2023-11-07T19:11:13.764+0000] {logging_mixin.py:120} INFO - [2023-11-07T19:11:13.764+0000] {dagbag.py:537} INFO - Filling up the DagBag from /home/airflow/.local/lib/python3.7/site-packages/airflow/example_dags/tutorial.py
[2023-11-07T19:11:13.798+0000] {processor.py:766} INFO - DAG(s) dict_keys(['tutorial']) retrieved from /home/airflow/.local/lib/python3.7/site-packages/airflow/example_dags/tutorial.py
[2023-11-07T19:11:13.868+0000] {logging_mixin.py:120} INFO - [2023-11-07T19:11:13.868+0000] {dag.py:2585} INFO - Sync 1 DAGs
[2023-11-07T19:11:13.903+0000] {logging_mixin.py:120} INFO - [2023-11-07T19:11:13.903+0000] {dag.py:3340} INFO - Setting next_dagrun for tutorial to 2023-11-06T19:11:13.902885+00:00, run_after=2023-11-07T19:11:13.902885+00:00
[2023-11-07T19:11:13.955+0000] {processor.py:176} INFO - Processing /home/airflow/.local/lib/python3.7/site-packages/airflow/example_dags/tutorial.py took 0.196 seconds
