[2023-11-02T20:56:10.022+0000] {taskinstance.py:1165} INFO - Dependencies all met for <TaskInstance: read_csv_dag.read_csv_task manual__2023-11-02T20:56:08.287984+00:00 [queued]>
[2023-11-02T20:56:10.038+0000] {taskinstance.py:1165} INFO - Dependencies all met for <TaskInstance: read_csv_dag.read_csv_task manual__2023-11-02T20:56:08.287984+00:00 [queued]>
[2023-11-02T20:56:10.040+0000] {taskinstance.py:1362} INFO - 
--------------------------------------------------------------------------------
[2023-11-02T20:56:10.042+0000] {taskinstance.py:1363} INFO - Starting attempt 1 of 1
[2023-11-02T20:56:10.043+0000] {taskinstance.py:1364} INFO - 
--------------------------------------------------------------------------------
[2023-11-02T20:56:10.077+0000] {taskinstance.py:1383} INFO - Executing <Task(PythonOperator): read_csv_task> on 2023-11-02 20:56:08.287984+00:00
[2023-11-02T20:56:10.089+0000] {standard_task_runner.py:55} INFO - Started process 6191 to run task
[2023-11-02T20:56:10.091+0000] {standard_task_runner.py:82} INFO - Running: ['***', 'tasks', 'run', 'read_csv_dag', 'read_csv_task', 'manual__2023-11-02T20:56:08.287984+00:00', '--job-id', '44', '--raw', '--subdir', 'DAGS_FOLDER/people.py', '--cfg-path', '/tmp/tmp3amf_218']
[2023-11-02T20:56:10.092+0000] {standard_task_runner.py:83} INFO - Job 44: Subtask read_csv_task
[2023-11-02T20:56:10.176+0000] {task_command.py:376} INFO - Running <TaskInstance: read_csv_dag.read_csv_task manual__2023-11-02T20:56:08.287984+00:00 [running]> on host 6c8be2bfe956
[2023-11-02T20:56:10.310+0000] {taskinstance.py:1592} INFO - Exporting the following env vars:
AIRFLOW_CTX_DAG_OWNER=***
AIRFLOW_CTX_DAG_ID=read_csv_dag
AIRFLOW_CTX_TASK_ID=read_csv_task
AIRFLOW_CTX_EXECUTION_DATE=2023-11-02T20:56:08.287984+00:00
AIRFLOW_CTX_TRY_NUMBER=1
AIRFLOW_CTX_DAG_RUN_ID=manual__2023-11-02T20:56:08.287984+00:00
[2023-11-02T20:56:10.315+0000] {taskinstance.py:1851} ERROR - Task failed with exception
Traceback (most recent call last):
  File "/home/airflow/.local/lib/python3.7/site-packages/airflow/operators/python.py", line 175, in execute
    return_value = self.execute_callable()
  File "/home/airflow/.local/lib/python3.7/site-packages/airflow/operators/python.py", line 193, in execute_callable
    return self.python_callable(*self.op_args, **self.op_kwargs)
  File "/opt/airflow/dags/people.py", line 14, in read_csv_file
    print(row['Index'],row['User Id'], row['First Name'], row['Last Name'], row['Sex'], row['Email'], row['Phone'], row['Date of birth'], row['Job Title'])
KeyError: 'User Id'
[2023-11-02T20:56:10.336+0000] {taskinstance.py:1406} INFO - Marking task as FAILED. dag_id=read_csv_dag, task_id=read_csv_task, execution_date=20231102T205608, start_date=20231102T205610, end_date=20231102T205610
[2023-11-02T20:56:10.358+0000] {standard_task_runner.py:105} ERROR - Failed to execute job 44 for task read_csv_task ('User Id'; 6191)
[2023-11-02T20:56:10.385+0000] {local_task_job.py:164} INFO - Task exited with return code 1
[2023-11-02T20:56:10.413+0000] {local_task_job.py:273} INFO - 0 downstream tasks scheduled from follow-on schedule check
