[2023-11-05T13:49:33.752+0000] {taskinstance.py:1165} INFO - Dependencies all met for <TaskInstance: customers.save_customers_to_excel manual__2023-11-05T13:49:27.902006+00:00 [queued]>
[2023-11-05T13:49:33.766+0000] {taskinstance.py:1165} INFO - Dependencies all met for <TaskInstance: customers.save_customers_to_excel manual__2023-11-05T13:49:27.902006+00:00 [queued]>
[2023-11-05T13:49:33.767+0000] {taskinstance.py:1362} INFO - 
--------------------------------------------------------------------------------
[2023-11-05T13:49:33.767+0000] {taskinstance.py:1363} INFO - Starting attempt 1 of 1
[2023-11-05T13:49:33.768+0000] {taskinstance.py:1364} INFO - 
--------------------------------------------------------------------------------
[2023-11-05T13:49:33.787+0000] {taskinstance.py:1383} INFO - Executing <Task(PythonOperator): save_customers_to_excel> on 2023-11-05 13:49:27.902006+00:00
[2023-11-05T13:49:33.793+0000] {standard_task_runner.py:55} INFO - Started process 10477 to run task
[2023-11-05T13:49:33.796+0000] {standard_task_runner.py:82} INFO - Running: ['***', 'tasks', 'run', 'customers', 'save_customers_to_excel', 'manual__2023-11-05T13:49:27.902006+00:00', '--job-id', '389', '--raw', '--subdir', 'DAGS_FOLDER/customers.py', '--cfg-path', '/tmp/tmptqqcli98']
[2023-11-05T13:49:33.798+0000] {standard_task_runner.py:83} INFO - Job 389: Subtask save_customers_to_excel
[2023-11-05T13:49:33.870+0000] {task_command.py:376} INFO - Running <TaskInstance: customers.save_customers_to_excel manual__2023-11-05T13:49:27.902006+00:00 [running]> on host 9d85c6014d6e
[2023-11-05T13:49:33.954+0000] {taskinstance.py:1592} INFO - Exporting the following env vars:
AIRFLOW_CTX_DAG_OWNER=***
AIRFLOW_CTX_DAG_ID=customers
AIRFLOW_CTX_TASK_ID=save_customers_to_excel
AIRFLOW_CTX_EXECUTION_DATE=2023-11-05T13:49:27.902006+00:00
AIRFLOW_CTX_TRY_NUMBER=1
AIRFLOW_CTX_DAG_RUN_ID=manual__2023-11-05T13:49:27.902006+00:00
[2023-11-05T13:49:33.965+0000] {base.py:71} INFO - Using connection ID 'postgres' for task execution.
[2023-11-05T13:49:34.405+0000] {taskinstance.py:1851} ERROR - Task failed with exception
Traceback (most recent call last):
  File "/home/airflow/.local/lib/python3.7/site-packages/airflow/operators/python.py", line 175, in execute
    return_value = self.execute_callable()
  File "/home/airflow/.local/lib/python3.7/site-packages/airflow/operators/python.py", line 193, in execute_callable
    return self.python_callable(*self.op_args, **self.op_kwargs)
  File "/opt/airflow/dags/customers.py", line 57, in _save_customers_to_excel
    if not customers_file.is_file():
AttributeError: 'str' object has no attribute 'is_file'
[2023-11-05T13:49:34.419+0000] {taskinstance.py:1406} INFO - Marking task as FAILED. dag_id=customers, task_id=save_customers_to_excel, execution_date=20231105T134927, start_date=20231105T134933, end_date=20231105T134934
[2023-11-05T13:49:34.439+0000] {standard_task_runner.py:105} ERROR - Failed to execute job 389 for task save_customers_to_excel ('str' object has no attribute 'is_file'; 10477)
[2023-11-05T13:49:34.499+0000] {local_task_job.py:164} INFO - Task exited with return code 1
[2023-11-05T13:49:34.526+0000] {local_task_job.py:273} INFO - 0 downstream tasks scheduled from follow-on schedule check
