[2023-11-05T13:40:50.401+0000] {taskinstance.py:1165} INFO - Dependencies all met for <TaskInstance: customers.save_customers_to_excel manual__2023-11-05T13:40:45.181434+00:00 [queued]>
[2023-11-05T13:40:50.416+0000] {taskinstance.py:1165} INFO - Dependencies all met for <TaskInstance: customers.save_customers_to_excel manual__2023-11-05T13:40:45.181434+00:00 [queued]>
[2023-11-05T13:40:50.417+0000] {taskinstance.py:1362} INFO - 
--------------------------------------------------------------------------------
[2023-11-05T13:40:50.418+0000] {taskinstance.py:1363} INFO - Starting attempt 1 of 1
[2023-11-05T13:40:50.419+0000] {taskinstance.py:1364} INFO - 
--------------------------------------------------------------------------------
[2023-11-05T13:40:50.442+0000] {taskinstance.py:1383} INFO - Executing <Task(PythonOperator): save_customers_to_excel> on 2023-11-05 13:40:45.181434+00:00
[2023-11-05T13:40:50.449+0000] {standard_task_runner.py:55} INFO - Started process 10013 to run task
[2023-11-05T13:40:50.455+0000] {standard_task_runner.py:82} INFO - Running: ['***', 'tasks', 'run', 'customers', 'save_customers_to_excel', 'manual__2023-11-05T13:40:45.181434+00:00', '--job-id', '365', '--raw', '--subdir', 'DAGS_FOLDER/customers.py', '--cfg-path', '/tmp/tmps5o7uj9k']
[2023-11-05T13:40:50.457+0000] {standard_task_runner.py:83} INFO - Job 365: Subtask save_customers_to_excel
[2023-11-05T13:40:50.555+0000] {task_command.py:376} INFO - Running <TaskInstance: customers.save_customers_to_excel manual__2023-11-05T13:40:45.181434+00:00 [running]> on host 9d85c6014d6e
[2023-11-05T13:40:50.671+0000] {taskinstance.py:1592} INFO - Exporting the following env vars:
AIRFLOW_CTX_DAG_OWNER=***
AIRFLOW_CTX_DAG_ID=customers
AIRFLOW_CTX_TASK_ID=save_customers_to_excel
AIRFLOW_CTX_EXECUTION_DATE=2023-11-05T13:40:45.181434+00:00
AIRFLOW_CTX_TRY_NUMBER=1
AIRFLOW_CTX_DAG_RUN_ID=manual__2023-11-05T13:40:45.181434+00:00
[2023-11-05T13:40:50.685+0000] {base.py:71} INFO - Using connection ID 'postgres' for task execution.
[2023-11-05T13:40:51.561+0000] {python.py:177} INFO - Done. Returned value was: None
[2023-11-05T13:40:51.573+0000] {taskinstance.py:1406} INFO - Marking task as SUCCESS. dag_id=customers, task_id=save_customers_to_excel, execution_date=20231105T134045, start_date=20231105T134050, end_date=20231105T134051
[2023-11-05T13:40:51.641+0000] {local_task_job.py:164} INFO - Task exited with return code 0
[2023-11-05T13:40:51.671+0000] {local_task_job.py:273} INFO - 0 downstream tasks scheduled from follow-on schedule check
