[2023-11-10T10:36:59.178+0000] {taskinstance.py:1087} INFO - Dependencies all met for <TaskInstance: people.create_people_table manual__2023-11-10T10:36:56.349266+00:00 [queued]>
[2023-11-10T10:36:59.201+0000] {taskinstance.py:1087} INFO - Dependencies all met for <TaskInstance: people.create_people_table manual__2023-11-10T10:36:56.349266+00:00 [queued]>
[2023-11-10T10:36:59.202+0000] {taskinstance.py:1283} INFO - 
--------------------------------------------------------------------------------
[2023-11-10T10:36:59.203+0000] {taskinstance.py:1284} INFO - Starting attempt 1 of 1
[2023-11-10T10:36:59.204+0000] {taskinstance.py:1285} INFO - 
--------------------------------------------------------------------------------
[2023-11-10T10:36:59.240+0000] {taskinstance.py:1304} INFO - Executing <Task(PostgresOperator): create_people_table> on 2023-11-10 10:36:56.349266+00:00
[2023-11-10T10:36:59.250+0000] {standard_task_runner.py:55} INFO - Started process 1844 to run task
[2023-11-10T10:36:59.253+0000] {standard_task_runner.py:82} INFO - Running: ['***', 'tasks', 'run', 'people', 'create_people_table', 'manual__2023-11-10T10:36:56.349266+00:00', '--job-id', '474', '--raw', '--subdir', 'DAGS_FOLDER/people.py', '--cfg-path', '/tmp/tmp70qb6dn2']
[2023-11-10T10:36:59.257+0000] {standard_task_runner.py:83} INFO - Job 474: Subtask create_people_table
[2023-11-10T10:36:59.379+0000] {task_command.py:389} INFO - Running <TaskInstance: people.create_people_table manual__2023-11-10T10:36:56.349266+00:00 [running]> on host ccf8e59e32fe
[2023-11-10T10:36:59.705+0000] {taskinstance.py:1513} INFO - Exporting the following env vars:
AIRFLOW_CTX_DAG_OWNER=***
AIRFLOW_CTX_DAG_ID=people
AIRFLOW_CTX_TASK_ID=create_people_table
AIRFLOW_CTX_EXECUTION_DATE=2023-11-10T10:36:56.349266+00:00
AIRFLOW_CTX_TRY_NUMBER=1
AIRFLOW_CTX_DAG_RUN_ID=manual__2023-11-10T10:36:56.349266+00:00
[2023-11-10T10:36:59.707+0000] {sql.py:253} INFO - Executing: 
        CREATE TABLE IF NOT EXISTS people (
            Index INT NOT NULL primary key,
            User_Id varchar(100),
            First_Name varchar(100),
            Last_Name varchar(100),
            Sex varchar(100),
            Email varchar(100),
            Phone varchar(100),
            Date_of_birth Date,
            Job_title varchar(100)
        );
    
[2023-11-10T10:36:59.717+0000] {base.py:73} INFO - Using connection ID 'postgres' for task execution.
[2023-11-10T10:37:00.110+0000] {base.py:73} INFO - Using connection ID 'postgres' for task execution.
[2023-11-10T10:37:00.116+0000] {sql.py:364} INFO - Running statement: 
        CREATE TABLE IF NOT EXISTS people (
            Index INT NOT NULL primary key,
            User_Id varchar(100),
            First_Name varchar(100),
            Last_Name varchar(100),
            Sex varchar(100),
            Email varchar(100),
            Phone varchar(100),
            Date_of_birth Date,
            Job_title varchar(100)
        );
    , parameters: None
[2023-11-10T10:37:00.130+0000] {taskinstance.py:1327} INFO - Marking task as SUCCESS. dag_id=people, task_id=create_people_table, execution_date=20231110T103656, start_date=20231110T103659, end_date=20231110T103700
[2023-11-10T10:37:00.195+0000] {local_task_job.py:159} INFO - Task exited with return code 0
[2023-11-10T10:37:00.232+0000] {taskinstance.py:2582} INFO - 1 downstream tasks scheduled from follow-on schedule check
