[2023-11-10T08:15:11.715+0000] {taskinstance.py:1087} INFO - Dependencies all met for <TaskInstance: customers.save_customers_to_excel manual__2023-11-10T08:15:03.188415+00:00 [queued]>
[2023-11-10T08:15:11.732+0000] {taskinstance.py:1087} INFO - Dependencies all met for <TaskInstance: customers.save_customers_to_excel manual__2023-11-10T08:15:03.188415+00:00 [queued]>
[2023-11-10T08:15:11.737+0000] {taskinstance.py:1283} INFO - 
--------------------------------------------------------------------------------
[2023-11-10T08:15:11.740+0000] {taskinstance.py:1284} INFO - Starting attempt 1 of 1
[2023-11-10T08:15:11.741+0000] {taskinstance.py:1285} INFO - 
--------------------------------------------------------------------------------
[2023-11-10T08:15:11.766+0000] {taskinstance.py:1304} INFO - Executing <Task(PythonOperator): save_customers_to_excel> on 2023-11-10 08:15:03.188415+00:00
[2023-11-10T08:15:11.774+0000] {standard_task_runner.py:55} INFO - Started process 3085 to run task
[2023-11-10T08:15:11.776+0000] {standard_task_runner.py:82} INFO - Running: ['***', 'tasks', 'run', 'customers', 'save_customers_to_excel', 'manual__2023-11-10T08:15:03.188415+00:00', '--job-id', '369', '--raw', '--subdir', 'DAGS_FOLDER/customer_1.py', '--cfg-path', '/tmp/tmpzy9tzdhv']
[2023-11-10T08:15:11.778+0000] {standard_task_runner.py:83} INFO - Job 369: Subtask save_customers_to_excel
[2023-11-10T08:15:11.892+0000] {task_command.py:389} INFO - Running <TaskInstance: customers.save_customers_to_excel manual__2023-11-10T08:15:03.188415+00:00 [running]> on host 706d03b983c6
[2023-11-10T08:15:12.162+0000] {taskinstance.py:1513} INFO - Exporting the following env vars:
AIRFLOW_CTX_DAG_OWNER=***
AIRFLOW_CTX_DAG_ID=customers
AIRFLOW_CTX_TASK_ID=save_customers_to_excel
AIRFLOW_CTX_EXECUTION_DATE=2023-11-10T08:15:03.188415+00:00
AIRFLOW_CTX_TRY_NUMBER=1
AIRFLOW_CTX_DAG_RUN_ID=manual__2023-11-10T08:15:03.188415+00:00
[2023-11-10T08:15:12.174+0000] {base.py:73} INFO - Using connection ID 'postgres' for task execution.
[2023-11-10T08:15:12.223+0000] {base.py:73} INFO - Using connection ID 'postgres' for task execution.
[2023-11-10T08:15:12.280+0000] {python.py:177} INFO - Done. Returned value was: None
[2023-11-10T08:15:12.294+0000] {taskinstance.py:1327} INFO - Marking task as SUCCESS. dag_id=customers, task_id=save_customers_to_excel, execution_date=20231110T081503, start_date=20231110T081511, end_date=20231110T081512
[2023-11-10T08:15:12.356+0000] {local_task_job.py:159} INFO - Task exited with return code 0
[2023-11-10T08:15:12.378+0000] {taskinstance.py:2582} INFO - 0 downstream tasks scheduled from follow-on schedule check
