[2023-11-02T18:18:05.862+0000] {taskinstance.py:1165} INFO - Dependencies all met for <TaskInstance: user_processing.create_table manual__2023-11-02T18:18:02.564278+00:00 [queued]>
[2023-11-02T18:18:05.876+0000] {taskinstance.py:1165} INFO - Dependencies all met for <TaskInstance: user_processing.create_table manual__2023-11-02T18:18:02.564278+00:00 [queued]>
[2023-11-02T18:18:05.877+0000] {taskinstance.py:1362} INFO - 
--------------------------------------------------------------------------------
[2023-11-02T18:18:05.878+0000] {taskinstance.py:1363} INFO - Starting attempt 1 of 1
[2023-11-02T18:18:05.878+0000] {taskinstance.py:1364} INFO - 
--------------------------------------------------------------------------------
[2023-11-02T18:18:05.898+0000] {taskinstance.py:1383} INFO - Executing <Task(PostgresOperator): create_table> on 2023-11-02 18:18:02.564278+00:00
[2023-11-02T18:18:05.904+0000] {standard_task_runner.py:55} INFO - Started process 99 to run task
[2023-11-02T18:18:05.907+0000] {standard_task_runner.py:82} INFO - Running: ['***', 'tasks', 'run', 'user_processing', 'create_table', 'manual__2023-11-02T18:18:02.564278+00:00', '--job-id', '28', '--raw', '--subdir', 'DAGS_FOLDER/user_processing.py', '--cfg-path', '/tmp/tmpvuxmx1q0']
[2023-11-02T18:18:05.909+0000] {standard_task_runner.py:83} INFO - Job 28: Subtask create_table
[2023-11-02T18:18:05.978+0000] {task_command.py:376} INFO - Running <TaskInstance: user_processing.create_table manual__2023-11-02T18:18:02.564278+00:00 [running]> on host 6c8be2bfe956
[2023-11-02T18:18:06.067+0000] {taskinstance.py:1592} INFO - Exporting the following env vars:
AIRFLOW_CTX_DAG_OWNER=***
AIRFLOW_CTX_DAG_ID=user_processing
AIRFLOW_CTX_TASK_ID=create_table
AIRFLOW_CTX_EXECUTION_DATE=2023-11-02T18:18:02.564278+00:00
AIRFLOW_CTX_TRY_NUMBER=1
AIRFLOW_CTX_DAG_RUN_ID=manual__2023-11-02T18:18:02.564278+00:00
[2023-11-02T18:18:06.078+0000] {base.py:71} INFO - Using connection ID 'postgres' for task execution.
[2023-11-02T18:18:06.082+0000] {sql.py:315} INFO - Running statement: 
            CREATE TABLE IF NOT EXISTS users (
                firstname TEXT NOT NULL,
                lastname TEXT NOT NULL,
                country TEXT NOT NULL,
                username TEXT NOT NULL,
                password TEXT NOT NULL,
                email TEXT NOT NULL
            );
            , parameters: None
[2023-11-02T18:18:06.085+0000] {postgres.py:96} INFO - NOTICE:  relation "users" already exists, skipping

[2023-11-02T18:18:06.097+0000] {taskinstance.py:1406} INFO - Marking task as SUCCESS. dag_id=user_processing, task_id=create_table, execution_date=20231102T181802, start_date=20231102T181805, end_date=20231102T181806
[2023-11-02T18:18:06.160+0000] {local_task_job.py:164} INFO - Task exited with return code 0
[2023-11-02T18:18:06.200+0000] {local_task_job.py:273} INFO - 1 downstream tasks scheduled from follow-on schedule check
