[2023-11-05T18:38:40.857+0000] {taskinstance.py:1165} INFO - Dependencies all met for <TaskInstance: customers.save_customers_to_excel manual__2023-11-05T18:38:35.050820+00:00 [queued]>
[2023-11-05T18:38:40.872+0000] {taskinstance.py:1165} INFO - Dependencies all met for <TaskInstance: customers.save_customers_to_excel manual__2023-11-05T18:38:35.050820+00:00 [queued]>
[2023-11-05T18:38:40.873+0000] {taskinstance.py:1362} INFO - 
--------------------------------------------------------------------------------
[2023-11-05T18:38:40.873+0000] {taskinstance.py:1363} INFO - Starting attempt 1 of 1
[2023-11-05T18:38:40.874+0000] {taskinstance.py:1364} INFO - 
--------------------------------------------------------------------------------
[2023-11-05T18:38:40.892+0000] {taskinstance.py:1383} INFO - Executing <Task(PythonOperator): save_customers_to_excel> on 2023-11-05 18:38:35.050820+00:00
[2023-11-05T18:38:40.898+0000] {standard_task_runner.py:55} INFO - Started process 236 to run task
[2023-11-05T18:38:40.902+0000] {standard_task_runner.py:82} INFO - Running: ['***', 'tasks', 'run', 'customers', 'save_customers_to_excel', 'manual__2023-11-05T18:38:35.050820+00:00', '--job-id', '483', '--raw', '--subdir', 'DAGS_FOLDER/customer_1.py', '--cfg-path', '/tmp/tmpvg3k9tac']
[2023-11-05T18:38:40.905+0000] {standard_task_runner.py:83} INFO - Job 483: Subtask save_customers_to_excel
[2023-11-05T18:38:40.975+0000] {task_command.py:376} INFO - Running <TaskInstance: customers.save_customers_to_excel manual__2023-11-05T18:38:35.050820+00:00 [running]> on host fd8a62199cd3
[2023-11-05T18:38:41.220+0000] {taskinstance.py:1592} INFO - Exporting the following env vars:
AIRFLOW_CTX_DAG_OWNER=***
AIRFLOW_CTX_DAG_ID=customers
AIRFLOW_CTX_TASK_ID=save_customers_to_excel
AIRFLOW_CTX_EXECUTION_DATE=2023-11-05T18:38:35.050820+00:00
AIRFLOW_CTX_TRY_NUMBER=1
AIRFLOW_CTX_DAG_RUN_ID=manual__2023-11-05T18:38:35.050820+00:00
[2023-11-05T18:38:41.230+0000] {base.py:71} INFO - Using connection ID 'postgres' for task execution.
[2023-11-05T18:38:41.305+0000] {base.py:71} INFO - Using connection ID 'postgres' for task execution.
[2023-11-05T18:38:41.359+0000] {python.py:177} INFO - Done. Returned value was: None
[2023-11-05T18:38:41.373+0000] {taskinstance.py:1406} INFO - Marking task as SUCCESS. dag_id=customers, task_id=save_customers_to_excel, execution_date=20231105T183835, start_date=20231105T183840, end_date=20231105T183841
[2023-11-05T18:38:41.435+0000] {local_task_job.py:164} INFO - Task exited with return code 0
[2023-11-05T18:38:41.460+0000] {local_task_job.py:273} INFO - 0 downstream tasks scheduled from follow-on schedule check
