[2023-11-07T14:12:05.564+0000] {taskinstance.py:1165} INFO - Dependencies all met for <TaskInstance: xcom_dag.branch scheduled__2023-11-06T00:00:00+00:00 [queued]>
[2023-11-07T14:12:05.580+0000] {taskinstance.py:1165} INFO - Dependencies all met for <TaskInstance: xcom_dag.branch scheduled__2023-11-06T00:00:00+00:00 [queued]>
[2023-11-07T14:12:05.583+0000] {taskinstance.py:1362} INFO - 
--------------------------------------------------------------------------------
[2023-11-07T14:12:05.584+0000] {taskinstance.py:1363} INFO - Starting attempt 1 of 1
[2023-11-07T14:12:05.585+0000] {taskinstance.py:1364} INFO - 
--------------------------------------------------------------------------------
[2023-11-07T14:12:05.607+0000] {taskinstance.py:1383} INFO - Executing <Task(BranchPythonOperator): branch> on 2023-11-06 00:00:00+00:00
[2023-11-07T14:12:05.614+0000] {standard_task_runner.py:55} INFO - Started process 688 to run task
[2023-11-07T14:12:05.617+0000] {standard_task_runner.py:82} INFO - Running: ['***', 'tasks', 'run', 'xcom_dag', 'branch', 'scheduled__2023-11-06T00:00:00+00:00', '--job-id', '528', '--raw', '--subdir', 'DAGS_FOLDER/xcom_dag.py', '--cfg-path', '/tmp/tmpzpr2ybf9']
[2023-11-07T14:12:05.620+0000] {standard_task_runner.py:83} INFO - Job 528: Subtask branch
[2023-11-07T14:12:05.691+0000] {task_command.py:376} INFO - Running <TaskInstance: xcom_dag.branch scheduled__2023-11-06T00:00:00+00:00 [running]> on host 193aaf8b1e25
[2023-11-07T14:12:05.785+0000] {taskinstance.py:1592} INFO - Exporting the following env vars:
AIRFLOW_CTX_DAG_OWNER=***
AIRFLOW_CTX_DAG_ID=xcom_dag
AIRFLOW_CTX_TASK_ID=branch
AIRFLOW_CTX_EXECUTION_DATE=2023-11-06T00:00:00+00:00
AIRFLOW_CTX_TRY_NUMBER=1
AIRFLOW_CTX_DAG_RUN_ID=scheduled__2023-11-06T00:00:00+00:00
[2023-11-07T14:12:05.799+0000] {python.py:177} INFO - Done. Returned value was: t2
[2023-11-07T14:12:05.801+0000] {skipmixin.py:155} INFO - Following branch t2
[2023-11-07T14:12:05.802+0000] {skipmixin.py:190} INFO - Skipping tasks ['t3']
[2023-11-07T14:12:05.866+0000] {taskinstance.py:1406} INFO - Marking task as SUCCESS. dag_id=xcom_dag, task_id=branch, execution_date=20231106T000000, start_date=20231107T141205, end_date=20231107T141205
[2023-11-07T14:12:05.910+0000] {local_task_job.py:164} INFO - Task exited with return code 0
[2023-11-07T14:12:06.011+0000] {local_task_job.py:273} INFO - 1 downstream tasks scheduled from follow-on schedule check
