[2023-11-10T08:10:02.606+0000] {taskinstance.py:1087} INFO - Dependencies all met for <TaskInstance: customers.create_customers_table manual__2023-11-10T08:09:59.929644+00:00 [queued]>
[2023-11-10T08:10:02.626+0000] {taskinstance.py:1087} INFO - Dependencies all met for <TaskInstance: customers.create_customers_table manual__2023-11-10T08:09:59.929644+00:00 [queued]>
[2023-11-10T08:10:02.627+0000] {taskinstance.py:1283} INFO - 
--------------------------------------------------------------------------------
[2023-11-10T08:10:02.628+0000] {taskinstance.py:1284} INFO - Starting attempt 1 of 1
[2023-11-10T08:10:02.629+0000] {taskinstance.py:1285} INFO - 
--------------------------------------------------------------------------------
[2023-11-10T08:10:02.654+0000] {taskinstance.py:1304} INFO - Executing <Task(PostgresOperator): create_customers_table> on 2023-11-10 08:09:59.929644+00:00
[2023-11-10T08:10:02.663+0000] {standard_task_runner.py:55} INFO - Started process 2757 to run task
[2023-11-10T08:10:02.668+0000] {standard_task_runner.py:82} INFO - Running: ['***', 'tasks', 'run', 'customers', 'create_customers_table', 'manual__2023-11-10T08:09:59.929644+00:00', '--job-id', '353', '--raw', '--subdir', 'DAGS_FOLDER/customers.py', '--cfg-path', '/tmp/tmpie0rto2s']
[2023-11-10T08:10:02.671+0000] {standard_task_runner.py:83} INFO - Job 353: Subtask create_customers_table
[2023-11-10T08:10:02.755+0000] {task_command.py:389} INFO - Running <TaskInstance: customers.create_customers_table manual__2023-11-10T08:09:59.929644+00:00 [running]> on host 706d03b983c6
[2023-11-10T08:10:03.081+0000] {taskinstance.py:1513} INFO - Exporting the following env vars:
AIRFLOW_CTX_DAG_OWNER=Tetiana
AIRFLOW_CTX_DAG_ID=customers
AIRFLOW_CTX_TASK_ID=create_customers_table
AIRFLOW_CTX_EXECUTION_DATE=2023-11-10T08:09:59.929644+00:00
AIRFLOW_CTX_TRY_NUMBER=1
AIRFLOW_CTX_DAG_RUN_ID=manual__2023-11-10T08:09:59.929644+00:00
[2023-11-10T08:10:03.083+0000] {sql.py:253} INFO - Executing: 
        CREATE TABLE IF NOT EXISTS customers (
            Index INT NOT NULL primary key,
            Customer_Id varchar(100),
            First_Name varchar(100),
            Last_Name varchar(100)
            
        );
    
[2023-11-10T08:10:03.106+0000] {base.py:73} INFO - Using connection ID 'postgres' for task execution.
[2023-11-10T08:10:03.468+0000] {base.py:73} INFO - Using connection ID 'postgres' for task execution.
[2023-11-10T08:10:03.474+0000] {sql.py:364} INFO - Running statement: 
        CREATE TABLE IF NOT EXISTS customers (
            Index INT NOT NULL primary key,
            Customer_Id varchar(100),
            First_Name varchar(100),
            Last_Name varchar(100)
            
        );
    , parameters: None
[2023-11-10T08:10:03.499+0000] {taskinstance.py:1327} INFO - Marking task as SUCCESS. dag_id=customers, task_id=create_customers_table, execution_date=20231110T080959, start_date=20231110T081002, end_date=20231110T081003
[2023-11-10T08:10:03.565+0000] {local_task_job.py:159} INFO - Task exited with return code 0
[2023-11-10T08:10:03.609+0000] {taskinstance.py:2582} INFO - 0 downstream tasks scheduled from follow-on schedule check
