[2023-11-03T17:50:24.721+0000] {taskinstance.py:1165} INFO - Dependencies all met for <TaskInstance: people.read_people manual__2023-11-03T17:50:20.068767+00:00 [queued]>
[2023-11-03T17:50:24.739+0000] {taskinstance.py:1165} INFO - Dependencies all met for <TaskInstance: people.read_people manual__2023-11-03T17:50:20.068767+00:00 [queued]>
[2023-11-03T17:50:24.741+0000] {taskinstance.py:1362} INFO - 
--------------------------------------------------------------------------------
[2023-11-03T17:50:24.742+0000] {taskinstance.py:1363} INFO - Starting attempt 1 of 1
[2023-11-03T17:50:24.743+0000] {taskinstance.py:1364} INFO - 
--------------------------------------------------------------------------------
[2023-11-03T17:50:24.775+0000] {taskinstance.py:1383} INFO - Executing <Task(PythonOperator): read_people> on 2023-11-03 17:50:20.068767+00:00
[2023-11-03T17:50:24.785+0000] {standard_task_runner.py:55} INFO - Started process 6794 to run task
[2023-11-03T17:50:24.792+0000] {standard_task_runner.py:82} INFO - Running: ['***', 'tasks', 'run', 'people', 'read_people', 'manual__2023-11-03T17:50:20.068767+00:00', '--job-id', '91', '--raw', '--subdir', 'DAGS_FOLDER/people.py', '--cfg-path', '/tmp/tmp4d9sxk7c']
[2023-11-03T17:50:24.797+0000] {standard_task_runner.py:83} INFO - Job 91: Subtask read_people
[2023-11-03T17:50:24.951+0000] {task_command.py:376} INFO - Running <TaskInstance: people.read_people manual__2023-11-03T17:50:20.068767+00:00 [running]> on host 113d79be32ee
[2023-11-03T17:50:25.384+0000] {taskinstance.py:1592} INFO - Exporting the following env vars:
AIRFLOW_CTX_DAG_OWNER=***
AIRFLOW_CTX_DAG_ID=people
AIRFLOW_CTX_TASK_ID=read_people
AIRFLOW_CTX_EXECUTION_DATE=2023-11-03T17:50:20.068767+00:00
AIRFLOW_CTX_TRY_NUMBER=1
AIRFLOW_CTX_DAG_RUN_ID=manual__2023-11-03T17:50:20.068767+00:00
[2023-11-03T17:50:25.408+0000] {logging_mixin.py:120} INFO - Skipping row with invalid 'Index' value: "10
[2023-11-03T17:50:25.410+0000] {logging_mixin.py:120} INFO - Skipping row with invalid 'Index' value: "13
[2023-11-03T17:50:25.417+0000] {logging_mixin.py:120} INFO - Skipping row with invalid 'Index' value: "19
[2023-11-03T17:50:25.421+0000] {logging_mixin.py:120} INFO - Skipping row with invalid 'Index' value: "21
[2023-11-03T17:50:25.423+0000] {logging_mixin.py:120} INFO - Skipping row with invalid 'Index' value: "26
[2023-11-03T17:50:25.441+0000] {logging_mixin.py:120} INFO - Skipping row with invalid 'Index' value: "34
[2023-11-03T17:50:25.455+0000] {logging_mixin.py:120} INFO - Skipping row with invalid 'Index' value: "37
[2023-11-03T17:50:25.456+0000] {logging_mixin.py:120} INFO - Skipping row with invalid 'Index' value: "38
[2023-11-03T17:50:25.457+0000] {logging_mixin.py:120} INFO - Skipping row with invalid 'Index' value: "41
[2023-11-03T17:50:25.459+0000] {logging_mixin.py:120} INFO - Skipping row with invalid 'Index' value: "47
[2023-11-03T17:50:25.460+0000] {logging_mixin.py:120} INFO - Skipping row with invalid 'Index' value: "50
[2023-11-03T17:50:25.465+0000] {logging_mixin.py:120} INFO - Skipping row with invalid 'Index' value: "65
[2023-11-03T17:50:25.468+0000] {logging_mixin.py:120} INFO - Skipping row with invalid 'Index' value: "66
[2023-11-03T17:50:25.470+0000] {logging_mixin.py:120} INFO - Skipping row with invalid 'Index' value: "68
[2023-11-03T17:50:25.473+0000] {logging_mixin.py:120} INFO - Skipping row with invalid 'Index' value: "75
[2023-11-03T17:50:25.474+0000] {logging_mixin.py:120} INFO - Skipping row with invalid 'Index' value: "77
[2023-11-03T17:50:25.475+0000] {logging_mixin.py:120} INFO - Skipping row with invalid 'Index' value: "85
[2023-11-03T17:50:25.476+0000] {logging_mixin.py:120} INFO - Skipping row with invalid 'Index' value: "87
[2023-11-03T17:50:25.478+0000] {logging_mixin.py:120} INFO - Skipping row with invalid 'Index' value: "92
[2023-11-03T17:50:25.482+0000] {logging_mixin.py:120} INFO - [[1, '88F7B33d2bcf9f5', 'Shelby'], [2, 'f90cD3E76f1A9b9', 'Phillip'], [3, 'DbeAb8CcdfeFC2c', 'Kristine'], [4, 'A31Bee3c201ef58', 'Yesenia'], [5, '1bA7A3dc874da3c', 'Lori'], [6, 'bfDD7CDEF5D865B', 'Erin'], [7, 'bE9EEf34cB72AF7', 'Katherine'], [8, '2EFC6A4e77FaEaC', 'Ricardo'], [9, 'baDcC4DeefD8dEB', 'Dave'], [11, 'BF0BbA03C29Bb3b', 'Sheila'], [12, 'F738c69fB34E62E', 'Stacy'], [14, 'b759b74BD1dE80d', 'Bridget'], [15, '1F0B7D65A00DAF9', 'Crystal'], [16, '50Bb061cB30B461', 'Thomas'], [17, 'D6dbA5308fEC4BC', 'Maurice'], [18, '311D775990f066d', 'Frank'], [20, '88473e15D5c3cD0', 'Jared'], [22, '42F4BdA841aBadC', 'Colleen'], [23, 'cBbBcA0FCA3C4Bc', 'Randy'], [24, 'f1f89173353aD90', 'Janice'], [25, 'c5B09fb33e8bA0A', 'Alfred'], [27, '9c1bc7EC53Fb7cE', 'Louis'], [28, 'ddEc50e2A2e3a2B', 'Brittney'], [29, '66F096D36Ebae11', 'Judy'], [30, 'F0fE2faAd78F8b5', 'Norman'], [31, '5d2feAfbdCAA6B5', 'Isaiah'], [32, 'cDa5F303fCd6dEa', 'Jacqueline'], [33, '8Ef7DBfcaB02b6B', 'Bonnie'], [35, '3Fb8a7f68e12784', 'Jackson'], [36, '035eff50B9A0F24', 'Melody'], [39, 'b6a35de5CB6fc25', 'Cynthia'], [40, 'e92A191E345fA3A', 'Tanya'], [42, 'CEFA7BBCef013AE', 'Kirk'], [43, '9edBC94aE7cA22a', 'Willie'], [44, 'fFe7BAA737aDbe2', 'Miguel'], [45, '5F2f3fAca8B0946', 'Darren'], [46, '6bFcfc3cc1BC6B4', 'Haley'], [48, 'Ee4eB129dC7913A', 'Becky'], [49, 'dBCEf340C3657Eb', 'Caitlyn'], [51, 'eA3fDd79BE9f0E7', 'Heidi'], [52, 'aF0eE4547Bc025c', 'Brian'], [53, '9F5DeD7aD228F5a', 'Beverly'], [54, 'D3Fa0220dDE4d36', 'Nathaniel'], [55, '60FdBFd5e7BE8fF', 'Debra'], [56, 'D8bF5Ab2b98caff', 'Mackenzie'], [57, 'CD8d33aA25bc8BB', 'Courtney'], [58, 'Fac3BfFf0A3d03c', 'Fred'], [59, 'e552D7ddafe1FFb', 'Ryan'], [60, '0f8deedb629A5f6', 'Grace'], [61, 'bB9e49E506F65ed', 'Shari'], [62, 'Ed724605A403D91', 'Kelli'], [63, '0aBE5ACb18E0c10', 'Jackie'], [64, '5D2cb63CaAF53f6', 'Leslie'], [67, '9Df5Ba591bF3EFf', 'Mike'], [69, 'Ebcefdf75eCb0a9', 'Frank'], [70, 'e75e5DBfcb68887', 'Sandra'], [71, '6a53a8D41dDF6de', 'Ryan'], [72, 'F0d3bD1aaf9E3Bc', 'Tamara'], [73, '5bC87340799FBD0', 'Jean'], [74, 'dBfA17Aaf16b4ab', 'Veronica'], [76, 'b3e15e65Ca2CcBf', 'Tina'], [78, 'AdEd6cfD85DeC46', 'Jermaine'], [79, 'DAf111987098ae4', 'Regina'], [80, '6e6a5b885F6496d', 'Terrence'], [81, '12DCb4ED8E01D5C', 'Tyler'], [82, 'E1cB5cA8CA7CC0a', 'Andrew'], [83, 'AedDfaE8Cf49F07', 'Reginald'], [84, 'bff9853aFAeF772', 'Douglas'], [86, 'CB19EafEbBfF9eC', 'Mario'], [88, '2b0Ab1Dc9E01D7E', 'Dustin'], [89, '3f3a3D89ad042Dd', 'Harry'], [90, '9425E2F38C408ef', 'Kathy'], [91, 'F0aeC9c2759F3C6', 'Alison'], [93, '2A33E7Cad1bb0F5', 'Melody'], [94, 'd181FFB7d3E68bb', 'Xavier'], [95, 'feaBf8dAE0C0d6F', 'Dillon'], [96, '5eFda7caAeB260E', 'Dennis'], [97, 'CCbFce93d3720bE', 'Steve'], [98, '2fEc528aFAF0b69', 'Wesley'], [99, 'Adc7ad9B6e4A1Fe', 'Summer'], [100, 'b8D0aD3490FC7e1', 'Mariah']]
[2023-11-03T17:50:25.498+0000] {base.py:71} INFO - Using connection ID 'postgres' for task execution.
[2023-11-03T17:50:25.559+0000] {sql.py:415} INFO - Done loading. Loaded a total of 81 rows
[2023-11-03T17:50:25.561+0000] {python.py:177} INFO - Done. Returned value was: None
[2023-11-03T17:50:25.598+0000] {taskinstance.py:1406} INFO - Marking task as SUCCESS. dag_id=people, task_id=read_people, execution_date=20231103T175020, start_date=20231103T175024, end_date=20231103T175025
[2023-11-03T17:50:25.657+0000] {local_task_job.py:164} INFO - Task exited with return code 0
[2023-11-03T17:50:25.702+0000] {local_task_job.py:273} INFO - 0 downstream tasks scheduled from follow-on schedule check
