[2023-11-10T11:40:48.453+0000] {taskinstance.py:1087} INFO - Dependencies all met for <TaskInstance: create_merged_table.create_merged_table manual__2023-11-10T11:40:46.533774+00:00 [queued]>
[2023-11-10T11:40:48.470+0000] {taskinstance.py:1087} INFO - Dependencies all met for <TaskInstance: create_merged_table.create_merged_table manual__2023-11-10T11:40:46.533774+00:00 [queued]>
[2023-11-10T11:40:48.470+0000] {taskinstance.py:1283} INFO - 
--------------------------------------------------------------------------------
[2023-11-10T11:40:48.471+0000] {taskinstance.py:1284} INFO - Starting attempt 1 of 1
[2023-11-10T11:40:48.472+0000] {taskinstance.py:1285} INFO - 
--------------------------------------------------------------------------------
[2023-11-10T11:40:48.496+0000] {taskinstance.py:1304} INFO - Executing <Task(PostgresOperator): create_merged_table> on 2023-11-10 11:40:46.533774+00:00
[2023-11-10T11:40:48.502+0000] {standard_task_runner.py:55} INFO - Started process 458 to run task
[2023-11-10T11:40:48.505+0000] {standard_task_runner.py:82} INFO - Running: ['***', 'tasks', 'run', 'create_merged_table', 'create_merged_table', 'manual__2023-11-10T11:40:46.533774+00:00', '--job-id', '500', '--raw', '--subdir', 'DAGS_FOLDER/union.py', '--cfg-path', '/tmp/tmp04p2_noy']
[2023-11-10T11:40:48.508+0000] {standard_task_runner.py:83} INFO - Job 500: Subtask create_merged_table
[2023-11-10T11:40:48.604+0000] {task_command.py:389} INFO - Running <TaskInstance: create_merged_table.create_merged_table manual__2023-11-10T11:40:46.533774+00:00 [running]> on host ae05fe974d8d
[2023-11-10T11:40:48.718+0000] {taskinstance.py:1513} INFO - Exporting the following env vars:
AIRFLOW_CTX_DAG_OWNER=Tetiana
AIRFLOW_CTX_DAG_ID=create_merged_table
AIRFLOW_CTX_TASK_ID=create_merged_table
AIRFLOW_CTX_EXECUTION_DATE=2023-11-10T11:40:46.533774+00:00
AIRFLOW_CTX_TRY_NUMBER=1
AIRFLOW_CTX_DAG_RUN_ID=manual__2023-11-10T11:40:46.533774+00:00
[2023-11-10T11:40:48.719+0000] {sql.py:253} INFO - Executing: 
        CREATE TABLE IF NOT EXISTS merged_table AS
        SELECT *
        FROM customers
        INNER JOIN people ON customers.customer_id = people.user_id;
        
[2023-11-10T11:40:48.730+0000] {base.py:73} INFO - Using connection ID 'postgres' for task execution.
[2023-11-10T11:40:49.014+0000] {base.py:73} INFO - Using connection ID 'postgres' for task execution.
[2023-11-10T11:40:49.018+0000] {sql.py:364} INFO - Running statement: 
        CREATE TABLE IF NOT EXISTS merged_table AS
        SELECT *
        FROM customers
        INNER JOIN people ON customers.customer_id = people.user_id;
        , parameters: None
[2023-11-10T11:40:49.022+0000] {taskinstance.py:1772} ERROR - Task failed with exception
Traceback (most recent call last):
  File "/home/airflow/.local/lib/python3.7/site-packages/airflow/providers/common/sql/operators/sql.py", line 261, in execute
    return_last=self.return_last,
  File "/home/airflow/.local/lib/python3.7/site-packages/airflow/providers/common/sql/hooks/sql.py", line 338, in run
    self._run_command(cur, sql_statement, parameters)
  File "/home/airflow/.local/lib/python3.7/site-packages/airflow/providers/common/sql/hooks/sql.py", line 369, in _run_command
    cur.execute(sql_statement)
psycopg2.errors.DuplicateColumn: column "index" specified more than once

[2023-11-10T11:40:49.035+0000] {taskinstance.py:1327} INFO - Marking task as FAILED. dag_id=create_merged_table, task_id=create_merged_table, execution_date=20231110T114046, start_date=20231110T114048, end_date=20231110T114049
[2023-11-10T11:40:49.053+0000] {standard_task_runner.py:105} ERROR - Failed to execute job 500 for task create_merged_table (column "index" specified more than once
; 458)
[2023-11-10T11:40:49.084+0000] {local_task_job.py:159} INFO - Task exited with return code 1
[2023-11-10T11:40:49.109+0000] {taskinstance.py:2582} INFO - 0 downstream tasks scheduled from follow-on schedule check
