[2023-11-03T18:22:33.234+0000] {taskinstance.py:1165} INFO - Dependencies all met for <TaskInstance: people.create_people_table manual__2023-11-03T18:22:31.222641+00:00 [queued]>
[2023-11-03T18:22:33.249+0000] {taskinstance.py:1165} INFO - Dependencies all met for <TaskInstance: people.create_people_table manual__2023-11-03T18:22:31.222641+00:00 [queued]>
[2023-11-03T18:22:33.250+0000] {taskinstance.py:1362} INFO - 
--------------------------------------------------------------------------------
[2023-11-03T18:22:33.251+0000] {taskinstance.py:1363} INFO - Starting attempt 1 of 1
[2023-11-03T18:22:33.252+0000] {taskinstance.py:1364} INFO - 
--------------------------------------------------------------------------------
[2023-11-03T18:22:33.274+0000] {taskinstance.py:1383} INFO - Executing <Task(PostgresOperator): create_people_table> on 2023-11-03 18:22:31.222641+00:00
[2023-11-03T18:22:33.280+0000] {standard_task_runner.py:55} INFO - Started process 942 to run task
[2023-11-03T18:22:33.283+0000] {standard_task_runner.py:82} INFO - Running: ['***', 'tasks', 'run', 'people', 'create_people_table', 'manual__2023-11-03T18:22:31.222641+00:00', '--job-id', '109', '--raw', '--subdir', 'DAGS_FOLDER/people.py', '--cfg-path', '/tmp/tmpd0eujhiw']
[2023-11-03T18:22:33.286+0000] {standard_task_runner.py:83} INFO - Job 109: Subtask create_people_table
[2023-11-03T18:22:33.355+0000] {task_command.py:376} INFO - Running <TaskInstance: people.create_people_table manual__2023-11-03T18:22:31.222641+00:00 [running]> on host 6b65bc8eaea5
[2023-11-03T18:22:33.443+0000] {taskinstance.py:1592} INFO - Exporting the following env vars:
AIRFLOW_CTX_DAG_OWNER=***
AIRFLOW_CTX_DAG_ID=people
AIRFLOW_CTX_TASK_ID=create_people_table
AIRFLOW_CTX_EXECUTION_DATE=2023-11-03T18:22:31.222641+00:00
AIRFLOW_CTX_TRY_NUMBER=1
AIRFLOW_CTX_DAG_RUN_ID=manual__2023-11-03T18:22:31.222641+00:00
[2023-11-03T18:22:33.454+0000] {base.py:71} INFO - Using connection ID 'postgres_people' for task execution.
[2023-11-03T18:22:33.458+0000] {sql.py:315} INFO - Running statement: 
        CREATE TABLE IF NOT EXISTS people (
            Index INT NOT NULL primary key,
            User_Id varchar(100),
            First_Name varchar(100),
            Last_Name varchar(100),
            Sex varchar(100),
            Email varchar(100)
        );
    , parameters: None
[2023-11-03T18:22:33.481+0000] {taskinstance.py:1406} INFO - Marking task as SUCCESS. dag_id=people, task_id=create_people_table, execution_date=20231103T182231, start_date=20231103T182233, end_date=20231103T182233
[2023-11-03T18:22:33.535+0000] {local_task_job.py:164} INFO - Task exited with return code 0
[2023-11-03T18:22:33.563+0000] {local_task_job.py:273} INFO - 1 downstream tasks scheduled from follow-on schedule check
