[2023-11-04T20:26:51.017+0000] {taskinstance.py:1165} INFO - Dependencies all met for <TaskInstance: people.read_people manual__2023-11-04T20:26:46.969511+00:00 [queued]>
[2023-11-04T20:26:51.038+0000] {taskinstance.py:1165} INFO - Dependencies all met for <TaskInstance: people.read_people manual__2023-11-04T20:26:46.969511+00:00 [queued]>
[2023-11-04T20:26:51.039+0000] {taskinstance.py:1362} INFO - 
--------------------------------------------------------------------------------
[2023-11-04T20:26:51.040+0000] {taskinstance.py:1363} INFO - Starting attempt 1 of 1
[2023-11-04T20:26:51.042+0000] {taskinstance.py:1364} INFO - 
--------------------------------------------------------------------------------
[2023-11-04T20:26:51.061+0000] {taskinstance.py:1383} INFO - Executing <Task(PythonOperator): read_people> on 2023-11-04 20:26:46.969511+00:00
[2023-11-04T20:26:51.067+0000] {standard_task_runner.py:55} INFO - Started process 2717 to run task
[2023-11-04T20:26:51.071+0000] {standard_task_runner.py:82} INFO - Running: ['***', 'tasks', 'run', 'people', 'read_people', 'manual__2023-11-04T20:26:46.969511+00:00', '--job-id', '199', '--raw', '--subdir', 'DAGS_FOLDER/people.py', '--cfg-path', '/tmp/tmp3rufj5du']
[2023-11-04T20:26:51.073+0000] {standard_task_runner.py:83} INFO - Job 199: Subtask read_people
[2023-11-04T20:26:51.151+0000] {task_command.py:376} INFO - Running <TaskInstance: people.read_people manual__2023-11-04T20:26:46.969511+00:00 [running]> on host 0ef3ea835a0e
[2023-11-04T20:26:51.238+0000] {taskinstance.py:1592} INFO - Exporting the following env vars:
AIRFLOW_CTX_DAG_OWNER=***
AIRFLOW_CTX_DAG_ID=people
AIRFLOW_CTX_TASK_ID=read_people
AIRFLOW_CTX_EXECUTION_DATE=2023-11-04T20:26:46.969511+00:00
AIRFLOW_CTX_TRY_NUMBER=1
AIRFLOW_CTX_DAG_RUN_ID=manual__2023-11-04T20:26:46.969511+00:00
[2023-11-04T20:26:51.249+0000] {taskinstance.py:1851} ERROR - Task failed with exception
Traceback (most recent call last):
  File "/home/airflow/.local/lib/python3.7/site-packages/airflow/operators/python.py", line 175, in execute
    return_value = self.execute_callable()
  File "/home/airflow/.local/lib/python3.7/site-packages/airflow/operators/python.py", line 193, in execute_callable
    return self.python_callable(*self.op_args, **self.op_kwargs)
  File "/opt/airflow/dags/people.py", line 32, in _read_people
    date_str = row[7]
IndexError: list index out of range
[2023-11-04T20:26:51.264+0000] {taskinstance.py:1406} INFO - Marking task as FAILED. dag_id=people, task_id=read_people, execution_date=20231104T202646, start_date=20231104T202651, end_date=20231104T202651
[2023-11-04T20:26:51.278+0000] {standard_task_runner.py:105} ERROR - Failed to execute job 199 for task read_people (list index out of range; 2717)
[2023-11-04T20:26:51.322+0000] {local_task_job.py:164} INFO - Task exited with return code 1
[2023-11-04T20:26:51.345+0000] {local_task_job.py:273} INFO - 0 downstream tasks scheduled from follow-on schedule check
