[2023-11-04T20:24:52.288+0000] {taskinstance.py:1165} INFO - Dependencies all met for <TaskInstance: people.read_people manual__2023-11-04T20:24:48.674959+00:00 [queued]>
[2023-11-04T20:24:52.303+0000] {taskinstance.py:1165} INFO - Dependencies all met for <TaskInstance: people.read_people manual__2023-11-04T20:24:48.674959+00:00 [queued]>
[2023-11-04T20:24:52.304+0000] {taskinstance.py:1362} INFO - 
--------------------------------------------------------------------------------
[2023-11-04T20:24:52.305+0000] {taskinstance.py:1363} INFO - Starting attempt 1 of 1
[2023-11-04T20:24:52.305+0000] {taskinstance.py:1364} INFO - 
--------------------------------------------------------------------------------
[2023-11-04T20:24:52.323+0000] {taskinstance.py:1383} INFO - Executing <Task(PythonOperator): read_people> on 2023-11-04 20:24:48.674959+00:00
[2023-11-04T20:24:52.329+0000] {standard_task_runner.py:55} INFO - Started process 2628 to run task
[2023-11-04T20:24:52.332+0000] {standard_task_runner.py:82} INFO - Running: ['***', 'tasks', 'run', 'people', 'read_people', 'manual__2023-11-04T20:24:48.674959+00:00', '--job-id', '197', '--raw', '--subdir', 'DAGS_FOLDER/people.py', '--cfg-path', '/tmp/tmpv487kymf']
[2023-11-04T20:24:52.334+0000] {standard_task_runner.py:83} INFO - Job 197: Subtask read_people
[2023-11-04T20:24:52.401+0000] {task_command.py:376} INFO - Running <TaskInstance: people.read_people manual__2023-11-04T20:24:48.674959+00:00 [running]> on host 0ef3ea835a0e
[2023-11-04T20:24:52.498+0000] {taskinstance.py:1592} INFO - Exporting the following env vars:
AIRFLOW_CTX_DAG_OWNER=***
AIRFLOW_CTX_DAG_ID=people
AIRFLOW_CTX_TASK_ID=read_people
AIRFLOW_CTX_EXECUTION_DATE=2023-11-04T20:24:48.674959+00:00
AIRFLOW_CTX_TRY_NUMBER=1
AIRFLOW_CTX_DAG_RUN_ID=manual__2023-11-04T20:24:48.674959+00:00
[2023-11-04T20:24:52.504+0000] {taskinstance.py:1851} ERROR - Task failed with exception
Traceback (most recent call last):
  File "/home/airflow/.local/lib/python3.7/site-packages/airflow/operators/python.py", line 175, in execute
    return_value = self.execute_callable()
  File "/home/airflow/.local/lib/python3.7/site-packages/airflow/operators/python.py", line 193, in execute_callable
    return self.python_callable(*self.op_args, **self.op_kwargs)
  File "/opt/airflow/dags/people.py", line 27, in _read_people
    int(row[0]),
ValueError: invalid literal for int() with base 10: '10,8e4FB470FE19bF0,Isaiah,Downs,Male,virginiaterrell@example.org,+1-511-372-1544x8206,1964-09-20,"Engineer, site"'
[2023-11-04T20:24:52.517+0000] {taskinstance.py:1406} INFO - Marking task as FAILED. dag_id=people, task_id=read_people, execution_date=20231104T202448, start_date=20231104T202452, end_date=20231104T202452
[2023-11-04T20:24:52.531+0000] {standard_task_runner.py:105} ERROR - Failed to execute job 197 for task read_people (invalid literal for int() with base 10: '10,8e4FB470FE19bF0,Isaiah,Downs,Male,virginiaterrell@example.org,+1-511-372-1544x8206,1964-09-20,"Engineer, site"'; 2628)
[2023-11-04T20:24:52.545+0000] {local_task_job.py:164} INFO - Task exited with return code 1
[2023-11-04T20:24:52.568+0000] {local_task_job.py:273} INFO - 0 downstream tasks scheduled from follow-on schedule check
