[2023-11-13T10:23:08.543+0000] {taskinstance.py:1087} INFO - Dependencies all met for <TaskInstance: people.read_people manual__2023-11-13T10:23:03.264511+00:00 [queued]>
[2023-11-13T10:23:08.566+0000] {taskinstance.py:1087} INFO - Dependencies all met for <TaskInstance: people.read_people manual__2023-11-13T10:23:03.264511+00:00 [queued]>
[2023-11-13T10:23:08.568+0000] {taskinstance.py:1283} INFO - 
--------------------------------------------------------------------------------
[2023-11-13T10:23:08.569+0000] {taskinstance.py:1284} INFO - Starting attempt 1 of 1
[2023-11-13T10:23:08.570+0000] {taskinstance.py:1285} INFO - 
--------------------------------------------------------------------------------
[2023-11-13T10:23:08.598+0000] {taskinstance.py:1304} INFO - Executing <Task(PythonOperator): read_people> on 2023-11-13 10:23:03.264511+00:00
[2023-11-13T10:23:08.612+0000] {standard_task_runner.py:55} INFO - Started process 3640 to run task
[2023-11-13T10:23:08.615+0000] {standard_task_runner.py:82} INFO - Running: ['***', 'tasks', 'run', 'people', 'read_people', 'manual__2023-11-13T10:23:03.264511+00:00', '--job-id', '625', '--raw', '--subdir', 'DAGS_FOLDER/people.py', '--cfg-path', '/tmp/tmpa2e8oh6s']
[2023-11-13T10:23:08.618+0000] {standard_task_runner.py:83} INFO - Job 625: Subtask read_people
[2023-11-13T10:23:08.704+0000] {task_command.py:389} INFO - Running <TaskInstance: people.read_people manual__2023-11-13T10:23:03.264511+00:00 [running]> on host 06d7566f07d2
[2023-11-13T10:23:09.078+0000] {taskinstance.py:1513} INFO - Exporting the following env vars:
AIRFLOW_CTX_DAG_OWNER=Tetiana
AIRFLOW_CTX_DAG_ID=people
AIRFLOW_CTX_TASK_ID=read_people
AIRFLOW_CTX_EXECUTION_DATE=2023-11-13T10:23:03.264511+00:00
AIRFLOW_CTX_TRY_NUMBER=1
AIRFLOW_CTX_DAG_RUN_ID=manual__2023-11-13T10:23:03.264511+00:00
[2023-11-13T10:23:09.101+0000] {base.py:73} INFO - Using connection ID 'postgres' for task execution.
[2023-11-13T10:23:09.162+0000] {sql.py:462} INFO - Done loading. Loaded a total of 113 rows into people
[2023-11-13T10:23:09.164+0000] {python.py:177} INFO - Done. Returned value was: None
[2023-11-13T10:23:09.181+0000] {taskinstance.py:1327} INFO - Marking task as SUCCESS. dag_id=people, task_id=read_people, execution_date=20231113T102303, start_date=20231113T102308, end_date=20231113T102309
[2023-11-13T10:23:09.233+0000] {local_task_job.py:159} INFO - Task exited with return code 0
[2023-11-13T10:23:09.266+0000] {taskinstance.py:2582} INFO - 1 downstream tasks scheduled from follow-on schedule check
