[2023-11-05T18:35:21.737+0000] {processor.py:154} INFO - Started process (PID=61) to work on /opt/airflow/dags/customer_1.py
[2023-11-05T18:35:21.738+0000] {processor.py:756} INFO - Processing file /opt/airflow/dags/customer_1.py for tasks to queue
[2023-11-05T18:35:21.740+0000] {logging_mixin.py:120} INFO - [2023-11-05T18:35:21.739+0000] {dagbag.py:537} INFO - Filling up the DagBag from /opt/airflow/dags/customer_1.py
[2023-11-05T18:35:22.846+0000] {processor.py:766} INFO - DAG(s) dict_keys(['customers']) retrieved from /opt/airflow/dags/customer_1.py
[2023-11-05T18:35:22.909+0000] {logging_mixin.py:120} INFO - [2023-11-05T18:35:22.908+0000] {dag.py:2585} INFO - Sync 1 DAGs
[2023-11-05T18:35:22.970+0000] {logging_mixin.py:120} INFO - [2023-11-05T18:35:22.970+0000] {dag.py:3340} INFO - Setting next_dagrun for customers to None, run_after=None
[2023-11-05T18:35:23.039+0000] {processor.py:176} INFO - Processing /opt/airflow/dags/customer_1.py took 1.305 seconds
[2023-11-05T18:35:53.691+0000] {processor.py:154} INFO - Started process (PID=107) to work on /opt/airflow/dags/customer_1.py
[2023-11-05T18:35:53.692+0000] {processor.py:756} INFO - Processing file /opt/airflow/dags/customer_1.py for tasks to queue
[2023-11-05T18:35:53.693+0000] {logging_mixin.py:120} INFO - [2023-11-05T18:35:53.693+0000] {dagbag.py:537} INFO - Filling up the DagBag from /opt/airflow/dags/customer_1.py
[2023-11-05T18:35:54.446+0000] {processor.py:766} INFO - DAG(s) dict_keys(['customers']) retrieved from /opt/airflow/dags/customer_1.py
[2023-11-05T18:35:54.474+0000] {logging_mixin.py:120} INFO - [2023-11-05T18:35:54.473+0000] {dag.py:2585} INFO - Sync 1 DAGs
[2023-11-05T18:35:54.508+0000] {logging_mixin.py:120} INFO - [2023-11-05T18:35:54.508+0000] {dag.py:3340} INFO - Setting next_dagrun for customers to None, run_after=None
[2023-11-05T18:35:54.534+0000] {processor.py:176} INFO - Processing /opt/airflow/dags/customer_1.py took 0.848 seconds
[2023-11-05T18:36:24.921+0000] {processor.py:154} INFO - Started process (PID=146) to work on /opt/airflow/dags/customer_1.py
[2023-11-05T18:36:24.922+0000] {processor.py:756} INFO - Processing file /opt/airflow/dags/customer_1.py for tasks to queue
[2023-11-05T18:36:24.923+0000] {logging_mixin.py:120} INFO - [2023-11-05T18:36:24.923+0000] {dagbag.py:537} INFO - Filling up the DagBag from /opt/airflow/dags/customer_1.py
[2023-11-05T18:36:25.660+0000] {processor.py:766} INFO - DAG(s) dict_keys(['customers']) retrieved from /opt/airflow/dags/customer_1.py
[2023-11-05T18:36:25.694+0000] {logging_mixin.py:120} INFO - [2023-11-05T18:36:25.692+0000] {dag.py:2585} INFO - Sync 1 DAGs
[2023-11-05T18:36:25.727+0000] {logging_mixin.py:120} INFO - [2023-11-05T18:36:25.726+0000] {dag.py:3340} INFO - Setting next_dagrun for customers to None, run_after=None
[2023-11-05T18:36:25.751+0000] {processor.py:176} INFO - Processing /opt/airflow/dags/customer_1.py took 0.833 seconds
[2023-11-05T18:36:55.928+0000] {processor.py:154} INFO - Started process (PID=194) to work on /opt/airflow/dags/customer_1.py
[2023-11-05T18:36:55.929+0000] {processor.py:756} INFO - Processing file /opt/airflow/dags/customer_1.py for tasks to queue
[2023-11-05T18:36:55.930+0000] {logging_mixin.py:120} INFO - [2023-11-05T18:36:55.929+0000] {dagbag.py:537} INFO - Filling up the DagBag from /opt/airflow/dags/customer_1.py
[2023-11-05T18:36:56.671+0000] {processor.py:766} INFO - DAG(s) dict_keys(['customers']) retrieved from /opt/airflow/dags/customer_1.py
[2023-11-05T18:36:56.856+0000] {logging_mixin.py:120} INFO - [2023-11-05T18:36:56.855+0000] {dag.py:2585} INFO - Sync 1 DAGs
[2023-11-05T18:36:56.925+0000] {logging_mixin.py:120} INFO - [2023-11-05T18:36:56.925+0000] {dag.py:3340} INFO - Setting next_dagrun for customers to None, run_after=None
[2023-11-05T18:36:57.003+0000] {processor.py:176} INFO - Processing /opt/airflow/dags/customer_1.py took 1.079 seconds
[2023-11-05T18:37:27.307+0000] {processor.py:154} INFO - Started process (PID=238) to work on /opt/airflow/dags/customer_1.py
[2023-11-05T18:37:27.308+0000] {processor.py:756} INFO - Processing file /opt/airflow/dags/customer_1.py for tasks to queue
[2023-11-05T18:37:27.312+0000] {logging_mixin.py:120} INFO - [2023-11-05T18:37:27.312+0000] {dagbag.py:537} INFO - Filling up the DagBag from /opt/airflow/dags/customer_1.py
[2023-11-05T18:37:28.254+0000] {processor.py:766} INFO - DAG(s) dict_keys(['customers']) retrieved from /opt/airflow/dags/customer_1.py
[2023-11-05T18:37:28.285+0000] {logging_mixin.py:120} INFO - [2023-11-05T18:37:28.284+0000] {dag.py:2585} INFO - Sync 1 DAGs
[2023-11-05T18:37:28.321+0000] {logging_mixin.py:120} INFO - [2023-11-05T18:37:28.321+0000] {dag.py:3340} INFO - Setting next_dagrun for customers to None, run_after=None
[2023-11-05T18:37:28.353+0000] {processor.py:176} INFO - Processing /opt/airflow/dags/customer_1.py took 1.049 seconds
[2023-11-05T18:37:58.665+0000] {processor.py:154} INFO - Started process (PID=280) to work on /opt/airflow/dags/customer_1.py
[2023-11-05T18:37:58.666+0000] {processor.py:756} INFO - Processing file /opt/airflow/dags/customer_1.py for tasks to queue
[2023-11-05T18:37:58.667+0000] {logging_mixin.py:120} INFO - [2023-11-05T18:37:58.667+0000] {dagbag.py:537} INFO - Filling up the DagBag from /opt/airflow/dags/customer_1.py
[2023-11-05T18:37:59.342+0000] {processor.py:766} INFO - DAG(s) dict_keys(['customers']) retrieved from /opt/airflow/dags/customer_1.py
[2023-11-05T18:37:59.429+0000] {logging_mixin.py:120} INFO - [2023-11-05T18:37:59.428+0000] {dag.py:2585} INFO - Sync 1 DAGs
[2023-11-05T18:37:59.462+0000] {logging_mixin.py:120} INFO - [2023-11-05T18:37:59.462+0000] {dag.py:3340} INFO - Setting next_dagrun for customers to None, run_after=None
[2023-11-05T18:37:59.495+0000] {processor.py:176} INFO - Processing /opt/airflow/dags/customer_1.py took 0.834 seconds
[2023-11-05T18:38:29.687+0000] {processor.py:154} INFO - Started process (PID=329) to work on /opt/airflow/dags/customer_1.py
[2023-11-05T18:38:29.688+0000] {processor.py:756} INFO - Processing file /opt/airflow/dags/customer_1.py for tasks to queue
[2023-11-05T18:38:29.689+0000] {logging_mixin.py:120} INFO - [2023-11-05T18:38:29.689+0000] {dagbag.py:537} INFO - Filling up the DagBag from /opt/airflow/dags/customer_1.py
[2023-11-05T18:38:30.926+0000] {processor.py:766} INFO - DAG(s) dict_keys(['customers']) retrieved from /opt/airflow/dags/customer_1.py
[2023-11-05T18:38:30.954+0000] {logging_mixin.py:120} INFO - [2023-11-05T18:38:30.954+0000] {dag.py:2585} INFO - Sync 1 DAGs
[2023-11-05T18:38:30.991+0000] {logging_mixin.py:120} INFO - [2023-11-05T18:38:30.991+0000] {dag.py:3340} INFO - Setting next_dagrun for customers to None, run_after=None
[2023-11-05T18:38:31.027+0000] {processor.py:176} INFO - Processing /opt/airflow/dags/customer_1.py took 1.343 seconds
[2023-11-05T18:39:01.142+0000] {processor.py:154} INFO - Started process (PID=367) to work on /opt/airflow/dags/customer_1.py
[2023-11-05T18:39:01.143+0000] {processor.py:756} INFO - Processing file /opt/airflow/dags/customer_1.py for tasks to queue
[2023-11-05T18:39:01.145+0000] {logging_mixin.py:120} INFO - [2023-11-05T18:39:01.144+0000] {dagbag.py:537} INFO - Filling up the DagBag from /opt/airflow/dags/customer_1.py
[2023-11-05T18:39:01.916+0000] {processor.py:766} INFO - DAG(s) dict_keys(['customers']) retrieved from /opt/airflow/dags/customer_1.py
[2023-11-05T18:39:02.042+0000] {logging_mixin.py:120} INFO - [2023-11-05T18:39:02.041+0000] {dag.py:2585} INFO - Sync 1 DAGs
[2023-11-05T18:39:02.084+0000] {logging_mixin.py:120} INFO - [2023-11-05T18:39:02.084+0000] {dag.py:3340} INFO - Setting next_dagrun for customers to None, run_after=None
[2023-11-05T18:39:02.143+0000] {processor.py:176} INFO - Processing /opt/airflow/dags/customer_1.py took 1.004 seconds
[2023-11-05T18:39:33.035+0000] {processor.py:154} INFO - Started process (PID=413) to work on /opt/airflow/dags/customer_1.py
[2023-11-05T18:39:33.036+0000] {processor.py:756} INFO - Processing file /opt/airflow/dags/customer_1.py for tasks to queue
[2023-11-05T18:39:33.038+0000] {logging_mixin.py:120} INFO - [2023-11-05T18:39:33.038+0000] {dagbag.py:537} INFO - Filling up the DagBag from /opt/airflow/dags/customer_1.py
[2023-11-05T18:39:33.839+0000] {processor.py:766} INFO - DAG(s) dict_keys(['customers']) retrieved from /opt/airflow/dags/customer_1.py
[2023-11-05T18:39:33.887+0000] {logging_mixin.py:120} INFO - [2023-11-05T18:39:33.886+0000] {dag.py:2585} INFO - Sync 1 DAGs
[2023-11-05T18:39:33.926+0000] {logging_mixin.py:120} INFO - [2023-11-05T18:39:33.926+0000] {dag.py:3340} INFO - Setting next_dagrun for customers to None, run_after=None
[2023-11-05T18:39:33.955+0000] {processor.py:176} INFO - Processing /opt/airflow/dags/customer_1.py took 0.926 seconds
[2023-11-05T18:40:04.105+0000] {processor.py:154} INFO - Started process (PID=459) to work on /opt/airflow/dags/customer_1.py
[2023-11-05T18:40:04.106+0000] {processor.py:756} INFO - Processing file /opt/airflow/dags/customer_1.py for tasks to queue
[2023-11-05T18:40:04.107+0000] {logging_mixin.py:120} INFO - [2023-11-05T18:40:04.107+0000] {dagbag.py:537} INFO - Filling up the DagBag from /opt/airflow/dags/customer_1.py
[2023-11-05T18:40:04.853+0000] {processor.py:766} INFO - DAG(s) dict_keys(['customers']) retrieved from /opt/airflow/dags/customer_1.py
[2023-11-05T18:40:04.997+0000] {logging_mixin.py:120} INFO - [2023-11-05T18:40:04.996+0000] {dag.py:2585} INFO - Sync 1 DAGs
[2023-11-05T18:40:05.035+0000] {logging_mixin.py:120} INFO - [2023-11-05T18:40:05.035+0000] {dag.py:3340} INFO - Setting next_dagrun for customers to None, run_after=None
[2023-11-05T18:40:05.072+0000] {processor.py:176} INFO - Processing /opt/airflow/dags/customer_1.py took 0.971 seconds
[2023-11-05T18:40:35.186+0000] {processor.py:154} INFO - Started process (PID=505) to work on /opt/airflow/dags/customer_1.py
[2023-11-05T18:40:35.188+0000] {processor.py:756} INFO - Processing file /opt/airflow/dags/customer_1.py for tasks to queue
[2023-11-05T18:40:35.189+0000] {logging_mixin.py:120} INFO - [2023-11-05T18:40:35.189+0000] {dagbag.py:537} INFO - Filling up the DagBag from /opt/airflow/dags/customer_1.py
[2023-11-05T18:40:35.811+0000] {processor.py:766} INFO - DAG(s) dict_keys(['customers']) retrieved from /opt/airflow/dags/customer_1.py
[2023-11-05T18:40:35.857+0000] {logging_mixin.py:120} INFO - [2023-11-05T18:40:35.856+0000] {dag.py:2585} INFO - Sync 1 DAGs
[2023-11-05T18:40:35.895+0000] {logging_mixin.py:120} INFO - [2023-11-05T18:40:35.894+0000] {dag.py:3340} INFO - Setting next_dagrun for customers to None, run_after=None
[2023-11-05T18:40:35.939+0000] {processor.py:176} INFO - Processing /opt/airflow/dags/customer_1.py took 0.755 seconds
[2023-11-05T18:41:06.257+0000] {processor.py:154} INFO - Started process (PID=545) to work on /opt/airflow/dags/customer_1.py
[2023-11-05T18:41:06.258+0000] {processor.py:756} INFO - Processing file /opt/airflow/dags/customer_1.py for tasks to queue
[2023-11-05T18:41:06.260+0000] {logging_mixin.py:120} INFO - [2023-11-05T18:41:06.259+0000] {dagbag.py:537} INFO - Filling up the DagBag from /opt/airflow/dags/customer_1.py
[2023-11-05T18:41:06.978+0000] {processor.py:766} INFO - DAG(s) dict_keys(['customers']) retrieved from /opt/airflow/dags/customer_1.py
[2023-11-05T18:41:07.116+0000] {logging_mixin.py:120} INFO - [2023-11-05T18:41:07.116+0000] {dag.py:2585} INFO - Sync 1 DAGs
[2023-11-05T18:41:07.156+0000] {logging_mixin.py:120} INFO - [2023-11-05T18:41:07.156+0000] {dag.py:3340} INFO - Setting next_dagrun for customers to None, run_after=None
[2023-11-05T18:41:07.189+0000] {processor.py:176} INFO - Processing /opt/airflow/dags/customer_1.py took 0.936 seconds
[2023-11-05T18:41:37.629+0000] {processor.py:154} INFO - Started process (PID=591) to work on /opt/airflow/dags/customer_1.py
[2023-11-05T18:41:37.631+0000] {processor.py:756} INFO - Processing file /opt/airflow/dags/customer_1.py for tasks to queue
[2023-11-05T18:41:37.632+0000] {logging_mixin.py:120} INFO - [2023-11-05T18:41:37.632+0000] {dagbag.py:537} INFO - Filling up the DagBag from /opt/airflow/dags/customer_1.py
[2023-11-05T18:41:38.326+0000] {processor.py:766} INFO - DAG(s) dict_keys(['customers']) retrieved from /opt/airflow/dags/customer_1.py
[2023-11-05T18:41:38.369+0000] {logging_mixin.py:120} INFO - [2023-11-05T18:41:38.369+0000] {dag.py:2585} INFO - Sync 1 DAGs
[2023-11-05T18:41:38.402+0000] {logging_mixin.py:120} INFO - [2023-11-05T18:41:38.402+0000] {dag.py:3340} INFO - Setting next_dagrun for customers to None, run_after=None
[2023-11-05T18:41:38.429+0000] {processor.py:176} INFO - Processing /opt/airflow/dags/customer_1.py took 0.802 seconds
[2023-11-05T18:42:09.425+0000] {processor.py:154} INFO - Started process (PID=640) to work on /opt/airflow/dags/customer_1.py
[2023-11-05T18:42:09.426+0000] {processor.py:756} INFO - Processing file /opt/airflow/dags/customer_1.py for tasks to queue
[2023-11-05T18:42:09.428+0000] {logging_mixin.py:120} INFO - [2023-11-05T18:42:09.427+0000] {dagbag.py:537} INFO - Filling up the DagBag from /opt/airflow/dags/customer_1.py
[2023-11-05T18:42:10.967+0000] {processor.py:766} INFO - DAG(s) dict_keys(['customers']) retrieved from /opt/airflow/dags/customer_1.py
[2023-11-05T18:42:11.177+0000] {logging_mixin.py:120} INFO - [2023-11-05T18:42:11.176+0000] {dag.py:2585} INFO - Sync 1 DAGs
[2023-11-05T18:42:11.239+0000] {logging_mixin.py:120} INFO - [2023-11-05T18:42:11.238+0000] {dag.py:3340} INFO - Setting next_dagrun for customers to None, run_after=None
[2023-11-05T18:42:11.288+0000] {processor.py:176} INFO - Processing /opt/airflow/dags/customer_1.py took 1.874 seconds
[2023-11-05T18:42:42.053+0000] {processor.py:154} INFO - Started process (PID=679) to work on /opt/airflow/dags/customer_1.py
[2023-11-05T18:42:42.054+0000] {processor.py:756} INFO - Processing file /opt/airflow/dags/customer_1.py for tasks to queue
[2023-11-05T18:42:42.056+0000] {logging_mixin.py:120} INFO - [2023-11-05T18:42:42.056+0000] {dagbag.py:537} INFO - Filling up the DagBag from /opt/airflow/dags/customer_1.py
[2023-11-05T18:42:42.750+0000] {processor.py:766} INFO - DAG(s) dict_keys(['customers']) retrieved from /opt/airflow/dags/customer_1.py
[2023-11-05T18:42:42.778+0000] {logging_mixin.py:120} INFO - [2023-11-05T18:42:42.777+0000] {dag.py:2585} INFO - Sync 1 DAGs
[2023-11-05T18:42:42.809+0000] {logging_mixin.py:120} INFO - [2023-11-05T18:42:42.809+0000] {dag.py:3340} INFO - Setting next_dagrun for customers to None, run_after=None
[2023-11-05T18:42:42.839+0000] {processor.py:176} INFO - Processing /opt/airflow/dags/customer_1.py took 0.789 seconds
[2023-11-05T18:43:13.284+0000] {processor.py:154} INFO - Started process (PID=724) to work on /opt/airflow/dags/customer_1.py
[2023-11-05T18:43:13.285+0000] {processor.py:756} INFO - Processing file /opt/airflow/dags/customer_1.py for tasks to queue
[2023-11-05T18:43:13.295+0000] {logging_mixin.py:120} INFO - [2023-11-05T18:43:13.295+0000] {dagbag.py:537} INFO - Filling up the DagBag from /opt/airflow/dags/customer_1.py
[2023-11-05T18:43:14.195+0000] {processor.py:766} INFO - DAG(s) dict_keys(['customers']) retrieved from /opt/airflow/dags/customer_1.py
[2023-11-05T18:43:14.259+0000] {logging_mixin.py:120} INFO - [2023-11-05T18:43:14.248+0000] {dag.py:2585} INFO - Sync 1 DAGs
[2023-11-05T18:43:14.298+0000] {logging_mixin.py:120} INFO - [2023-11-05T18:43:14.297+0000] {dag.py:3340} INFO - Setting next_dagrun for customers to None, run_after=None
[2023-11-05T18:43:14.334+0000] {processor.py:176} INFO - Processing /opt/airflow/dags/customer_1.py took 1.054 seconds
[2023-11-05T18:43:44.702+0000] {processor.py:154} INFO - Started process (PID=764) to work on /opt/airflow/dags/customer_1.py
[2023-11-05T18:43:44.703+0000] {processor.py:756} INFO - Processing file /opt/airflow/dags/customer_1.py for tasks to queue
[2023-11-05T18:43:44.704+0000] {logging_mixin.py:120} INFO - [2023-11-05T18:43:44.704+0000] {dagbag.py:537} INFO - Filling up the DagBag from /opt/airflow/dags/customer_1.py
[2023-11-05T18:43:45.577+0000] {processor.py:766} INFO - DAG(s) dict_keys(['customers']) retrieved from /opt/airflow/dags/customer_1.py
[2023-11-05T18:43:45.792+0000] {logging_mixin.py:120} INFO - [2023-11-05T18:43:45.790+0000] {dag.py:2585} INFO - Sync 1 DAGs
[2023-11-05T18:43:45.827+0000] {logging_mixin.py:120} INFO - [2023-11-05T18:43:45.827+0000] {dag.py:3340} INFO - Setting next_dagrun for customers to None, run_after=None
[2023-11-05T18:43:45.870+0000] {processor.py:176} INFO - Processing /opt/airflow/dags/customer_1.py took 1.171 seconds
[2023-11-05T18:44:15.959+0000] {processor.py:154} INFO - Started process (PID=813) to work on /opt/airflow/dags/customer_1.py
[2023-11-05T18:44:15.960+0000] {processor.py:756} INFO - Processing file /opt/airflow/dags/customer_1.py for tasks to queue
[2023-11-05T18:44:15.962+0000] {logging_mixin.py:120} INFO - [2023-11-05T18:44:15.961+0000] {dagbag.py:537} INFO - Filling up the DagBag from /opt/airflow/dags/customer_1.py
[2023-11-05T18:44:16.727+0000] {processor.py:766} INFO - DAG(s) dict_keys(['customers']) retrieved from /opt/airflow/dags/customer_1.py
[2023-11-05T18:44:16.766+0000] {logging_mixin.py:120} INFO - [2023-11-05T18:44:16.766+0000] {dag.py:2585} INFO - Sync 1 DAGs
[2023-11-05T18:44:16.801+0000] {logging_mixin.py:120} INFO - [2023-11-05T18:44:16.800+0000] {dag.py:3340} INFO - Setting next_dagrun for customers to None, run_after=None
[2023-11-05T18:44:16.832+0000] {processor.py:176} INFO - Processing /opt/airflow/dags/customer_1.py took 0.876 seconds
[2023-11-05T18:44:47.812+0000] {processor.py:154} INFO - Started process (PID=861) to work on /opt/airflow/dags/customer_1.py
[2023-11-05T18:44:47.813+0000] {processor.py:756} INFO - Processing file /opt/airflow/dags/customer_1.py for tasks to queue
[2023-11-05T18:44:47.816+0000] {logging_mixin.py:120} INFO - [2023-11-05T18:44:47.816+0000] {dagbag.py:537} INFO - Filling up the DagBag from /opt/airflow/dags/customer_1.py
[2023-11-05T18:44:48.547+0000] {processor.py:766} INFO - DAG(s) dict_keys(['customers']) retrieved from /opt/airflow/dags/customer_1.py
[2023-11-05T18:44:48.578+0000] {logging_mixin.py:120} INFO - [2023-11-05T18:44:48.577+0000] {dag.py:2585} INFO - Sync 1 DAGs
[2023-11-05T18:44:48.610+0000] {logging_mixin.py:120} INFO - [2023-11-05T18:44:48.609+0000] {dag.py:3340} INFO - Setting next_dagrun for customers to None, run_after=None
[2023-11-05T18:44:48.637+0000] {processor.py:176} INFO - Processing /opt/airflow/dags/customer_1.py took 0.829 seconds
[2023-11-05T18:45:19.118+0000] {processor.py:154} INFO - Started process (PID=899) to work on /opt/airflow/dags/customer_1.py
[2023-11-05T18:45:19.119+0000] {processor.py:756} INFO - Processing file /opt/airflow/dags/customer_1.py for tasks to queue
[2023-11-05T18:45:19.120+0000] {logging_mixin.py:120} INFO - [2023-11-05T18:45:19.120+0000] {dagbag.py:537} INFO - Filling up the DagBag from /opt/airflow/dags/customer_1.py
[2023-11-05T18:45:19.853+0000] {processor.py:766} INFO - DAG(s) dict_keys(['customers']) retrieved from /opt/airflow/dags/customer_1.py
[2023-11-05T18:45:19.888+0000] {logging_mixin.py:120} INFO - [2023-11-05T18:45:19.884+0000] {dag.py:2585} INFO - Sync 1 DAGs
[2023-11-05T18:45:19.926+0000] {logging_mixin.py:120} INFO - [2023-11-05T18:45:19.926+0000] {dag.py:3340} INFO - Setting next_dagrun for customers to None, run_after=None
[2023-11-05T18:45:19.954+0000] {processor.py:176} INFO - Processing /opt/airflow/dags/customer_1.py took 0.839 seconds
[2023-11-05T18:45:50.289+0000] {processor.py:154} INFO - Started process (PID=950) to work on /opt/airflow/dags/customer_1.py
[2023-11-05T18:45:50.290+0000] {processor.py:756} INFO - Processing file /opt/airflow/dags/customer_1.py for tasks to queue
[2023-11-05T18:45:50.291+0000] {logging_mixin.py:120} INFO - [2023-11-05T18:45:50.291+0000] {dagbag.py:537} INFO - Filling up the DagBag from /opt/airflow/dags/customer_1.py
[2023-11-05T18:45:50.990+0000] {processor.py:766} INFO - DAG(s) dict_keys(['customers']) retrieved from /opt/airflow/dags/customer_1.py
[2023-11-05T18:45:51.080+0000] {logging_mixin.py:120} INFO - [2023-11-05T18:45:51.080+0000] {dag.py:2585} INFO - Sync 1 DAGs
[2023-11-05T18:45:51.111+0000] {logging_mixin.py:120} INFO - [2023-11-05T18:45:51.111+0000] {dag.py:3340} INFO - Setting next_dagrun for customers to None, run_after=None
[2023-11-05T18:45:51.138+0000] {processor.py:176} INFO - Processing /opt/airflow/dags/customer_1.py took 0.853 seconds
[2023-11-05T18:46:21.327+0000] {processor.py:154} INFO - Started process (PID=997) to work on /opt/airflow/dags/customer_1.py
[2023-11-05T18:46:21.328+0000] {processor.py:756} INFO - Processing file /opt/airflow/dags/customer_1.py for tasks to queue
[2023-11-05T18:46:21.329+0000] {logging_mixin.py:120} INFO - [2023-11-05T18:46:21.329+0000] {dagbag.py:537} INFO - Filling up the DagBag from /opt/airflow/dags/customer_1.py
[2023-11-05T18:46:21.982+0000] {processor.py:766} INFO - DAG(s) dict_keys(['customers']) retrieved from /opt/airflow/dags/customer_1.py
[2023-11-05T18:46:22.009+0000] {logging_mixin.py:120} INFO - [2023-11-05T18:46:22.008+0000] {dag.py:2585} INFO - Sync 1 DAGs
[2023-11-05T18:46:22.040+0000] {logging_mixin.py:120} INFO - [2023-11-05T18:46:22.039+0000] {dag.py:3340} INFO - Setting next_dagrun for customers to None, run_after=None
[2023-11-05T18:46:22.065+0000] {processor.py:176} INFO - Processing /opt/airflow/dags/customer_1.py took 0.740 seconds
[2023-11-05T18:46:52.315+0000] {processor.py:154} INFO - Started process (PID=1035) to work on /opt/airflow/dags/customer_1.py
[2023-11-05T18:46:52.316+0000] {processor.py:756} INFO - Processing file /opt/airflow/dags/customer_1.py for tasks to queue
[2023-11-05T18:46:52.317+0000] {logging_mixin.py:120} INFO - [2023-11-05T18:46:52.317+0000] {dagbag.py:537} INFO - Filling up the DagBag from /opt/airflow/dags/customer_1.py
[2023-11-05T18:46:52.941+0000] {processor.py:766} INFO - DAG(s) dict_keys(['customers']) retrieved from /opt/airflow/dags/customer_1.py
[2023-11-05T18:46:52.966+0000] {logging_mixin.py:120} INFO - [2023-11-05T18:46:52.965+0000] {dag.py:2585} INFO - Sync 1 DAGs
[2023-11-05T18:46:52.996+0000] {logging_mixin.py:120} INFO - [2023-11-05T18:46:52.996+0000] {dag.py:3340} INFO - Setting next_dagrun for customers to None, run_after=None
[2023-11-05T18:46:53.028+0000] {processor.py:176} INFO - Processing /opt/airflow/dags/customer_1.py took 0.715 seconds
[2023-11-05T18:47:23.129+0000] {processor.py:154} INFO - Started process (PID=1083) to work on /opt/airflow/dags/customer_1.py
[2023-11-05T18:47:23.130+0000] {processor.py:756} INFO - Processing file /opt/airflow/dags/customer_1.py for tasks to queue
[2023-11-05T18:47:23.132+0000] {logging_mixin.py:120} INFO - [2023-11-05T18:47:23.132+0000] {dagbag.py:537} INFO - Filling up the DagBag from /opt/airflow/dags/customer_1.py
[2023-11-05T18:47:23.866+0000] {processor.py:766} INFO - DAG(s) dict_keys(['customers']) retrieved from /opt/airflow/dags/customer_1.py
[2023-11-05T18:47:23.891+0000] {logging_mixin.py:120} INFO - [2023-11-05T18:47:23.891+0000] {dag.py:2585} INFO - Sync 1 DAGs
[2023-11-05T18:47:23.922+0000] {logging_mixin.py:120} INFO - [2023-11-05T18:47:23.922+0000] {dag.py:3340} INFO - Setting next_dagrun for customers to None, run_after=None
[2023-11-05T18:47:23.950+0000] {processor.py:176} INFO - Processing /opt/airflow/dags/customer_1.py took 0.824 seconds
[2023-11-05T18:47:54.213+0000] {processor.py:154} INFO - Started process (PID=1131) to work on /opt/airflow/dags/customer_1.py
[2023-11-05T18:47:54.215+0000] {processor.py:756} INFO - Processing file /opt/airflow/dags/customer_1.py for tasks to queue
[2023-11-05T18:47:54.217+0000] {logging_mixin.py:120} INFO - [2023-11-05T18:47:54.216+0000] {dagbag.py:537} INFO - Filling up the DagBag from /opt/airflow/dags/customer_1.py
[2023-11-05T18:47:54.923+0000] {processor.py:766} INFO - DAG(s) dict_keys(['customers']) retrieved from /opt/airflow/dags/customer_1.py
[2023-11-05T18:47:55.015+0000] {logging_mixin.py:120} INFO - [2023-11-05T18:47:55.014+0000] {dag.py:2585} INFO - Sync 1 DAGs
[2023-11-05T18:47:55.045+0000] {logging_mixin.py:120} INFO - [2023-11-05T18:47:55.045+0000] {dag.py:3340} INFO - Setting next_dagrun for customers to None, run_after=None
[2023-11-05T18:47:55.074+0000] {processor.py:176} INFO - Processing /opt/airflow/dags/customer_1.py took 0.864 seconds
[2023-11-05T18:48:25.743+0000] {processor.py:154} INFO - Started process (PID=1169) to work on /opt/airflow/dags/customer_1.py
[2023-11-05T18:48:25.744+0000] {processor.py:756} INFO - Processing file /opt/airflow/dags/customer_1.py for tasks to queue
[2023-11-05T18:48:25.745+0000] {logging_mixin.py:120} INFO - [2023-11-05T18:48:25.745+0000] {dagbag.py:537} INFO - Filling up the DagBag from /opt/airflow/dags/customer_1.py
[2023-11-05T18:48:26.360+0000] {processor.py:766} INFO - DAG(s) dict_keys(['customers']) retrieved from /opt/airflow/dags/customer_1.py
[2023-11-05T18:48:26.389+0000] {logging_mixin.py:120} INFO - [2023-11-05T18:48:26.387+0000] {dag.py:2585} INFO - Sync 1 DAGs
[2023-11-05T18:48:26.416+0000] {logging_mixin.py:120} INFO - [2023-11-05T18:48:26.416+0000] {dag.py:3340} INFO - Setting next_dagrun for customers to None, run_after=None
[2023-11-05T18:48:26.441+0000] {processor.py:176} INFO - Processing /opt/airflow/dags/customer_1.py took 0.700 seconds
[2023-11-05T18:48:57.188+0000] {processor.py:154} INFO - Started process (PID=1216) to work on /opt/airflow/dags/customer_1.py
[2023-11-05T18:48:57.189+0000] {processor.py:756} INFO - Processing file /opt/airflow/dags/customer_1.py for tasks to queue
[2023-11-05T18:48:57.191+0000] {logging_mixin.py:120} INFO - [2023-11-05T18:48:57.190+0000] {dagbag.py:537} INFO - Filling up the DagBag from /opt/airflow/dags/customer_1.py
[2023-11-05T18:48:57.894+0000] {processor.py:766} INFO - DAG(s) dict_keys(['customers']) retrieved from /opt/airflow/dags/customer_1.py
[2023-11-05T18:48:57.995+0000] {logging_mixin.py:120} INFO - [2023-11-05T18:48:57.995+0000] {dag.py:2585} INFO - Sync 1 DAGs
[2023-11-05T18:48:58.040+0000] {logging_mixin.py:120} INFO - [2023-11-05T18:48:58.040+0000] {dag.py:3340} INFO - Setting next_dagrun for customers to None, run_after=None
[2023-11-05T18:48:58.091+0000] {processor.py:176} INFO - Processing /opt/airflow/dags/customer_1.py took 0.906 seconds
[2023-11-05T18:49:28.684+0000] {processor.py:154} INFO - Started process (PID=1263) to work on /opt/airflow/dags/customer_1.py
[2023-11-05T18:49:28.686+0000] {processor.py:756} INFO - Processing file /opt/airflow/dags/customer_1.py for tasks to queue
[2023-11-05T18:49:28.688+0000] {logging_mixin.py:120} INFO - [2023-11-05T18:49:28.687+0000] {dagbag.py:537} INFO - Filling up the DagBag from /opt/airflow/dags/customer_1.py
[2023-11-05T18:49:29.353+0000] {processor.py:766} INFO - DAG(s) dict_keys(['customers']) retrieved from /opt/airflow/dags/customer_1.py
[2023-11-05T18:49:29.379+0000] {logging_mixin.py:120} INFO - [2023-11-05T18:49:29.378+0000] {dag.py:2585} INFO - Sync 1 DAGs
[2023-11-05T18:49:29.407+0000] {logging_mixin.py:120} INFO - [2023-11-05T18:49:29.407+0000] {dag.py:3340} INFO - Setting next_dagrun for customers to None, run_after=None
[2023-11-05T18:49:29.433+0000] {processor.py:176} INFO - Processing /opt/airflow/dags/customer_1.py took 0.752 seconds
[2023-11-05T18:49:59.678+0000] {processor.py:154} INFO - Started process (PID=1301) to work on /opt/airflow/dags/customer_1.py
[2023-11-05T18:49:59.679+0000] {processor.py:756} INFO - Processing file /opt/airflow/dags/customer_1.py for tasks to queue
[2023-11-05T18:49:59.681+0000] {logging_mixin.py:120} INFO - [2023-11-05T18:49:59.681+0000] {dagbag.py:537} INFO - Filling up the DagBag from /opt/airflow/dags/customer_1.py
[2023-11-05T18:50:00.367+0000] {processor.py:766} INFO - DAG(s) dict_keys(['customers']) retrieved from /opt/airflow/dags/customer_1.py
[2023-11-05T18:50:00.464+0000] {logging_mixin.py:120} INFO - [2023-11-05T18:50:00.463+0000] {dag.py:2585} INFO - Sync 1 DAGs
[2023-11-05T18:50:00.522+0000] {logging_mixin.py:120} INFO - [2023-11-05T18:50:00.521+0000] {dag.py:3340} INFO - Setting next_dagrun for customers to None, run_after=None
[2023-11-05T18:50:00.554+0000] {processor.py:176} INFO - Processing /opt/airflow/dags/customer_1.py took 0.879 seconds
[2023-11-05T18:50:30.790+0000] {processor.py:154} INFO - Started process (PID=1349) to work on /opt/airflow/dags/customer_1.py
[2023-11-05T18:50:30.793+0000] {processor.py:756} INFO - Processing file /opt/airflow/dags/customer_1.py for tasks to queue
[2023-11-05T18:50:30.795+0000] {logging_mixin.py:120} INFO - [2023-11-05T18:50:30.794+0000] {dagbag.py:537} INFO - Filling up the DagBag from /opt/airflow/dags/customer_1.py
[2023-11-05T18:50:31.424+0000] {processor.py:766} INFO - DAG(s) dict_keys(['customers']) retrieved from /opt/airflow/dags/customer_1.py
[2023-11-05T18:50:31.448+0000] {logging_mixin.py:120} INFO - [2023-11-05T18:50:31.447+0000] {dag.py:2585} INFO - Sync 1 DAGs
[2023-11-05T18:50:31.477+0000] {logging_mixin.py:120} INFO - [2023-11-05T18:50:31.477+0000] {dag.py:3340} INFO - Setting next_dagrun for customers to None, run_after=None
[2023-11-05T18:50:31.513+0000] {processor.py:176} INFO - Processing /opt/airflow/dags/customer_1.py took 0.727 seconds
[2023-11-05T18:51:01.803+0000] {processor.py:154} INFO - Started process (PID=1396) to work on /opt/airflow/dags/customer_1.py
[2023-11-05T18:51:01.804+0000] {processor.py:756} INFO - Processing file /opt/airflow/dags/customer_1.py for tasks to queue
[2023-11-05T18:51:01.806+0000] {logging_mixin.py:120} INFO - [2023-11-05T18:51:01.805+0000] {dagbag.py:537} INFO - Filling up the DagBag from /opt/airflow/dags/customer_1.py
[2023-11-05T18:51:02.579+0000] {processor.py:766} INFO - DAG(s) dict_keys(['customers']) retrieved from /opt/airflow/dags/customer_1.py
[2023-11-05T18:51:02.673+0000] {logging_mixin.py:120} INFO - [2023-11-05T18:51:02.673+0000] {dag.py:2585} INFO - Sync 1 DAGs
[2023-11-05T18:51:02.704+0000] {logging_mixin.py:120} INFO - [2023-11-05T18:51:02.704+0000] {dag.py:3340} INFO - Setting next_dagrun for customers to None, run_after=None
[2023-11-05T18:51:02.732+0000] {processor.py:176} INFO - Processing /opt/airflow/dags/customer_1.py took 0.934 seconds
[2023-11-05T18:51:33.452+0000] {processor.py:154} INFO - Started process (PID=1435) to work on /opt/airflow/dags/customer_1.py
[2023-11-05T18:51:33.453+0000] {processor.py:756} INFO - Processing file /opt/airflow/dags/customer_1.py for tasks to queue
[2023-11-05T18:51:33.454+0000] {logging_mixin.py:120} INFO - [2023-11-05T18:51:33.454+0000] {dagbag.py:537} INFO - Filling up the DagBag from /opt/airflow/dags/customer_1.py
[2023-11-05T18:51:34.169+0000] {processor.py:766} INFO - DAG(s) dict_keys(['customers']) retrieved from /opt/airflow/dags/customer_1.py
[2023-11-05T18:51:34.201+0000] {logging_mixin.py:120} INFO - [2023-11-05T18:51:34.201+0000] {dag.py:2585} INFO - Sync 1 DAGs
[2023-11-05T18:51:34.233+0000] {logging_mixin.py:120} INFO - [2023-11-05T18:51:34.233+0000] {dag.py:3340} INFO - Setting next_dagrun for customers to None, run_after=None
[2023-11-05T18:51:34.260+0000] {processor.py:176} INFO - Processing /opt/airflow/dags/customer_1.py took 0.811 seconds
[2023-11-05T18:52:04.398+0000] {processor.py:154} INFO - Started process (PID=1479) to work on /opt/airflow/dags/customer_1.py
[2023-11-05T18:52:04.399+0000] {processor.py:756} INFO - Processing file /opt/airflow/dags/customer_1.py for tasks to queue
[2023-11-05T18:52:04.401+0000] {logging_mixin.py:120} INFO - [2023-11-05T18:52:04.400+0000] {dagbag.py:537} INFO - Filling up the DagBag from /opt/airflow/dags/customer_1.py
[2023-11-05T18:52:05.084+0000] {processor.py:766} INFO - DAG(s) dict_keys(['customers']) retrieved from /opt/airflow/dags/customer_1.py
[2023-11-05T18:52:05.207+0000] {logging_mixin.py:120} INFO - [2023-11-05T18:52:05.207+0000] {dag.py:2585} INFO - Sync 1 DAGs
[2023-11-05T18:52:05.240+0000] {logging_mixin.py:120} INFO - [2023-11-05T18:52:05.239+0000] {dag.py:3340} INFO - Setting next_dagrun for customers to None, run_after=None
[2023-11-05T18:52:05.272+0000] {processor.py:176} INFO - Processing /opt/airflow/dags/customer_1.py took 0.877 seconds
[2023-11-05T18:52:35.500+0000] {processor.py:154} INFO - Started process (PID=1523) to work on /opt/airflow/dags/customer_1.py
[2023-11-05T18:52:35.502+0000] {processor.py:756} INFO - Processing file /opt/airflow/dags/customer_1.py for tasks to queue
[2023-11-05T18:52:35.503+0000] {logging_mixin.py:120} INFO - [2023-11-05T18:52:35.503+0000] {dagbag.py:537} INFO - Filling up the DagBag from /opt/airflow/dags/customer_1.py
[2023-11-05T18:52:36.357+0000] {processor.py:766} INFO - DAG(s) dict_keys(['customers']) retrieved from /opt/airflow/dags/customer_1.py
[2023-11-05T18:52:36.399+0000] {logging_mixin.py:120} INFO - [2023-11-05T18:52:36.398+0000] {dag.py:2585} INFO - Sync 1 DAGs
[2023-11-05T18:52:36.433+0000] {logging_mixin.py:120} INFO - [2023-11-05T18:52:36.432+0000] {dag.py:3340} INFO - Setting next_dagrun for customers to None, run_after=None
[2023-11-05T18:52:36.462+0000] {processor.py:176} INFO - Processing /opt/airflow/dags/customer_1.py took 0.965 seconds
[2023-11-05T18:53:07.288+0000] {processor.py:154} INFO - Started process (PID=1564) to work on /opt/airflow/dags/customer_1.py
[2023-11-05T18:53:07.289+0000] {processor.py:756} INFO - Processing file /opt/airflow/dags/customer_1.py for tasks to queue
[2023-11-05T18:53:07.290+0000] {logging_mixin.py:120} INFO - [2023-11-05T18:53:07.290+0000] {dagbag.py:537} INFO - Filling up the DagBag from /opt/airflow/dags/customer_1.py
[2023-11-05T18:53:08.035+0000] {processor.py:766} INFO - DAG(s) dict_keys(['customers']) retrieved from /opt/airflow/dags/customer_1.py
[2023-11-05T18:53:08.142+0000] {logging_mixin.py:120} INFO - [2023-11-05T18:53:08.141+0000] {dag.py:2585} INFO - Sync 1 DAGs
[2023-11-05T18:53:08.172+0000] {logging_mixin.py:120} INFO - [2023-11-05T18:53:08.172+0000] {dag.py:3340} INFO - Setting next_dagrun for customers to None, run_after=None
[2023-11-05T18:53:08.216+0000] {processor.py:176} INFO - Processing /opt/airflow/dags/customer_1.py took 0.931 seconds
[2023-11-05T18:53:38.689+0000] {processor.py:154} INFO - Started process (PID=1611) to work on /opt/airflow/dags/customer_1.py
[2023-11-05T18:53:38.691+0000] {processor.py:756} INFO - Processing file /opt/airflow/dags/customer_1.py for tasks to queue
[2023-11-05T18:53:38.693+0000] {logging_mixin.py:120} INFO - [2023-11-05T18:53:38.692+0000] {dagbag.py:537} INFO - Filling up the DagBag from /opt/airflow/dags/customer_1.py
[2023-11-05T18:53:39.377+0000] {processor.py:766} INFO - DAG(s) dict_keys(['customers']) retrieved from /opt/airflow/dags/customer_1.py
[2023-11-05T18:53:39.419+0000] {logging_mixin.py:120} INFO - [2023-11-05T18:53:39.418+0000] {dag.py:2585} INFO - Sync 1 DAGs
[2023-11-05T18:53:39.451+0000] {logging_mixin.py:120} INFO - [2023-11-05T18:53:39.450+0000] {dag.py:3340} INFO - Setting next_dagrun for customers to None, run_after=None
[2023-11-05T18:53:39.479+0000] {processor.py:176} INFO - Processing /opt/airflow/dags/customer_1.py took 0.793 seconds
[2023-11-05T18:54:10.207+0000] {processor.py:154} INFO - Started process (PID=1649) to work on /opt/airflow/dags/customer_1.py
[2023-11-05T18:54:10.208+0000] {processor.py:756} INFO - Processing file /opt/airflow/dags/customer_1.py for tasks to queue
[2023-11-05T18:54:10.210+0000] {logging_mixin.py:120} INFO - [2023-11-05T18:54:10.210+0000] {dagbag.py:537} INFO - Filling up the DagBag from /opt/airflow/dags/customer_1.py
[2023-11-05T18:54:10.887+0000] {processor.py:766} INFO - DAG(s) dict_keys(['customers']) retrieved from /opt/airflow/dags/customer_1.py
[2023-11-05T18:54:10.991+0000] {logging_mixin.py:120} INFO - [2023-11-05T18:54:10.990+0000] {dag.py:2585} INFO - Sync 1 DAGs
[2023-11-05T18:54:11.039+0000] {logging_mixin.py:120} INFO - [2023-11-05T18:54:11.039+0000] {dag.py:3340} INFO - Setting next_dagrun for customers to None, run_after=None
[2023-11-05T18:54:11.091+0000] {processor.py:176} INFO - Processing /opt/airflow/dags/customer_1.py took 0.886 seconds
[2023-11-05T18:54:41.734+0000] {processor.py:154} INFO - Started process (PID=1696) to work on /opt/airflow/dags/customer_1.py
[2023-11-05T18:54:41.735+0000] {processor.py:756} INFO - Processing file /opt/airflow/dags/customer_1.py for tasks to queue
[2023-11-05T18:54:41.739+0000] {logging_mixin.py:120} INFO - [2023-11-05T18:54:41.739+0000] {dagbag.py:537} INFO - Filling up the DagBag from /opt/airflow/dags/customer_1.py
[2023-11-05T18:54:42.430+0000] {processor.py:766} INFO - DAG(s) dict_keys(['customers']) retrieved from /opt/airflow/dags/customer_1.py
[2023-11-05T18:54:42.476+0000] {logging_mixin.py:120} INFO - [2023-11-05T18:54:42.476+0000] {dag.py:2585} INFO - Sync 1 DAGs
[2023-11-05T18:54:42.508+0000] {logging_mixin.py:120} INFO - [2023-11-05T18:54:42.508+0000] {dag.py:3340} INFO - Setting next_dagrun for customers to None, run_after=None
[2023-11-05T18:54:42.541+0000] {processor.py:176} INFO - Processing /opt/airflow/dags/customer_1.py took 0.811 seconds
[2023-11-05T18:55:13.364+0000] {processor.py:154} INFO - Started process (PID=1744) to work on /opt/airflow/dags/customer_1.py
[2023-11-05T18:55:13.365+0000] {processor.py:756} INFO - Processing file /opt/airflow/dags/customer_1.py for tasks to queue
[2023-11-05T18:55:13.367+0000] {logging_mixin.py:120} INFO - [2023-11-05T18:55:13.367+0000] {dagbag.py:537} INFO - Filling up the DagBag from /opt/airflow/dags/customer_1.py
[2023-11-05T18:55:14.455+0000] {processor.py:766} INFO - DAG(s) dict_keys(['customers']) retrieved from /opt/airflow/dags/customer_1.py
[2023-11-05T18:55:14.581+0000] {logging_mixin.py:120} INFO - [2023-11-05T18:55:14.580+0000] {dag.py:2585} INFO - Sync 1 DAGs
[2023-11-05T18:55:14.629+0000] {logging_mixin.py:120} INFO - [2023-11-05T18:55:14.629+0000] {dag.py:3340} INFO - Setting next_dagrun for customers to None, run_after=None
[2023-11-05T18:55:14.671+0000] {processor.py:176} INFO - Processing /opt/airflow/dags/customer_1.py took 1.310 seconds
[2023-11-05T18:55:44.851+0000] {processor.py:154} INFO - Started process (PID=1783) to work on /opt/airflow/dags/customer_1.py
[2023-11-05T18:55:44.853+0000] {processor.py:756} INFO - Processing file /opt/airflow/dags/customer_1.py for tasks to queue
[2023-11-05T18:55:44.857+0000] {logging_mixin.py:120} INFO - [2023-11-05T18:55:44.856+0000] {dagbag.py:537} INFO - Filling up the DagBag from /opt/airflow/dags/customer_1.py
[2023-11-05T18:55:45.534+0000] {processor.py:766} INFO - DAG(s) dict_keys(['customers']) retrieved from /opt/airflow/dags/customer_1.py
[2023-11-05T18:55:45.592+0000] {logging_mixin.py:120} INFO - [2023-11-05T18:55:45.591+0000] {dag.py:2585} INFO - Sync 1 DAGs
[2023-11-05T18:55:45.624+0000] {logging_mixin.py:120} INFO - [2023-11-05T18:55:45.624+0000] {dag.py:3340} INFO - Setting next_dagrun for customers to None, run_after=None
[2023-11-05T18:55:45.652+0000] {processor.py:176} INFO - Processing /opt/airflow/dags/customer_1.py took 0.804 seconds
[2023-11-05T18:56:16.455+0000] {processor.py:154} INFO - Started process (PID=1830) to work on /opt/airflow/dags/customer_1.py
[2023-11-05T18:56:16.456+0000] {processor.py:756} INFO - Processing file /opt/airflow/dags/customer_1.py for tasks to queue
[2023-11-05T18:56:16.457+0000] {logging_mixin.py:120} INFO - [2023-11-05T18:56:16.457+0000] {dagbag.py:537} INFO - Filling up the DagBag from /opt/airflow/dags/customer_1.py
[2023-11-05T18:56:17.130+0000] {processor.py:766} INFO - DAG(s) dict_keys(['customers']) retrieved from /opt/airflow/dags/customer_1.py
[2023-11-05T18:56:17.215+0000] {logging_mixin.py:120} INFO - [2023-11-05T18:56:17.214+0000] {dag.py:2585} INFO - Sync 1 DAGs
[2023-11-05T18:56:17.250+0000] {logging_mixin.py:120} INFO - [2023-11-05T18:56:17.250+0000] {dag.py:3340} INFO - Setting next_dagrun for customers to None, run_after=None
[2023-11-05T18:56:17.283+0000] {processor.py:176} INFO - Processing /opt/airflow/dags/customer_1.py took 0.832 seconds
[2023-11-05T18:56:48.194+0000] {processor.py:154} INFO - Started process (PID=1877) to work on /opt/airflow/dags/customer_1.py
[2023-11-05T18:56:48.195+0000] {processor.py:756} INFO - Processing file /opt/airflow/dags/customer_1.py for tasks to queue
[2023-11-05T18:56:48.197+0000] {logging_mixin.py:120} INFO - [2023-11-05T18:56:48.197+0000] {dagbag.py:537} INFO - Filling up the DagBag from /opt/airflow/dags/customer_1.py
[2023-11-05T18:56:48.878+0000] {processor.py:766} INFO - DAG(s) dict_keys(['customers']) retrieved from /opt/airflow/dags/customer_1.py
[2023-11-05T18:56:48.921+0000] {logging_mixin.py:120} INFO - [2023-11-05T18:56:48.921+0000] {dag.py:2585} INFO - Sync 1 DAGs
[2023-11-05T18:56:48.951+0000] {logging_mixin.py:120} INFO - [2023-11-05T18:56:48.951+0000] {dag.py:3340} INFO - Setting next_dagrun for customers to None, run_after=None
[2023-11-05T18:56:48.976+0000] {processor.py:176} INFO - Processing /opt/airflow/dags/customer_1.py took 0.788 seconds
[2023-11-05T18:57:19.515+0000] {processor.py:154} INFO - Started process (PID=1916) to work on /opt/airflow/dags/customer_1.py
[2023-11-05T18:57:19.516+0000] {processor.py:756} INFO - Processing file /opt/airflow/dags/customer_1.py for tasks to queue
[2023-11-05T18:57:19.518+0000] {logging_mixin.py:120} INFO - [2023-11-05T18:57:19.518+0000] {dagbag.py:537} INFO - Filling up the DagBag from /opt/airflow/dags/customer_1.py
[2023-11-05T18:57:20.192+0000] {processor.py:766} INFO - DAG(s) dict_keys(['customers']) retrieved from /opt/airflow/dags/customer_1.py
[2023-11-05T18:57:20.281+0000] {logging_mixin.py:120} INFO - [2023-11-05T18:57:20.281+0000] {dag.py:2585} INFO - Sync 1 DAGs
[2023-11-05T18:57:20.314+0000] {logging_mixin.py:120} INFO - [2023-11-05T18:57:20.314+0000] {dag.py:3340} INFO - Setting next_dagrun for customers to None, run_after=None
[2023-11-05T18:57:20.351+0000] {processor.py:176} INFO - Processing /opt/airflow/dags/customer_1.py took 0.839 seconds
[2023-11-05T18:57:51.175+0000] {processor.py:154} INFO - Started process (PID=1966) to work on /opt/airflow/dags/customer_1.py
[2023-11-05T18:57:51.176+0000] {processor.py:756} INFO - Processing file /opt/airflow/dags/customer_1.py for tasks to queue
[2023-11-05T18:57:51.177+0000] {logging_mixin.py:120} INFO - [2023-11-05T18:57:51.177+0000] {dagbag.py:537} INFO - Filling up the DagBag from /opt/airflow/dags/customer_1.py
[2023-11-05T18:57:51.917+0000] {processor.py:766} INFO - DAG(s) dict_keys(['customers']) retrieved from /opt/airflow/dags/customer_1.py
[2023-11-05T18:57:51.943+0000] {logging_mixin.py:120} INFO - [2023-11-05T18:57:51.942+0000] {dag.py:2585} INFO - Sync 1 DAGs
[2023-11-05T18:57:51.972+0000] {logging_mixin.py:120} INFO - [2023-11-05T18:57:51.972+0000] {dag.py:3340} INFO - Setting next_dagrun for customers to None, run_after=None
[2023-11-05T18:57:52.001+0000] {processor.py:176} INFO - Processing /opt/airflow/dags/customer_1.py took 0.830 seconds
[2023-11-05T18:58:22.601+0000] {processor.py:154} INFO - Started process (PID=2010) to work on /opt/airflow/dags/customer_1.py
[2023-11-05T18:58:22.602+0000] {processor.py:756} INFO - Processing file /opt/airflow/dags/customer_1.py for tasks to queue
[2023-11-05T18:58:22.603+0000] {logging_mixin.py:120} INFO - [2023-11-05T18:58:22.603+0000] {dagbag.py:537} INFO - Filling up the DagBag from /opt/airflow/dags/customer_1.py
[2023-11-05T18:58:23.429+0000] {processor.py:766} INFO - DAG(s) dict_keys(['customers']) retrieved from /opt/airflow/dags/customer_1.py
[2023-11-05T18:58:23.626+0000] {logging_mixin.py:120} INFO - [2023-11-05T18:58:23.625+0000] {dag.py:2585} INFO - Sync 1 DAGs
[2023-11-05T18:58:23.673+0000] {logging_mixin.py:120} INFO - [2023-11-05T18:58:23.673+0000] {dag.py:3340} INFO - Setting next_dagrun for customers to None, run_after=None
[2023-11-05T18:58:23.706+0000] {processor.py:176} INFO - Processing /opt/airflow/dags/customer_1.py took 1.115 seconds
[2023-11-05T18:58:53.799+0000] {processor.py:154} INFO - Started process (PID=2049) to work on /opt/airflow/dags/customer_1.py
[2023-11-05T18:58:53.800+0000] {processor.py:756} INFO - Processing file /opt/airflow/dags/customer_1.py for tasks to queue
[2023-11-05T18:58:53.801+0000] {logging_mixin.py:120} INFO - [2023-11-05T18:58:53.801+0000] {dagbag.py:537} INFO - Filling up the DagBag from /opt/airflow/dags/customer_1.py
[2023-11-05T18:58:54.479+0000] {processor.py:766} INFO - DAG(s) dict_keys(['customers']) retrieved from /opt/airflow/dags/customer_1.py
[2023-11-05T18:58:54.505+0000] {logging_mixin.py:120} INFO - [2023-11-05T18:58:54.504+0000] {dag.py:2585} INFO - Sync 1 DAGs
[2023-11-05T18:58:54.536+0000] {logging_mixin.py:120} INFO - [2023-11-05T18:58:54.536+0000] {dag.py:3340} INFO - Setting next_dagrun for customers to None, run_after=None
[2023-11-05T18:58:54.562+0000] {processor.py:176} INFO - Processing /opt/airflow/dags/customer_1.py took 0.766 seconds
[2023-11-05T18:59:24.836+0000] {processor.py:154} INFO - Started process (PID=2095) to work on /opt/airflow/dags/customer_1.py
[2023-11-05T18:59:24.837+0000] {processor.py:756} INFO - Processing file /opt/airflow/dags/customer_1.py for tasks to queue
[2023-11-05T18:59:24.840+0000] {logging_mixin.py:120} INFO - [2023-11-05T18:59:24.840+0000] {dagbag.py:537} INFO - Filling up the DagBag from /opt/airflow/dags/customer_1.py
[2023-11-05T18:59:25.681+0000] {processor.py:766} INFO - DAG(s) dict_keys(['customers']) retrieved from /opt/airflow/dags/customer_1.py
[2023-11-05T18:59:25.792+0000] {logging_mixin.py:120} INFO - [2023-11-05T18:59:25.791+0000] {dag.py:2585} INFO - Sync 1 DAGs
[2023-11-05T18:59:25.835+0000] {logging_mixin.py:120} INFO - [2023-11-05T18:59:25.835+0000] {dag.py:3340} INFO - Setting next_dagrun for customers to None, run_after=None
[2023-11-05T18:59:25.878+0000] {processor.py:176} INFO - Processing /opt/airflow/dags/customer_1.py took 1.045 seconds
[2023-11-05T18:59:56.497+0000] {processor.py:154} INFO - Started process (PID=2133) to work on /opt/airflow/dags/customer_1.py
[2023-11-05T18:59:56.503+0000] {processor.py:756} INFO - Processing file /opt/airflow/dags/customer_1.py for tasks to queue
[2023-11-05T18:59:56.505+0000] {logging_mixin.py:120} INFO - [2023-11-05T18:59:56.505+0000] {dagbag.py:537} INFO - Filling up the DagBag from /opt/airflow/dags/customer_1.py
[2023-11-05T18:59:57.266+0000] {processor.py:766} INFO - DAG(s) dict_keys(['customers']) retrieved from /opt/airflow/dags/customer_1.py
[2023-11-05T18:59:57.310+0000] {logging_mixin.py:120} INFO - [2023-11-05T18:59:57.309+0000] {dag.py:2585} INFO - Sync 1 DAGs
[2023-11-05T18:59:57.340+0000] {logging_mixin.py:120} INFO - [2023-11-05T18:59:57.340+0000] {dag.py:3340} INFO - Setting next_dagrun for customers to None, run_after=None
[2023-11-05T18:59:57.366+0000] {processor.py:176} INFO - Processing /opt/airflow/dags/customer_1.py took 0.873 seconds
[2023-11-05T19:00:28.115+0000] {processor.py:154} INFO - Started process (PID=2180) to work on /opt/airflow/dags/customer_1.py
[2023-11-05T19:00:28.116+0000] {processor.py:756} INFO - Processing file /opt/airflow/dags/customer_1.py for tasks to queue
[2023-11-05T19:00:28.118+0000] {logging_mixin.py:120} INFO - [2023-11-05T19:00:28.118+0000] {dagbag.py:537} INFO - Filling up the DagBag from /opt/airflow/dags/customer_1.py
[2023-11-05T19:00:28.887+0000] {processor.py:766} INFO - DAG(s) dict_keys(['customers']) retrieved from /opt/airflow/dags/customer_1.py
[2023-11-05T19:00:28.991+0000] {logging_mixin.py:120} INFO - [2023-11-05T19:00:28.991+0000] {dag.py:2585} INFO - Sync 1 DAGs
[2023-11-05T19:00:29.027+0000] {logging_mixin.py:120} INFO - [2023-11-05T19:00:29.027+0000] {dag.py:3340} INFO - Setting next_dagrun for customers to None, run_after=None
[2023-11-05T19:00:29.063+0000] {processor.py:176} INFO - Processing /opt/airflow/dags/customer_1.py took 0.952 seconds
[2023-11-05T19:00:59.416+0000] {processor.py:154} INFO - Started process (PID=2228) to work on /opt/airflow/dags/customer_1.py
[2023-11-05T19:00:59.417+0000] {processor.py:756} INFO - Processing file /opt/airflow/dags/customer_1.py for tasks to queue
[2023-11-05T19:00:59.419+0000] {logging_mixin.py:120} INFO - [2023-11-05T19:00:59.418+0000] {dagbag.py:537} INFO - Filling up the DagBag from /opt/airflow/dags/customer_1.py
[2023-11-05T19:01:00.140+0000] {processor.py:766} INFO - DAG(s) dict_keys(['customers']) retrieved from /opt/airflow/dags/customer_1.py
[2023-11-05T19:01:00.184+0000] {logging_mixin.py:120} INFO - [2023-11-05T19:01:00.183+0000] {dag.py:2585} INFO - Sync 1 DAGs
[2023-11-05T19:01:00.217+0000] {logging_mixin.py:120} INFO - [2023-11-05T19:01:00.217+0000] {dag.py:3340} INFO - Setting next_dagrun for customers to None, run_after=None
[2023-11-05T19:01:00.246+0000] {processor.py:176} INFO - Processing /opt/airflow/dags/customer_1.py took 0.833 seconds
[2023-11-05T19:01:30.385+0000] {processor.py:154} INFO - Started process (PID=2273) to work on /opt/airflow/dags/customer_1.py
[2023-11-05T19:01:30.386+0000] {processor.py:756} INFO - Processing file /opt/airflow/dags/customer_1.py for tasks to queue
[2023-11-05T19:01:30.388+0000] {logging_mixin.py:120} INFO - [2023-11-05T19:01:30.387+0000] {dagbag.py:537} INFO - Filling up the DagBag from /opt/airflow/dags/customer_1.py
[2023-11-05T19:01:31.124+0000] {processor.py:766} INFO - DAG(s) dict_keys(['customers']) retrieved from /opt/airflow/dags/customer_1.py
[2023-11-05T19:01:31.217+0000] {logging_mixin.py:120} INFO - [2023-11-05T19:01:31.217+0000] {dag.py:2585} INFO - Sync 1 DAGs
[2023-11-05T19:01:31.246+0000] {logging_mixin.py:120} INFO - [2023-11-05T19:01:31.246+0000] {dag.py:3340} INFO - Setting next_dagrun for customers to None, run_after=None
[2023-11-05T19:01:31.280+0000] {processor.py:176} INFO - Processing /opt/airflow/dags/customer_1.py took 0.901 seconds
[2023-11-05T19:02:01.880+0000] {processor.py:154} INFO - Started process (PID=2315) to work on /opt/airflow/dags/customer_1.py
[2023-11-05T19:02:01.881+0000] {processor.py:756} INFO - Processing file /opt/airflow/dags/customer_1.py for tasks to queue
[2023-11-05T19:02:01.883+0000] {logging_mixin.py:120} INFO - [2023-11-05T19:02:01.883+0000] {dagbag.py:537} INFO - Filling up the DagBag from /opt/airflow/dags/customer_1.py
[2023-11-05T19:02:02.560+0000] {processor.py:766} INFO - DAG(s) dict_keys(['customers']) retrieved from /opt/airflow/dags/customer_1.py
[2023-11-05T19:02:02.600+0000] {logging_mixin.py:120} INFO - [2023-11-05T19:02:02.599+0000] {dag.py:2585} INFO - Sync 1 DAGs
[2023-11-05T19:02:02.632+0000] {logging_mixin.py:120} INFO - [2023-11-05T19:02:02.631+0000] {dag.py:3340} INFO - Setting next_dagrun for customers to None, run_after=None
[2023-11-05T19:02:02.659+0000] {processor.py:176} INFO - Processing /opt/airflow/dags/customer_1.py took 0.782 seconds
[2023-11-05T19:02:32.913+0000] {processor.py:154} INFO - Started process (PID=2362) to work on /opt/airflow/dags/customer_1.py
[2023-11-05T19:02:32.915+0000] {processor.py:756} INFO - Processing file /opt/airflow/dags/customer_1.py for tasks to queue
[2023-11-05T19:02:32.916+0000] {logging_mixin.py:120} INFO - [2023-11-05T19:02:32.916+0000] {dagbag.py:537} INFO - Filling up the DagBag from /opt/airflow/dags/customer_1.py
[2023-11-05T19:02:33.564+0000] {processor.py:766} INFO - DAG(s) dict_keys(['customers']) retrieved from /opt/airflow/dags/customer_1.py
[2023-11-05T19:02:33.652+0000] {logging_mixin.py:120} INFO - [2023-11-05T19:02:33.651+0000] {dag.py:2585} INFO - Sync 1 DAGs
[2023-11-05T19:02:33.693+0000] {logging_mixin.py:120} INFO - [2023-11-05T19:02:33.692+0000] {dag.py:3340} INFO - Setting next_dagrun for customers to None, run_after=None
[2023-11-05T19:02:33.742+0000] {processor.py:176} INFO - Processing /opt/airflow/dags/customer_1.py took 0.831 seconds
[2023-11-05T19:03:04.006+0000] {processor.py:154} INFO - Started process (PID=2408) to work on /opt/airflow/dags/customer_1.py
[2023-11-05T19:03:04.007+0000] {processor.py:756} INFO - Processing file /opt/airflow/dags/customer_1.py for tasks to queue
[2023-11-05T19:03:04.009+0000] {logging_mixin.py:120} INFO - [2023-11-05T19:03:04.009+0000] {dagbag.py:537} INFO - Filling up the DagBag from /opt/airflow/dags/customer_1.py
[2023-11-05T19:03:04.675+0000] {processor.py:766} INFO - DAG(s) dict_keys(['customers']) retrieved from /opt/airflow/dags/customer_1.py
[2023-11-05T19:03:04.740+0000] {logging_mixin.py:120} INFO - [2023-11-05T19:03:04.740+0000] {dag.py:2585} INFO - Sync 1 DAGs
[2023-11-05T19:03:04.790+0000] {logging_mixin.py:120} INFO - [2023-11-05T19:03:04.788+0000] {dag.py:3340} INFO - Setting next_dagrun for customers to None, run_after=None
[2023-11-05T19:03:04.858+0000] {processor.py:176} INFO - Processing /opt/airflow/dags/customer_1.py took 0.857 seconds
[2023-11-05T19:03:35.370+0000] {processor.py:154} INFO - Started process (PID=2449) to work on /opt/airflow/dags/customer_1.py
[2023-11-05T19:03:35.371+0000] {processor.py:756} INFO - Processing file /opt/airflow/dags/customer_1.py for tasks to queue
[2023-11-05T19:03:35.373+0000] {logging_mixin.py:120} INFO - [2023-11-05T19:03:35.372+0000] {dagbag.py:537} INFO - Filling up the DagBag from /opt/airflow/dags/customer_1.py
[2023-11-05T19:03:36.118+0000] {processor.py:766} INFO - DAG(s) dict_keys(['customers']) retrieved from /opt/airflow/dags/customer_1.py
[2023-11-05T19:03:36.225+0000] {logging_mixin.py:120} INFO - [2023-11-05T19:03:36.224+0000] {dag.py:2585} INFO - Sync 1 DAGs
[2023-11-05T19:03:36.262+0000] {logging_mixin.py:120} INFO - [2023-11-05T19:03:36.262+0000] {dag.py:3340} INFO - Setting next_dagrun for customers to None, run_after=None
[2023-11-05T19:03:36.301+0000] {processor.py:176} INFO - Processing /opt/airflow/dags/customer_1.py took 0.936 seconds
[2023-11-05T19:04:06.722+0000] {processor.py:154} INFO - Started process (PID=2497) to work on /opt/airflow/dags/customer_1.py
[2023-11-05T19:04:06.723+0000] {processor.py:756} INFO - Processing file /opt/airflow/dags/customer_1.py for tasks to queue
[2023-11-05T19:04:06.725+0000] {logging_mixin.py:120} INFO - [2023-11-05T19:04:06.725+0000] {dagbag.py:537} INFO - Filling up the DagBag from /opt/airflow/dags/customer_1.py
[2023-11-05T19:04:07.400+0000] {processor.py:766} INFO - DAG(s) dict_keys(['customers']) retrieved from /opt/airflow/dags/customer_1.py
[2023-11-05T19:04:07.440+0000] {logging_mixin.py:120} INFO - [2023-11-05T19:04:07.439+0000] {dag.py:2585} INFO - Sync 1 DAGs
[2023-11-05T19:04:07.472+0000] {logging_mixin.py:120} INFO - [2023-11-05T19:04:07.472+0000] {dag.py:3340} INFO - Setting next_dagrun for customers to None, run_after=None
[2023-11-05T19:04:07.497+0000] {processor.py:176} INFO - Processing /opt/airflow/dags/customer_1.py took 0.778 seconds
[2023-11-05T19:04:37.714+0000] {processor.py:154} INFO - Started process (PID=2542) to work on /opt/airflow/dags/customer_1.py
[2023-11-05T19:04:37.716+0000] {processor.py:756} INFO - Processing file /opt/airflow/dags/customer_1.py for tasks to queue
[2023-11-05T19:04:37.717+0000] {logging_mixin.py:120} INFO - [2023-11-05T19:04:37.717+0000] {dagbag.py:537} INFO - Filling up the DagBag from /opt/airflow/dags/customer_1.py
[2023-11-05T19:04:38.550+0000] {processor.py:766} INFO - DAG(s) dict_keys(['customers']) retrieved from /opt/airflow/dags/customer_1.py
[2023-11-05T19:04:38.654+0000] {logging_mixin.py:120} INFO - [2023-11-05T19:04:38.654+0000] {dag.py:2585} INFO - Sync 1 DAGs
[2023-11-05T19:04:38.694+0000] {logging_mixin.py:120} INFO - [2023-11-05T19:04:38.694+0000] {dag.py:3340} INFO - Setting next_dagrun for customers to None, run_after=None
[2023-11-05T19:04:38.731+0000] {processor.py:176} INFO - Processing /opt/airflow/dags/customer_1.py took 1.020 seconds
[2023-11-05T19:05:09.528+0000] {processor.py:154} INFO - Started process (PID=2585) to work on /opt/airflow/dags/customer_1.py
[2023-11-05T19:05:09.530+0000] {processor.py:756} INFO - Processing file /opt/airflow/dags/customer_1.py for tasks to queue
[2023-11-05T19:05:09.532+0000] {logging_mixin.py:120} INFO - [2023-11-05T19:05:09.532+0000] {dagbag.py:537} INFO - Filling up the DagBag from /opt/airflow/dags/customer_1.py
[2023-11-05T19:05:10.256+0000] {processor.py:766} INFO - DAG(s) dict_keys(['customers']) retrieved from /opt/airflow/dags/customer_1.py
[2023-11-05T19:05:10.289+0000] {logging_mixin.py:120} INFO - [2023-11-05T19:05:10.288+0000] {dag.py:2585} INFO - Sync 1 DAGs
[2023-11-05T19:05:10.321+0000] {logging_mixin.py:120} INFO - [2023-11-05T19:05:10.320+0000] {dag.py:3340} INFO - Setting next_dagrun for customers to None, run_after=None
[2023-11-05T19:05:10.348+0000] {processor.py:176} INFO - Processing /opt/airflow/dags/customer_1.py took 0.826 seconds
[2023-11-05T19:05:40.726+0000] {processor.py:154} INFO - Started process (PID=2633) to work on /opt/airflow/dags/customer_1.py
[2023-11-05T19:05:40.728+0000] {processor.py:756} INFO - Processing file /opt/airflow/dags/customer_1.py for tasks to queue
[2023-11-05T19:05:40.729+0000] {logging_mixin.py:120} INFO - [2023-11-05T19:05:40.729+0000] {dagbag.py:537} INFO - Filling up the DagBag from /opt/airflow/dags/customer_1.py
[2023-11-05T19:05:41.396+0000] {processor.py:766} INFO - DAG(s) dict_keys(['customers']) retrieved from /opt/airflow/dags/customer_1.py
[2023-11-05T19:05:41.491+0000] {logging_mixin.py:120} INFO - [2023-11-05T19:05:41.490+0000] {dag.py:2585} INFO - Sync 1 DAGs
[2023-11-05T19:05:41.521+0000] {logging_mixin.py:120} INFO - [2023-11-05T19:05:41.521+0000] {dag.py:3340} INFO - Setting next_dagrun for customers to None, run_after=None
[2023-11-05T19:05:41.549+0000] {processor.py:176} INFO - Processing /opt/airflow/dags/customer_1.py took 0.826 seconds
[2023-11-05T19:06:11.744+0000] {processor.py:154} INFO - Started process (PID=2681) to work on /opt/airflow/dags/customer_1.py
[2023-11-05T19:06:11.745+0000] {processor.py:756} INFO - Processing file /opt/airflow/dags/customer_1.py for tasks to queue
[2023-11-05T19:06:11.747+0000] {logging_mixin.py:120} INFO - [2023-11-05T19:06:11.747+0000] {dagbag.py:537} INFO - Filling up the DagBag from /opt/airflow/dags/customer_1.py
[2023-11-05T19:06:12.582+0000] {processor.py:766} INFO - DAG(s) dict_keys(['customers']) retrieved from /opt/airflow/dags/customer_1.py
[2023-11-05T19:06:12.609+0000] {logging_mixin.py:120} INFO - [2023-11-05T19:06:12.608+0000] {dag.py:2585} INFO - Sync 1 DAGs
[2023-11-05T19:06:12.641+0000] {logging_mixin.py:120} INFO - [2023-11-05T19:06:12.641+0000] {dag.py:3340} INFO - Setting next_dagrun for customers to None, run_after=None
[2023-11-05T19:06:12.668+0000] {processor.py:176} INFO - Processing /opt/airflow/dags/customer_1.py took 0.928 seconds
[2023-11-05T19:06:43.064+0000] {processor.py:154} INFO - Started process (PID=2721) to work on /opt/airflow/dags/customer_1.py
[2023-11-05T19:06:43.065+0000] {processor.py:756} INFO - Processing file /opt/airflow/dags/customer_1.py for tasks to queue
[2023-11-05T19:06:43.067+0000] {logging_mixin.py:120} INFO - [2023-11-05T19:06:43.067+0000] {dagbag.py:537} INFO - Filling up the DagBag from /opt/airflow/dags/customer_1.py
[2023-11-05T19:06:43.737+0000] {processor.py:766} INFO - DAG(s) dict_keys(['customers']) retrieved from /opt/airflow/dags/customer_1.py
[2023-11-05T19:06:43.828+0000] {logging_mixin.py:120} INFO - [2023-11-05T19:06:43.828+0000] {dag.py:2585} INFO - Sync 1 DAGs
[2023-11-05T19:06:43.857+0000] {logging_mixin.py:120} INFO - [2023-11-05T19:06:43.857+0000] {dag.py:3340} INFO - Setting next_dagrun for customers to None, run_after=None
[2023-11-05T19:06:43.886+0000] {processor.py:176} INFO - Processing /opt/airflow/dags/customer_1.py took 0.824 seconds
[2023-11-05T19:07:14.357+0000] {processor.py:154} INFO - Started process (PID=2769) to work on /opt/airflow/dags/customer_1.py
[2023-11-05T19:07:14.358+0000] {processor.py:756} INFO - Processing file /opt/airflow/dags/customer_1.py for tasks to queue
[2023-11-05T19:07:14.361+0000] {logging_mixin.py:120} INFO - [2023-11-05T19:07:14.361+0000] {dagbag.py:537} INFO - Filling up the DagBag from /opt/airflow/dags/customer_1.py
[2023-11-05T19:07:15.983+0000] {processor.py:766} INFO - DAG(s) dict_keys(['customers']) retrieved from /opt/airflow/dags/customer_1.py
[2023-11-05T19:07:16.017+0000] {logging_mixin.py:120} INFO - [2023-11-05T19:07:16.016+0000] {dag.py:2585} INFO - Sync 1 DAGs
[2023-11-05T19:07:16.048+0000] {logging_mixin.py:120} INFO - [2023-11-05T19:07:16.048+0000] {dag.py:3340} INFO - Setting next_dagrun for customers to None, run_after=None
[2023-11-05T19:07:16.078+0000] {processor.py:176} INFO - Processing /opt/airflow/dags/customer_1.py took 1.724 seconds
[2023-11-05T19:07:46.311+0000] {processor.py:154} INFO - Started process (PID=2807) to work on /opt/airflow/dags/customer_1.py
[2023-11-05T19:07:46.312+0000] {processor.py:756} INFO - Processing file /opt/airflow/dags/customer_1.py for tasks to queue
[2023-11-05T19:07:46.315+0000] {logging_mixin.py:120} INFO - [2023-11-05T19:07:46.314+0000] {dagbag.py:537} INFO - Filling up the DagBag from /opt/airflow/dags/customer_1.py
[2023-11-05T19:07:47.043+0000] {processor.py:766} INFO - DAG(s) dict_keys(['customers']) retrieved from /opt/airflow/dags/customer_1.py
[2023-11-05T19:07:47.157+0000] {logging_mixin.py:120} INFO - [2023-11-05T19:07:47.156+0000] {dag.py:2585} INFO - Sync 1 DAGs
[2023-11-05T19:07:47.191+0000] {logging_mixin.py:120} INFO - [2023-11-05T19:07:47.191+0000] {dag.py:3340} INFO - Setting next_dagrun for customers to None, run_after=None
[2023-11-05T19:07:47.227+0000] {processor.py:176} INFO - Processing /opt/airflow/dags/customer_1.py took 0.920 seconds
[2023-11-05T19:08:17.418+0000] {processor.py:154} INFO - Started process (PID=2854) to work on /opt/airflow/dags/customer_1.py
[2023-11-05T19:08:17.421+0000] {processor.py:756} INFO - Processing file /opt/airflow/dags/customer_1.py for tasks to queue
[2023-11-05T19:08:17.422+0000] {logging_mixin.py:120} INFO - [2023-11-05T19:08:17.422+0000] {dagbag.py:537} INFO - Filling up the DagBag from /opt/airflow/dags/customer_1.py
[2023-11-05T19:08:18.227+0000] {processor.py:766} INFO - DAG(s) dict_keys(['customers']) retrieved from /opt/airflow/dags/customer_1.py
[2023-11-05T19:08:18.281+0000] {logging_mixin.py:120} INFO - [2023-11-05T19:08:18.281+0000] {dag.py:2585} INFO - Sync 1 DAGs
[2023-11-05T19:08:18.332+0000] {logging_mixin.py:120} INFO - [2023-11-05T19:08:18.331+0000] {dag.py:3340} INFO - Setting next_dagrun for customers to None, run_after=None
[2023-11-05T19:08:18.374+0000] {processor.py:176} INFO - Processing /opt/airflow/dags/customer_1.py took 0.960 seconds
[2023-11-05T19:08:48.852+0000] {processor.py:154} INFO - Started process (PID=2901) to work on /opt/airflow/dags/customer_1.py
[2023-11-05T19:08:48.854+0000] {processor.py:756} INFO - Processing file /opt/airflow/dags/customer_1.py for tasks to queue
[2023-11-05T19:08:48.856+0000] {logging_mixin.py:120} INFO - [2023-11-05T19:08:48.856+0000] {dagbag.py:537} INFO - Filling up the DagBag from /opt/airflow/dags/customer_1.py
[2023-11-05T19:08:49.721+0000] {processor.py:766} INFO - DAG(s) dict_keys(['customers']) retrieved from /opt/airflow/dags/customer_1.py
[2023-11-05T19:08:49.826+0000] {logging_mixin.py:120} INFO - [2023-11-05T19:08:49.825+0000] {dag.py:2585} INFO - Sync 1 DAGs
[2023-11-05T19:08:49.870+0000] {logging_mixin.py:120} INFO - [2023-11-05T19:08:49.870+0000] {dag.py:3340} INFO - Setting next_dagrun for customers to None, run_after=None
[2023-11-05T19:08:49.911+0000] {processor.py:176} INFO - Processing /opt/airflow/dags/customer_1.py took 1.065 seconds
[2023-11-05T19:09:20.217+0000] {processor.py:154} INFO - Started process (PID=2941) to work on /opt/airflow/dags/customer_1.py
[2023-11-05T19:09:20.219+0000] {processor.py:756} INFO - Processing file /opt/airflow/dags/customer_1.py for tasks to queue
[2023-11-05T19:09:20.221+0000] {logging_mixin.py:120} INFO - [2023-11-05T19:09:20.221+0000] {dagbag.py:537} INFO - Filling up the DagBag from /opt/airflow/dags/customer_1.py
[2023-11-05T19:09:20.930+0000] {processor.py:766} INFO - DAG(s) dict_keys(['customers']) retrieved from /opt/airflow/dags/customer_1.py
[2023-11-05T19:09:20.960+0000] {logging_mixin.py:120} INFO - [2023-11-05T19:09:20.959+0000] {dag.py:2585} INFO - Sync 1 DAGs
[2023-11-05T19:09:20.992+0000] {logging_mixin.py:120} INFO - [2023-11-05T19:09:20.992+0000] {dag.py:3340} INFO - Setting next_dagrun for customers to None, run_after=None
[2023-11-05T19:09:21.020+0000] {processor.py:176} INFO - Processing /opt/airflow/dags/customer_1.py took 0.807 seconds
[2023-11-05T19:09:51.217+0000] {processor.py:154} INFO - Started process (PID=2986) to work on /opt/airflow/dags/customer_1.py
[2023-11-05T19:09:51.219+0000] {processor.py:756} INFO - Processing file /opt/airflow/dags/customer_1.py for tasks to queue
[2023-11-05T19:09:51.220+0000] {logging_mixin.py:120} INFO - [2023-11-05T19:09:51.220+0000] {dagbag.py:537} INFO - Filling up the DagBag from /opt/airflow/dags/customer_1.py
[2023-11-05T19:09:51.912+0000] {processor.py:766} INFO - DAG(s) dict_keys(['customers']) retrieved from /opt/airflow/dags/customer_1.py
[2023-11-05T19:09:52.009+0000] {logging_mixin.py:120} INFO - [2023-11-05T19:09:52.009+0000] {dag.py:2585} INFO - Sync 1 DAGs
[2023-11-05T19:09:52.043+0000] {logging_mixin.py:120} INFO - [2023-11-05T19:09:52.042+0000] {dag.py:3340} INFO - Setting next_dagrun for customers to None, run_after=None
[2023-11-05T19:09:52.081+0000] {processor.py:176} INFO - Processing /opt/airflow/dags/customer_1.py took 0.869 seconds
[2023-11-05T19:10:22.788+0000] {processor.py:154} INFO - Started process (PID=3025) to work on /opt/airflow/dags/customer_1.py
[2023-11-05T19:10:22.790+0000] {processor.py:756} INFO - Processing file /opt/airflow/dags/customer_1.py for tasks to queue
[2023-11-05T19:10:22.791+0000] {logging_mixin.py:120} INFO - [2023-11-05T19:10:22.791+0000] {dagbag.py:537} INFO - Filling up the DagBag from /opt/airflow/dags/customer_1.py
[2023-11-05T19:10:23.576+0000] {processor.py:766} INFO - DAG(s) dict_keys(['customers']) retrieved from /opt/airflow/dags/customer_1.py
[2023-11-05T19:10:23.624+0000] {logging_mixin.py:120} INFO - [2023-11-05T19:10:23.623+0000] {dag.py:2585} INFO - Sync 1 DAGs
[2023-11-05T19:10:23.677+0000] {logging_mixin.py:120} INFO - [2023-11-05T19:10:23.676+0000] {dag.py:3340} INFO - Setting next_dagrun for customers to None, run_after=None
[2023-11-05T19:10:23.738+0000] {processor.py:176} INFO - Processing /opt/airflow/dags/customer_1.py took 0.953 seconds
[2023-11-05T19:10:54.443+0000] {processor.py:154} INFO - Started process (PID=3074) to work on /opt/airflow/dags/customer_1.py
[2023-11-05T19:10:54.445+0000] {processor.py:756} INFO - Processing file /opt/airflow/dags/customer_1.py for tasks to queue
[2023-11-05T19:10:54.446+0000] {logging_mixin.py:120} INFO - [2023-11-05T19:10:54.446+0000] {dagbag.py:537} INFO - Filling up the DagBag from /opt/airflow/dags/customer_1.py
[2023-11-05T19:10:55.651+0000] {processor.py:766} INFO - DAG(s) dict_keys(['customers']) retrieved from /opt/airflow/dags/customer_1.py
[2023-11-05T19:10:55.939+0000] {logging_mixin.py:120} INFO - [2023-11-05T19:10:55.936+0000] {dag.py:2585} INFO - Sync 1 DAGs
[2023-11-05T19:10:56.022+0000] {logging_mixin.py:120} INFO - [2023-11-05T19:10:56.021+0000] {dag.py:3340} INFO - Setting next_dagrun for customers to None, run_after=None
[2023-11-05T19:10:56.105+0000] {processor.py:176} INFO - Processing /opt/airflow/dags/customer_1.py took 1.665 seconds
[2023-11-05T19:11:26.880+0000] {processor.py:154} INFO - Started process (PID=3113) to work on /opt/airflow/dags/customer_1.py
[2023-11-05T19:11:26.881+0000] {processor.py:756} INFO - Processing file /opt/airflow/dags/customer_1.py for tasks to queue
[2023-11-05T19:11:26.882+0000] {logging_mixin.py:120} INFO - [2023-11-05T19:11:26.882+0000] {dagbag.py:537} INFO - Filling up the DagBag from /opt/airflow/dags/customer_1.py
[2023-11-05T19:11:27.613+0000] {processor.py:766} INFO - DAG(s) dict_keys(['customers']) retrieved from /opt/airflow/dags/customer_1.py
[2023-11-05T19:11:27.640+0000] {logging_mixin.py:120} INFO - [2023-11-05T19:11:27.639+0000] {dag.py:2585} INFO - Sync 1 DAGs
[2023-11-05T19:11:27.668+0000] {logging_mixin.py:120} INFO - [2023-11-05T19:11:27.668+0000] {dag.py:3340} INFO - Setting next_dagrun for customers to None, run_after=None
[2023-11-05T19:11:27.694+0000] {processor.py:176} INFO - Processing /opt/airflow/dags/customer_1.py took 0.816 seconds
[2023-11-05T19:11:57.881+0000] {processor.py:154} INFO - Started process (PID=3163) to work on /opt/airflow/dags/customer_1.py
[2023-11-05T19:11:57.883+0000] {processor.py:756} INFO - Processing file /opt/airflow/dags/customer_1.py for tasks to queue
[2023-11-05T19:11:57.884+0000] {logging_mixin.py:120} INFO - [2023-11-05T19:11:57.884+0000] {dagbag.py:537} INFO - Filling up the DagBag from /opt/airflow/dags/customer_1.py
[2023-11-05T19:11:58.613+0000] {processor.py:766} INFO - DAG(s) dict_keys(['customers']) retrieved from /opt/airflow/dags/customer_1.py
[2023-11-05T19:11:58.706+0000] {logging_mixin.py:120} INFO - [2023-11-05T19:11:58.705+0000] {dag.py:2585} INFO - Sync 1 DAGs
[2023-11-05T19:11:58.742+0000] {logging_mixin.py:120} INFO - [2023-11-05T19:11:58.742+0000] {dag.py:3340} INFO - Setting next_dagrun for customers to None, run_after=None
[2023-11-05T19:11:58.771+0000] {processor.py:176} INFO - Processing /opt/airflow/dags/customer_1.py took 0.893 seconds
[2023-11-05T19:12:28.978+0000] {processor.py:154} INFO - Started process (PID=3215) to work on /opt/airflow/dags/customer_1.py
[2023-11-05T19:12:28.979+0000] {processor.py:756} INFO - Processing file /opt/airflow/dags/customer_1.py for tasks to queue
[2023-11-05T19:12:28.981+0000] {logging_mixin.py:120} INFO - [2023-11-05T19:12:28.981+0000] {dagbag.py:537} INFO - Filling up the DagBag from /opt/airflow/dags/customer_1.py
[2023-11-05T19:12:29.713+0000] {processor.py:766} INFO - DAG(s) dict_keys(['customers']) retrieved from /opt/airflow/dags/customer_1.py
[2023-11-05T19:12:29.753+0000] {logging_mixin.py:120} INFO - [2023-11-05T19:12:29.752+0000] {dag.py:2585} INFO - Sync 1 DAGs
[2023-11-05T19:12:29.787+0000] {logging_mixin.py:120} INFO - [2023-11-05T19:12:29.787+0000] {dag.py:3340} INFO - Setting next_dagrun for customers to None, run_after=None
[2023-11-05T19:12:29.814+0000] {processor.py:176} INFO - Processing /opt/airflow/dags/customer_1.py took 0.840 seconds
[2023-11-05T19:12:59.929+0000] {processor.py:154} INFO - Started process (PID=3252) to work on /opt/airflow/dags/customer_1.py
[2023-11-05T19:12:59.930+0000] {processor.py:756} INFO - Processing file /opt/airflow/dags/customer_1.py for tasks to queue
[2023-11-05T19:12:59.932+0000] {logging_mixin.py:120} INFO - [2023-11-05T19:12:59.932+0000] {dagbag.py:537} INFO - Filling up the DagBag from /opt/airflow/dags/customer_1.py
[2023-11-05T19:13:00.589+0000] {processor.py:766} INFO - DAG(s) dict_keys(['customers']) retrieved from /opt/airflow/dags/customer_1.py
[2023-11-05T19:13:00.614+0000] {logging_mixin.py:120} INFO - [2023-11-05T19:13:00.613+0000] {dag.py:2585} INFO - Sync 1 DAGs
[2023-11-05T19:13:00.642+0000] {logging_mixin.py:120} INFO - [2023-11-05T19:13:00.642+0000] {dag.py:3340} INFO - Setting next_dagrun for customers to None, run_after=None
[2023-11-05T19:13:00.668+0000] {processor.py:176} INFO - Processing /opt/airflow/dags/customer_1.py took 0.742 seconds
[2023-11-05T19:13:31.195+0000] {processor.py:154} INFO - Started process (PID=3301) to work on /opt/airflow/dags/customer_1.py
[2023-11-05T19:13:31.196+0000] {processor.py:756} INFO - Processing file /opt/airflow/dags/customer_1.py for tasks to queue
[2023-11-05T19:13:31.198+0000] {logging_mixin.py:120} INFO - [2023-11-05T19:13:31.198+0000] {dagbag.py:537} INFO - Filling up the DagBag from /opt/airflow/dags/customer_1.py
[2023-11-05T19:13:31.966+0000] {processor.py:766} INFO - DAG(s) dict_keys(['customers']) retrieved from /opt/airflow/dags/customer_1.py
[2023-11-05T19:13:32.000+0000] {logging_mixin.py:120} INFO - [2023-11-05T19:13:31.999+0000] {dag.py:2585} INFO - Sync 1 DAGs
[2023-11-05T19:13:32.034+0000] {logging_mixin.py:120} INFO - [2023-11-05T19:13:32.034+0000] {dag.py:3340} INFO - Setting next_dagrun for customers to None, run_after=None
[2023-11-05T19:13:32.068+0000] {processor.py:176} INFO - Processing /opt/airflow/dags/customer_1.py took 0.878 seconds
[2023-11-05T19:14:02.550+0000] {processor.py:154} INFO - Started process (PID=3348) to work on /opt/airflow/dags/customer_1.py
[2023-11-05T19:14:02.551+0000] {processor.py:756} INFO - Processing file /opt/airflow/dags/customer_1.py for tasks to queue
[2023-11-05T19:14:02.552+0000] {logging_mixin.py:120} INFO - [2023-11-05T19:14:02.552+0000] {dagbag.py:537} INFO - Filling up the DagBag from /opt/airflow/dags/customer_1.py
[2023-11-05T19:14:03.235+0000] {processor.py:766} INFO - DAG(s) dict_keys(['customers']) retrieved from /opt/airflow/dags/customer_1.py
[2023-11-05T19:14:03.326+0000] {logging_mixin.py:120} INFO - [2023-11-05T19:14:03.325+0000] {dag.py:2585} INFO - Sync 1 DAGs
[2023-11-05T19:14:03.361+0000] {logging_mixin.py:120} INFO - [2023-11-05T19:14:03.361+0000] {dag.py:3340} INFO - Setting next_dagrun for customers to None, run_after=None
[2023-11-05T19:14:03.399+0000] {processor.py:176} INFO - Processing /opt/airflow/dags/customer_1.py took 0.853 seconds
[2023-11-05T19:14:33.882+0000] {processor.py:154} INFO - Started process (PID=3385) to work on /opt/airflow/dags/customer_1.py
[2023-11-05T19:14:33.884+0000] {processor.py:756} INFO - Processing file /opt/airflow/dags/customer_1.py for tasks to queue
[2023-11-05T19:14:33.889+0000] {logging_mixin.py:120} INFO - [2023-11-05T19:14:33.889+0000] {dagbag.py:537} INFO - Filling up the DagBag from /opt/airflow/dags/customer_1.py
[2023-11-05T19:14:34.672+0000] {processor.py:766} INFO - DAG(s) dict_keys(['customers']) retrieved from /opt/airflow/dags/customer_1.py
[2023-11-05T19:14:34.708+0000] {logging_mixin.py:120} INFO - [2023-11-05T19:14:34.707+0000] {dag.py:2585} INFO - Sync 1 DAGs
[2023-11-05T19:14:34.744+0000] {logging_mixin.py:120} INFO - [2023-11-05T19:14:34.744+0000] {dag.py:3340} INFO - Setting next_dagrun for customers to None, run_after=None
[2023-11-05T19:14:34.773+0000] {processor.py:176} INFO - Processing /opt/airflow/dags/customer_1.py took 0.894 seconds
[2023-11-05T19:15:05.619+0000] {processor.py:154} INFO - Started process (PID=3432) to work on /opt/airflow/dags/customer_1.py
[2023-11-05T19:15:05.620+0000] {processor.py:756} INFO - Processing file /opt/airflow/dags/customer_1.py for tasks to queue
[2023-11-05T19:15:05.622+0000] {logging_mixin.py:120} INFO - [2023-11-05T19:15:05.621+0000] {dagbag.py:537} INFO - Filling up the DagBag from /opt/airflow/dags/customer_1.py
[2023-11-05T19:15:06.370+0000] {processor.py:766} INFO - DAG(s) dict_keys(['customers']) retrieved from /opt/airflow/dags/customer_1.py
[2023-11-05T19:15:06.476+0000] {logging_mixin.py:120} INFO - [2023-11-05T19:15:06.475+0000] {dag.py:2585} INFO - Sync 1 DAGs
[2023-11-05T19:15:06.509+0000] {logging_mixin.py:120} INFO - [2023-11-05T19:15:06.509+0000] {dag.py:3340} INFO - Setting next_dagrun for customers to None, run_after=None
[2023-11-05T19:15:06.549+0000] {processor.py:176} INFO - Processing /opt/airflow/dags/customer_1.py took 0.933 seconds
[2023-11-05T19:15:37.520+0000] {processor.py:154} INFO - Started process (PID=3479) to work on /opt/airflow/dags/customer_1.py
[2023-11-05T19:15:37.522+0000] {processor.py:756} INFO - Processing file /opt/airflow/dags/customer_1.py for tasks to queue
[2023-11-05T19:15:37.523+0000] {logging_mixin.py:120} INFO - [2023-11-05T19:15:37.523+0000] {dagbag.py:537} INFO - Filling up the DagBag from /opt/airflow/dags/customer_1.py
[2023-11-05T19:15:38.224+0000] {processor.py:766} INFO - DAG(s) dict_keys(['customers']) retrieved from /opt/airflow/dags/customer_1.py
[2023-11-05T19:15:38.270+0000] {logging_mixin.py:120} INFO - [2023-11-05T19:15:38.270+0000] {dag.py:2585} INFO - Sync 1 DAGs
[2023-11-05T19:15:38.303+0000] {logging_mixin.py:120} INFO - [2023-11-05T19:15:38.303+0000] {dag.py:3340} INFO - Setting next_dagrun for customers to None, run_after=None
[2023-11-05T19:15:38.332+0000] {processor.py:176} INFO - Processing /opt/airflow/dags/customer_1.py took 0.814 seconds
[2023-11-05T19:16:08.913+0000] {processor.py:154} INFO - Started process (PID=3517) to work on /opt/airflow/dags/customer_1.py
[2023-11-05T19:16:08.914+0000] {processor.py:756} INFO - Processing file /opt/airflow/dags/customer_1.py for tasks to queue
[2023-11-05T19:16:08.916+0000] {logging_mixin.py:120} INFO - [2023-11-05T19:16:08.915+0000] {dagbag.py:537} INFO - Filling up the DagBag from /opt/airflow/dags/customer_1.py
[2023-11-05T19:16:09.672+0000] {processor.py:766} INFO - DAG(s) dict_keys(['customers']) retrieved from /opt/airflow/dags/customer_1.py
[2023-11-05T19:16:09.710+0000] {logging_mixin.py:120} INFO - [2023-11-05T19:16:09.709+0000] {dag.py:2585} INFO - Sync 1 DAGs
[2023-11-05T19:16:09.750+0000] {logging_mixin.py:120} INFO - [2023-11-05T19:16:09.750+0000] {dag.py:3340} INFO - Setting next_dagrun for customers to None, run_after=None
[2023-11-05T19:16:09.782+0000] {processor.py:176} INFO - Processing /opt/airflow/dags/customer_1.py took 0.873 seconds
[2023-11-05T19:16:40.219+0000] {processor.py:154} INFO - Started process (PID=3564) to work on /opt/airflow/dags/customer_1.py
[2023-11-05T19:16:40.220+0000] {processor.py:756} INFO - Processing file /opt/airflow/dags/customer_1.py for tasks to queue
[2023-11-05T19:16:40.222+0000] {logging_mixin.py:120} INFO - [2023-11-05T19:16:40.222+0000] {dagbag.py:537} INFO - Filling up the DagBag from /opt/airflow/dags/customer_1.py
[2023-11-05T19:16:41.066+0000] {processor.py:766} INFO - DAG(s) dict_keys(['customers']) retrieved from /opt/airflow/dags/customer_1.py
[2023-11-05T19:16:41.097+0000] {logging_mixin.py:120} INFO - [2023-11-05T19:16:41.096+0000] {dag.py:2585} INFO - Sync 1 DAGs
[2023-11-05T19:16:41.150+0000] {logging_mixin.py:120} INFO - [2023-11-05T19:16:41.150+0000] {dag.py:3340} INFO - Setting next_dagrun for customers to None, run_after=None
[2023-11-05T19:16:41.188+0000] {processor.py:176} INFO - Processing /opt/airflow/dags/customer_1.py took 0.974 seconds
[2023-11-05T19:17:11.642+0000] {processor.py:154} INFO - Started process (PID=3611) to work on /opt/airflow/dags/customer_1.py
[2023-11-05T19:17:11.643+0000] {processor.py:756} INFO - Processing file /opt/airflow/dags/customer_1.py for tasks to queue
[2023-11-05T19:17:11.644+0000] {logging_mixin.py:120} INFO - [2023-11-05T19:17:11.644+0000] {dagbag.py:537} INFO - Filling up the DagBag from /opt/airflow/dags/customer_1.py
[2023-11-05T19:17:12.307+0000] {processor.py:766} INFO - DAG(s) dict_keys(['customers']) retrieved from /opt/airflow/dags/customer_1.py
[2023-11-05T19:17:12.404+0000] {logging_mixin.py:120} INFO - [2023-11-05T19:17:12.404+0000] {dag.py:2585} INFO - Sync 1 DAGs
[2023-11-05T19:17:12.439+0000] {logging_mixin.py:120} INFO - [2023-11-05T19:17:12.438+0000] {dag.py:3340} INFO - Setting next_dagrun for customers to None, run_after=None
[2023-11-05T19:17:12.470+0000] {processor.py:176} INFO - Processing /opt/airflow/dags/customer_1.py took 0.831 seconds
[2023-11-05T19:17:43.174+0000] {processor.py:154} INFO - Started process (PID=3650) to work on /opt/airflow/dags/customer_1.py
[2023-11-05T19:17:43.175+0000] {processor.py:756} INFO - Processing file /opt/airflow/dags/customer_1.py for tasks to queue
[2023-11-05T19:17:43.176+0000] {logging_mixin.py:120} INFO - [2023-11-05T19:17:43.176+0000] {dagbag.py:537} INFO - Filling up the DagBag from /opt/airflow/dags/customer_1.py
[2023-11-05T19:17:43.959+0000] {processor.py:766} INFO - DAG(s) dict_keys(['customers']) retrieved from /opt/airflow/dags/customer_1.py
[2023-11-05T19:17:44.018+0000] {logging_mixin.py:120} INFO - [2023-11-05T19:17:44.018+0000] {dag.py:2585} INFO - Sync 1 DAGs
[2023-11-05T19:17:44.055+0000] {logging_mixin.py:120} INFO - [2023-11-05T19:17:44.055+0000] {dag.py:3340} INFO - Setting next_dagrun for customers to None, run_after=None
[2023-11-05T19:17:44.084+0000] {processor.py:176} INFO - Processing /opt/airflow/dags/customer_1.py took 0.915 seconds
[2023-11-05T19:18:14.672+0000] {processor.py:154} INFO - Started process (PID=3697) to work on /opt/airflow/dags/customer_1.py
[2023-11-05T19:18:14.675+0000] {processor.py:756} INFO - Processing file /opt/airflow/dags/customer_1.py for tasks to queue
[2023-11-05T19:18:14.676+0000] {logging_mixin.py:120} INFO - [2023-11-05T19:18:14.676+0000] {dagbag.py:537} INFO - Filling up the DagBag from /opt/airflow/dags/customer_1.py
[2023-11-05T19:18:15.353+0000] {processor.py:766} INFO - DAG(s) dict_keys(['customers']) retrieved from /opt/airflow/dags/customer_1.py
[2023-11-05T19:18:15.382+0000] {logging_mixin.py:120} INFO - [2023-11-05T19:18:15.382+0000] {dag.py:2585} INFO - Sync 1 DAGs
[2023-11-05T19:18:15.422+0000] {logging_mixin.py:120} INFO - [2023-11-05T19:18:15.421+0000] {dag.py:3340} INFO - Setting next_dagrun for customers to None, run_after=None
[2023-11-05T19:18:15.449+0000] {processor.py:176} INFO - Processing /opt/airflow/dags/customer_1.py took 0.779 seconds
[2023-11-05T19:18:45.933+0000] {processor.py:154} INFO - Started process (PID=3744) to work on /opt/airflow/dags/customer_1.py
[2023-11-05T19:18:45.935+0000] {processor.py:756} INFO - Processing file /opt/airflow/dags/customer_1.py for tasks to queue
[2023-11-05T19:18:45.937+0000] {logging_mixin.py:120} INFO - [2023-11-05T19:18:45.937+0000] {dagbag.py:537} INFO - Filling up the DagBag from /opt/airflow/dags/customer_1.py
[2023-11-05T19:18:46.616+0000] {processor.py:766} INFO - DAG(s) dict_keys(['customers']) retrieved from /opt/airflow/dags/customer_1.py
[2023-11-05T19:18:46.645+0000] {logging_mixin.py:120} INFO - [2023-11-05T19:18:46.644+0000] {dag.py:2585} INFO - Sync 1 DAGs
[2023-11-05T19:18:46.679+0000] {logging_mixin.py:120} INFO - [2023-11-05T19:18:46.679+0000] {dag.py:3340} INFO - Setting next_dagrun for customers to None, run_after=None
[2023-11-05T19:18:46.708+0000] {processor.py:176} INFO - Processing /opt/airflow/dags/customer_1.py took 0.778 seconds
[2023-11-05T19:19:16.946+0000] {processor.py:154} INFO - Started process (PID=3790) to work on /opt/airflow/dags/customer_1.py
[2023-11-05T19:19:16.947+0000] {processor.py:756} INFO - Processing file /opt/airflow/dags/customer_1.py for tasks to queue
[2023-11-05T19:19:16.949+0000] {logging_mixin.py:120} INFO - [2023-11-05T19:19:16.949+0000] {dagbag.py:537} INFO - Filling up the DagBag from /opt/airflow/dags/customer_1.py
[2023-11-05T19:19:17.650+0000] {processor.py:766} INFO - DAG(s) dict_keys(['customers']) retrieved from /opt/airflow/dags/customer_1.py
[2023-11-05T19:19:17.748+0000] {logging_mixin.py:120} INFO - [2023-11-05T19:19:17.748+0000] {dag.py:2585} INFO - Sync 1 DAGs
[2023-11-05T19:19:17.785+0000] {logging_mixin.py:120} INFO - [2023-11-05T19:19:17.785+0000] {dag.py:3340} INFO - Setting next_dagrun for customers to None, run_after=None
[2023-11-05T19:19:17.820+0000] {processor.py:176} INFO - Processing /opt/airflow/dags/customer_1.py took 0.877 seconds
[2023-11-05T19:19:48.370+0000] {processor.py:154} INFO - Started process (PID=3830) to work on /opt/airflow/dags/customer_1.py
[2023-11-05T19:19:48.371+0000] {processor.py:756} INFO - Processing file /opt/airflow/dags/customer_1.py for tasks to queue
[2023-11-05T19:19:48.372+0000] {logging_mixin.py:120} INFO - [2023-11-05T19:19:48.372+0000] {dagbag.py:537} INFO - Filling up the DagBag from /opt/airflow/dags/customer_1.py
[2023-11-05T19:19:48.981+0000] {processor.py:766} INFO - DAG(s) dict_keys(['customers']) retrieved from /opt/airflow/dags/customer_1.py
[2023-11-05T19:19:49.005+0000] {logging_mixin.py:120} INFO - [2023-11-05T19:19:49.005+0000] {dag.py:2585} INFO - Sync 1 DAGs
[2023-11-05T19:19:49.037+0000] {logging_mixin.py:120} INFO - [2023-11-05T19:19:49.037+0000] {dag.py:3340} INFO - Setting next_dagrun for customers to None, run_after=None
[2023-11-05T19:19:49.062+0000] {processor.py:176} INFO - Processing /opt/airflow/dags/customer_1.py took 0.694 seconds
[2023-11-05T19:20:20.079+0000] {processor.py:154} INFO - Started process (PID=3878) to work on /opt/airflow/dags/customer_1.py
[2023-11-05T19:20:20.080+0000] {processor.py:756} INFO - Processing file /opt/airflow/dags/customer_1.py for tasks to queue
[2023-11-05T19:20:20.081+0000] {logging_mixin.py:120} INFO - [2023-11-05T19:20:20.081+0000] {dagbag.py:537} INFO - Filling up the DagBag from /opt/airflow/dags/customer_1.py
[2023-11-05T19:20:20.732+0000] {processor.py:766} INFO - DAG(s) dict_keys(['customers']) retrieved from /opt/airflow/dags/customer_1.py
[2023-11-05T19:20:20.816+0000] {logging_mixin.py:120} INFO - [2023-11-05T19:20:20.816+0000] {dag.py:2585} INFO - Sync 1 DAGs
[2023-11-05T19:20:20.846+0000] {logging_mixin.py:120} INFO - [2023-11-05T19:20:20.846+0000] {dag.py:3340} INFO - Setting next_dagrun for customers to None, run_after=None
[2023-11-05T19:20:20.892+0000] {processor.py:176} INFO - Processing /opt/airflow/dags/customer_1.py took 0.816 seconds
[2023-11-05T19:20:51.778+0000] {processor.py:154} INFO - Started process (PID=3928) to work on /opt/airflow/dags/customer_1.py
[2023-11-05T19:20:51.780+0000] {processor.py:756} INFO - Processing file /opt/airflow/dags/customer_1.py for tasks to queue
[2023-11-05T19:20:51.781+0000] {logging_mixin.py:120} INFO - [2023-11-05T19:20:51.781+0000] {dagbag.py:537} INFO - Filling up the DagBag from /opt/airflow/dags/customer_1.py
[2023-11-05T19:20:52.489+0000] {processor.py:766} INFO - DAG(s) dict_keys(['customers']) retrieved from /opt/airflow/dags/customer_1.py
[2023-11-05T19:20:52.521+0000] {logging_mixin.py:120} INFO - [2023-11-05T19:20:52.520+0000] {dag.py:2585} INFO - Sync 1 DAGs
[2023-11-05T19:20:52.556+0000] {logging_mixin.py:120} INFO - [2023-11-05T19:20:52.556+0000] {dag.py:3340} INFO - Setting next_dagrun for customers to None, run_after=None
[2023-11-05T19:20:52.592+0000] {processor.py:176} INFO - Processing /opt/airflow/dags/customer_1.py took 0.817 seconds
[2023-11-05T19:21:22.676+0000] {processor.py:154} INFO - Started process (PID=3966) to work on /opt/airflow/dags/customer_1.py
[2023-11-05T19:21:22.677+0000] {processor.py:756} INFO - Processing file /opt/airflow/dags/customer_1.py for tasks to queue
[2023-11-05T19:21:22.678+0000] {logging_mixin.py:120} INFO - [2023-11-05T19:21:22.678+0000] {dagbag.py:537} INFO - Filling up the DagBag from /opt/airflow/dags/customer_1.py
[2023-11-05T19:21:23.283+0000] {processor.py:766} INFO - DAG(s) dict_keys(['customers']) retrieved from /opt/airflow/dags/customer_1.py
[2023-11-05T19:21:23.384+0000] {logging_mixin.py:120} INFO - [2023-11-05T19:21:23.383+0000] {dag.py:2585} INFO - Sync 1 DAGs
[2023-11-05T19:21:23.414+0000] {logging_mixin.py:120} INFO - [2023-11-05T19:21:23.414+0000] {dag.py:3340} INFO - Setting next_dagrun for customers to None, run_after=None
[2023-11-05T19:21:23.445+0000] {processor.py:176} INFO - Processing /opt/airflow/dags/customer_1.py took 0.772 seconds
[2023-11-05T19:21:53.645+0000] {processor.py:154} INFO - Started process (PID=4012) to work on /opt/airflow/dags/customer_1.py
[2023-11-05T19:21:53.646+0000] {processor.py:756} INFO - Processing file /opt/airflow/dags/customer_1.py for tasks to queue
[2023-11-05T19:21:53.647+0000] {logging_mixin.py:120} INFO - [2023-11-05T19:21:53.647+0000] {dagbag.py:537} INFO - Filling up the DagBag from /opt/airflow/dags/customer_1.py
[2023-11-05T19:21:54.383+0000] {processor.py:766} INFO - DAG(s) dict_keys(['customers']) retrieved from /opt/airflow/dags/customer_1.py
[2023-11-05T19:21:54.409+0000] {logging_mixin.py:120} INFO - [2023-11-05T19:21:54.408+0000] {dag.py:2585} INFO - Sync 1 DAGs
[2023-11-05T19:21:54.441+0000] {logging_mixin.py:120} INFO - [2023-11-05T19:21:54.441+0000] {dag.py:3340} INFO - Setting next_dagrun for customers to None, run_after=None
[2023-11-05T19:21:54.470+0000] {processor.py:176} INFO - Processing /opt/airflow/dags/customer_1.py took 0.829 seconds
[2023-11-05T19:22:24.678+0000] {processor.py:154} INFO - Started process (PID=4050) to work on /opt/airflow/dags/customer_1.py
[2023-11-05T19:22:24.679+0000] {processor.py:756} INFO - Processing file /opt/airflow/dags/customer_1.py for tasks to queue
[2023-11-05T19:22:24.680+0000] {logging_mixin.py:120} INFO - [2023-11-05T19:22:24.680+0000] {dagbag.py:537} INFO - Filling up the DagBag from /opt/airflow/dags/customer_1.py
[2023-11-05T19:22:25.386+0000] {processor.py:766} INFO - DAG(s) dict_keys(['customers']) retrieved from /opt/airflow/dags/customer_1.py
[2023-11-05T19:22:25.496+0000] {logging_mixin.py:120} INFO - [2023-11-05T19:22:25.495+0000] {dag.py:2585} INFO - Sync 1 DAGs
[2023-11-05T19:22:25.533+0000] {logging_mixin.py:120} INFO - [2023-11-05T19:22:25.533+0000] {dag.py:3340} INFO - Setting next_dagrun for customers to None, run_after=None
[2023-11-05T19:22:25.578+0000] {processor.py:176} INFO - Processing /opt/airflow/dags/customer_1.py took 0.904 seconds
[2023-11-05T19:22:56.620+0000] {processor.py:154} INFO - Started process (PID=4103) to work on /opt/airflow/dags/customer_1.py
[2023-11-05T19:22:56.621+0000] {processor.py:756} INFO - Processing file /opt/airflow/dags/customer_1.py for tasks to queue
[2023-11-05T19:22:56.622+0000] {logging_mixin.py:120} INFO - [2023-11-05T19:22:56.622+0000] {dagbag.py:537} INFO - Filling up the DagBag from /opt/airflow/dags/customer_1.py
[2023-11-05T19:22:57.273+0000] {processor.py:766} INFO - DAG(s) dict_keys(['customers']) retrieved from /opt/airflow/dags/customer_1.py
[2023-11-05T19:22:57.305+0000] {logging_mixin.py:120} INFO - [2023-11-05T19:22:57.304+0000] {dag.py:2585} INFO - Sync 1 DAGs
[2023-11-05T19:22:57.347+0000] {logging_mixin.py:120} INFO - [2023-11-05T19:22:57.347+0000] {dag.py:3340} INFO - Setting next_dagrun for customers to None, run_after=None
[2023-11-05T19:22:57.378+0000] {processor.py:176} INFO - Processing /opt/airflow/dags/customer_1.py took 0.762 seconds
