[2023-11-04T20:40:33.974+0000] {taskinstance.py:1165} INFO - Dependencies all met for <TaskInstance: people.read_people manual__2023-11-04T20:40:30.233741+00:00 [queued]>
[2023-11-04T20:40:33.990+0000] {taskinstance.py:1165} INFO - Dependencies all met for <TaskInstance: people.read_people manual__2023-11-04T20:40:30.233741+00:00 [queued]>
[2023-11-04T20:40:33.990+0000] {taskinstance.py:1362} INFO - 
--------------------------------------------------------------------------------
[2023-11-04T20:40:33.991+0000] {taskinstance.py:1363} INFO - Starting attempt 1 of 1
[2023-11-04T20:40:33.992+0000] {taskinstance.py:1364} INFO - 
--------------------------------------------------------------------------------
[2023-11-04T20:40:34.012+0000] {taskinstance.py:1383} INFO - Executing <Task(PythonOperator): read_people> on 2023-11-04 20:40:30.233741+00:00
[2023-11-04T20:40:34.018+0000] {standard_task_runner.py:55} INFO - Started process 3386 to run task
[2023-11-04T20:40:34.022+0000] {standard_task_runner.py:82} INFO - Running: ['***', 'tasks', 'run', 'people', 'read_people', 'manual__2023-11-04T20:40:30.233741+00:00', '--job-id', '213', '--raw', '--subdir', 'DAGS_FOLDER/people.py', '--cfg-path', '/tmp/tmpsx0ukmh8']
[2023-11-04T20:40:34.023+0000] {standard_task_runner.py:83} INFO - Job 213: Subtask read_people
[2023-11-04T20:40:34.087+0000] {task_command.py:376} INFO - Running <TaskInstance: people.read_people manual__2023-11-04T20:40:30.233741+00:00 [running]> on host 0ef3ea835a0e
[2023-11-04T20:40:34.169+0000] {taskinstance.py:1592} INFO - Exporting the following env vars:
AIRFLOW_CTX_DAG_OWNER=***
AIRFLOW_CTX_DAG_ID=people
AIRFLOW_CTX_TASK_ID=read_people
AIRFLOW_CTX_EXECUTION_DATE=2023-11-04T20:40:30.233741+00:00
AIRFLOW_CTX_TRY_NUMBER=1
AIRFLOW_CTX_DAG_RUN_ID=manual__2023-11-04T20:40:30.233741+00:00
[2023-11-04T20:40:34.183+0000] {taskinstance.py:1851} ERROR - Task failed with exception
Traceback (most recent call last):
  File "/home/airflow/.local/lib/python3.7/site-packages/airflow/operators/python.py", line 175, in execute
    return_value = self.execute_callable()
  File "/home/airflow/.local/lib/python3.7/site-packages/airflow/operators/python.py", line 193, in execute_callable
    return self.python_callable(*self.op_args, **self.op_kwargs)
  File "/opt/airflow/dags/people.py", line 24, in _read_people
    date_str = row[7]
IndexError: list index out of range
[2023-11-04T20:40:34.196+0000] {taskinstance.py:1406} INFO - Marking task as FAILED. dag_id=people, task_id=read_people, execution_date=20231104T204030, start_date=20231104T204033, end_date=20231104T204034
[2023-11-04T20:40:34.211+0000] {standard_task_runner.py:105} ERROR - Failed to execute job 213 for task read_people (list index out of range; 3386)
[2023-11-04T20:40:34.234+0000] {local_task_job.py:164} INFO - Task exited with return code 1
[2023-11-04T20:40:34.260+0000] {local_task_job.py:273} INFO - 0 downstream tasks scheduled from follow-on schedule check
