[2023-11-10T09:15:20.006+0000] {taskinstance.py:1087} INFO - Dependencies all met for <TaskInstance: customers.create_customers_table manual__2023-11-10T09:15:17.668119+00:00 [queued]>
[2023-11-10T09:15:20.021+0000] {taskinstance.py:1087} INFO - Dependencies all met for <TaskInstance: customers.create_customers_table manual__2023-11-10T09:15:17.668119+00:00 [queued]>
[2023-11-10T09:15:20.022+0000] {taskinstance.py:1283} INFO - 
--------------------------------------------------------------------------------
[2023-11-10T09:15:20.023+0000] {taskinstance.py:1284} INFO - Starting attempt 1 of 1
[2023-11-10T09:15:20.024+0000] {taskinstance.py:1285} INFO - 
--------------------------------------------------------------------------------
[2023-11-10T09:15:20.051+0000] {taskinstance.py:1304} INFO - Executing <Task(PostgresOperator): create_customers_table> on 2023-11-10 09:15:17.668119+00:00
[2023-11-10T09:15:20.059+0000] {standard_task_runner.py:55} INFO - Started process 1575 to run task
[2023-11-10T09:15:20.062+0000] {standard_task_runner.py:82} INFO - Running: ['***', 'tasks', 'run', 'customers', 'create_customers_table', 'manual__2023-11-10T09:15:17.668119+00:00', '--job-id', '437', '--raw', '--subdir', 'DAGS_FOLDER/customer_1.py', '--cfg-path', '/tmp/tmpt5q59z0r']
[2023-11-10T09:15:20.064+0000] {standard_task_runner.py:83} INFO - Job 437: Subtask create_customers_table
[2023-11-10T09:15:20.148+0000] {task_command.py:389} INFO - Running <TaskInstance: customers.create_customers_table manual__2023-11-10T09:15:17.668119+00:00 [running]> on host e9f864b40c90
[2023-11-10T09:15:20.440+0000] {taskinstance.py:1513} INFO - Exporting the following env vars:
AIRFLOW_CTX_DAG_OWNER=***
AIRFLOW_CTX_DAG_ID=customers
AIRFLOW_CTX_TASK_ID=create_customers_table
AIRFLOW_CTX_EXECUTION_DATE=2023-11-10T09:15:17.668119+00:00
AIRFLOW_CTX_TRY_NUMBER=1
AIRFLOW_CTX_DAG_RUN_ID=manual__2023-11-10T09:15:17.668119+00:00
[2023-11-10T09:15:20.441+0000] {sql.py:253} INFO - Executing: 
        CREATE TABLE IF NOT EXISTS customers (
            Index INT NOT NULL primary key,
            Customer_Id varchar(100),
            First_Name varchar(100),
            Last_Name varchar(100),
            Company varchar(100),
            City varchar(100),
            Country varchar(100),
            Phone_1 varchar(100),
            Phone_2 varchar(100),
            Email varchar(100),
            Subscription Date,
            Website varchar(100)
        );
    
[2023-11-10T09:15:20.453+0000] {base.py:73} INFO - Using connection ID 'postgres' for task execution.
[2023-11-10T09:15:20.781+0000] {base.py:73} INFO - Using connection ID 'postgres' for task execution.
[2023-11-10T09:15:20.786+0000] {sql.py:364} INFO - Running statement: 
        CREATE TABLE IF NOT EXISTS customers (
            Index INT NOT NULL primary key,
            Customer_Id varchar(100),
            First_Name varchar(100),
            Last_Name varchar(100),
            Company varchar(100),
            City varchar(100),
            Country varchar(100),
            Phone_1 varchar(100),
            Phone_2 varchar(100),
            Email varchar(100),
            Subscription Date,
            Website varchar(100)
        );
    , parameters: None
[2023-11-10T09:15:20.799+0000] {taskinstance.py:1327} INFO - Marking task as SUCCESS. dag_id=customers, task_id=create_customers_table, execution_date=20231110T091517, start_date=20231110T091520, end_date=20231110T091520
[2023-11-10T09:15:20.841+0000] {local_task_job.py:159} INFO - Task exited with return code 0
[2023-11-10T09:15:20.880+0000] {taskinstance.py:2582} INFO - 1 downstream tasks scheduled from follow-on schedule check
