[2023-11-13T09:07:39.508+0000] {taskinstance.py:1087} INFO - Dependencies all met for <TaskInstance: people.create_people_table manual__2023-11-13T09:07:36.657101+00:00 [queued]>
[2023-11-13T09:07:39.523+0000] {taskinstance.py:1087} INFO - Dependencies all met for <TaskInstance: people.create_people_table manual__2023-11-13T09:07:36.657101+00:00 [queued]>
[2023-11-13T09:07:39.524+0000] {taskinstance.py:1283} INFO - 
--------------------------------------------------------------------------------
[2023-11-13T09:07:39.525+0000] {taskinstance.py:1284} INFO - Starting attempt 1 of 1
[2023-11-13T09:07:39.525+0000] {taskinstance.py:1285} INFO - 
--------------------------------------------------------------------------------
[2023-11-13T09:07:39.545+0000] {taskinstance.py:1304} INFO - Executing <Task(PostgresOperator): create_people_table> on 2023-11-13 09:07:36.657101+00:00
[2023-11-13T09:07:39.551+0000] {standard_task_runner.py:55} INFO - Started process 1659 to run task
[2023-11-13T09:07:39.554+0000] {standard_task_runner.py:82} INFO - Running: ['***', 'tasks', 'run', 'people', 'create_people_table', 'manual__2023-11-13T09:07:36.657101+00:00', '--job-id', '591', '--raw', '--subdir', 'DAGS_FOLDER/people.py', '--cfg-path', '/tmp/tmpfrhtpew2']
[2023-11-13T09:07:39.556+0000] {standard_task_runner.py:83} INFO - Job 591: Subtask create_people_table
[2023-11-13T09:07:39.630+0000] {task_command.py:389} INFO - Running <TaskInstance: people.create_people_table manual__2023-11-13T09:07:36.657101+00:00 [running]> on host a1532de0db1a
[2023-11-13T09:07:39.901+0000] {taskinstance.py:1513} INFO - Exporting the following env vars:
AIRFLOW_CTX_DAG_OWNER=Tetiana
AIRFLOW_CTX_DAG_ID=people
AIRFLOW_CTX_TASK_ID=create_people_table
AIRFLOW_CTX_EXECUTION_DATE=2023-11-13T09:07:36.657101+00:00
AIRFLOW_CTX_TRY_NUMBER=1
AIRFLOW_CTX_DAG_RUN_ID=manual__2023-11-13T09:07:36.657101+00:00
[2023-11-13T09:07:39.902+0000] {sql.py:253} INFO - Executing: 
        CREATE TABLE IF NOT EXISTS people (
            Index INT NOT NULL primary key,
            User_Id varchar(100),
            First_Name varchar(100),
            Last_Name varchar(100),
            Sex varchar(100),
            Email varchar(100),
            Phone varchar(100),
            Date_of_birth Date,
            Job_title varchar(100)
        );
    
[2023-11-13T09:07:39.914+0000] {base.py:73} INFO - Using connection ID 'postgres' for task execution.
[2023-11-13T09:07:40.204+0000] {base.py:73} INFO - Using connection ID 'postgres' for task execution.
[2023-11-13T09:07:40.209+0000] {sql.py:364} INFO - Running statement: 
        CREATE TABLE IF NOT EXISTS people (
            Index INT NOT NULL primary key,
            User_Id varchar(100),
            First_Name varchar(100),
            Last_Name varchar(100),
            Sex varchar(100),
            Email varchar(100),
            Phone varchar(100),
            Date_of_birth Date,
            Job_title varchar(100)
        );
    , parameters: None
[2023-11-13T09:07:40.251+0000] {taskinstance.py:1327} INFO - Marking task as SUCCESS. dag_id=people, task_id=create_people_table, execution_date=20231113T090736, start_date=20231113T090739, end_date=20231113T090740
[2023-11-13T09:07:40.289+0000] {local_task_job.py:159} INFO - Task exited with return code 0
[2023-11-13T09:07:40.335+0000] {taskinstance.py:2582} INFO - 0 downstream tasks scheduled from follow-on schedule check
