[2023-11-01T19:58:23.237+0000] {taskinstance.py:1165} INFO - Dependencies all met for <TaskInstance: xcom_dag.t3 manual__2023-11-01T19:58:18.100764+00:00 [queued]>
[2023-11-01T19:58:23.252+0000] {taskinstance.py:1165} INFO - Dependencies all met for <TaskInstance: xcom_dag.t3 manual__2023-11-01T19:58:18.100764+00:00 [queued]>
[2023-11-01T19:58:23.253+0000] {taskinstance.py:1362} INFO - 
--------------------------------------------------------------------------------
[2023-11-01T19:58:23.253+0000] {taskinstance.py:1363} INFO - Starting attempt 1 of 1
[2023-11-01T19:58:23.255+0000] {taskinstance.py:1364} INFO - 
--------------------------------------------------------------------------------
[2023-11-01T19:58:23.287+0000] {taskinstance.py:1383} INFO - Executing <Task(BashOperator): t3> on 2023-11-01 19:58:18.100764+00:00
[2023-11-01T19:58:23.293+0000] {standard_task_runner.py:55} INFO - Started process 1655 to run task
[2023-11-01T19:58:23.296+0000] {standard_task_runner.py:82} INFO - Running: ['***', 'tasks', 'run', 'xcom_dag', 't3', 'manual__2023-11-01T19:58:18.100764+00:00', '--job-id', '22', '--raw', '--subdir', 'DAGS_FOLDER/xcom_dag.py', '--cfg-path', '/tmp/tmptpwexd3y']
[2023-11-01T19:58:23.297+0000] {standard_task_runner.py:83} INFO - Job 22: Subtask t3
[2023-11-01T19:58:23.375+0000] {task_command.py:376} INFO - Running <TaskInstance: xcom_dag.t3 manual__2023-11-01T19:58:18.100764+00:00 [running]> on host 3779655fe886
[2023-11-01T19:58:23.498+0000] {taskinstance.py:1592} INFO - Exporting the following env vars:
AIRFLOW_CTX_DAG_OWNER=***
AIRFLOW_CTX_DAG_ID=xcom_dag
AIRFLOW_CTX_TASK_ID=t3
AIRFLOW_CTX_EXECUTION_DATE=2023-11-01T19:58:18.100764+00:00
AIRFLOW_CTX_TRY_NUMBER=1
AIRFLOW_CTX_DAG_RUN_ID=manual__2023-11-01T19:58:18.100764+00:00
[2023-11-01T19:58:23.500+0000] {subprocess.py:63} INFO - Tmp dir root location: 
 /tmp
[2023-11-01T19:58:23.501+0000] {subprocess.py:75} INFO - Running command: ['/bin/bash', '-c', "echo ''"]
[2023-11-01T19:58:23.512+0000] {subprocess.py:86} INFO - Output:
[2023-11-01T19:58:23.514+0000] {subprocess.py:93} INFO - 
[2023-11-01T19:58:23.515+0000] {subprocess.py:97} INFO - Command exited with return code 0
[2023-11-01T19:58:23.545+0000] {taskinstance.py:1406} INFO - Marking task as SUCCESS. dag_id=xcom_dag, task_id=t3, execution_date=20231101T195818, start_date=20231101T195823, end_date=20231101T195823
[2023-11-01T19:58:23.590+0000] {local_task_job.py:164} INFO - Task exited with return code 0
[2023-11-01T19:58:23.615+0000] {local_task_job.py:273} INFO - 0 downstream tasks scheduled from follow-on schedule check
