[2023-11-03T18:50:51.359+0000] {taskinstance.py:1165} INFO - Dependencies all met for <TaskInstance: people.create_people_table manual__2023-11-03T18:50:49.295514+00:00 [queued]>
[2023-11-03T18:50:51.373+0000] {taskinstance.py:1165} INFO - Dependencies all met for <TaskInstance: people.create_people_table manual__2023-11-03T18:50:49.295514+00:00 [queued]>
[2023-11-03T18:50:51.374+0000] {taskinstance.py:1362} INFO - 
--------------------------------------------------------------------------------
[2023-11-03T18:50:51.374+0000] {taskinstance.py:1363} INFO - Starting attempt 1 of 1
[2023-11-03T18:50:51.375+0000] {taskinstance.py:1364} INFO - 
--------------------------------------------------------------------------------
[2023-11-03T18:50:51.394+0000] {taskinstance.py:1383} INFO - Executing <Task(PostgresOperator): create_people_table> on 2023-11-03 18:50:49.295514+00:00
[2023-11-03T18:50:51.401+0000] {standard_task_runner.py:55} INFO - Started process 2318 to run task
[2023-11-03T18:50:51.404+0000] {standard_task_runner.py:82} INFO - Running: ['***', 'tasks', 'run', 'people', 'create_people_table', 'manual__2023-11-03T18:50:49.295514+00:00', '--job-id', '132', '--raw', '--subdir', 'DAGS_FOLDER/people.py', '--cfg-path', '/tmp/tmpbv41y2_d']
[2023-11-03T18:50:51.405+0000] {standard_task_runner.py:83} INFO - Job 132: Subtask create_people_table
[2023-11-03T18:50:51.474+0000] {task_command.py:376} INFO - Running <TaskInstance: people.create_people_table manual__2023-11-03T18:50:49.295514+00:00 [running]> on host 6b65bc8eaea5
[2023-11-03T18:50:51.556+0000] {taskinstance.py:1592} INFO - Exporting the following env vars:
AIRFLOW_CTX_DAG_OWNER=***
AIRFLOW_CTX_DAG_ID=people
AIRFLOW_CTX_TASK_ID=create_people_table
AIRFLOW_CTX_EXECUTION_DATE=2023-11-03T18:50:49.295514+00:00
AIRFLOW_CTX_TRY_NUMBER=1
AIRFLOW_CTX_DAG_RUN_ID=manual__2023-11-03T18:50:49.295514+00:00
[2023-11-03T18:50:51.567+0000] {base.py:71} INFO - Using connection ID 'postgres_people' for task execution.
[2023-11-03T18:50:51.571+0000] {sql.py:315} INFO - Running statement: 
        CREATE TABLE IF NOT EXISTS people (
            Index INT NOT NULL primary key,
            User_Id varchar(100),
            First_Name varchar(100)
            
        );
    , parameters: None
[2023-11-03T18:50:51.573+0000] {postgres.py:96} INFO - NOTICE:  relation "people" already exists, skipping

[2023-11-03T18:50:51.583+0000] {taskinstance.py:1406} INFO - Marking task as SUCCESS. dag_id=people, task_id=create_people_table, execution_date=20231103T185049, start_date=20231103T185051, end_date=20231103T185051
[2023-11-03T18:50:51.617+0000] {local_task_job.py:164} INFO - Task exited with return code 0
[2023-11-03T18:50:51.647+0000] {local_task_job.py:273} INFO - 1 downstream tasks scheduled from follow-on schedule check
