[2023-11-07T13:38:22.204+0000] {taskinstance.py:1165} INFO - Dependencies all met for <TaskInstance: people.create_people_table scheduled__2023-11-06T00:00:00+00:00 [queued]>
[2023-11-07T13:38:22.227+0000] {taskinstance.py:1165} INFO - Dependencies all met for <TaskInstance: people.create_people_table scheduled__2023-11-06T00:00:00+00:00 [queued]>
[2023-11-07T13:38:22.227+0000] {taskinstance.py:1362} INFO - 
--------------------------------------------------------------------------------
[2023-11-07T13:38:22.228+0000] {taskinstance.py:1363} INFO - Starting attempt 1 of 1
[2023-11-07T13:38:22.229+0000] {taskinstance.py:1364} INFO - 
--------------------------------------------------------------------------------
[2023-11-07T13:38:22.260+0000] {taskinstance.py:1383} INFO - Executing <Task(PostgresOperator): create_people_table> on 2023-11-06 00:00:00+00:00
[2023-11-07T13:38:22.271+0000] {standard_task_runner.py:55} INFO - Started process 10370 to run task
[2023-11-07T13:38:22.274+0000] {standard_task_runner.py:82} INFO - Running: ['***', 'tasks', 'run', 'people', 'create_people_table', 'scheduled__2023-11-06T00:00:00+00:00', '--job-id', '515', '--raw', '--subdir', 'DAGS_FOLDER/people.py', '--cfg-path', '/tmp/tmpisjridf_']
[2023-11-07T13:38:22.276+0000] {standard_task_runner.py:83} INFO - Job 515: Subtask create_people_table
[2023-11-07T13:38:22.392+0000] {task_command.py:376} INFO - Running <TaskInstance: people.create_people_table scheduled__2023-11-06T00:00:00+00:00 [running]> on host 7cf1ce11ad7e
[2023-11-07T13:38:23.808+0000] {taskinstance.py:1592} INFO - Exporting the following env vars:
AIRFLOW_CTX_DAG_OWNER=***
AIRFLOW_CTX_DAG_ID=people
AIRFLOW_CTX_TASK_ID=create_people_table
AIRFLOW_CTX_EXECUTION_DATE=2023-11-06T00:00:00+00:00
AIRFLOW_CTX_TRY_NUMBER=1
AIRFLOW_CTX_DAG_RUN_ID=scheduled__2023-11-06T00:00:00+00:00
[2023-11-07T13:38:23.820+0000] {base.py:71} INFO - Using connection ID 'postgres' for task execution.
[2023-11-07T13:38:23.823+0000] {sql.py:315} INFO - Running statement: 
        CREATE TABLE IF NOT EXISTS people (
            Index INT NOT NULL primary key,
            User_Id varchar(100),
            First_Name varchar(100),
            Last_Name varchar(100),
            Sex varchar(100),
            Email varchar(100),
            Phone varchar(100),
            Date_of_birth Date,
            Job_title varchar(100)
        );
    , parameters: None
[2023-11-07T13:38:23.825+0000] {postgres.py:96} INFO - NOTICE:  relation "people" already exists, skipping

[2023-11-07T13:38:23.838+0000] {taskinstance.py:1406} INFO - Marking task as SUCCESS. dag_id=people, task_id=create_people_table, execution_date=20231106T000000, start_date=20231107T133822, end_date=20231107T133823
[2023-11-07T13:38:23.894+0000] {local_task_job.py:164} INFO - Task exited with return code 0
[2023-11-07T13:38:23.934+0000] {local_task_job.py:273} INFO - 1 downstream tasks scheduled from follow-on schedule check
[2023-11-07T13:38:52.601+0000] {taskinstance.py:1165} INFO - Dependencies all met for <TaskInstance: people.create_people_table scheduled__2023-11-06T00:00:00+00:00 [queued]>
[2023-11-07T13:38:52.664+0000] {taskinstance.py:1165} INFO - Dependencies all met for <TaskInstance: people.create_people_table scheduled__2023-11-06T00:00:00+00:00 [queued]>
[2023-11-07T13:38:52.669+0000] {taskinstance.py:1362} INFO - 
--------------------------------------------------------------------------------
[2023-11-07T13:38:52.670+0000] {taskinstance.py:1363} INFO - Starting attempt 1 of 1
[2023-11-07T13:38:52.671+0000] {taskinstance.py:1364} INFO - 
--------------------------------------------------------------------------------
[2023-11-07T13:38:52.711+0000] {taskinstance.py:1383} INFO - Executing <Task(PostgresOperator): create_people_table> on 2023-11-06 00:00:00+00:00
[2023-11-07T13:38:52.723+0000] {standard_task_runner.py:55} INFO - Started process 10405 to run task
[2023-11-07T13:38:52.731+0000] {standard_task_runner.py:82} INFO - Running: ['***', 'tasks', 'run', 'people', 'create_people_table', 'scheduled__2023-11-06T00:00:00+00:00', '--job-id', '521', '--raw', '--subdir', 'DAGS_FOLDER/people.py', '--cfg-path', '/tmp/tmpe1_x4iye']
[2023-11-07T13:38:52.738+0000] {standard_task_runner.py:83} INFO - Job 521: Subtask create_people_table
[2023-11-07T13:38:52.923+0000] {task_command.py:376} INFO - Running <TaskInstance: people.create_people_table scheduled__2023-11-06T00:00:00+00:00 [running]> on host 7cf1ce11ad7e
[2023-11-07T13:38:53.319+0000] {taskinstance.py:1592} INFO - Exporting the following env vars:
AIRFLOW_CTX_DAG_OWNER=***
AIRFLOW_CTX_DAG_ID=people
AIRFLOW_CTX_TASK_ID=create_people_table
AIRFLOW_CTX_EXECUTION_DATE=2023-11-06T00:00:00+00:00
AIRFLOW_CTX_TRY_NUMBER=1
AIRFLOW_CTX_DAG_RUN_ID=scheduled__2023-11-06T00:00:00+00:00
[2023-11-07T13:38:53.330+0000] {base.py:71} INFO - Using connection ID 'postgres' for task execution.
[2023-11-07T13:38:53.342+0000] {sql.py:315} INFO - Running statement: 
        CREATE TABLE IF NOT EXISTS people (
            Index INT NOT NULL primary key,
            User_Id varchar(100),
            First_Name varchar(100),
            Last_Name varchar(100),
            Sex varchar(100),
            Email varchar(100),
            Phone varchar(100),
            Date_of_birth Date,
            Job_title varchar(100)
        );
    , parameters: None
[2023-11-07T13:38:53.344+0000] {postgres.py:96} INFO - NOTICE:  relation "people" already exists, skipping

[2023-11-07T13:38:53.359+0000] {taskinstance.py:1406} INFO - Marking task as SUCCESS. dag_id=people, task_id=create_people_table, execution_date=20231106T000000, start_date=20231107T133852, end_date=20231107T133853
[2023-11-07T13:38:53.406+0000] {local_task_job.py:164} INFO - Task exited with return code 0
[2023-11-07T13:38:53.448+0000] {local_task_job.py:273} INFO - 1 downstream tasks scheduled from follow-on schedule check
