[2023-11-03T15:38:35.002+0000] {taskinstance.py:1165} INFO - Dependencies all met for <TaskInstance: people.read_people manual__2023-11-03T15:38:31.004104+00:00 [queued]>
[2023-11-03T15:38:35.017+0000] {taskinstance.py:1165} INFO - Dependencies all met for <TaskInstance: people.read_people manual__2023-11-03T15:38:31.004104+00:00 [queued]>
[2023-11-03T15:38:35.017+0000] {taskinstance.py:1362} INFO - 
--------------------------------------------------------------------------------
[2023-11-03T15:38:35.018+0000] {taskinstance.py:1363} INFO - Starting attempt 1 of 1
[2023-11-03T15:38:35.019+0000] {taskinstance.py:1364} INFO - 
--------------------------------------------------------------------------------
[2023-11-03T15:38:35.036+0000] {taskinstance.py:1383} INFO - Executing <Task(PythonOperator): read_people> on 2023-11-03 15:38:31.004104+00:00
[2023-11-03T15:38:35.042+0000] {standard_task_runner.py:55} INFO - Started process 1215 to run task
[2023-11-03T15:38:35.045+0000] {standard_task_runner.py:82} INFO - Running: ['***', 'tasks', 'run', 'people', 'read_people', 'manual__2023-11-03T15:38:31.004104+00:00', '--job-id', '69', '--raw', '--subdir', 'DAGS_FOLDER/people.py', '--cfg-path', '/tmp/tmp_w3n8ync']
[2023-11-03T15:38:35.047+0000] {standard_task_runner.py:83} INFO - Job 69: Subtask read_people
[2023-11-03T15:38:35.112+0000] {task_command.py:376} INFO - Running <TaskInstance: people.read_people manual__2023-11-03T15:38:31.004104+00:00 [running]> on host 113d79be32ee
[2023-11-03T15:38:35.203+0000] {taskinstance.py:1592} INFO - Exporting the following env vars:
AIRFLOW_CTX_DAG_OWNER=***
AIRFLOW_CTX_DAG_ID=people
AIRFLOW_CTX_TASK_ID=read_people
AIRFLOW_CTX_EXECUTION_DATE=2023-11-03T15:38:31.004104+00:00
AIRFLOW_CTX_TRY_NUMBER=1
AIRFLOW_CTX_DAG_RUN_ID=manual__2023-11-03T15:38:31.004104+00:00
[2023-11-03T15:38:35.207+0000] {taskinstance.py:1851} ERROR - Task failed with exception
Traceback (most recent call last):
  File "/home/airflow/.local/lib/python3.7/site-packages/airflow/operators/python.py", line 175, in execute
    return_value = self.execute_callable()
  File "/home/airflow/.local/lib/python3.7/site-packages/airflow/operators/python.py", line 193, in execute_callable
    return self.python_callable(*self.op_args, **self.op_kwargs)
  File "/opt/airflow/dags/people.py", line 13, in _read_people
    reader_obj = csv.reader(file_obj,  ",")
_csv.Error: unknown dialect
[2023-11-03T15:38:35.220+0000] {taskinstance.py:1406} INFO - Marking task as FAILED. dag_id=people, task_id=read_people, execution_date=20231103T153831, start_date=20231103T153835, end_date=20231103T153835
[2023-11-03T15:38:35.234+0000] {standard_task_runner.py:105} ERROR - Failed to execute job 69 for task read_people (unknown dialect; 1215)
[2023-11-03T15:38:35.257+0000] {local_task_job.py:164} INFO - Task exited with return code 1
[2023-11-03T15:38:35.282+0000] {local_task_job.py:273} INFO - 0 downstream tasks scheduled from follow-on schedule check
