[2023-11-13T12:07:11.281+0000] {taskinstance.py:1087} INFO - Dependencies all met for <TaskInstance: people.save_people_to_excel manual__2023-11-13T12:06:57.970846+00:00 [queued]>
[2023-11-13T12:07:11.340+0000] {taskinstance.py:1087} INFO - Dependencies all met for <TaskInstance: people.save_people_to_excel manual__2023-11-13T12:06:57.970846+00:00 [queued]>
[2023-11-13T12:07:11.341+0000] {taskinstance.py:1283} INFO - 
--------------------------------------------------------------------------------
[2023-11-13T12:07:11.344+0000] {taskinstance.py:1284} INFO - Starting attempt 1 of 1
[2023-11-13T12:07:11.345+0000] {taskinstance.py:1285} INFO - 
--------------------------------------------------------------------------------
[2023-11-13T12:07:11.378+0000] {taskinstance.py:1304} INFO - Executing <Task(PythonOperator): save_people_to_excel> on 2023-11-13 12:06:57.970846+00:00
[2023-11-13T12:07:11.386+0000] {standard_task_runner.py:55} INFO - Started process 9360 to run task
[2023-11-13T12:07:11.392+0000] {standard_task_runner.py:82} INFO - Running: ['***', 'tasks', 'run', 'people', 'save_people_to_excel', 'manual__2023-11-13T12:06:57.970846+00:00', '--job-id', '646', '--raw', '--subdir', 'DAGS_FOLDER/people.py', '--cfg-path', '/tmp/tmp8jrrz7yd']
[2023-11-13T12:07:11.396+0000] {standard_task_runner.py:83} INFO - Job 646: Subtask save_people_to_excel
[2023-11-13T12:07:11.519+0000] {task_command.py:389} INFO - Running <TaskInstance: people.save_people_to_excel manual__2023-11-13T12:06:57.970846+00:00 [running]> on host 06d7566f07d2
[2023-11-13T12:07:12.061+0000] {taskinstance.py:1513} INFO - Exporting the following env vars:
AIRFLOW_CTX_DAG_OWNER=Tetiana
AIRFLOW_CTX_DAG_ID=people
AIRFLOW_CTX_TASK_ID=save_people_to_excel
AIRFLOW_CTX_EXECUTION_DATE=2023-11-13T12:06:57.970846+00:00
AIRFLOW_CTX_TRY_NUMBER=1
AIRFLOW_CTX_DAG_RUN_ID=manual__2023-11-13T12:06:57.970846+00:00
[2023-11-13T12:07:12.191+0000] {base.py:73} INFO - Using connection ID 'postgres' for task execution.
[2023-11-13T12:07:12.379+0000] {python.py:177} INFO - Done. Returned value was: None
[2023-11-13T12:07:12.414+0000] {taskinstance.py:1327} INFO - Marking task as SUCCESS. dag_id=people, task_id=save_people_to_excel, execution_date=20231113T120657, start_date=20231113T120711, end_date=20231113T120712
[2023-11-13T12:07:12.470+0000] {local_task_job.py:159} INFO - Task exited with return code 0
[2023-11-13T12:07:12.511+0000] {taskinstance.py:2582} INFO - 0 downstream tasks scheduled from follow-on schedule check
