[2023-11-10T11:35:00.164+0000] {taskinstance.py:1087} INFO - Dependencies all met for <TaskInstance: union_tables.union_table manual__2023-11-10T11:34:56.585005+00:00 [queued]>
[2023-11-10T11:35:00.179+0000] {taskinstance.py:1087} INFO - Dependencies all met for <TaskInstance: union_tables.union_table manual__2023-11-10T11:34:56.585005+00:00 [queued]>
[2023-11-10T11:35:00.180+0000] {taskinstance.py:1283} INFO - 
--------------------------------------------------------------------------------
[2023-11-10T11:35:00.182+0000] {taskinstance.py:1284} INFO - Starting attempt 1 of 1
[2023-11-10T11:35:00.183+0000] {taskinstance.py:1285} INFO - 
--------------------------------------------------------------------------------
[2023-11-10T11:35:00.212+0000] {taskinstance.py:1304} INFO - Executing <Task(PostgresOperator): union_table> on 2023-11-10 11:34:56.585005+00:00
[2023-11-10T11:35:00.222+0000] {standard_task_runner.py:55} INFO - Started process 134 to run task
[2023-11-10T11:35:00.226+0000] {standard_task_runner.py:82} INFO - Running: ['***', 'tasks', 'run', 'union_tables', 'union_table', 'manual__2023-11-10T11:34:56.585005+00:00', '--job-id', '498', '--raw', '--subdir', 'DAGS_FOLDER/union.py', '--cfg-path', '/tmp/tmpnir18l_7']
[2023-11-10T11:35:00.229+0000] {standard_task_runner.py:83} INFO - Job 498: Subtask union_table
[2023-11-10T11:35:00.469+0000] {task_command.py:389} INFO - Running <TaskInstance: union_tables.union_table manual__2023-11-10T11:34:56.585005+00:00 [running]> on host ae05fe974d8d
[2023-11-10T11:35:00.629+0000] {taskinstance.py:1513} INFO - Exporting the following env vars:
AIRFLOW_CTX_DAG_OWNER=Tetiana
AIRFLOW_CTX_DAG_ID=union_tables
AIRFLOW_CTX_TASK_ID=union_table
AIRFLOW_CTX_EXECUTION_DATE=2023-11-10T11:34:56.585005+00:00
AIRFLOW_CTX_TRY_NUMBER=1
AIRFLOW_CTX_DAG_RUN_ID=manual__2023-11-10T11:34:56.585005+00:00
[2023-11-10T11:35:00.631+0000] {sql.py:253} INFO - Executing: 
    INSERT INTO merged_table
    SELECT *
    FROM customers
    INNER JOIN people ON customers.customer_id = people.user_id;
    
[2023-11-10T11:35:00.650+0000] {base.py:73} INFO - Using connection ID 'postgres' for task execution.
[2023-11-10T11:35:01.055+0000] {base.py:73} INFO - Using connection ID 'postgres' for task execution.
[2023-11-10T11:35:01.085+0000] {sql.py:364} INFO - Running statement: 
    INSERT INTO merged_table
    SELECT *
    FROM customers
    INNER JOIN people ON customers.customer_id = people.user_id;
    , parameters: None
[2023-11-10T11:35:01.086+0000] {taskinstance.py:1772} ERROR - Task failed with exception
Traceback (most recent call last):
  File "/home/airflow/.local/lib/python3.7/site-packages/airflow/providers/common/sql/operators/sql.py", line 261, in execute
    return_last=self.return_last,
  File "/home/airflow/.local/lib/python3.7/site-packages/airflow/providers/common/sql/hooks/sql.py", line 338, in run
    self._run_command(cur, sql_statement, parameters)
  File "/home/airflow/.local/lib/python3.7/site-packages/airflow/providers/common/sql/hooks/sql.py", line 369, in _run_command
    cur.execute(sql_statement)
psycopg2.errors.UndefinedTable: relation "merged_table" does not exist
LINE 2:     INSERT INTO merged_table
                        ^

[2023-11-10T11:35:01.106+0000] {taskinstance.py:1327} INFO - Marking task as FAILED. dag_id=union_tables, task_id=union_table, execution_date=20231110T113456, start_date=20231110T113500, end_date=20231110T113501
[2023-11-10T11:35:01.139+0000] {standard_task_runner.py:105} ERROR - Failed to execute job 498 for task union_table (relation "merged_table" does not exist
LINE 2:     INSERT INTO merged_table
                        ^
; 134)
[2023-11-10T11:35:01.172+0000] {local_task_job.py:159} INFO - Task exited with return code 1
[2023-11-10T11:35:01.198+0000] {taskinstance.py:2582} INFO - 0 downstream tasks scheduled from follow-on schedule check
