[2023-11-04T20:04:18.605+0000] {taskinstance.py:1165} INFO - Dependencies all met for <TaskInstance: people.read_people manual__2023-11-04T20:04:13.975814+00:00 [queued]>
[2023-11-04T20:04:18.621+0000] {taskinstance.py:1165} INFO - Dependencies all met for <TaskInstance: people.read_people manual__2023-11-04T20:04:13.975814+00:00 [queued]>
[2023-11-04T20:04:18.621+0000] {taskinstance.py:1362} INFO - 
--------------------------------------------------------------------------------
[2023-11-04T20:04:18.622+0000] {taskinstance.py:1363} INFO - Starting attempt 1 of 1
[2023-11-04T20:04:18.622+0000] {taskinstance.py:1364} INFO - 
--------------------------------------------------------------------------------
[2023-11-04T20:04:18.640+0000] {taskinstance.py:1383} INFO - Executing <Task(PythonOperator): read_people> on 2023-11-04 20:04:13.975814+00:00
[2023-11-04T20:04:18.647+0000] {standard_task_runner.py:55} INFO - Started process 1632 to run task
[2023-11-04T20:04:18.650+0000] {standard_task_runner.py:82} INFO - Running: ['***', 'tasks', 'run', 'people', 'read_people', 'manual__2023-11-04T20:04:13.975814+00:00', '--job-id', '177', '--raw', '--subdir', 'DAGS_FOLDER/people.py', '--cfg-path', '/tmp/tmpdcsg229o']
[2023-11-04T20:04:18.652+0000] {standard_task_runner.py:83} INFO - Job 177: Subtask read_people
[2023-11-04T20:04:18.718+0000] {task_command.py:376} INFO - Running <TaskInstance: people.read_people manual__2023-11-04T20:04:13.975814+00:00 [running]> on host 0ef3ea835a0e
[2023-11-04T20:04:18.802+0000] {taskinstance.py:1592} INFO - Exporting the following env vars:
AIRFLOW_CTX_DAG_OWNER=***
AIRFLOW_CTX_DAG_ID=people
AIRFLOW_CTX_TASK_ID=read_people
AIRFLOW_CTX_EXECUTION_DATE=2023-11-04T20:04:13.975814+00:00
AIRFLOW_CTX_TRY_NUMBER=1
AIRFLOW_CTX_DAG_RUN_ID=manual__2023-11-04T20:04:13.975814+00:00
[2023-11-04T20:04:18.820+0000] {taskinstance.py:1851} ERROR - Task failed with exception
Traceback (most recent call last):
  File "/home/airflow/.local/lib/python3.7/site-packages/airflow/operators/python.py", line 175, in execute
    return_value = self.execute_callable()
  File "/home/airflow/.local/lib/python3.7/site-packages/airflow/operators/python.py", line 193, in execute_callable
    return self.python_callable(*self.op_args, **self.op_kwargs)
  File "/opt/airflow/dags/people.py", line 33, in _read_people
    ''', row)
TypeError: list indices must be integers or slices, not str
[2023-11-04T20:04:18.834+0000] {taskinstance.py:1406} INFO - Marking task as FAILED. dag_id=people, task_id=read_people, execution_date=20231104T200413, start_date=20231104T200418, end_date=20231104T200418
[2023-11-04T20:04:18.849+0000] {standard_task_runner.py:105} ERROR - Failed to execute job 177 for task read_people (list indices must be integers or slices, not str; 1632)
[2023-11-04T20:04:18.862+0000] {local_task_job.py:164} INFO - Task exited with return code 1
[2023-11-04T20:04:18.883+0000] {local_task_job.py:273} INFO - 0 downstream tasks scheduled from follow-on schedule check
