[2023-11-04T20:08:51.757+0000] {taskinstance.py:1165} INFO - Dependencies all met for <TaskInstance: people.create_people_table manual__2023-11-04T20:08:48.998713+00:00 [queued]>
[2023-11-04T20:08:51.791+0000] {taskinstance.py:1165} INFO - Dependencies all met for <TaskInstance: people.create_people_table manual__2023-11-04T20:08:48.998713+00:00 [queued]>
[2023-11-04T20:08:51.799+0000] {taskinstance.py:1362} INFO - 
--------------------------------------------------------------------------------
[2023-11-04T20:08:51.806+0000] {taskinstance.py:1363} INFO - Starting attempt 1 of 1
[2023-11-04T20:08:51.809+0000] {taskinstance.py:1364} INFO - 
--------------------------------------------------------------------------------
[2023-11-04T20:08:51.879+0000] {taskinstance.py:1383} INFO - Executing <Task(PostgresOperator): create_people_table> on 2023-11-04 20:08:48.998713+00:00
[2023-11-04T20:08:51.903+0000] {standard_task_runner.py:55} INFO - Started process 1845 to run task
[2023-11-04T20:08:51.907+0000] {standard_task_runner.py:82} INFO - Running: ['***', 'tasks', 'run', 'people', 'create_people_table', 'manual__2023-11-04T20:08:48.998713+00:00', '--job-id', '182', '--raw', '--subdir', 'DAGS_FOLDER/people.py', '--cfg-path', '/tmp/tmpq5_u4qsy']
[2023-11-04T20:08:51.919+0000] {standard_task_runner.py:83} INFO - Job 182: Subtask create_people_table
[2023-11-04T20:08:52.145+0000] {task_command.py:376} INFO - Running <TaskInstance: people.create_people_table manual__2023-11-04T20:08:48.998713+00:00 [running]> on host 0ef3ea835a0e
[2023-11-04T20:08:52.380+0000] {taskinstance.py:1592} INFO - Exporting the following env vars:
AIRFLOW_CTX_DAG_OWNER=***
AIRFLOW_CTX_DAG_ID=people
AIRFLOW_CTX_TASK_ID=create_people_table
AIRFLOW_CTX_EXECUTION_DATE=2023-11-04T20:08:48.998713+00:00
AIRFLOW_CTX_TRY_NUMBER=1
AIRFLOW_CTX_DAG_RUN_ID=manual__2023-11-04T20:08:48.998713+00:00
[2023-11-04T20:08:52.409+0000] {base.py:71} INFO - Using connection ID 'postgres' for task execution.
[2023-11-04T20:08:52.419+0000] {sql.py:315} INFO - Running statement: 
        CREATE TABLE IF NOT EXISTS people (
            Index INT NOT NULL primary key,
            User_Id varchar(100),
            First_Name varchar(100),
            Last_Name varchar(100),
            Sex varchar(100),
            Email varchar(100),
            Phone varchar(100),
            Date_of_birth Date,
            Job_title varchar(100)
        );
    , parameters: None
[2023-11-04T20:08:52.422+0000] {postgres.py:96} INFO - NOTICE:  relation "people" already exists, skipping

[2023-11-04T20:08:52.444+0000] {taskinstance.py:1406} INFO - Marking task as SUCCESS. dag_id=people, task_id=create_people_table, execution_date=20231104T200848, start_date=20231104T200851, end_date=20231104T200852
[2023-11-04T20:08:52.513+0000] {local_task_job.py:164} INFO - Task exited with return code 0
[2023-11-04T20:08:52.600+0000] {local_task_job.py:273} INFO - 1 downstream tasks scheduled from follow-on schedule check
