[2023-11-13T12:10:43.863+0000] {taskinstance.py:1087} INFO - Dependencies all met for <TaskInstance: merge_table.save_customers_to_excel manual__2023-11-13T12:10:34.815423+00:00 [queued]>
[2023-11-13T12:10:43.894+0000] {taskinstance.py:1087} INFO - Dependencies all met for <TaskInstance: merge_table.save_customers_to_excel manual__2023-11-13T12:10:34.815423+00:00 [queued]>
[2023-11-13T12:10:43.895+0000] {taskinstance.py:1283} INFO - 
--------------------------------------------------------------------------------
[2023-11-13T12:10:43.900+0000] {taskinstance.py:1284} INFO - Starting attempt 1 of 1
[2023-11-13T12:10:43.901+0000] {taskinstance.py:1285} INFO - 
--------------------------------------------------------------------------------
[2023-11-13T12:10:43.941+0000] {taskinstance.py:1304} INFO - Executing <Task(PythonOperator): save_customers_to_excel> on 2023-11-13 12:10:34.815423+00:00
[2023-11-13T12:10:43.958+0000] {standard_task_runner.py:55} INFO - Started process 9550 to run task
[2023-11-13T12:10:43.956+0000] {standard_task_runner.py:82} INFO - Running: ['***', 'tasks', 'run', 'merge_table', 'save_customers_to_excel', 'manual__2023-11-13T12:10:34.815423+00:00', '--job-id', '648', '--raw', '--subdir', 'DAGS_FOLDER/merge.py', '--cfg-path', '/tmp/tmpfp0fxaue']
[2023-11-13T12:10:43.963+0000] {standard_task_runner.py:83} INFO - Job 648: Subtask save_customers_to_excel
[2023-11-13T12:10:44.138+0000] {task_command.py:389} INFO - Running <TaskInstance: merge_table.save_customers_to_excel manual__2023-11-13T12:10:34.815423+00:00 [running]> on host 06d7566f07d2
[2023-11-13T12:10:44.516+0000] {taskinstance.py:1513} INFO - Exporting the following env vars:
AIRFLOW_CTX_DAG_OWNER=***
AIRFLOW_CTX_DAG_ID=merge_table
AIRFLOW_CTX_TASK_ID=save_customers_to_excel
AIRFLOW_CTX_EXECUTION_DATE=2023-11-13T12:10:34.815423+00:00
AIRFLOW_CTX_TRY_NUMBER=1
AIRFLOW_CTX_DAG_RUN_ID=manual__2023-11-13T12:10:34.815423+00:00
[2023-11-13T12:10:44.592+0000] {base.py:73} INFO - Using connection ID 'postgres' for task execution.
[2023-11-13T12:10:44.672+0000] {python.py:177} INFO - Done. Returned value was: None
[2023-11-13T12:10:44.734+0000] {taskinstance.py:1327} INFO - Marking task as SUCCESS. dag_id=merge_table, task_id=save_customers_to_excel, execution_date=20231113T121034, start_date=20231113T121043, end_date=20231113T121044
[2023-11-13T12:10:44.829+0000] {local_task_job.py:159} INFO - Task exited with return code 0
[2023-11-13T12:10:44.870+0000] {taskinstance.py:2582} INFO - 0 downstream tasks scheduled from follow-on schedule check
