[2023-11-10T08:57:46.408+0000] {taskinstance.py:1087} INFO - Dependencies all met for <TaskInstance: customers.create_customers_table manual__2023-11-10T08:57:44.434575+00:00 [queued]>
[2023-11-10T08:57:46.423+0000] {taskinstance.py:1087} INFO - Dependencies all met for <TaskInstance: customers.create_customers_table manual__2023-11-10T08:57:44.434575+00:00 [queued]>
[2023-11-10T08:57:46.424+0000] {taskinstance.py:1283} INFO - 
--------------------------------------------------------------------------------
[2023-11-10T08:57:46.426+0000] {taskinstance.py:1284} INFO - Starting attempt 1 of 1
[2023-11-10T08:57:46.426+0000] {taskinstance.py:1285} INFO - 
--------------------------------------------------------------------------------
[2023-11-10T08:57:46.460+0000] {taskinstance.py:1304} INFO - Executing <Task(PostgresOperator): create_customers_table> on 2023-11-10 08:57:44.434575+00:00
[2023-11-10T08:57:46.470+0000] {standard_task_runner.py:55} INFO - Started process 516 to run task
[2023-11-10T08:57:46.476+0000] {standard_task_runner.py:82} INFO - Running: ['***', 'tasks', 'run', 'customers', 'create_customers_table', 'manual__2023-11-10T08:57:44.434575+00:00', '--job-id', '411', '--raw', '--subdir', 'DAGS_FOLDER/customers_.py', '--cfg-path', '/tmp/tmpv541kqjs']
[2023-11-10T08:57:46.478+0000] {standard_task_runner.py:83} INFO - Job 411: Subtask create_customers_table
[2023-11-10T08:57:46.650+0000] {task_command.py:389} INFO - Running <TaskInstance: customers.create_customers_table manual__2023-11-10T08:57:44.434575+00:00 [running]> on host e9f864b40c90
[2023-11-10T08:57:46.973+0000] {taskinstance.py:1513} INFO - Exporting the following env vars:
AIRFLOW_CTX_DAG_OWNER=Tetiana
AIRFLOW_CTX_DAG_ID=customers
AIRFLOW_CTX_TASK_ID=create_customers_table
AIRFLOW_CTX_EXECUTION_DATE=2023-11-10T08:57:44.434575+00:00
AIRFLOW_CTX_TRY_NUMBER=1
AIRFLOW_CTX_DAG_RUN_ID=manual__2023-11-10T08:57:44.434575+00:00
[2023-11-10T08:57:46.974+0000] {sql.py:253} INFO - Executing: 
        CREATE TABLE IF NOT EXISTS customers (
            Index INT NOT NULL primary key,
            Customer_Id varchar(100),
            First_Name varchar(100),
            Last_Name varchar(100),
            Company varchar(100),
            City varchar(100),
            Country varchar(100),
            Phone_1 varchar(100),
            Email varchar(100),
            Subscription Date,
            Website varchar(100)
        );
    
[2023-11-10T08:57:46.991+0000] {base.py:73} INFO - Using connection ID 'postgres' for task execution.
[2023-11-10T08:57:47.288+0000] {base.py:73} INFO - Using connection ID 'postgres' for task execution.
[2023-11-10T08:57:47.294+0000] {sql.py:364} INFO - Running statement: 
        CREATE TABLE IF NOT EXISTS customers (
            Index INT NOT NULL primary key,
            Customer_Id varchar(100),
            First_Name varchar(100),
            Last_Name varchar(100),
            Company varchar(100),
            City varchar(100),
            Country varchar(100),
            Phone_1 varchar(100),
            Email varchar(100),
            Subscription Date,
            Website varchar(100)
        );
    , parameters: None
[2023-11-10T08:57:47.306+0000] {taskinstance.py:1327} INFO - Marking task as SUCCESS. dag_id=customers, task_id=create_customers_table, execution_date=20231110T085744, start_date=20231110T085746, end_date=20231110T085747
[2023-11-10T08:57:47.341+0000] {local_task_job.py:159} INFO - Task exited with return code 0
[2023-11-10T08:57:47.377+0000] {taskinstance.py:2582} INFO - 1 downstream tasks scheduled from follow-on schedule check
