[2023-11-13T09:13:21.777+0000] {taskinstance.py:1087} INFO - Dependencies all met for <TaskInstance: create_merged_table.create_merged_table manual__2023-11-13T09:13:19.697180+00:00 [queued]>
[2023-11-13T09:13:21.792+0000] {taskinstance.py:1087} INFO - Dependencies all met for <TaskInstance: create_merged_table.create_merged_table manual__2023-11-13T09:13:19.697180+00:00 [queued]>
[2023-11-13T09:13:21.793+0000] {taskinstance.py:1283} INFO - 
--------------------------------------------------------------------------------
[2023-11-13T09:13:21.794+0000] {taskinstance.py:1284} INFO - Starting attempt 1 of 1
[2023-11-13T09:13:21.794+0000] {taskinstance.py:1285} INFO - 
--------------------------------------------------------------------------------
[2023-11-13T09:13:21.815+0000] {taskinstance.py:1304} INFO - Executing <Task(PostgresOperator): create_merged_table> on 2023-11-13 09:13:19.697180+00:00
[2023-11-13T09:13:21.824+0000] {standard_task_runner.py:55} INFO - Started process 2011 to run task
[2023-11-13T09:13:21.828+0000] {standard_task_runner.py:82} INFO - Running: ['***', 'tasks', 'run', 'create_merged_table', 'create_merged_table', 'manual__2023-11-13T09:13:19.697180+00:00', '--job-id', '599', '--raw', '--subdir', 'DAGS_FOLDER/union.py', '--cfg-path', '/tmp/tmpcwr7zp40']
[2023-11-13T09:13:21.836+0000] {standard_task_runner.py:83} INFO - Job 599: Subtask create_merged_table
[2023-11-13T09:13:21.925+0000] {task_command.py:389} INFO - Running <TaskInstance: create_merged_table.create_merged_table manual__2023-11-13T09:13:19.697180+00:00 [running]> on host a1532de0db1a
[2023-11-13T09:13:22.044+0000] {taskinstance.py:1513} INFO - Exporting the following env vars:
AIRFLOW_CTX_DAG_OWNER=Tetiana
AIRFLOW_CTX_DAG_ID=create_merged_table
AIRFLOW_CTX_TASK_ID=create_merged_table
AIRFLOW_CTX_EXECUTION_DATE=2023-11-13T09:13:19.697180+00:00
AIRFLOW_CTX_TRY_NUMBER=1
AIRFLOW_CTX_DAG_RUN_ID=manual__2023-11-13T09:13:19.697180+00:00
[2023-11-13T09:13:22.045+0000] {sql.py:253} INFO - Executing: 
        CREATE TABLE IF NOT EXISTS merged_table AS
        SELECT
        people.user_id AS _user_id,
        people.first_name AS _first_name,
        people.last_name AS _last_name,
        people.sex AS _sex,
        people.email AS _email,
        people.phone AS _phone,
        people.date_of_birth AS _date_of_birth,
        people.job_title AS _job_title
        FROM people
        INNER JOIN customers ON people.user_id = customers.customer_id;
        
        
[2023-11-13T09:13:22.063+0000] {base.py:73} INFO - Using connection ID 'postgres' for task execution.
[2023-11-13T09:13:22.385+0000] {base.py:73} INFO - Using connection ID 'postgres' for task execution.
[2023-11-13T09:13:22.393+0000] {sql.py:364} INFO - Running statement: 
        CREATE TABLE IF NOT EXISTS merged_table AS
        SELECT
        people.user_id AS _user_id,
        people.first_name AS _first_name,
        people.last_name AS _last_name,
        people.sex AS _sex,
        people.email AS _email,
        people.phone AS _phone,
        people.date_of_birth AS _date_of_birth,
        people.job_title AS _job_title
        FROM people
        INNER JOIN customers ON people.user_id = customers.customer_id;
        
        , parameters: None
[2023-11-13T09:13:22.415+0000] {taskinstance.py:1327} INFO - Marking task as SUCCESS. dag_id=create_merged_table, task_id=create_merged_table, execution_date=20231113T091319, start_date=20231113T091321, end_date=20231113T091322
[2023-11-13T09:13:22.490+0000] {local_task_job.py:159} INFO - Task exited with return code 0
[2023-11-13T09:13:22.516+0000] {taskinstance.py:2582} INFO - 0 downstream tasks scheduled from follow-on schedule check
