[2023-11-13T09:09:59.558+0000] {taskinstance.py:1087} INFO - Dependencies all met for <TaskInstance: people.create_people_table manual__2023-11-13T09:09:56.778250+00:00 [queued]>
[2023-11-13T09:09:59.572+0000] {taskinstance.py:1087} INFO - Dependencies all met for <TaskInstance: people.create_people_table manual__2023-11-13T09:09:56.778250+00:00 [queued]>
[2023-11-13T09:09:59.573+0000] {taskinstance.py:1283} INFO - 
--------------------------------------------------------------------------------
[2023-11-13T09:09:59.574+0000] {taskinstance.py:1284} INFO - Starting attempt 1 of 1
[2023-11-13T09:09:59.574+0000] {taskinstance.py:1285} INFO - 
--------------------------------------------------------------------------------
[2023-11-13T09:09:59.596+0000] {taskinstance.py:1304} INFO - Executing <Task(PostgresOperator): create_people_table> on 2023-11-13 09:09:56.778250+00:00
[2023-11-13T09:09:59.603+0000] {standard_task_runner.py:55} INFO - Started process 1802 to run task
[2023-11-13T09:09:59.607+0000] {standard_task_runner.py:82} INFO - Running: ['***', 'tasks', 'run', 'people', 'create_people_table', 'manual__2023-11-13T09:09:56.778250+00:00', '--job-id', '594', '--raw', '--subdir', 'DAGS_FOLDER/people.py', '--cfg-path', '/tmp/tmp9rxwg8ab']
[2023-11-13T09:09:59.609+0000] {standard_task_runner.py:83} INFO - Job 594: Subtask create_people_table
[2023-11-13T09:09:59.699+0000] {task_command.py:389} INFO - Running <TaskInstance: people.create_people_table manual__2023-11-13T09:09:56.778250+00:00 [running]> on host a1532de0db1a
[2023-11-13T09:09:59.989+0000] {taskinstance.py:1513} INFO - Exporting the following env vars:
AIRFLOW_CTX_DAG_OWNER=Tetiana
AIRFLOW_CTX_DAG_ID=people
AIRFLOW_CTX_TASK_ID=create_people_table
AIRFLOW_CTX_EXECUTION_DATE=2023-11-13T09:09:56.778250+00:00
AIRFLOW_CTX_TRY_NUMBER=1
AIRFLOW_CTX_DAG_RUN_ID=manual__2023-11-13T09:09:56.778250+00:00
[2023-11-13T09:09:59.990+0000] {sql.py:253} INFO - Executing: 
        CREATE TABLE IF NOT EXISTS people (
            Index INT NOT NULL primary key,
            User_Id varchar(100),
            First_Name varchar(100),
            Last_Name varchar(100),
            Sex varchar(100),
            Email varchar(100),
            Phone varchar(100),
            Date_of_birth Date,
            Job_title varchar(100)
        );
    
[2023-11-13T09:10:00.002+0000] {base.py:73} INFO - Using connection ID 'postgres' for task execution.
[2023-11-13T09:10:00.310+0000] {base.py:73} INFO - Using connection ID 'postgres' for task execution.
[2023-11-13T09:10:00.315+0000] {sql.py:364} INFO - Running statement: 
        CREATE TABLE IF NOT EXISTS people (
            Index INT NOT NULL primary key,
            User_Id varchar(100),
            First_Name varchar(100),
            Last_Name varchar(100),
            Sex varchar(100),
            Email varchar(100),
            Phone varchar(100),
            Date_of_birth Date,
            Job_title varchar(100)
        );
    , parameters: None
[2023-11-13T09:10:00.328+0000] {taskinstance.py:1327} INFO - Marking task as SUCCESS. dag_id=people, task_id=create_people_table, execution_date=20231113T090956, start_date=20231113T090959, end_date=20231113T091000
[2023-11-13T09:10:00.381+0000] {local_task_job.py:159} INFO - Task exited with return code 0
[2023-11-13T09:10:00.458+0000] {taskinstance.py:2582} INFO - 1 downstream tasks scheduled from follow-on schedule check
