[2023-11-13T09:10:05.009+0000] {taskinstance.py:1087} INFO - Dependencies all met for <TaskInstance: people.save_people_to_excel manual__2023-11-13T09:09:56.778250+00:00 [queued]>
[2023-11-13T09:10:05.025+0000] {taskinstance.py:1087} INFO - Dependencies all met for <TaskInstance: people.save_people_to_excel manual__2023-11-13T09:09:56.778250+00:00 [queued]>
[2023-11-13T09:10:05.026+0000] {taskinstance.py:1283} INFO - 
--------------------------------------------------------------------------------
[2023-11-13T09:10:05.027+0000] {taskinstance.py:1284} INFO - Starting attempt 1 of 1
[2023-11-13T09:10:05.028+0000] {taskinstance.py:1285} INFO - 
--------------------------------------------------------------------------------
[2023-11-13T09:10:05.051+0000] {taskinstance.py:1304} INFO - Executing <Task(PythonOperator): save_people_to_excel> on 2023-11-13 09:09:56.778250+00:00
[2023-11-13T09:10:05.059+0000] {standard_task_runner.py:55} INFO - Started process 1820 to run task
[2023-11-13T09:10:05.063+0000] {standard_task_runner.py:82} INFO - Running: ['***', 'tasks', 'run', 'people', 'save_people_to_excel', 'manual__2023-11-13T09:09:56.778250+00:00', '--job-id', '596', '--raw', '--subdir', 'DAGS_FOLDER/people.py', '--cfg-path', '/tmp/tmpd10ya992']
[2023-11-13T09:10:05.066+0000] {standard_task_runner.py:83} INFO - Job 596: Subtask save_people_to_excel
[2023-11-13T09:10:05.155+0000] {task_command.py:389} INFO - Running <TaskInstance: people.save_people_to_excel manual__2023-11-13T09:09:56.778250+00:00 [running]> on host a1532de0db1a
[2023-11-13T09:10:05.496+0000] {taskinstance.py:1513} INFO - Exporting the following env vars:
AIRFLOW_CTX_DAG_OWNER=Tetiana
AIRFLOW_CTX_DAG_ID=people
AIRFLOW_CTX_TASK_ID=save_people_to_excel
AIRFLOW_CTX_EXECUTION_DATE=2023-11-13T09:09:56.778250+00:00
AIRFLOW_CTX_TRY_NUMBER=1
AIRFLOW_CTX_DAG_RUN_ID=manual__2023-11-13T09:09:56.778250+00:00
[2023-11-13T09:10:05.635+0000] {base.py:73} INFO - Using connection ID 'postgres' for task execution.
[2023-11-13T09:10:05.770+0000] {python.py:177} INFO - Done. Returned value was: None
[2023-11-13T09:10:05.827+0000] {taskinstance.py:1327} INFO - Marking task as SUCCESS. dag_id=people, task_id=save_people_to_excel, execution_date=20231113T090956, start_date=20231113T091005, end_date=20231113T091005
[2023-11-13T09:10:05.886+0000] {local_task_job.py:159} INFO - Task exited with return code 0
[2023-11-13T09:10:05.912+0000] {taskinstance.py:2582} INFO - 0 downstream tasks scheduled from follow-on schedule check
