[2023-11-08T14:27:40.891+0000] {taskinstance.py:1087} INFO - Dependencies all met for <TaskInstance: elastic_dag.print_es_info manual__2023-11-08T14:27:39.087967+00:00 [queued]>
[2023-11-08T14:27:40.909+0000] {taskinstance.py:1087} INFO - Dependencies all met for <TaskInstance: elastic_dag.print_es_info manual__2023-11-08T14:27:39.087967+00:00 [queued]>
[2023-11-08T14:27:40.910+0000] {taskinstance.py:1283} INFO - 
--------------------------------------------------------------------------------
[2023-11-08T14:27:40.911+0000] {taskinstance.py:1284} INFO - Starting attempt 1 of 1
[2023-11-08T14:27:40.912+0000] {taskinstance.py:1285} INFO - 
--------------------------------------------------------------------------------
[2023-11-08T14:27:40.944+0000] {taskinstance.py:1304} INFO - Executing <Task(PythonOperator): print_es_info> on 2023-11-08 14:27:39.087967+00:00
[2023-11-08T14:27:40.950+0000] {standard_task_runner.py:55} INFO - Started process 566 to run task
[2023-11-08T14:27:40.954+0000] {standard_task_runner.py:82} INFO - Running: ['***', 'tasks', 'run', 'elastic_dag', 'print_es_info', 'manual__2023-11-08T14:27:39.087967+00:00', '--job-id', '38', '--raw', '--subdir', 'DAGS_FOLDER/elastic_dag.py', '--cfg-path', '/tmp/tmp6tcrbjfq']
[2023-11-08T14:27:40.958+0000] {standard_task_runner.py:83} INFO - Job 38: Subtask print_es_info
[2023-11-08T14:27:41.043+0000] {task_command.py:389} INFO - Running <TaskInstance: elastic_dag.print_es_info manual__2023-11-08T14:27:39.087967+00:00 [running]> on host 1ca66c4fb7ea
[2023-11-08T14:27:41.144+0000] {taskinstance.py:1513} INFO - Exporting the following env vars:
AIRFLOW_CTX_DAG_OWNER=***
AIRFLOW_CTX_DAG_ID=elastic_dag
AIRFLOW_CTX_TASK_ID=print_es_info
AIRFLOW_CTX_EXECUTION_DATE=2023-11-08T14:27:39.087967+00:00
AIRFLOW_CTX_TRY_NUMBER=1
AIRFLOW_CTX_DAG_RUN_ID=manual__2023-11-08T14:27:39.087967+00:00
[2023-11-08T14:27:41.156+0000] {base.py:271} INFO - POST http://elastic:9200/_all/_search [status:200 request:0.010s]
[2023-11-08T14:27:41.196+0000] {logging_mixin.py:137} INFO - {'total': {'value': 0, 'relation': 'eq'}, 'max_score': 0.0, 'hits': []}
[2023-11-08T14:27:41.197+0000] {python.py:177} INFO - Done. Returned value was: None
[2023-11-08T14:27:41.221+0000] {taskinstance.py:1327} INFO - Marking task as SUCCESS. dag_id=elastic_dag, task_id=print_es_info, execution_date=20231108T142739, start_date=20231108T142740, end_date=20231108T142741
[2023-11-08T14:27:41.293+0000] {local_task_job.py:159} INFO - Task exited with return code 0
[2023-11-08T14:27:41.319+0000] {taskinstance.py:2582} INFO - 0 downstream tasks scheduled from follow-on schedule check
