[2023-11-10T11:22:21.008+0000] {taskinstance.py:1087} INFO - Dependencies all met for <TaskInstance: people.save_people_to_excel manual__2023-11-10T11:22:14.051991+00:00 [queued]>
[2023-11-10T11:22:21.039+0000] {taskinstance.py:1087} INFO - Dependencies all met for <TaskInstance: people.save_people_to_excel manual__2023-11-10T11:22:14.051991+00:00 [queued]>
[2023-11-10T11:22:21.040+0000] {taskinstance.py:1283} INFO - 
--------------------------------------------------------------------------------
[2023-11-10T11:22:21.041+0000] {taskinstance.py:1284} INFO - Starting attempt 1 of 1
[2023-11-10T11:22:21.042+0000] {taskinstance.py:1285} INFO - 
--------------------------------------------------------------------------------
[2023-11-10T11:22:21.069+0000] {taskinstance.py:1304} INFO - Executing <Task(PythonOperator): save_people_to_excel> on 2023-11-10 11:22:14.051991+00:00
[2023-11-10T11:22:21.077+0000] {standard_task_runner.py:55} INFO - Started process 4481 to run task
[2023-11-10T11:22:21.079+0000] {standard_task_runner.py:82} INFO - Running: ['***', 'tasks', 'run', 'people', 'save_people_to_excel', 'manual__2023-11-10T11:22:14.051991+00:00', '--job-id', '490', '--raw', '--subdir', 'DAGS_FOLDER/people.py', '--cfg-path', '/tmp/tmpknc3vfhu']
[2023-11-10T11:22:21.083+0000] {standard_task_runner.py:83} INFO - Job 490: Subtask save_people_to_excel
[2023-11-10T11:22:21.168+0000] {task_command.py:389} INFO - Running <TaskInstance: people.save_people_to_excel manual__2023-11-10T11:22:14.051991+00:00 [running]> on host ccf8e59e32fe
[2023-11-10T11:22:21.453+0000] {taskinstance.py:1513} INFO - Exporting the following env vars:
AIRFLOW_CTX_DAG_OWNER=Tetiana
AIRFLOW_CTX_DAG_ID=people
AIRFLOW_CTX_TASK_ID=save_people_to_excel
AIRFLOW_CTX_EXECUTION_DATE=2023-11-10T11:22:14.051991+00:00
AIRFLOW_CTX_TRY_NUMBER=1
AIRFLOW_CTX_DAG_RUN_ID=manual__2023-11-10T11:22:14.051991+00:00
[2023-11-10T11:22:21.564+0000] {base.py:73} INFO - Using connection ID 'postgres' for task execution.
[2023-11-10T11:22:21.666+0000] {python.py:177} INFO - Done. Returned value was: None
[2023-11-10T11:22:21.681+0000] {taskinstance.py:1327} INFO - Marking task as SUCCESS. dag_id=people, task_id=save_people_to_excel, execution_date=20231110T112214, start_date=20231110T112221, end_date=20231110T112221
[2023-11-10T11:22:21.739+0000] {local_task_job.py:159} INFO - Task exited with return code 0
[2023-11-10T11:22:21.770+0000] {taskinstance.py:2582} INFO - 1 downstream tasks scheduled from follow-on schedule check
