[2023-11-03T18:16:14.855+0000] {taskinstance.py:1165} INFO - Dependencies all met for <TaskInstance: people.create_people_table manual__2023-11-03T18:16:12.393210+00:00 [queued]>
[2023-11-03T18:16:14.872+0000] {taskinstance.py:1165} INFO - Dependencies all met for <TaskInstance: people.create_people_table manual__2023-11-03T18:16:12.393210+00:00 [queued]>
[2023-11-03T18:16:14.873+0000] {taskinstance.py:1362} INFO - 
--------------------------------------------------------------------------------
[2023-11-03T18:16:14.874+0000] {taskinstance.py:1363} INFO - Starting attempt 1 of 1
[2023-11-03T18:16:14.875+0000] {taskinstance.py:1364} INFO - 
--------------------------------------------------------------------------------
[2023-11-03T18:16:14.897+0000] {taskinstance.py:1383} INFO - Executing <Task(PostgresOperator): create_people_table> on 2023-11-03 18:16:12.393210+00:00
[2023-11-03T18:16:14.904+0000] {standard_task_runner.py:55} INFO - Started process 641 to run task
[2023-11-03T18:16:14.910+0000] {standard_task_runner.py:82} INFO - Running: ['***', 'tasks', 'run', 'people', 'create_people_table', 'manual__2023-11-03T18:16:12.393210+00:00', '--job-id', '106', '--raw', '--subdir', 'DAGS_FOLDER/people.py', '--cfg-path', '/tmp/tmp71dhqxdx']
[2023-11-03T18:16:14.913+0000] {standard_task_runner.py:83} INFO - Job 106: Subtask create_people_table
[2023-11-03T18:16:15.005+0000] {task_command.py:376} INFO - Running <TaskInstance: people.create_people_table manual__2023-11-03T18:16:12.393210+00:00 [running]> on host 6b65bc8eaea5
[2023-11-03T18:16:15.095+0000] {taskinstance.py:1592} INFO - Exporting the following env vars:
AIRFLOW_CTX_DAG_OWNER=***
AIRFLOW_CTX_DAG_ID=people
AIRFLOW_CTX_TASK_ID=create_people_table
AIRFLOW_CTX_EXECUTION_DATE=2023-11-03T18:16:12.393210+00:00
AIRFLOW_CTX_TRY_NUMBER=1
AIRFLOW_CTX_DAG_RUN_ID=manual__2023-11-03T18:16:12.393210+00:00
[2023-11-03T18:16:15.106+0000] {base.py:71} INFO - Using connection ID 'postgres' for task execution.
[2023-11-03T18:16:15.112+0000] {sql.py:315} INFO - Running statement: 
            CREATE TABLE IF NOT EXISTS people (
                User_Id varchar(100)  primary key,
                First_Name varchar(100),
                Last_Name varchar(100),
                Sex varchar(100),
                Email varchar(100)
            );
        , parameters: None
[2023-11-03T18:16:15.113+0000] {postgres.py:96} INFO - NOTICE:  relation "people" already exists, skipping

[2023-11-03T18:16:15.125+0000] {taskinstance.py:1406} INFO - Marking task as SUCCESS. dag_id=people, task_id=create_people_table, execution_date=20231103T181612, start_date=20231103T181614, end_date=20231103T181615
[2023-11-03T18:16:15.166+0000] {local_task_job.py:164} INFO - Task exited with return code 0
[2023-11-03T18:16:15.193+0000] {local_task_job.py:273} INFO - 1 downstream tasks scheduled from follow-on schedule check
