[2023-11-10T07:25:10.076+0000] {taskinstance.py:1087} INFO - Dependencies all met for <TaskInstance: customers.create_customers_table scheduled__2023-11-09T00:00:00+00:00 [queued]>
[2023-11-10T07:25:10.142+0000] {taskinstance.py:1087} INFO - Dependencies all met for <TaskInstance: customers.create_customers_table scheduled__2023-11-09T00:00:00+00:00 [queued]>
[2023-11-10T07:25:10.143+0000] {taskinstance.py:1283} INFO - 
--------------------------------------------------------------------------------
[2023-11-10T07:25:10.145+0000] {taskinstance.py:1284} INFO - Starting attempt 1 of 1
[2023-11-10T07:25:10.146+0000] {taskinstance.py:1285} INFO - 
--------------------------------------------------------------------------------
[2023-11-10T07:25:10.225+0000] {taskinstance.py:1304} INFO - Executing <Task(PostgresOperator): create_customers_table> on 2023-11-09 00:00:00+00:00
[2023-11-10T07:25:10.235+0000] {standard_task_runner.py:55} INFO - Started process 119 to run task
[2023-11-10T07:25:10.271+0000] {standard_task_runner.py:82} INFO - Running: ['***', 'tasks', 'run', 'customers', 'create_customers_table', 'scheduled__2023-11-09T00:00:00+00:00', '--job-id', '302', '--raw', '--subdir', 'DAGS_FOLDER/customers.py', '--cfg-path', '/tmp/tmpe0b6wdq2']
[2023-11-10T07:25:10.280+0000] {standard_task_runner.py:83} INFO - Job 302: Subtask create_customers_table
[2023-11-10T07:25:10.591+0000] {task_command.py:389} INFO - Running <TaskInstance: customers.create_customers_table scheduled__2023-11-09T00:00:00+00:00 [running]> on host 706d03b983c6
[2023-11-10T07:25:11.255+0000] {taskinstance.py:1513} INFO - Exporting the following env vars:
AIRFLOW_CTX_DAG_OWNER=Tetiana
AIRFLOW_CTX_DAG_ID=customers
AIRFLOW_CTX_TASK_ID=create_customers_table
AIRFLOW_CTX_EXECUTION_DATE=2023-11-09T00:00:00+00:00
AIRFLOW_CTX_TRY_NUMBER=1
AIRFLOW_CTX_DAG_RUN_ID=scheduled__2023-11-09T00:00:00+00:00
[2023-11-10T07:25:11.256+0000] {sql.py:253} INFO - Executing: 
        CREATE TABLE IF NOT EXISTS customers (
            Index INT NOT NULL primary key,
            Customer_Id varchar(100),
            First_Name varchar(100),
            Last_Name varchar(100),
            Company varchar(100),
            City varchar(100),
            Country varchar(100),
            Phone_1 varchar(100),
            Email varchar(100),
            Subscription Date,
            Website varchar(100)
        );
    
[2023-11-10T07:25:11.271+0000] {base.py:73} INFO - Using connection ID 'postgres' for task execution.
[2023-11-10T07:25:11.857+0000] {base.py:73} INFO - Using connection ID 'postgres' for task execution.
[2023-11-10T07:25:11.906+0000] {sql.py:364} INFO - Running statement: 
        CREATE TABLE IF NOT EXISTS customers (
            Index INT NOT NULL primary key,
            Customer_Id varchar(100),
            First_Name varchar(100),
            Last_Name varchar(100),
            Company varchar(100),
            City varchar(100),
            Country varchar(100),
            Phone_1 varchar(100),
            Email varchar(100),
            Subscription Date,
            Website varchar(100)
        );
    , parameters: None
[2023-11-10T07:25:11.986+0000] {taskinstance.py:1327} INFO - Marking task as SUCCESS. dag_id=customers, task_id=create_customers_table, execution_date=20231109T000000, start_date=20231110T072510, end_date=20231110T072511
[2023-11-10T07:25:12.161+0000] {local_task_job.py:159} INFO - Task exited with return code 0
[2023-11-10T07:25:12.241+0000] {taskinstance.py:2582} INFO - 1 downstream tasks scheduled from follow-on schedule check
[2023-11-10T08:33:59.418+0000] {taskinstance.py:1087} INFO - Dependencies all met for <TaskInstance: customers.create_customers_table scheduled__2023-11-09T00:00:00+00:00 [queued]>
[2023-11-10T08:33:59.433+0000] {taskinstance.py:1087} INFO - Dependencies all met for <TaskInstance: customers.create_customers_table scheduled__2023-11-09T00:00:00+00:00 [queued]>
[2023-11-10T08:33:59.434+0000] {taskinstance.py:1283} INFO - 
--------------------------------------------------------------------------------
[2023-11-10T08:33:59.435+0000] {taskinstance.py:1284} INFO - Starting attempt 1 of 1
[2023-11-10T08:33:59.436+0000] {taskinstance.py:1285} INFO - 
--------------------------------------------------------------------------------
[2023-11-10T08:33:59.463+0000] {taskinstance.py:1304} INFO - Executing <Task(PostgresOperator): create_customers_table> on 2023-11-09 00:00:00+00:00
[2023-11-10T08:33:59.472+0000] {standard_task_runner.py:55} INFO - Started process 463 to run task
[2023-11-10T08:33:59.475+0000] {standard_task_runner.py:82} INFO - Running: ['***', 'tasks', 'run', 'customers', 'create_customers_table', 'scheduled__2023-11-09T00:00:00+00:00', '--job-id', '392', '--raw', '--subdir', 'DAGS_FOLDER/customers_.py', '--cfg-path', '/tmp/tmp86nt_xz0']
[2023-11-10T08:33:59.477+0000] {standard_task_runner.py:83} INFO - Job 392: Subtask create_customers_table
[2023-11-10T08:33:59.581+0000] {task_command.py:389} INFO - Running <TaskInstance: customers.create_customers_table scheduled__2023-11-09T00:00:00+00:00 [running]> on host f75f09223c8b
[2023-11-10T08:33:59.916+0000] {taskinstance.py:1513} INFO - Exporting the following env vars:
AIRFLOW_CTX_DAG_OWNER=Tetiana
AIRFLOW_CTX_DAG_ID=customers
AIRFLOW_CTX_TASK_ID=create_customers_table
AIRFLOW_CTX_EXECUTION_DATE=2023-11-09T00:00:00+00:00
AIRFLOW_CTX_TRY_NUMBER=1
AIRFLOW_CTX_DAG_RUN_ID=scheduled__2023-11-09T00:00:00+00:00
[2023-11-10T08:33:59.917+0000] {sql.py:253} INFO - Executing: 
        CREATE TABLE IF NOT EXISTS customers (
            Index INT NOT NULL primary key,
            Customer_Id varchar(100),
            First_Name varchar(100),
            Last_Name varchar(100),
            Company varchar(100),
            City varchar(100),
            Country varchar(100),
            Phone_1 varchar(100),
            Email varchar(100),
            Subscription Date,
            Website varchar(100)
        );
    
[2023-11-10T08:33:59.929+0000] {base.py:73} INFO - Using connection ID 'postgres' for task execution.
[2023-11-10T08:34:00.284+0000] {base.py:73} INFO - Using connection ID 'postgres' for task execution.
[2023-11-10T08:34:00.290+0000] {sql.py:364} INFO - Running statement: 
        CREATE TABLE IF NOT EXISTS customers (
            Index INT NOT NULL primary key,
            Customer_Id varchar(100),
            First_Name varchar(100),
            Last_Name varchar(100),
            Company varchar(100),
            City varchar(100),
            Country varchar(100),
            Phone_1 varchar(100),
            Email varchar(100),
            Subscription Date,
            Website varchar(100)
        );
    , parameters: None
[2023-11-10T08:34:00.318+0000] {taskinstance.py:1327} INFO - Marking task as SUCCESS. dag_id=customers, task_id=create_customers_table, execution_date=20231109T000000, start_date=20231110T083359, end_date=20231110T083400
[2023-11-10T08:34:00.377+0000] {local_task_job.py:159} INFO - Task exited with return code 0
[2023-11-10T08:34:00.435+0000] {taskinstance.py:2582} INFO - 1 downstream tasks scheduled from follow-on schedule check
[2023-11-10T10:01:17.877+0000] {taskinstance.py:1087} INFO - Dependencies all met for <TaskInstance: customers.create_customers_table scheduled__2023-11-09T00:00:00+00:00 [queued]>
[2023-11-10T10:01:17.894+0000] {taskinstance.py:1087} INFO - Dependencies all met for <TaskInstance: customers.create_customers_table scheduled__2023-11-09T00:00:00+00:00 [queued]>
[2023-11-10T10:01:17.895+0000] {taskinstance.py:1283} INFO - 
--------------------------------------------------------------------------------
[2023-11-10T10:01:17.896+0000] {taskinstance.py:1284} INFO - Starting attempt 1 of 1
[2023-11-10T10:01:17.897+0000] {taskinstance.py:1285} INFO - 
--------------------------------------------------------------------------------
[2023-11-10T10:01:17.930+0000] {taskinstance.py:1304} INFO - Executing <Task(PostgresOperator): create_customers_table> on 2023-11-09 00:00:00+00:00
[2023-11-10T10:01:17.938+0000] {standard_task_runner.py:55} INFO - Started process 154 to run task
[2023-11-10T10:01:17.942+0000] {standard_task_runner.py:82} INFO - Running: ['***', 'tasks', 'run', 'customers', 'create_customers_table', 'scheduled__2023-11-09T00:00:00+00:00', '--job-id', '458', '--raw', '--subdir', 'DAGS_FOLDER/customer.py', '--cfg-path', '/tmp/tmp9qny7gqi']
[2023-11-10T10:01:17.945+0000] {standard_task_runner.py:83} INFO - Job 458: Subtask create_customers_table
[2023-11-10T10:01:18.040+0000] {task_command.py:389} INFO - Running <TaskInstance: customers.create_customers_table scheduled__2023-11-09T00:00:00+00:00 [running]> on host d0fe49b6b32b
[2023-11-10T10:01:18.467+0000] {taskinstance.py:1513} INFO - Exporting the following env vars:
AIRFLOW_CTX_DAG_OWNER=Tetiana
AIRFLOW_CTX_DAG_ID=customers
AIRFLOW_CTX_TASK_ID=create_customers_table
AIRFLOW_CTX_EXECUTION_DATE=2023-11-09T00:00:00+00:00
AIRFLOW_CTX_TRY_NUMBER=1
AIRFLOW_CTX_DAG_RUN_ID=scheduled__2023-11-09T00:00:00+00:00
[2023-11-10T10:01:18.469+0000] {sql.py:253} INFO - Executing: 
        CREATE TABLE IF NOT EXISTS customers (
            Index INT NOT NULL primary key,
            Customer_Id varchar(100),
            First_Name varchar(100),
            Last_Name varchar(100),
            Company varchar(100),
            City varchar(100),
            Country varchar(100),
            Phone_1 varchar(100),
            Email varchar(100),
            "Subscription Date" date,
            Website varchar(100)
        );
    
[2023-11-10T10:01:18.481+0000] {base.py:73} INFO - Using connection ID 'postgres' for task execution.
[2023-11-10T10:01:18.811+0000] {base.py:73} INFO - Using connection ID 'postgres' for task execution.
[2023-11-10T10:01:18.816+0000] {sql.py:364} INFO - Running statement: 
        CREATE TABLE IF NOT EXISTS customers (
            Index INT NOT NULL primary key,
            Customer_Id varchar(100),
            First_Name varchar(100),
            Last_Name varchar(100),
            Company varchar(100),
            City varchar(100),
            Country varchar(100),
            Phone_1 varchar(100),
            Email varchar(100),
            "Subscription Date" date,
            Website varchar(100)
        );
    , parameters: None
[2023-11-10T10:01:18.830+0000] {taskinstance.py:1327} INFO - Marking task as SUCCESS. dag_id=customers, task_id=create_customers_table, execution_date=20231109T000000, start_date=20231110T100117, end_date=20231110T100118
[2023-11-10T10:01:18.880+0000] {local_task_job.py:159} INFO - Task exited with return code 0
[2023-11-10T10:01:18.921+0000] {taskinstance.py:2582} INFO - 1 downstream tasks scheduled from follow-on schedule check
