[2023-11-09T20:09:17.494+0000] {taskinstance.py:1087} INFO - Dependencies all met for <TaskInstance: customers.save_customers_to_excel manual__2023-11-09T20:09:09.469026+00:00 [queued]>
[2023-11-09T20:09:17.510+0000] {taskinstance.py:1087} INFO - Dependencies all met for <TaskInstance: customers.save_customers_to_excel manual__2023-11-09T20:09:09.469026+00:00 [queued]>
[2023-11-09T20:09:17.510+0000] {taskinstance.py:1283} INFO - 
--------------------------------------------------------------------------------
[2023-11-09T20:09:17.511+0000] {taskinstance.py:1284} INFO - Starting attempt 1 of 1
[2023-11-09T20:09:17.512+0000] {taskinstance.py:1285} INFO - 
--------------------------------------------------------------------------------
[2023-11-09T20:09:17.532+0000] {taskinstance.py:1304} INFO - Executing <Task(PythonOperator): save_customers_to_excel> on 2023-11-09 20:09:09.469026+00:00
[2023-11-09T20:09:17.538+0000] {standard_task_runner.py:55} INFO - Started process 1752 to run task
[2023-11-09T20:09:17.540+0000] {standard_task_runner.py:82} INFO - Running: ['***', 'tasks', 'run', 'customers', 'save_customers_to_excel', 'manual__2023-11-09T20:09:09.469026+00:00', '--job-id', '293', '--raw', '--subdir', 'DAGS_FOLDER/customers.py', '--cfg-path', '/tmp/tmp7u8b_zca']
[2023-11-09T20:09:17.542+0000] {standard_task_runner.py:83} INFO - Job 293: Subtask save_customers_to_excel
[2023-11-09T20:09:17.610+0000] {task_command.py:389} INFO - Running <TaskInstance: customers.save_customers_to_excel manual__2023-11-09T20:09:09.469026+00:00 [running]> on host 706d03b983c6
[2023-11-09T20:09:17.898+0000] {taskinstance.py:1513} INFO - Exporting the following env vars:
AIRFLOW_CTX_DAG_OWNER=Tetiana
AIRFLOW_CTX_DAG_ID=customers
AIRFLOW_CTX_TASK_ID=save_customers_to_excel
AIRFLOW_CTX_EXECUTION_DATE=2023-11-09T20:09:09.469026+00:00
AIRFLOW_CTX_TRY_NUMBER=1
AIRFLOW_CTX_DAG_RUN_ID=manual__2023-11-09T20:09:09.469026+00:00
[2023-11-09T20:09:17.974+0000] {base.py:73} INFO - Using connection ID 'postgres' for task execution.
[2023-11-09T20:09:18.032+0000] {python.py:177} INFO - Done. Returned value was: None
[2023-11-09T20:09:18.046+0000] {taskinstance.py:1327} INFO - Marking task as SUCCESS. dag_id=customers, task_id=save_customers_to_excel, execution_date=20231109T200909, start_date=20231109T200917, end_date=20231109T200918
[2023-11-09T20:09:18.115+0000] {local_task_job.py:159} INFO - Task exited with return code 0
[2023-11-09T20:09:18.138+0000] {taskinstance.py:2582} INFO - 0 downstream tasks scheduled from follow-on schedule check
