[2023-11-13T10:23:22.242+0000] {taskinstance.py:1087} INFO - Dependencies all met for <TaskInstance: merge_table.save_customers_to_excel manual__2023-11-13T10:23:17.797186+00:00 [queued]>
[2023-11-13T10:23:22.257+0000] {taskinstance.py:1087} INFO - Dependencies all met for <TaskInstance: merge_table.save_customers_to_excel manual__2023-11-13T10:23:17.797186+00:00 [queued]>
[2023-11-13T10:23:22.258+0000] {taskinstance.py:1283} INFO - 
--------------------------------------------------------------------------------
[2023-11-13T10:23:22.259+0000] {taskinstance.py:1284} INFO - Starting attempt 1 of 1
[2023-11-13T10:23:22.260+0000] {taskinstance.py:1285} INFO - 
--------------------------------------------------------------------------------
[2023-11-13T10:23:22.288+0000] {taskinstance.py:1304} INFO - Executing <Task(PythonOperator): save_customers_to_excel> on 2023-11-13 10:23:17.797186+00:00
[2023-11-13T10:23:22.300+0000] {standard_task_runner.py:55} INFO - Started process 3662 to run task
[2023-11-13T10:23:22.303+0000] {standard_task_runner.py:82} INFO - Running: ['***', 'tasks', 'run', 'merge_table', 'save_customers_to_excel', 'manual__2023-11-13T10:23:17.797186+00:00', '--job-id', '628', '--raw', '--subdir', 'DAGS_FOLDER/merge.py', '--cfg-path', '/tmp/tmpnd8mm_hq']
[2023-11-13T10:23:22.305+0000] {standard_task_runner.py:83} INFO - Job 628: Subtask save_customers_to_excel
[2023-11-13T10:23:22.380+0000] {task_command.py:389} INFO - Running <TaskInstance: merge_table.save_customers_to_excel manual__2023-11-13T10:23:17.797186+00:00 [running]> on host 06d7566f07d2
[2023-11-13T10:23:22.692+0000] {taskinstance.py:1513} INFO - Exporting the following env vars:
AIRFLOW_CTX_DAG_OWNER=***
AIRFLOW_CTX_DAG_ID=merge_table
AIRFLOW_CTX_TASK_ID=save_customers_to_excel
AIRFLOW_CTX_EXECUTION_DATE=2023-11-13T10:23:17.797186+00:00
AIRFLOW_CTX_TRY_NUMBER=1
AIRFLOW_CTX_DAG_RUN_ID=manual__2023-11-13T10:23:17.797186+00:00
[2023-11-13T10:23:22.762+0000] {base.py:73} INFO - Using connection ID 'postgres' for task execution.
[2023-11-13T10:23:22.820+0000] {python.py:177} INFO - Done. Returned value was: None
[2023-11-13T10:23:22.836+0000] {taskinstance.py:1327} INFO - Marking task as SUCCESS. dag_id=merge_table, task_id=save_customers_to_excel, execution_date=20231113T102317, start_date=20231113T102322, end_date=20231113T102322
[2023-11-13T10:23:22.892+0000] {local_task_job.py:159} INFO - Task exited with return code 0
[2023-11-13T10:23:22.917+0000] {taskinstance.py:2582} INFO - 0 downstream tasks scheduled from follow-on schedule check
