[2023-11-05T10:17:12.819+0000] {taskinstance.py:1165} INFO - Dependencies all met for <TaskInstance: people.create_people_table manual__2023-11-05T10:17:11.051824+00:00 [queued]>
[2023-11-05T10:17:12.833+0000] {taskinstance.py:1165} INFO - Dependencies all met for <TaskInstance: people.create_people_table manual__2023-11-05T10:17:11.051824+00:00 [queued]>
[2023-11-05T10:17:12.834+0000] {taskinstance.py:1362} INFO - 
--------------------------------------------------------------------------------
[2023-11-05T10:17:12.835+0000] {taskinstance.py:1363} INFO - Starting attempt 1 of 1
[2023-11-05T10:17:12.837+0000] {taskinstance.py:1364} INFO - 
--------------------------------------------------------------------------------
[2023-11-05T10:17:12.859+0000] {taskinstance.py:1383} INFO - Executing <Task(PostgresOperator): create_people_table> on 2023-11-05 10:17:11.051824+00:00
[2023-11-05T10:17:12.865+0000] {standard_task_runner.py:55} INFO - Started process 279 to run task
[2023-11-05T10:17:12.868+0000] {standard_task_runner.py:82} INFO - Running: ['***', 'tasks', 'run', 'people', 'create_people_table', 'manual__2023-11-05T10:17:11.051824+00:00', '--job-id', '243', '--raw', '--subdir', 'DAGS_FOLDER/people.py', '--cfg-path', '/tmp/tmpwf9hffny']
[2023-11-05T10:17:12.871+0000] {standard_task_runner.py:83} INFO - Job 243: Subtask create_people_table
[2023-11-05T10:17:12.943+0000] {task_command.py:376} INFO - Running <TaskInstance: people.create_people_table manual__2023-11-05T10:17:11.051824+00:00 [running]> on host 9d85c6014d6e
[2023-11-05T10:17:13.040+0000] {taskinstance.py:1592} INFO - Exporting the following env vars:
AIRFLOW_CTX_DAG_OWNER=***
AIRFLOW_CTX_DAG_ID=people
AIRFLOW_CTX_TASK_ID=create_people_table
AIRFLOW_CTX_EXECUTION_DATE=2023-11-05T10:17:11.051824+00:00
AIRFLOW_CTX_TRY_NUMBER=1
AIRFLOW_CTX_DAG_RUN_ID=manual__2023-11-05T10:17:11.051824+00:00
[2023-11-05T10:17:13.053+0000] {base.py:71} INFO - Using connection ID 'postgres' for task execution.
[2023-11-05T10:17:13.059+0000] {sql.py:315} INFO - Running statement: 
        CREATE TABLE IF NOT EXISTS people (
            Index INT NOT NULL primary key,
            User_Id varchar(100),
            First_Name varchar(100),
            Last_Name varchar(100),
            Sex varchar(100),
            Email varchar(100),
            Phone varchar(100),
            Date_of_birth Date,
            Job_title varchar(100)
        );
    , parameters: None
[2023-11-05T10:17:13.061+0000] {postgres.py:96} INFO - NOTICE:  relation "people" already exists, skipping

[2023-11-05T10:17:13.076+0000] {taskinstance.py:1406} INFO - Marking task as SUCCESS. dag_id=people, task_id=create_people_table, execution_date=20231105T101711, start_date=20231105T101712, end_date=20231105T101713
[2023-11-05T10:17:13.124+0000] {local_task_job.py:164} INFO - Task exited with return code 0
[2023-11-05T10:17:13.159+0000] {local_task_job.py:273} INFO - 1 downstream tasks scheduled from follow-on schedule check
