[2023-10-31T21:27:18.748+0000] {taskinstance.py:1165} INFO - Dependencies all met for <TaskInstance: user_processing.store_user manual__2023-10-31T21:27:08.799277+00:00 [queued]>
[2023-10-31T21:27:18.762+0000] {taskinstance.py:1165} INFO - Dependencies all met for <TaskInstance: user_processing.store_user manual__2023-10-31T21:27:08.799277+00:00 [queued]>
[2023-10-31T21:27:18.763+0000] {taskinstance.py:1362} INFO - 
--------------------------------------------------------------------------------
[2023-10-31T21:27:18.765+0000] {taskinstance.py:1363} INFO - Starting attempt 1 of 1
[2023-10-31T21:27:18.765+0000] {taskinstance.py:1364} INFO - 
--------------------------------------------------------------------------------
[2023-10-31T21:27:18.787+0000] {taskinstance.py:1383} INFO - Executing <Task(PythonOperator): store_user> on 2023-10-31 21:27:08.799277+00:00
[2023-10-31T21:27:18.793+0000] {standard_task_runner.py:55} INFO - Started process 5333 to run task
[2023-10-31T21:27:18.801+0000] {standard_task_runner.py:82} INFO - Running: ['***', 'tasks', 'run', 'user_processing', 'store_user', 'manual__2023-10-31T21:27:08.799277+00:00', '--job-id', '52', '--raw', '--subdir', 'DAGS_FOLDER/user_processing.py', '--cfg-path', '/tmp/tmpubf6lpz1']
[2023-10-31T21:27:18.803+0000] {standard_task_runner.py:83} INFO - Job 52: Subtask store_user
[2023-10-31T21:27:18.895+0000] {task_command.py:376} INFO - Running <TaskInstance: user_processing.store_user manual__2023-10-31T21:27:08.799277+00:00 [running]> on host 185b9feffea7
[2023-10-31T21:27:19.002+0000] {taskinstance.py:1592} INFO - Exporting the following env vars:
AIRFLOW_CTX_DAG_OWNER=***
AIRFLOW_CTX_DAG_ID=user_processing
AIRFLOW_CTX_TASK_ID=store_user
AIRFLOW_CTX_EXECUTION_DATE=2023-10-31T21:27:08.799277+00:00
AIRFLOW_CTX_TRY_NUMBER=1
AIRFLOW_CTX_DAG_RUN_ID=manual__2023-10-31T21:27:08.799277+00:00
[2023-10-31T21:27:19.005+0000] {postgres.py:129} INFO - Running copy expert: COPY users FROM stdin WITH DELIMITER as ',', filename: /tmp/processed_user.csv
[2023-10-31T21:27:19.015+0000] {base.py:71} INFO - Using connection ID 'postgres' for task execution.
[2023-10-31T21:27:19.025+0000] {python.py:177} INFO - Done. Returned value was: None
[2023-10-31T21:27:19.038+0000] {taskinstance.py:1406} INFO - Marking task as SUCCESS. dag_id=user_processing, task_id=store_user, execution_date=20231031T212708, start_date=20231031T212718, end_date=20231031T212719
[2023-10-31T21:27:19.093+0000] {local_task_job.py:164} INFO - Task exited with return code 0
[2023-10-31T21:27:19.129+0000] {local_task_job.py:273} INFO - 0 downstream tasks scheduled from follow-on schedule check
