[2023-10-31T21:17:16.301+0000] {taskinstance.py:1165} INFO - Dependencies all met for <TaskInstance: user_processing.is_api_available manual__2023-10-31T21:17:12.213585+00:00 [queued]>
[2023-10-31T21:17:16.314+0000] {taskinstance.py:1165} INFO - Dependencies all met for <TaskInstance: user_processing.is_api_available manual__2023-10-31T21:17:12.213585+00:00 [queued]>
[2023-10-31T21:17:16.315+0000] {taskinstance.py:1362} INFO - 
--------------------------------------------------------------------------------
[2023-10-31T21:17:16.316+0000] {taskinstance.py:1363} INFO - Starting attempt 1 of 1
[2023-10-31T21:17:16.316+0000] {taskinstance.py:1364} INFO - 
--------------------------------------------------------------------------------
[2023-10-31T21:17:16.338+0000] {taskinstance.py:1383} INFO - Executing <Task(HttpSensor): is_api_available> on 2023-10-31 21:17:12.213585+00:00
[2023-10-31T21:17:16.344+0000] {standard_task_runner.py:55} INFO - Started process 4811 to run task
[2023-10-31T21:17:16.346+0000] {standard_task_runner.py:82} INFO - Running: ['***', 'tasks', 'run', 'user_processing', 'is_api_available', 'manual__2023-10-31T21:17:12.213585+00:00', '--job-id', '39', '--raw', '--subdir', 'DAGS_FOLDER/user_processing.py', '--cfg-path', '/tmp/tmpgiuf1zf_']
[2023-10-31T21:17:16.348+0000] {standard_task_runner.py:83} INFO - Job 39: Subtask is_api_available
[2023-10-31T21:17:16.412+0000] {task_command.py:376} INFO - Running <TaskInstance: user_processing.is_api_available manual__2023-10-31T21:17:12.213585+00:00 [running]> on host 185b9feffea7
[2023-10-31T21:17:16.495+0000] {taskinstance.py:1592} INFO - Exporting the following env vars:
AIRFLOW_CTX_DAG_OWNER=***
AIRFLOW_CTX_DAG_ID=user_processing
AIRFLOW_CTX_TASK_ID=is_api_available
AIRFLOW_CTX_EXECUTION_DATE=2023-10-31T21:17:12.213585+00:00
AIRFLOW_CTX_TRY_NUMBER=1
AIRFLOW_CTX_DAG_RUN_ID=manual__2023-10-31T21:17:12.213585+00:00
[2023-10-31T21:17:16.497+0000] {http.py:120} INFO - Poking: api/
[2023-10-31T21:17:16.506+0000] {base.py:71} INFO - Using connection ID 'user_api' for task execution.
[2023-10-31T21:17:16.508+0000] {http.py:148} INFO - Sending 'GET' to url: https://randomuser.me/api/
[2023-10-31T21:17:16.724+0000] {base.py:213} INFO - Success criteria met. Exiting.
[2023-10-31T21:17:16.736+0000] {taskinstance.py:1406} INFO - Marking task as SUCCESS. dag_id=user_processing, task_id=is_api_available, execution_date=20231031T211712, start_date=20231031T211716, end_date=20231031T211716
[2023-10-31T21:17:16.759+0000] {local_task_job.py:164} INFO - Task exited with return code 0
[2023-10-31T21:17:16.801+0000] {local_task_job.py:273} INFO - 1 downstream tasks scheduled from follow-on schedule check
