[2023-11-03T15:21:52.749+0000] {taskinstance.py:1165} INFO - Dependencies all met for <TaskInstance: people.read_people manual__2023-11-03T15:21:49.833297+00:00 [queued]>
[2023-11-03T15:21:52.767+0000] {taskinstance.py:1165} INFO - Dependencies all met for <TaskInstance: people.read_people manual__2023-11-03T15:21:49.833297+00:00 [queued]>
[2023-11-03T15:21:52.768+0000] {taskinstance.py:1362} INFO - 
--------------------------------------------------------------------------------
[2023-11-03T15:21:52.770+0000] {taskinstance.py:1363} INFO - Starting attempt 1 of 1
[2023-11-03T15:21:52.772+0000] {taskinstance.py:1364} INFO - 
--------------------------------------------------------------------------------
[2023-11-03T15:21:52.797+0000] {taskinstance.py:1383} INFO - Executing <Task(PythonOperator): read_people> on 2023-11-03 15:21:49.833297+00:00
[2023-11-03T15:21:52.806+0000] {standard_task_runner.py:55} INFO - Started process 443 to run task
[2023-11-03T15:21:52.813+0000] {standard_task_runner.py:82} INFO - Running: ['***', 'tasks', 'run', 'people', 'read_people', 'manual__2023-11-03T15:21:49.833297+00:00', '--job-id', '65', '--raw', '--subdir', 'DAGS_FOLDER/people.py', '--cfg-path', '/tmp/tmpguohio4y']
[2023-11-03T15:21:52.815+0000] {standard_task_runner.py:83} INFO - Job 65: Subtask read_people
[2023-11-03T15:21:52.902+0000] {task_command.py:376} INFO - Running <TaskInstance: people.read_people manual__2023-11-03T15:21:49.833297+00:00 [running]> on host 113d79be32ee
[2023-11-03T15:21:53.039+0000] {taskinstance.py:1592} INFO - Exporting the following env vars:
AIRFLOW_CTX_DAG_OWNER=***
AIRFLOW_CTX_DAG_ID=people
AIRFLOW_CTX_TASK_ID=read_people
AIRFLOW_CTX_EXECUTION_DATE=2023-11-03T15:21:49.833297+00:00
AIRFLOW_CTX_TRY_NUMBER=1
AIRFLOW_CTX_DAG_RUN_ID=manual__2023-11-03T15:21:49.833297+00:00
[2023-11-03T15:21:53.063+0000] {taskinstance.py:1851} ERROR - Task failed with exception
Traceback (most recent call last):
  File "/home/airflow/.local/lib/python3.7/site-packages/airflow/operators/python.py", line 175, in execute
    return_value = self.execute_callable()
  File "/home/airflow/.local/lib/python3.7/site-packages/airflow/operators/python.py", line 193, in execute_callable
    return self.python_callable(*self.op_args, **self.op_kwargs)
  File "/opt/airflow/dags/people.py", line 21, in _read_people
    row[1].strip(),
IndexError: list index out of range
[2023-11-03T15:21:53.104+0000] {taskinstance.py:1406} INFO - Marking task as FAILED. dag_id=people, task_id=read_people, execution_date=20231103T152149, start_date=20231103T152152, end_date=20231103T152153
[2023-11-03T15:21:53.138+0000] {standard_task_runner.py:105} ERROR - Failed to execute job 65 for task read_people (list index out of range; 443)
[2023-11-03T15:21:53.186+0000] {local_task_job.py:164} INFO - Task exited with return code 1
[2023-11-03T15:21:53.223+0000] {local_task_job.py:273} INFO - 0 downstream tasks scheduled from follow-on schedule check
