[2023-11-09T15:59:23.152+0000] {taskinstance.py:1087} INFO - Dependencies all met for <TaskInstance: customers.save_customers_to_excel manual__2023-11-09T15:59:16.659222+00:00 [queued]>
[2023-11-09T15:59:23.174+0000] {taskinstance.py:1087} INFO - Dependencies all met for <TaskInstance: customers.save_customers_to_excel manual__2023-11-09T15:59:16.659222+00:00 [queued]>
[2023-11-09T15:59:23.175+0000] {taskinstance.py:1283} INFO - 
--------------------------------------------------------------------------------
[2023-11-09T15:59:23.176+0000] {taskinstance.py:1284} INFO - Starting attempt 1 of 1
[2023-11-09T15:59:23.177+0000] {taskinstance.py:1285} INFO - 
--------------------------------------------------------------------------------
[2023-11-09T15:59:23.200+0000] {taskinstance.py:1304} INFO - Executing <Task(PythonOperator): save_customers_to_excel> on 2023-11-09 15:59:16.659222+00:00
[2023-11-09T15:59:23.210+0000] {standard_task_runner.py:55} INFO - Started process 2210 to run task
[2023-11-09T15:59:23.216+0000] {standard_task_runner.py:82} INFO - Running: ['***', 'tasks', 'run', 'customers', 'save_customers_to_excel', 'manual__2023-11-09T15:59:16.659222+00:00', '--job-id', '81', '--raw', '--subdir', 'DAGS_FOLDER/customers.py', '--cfg-path', '/tmp/tmp5pkp1vr0']
[2023-11-09T15:59:23.218+0000] {standard_task_runner.py:83} INFO - Job 81: Subtask save_customers_to_excel
[2023-11-09T15:59:23.313+0000] {task_command.py:389} INFO - Running <TaskInstance: customers.save_customers_to_excel manual__2023-11-09T15:59:16.659222+00:00 [running]> on host 9dcc097b8292
[2023-11-09T15:59:23.579+0000] {taskinstance.py:1513} INFO - Exporting the following env vars:
AIRFLOW_CTX_DAG_OWNER=Tetiana
AIRFLOW_CTX_DAG_ID=customers
AIRFLOW_CTX_TASK_ID=save_customers_to_excel
AIRFLOW_CTX_EXECUTION_DATE=2023-11-09T15:59:16.659222+00:00
AIRFLOW_CTX_TRY_NUMBER=1
AIRFLOW_CTX_DAG_RUN_ID=manual__2023-11-09T15:59:16.659222+00:00
[2023-11-09T15:59:23.680+0000] {base.py:73} INFO - Using connection ID 'postgres' for task execution.
[2023-11-09T15:59:23.714+0000] {taskinstance.py:1772} ERROR - Task failed with exception
Traceback (most recent call last):
  File "/home/airflow/.local/lib/python3.7/site-packages/airflow/operators/python.py", line 175, in execute
    return_value = self.execute_callable()
  File "/home/airflow/.local/lib/python3.7/site-packages/airflow/operators/python.py", line 192, in execute_callable
    return self.python_callable(*self.op_args, **self.op_kwargs)
  File "/opt/airflow/dags/customers.py", line 87, in _save_customers_to_excel
    wb.save(customers_file)
  File "/home/airflow/.local/lib/python3.7/site-packages/openpyxl/workbook/workbook.py", line 386, in save
    save_workbook(self, filename)
  File "/home/airflow/.local/lib/python3.7/site-packages/openpyxl/writer/excel.py", line 291, in save_workbook
    archive = ZipFile(filename, 'w', ZIP_DEFLATED, allowZip64=True)
  File "/usr/local/lib/python3.7/zipfile.py", line 1240, in __init__
    self.fp = io.open(file, filemode)
PermissionError: [Errno 13] Permission denied: '/opt/data/customers.xlsx'
[2023-11-09T15:59:23.735+0000] {taskinstance.py:1327} INFO - Marking task as FAILED. dag_id=customers, task_id=save_customers_to_excel, execution_date=20231109T155916, start_date=20231109T155923, end_date=20231109T155923
[2023-11-09T15:59:23.762+0000] {standard_task_runner.py:105} ERROR - Failed to execute job 81 for task save_customers_to_excel ([Errno 13] Permission denied: '/opt/data/customers.xlsx'; 2210)
[2023-11-09T15:59:23.793+0000] {local_task_job.py:159} INFO - Task exited with return code 1
[2023-11-09T15:59:23.815+0000] {taskinstance.py:2582} INFO - 0 downstream tasks scheduled from follow-on schedule check
