[2023-11-10T07:32:38.671+0000] {taskinstance.py:1087} INFO - Dependencies all met for <TaskInstance: customers.save_customers_to_excel manual__2023-11-10T07:32:31.069297+00:00 [queued]>
[2023-11-10T07:32:38.687+0000] {taskinstance.py:1087} INFO - Dependencies all met for <TaskInstance: customers.save_customers_to_excel manual__2023-11-10T07:32:31.069297+00:00 [queued]>
[2023-11-10T07:32:38.687+0000] {taskinstance.py:1283} INFO - 
--------------------------------------------------------------------------------
[2023-11-10T07:32:38.688+0000] {taskinstance.py:1284} INFO - Starting attempt 1 of 1
[2023-11-10T07:32:38.689+0000] {taskinstance.py:1285} INFO - 
--------------------------------------------------------------------------------
[2023-11-10T07:32:38.710+0000] {taskinstance.py:1304} INFO - Executing <Task(PythonOperator): save_customers_to_excel> on 2023-11-10 07:32:31.069297+00:00
[2023-11-10T07:32:38.719+0000] {standard_task_runner.py:55} INFO - Started process 568 to run task
[2023-11-10T07:32:38.721+0000] {standard_task_runner.py:82} INFO - Running: ['***', 'tasks', 'run', 'customers', 'save_customers_to_excel', 'manual__2023-11-10T07:32:31.069297+00:00', '--job-id', '313', '--raw', '--subdir', 'DAGS_FOLDER/customers.py', '--cfg-path', '/tmp/tmput3eick1']
[2023-11-10T07:32:38.723+0000] {standard_task_runner.py:83} INFO - Job 313: Subtask save_customers_to_excel
[2023-11-10T07:32:38.797+0000] {task_command.py:389} INFO - Running <TaskInstance: customers.save_customers_to_excel manual__2023-11-10T07:32:31.069297+00:00 [running]> on host 706d03b983c6
[2023-11-10T07:32:39.063+0000] {taskinstance.py:1513} INFO - Exporting the following env vars:
AIRFLOW_CTX_DAG_OWNER=Tetiana
AIRFLOW_CTX_DAG_ID=customers
AIRFLOW_CTX_TASK_ID=save_customers_to_excel
AIRFLOW_CTX_EXECUTION_DATE=2023-11-10T07:32:31.069297+00:00
AIRFLOW_CTX_TRY_NUMBER=1
AIRFLOW_CTX_DAG_RUN_ID=manual__2023-11-10T07:32:31.069297+00:00
[2023-11-10T07:32:39.119+0000] {base.py:73} INFO - Using connection ID 'postgres' for task execution.
[2023-11-10T07:32:39.204+0000] {python.py:177} INFO - Done. Returned value was: None
[2023-11-10T07:32:39.219+0000] {taskinstance.py:1327} INFO - Marking task as SUCCESS. dag_id=customers, task_id=save_customers_to_excel, execution_date=20231110T073231, start_date=20231110T073238, end_date=20231110T073239
[2023-11-10T07:32:39.255+0000] {local_task_job.py:159} INFO - Task exited with return code 0
[2023-11-10T07:32:39.277+0000] {taskinstance.py:2582} INFO - 0 downstream tasks scheduled from follow-on schedule check
