[2023-11-05T15:49:55.864+0000] {taskinstance.py:1165} INFO - Dependencies all met for <TaskInstance: customers.save_customers_to_excel manual__2023-11-05T15:49:48.732969+00:00 [queued]>
[2023-11-05T15:49:55.880+0000] {taskinstance.py:1165} INFO - Dependencies all met for <TaskInstance: customers.save_customers_to_excel manual__2023-11-05T15:49:48.732969+00:00 [queued]>
[2023-11-05T15:49:55.881+0000] {taskinstance.py:1362} INFO - 
--------------------------------------------------------------------------------
[2023-11-05T15:49:55.881+0000] {taskinstance.py:1363} INFO - Starting attempt 1 of 1
[2023-11-05T15:49:55.882+0000] {taskinstance.py:1364} INFO - 
--------------------------------------------------------------------------------
[2023-11-05T15:49:55.900+0000] {taskinstance.py:1383} INFO - Executing <Task(PythonOperator): save_customers_to_excel> on 2023-11-05 15:49:48.732969+00:00
[2023-11-05T15:49:55.907+0000] {standard_task_runner.py:55} INFO - Started process 16162 to run task
[2023-11-05T15:49:55.910+0000] {standard_task_runner.py:82} INFO - Running: ['***', 'tasks', 'run', 'customers', 'save_customers_to_excel', 'manual__2023-11-05T15:49:48.732969+00:00', '--job-id', '434', '--raw', '--subdir', 'DAGS_FOLDER/customers.py', '--cfg-path', '/tmp/tmpjh7fejft']
[2023-11-05T15:49:55.912+0000] {standard_task_runner.py:83} INFO - Job 434: Subtask save_customers_to_excel
[2023-11-05T15:49:55.982+0000] {task_command.py:376} INFO - Running <TaskInstance: customers.save_customers_to_excel manual__2023-11-05T15:49:48.732969+00:00 [running]> on host 9d85c6014d6e
[2023-11-05T15:49:56.235+0000] {taskinstance.py:1592} INFO - Exporting the following env vars:
AIRFLOW_CTX_DAG_OWNER=***
AIRFLOW_CTX_DAG_ID=customers
AIRFLOW_CTX_TASK_ID=save_customers_to_excel
AIRFLOW_CTX_EXECUTION_DATE=2023-11-05T15:49:48.732969+00:00
AIRFLOW_CTX_TRY_NUMBER=1
AIRFLOW_CTX_DAG_RUN_ID=manual__2023-11-05T15:49:48.732969+00:00
[2023-11-05T15:49:56.263+0000] {taskinstance.py:1851} ERROR - Task failed with exception
Traceback (most recent call last):
  File "/home/airflow/.local/lib/python3.7/site-packages/airflow/operators/python.py", line 175, in execute
    return_value = self.execute_callable()
  File "/home/airflow/.local/lib/python3.7/site-packages/airflow/operators/python.py", line 193, in execute_callable
    return self.python_callable(*self.op_args, **self.op_kwargs)
  File "/opt/airflow/dags/customers.py", line 73, in _save_customers_to_excel
    sheet = wb['Customers']
  File "/home/airflow/.local/lib/python3.7/site-packages/openpyxl/workbook/workbook.py", line 287, in __getitem__
    raise KeyError("Worksheet {0} does not exist.".format(key))
KeyError: 'Worksheet Customers does not exist.'
[2023-11-05T15:49:56.280+0000] {taskinstance.py:1406} INFO - Marking task as FAILED. dag_id=customers, task_id=save_customers_to_excel, execution_date=20231105T154948, start_date=20231105T154955, end_date=20231105T154956
[2023-11-05T15:49:56.295+0000] {standard_task_runner.py:105} ERROR - Failed to execute job 434 for task save_customers_to_excel ('Worksheet Customers does not exist.'; 16162)
[2023-11-05T15:49:56.325+0000] {local_task_job.py:164} INFO - Task exited with return code 1
[2023-11-05T15:49:56.348+0000] {local_task_job.py:273} INFO - 0 downstream tasks scheduled from follow-on schedule check
