[2023-11-03T16:15:56.626+0000] {taskinstance.py:1165} INFO - Dependencies all met for <TaskInstance: people.read_people manual__2023-11-03T16:15:53.160761+00:00 [queued]>
[2023-11-03T16:15:56.649+0000] {taskinstance.py:1165} INFO - Dependencies all met for <TaskInstance: people.read_people manual__2023-11-03T16:15:53.160761+00:00 [queued]>
[2023-11-03T16:15:56.650+0000] {taskinstance.py:1362} INFO - 
--------------------------------------------------------------------------------
[2023-11-03T16:15:56.651+0000] {taskinstance.py:1363} INFO - Starting attempt 1 of 1
[2023-11-03T16:15:56.652+0000] {taskinstance.py:1364} INFO - 
--------------------------------------------------------------------------------
[2023-11-03T16:15:56.675+0000] {taskinstance.py:1383} INFO - Executing <Task(PythonOperator): read_people> on 2023-11-03 16:15:53.160761+00:00
[2023-11-03T16:15:56.692+0000] {standard_task_runner.py:55} INFO - Started process 2981 to run task
[2023-11-03T16:15:56.698+0000] {standard_task_runner.py:82} INFO - Running: ['***', 'tasks', 'run', 'people', 'read_people', 'manual__2023-11-03T16:15:53.160761+00:00', '--job-id', '85', '--raw', '--subdir', 'DAGS_FOLDER/people.py', '--cfg-path', '/tmp/tmpbyitdfdb']
[2023-11-03T16:15:56.700+0000] {standard_task_runner.py:83} INFO - Job 85: Subtask read_people
[2023-11-03T16:15:56.860+0000] {task_command.py:376} INFO - Running <TaskInstance: people.read_people manual__2023-11-03T16:15:53.160761+00:00 [running]> on host 113d79be32ee
[2023-11-03T16:15:57.052+0000] {taskinstance.py:1592} INFO - Exporting the following env vars:
AIRFLOW_CTX_DAG_OWNER=***
AIRFLOW_CTX_DAG_ID=people
AIRFLOW_CTX_TASK_ID=read_people
AIRFLOW_CTX_EXECUTION_DATE=2023-11-03T16:15:53.160761+00:00
AIRFLOW_CTX_TRY_NUMBER=1
AIRFLOW_CTX_DAG_RUN_ID=manual__2023-11-03T16:15:53.160761+00:00
[2023-11-03T16:15:57.059+0000] {logging_mixin.py:120} INFO - [['1', '88F7B33d2bcf9f5', 'Shelby'], ['2', 'f90cD3E76f1A9b9', 'Phillip'], ['3', 'DbeAb8CcdfeFC2c', 'Kristine'], ['4', 'A31Bee3c201ef58', 'Yesenia'], ['5', '1bA7A3dc874da3c', 'Lori'], ['6', 'bfDD7CDEF5D865B', 'Erin'], ['7', 'bE9EEf34cB72AF7', 'Katherine'], ['8', '2EFC6A4e77FaEaC', 'Ricardo'], ['9', 'baDcC4DeefD8dEB', 'Dave'], ['"10', '8e4FB470FE19bF0', 'Isaiah'], ['11', 'BF0BbA03C29Bb3b', 'Sheila'], ['12', 'F738c69fB34E62E', 'Stacy'], ['"13', 'C03fDADdAadAdCe', 'Mandy'], ['14', 'b759b74BD1dE80d', 'Bridget'], ['15', '1F0B7D65A00DAF9', 'Crystal'], ['16', '50Bb061cB30B461', 'Thomas'], ['17', 'D6dbA5308fEC4BC', 'Maurice'], ['18', '311D775990f066d', 'Frank'], ['"19', '7F7E1BAcb0C9AFf', 'Alvin'], ['20', '88473e15D5c3cD0', 'Jared'], ['"21', 'b31D271F8c200AB', 'Jacqueline'], ['22', '42F4BdA841aBadC', 'Colleen'], ['23', 'cBbBcA0FCA3C4Bc', 'Randy'], ['24', 'f1f89173353aD90', 'Janice'], ['25', 'c5B09fb33e8bA0A', 'Alfred'], ['"26', 'c9F2282C40BEC1E', 'Sean'], ['27', '9c1bc7EC53Fb7cE', 'Louis'], ['28', 'ddEc50e2A2e3a2B', 'Brittney'], ['29', '66F096D36Ebae11', 'Judy'], ['30', 'F0fE2faAd78F8b5', 'Norman'], ['31', '5d2feAfbdCAA6B5', 'Isaiah'], ['32', 'cDa5F303fCd6dEa', 'Jacqueline'], ['33', '8Ef7DBfcaB02b6B', 'Bonnie'], ['"34', '6Dec5b5542F8ed8', 'Brandon'], ['35', '3Fb8a7f68e12784', 'Jackson'], ['36', '035eff50B9A0F24', 'Melody'], ['"37', 'aa614aAE4B7Cf0C', 'Leonard'], ['"38', 'ACcde95AAe3e6cC', 'Gene'], ['39', 'b6a35de5CB6fc25', 'Cynthia'], ['40', 'e92A191E345fA3A', 'Tanya'], ['"41', '7D0AcBF6CCac3fd', 'Matthew'], ['42', 'CEFA7BBCef013AE', 'Kirk'], ['43', '9edBC94aE7cA22a', 'Willie'], ['44', 'fFe7BAA737aDbe2', 'Miguel'], ['45', '5F2f3fAca8B0946', 'Darren'], ['46', '6bFcfc3cc1BC6B4', 'Haley'], ['"47', 'f3BD2cBF7eEb6df', 'Danielle'], ['48', 'Ee4eB129dC7913A', 'Becky'], ['49', 'dBCEf340C3657Eb', 'Caitlyn'], ['"50', 'E47FB71DD9ACCd9', 'Joshua'], ['51', 'eA3fDd79BE9f0E7', 'Heidi'], ['52', 'aF0eE4547Bc025c', 'Brian'], ['53', '9F5DeD7aD228F5a', 'Beverly'], ['54', 'D3Fa0220dDE4d36', 'Nathaniel'], ['55', '60FdBFd5e7BE8fF', 'Debra'], ['56', 'D8bF5Ab2b98caff', 'Mackenzie'], ['57', 'CD8d33aA25bc8BB', 'Courtney'], ['58', 'Fac3BfFf0A3d03c', 'Fred'], ['59', 'e552D7ddafe1FFb', 'Ryan'], ['60', '0f8deedb629A5f6', 'Grace'], ['61', 'bB9e49E506F65ed', 'Shari'], ['62', 'Ed724605A403D91', 'Kelli'], ['63', '0aBE5ACb18E0c10', 'Jackie'], ['64', '5D2cb63CaAF53f6', 'Leslie'], ['"65', 'Ee6974f90eeCe18', 'Harold'], ['"66', 'cEf02C076afa07f', 'Larry'], ['67', '9Df5Ba591bF3EFf', 'Mike'], ['"68', '3faB1CBfEFBDdD4', 'Brittney'], ['69', 'Ebcefdf75eCb0a9', 'Frank'], ['70', 'e75e5DBfcb68887', 'Sandra'], ['71', '6a53a8D41dDF6de', 'Ryan'], ['72', 'F0d3bD1aaf9E3Bc', 'Tamara'], ['73', '5bC87340799FBD0', 'Jean'], ['74', 'dBfA17Aaf16b4ab', 'Veronica'], ['"75', 'c935b7Eb6FA0B0F', 'Kim'], ['76', 'b3e15e65Ca2CcBf', 'Tina'], ['"77', 'dade3452F0c32FD', 'Jonathon'], ['78', 'AdEd6cfD85DeC46', 'Jermaine'], ['79', 'DAf111987098ae4', 'Regina'], ['80', '6e6a5b885F6496d', 'Terrence'], ['81', '12DCb4ED8E01D5C', 'Tyler'], ['82', 'E1cB5cA8CA7CC0a', 'Andrew'], ['83', 'AedDfaE8Cf49F07', 'Reginald'], ['84', 'bff9853aFAeF772', 'Douglas'], ['"85', 'E883773cA5219Be', 'Helen'], ['86', 'CB19EafEbBfF9eC', 'Mario'], ['"87', '5834700fbEd2771', 'Chelsea'], ['88', '2b0Ab1Dc9E01D7E', 'Dustin'], ['89', '3f3a3D89ad042Dd', 'Harry'], ['90', '9425E2F38C408ef', 'Kathy'], ['91', 'F0aeC9c2759F3C6', 'Alison'], ['"92', 'd6EA619A7C4aA95', 'Jamie'], ['93', '2A33E7Cad1bb0F5', 'Melody'], ['94', 'd181FFB7d3E68bb', 'Xavier'], ['95', 'feaBf8dAE0C0d6F', 'Dillon'], ['96', '5eFda7caAeB260E', 'Dennis'], ['97', 'CCbFce93d3720bE', 'Steve'], ['98', '2fEc528aFAF0b69', 'Wesley'], ['99', 'Adc7ad9B6e4A1Fe', 'Summer'], ['100', 'b8D0aD3490FC7e1', 'Mariah']]
[2023-11-03T16:15:57.089+0000] {base.py:71} INFO - Using connection ID 'postgres' for task execution.
[2023-11-03T16:15:57.107+0000] {taskinstance.py:1851} ERROR - Task failed with exception
Traceback (most recent call last):
  File "/home/airflow/.local/lib/python3.7/site-packages/airflow/operators/python.py", line 175, in execute
    return_value = self.execute_callable()
  File "/home/airflow/.local/lib/python3.7/site-packages/airflow/operators/python.py", line 193, in execute_callable
    return self.python_callable(*self.op_args, **self.op_kwargs)
  File "/opt/airflow/dags/people.py", line 30, in _read_people
    commit_every = 1000, replace = True, replace_index="Index")
  File "/home/airflow/.local/lib/python3.7/site-packages/airflow/providers/common/sql/hooks/sql.py", line 409, in insert_rows
    cur.execute(sql, values)
psycopg2.errors.InvalidTextRepresentation: invalid input syntax for type integer: ""10"
LINE 1: ... INTO people (Index, User_Id, First_Name) VALUES ('"10','8e4...
                                                             ^

[2023-11-03T16:15:57.131+0000] {taskinstance.py:1406} INFO - Marking task as FAILED. dag_id=people, task_id=read_people, execution_date=20231103T161553, start_date=20231103T161556, end_date=20231103T161557
[2023-11-03T16:15:57.165+0000] {standard_task_runner.py:105} ERROR - Failed to execute job 85 for task read_people (invalid input syntax for type integer: ""10"
LINE 1: ... INTO people (Index, User_Id, First_Name) VALUES ('"10','8e4...
                                                             ^
; 2981)
[2023-11-03T16:15:57.215+0000] {local_task_job.py:164} INFO - Task exited with return code 1
[2023-11-03T16:15:57.241+0000] {local_task_job.py:273} INFO - 0 downstream tasks scheduled from follow-on schedule check
