[2023-11-08T13:07:10.088+0000] {taskinstance.py:1087} INFO - Dependencies all met for <TaskInstance: customers.read_customers manual__2023-11-08T13:06:59.737973+00:00 [queued]>
[2023-11-08T13:07:10.114+0000] {taskinstance.py:1087} INFO - Dependencies all met for <TaskInstance: customers.read_customers manual__2023-11-08T13:06:59.737973+00:00 [queued]>
[2023-11-08T13:07:10.116+0000] {taskinstance.py:1283} INFO - 
--------------------------------------------------------------------------------
[2023-11-08T13:07:10.117+0000] {taskinstance.py:1284} INFO - Starting attempt 1 of 1
[2023-11-08T13:07:10.118+0000] {taskinstance.py:1285} INFO - 
--------------------------------------------------------------------------------
[2023-11-08T13:07:10.157+0000] {taskinstance.py:1304} INFO - Executing <Task(PythonOperator): read_customers> on 2023-11-08 13:06:59.737973+00:00
[2023-11-08T13:07:10.172+0000] {standard_task_runner.py:55} INFO - Started process 228 to run task
[2023-11-08T13:07:10.175+0000] {standard_task_runner.py:82} INFO - Running: ['***', 'tasks', 'run', 'customers', 'read_customers', 'manual__2023-11-08T13:06:59.737973+00:00', '--job-id', '23', '--raw', '--subdir', 'DAGS_FOLDER/customers.py', '--cfg-path', '/tmp/tmpp8vgb19_']
[2023-11-08T13:07:10.183+0000] {standard_task_runner.py:83} INFO - Job 23: Subtask read_customers
[2023-11-08T13:07:10.354+0000] {task_command.py:389} INFO - Running <TaskInstance: customers.read_customers manual__2023-11-08T13:06:59.737973+00:00 [running]> on host 6287529917c2
[2023-11-08T13:07:10.546+0000] {taskinstance.py:1513} INFO - Exporting the following env vars:
AIRFLOW_CTX_DAG_OWNER=Tetiana
AIRFLOW_CTX_DAG_ID=customers
AIRFLOW_CTX_TASK_ID=read_customers
AIRFLOW_CTX_EXECUTION_DATE=2023-11-08T13:06:59.737973+00:00
AIRFLOW_CTX_TRY_NUMBER=1
AIRFLOW_CTX_DAG_RUN_ID=manual__2023-11-08T13:06:59.737973+00:00
[2023-11-08T13:07:10.548+0000] {taskinstance.py:1772} ERROR - Task failed with exception
Traceback (most recent call last):
  File "/home/airflow/.local/lib/python3.7/site-packages/airflow/operators/python.py", line 175, in execute
    return_value = self.execute_callable()
  File "/home/airflow/.local/lib/python3.7/site-packages/airflow/operators/python.py", line 192, in execute_callable
    return self.python_callable(*self.op_args, **self.op_kwargs)
  File "/opt/airflow/dags/customers.py", line 22, in _read_customers
    header = next(reader_obj, None)  # Get headers
UnboundLocalError: local variable 'reader_obj' referenced before assignment
[2023-11-08T13:07:10.566+0000] {taskinstance.py:1327} INFO - Marking task as FAILED. dag_id=customers, task_id=read_customers, execution_date=20231108T130659, start_date=20231108T130710, end_date=20231108T130710
[2023-11-08T13:07:10.599+0000] {standard_task_runner.py:105} ERROR - Failed to execute job 23 for task read_customers (local variable 'reader_obj' referenced before assignment; 228)
[2023-11-08T13:07:10.641+0000] {local_task_job.py:159} INFO - Task exited with return code 1
[2023-11-08T13:07:10.697+0000] {taskinstance.py:2582} INFO - 0 downstream tasks scheduled from follow-on schedule check
