[2023-11-10T08:06:44.796+0000] {taskinstance.py:1087} INFO - Dependencies all met for <TaskInstance: customers.save_customers_to_excel manual__2023-11-10T08:06:35.966055+00:00 [queued]>
[2023-11-10T08:06:44.814+0000] {taskinstance.py:1087} INFO - Dependencies all met for <TaskInstance: customers.save_customers_to_excel manual__2023-11-10T08:06:35.966055+00:00 [queued]>
[2023-11-10T08:06:44.815+0000] {taskinstance.py:1283} INFO - 
--------------------------------------------------------------------------------
[2023-11-10T08:06:44.818+0000] {taskinstance.py:1284} INFO - Starting attempt 1 of 1
[2023-11-10T08:06:44.819+0000] {taskinstance.py:1285} INFO - 
--------------------------------------------------------------------------------
[2023-11-10T08:06:44.852+0000] {taskinstance.py:1304} INFO - Executing <Task(PythonOperator): save_customers_to_excel> on 2023-11-10 08:06:35.966055+00:00
[2023-11-10T08:06:44.859+0000] {standard_task_runner.py:55} INFO - Started process 2564 to run task
[2023-11-10T08:06:44.861+0000] {standard_task_runner.py:82} INFO - Running: ['***', 'tasks', 'run', 'customers', 'save_customers_to_excel', 'manual__2023-11-10T08:06:35.966055+00:00', '--job-id', '349', '--raw', '--subdir', 'DAGS_FOLDER/customer_1.py', '--cfg-path', '/tmp/tmpfuzk92wp']
[2023-11-10T08:06:44.864+0000] {standard_task_runner.py:83} INFO - Job 349: Subtask save_customers_to_excel
[2023-11-10T08:06:44.940+0000] {task_command.py:389} INFO - Running <TaskInstance: customers.save_customers_to_excel manual__2023-11-10T08:06:35.966055+00:00 [running]> on host 706d03b983c6
[2023-11-10T08:06:45.203+0000] {taskinstance.py:1513} INFO - Exporting the following env vars:
AIRFLOW_CTX_DAG_OWNER=***
AIRFLOW_CTX_DAG_ID=customers
AIRFLOW_CTX_TASK_ID=save_customers_to_excel
AIRFLOW_CTX_EXECUTION_DATE=2023-11-10T08:06:35.966055+00:00
AIRFLOW_CTX_TRY_NUMBER=1
AIRFLOW_CTX_DAG_RUN_ID=manual__2023-11-10T08:06:35.966055+00:00
[2023-11-10T08:06:45.215+0000] {base.py:73} INFO - Using connection ID 'postgres' for task execution.
[2023-11-10T08:06:45.302+0000] {base.py:73} INFO - Using connection ID 'postgres' for task execution.
[2023-11-10T08:06:45.359+0000] {python.py:177} INFO - Done. Returned value was: None
[2023-11-10T08:06:45.372+0000] {taskinstance.py:1327} INFO - Marking task as SUCCESS. dag_id=customers, task_id=save_customers_to_excel, execution_date=20231110T080635, start_date=20231110T080644, end_date=20231110T080645
[2023-11-10T08:06:45.435+0000] {local_task_job.py:159} INFO - Task exited with return code 0
[2023-11-10T08:06:45.459+0000] {taskinstance.py:2582} INFO - 0 downstream tasks scheduled from follow-on schedule check
