[2023-11-12T10:59:28.808+0000] {taskinstance.py:1087} INFO - Dependencies all met for <TaskInstance: customers.read_customers scheduled__2023-11-11T00:00:00+00:00 [queued]>
[2023-11-12T10:59:28.844+0000] {taskinstance.py:1087} INFO - Dependencies all met for <TaskInstance: customers.read_customers scheduled__2023-11-11T00:00:00+00:00 [queued]>
[2023-11-12T10:59:28.845+0000] {taskinstance.py:1283} INFO - 
--------------------------------------------------------------------------------
[2023-11-12T10:59:28.846+0000] {taskinstance.py:1284} INFO - Starting attempt 1 of 1
[2023-11-12T10:59:28.847+0000] {taskinstance.py:1285} INFO - 
--------------------------------------------------------------------------------
[2023-11-12T10:59:28.877+0000] {taskinstance.py:1304} INFO - Executing <Task(PythonOperator): read_customers> on 2023-11-11 00:00:00+00:00
[2023-11-12T10:59:28.884+0000] {standard_task_runner.py:55} INFO - Started process 111 to run task
[2023-11-12T10:59:28.890+0000] {standard_task_runner.py:82} INFO - Running: ['***', 'tasks', 'run', 'customers', 'read_customers', 'scheduled__2023-11-11T00:00:00+00:00', '--job-id', '551', '--raw', '--subdir', 'DAGS_FOLDER/customer.py', '--cfg-path', '/tmp/tmpj3sk5pu7']
[2023-11-12T10:59:28.893+0000] {standard_task_runner.py:83} INFO - Job 551: Subtask read_customers
[2023-11-12T10:59:28.985+0000] {task_command.py:389} INFO - Running <TaskInstance: customers.read_customers scheduled__2023-11-11T00:00:00+00:00 [running]> on host 691b0a4d0de3
[2023-11-12T10:59:29.299+0000] {taskinstance.py:1513} INFO - Exporting the following env vars:
AIRFLOW_CTX_DAG_OWNER=Tetiana
AIRFLOW_CTX_DAG_ID=customers
AIRFLOW_CTX_TASK_ID=read_customers
AIRFLOW_CTX_EXECUTION_DATE=2023-11-11T00:00:00+00:00
AIRFLOW_CTX_TRY_NUMBER=1
AIRFLOW_CTX_DAG_RUN_ID=scheduled__2023-11-11T00:00:00+00:00
[2023-11-12T10:59:29.328+0000] {logging_mixin.py:137} INFO - An error occurred for country Pitcairn Islands: (0) Missing or invalid default region.. Adding '+' to the phone number.
[2023-11-12T10:59:29.335+0000] {logging_mixin.py:137} INFO - An error occurred for country Vietnam: (0) Missing or invalid default region.. Adding '+' to the phone number.
[2023-11-12T10:59:29.360+0000] {logging_mixin.py:137} INFO - An error occurred for country Tanzania: (0) Missing or invalid default region.. Adding '+' to the phone number.
[2023-11-12T10:59:29.381+0000] {logging_mixin.py:137} INFO - An error occurred for country Bolivia: (0) Missing or invalid default region.. Adding '+' to the phone number.
[2023-11-12T10:59:29.396+0000] {logging_mixin.py:137} INFO - An error occurred for country Swaziland: (0) Missing or invalid default region.. Adding '+' to the phone number.
[2023-11-12T10:59:29.402+0000] {logging_mixin.py:137} INFO - An error occurred for country Palestinian Territory: (0) Missing or invalid default region.. Adding '+' to the phone number.
[2023-11-12T10:59:29.404+0000] {logging_mixin.py:137} INFO - An error occurred for country Saint Barthelemy: (0) Missing or invalid default region.. Adding '+' to the phone number.
[2023-11-12T10:59:29.413+0000] {logging_mixin.py:137} INFO - An error occurred for country French Southern Territories: (0) Missing or invalid default region.. Adding '+' to the phone number.
[2023-11-12T10:59:29.414+0000] {logging_mixin.py:137} INFO - An error occurred for country Iran: (0) Missing or invalid default region.. Adding '+' to the phone number.
[2023-11-12T10:59:29.419+0000] {logging_mixin.py:137} INFO - An error occurred for country United States Virgin Islands: (0) Missing or invalid default region.. Adding '+' to the phone number.
[2023-11-12T10:59:29.420+0000] {logging_mixin.py:137} INFO - An error occurred for country Kyrgyz Republic: (0) Missing or invalid default region.. Adding '+' to the phone number.
[2023-11-12T10:59:29.424+0000] {logging_mixin.py:137} INFO - An error occurred for country Micronesia: (0) Missing or invalid default region.. Adding '+' to the phone number.
[2023-11-12T10:59:29.451+0000] {base.py:73} INFO - Using connection ID 'postgres' for task execution.
[2023-11-12T10:59:29.499+0000] {sql.py:462} INFO - Done loading. Loaded a total of 106 rows into customers
[2023-11-12T10:59:29.501+0000] {python.py:177} INFO - Done. Returned value was: None
[2023-11-12T10:59:29.516+0000] {taskinstance.py:1327} INFO - Marking task as SUCCESS. dag_id=customers, task_id=read_customers, execution_date=20231111T000000, start_date=20231112T105928, end_date=20231112T105929
[2023-11-12T10:59:29.582+0000] {local_task_job.py:159} INFO - Task exited with return code 0
[2023-11-12T10:59:29.611+0000] {taskinstance.py:2582} INFO - 1 downstream tasks scheduled from follow-on schedule check
