[2023-11-03T18:29:14.615+0000] {taskinstance.py:1165} INFO - Dependencies all met for <TaskInstance: people.read_people manual__2023-11-03T18:29:11.319143+00:00 [queued]>
[2023-11-03T18:29:14.631+0000] {taskinstance.py:1165} INFO - Dependencies all met for <TaskInstance: people.read_people manual__2023-11-03T18:29:11.319143+00:00 [queued]>
[2023-11-03T18:29:14.631+0000] {taskinstance.py:1362} INFO - 
--------------------------------------------------------------------------------
[2023-11-03T18:29:14.633+0000] {taskinstance.py:1363} INFO - Starting attempt 1 of 1
[2023-11-03T18:29:14.633+0000] {taskinstance.py:1364} INFO - 
--------------------------------------------------------------------------------
[2023-11-03T18:29:14.651+0000] {taskinstance.py:1383} INFO - Executing <Task(PythonOperator): read_people> on 2023-11-03 18:29:11.319143+00:00
[2023-11-03T18:29:14.657+0000] {standard_task_runner.py:55} INFO - Started process 1267 to run task
[2023-11-03T18:29:14.661+0000] {standard_task_runner.py:82} INFO - Running: ['***', 'tasks', 'run', 'people', 'read_people', 'manual__2023-11-03T18:29:11.319143+00:00', '--job-id', '116', '--raw', '--subdir', 'DAGS_FOLDER/people.py', '--cfg-path', '/tmp/tmpz48kyqys']
[2023-11-03T18:29:14.663+0000] {standard_task_runner.py:83} INFO - Job 116: Subtask read_people
[2023-11-03T18:29:14.729+0000] {task_command.py:376} INFO - Running <TaskInstance: people.read_people manual__2023-11-03T18:29:11.319143+00:00 [running]> on host 6b65bc8eaea5
[2023-11-03T18:29:14.812+0000] {taskinstance.py:1592} INFO - Exporting the following env vars:
AIRFLOW_CTX_DAG_OWNER=***
AIRFLOW_CTX_DAG_ID=people
AIRFLOW_CTX_TASK_ID=read_people
AIRFLOW_CTX_EXECUTION_DATE=2023-11-03T18:29:11.319143+00:00
AIRFLOW_CTX_TRY_NUMBER=1
AIRFLOW_CTX_DAG_RUN_ID=manual__2023-11-03T18:29:11.319143+00:00
[2023-11-03T18:29:14.817+0000] {logging_mixin.py:120} INFO - Skipping row with insufficient data: ['10,8e4FB470FE19bF0,Isaiah,Downs,Male,virginiaterrell@example.org,+1-511-372-1544x8206,1964-09-20,"Engineer, site"']
[2023-11-03T18:29:14.818+0000] {logging_mixin.py:120} INFO - Skipping row with insufficient data: ['13,C03fDADdAadAdCe,Mandy,Blake,Male,jefferynoble@example.org,(992)466-1305x4947,2007-12-08,"Scientist, clinical (histocompatibility and immunogenetics)"']
[2023-11-03T18:29:14.819+0000] {logging_mixin.py:120} INFO - Skipping row with insufficient data: ['19,7F7E1BAcb0C9AFf,Alvin,Paul,Male,gilbertdonaldson@example.com,219.436.0887x07551,1949-05-12,"Teacher, adult education"']
[2023-11-03T18:29:14.820+0000] {logging_mixin.py:120} INFO - Skipping row with insufficient data: ['21,b31D271F8c200AB,Jacqueline,Norton,Female,carias@example.net,819.309.7679x59173,1952-10-09,"Scientist, marine"']
[2023-11-03T18:29:14.820+0000] {logging_mixin.py:120} INFO - Skipping row with insufficient data: ['26,c9F2282C40BEC1E,Sean,Levine,Male,sallymiller@example.net,4915828504,2010-10-09,"Conservation officer, nature"']
[2023-11-03T18:29:14.821+0000] {logging_mixin.py:120} INFO - Skipping row with insufficient data: ['34,6Dec5b5542F8ed8,Brandon,Schmidt,Female,mconley@example.net,+1-386-673-1465x006,1931-05-12,"Engineer, biomedical"']
[2023-11-03T18:29:14.822+0000] {logging_mixin.py:120} INFO - Skipping row with insufficient data: ['37,aa614aAE4B7Cf0C,Leonard,Hurst,Male,clinton78@example.org,941-038-0427x38800,1938-03-13,"Accountant, chartered management"']
[2023-11-03T18:29:14.823+0000] {logging_mixin.py:120} INFO - Skipping row with insufficient data: ['38,ACcde95AAe3e6cC,Gene,Rich,Female,luisdeleon@example.org,+1-356-818-6604x89537,1946-08-22,"Surveyor, quantity"']
[2023-11-03T18:29:14.823+0000] {logging_mixin.py:120} INFO - Skipping row with insufficient data: ['41,7D0AcBF6CCac3fd,Matthew,Stone,Female,evelyn31@example.org,952-381-6360,2017-08-23,"Scientist, clinical (histocompatibility and immunogenetics)"']
[2023-11-03T18:29:14.824+0000] {logging_mixin.py:120} INFO - Skipping row with insufficient data: ['47,f3BD2cBF7eEb6df,Danielle,Estrada,Female,jvang@example.org,(890)374-9518x772,1930-07-09,"Accountant, chartered management"']
[2023-11-03T18:29:14.825+0000] {logging_mixin.py:120} INFO - Skipping row with insufficient data: ['50,E47FB71DD9ACCd9,Joshua,Sweeney,Male,daisymcgee@example.net,875.994.2100x535,1954-07-28,"Education officer, museum"']
[2023-11-03T18:29:14.826+0000] {logging_mixin.py:120} INFO - Skipping row with insufficient data: ['65,Ee6974f90eeCe18,Harold,Barnett,Female,nathan65@example.org,+1-026-265-6392,1943-03-15,"Biochemist, clinical"']
[2023-11-03T18:29:14.826+0000] {logging_mixin.py:120} INFO - Skipping row with insufficient data: ['66,cEf02C076afa07f,Larry,Harper,Male,maria32@example.org,+1-244-630-3792x4121,2021-05-05,"Scientist, water quality"']
[2023-11-03T18:29:14.827+0000] {logging_mixin.py:120} INFO - Skipping row with insufficient data: ['68,3faB1CBfEFBDdD4,Brittney,Rubio,Female,corey92@example.com,593.976.2528,1959-12-24,"Biochemist, clinical"']
[2023-11-03T18:29:14.828+0000] {logging_mixin.py:120} INFO - Skipping row with insufficient data: ['75,c935b7Eb6FA0B0F,Kim,Andrews,Female,wpetersen@example.org,7677125383,1990-11-15,"Biochemist, clinical"']
[2023-11-03T18:29:14.829+0000] {logging_mixin.py:120} INFO - Skipping row with insufficient data: ['77,dade3452F0c32FD,Jonathon,Atkinson,Male,gailfrench@example.net,874-037-2032x932,2011-07-19,"Psychologist, forensic"']
[2023-11-03T18:29:14.829+0000] {logging_mixin.py:120} INFO - Skipping row with insufficient data: ['85,E883773cA5219Be,Helen,Williamson,Female,melvin08@example.net,001-377-726-4229,1911-08-11,"Lecturer, further education"']
[2023-11-03T18:29:14.830+0000] {logging_mixin.py:120} INFO - Skipping row with insufficient data: ['87,5834700fbEd2771,Chelsea,Dickson,Male,johnnyhendricks@example.net,001-698-651-0138x18588,1958-05-13,"Teacher, early years/pre"']
[2023-11-03T18:29:14.831+0000] {logging_mixin.py:120} INFO - Skipping row with insufficient data: ['92,d6EA619A7C4aA95,Jamie,Hardy,Female,sheenadouglas@example.com,(900)803-9295x11533,1994-07-17,"Conservator, furniture"']
[2023-11-03T18:29:14.832+0000] {logging_mixin.py:120} INFO - [['1', '88F7B33d2bcf9f5', 'Shelby', 'Terrell', 'Male', 'elijah57@example.net'], ['2', 'f90cD3E76f1A9b9', 'Phillip', 'Summers', 'Female', 'bethany14@example.com'], ['3', 'DbeAb8CcdfeFC2c', 'Kristine', 'Travis', 'Male', 'bthompson@example.com'], ['4', 'A31Bee3c201ef58', 'Yesenia', 'Martinez', 'Male', 'kaitlinkaiser@example.com'], ['5', '1bA7A3dc874da3c', 'Lori', 'Todd', 'Male', 'buchananmanuel@example.net'], ['6', 'bfDD7CDEF5D865B', 'Erin', 'Day', 'Male', 'tconner@example.org'], ['7', 'bE9EEf34cB72AF7', 'Katherine', 'Buck', 'Female', 'conniecowan@example.com'], ['8', '2EFC6A4e77FaEaC', 'Ricardo', 'Hinton', 'Male', 'wyattbishop@example.com'], ['9', 'baDcC4DeefD8dEB', 'Dave', 'Farrell', 'Male', 'nmccann@example.net'], ['11', 'BF0BbA03C29Bb3b', 'Sheila', 'Ross', 'Female', 'huangcathy@example.com'], ['12', 'F738c69fB34E62E', 'Stacy', 'Newton', 'Male', 'rayleroy@example.org'], ['14', 'b759b74BD1dE80d', 'Bridget', 'Nash', 'Female', 'mercedes44@example.com'], ['15', '1F0B7D65A00DAF9', 'Crystal', 'Farmer', 'Male', 'pmiranda@example.org'], ['16', '50Bb061cB30B461', 'Thomas', 'Knight', 'Female', 'braunpriscilla@example.net'], ['17', 'D6dbA5308fEC4BC', 'Maurice', 'Rangel', 'Male', 'sheenabanks@example.com'], ['18', '311D775990f066d', 'Frank', 'Meadows', 'Male', 'gbrewer@example.org'], ['20', '88473e15D5c3cD0', 'Jared', 'Mitchell', 'Female', 'jcortez@example.com'], ['22', '42F4BdA841aBadC', 'Colleen', 'Hatfield', 'Female', 'fknox@example.org'], ['23', 'cBbBcA0FCA3C4Bc', 'Randy', 'Barnes', 'Male', 'huangbill@example.org'], ['24', 'f1f89173353aD90', 'Janice', 'Rhodes', 'Female', 'juarezdominique@example.net'], ['25', 'c5B09fb33e8bA0A', 'Alfred', 'Mcneil', 'Female', 'cassandramorris@example.com'], ['27', '9c1bc7EC53Fb7cE', 'Louis', 'Payne', 'Male', 'bsullivan@example.net'], ['28', 'ddEc50e2A2e3a2B', 'Brittney', 'Vega', 'Female', 'ayalajose@example.net'], ['29', '66F096D36Ebae11', 'Judy', 'Buckley', 'Male', 'irosales@example.net'], ['30', 'F0fE2faAd78F8b5', 'Norman', 'Weber', 'Male', 'mconrad@example.com'], ['31', '5d2feAfbdCAA6B5', 'Isaiah', 'Camacho', 'Female', 'jimblake@example.org'], ['32', 'cDa5F303fCd6dEa', 'Jacqueline', 'Gallagher', 'Male', 'nsampson@example.net'], ['33', '8Ef7DBfcaB02b6B', 'Bonnie', 'Andrews', 'Female', 'caitlin24@example.net'], ['35', '3Fb8a7f68e12784', 'Jackson', 'Sparks', 'Female', 'reynoldsdarryl@example.net'], ['36', '035eff50B9A0F24', 'Melody', 'Cook', 'Male', 'jeannovak@example.org'], ['39', 'b6a35de5CB6fc25', 'Cynthia', 'Wiggins', 'Female', 'rosariodave@example.org'], ['40', 'e92A191E345fA3A', 'Tanya', 'Mckinney', 'Female', 'vickihouston@example.com'], ['42', 'CEFA7BBCef013AE', 'Kirk', 'Walsh', 'Female', 'stephenfuller@example.org'], ['43', '9edBC94aE7cA22a', 'Willie', 'Vang', 'Female', 'haleymathews@example.net'], ['44', 'fFe7BAA737aDbe2', 'Miguel', 'Hill', 'Female', 'tyrone56@example.org'], ['45', '5F2f3fAca8B0946', 'Darren', 'Andrews', 'Male', 'lhernandez@example.com'], ['46', '6bFcfc3cc1BC6B4', 'Haley', 'Pugh', 'Female', 'molly03@example.org'], ['48', 'Ee4eB129dC7913A', 'Becky', 'Brady', 'Male', 'erikmueller@example.org'], ['49', 'dBCEf340C3657Eb', 'Caitlyn', 'Frey', 'Male', 'rivasdominique@example.org'], ['51', 'eA3fDd79BE9f0E7', 'Heidi', 'Escobar', 'Female', 'staffordtravis@example.net'], ['52', 'aF0eE4547Bc025c', 'Brian', 'Oconnell', 'Female', 'saralong@example.net'], ['53', '9F5DeD7aD228F5a', 'Beverly', 'Esparza', 'Female', 'iphelps@example.net'], ['54', 'D3Fa0220dDE4d36', 'Nathaniel', 'Rivas', 'Female', 'roberto29@example.com'], ['55', '60FdBFd5e7BE8fF', 'Debra', 'Payne', 'Female', 'yolanda07@example.org'], ['56', 'D8bF5Ab2b98caff', 'Mackenzie', 'Rocha', 'Female', 'abbottyvette@example.net'], ['57', 'CD8d33aA25bc8BB', 'Courtney', 'Watkins', 'Female', 'ochang@example.org'], ['58', 'Fac3BfFf0A3d03c', 'Fred', 'Olsen', 'Female', 'amyanderson@example.com'], ['59', 'e552D7ddafe1FFb', 'Ryan', 'Nelson', 'Female', 'qnorman@example.org'], ['60', '0f8deedb629A5f6', 'Grace', 'Phelps', 'Male', 'clarkeangela@example.net'], ['61', 'bB9e49E506F65ed', 'Shari', 'Daugherty', 'Male', 'kalvarado@example.org'], ['62', 'Ed724605A403D91', 'Kelli', 'Garner', 'Male', 'jodyvincent@example.org'], ['63', '0aBE5ACb18E0c10', 'Jackie', 'Bennett', 'Male', 'hutchinsonkirk@example.com'], ['64', '5D2cb63CaAF53f6', 'Leslie', 'Conway', 'Female', 'floreschristina@example.org'], ['67', '9Df5Ba591bF3EFf', 'Mike', 'Ward', 'Female', 'imccullough@example.com'], ['69', 'Ebcefdf75eCb0a9', 'Frank', 'Pineda', 'Male', 'daltoncalvin@example.net'], ['70', 'e75e5DBfcb68887', 'Sandra', 'Wu', 'Male', 'ubanks@example.com'], ['71', '6a53a8D41dDF6de', 'Ryan', 'Benton', 'Male', 'lopezdebbie@example.org'], ['72', 'F0d3bD1aaf9E3Bc', 'Tamara', 'Hull', 'Male', 'meagan39@example.net'], ['73', '5bC87340799FBD0', 'Jean', 'Ritter', 'Female', 'kristina76@example.com'], ['74', 'dBfA17Aaf16b4ab', 'Veronica', 'Briggs', 'Female', 'weissbridget@example.com'], ['76', 'b3e15e65Ca2CcBf', 'Tina', 'Cunningham', 'Male', 'wongmary@example.org'], ['78', 'AdEd6cfD85DeC46', 'Jermaine', 'Reid', 'Female', 'vpaul@example.com'], ['79', 'DAf111987098ae4', 'Regina', 'Stevens', 'Male', 'xpoole@example.net'], ['80', '6e6a5b885F6496d', 'Terrence', 'Huff', 'Male', 'cassandra80@example.org'], ['81', '12DCb4ED8E01D5C', 'Tyler', 'Foley', 'Female', 'johnathan72@example.org'], ['82', 'E1cB5cA8CA7CC0a', 'Andrew', 'Waters', 'Male', 'nhall@example.net'], ['83', 'AedDfaE8Cf49F07', 'Reginald', 'Stephenson', 'Male', 'erikaball@example.net'], ['84', 'bff9853aFAeF772', 'Douglas', 'Reese', 'Female', 'nixonvanessa@example.net'], ['86', 'CB19EafEbBfF9eC', 'Mario', 'Vaughn', 'Male', 'oblake@example.com'], ['88', '2b0Ab1Dc9E01D7E', 'Dustin', 'Bailey', 'Male', 'pbarron@example.net'], ['89', '3f3a3D89ad042Dd', 'Harry', 'Medina', 'Female', 'olsenmalik@example.net'], ['90', '9425E2F38C408ef', 'Kathy', 'Haney', 'Female', 'teresa37@example.com'], ['91', 'F0aeC9c2759F3C6', 'Alison', 'Nixon', 'Female', 'zmiles@example.net'], ['93', '2A33E7Cad1bb0F5', 'Melody', 'Cox', 'Female', 'evan90@example.org'], ['94', 'd181FFB7d3E68bb', 'Xavier', 'Cole', 'Male', 'nicolas90@example.org'], ['95', 'feaBf8dAE0C0d6F', 'Dillon', 'Guzman', 'Female', 'angelanavarro@example.net'], ['96', '5eFda7caAeB260E', 'Dennis', 'Barnes', 'Female', 'bmartin@example.org'], ['97', 'CCbFce93d3720bE', 'Steve', 'Patterson', 'Female', 'latasha46@example.net'], ['98', '2fEc528aFAF0b69', 'Wesley', 'Bray', 'Male', 'regina11@example.org'], ['99', 'Adc7ad9B6e4A1Fe', 'Summer', 'Oconnell', 'Female', 'alexiscantrell@example.org'], ['100', 'b8D0aD3490FC7e1', 'Mariah', 'Bernard', 'Male', 'pcopeland@example.org']]
[2023-11-03T18:29:14.842+0000] {base.py:71} INFO - Using connection ID 'postgres' for task execution.
[2023-11-03T18:29:14.848+0000] {taskinstance.py:1851} ERROR - Task failed with exception
Traceback (most recent call last):
  File "/home/airflow/.local/lib/python3.7/site-packages/airflow/operators/python.py", line 175, in execute
    return_value = self.execute_callable()
  File "/home/airflow/.local/lib/python3.7/site-packages/airflow/operators/python.py", line 193, in execute_callable
    return self.python_callable(*self.op_args, **self.op_kwargs)
  File "/opt/airflow/dags/people.py", line 39, in _read_people
    commit_every=1000, replace=True, replace_index="Index")
  File "/home/airflow/.local/lib/python3.7/site-packages/airflow/providers/common/sql/hooks/sql.py", line 409, in insert_rows
    cur.execute(sql, values)
psycopg2.errors.UndefinedColumn: column "last_name" of relation "people" does not exist
LINE 1: INSERT INTO people (Index, User_Id, First_Name, Last_Name, S...
                                                        ^

[2023-11-03T18:29:14.863+0000] {taskinstance.py:1406} INFO - Marking task as FAILED. dag_id=people, task_id=read_people, execution_date=20231103T182911, start_date=20231103T182914, end_date=20231103T182914
[2023-11-03T18:29:14.881+0000] {standard_task_runner.py:105} ERROR - Failed to execute job 116 for task read_people (column "last_name" of relation "people" does not exist
LINE 1: INSERT INTO people (Index, User_Id, First_Name, Last_Name, S...
                                                        ^
; 1267)
[2023-11-03T18:29:14.913+0000] {local_task_job.py:164} INFO - Task exited with return code 1
[2023-11-03T18:29:14.937+0000] {local_task_job.py:273} INFO - 0 downstream tasks scheduled from follow-on schedule check
