[2023-11-13T11:19:29.199+0000] {taskinstance.py:1087} INFO - Dependencies all met for <TaskInstance: customers.save_customers_to_excel manual__2023-11-13T11:19:17.582947+00:00 [queued]>
[2023-11-13T11:19:29.226+0000] {taskinstance.py:1087} INFO - Dependencies all met for <TaskInstance: customers.save_customers_to_excel manual__2023-11-13T11:19:17.582947+00:00 [queued]>
[2023-11-13T11:19:29.227+0000] {taskinstance.py:1283} INFO - 
--------------------------------------------------------------------------------
[2023-11-13T11:19:29.228+0000] {taskinstance.py:1284} INFO - Starting attempt 1 of 1
[2023-11-13T11:19:29.229+0000] {taskinstance.py:1285} INFO - 
--------------------------------------------------------------------------------
[2023-11-13T11:19:29.261+0000] {taskinstance.py:1304} INFO - Executing <Task(PythonOperator): save_customers_to_excel> on 2023-11-13 11:19:17.582947+00:00
[2023-11-13T11:19:29.271+0000] {standard_task_runner.py:55} INFO - Started process 6745 to run task
[2023-11-13T11:19:29.274+0000] {standard_task_runner.py:82} INFO - Running: ['***', 'tasks', 'run', 'customers', 'save_customers_to_excel', 'manual__2023-11-13T11:19:17.582947+00:00', '--job-id', '631', '--raw', '--subdir', 'DAGS_FOLDER/customer.py', '--cfg-path', '/tmp/tmpf6naod81']
[2023-11-13T11:19:29.279+0000] {standard_task_runner.py:83} INFO - Job 631: Subtask save_customers_to_excel
[2023-11-13T11:19:29.382+0000] {task_command.py:389} INFO - Running <TaskInstance: customers.save_customers_to_excel manual__2023-11-13T11:19:17.582947+00:00 [running]> on host 06d7566f07d2
[2023-11-13T11:19:29.723+0000] {taskinstance.py:1513} INFO - Exporting the following env vars:
AIRFLOW_CTX_DAG_OWNER=Tetiana
AIRFLOW_CTX_DAG_ID=customers
AIRFLOW_CTX_TASK_ID=save_customers_to_excel
AIRFLOW_CTX_EXECUTION_DATE=2023-11-13T11:19:17.582947+00:00
AIRFLOW_CTX_TRY_NUMBER=1
AIRFLOW_CTX_DAG_RUN_ID=manual__2023-11-13T11:19:17.582947+00:00
[2023-11-13T11:19:29.732+0000] {taskinstance.py:1772} ERROR - Task failed with exception
Traceback (most recent call last):
  File "/home/airflow/.local/lib/python3.7/site-packages/airflow/operators/python.py", line 175, in execute
    return_value = self.execute_callable()
  File "/home/airflow/.local/lib/python3.7/site-packages/airflow/operators/python.py", line 192, in execute_callable
    return self.python_callable(*self.op_args, **self.op_kwargs)
  File "/opt/airflow/dags/customer.py", line 62, in _save_customers_to_excel
    wb.save(customers_file)
  File "/home/airflow/.local/lib/python3.7/site-packages/openpyxl/workbook/workbook.py", line 386, in save
    save_workbook(self, filename)
  File "/home/airflow/.local/lib/python3.7/site-packages/openpyxl/writer/excel.py", line 291, in save_workbook
    archive = ZipFile(filename, 'w', ZIP_DEFLATED, allowZip64=True)
  File "/usr/local/lib/python3.7/zipfile.py", line 1240, in __init__
    self.fp = io.open(file, filemode)
FileNotFoundError: [Errno 2] No such file or directory: '/opt/data/output/customers.xlsx'
[2023-11-13T11:19:29.773+0000] {taskinstance.py:1327} INFO - Marking task as FAILED. dag_id=customers, task_id=save_customers_to_excel, execution_date=20231113T111917, start_date=20231113T111929, end_date=20231113T111929
[2023-11-13T11:19:29.800+0000] {standard_task_runner.py:105} ERROR - Failed to execute job 631 for task save_customers_to_excel ([Errno 2] No such file or directory: '/opt/data/output/customers.xlsx'; 6745)
[2023-11-13T11:19:29.853+0000] {local_task_job.py:159} INFO - Task exited with return code 1
[2023-11-13T11:19:29.884+0000] {taskinstance.py:2582} INFO - 0 downstream tasks scheduled from follow-on schedule check
