[2023-11-10T11:44:23.232+0000] {taskinstance.py:1087} INFO - Dependencies all met for <TaskInstance: create_merged_table.create_merged_table manual__2023-11-10T11:44:21.409868+00:00 [queued]>
[2023-11-10T11:44:23.249+0000] {taskinstance.py:1087} INFO - Dependencies all met for <TaskInstance: create_merged_table.create_merged_table manual__2023-11-10T11:44:21.409868+00:00 [queued]>
[2023-11-10T11:44:23.251+0000] {taskinstance.py:1283} INFO - 
--------------------------------------------------------------------------------
[2023-11-10T11:44:23.253+0000] {taskinstance.py:1284} INFO - Starting attempt 1 of 1
[2023-11-10T11:44:23.279+0000] {taskinstance.py:1285} INFO - 
--------------------------------------------------------------------------------
[2023-11-10T11:44:23.312+0000] {taskinstance.py:1304} INFO - Executing <Task(PostgresOperator): create_merged_table> on 2023-11-10 11:44:21.409868+00:00
[2023-11-10T11:44:23.321+0000] {standard_task_runner.py:55} INFO - Started process 669 to run task
[2023-11-10T11:44:23.324+0000] {standard_task_runner.py:82} INFO - Running: ['***', 'tasks', 'run', 'create_merged_table', 'create_merged_table', 'manual__2023-11-10T11:44:21.409868+00:00', '--job-id', '502', '--raw', '--subdir', 'DAGS_FOLDER/union.py', '--cfg-path', '/tmp/tmpkmkd773f']
[2023-11-10T11:44:23.327+0000] {standard_task_runner.py:83} INFO - Job 502: Subtask create_merged_table
[2023-11-10T11:44:23.404+0000] {task_command.py:389} INFO - Running <TaskInstance: create_merged_table.create_merged_table manual__2023-11-10T11:44:21.409868+00:00 [running]> on host ae05fe974d8d
[2023-11-10T11:44:23.502+0000] {taskinstance.py:1513} INFO - Exporting the following env vars:
AIRFLOW_CTX_DAG_OWNER=Tetiana
AIRFLOW_CTX_DAG_ID=create_merged_table
AIRFLOW_CTX_TASK_ID=create_merged_table
AIRFLOW_CTX_EXECUTION_DATE=2023-11-10T11:44:21.409868+00:00
AIRFLOW_CTX_TRY_NUMBER=1
AIRFLOW_CTX_DAG_RUN_ID=manual__2023-11-10T11:44:21.409868+00:00
[2023-11-10T11:44:23.503+0000] {sql.py:253} INFO - Executing: 
        CREATE TABLE IF NOT EXISTS merged_table AS
        SELECT
        customers.*,
        people.user_id AS people_user_id,
        people.first_name AS people_first_name,
        people.last_name AS people_last_name,
        people.sex AS people_sex,
        people.email AS people_email,
        people.phone AS people_phone,
        people.date_of_birth AS people_date_of_birth,
        people.job_title AS people_job_title
        FROM customers
        LEFT JOIN people ON people.user_id = customers.customer_id;
        
[2023-11-10T11:44:23.515+0000] {base.py:73} INFO - Using connection ID 'postgres' for task execution.
[2023-11-10T11:44:23.777+0000] {base.py:73} INFO - Using connection ID 'postgres' for task execution.
[2023-11-10T11:44:23.781+0000] {sql.py:364} INFO - Running statement: 
        CREATE TABLE IF NOT EXISTS merged_table AS
        SELECT
        customers.*,
        people.user_id AS people_user_id,
        people.first_name AS people_first_name,
        people.last_name AS people_last_name,
        people.sex AS people_sex,
        people.email AS people_email,
        people.phone AS people_phone,
        people.date_of_birth AS people_date_of_birth,
        people.job_title AS people_job_title
        FROM customers
        LEFT JOIN people ON people.user_id = customers.customer_id;
        , parameters: None
[2023-11-10T11:44:23.788+0000] {sql.py:373} INFO - Rows affected: 106
[2023-11-10T11:44:23.801+0000] {taskinstance.py:1327} INFO - Marking task as SUCCESS. dag_id=create_merged_table, task_id=create_merged_table, execution_date=20231110T114421, start_date=20231110T114423, end_date=20231110T114423
[2023-11-10T11:44:23.858+0000] {local_task_job.py:159} INFO - Task exited with return code 0
[2023-11-10T11:44:23.882+0000] {taskinstance.py:2582} INFO - 0 downstream tasks scheduled from follow-on schedule check
