[2023-11-02T09:31:27.282+0000] {taskinstance.py:1165} INFO - Dependencies all met for <TaskInstance: user_processing.store_user scheduled__2023-11-01T00:00:00+00:00 [queued]>
[2023-11-02T09:31:27.297+0000] {taskinstance.py:1165} INFO - Dependencies all met for <TaskInstance: user_processing.store_user scheduled__2023-11-01T00:00:00+00:00 [queued]>
[2023-11-02T09:31:27.297+0000] {taskinstance.py:1362} INFO - 
--------------------------------------------------------------------------------
[2023-11-02T09:31:27.298+0000] {taskinstance.py:1363} INFO - Starting attempt 1 of 1
[2023-11-02T09:31:27.299+0000] {taskinstance.py:1364} INFO - 
--------------------------------------------------------------------------------
[2023-11-02T09:31:27.319+0000] {taskinstance.py:1383} INFO - Executing <Task(PythonOperator): store_user> on 2023-11-01 00:00:00+00:00
[2023-11-02T09:31:27.325+0000] {standard_task_runner.py:55} INFO - Started process 6064 to run task
[2023-11-02T09:31:27.330+0000] {standard_task_runner.py:82} INFO - Running: ['***', 'tasks', 'run', 'user_processing', 'store_user', 'scheduled__2023-11-01T00:00:00+00:00', '--job-id', '12', '--raw', '--subdir', 'DAGS_FOLDER/user_processing.py', '--cfg-path', '/tmp/tmp2w93w3ul']
[2023-11-02T09:31:27.332+0000] {standard_task_runner.py:83} INFO - Job 12: Subtask store_user
[2023-11-02T09:31:27.445+0000] {task_command.py:376} INFO - Running <TaskInstance: user_processing.store_user scheduled__2023-11-01T00:00:00+00:00 [running]> on host b33dd0bd4b35
[2023-11-02T09:31:27.576+0000] {taskinstance.py:1592} INFO - Exporting the following env vars:
AIRFLOW_CTX_DAG_OWNER=***
AIRFLOW_CTX_DAG_ID=user_processing
AIRFLOW_CTX_TASK_ID=store_user
AIRFLOW_CTX_EXECUTION_DATE=2023-11-01T00:00:00+00:00
AIRFLOW_CTX_TRY_NUMBER=1
AIRFLOW_CTX_DAG_RUN_ID=scheduled__2023-11-01T00:00:00+00:00
[2023-11-02T09:31:27.578+0000] {postgres.py:129} INFO - Running copy expert: COPY users FROM stdin WITH DELIMITER as ',', filename: /tmp/processed_user.csv
[2023-11-02T09:31:27.588+0000] {base.py:71} INFO - Using connection ID 'postgres' for task execution.
[2023-11-02T09:31:27.598+0000] {python.py:177} INFO - Done. Returned value was: None
[2023-11-02T09:31:27.610+0000] {taskinstance.py:1406} INFO - Marking task as SUCCESS. dag_id=user_processing, task_id=store_user, execution_date=20231101T000000, start_date=20231102T093127, end_date=20231102T093127
[2023-11-02T09:31:27.663+0000] {local_task_job.py:164} INFO - Task exited with return code 0
[2023-11-02T09:31:27.686+0000] {local_task_job.py:273} INFO - 0 downstream tasks scheduled from follow-on schedule check
[2023-11-02T18:19:07.548+0000] {taskinstance.py:1165} INFO - Dependencies all met for <TaskInstance: user_processing.store_user scheduled__2023-11-01T00:00:00+00:00 [queued]>
[2023-11-02T18:19:07.565+0000] {taskinstance.py:1165} INFO - Dependencies all met for <TaskInstance: user_processing.store_user scheduled__2023-11-01T00:00:00+00:00 [queued]>
[2023-11-02T18:19:07.565+0000] {taskinstance.py:1362} INFO - 
--------------------------------------------------------------------------------
[2023-11-02T18:19:07.566+0000] {taskinstance.py:1363} INFO - Starting attempt 1 of 1
[2023-11-02T18:19:07.566+0000] {taskinstance.py:1364} INFO - 
--------------------------------------------------------------------------------
[2023-11-02T18:19:07.591+0000] {taskinstance.py:1383} INFO - Executing <Task(PythonOperator): store_user> on 2023-11-01 00:00:00+00:00
[2023-11-02T18:19:07.597+0000] {standard_task_runner.py:55} INFO - Started process 172 to run task
[2023-11-02T18:19:07.600+0000] {standard_task_runner.py:82} INFO - Running: ['***', 'tasks', 'run', 'user_processing', 'store_user', 'scheduled__2023-11-01T00:00:00+00:00', '--job-id', '37', '--raw', '--subdir', 'DAGS_FOLDER/user_processing.py', '--cfg-path', '/tmp/tmpt2g_3y3m']
[2023-11-02T18:19:07.602+0000] {standard_task_runner.py:83} INFO - Job 37: Subtask store_user
[2023-11-02T18:19:07.681+0000] {task_command.py:376} INFO - Running <TaskInstance: user_processing.store_user scheduled__2023-11-01T00:00:00+00:00 [running]> on host 6c8be2bfe956
[2023-11-02T18:19:07.775+0000] {taskinstance.py:1592} INFO - Exporting the following env vars:
AIRFLOW_CTX_DAG_OWNER=***
AIRFLOW_CTX_DAG_ID=user_processing
AIRFLOW_CTX_TASK_ID=store_user
AIRFLOW_CTX_EXECUTION_DATE=2023-11-01T00:00:00+00:00
AIRFLOW_CTX_TRY_NUMBER=1
AIRFLOW_CTX_DAG_RUN_ID=scheduled__2023-11-01T00:00:00+00:00
[2023-11-02T18:19:07.777+0000] {postgres.py:129} INFO - Running copy expert: COPY users FROM stdin WITH DELIMITER as ',', filename: /opt/data/processed_user.csv
[2023-11-02T18:19:07.790+0000] {base.py:71} INFO - Using connection ID 'postgres' for task execution.
[2023-11-02T18:19:07.801+0000] {python.py:177} INFO - Done. Returned value was: None
[2023-11-02T18:19:07.821+0000] {taskinstance.py:1406} INFO - Marking task as SUCCESS. dag_id=user_processing, task_id=store_user, execution_date=20231101T000000, start_date=20231102T181907, end_date=20231102T181907
[2023-11-02T18:19:07.893+0000] {local_task_job.py:164} INFO - Task exited with return code 0
[2023-11-02T18:19:07.917+0000] {local_task_job.py:273} INFO - 0 downstream tasks scheduled from follow-on schedule check
