[2023-11-09T18:47:24.113+0000] {taskinstance.py:1087} INFO - Dependencies all met for <TaskInstance: customers.save_customers_to_excel manual__2023-11-09T18:47:16.991836+00:00 [queued]>
[2023-11-09T18:47:24.142+0000] {taskinstance.py:1087} INFO - Dependencies all met for <TaskInstance: customers.save_customers_to_excel manual__2023-11-09T18:47:16.991836+00:00 [queued]>
[2023-11-09T18:47:24.143+0000] {taskinstance.py:1283} INFO - 
--------------------------------------------------------------------------------
[2023-11-09T18:47:24.144+0000] {taskinstance.py:1284} INFO - Starting attempt 1 of 1
[2023-11-09T18:47:24.145+0000] {taskinstance.py:1285} INFO - 
--------------------------------------------------------------------------------
[2023-11-09T18:47:24.189+0000] {taskinstance.py:1304} INFO - Executing <Task(PythonOperator): save_customers_to_excel> on 2023-11-09 18:47:16.991836+00:00
[2023-11-09T18:47:24.196+0000] {standard_task_runner.py:55} INFO - Started process 12171 to run task
[2023-11-09T18:47:24.200+0000] {standard_task_runner.py:82} INFO - Running: ['***', 'tasks', 'run', 'customers', 'save_customers_to_excel', 'manual__2023-11-09T18:47:16.991836+00:00', '--job-id', '196', '--raw', '--subdir', 'DAGS_FOLDER/customers.py', '--cfg-path', '/tmp/tmpe4vg_u5m']
[2023-11-09T18:47:24.209+0000] {standard_task_runner.py:83} INFO - Job 196: Subtask save_customers_to_excel
[2023-11-09T18:47:24.338+0000] {task_command.py:389} INFO - Running <TaskInstance: customers.save_customers_to_excel manual__2023-11-09T18:47:16.991836+00:00 [running]> on host 9dcc097b8292
[2023-11-09T18:47:24.688+0000] {taskinstance.py:1513} INFO - Exporting the following env vars:
AIRFLOW_CTX_DAG_OWNER=Tetiana
AIRFLOW_CTX_DAG_ID=customers
AIRFLOW_CTX_TASK_ID=save_customers_to_excel
AIRFLOW_CTX_EXECUTION_DATE=2023-11-09T18:47:16.991836+00:00
AIRFLOW_CTX_TRY_NUMBER=1
AIRFLOW_CTX_DAG_RUN_ID=manual__2023-11-09T18:47:16.991836+00:00
[2023-11-09T18:47:24.878+0000] {base.py:73} INFO - Using connection ID 'postgres' for task execution.
[2023-11-09T18:47:25.031+0000] {python.py:177} INFO - Done. Returned value was: None
[2023-11-09T18:47:25.051+0000] {taskinstance.py:1327} INFO - Marking task as SUCCESS. dag_id=customers, task_id=save_customers_to_excel, execution_date=20231109T184716, start_date=20231109T184724, end_date=20231109T184725
[2023-11-09T18:47:25.114+0000] {local_task_job.py:159} INFO - Task exited with return code 0
[2023-11-09T18:47:25.145+0000] {taskinstance.py:2582} INFO - 0 downstream tasks scheduled from follow-on schedule check
