[2023-11-01T18:52:19.847+0000] {taskinstance.py:1165} INFO - Dependencies all met for <TaskInstance: parallel_dag.extract_a scheduled__2023-10-31T00:00:00+00:00 [queued]>
[2023-11-01T18:52:19.864+0000] {taskinstance.py:1165} INFO - Dependencies all met for <TaskInstance: parallel_dag.extract_a scheduled__2023-10-31T00:00:00+00:00 [queued]>
[2023-11-01T18:52:19.865+0000] {taskinstance.py:1362} INFO - 
--------------------------------------------------------------------------------
[2023-11-01T18:52:19.866+0000] {taskinstance.py:1363} INFO - Starting attempt 1 of 1
[2023-11-01T18:52:19.867+0000] {taskinstance.py:1364} INFO - 
--------------------------------------------------------------------------------
[2023-11-01T18:52:19.891+0000] {taskinstance.py:1383} INFO - Executing <Task(BashOperator): extract_a> on 2023-10-31 00:00:00+00:00
[2023-11-01T18:52:19.909+0000] {standard_task_runner.py:55} INFO - Started process 176 to run task
[2023-11-01T18:52:19.913+0000] {standard_task_runner.py:82} INFO - Running: ['***', 'tasks', 'run', 'parallel_dag', 'extract_a', 'scheduled__2023-10-31T00:00:00+00:00', '--job-id', '11', '--raw', '--subdir', 'DAGS_FOLDER/parallel_dag.py', '--cfg-path', '/tmp/tmpol_fqzel']
[2023-11-01T18:52:19.914+0000] {standard_task_runner.py:83} INFO - Job 11: Subtask extract_a
[2023-11-01T18:52:20.041+0000] {task_command.py:376} INFO - Running <TaskInstance: parallel_dag.extract_a scheduled__2023-10-31T00:00:00+00:00 [running]> on host 0afe12bce7c8
[2023-11-01T18:52:20.158+0000] {taskinstance.py:1592} INFO - Exporting the following env vars:
AIRFLOW_CTX_DAG_OWNER=***
AIRFLOW_CTX_DAG_ID=parallel_dag
AIRFLOW_CTX_TASK_ID=extract_a
AIRFLOW_CTX_EXECUTION_DATE=2023-10-31T00:00:00+00:00
AIRFLOW_CTX_TRY_NUMBER=1
AIRFLOW_CTX_DAG_RUN_ID=scheduled__2023-10-31T00:00:00+00:00
[2023-11-01T18:52:20.160+0000] {subprocess.py:63} INFO - Tmp dir root location: 
 /tmp
[2023-11-01T18:52:20.161+0000] {subprocess.py:75} INFO - Running command: ['/bin/bash', '-c', 'sleep 10']
[2023-11-01T18:52:20.180+0000] {subprocess.py:86} INFO - Output:
[2023-11-01T18:52:30.243+0000] {subprocess.py:97} INFO - Command exited with return code 0
[2023-11-01T18:52:30.532+0000] {taskinstance.py:1406} INFO - Marking task as SUCCESS. dag_id=parallel_dag, task_id=extract_a, execution_date=20231031T000000, start_date=20231101T185219, end_date=20231101T185230
[2023-11-01T18:52:30.625+0000] {local_task_job.py:164} INFO - Task exited with return code 0
[2023-11-01T18:52:30.681+0000] {local_task_job.py:273} INFO - 1 downstream tasks scheduled from follow-on schedule check
