[2023-11-01T19:35:46.184+0000] {taskinstance.py:1165} INFO - Dependencies all met for <TaskInstance: group_dag.downloads.download_c scheduled__2023-11-01T19:35:42.460530+00:00 [queued]>
[2023-11-01T19:35:46.202+0000] {taskinstance.py:1165} INFO - Dependencies all met for <TaskInstance: group_dag.downloads.download_c scheduled__2023-11-01T19:35:42.460530+00:00 [queued]>
[2023-11-01T19:35:46.203+0000] {taskinstance.py:1362} INFO - 
--------------------------------------------------------------------------------
[2023-11-01T19:35:46.204+0000] {taskinstance.py:1363} INFO - Starting attempt 1 of 1
[2023-11-01T19:35:46.206+0000] {taskinstance.py:1364} INFO - 
--------------------------------------------------------------------------------
[2023-11-01T19:35:46.261+0000] {taskinstance.py:1383} INFO - Executing <Task(BashOperator): download_c> on 2023-11-01 19:35:42.460530+00:00
[2023-11-01T19:35:46.276+0000] {standard_task_runner.py:55} INFO - Started process 582 to run task
[2023-11-01T19:35:46.292+0000] {standard_task_runner.py:82} INFO - Running: ['***', 'tasks', 'run', 'group_dag.downloads', 'download_c', 'scheduled__2023-11-01T19:35:42.460530+00:00', '--job-id', '8', '--raw', '--subdir', 'DAGS_FOLDER/group_dag.py', '--cfg-path', '/tmp/tmpgplwzc33']
[2023-11-01T19:35:46.296+0000] {standard_task_runner.py:83} INFO - Job 8: Subtask download_c
[2023-11-01T19:35:46.483+0000] {task_command.py:376} INFO - Running <TaskInstance: group_dag.downloads.download_c scheduled__2023-11-01T19:35:42.460530+00:00 [running]> on host 3779655fe886
[2023-11-01T19:35:46.680+0000] {taskinstance.py:1592} INFO - Exporting the following env vars:
AIRFLOW_CTX_DAG_OWNER=***
AIRFLOW_CTX_DAG_ID=group_dag.downloads
AIRFLOW_CTX_TASK_ID=download_c
AIRFLOW_CTX_EXECUTION_DATE=2023-11-01T19:35:42.460530+00:00
AIRFLOW_CTX_TRY_NUMBER=1
AIRFLOW_CTX_DAG_RUN_ID=scheduled__2023-11-01T19:35:42.460530+00:00
[2023-11-01T19:35:46.681+0000] {subprocess.py:63} INFO - Tmp dir root location: 
 /tmp
[2023-11-01T19:35:46.683+0000] {subprocess.py:75} INFO - Running command: ['/bin/bash', '-c', 'sleep 10']
[2023-11-01T19:35:46.697+0000] {subprocess.py:86} INFO - Output:
[2023-11-01T19:35:56.705+0000] {subprocess.py:97} INFO - Command exited with return code 0
[2023-11-01T19:35:56.746+0000] {taskinstance.py:1406} INFO - Marking task as SUCCESS. dag_id=group_dag.downloads, task_id=download_c, execution_date=20231101T193542, start_date=20231101T193546, end_date=20231101T193556
[2023-11-01T19:35:56.883+0000] {local_task_job.py:164} INFO - Task exited with return code 0
[2023-11-01T19:35:56.933+0000] {local_task_job.py:273} INFO - 0 downstream tasks scheduled from follow-on schedule check
