[2023-11-07T10:53:04.543+0000] {taskinstance.py:1165} INFO - Dependencies all met for <TaskInstance: customers.save_customers_to_excel manual__2023-11-07T10:52:58.327438+00:00 [queued]>
[2023-11-07T10:53:04.560+0000] {taskinstance.py:1165} INFO - Dependencies all met for <TaskInstance: customers.save_customers_to_excel manual__2023-11-07T10:52:58.327438+00:00 [queued]>
[2023-11-07T10:53:04.561+0000] {taskinstance.py:1362} INFO - 
--------------------------------------------------------------------------------
[2023-11-07T10:53:04.561+0000] {taskinstance.py:1363} INFO - Starting attempt 1 of 1
[2023-11-07T10:53:04.562+0000] {taskinstance.py:1364} INFO - 
--------------------------------------------------------------------------------
[2023-11-07T10:53:04.581+0000] {taskinstance.py:1383} INFO - Executing <Task(PythonOperator): save_customers_to_excel> on 2023-11-07 10:52:58.327438+00:00
[2023-11-07T10:53:04.588+0000] {standard_task_runner.py:55} INFO - Started process 3174 to run task
[2023-11-07T10:53:04.591+0000] {standard_task_runner.py:82} INFO - Running: ['***', 'tasks', 'run', 'customers', 'save_customers_to_excel', 'manual__2023-11-07T10:52:58.327438+00:00', '--job-id', '511', '--raw', '--subdir', 'DAGS_FOLDER/customer_1.py', '--cfg-path', '/tmp/tmp91o30xuh']
[2023-11-07T10:53:04.593+0000] {standard_task_runner.py:83} INFO - Job 511: Subtask save_customers_to_excel
[2023-11-07T10:53:04.665+0000] {task_command.py:376} INFO - Running <TaskInstance: customers.save_customers_to_excel manual__2023-11-07T10:52:58.327438+00:00 [running]> on host 7cf1ce11ad7e
[2023-11-07T10:53:04.921+0000] {taskinstance.py:1592} INFO - Exporting the following env vars:
AIRFLOW_CTX_DAG_OWNER=***
AIRFLOW_CTX_DAG_ID=customers
AIRFLOW_CTX_TASK_ID=save_customers_to_excel
AIRFLOW_CTX_EXECUTION_DATE=2023-11-07T10:52:58.327438+00:00
AIRFLOW_CTX_TRY_NUMBER=1
AIRFLOW_CTX_DAG_RUN_ID=manual__2023-11-07T10:52:58.327438+00:00
[2023-11-07T10:53:04.933+0000] {base.py:71} INFO - Using connection ID 'postgres' for task execution.
[2023-11-07T10:53:05.075+0000] {base.py:71} INFO - Using connection ID 'postgres' for task execution.
[2023-11-07T10:53:05.173+0000] {python.py:177} INFO - Done. Returned value was: None
[2023-11-07T10:53:05.186+0000] {taskinstance.py:1406} INFO - Marking task as SUCCESS. dag_id=customers, task_id=save_customers_to_excel, execution_date=20231107T105258, start_date=20231107T105304, end_date=20231107T105305
[2023-11-07T10:53:05.246+0000] {local_task_job.py:164} INFO - Task exited with return code 0
[2023-11-07T10:53:05.271+0000] {local_task_job.py:273} INFO - 0 downstream tasks scheduled from follow-on schedule check
