[2023-11-13T12:00:47.600+0000] {taskinstance.py:1087} INFO - Dependencies all met for <TaskInstance: customers.create_customers_table manual__2023-11-13T12:00:39.521742+00:00 [queued]>
[2023-11-13T12:00:47.623+0000] {taskinstance.py:1087} INFO - Dependencies all met for <TaskInstance: customers.create_customers_table manual__2023-11-13T12:00:39.521742+00:00 [queued]>
[2023-11-13T12:00:47.624+0000] {taskinstance.py:1283} INFO - 
--------------------------------------------------------------------------------
[2023-11-13T12:00:47.627+0000] {taskinstance.py:1284} INFO - Starting attempt 1 of 1
[2023-11-13T12:00:47.628+0000] {taskinstance.py:1285} INFO - 
--------------------------------------------------------------------------------
[2023-11-13T12:00:47.655+0000] {taskinstance.py:1304} INFO - Executing <Task(PostgresOperator): create_customers_table> on 2023-11-13 12:00:39.521742+00:00
[2023-11-13T12:00:47.662+0000] {standard_task_runner.py:55} INFO - Started process 9019 to run task
[2023-11-13T12:00:47.666+0000] {standard_task_runner.py:82} INFO - Running: ['***', 'tasks', 'run', 'customers', 'create_customers_table', 'manual__2023-11-13T12:00:39.521742+00:00', '--job-id', '638', '--raw', '--subdir', 'DAGS_FOLDER/customer.py', '--cfg-path', '/tmp/tmp6_zbpexn']
[2023-11-13T12:00:47.668+0000] {standard_task_runner.py:83} INFO - Job 638: Subtask create_customers_table
[2023-11-13T12:00:47.782+0000] {task_command.py:389} INFO - Running <TaskInstance: customers.create_customers_table manual__2023-11-13T12:00:39.521742+00:00 [running]> on host 06d7566f07d2
[2023-11-13T12:00:49.548+0000] {taskinstance.py:1513} INFO - Exporting the following env vars:
AIRFLOW_CTX_DAG_OWNER=Tetiana
AIRFLOW_CTX_DAG_ID=customers
AIRFLOW_CTX_TASK_ID=create_customers_table
AIRFLOW_CTX_EXECUTION_DATE=2023-11-13T12:00:39.521742+00:00
AIRFLOW_CTX_TRY_NUMBER=1
AIRFLOW_CTX_DAG_RUN_ID=manual__2023-11-13T12:00:39.521742+00:00
[2023-11-13T12:00:49.549+0000] {sql.py:253} INFO - Executing: 
        CREATE TABLE IF NOT EXISTS customers (
            Index INT NOT NULL primary key,
            Customer_Id varchar(100),
            First_Name varchar(100),
            Last_Name varchar(100),
            Company varchar(100),
            City varchar(100),
            Country varchar(100),
            Phone_1 varchar(100),
            Email varchar(100),
            "Subscription Date" date,
            Website varchar(100)
        );
    
[2023-11-13T12:00:49.569+0000] {base.py:73} INFO - Using connection ID 'postgres' for task execution.
[2023-11-13T12:00:49.967+0000] {base.py:73} INFO - Using connection ID 'postgres' for task execution.
[2023-11-13T12:00:49.973+0000] {sql.py:364} INFO - Running statement: 
        CREATE TABLE IF NOT EXISTS customers (
            Index INT NOT NULL primary key,
            Customer_Id varchar(100),
            First_Name varchar(100),
            Last_Name varchar(100),
            Company varchar(100),
            City varchar(100),
            Country varchar(100),
            Phone_1 varchar(100),
            Email varchar(100),
            "Subscription Date" date,
            Website varchar(100)
        );
    , parameters: None
[2023-11-13T12:00:50.077+0000] {taskinstance.py:1327} INFO - Marking task as SUCCESS. dag_id=customers, task_id=create_customers_table, execution_date=20231113T120039, start_date=20231113T120047, end_date=20231113T120050
[2023-11-13T12:00:50.146+0000] {local_task_job.py:159} INFO - Task exited with return code 0
[2023-11-13T12:00:50.200+0000] {taskinstance.py:2582} INFO - 1 downstream tasks scheduled from follow-on schedule check
