[2023-11-01T18:52:45.622+0000] {taskinstance.py:1165} INFO - Dependencies all met for <TaskInstance: parallel_dag.transform manual__2023-11-01T18:52:20.775552+00:00 [queued]>
[2023-11-01T18:52:45.636+0000] {taskinstance.py:1165} INFO - Dependencies all met for <TaskInstance: parallel_dag.transform manual__2023-11-01T18:52:20.775552+00:00 [queued]>
[2023-11-01T18:52:45.636+0000] {taskinstance.py:1362} INFO - 
--------------------------------------------------------------------------------
[2023-11-01T18:52:45.637+0000] {taskinstance.py:1363} INFO - Starting attempt 1 of 1
[2023-11-01T18:52:45.638+0000] {taskinstance.py:1364} INFO - 
--------------------------------------------------------------------------------
[2023-11-01T18:52:45.660+0000] {taskinstance.py:1383} INFO - Executing <Task(BashOperator): transform> on 2023-11-01 18:52:20.775552+00:00
[2023-11-01T18:52:45.666+0000] {standard_task_runner.py:55} INFO - Started process 220 to run task
[2023-11-01T18:52:45.669+0000] {standard_task_runner.py:82} INFO - Running: ['***', 'tasks', 'run', 'parallel_dag', 'transform', 'manual__2023-11-01T18:52:20.775552+00:00', '--job-id', '19', '--raw', '--subdir', 'DAGS_FOLDER/parallel_dag.py', '--cfg-path', '/tmp/tmpdd1d5lmo']
[2023-11-01T18:52:45.670+0000] {standard_task_runner.py:83} INFO - Job 19: Subtask transform
[2023-11-01T18:52:45.737+0000] {task_command.py:376} INFO - Running <TaskInstance: parallel_dag.transform manual__2023-11-01T18:52:20.775552+00:00 [running]> on host 0afe12bce7c8
[2023-11-01T18:52:45.825+0000] {taskinstance.py:1592} INFO - Exporting the following env vars:
AIRFLOW_CTX_DAG_OWNER=***
AIRFLOW_CTX_DAG_ID=parallel_dag
AIRFLOW_CTX_TASK_ID=transform
AIRFLOW_CTX_EXECUTION_DATE=2023-11-01T18:52:20.775552+00:00
AIRFLOW_CTX_TRY_NUMBER=1
AIRFLOW_CTX_DAG_RUN_ID=manual__2023-11-01T18:52:20.775552+00:00
[2023-11-01T18:52:45.827+0000] {subprocess.py:63} INFO - Tmp dir root location: 
 /tmp
[2023-11-01T18:52:45.828+0000] {subprocess.py:75} INFO - Running command: ['/bin/bash', '-c', 'sleep 10']
[2023-11-01T18:52:45.839+0000] {subprocess.py:86} INFO - Output:
[2023-11-01T18:52:55.842+0000] {subprocess.py:97} INFO - Command exited with return code 0
[2023-11-01T18:52:55.884+0000] {taskinstance.py:1406} INFO - Marking task as SUCCESS. dag_id=parallel_dag, task_id=transform, execution_date=20231101T185220, start_date=20231101T185245, end_date=20231101T185255
[2023-11-01T18:52:55.921+0000] {local_task_job.py:164} INFO - Task exited with return code 0
[2023-11-01T18:52:55.950+0000] {local_task_job.py:273} INFO - 0 downstream tasks scheduled from follow-on schedule check
