[2023-11-03T18:41:24.095+0000] {taskinstance.py:1165} INFO - Dependencies all met for <TaskInstance: people.create_people_table manual__2023-11-03T18:41:22.067389+00:00 [queued]>
[2023-11-03T18:41:24.110+0000] {taskinstance.py:1165} INFO - Dependencies all met for <TaskInstance: people.create_people_table manual__2023-11-03T18:41:22.067389+00:00 [queued]>
[2023-11-03T18:41:24.111+0000] {taskinstance.py:1362} INFO - 
--------------------------------------------------------------------------------
[2023-11-03T18:41:24.112+0000] {taskinstance.py:1363} INFO - Starting attempt 1 of 1
[2023-11-03T18:41:24.113+0000] {taskinstance.py:1364} INFO - 
--------------------------------------------------------------------------------
[2023-11-03T18:41:24.131+0000] {taskinstance.py:1383} INFO - Executing <Task(PostgresOperator): create_people_table> on 2023-11-03 18:41:22.067389+00:00
[2023-11-03T18:41:24.137+0000] {standard_task_runner.py:55} INFO - Started process 1859 to run task
[2023-11-03T18:41:24.141+0000] {standard_task_runner.py:82} INFO - Running: ['***', 'tasks', 'run', 'people', 'create_people_table', 'manual__2023-11-03T18:41:22.067389+00:00', '--job-id', '126', '--raw', '--subdir', 'DAGS_FOLDER/people.py', '--cfg-path', '/tmp/tmplvyt643e']
[2023-11-03T18:41:24.142+0000] {standard_task_runner.py:83} INFO - Job 126: Subtask create_people_table
[2023-11-03T18:41:24.210+0000] {task_command.py:376} INFO - Running <TaskInstance: people.create_people_table manual__2023-11-03T18:41:22.067389+00:00 [running]> on host 6b65bc8eaea5
[2023-11-03T18:41:24.290+0000] {taskinstance.py:1592} INFO - Exporting the following env vars:
AIRFLOW_CTX_DAG_OWNER=***
AIRFLOW_CTX_DAG_ID=people
AIRFLOW_CTX_TASK_ID=create_people_table
AIRFLOW_CTX_EXECUTION_DATE=2023-11-03T18:41:22.067389+00:00
AIRFLOW_CTX_TRY_NUMBER=1
AIRFLOW_CTX_DAG_RUN_ID=manual__2023-11-03T18:41:22.067389+00:00
[2023-11-03T18:41:24.301+0000] {base.py:71} INFO - Using connection ID 'postgres_people' for task execution.
[2023-11-03T18:41:24.306+0000] {sql.py:315} INFO - Running statement: 
        CREATE TABLE IF NOT EXISTS people (
            Index INT NOT NULL primary key,
            User_Id varchar(100),
            First_Name varchar(100)
            
        );
    , parameters: None
[2023-11-03T18:41:24.307+0000] {postgres.py:96} INFO - NOTICE:  relation "people" already exists, skipping

[2023-11-03T18:41:24.319+0000] {taskinstance.py:1406} INFO - Marking task as SUCCESS. dag_id=people, task_id=create_people_table, execution_date=20231103T184122, start_date=20231103T184124, end_date=20231103T184124
[2023-11-03T18:41:24.353+0000] {local_task_job.py:164} INFO - Task exited with return code 0
[2023-11-03T18:41:24.385+0000] {local_task_job.py:273} INFO - 0 downstream tasks scheduled from follow-on schedule check
