[2023-11-07T14:12:06.991+0000] {taskinstance.py:1165} INFO - Dependencies all met for <TaskInstance: xcom_dag.t2 scheduled__2023-11-06T00:00:00+00:00 [queued]>
[2023-11-07T14:12:07.015+0000] {taskinstance.py:1165} INFO - Dependencies all met for <TaskInstance: xcom_dag.t2 scheduled__2023-11-06T00:00:00+00:00 [queued]>
[2023-11-07T14:12:07.016+0000] {taskinstance.py:1362} INFO - 
--------------------------------------------------------------------------------
[2023-11-07T14:12:07.017+0000] {taskinstance.py:1363} INFO - Starting attempt 1 of 1
[2023-11-07T14:12:07.018+0000] {taskinstance.py:1364} INFO - 
--------------------------------------------------------------------------------
[2023-11-07T14:12:07.044+0000] {taskinstance.py:1383} INFO - Executing <Task(PythonOperator): t2> on 2023-11-06 00:00:00+00:00
[2023-11-07T14:12:07.052+0000] {standard_task_runner.py:55} INFO - Started process 694 to run task
[2023-11-07T14:12:07.055+0000] {standard_task_runner.py:82} INFO - Running: ['***', 'tasks', 'run', 'xcom_dag', 't2', 'scheduled__2023-11-06T00:00:00+00:00', '--job-id', '530', '--raw', '--subdir', 'DAGS_FOLDER/xcom_dag.py', '--cfg-path', '/tmp/tmprx9lvrk4']
[2023-11-07T14:12:07.058+0000] {standard_task_runner.py:83} INFO - Job 530: Subtask t2
[2023-11-07T14:12:07.134+0000] {task_command.py:376} INFO - Running <TaskInstance: xcom_dag.t2 scheduled__2023-11-06T00:00:00+00:00 [running]> on host 193aaf8b1e25
[2023-11-07T14:12:07.240+0000] {taskinstance.py:1592} INFO - Exporting the following env vars:
AIRFLOW_CTX_DAG_OWNER=***
AIRFLOW_CTX_DAG_ID=xcom_dag
AIRFLOW_CTX_TASK_ID=t2
AIRFLOW_CTX_EXECUTION_DATE=2023-11-06T00:00:00+00:00
AIRFLOW_CTX_TRY_NUMBER=1
AIRFLOW_CTX_DAG_RUN_ID=scheduled__2023-11-06T00:00:00+00:00
[2023-11-07T14:12:07.252+0000] {python.py:177} INFO - Done. Returned value was: None
[2023-11-07T14:12:07.263+0000] {taskinstance.py:1406} INFO - Marking task as SUCCESS. dag_id=xcom_dag, task_id=t2, execution_date=20231106T000000, start_date=20231107T141206, end_date=20231107T141207
[2023-11-07T14:12:07.307+0000] {local_task_job.py:164} INFO - Task exited with return code 0
[2023-11-07T14:12:07.340+0000] {local_task_job.py:273} INFO - 1 downstream tasks scheduled from follow-on schedule check
