[2023-11-10T09:55:52.276+0000] {taskinstance.py:1087} INFO - Dependencies all met for <TaskInstance: people.save_people_to_excel scheduled__2023-11-09T00:00:00+00:00 [queued]>
[2023-11-10T09:55:52.290+0000] {taskinstance.py:1087} INFO - Dependencies all met for <TaskInstance: people.save_people_to_excel scheduled__2023-11-09T00:00:00+00:00 [queued]>
[2023-11-10T09:55:52.291+0000] {taskinstance.py:1283} INFO - 
--------------------------------------------------------------------------------
[2023-11-10T09:55:52.292+0000] {taskinstance.py:1284} INFO - Starting attempt 1 of 1
[2023-11-10T09:55:52.293+0000] {taskinstance.py:1285} INFO - 
--------------------------------------------------------------------------------
[2023-11-10T09:55:52.313+0000] {taskinstance.py:1304} INFO - Executing <Task(PythonOperator): save_people_to_excel> on 2023-11-09 00:00:00+00:00
[2023-11-10T09:55:52.325+0000] {standard_task_runner.py:55} INFO - Started process 3922 to run task
[2023-11-10T09:55:52.329+0000] {standard_task_runner.py:82} INFO - Running: ['***', 'tasks', 'run', 'people', 'save_people_to_excel', 'scheduled__2023-11-09T00:00:00+00:00', '--job-id', '452', '--raw', '--subdir', 'DAGS_FOLDER/people.py', '--cfg-path', '/tmp/tmp8zu0x3f8']
[2023-11-10T09:55:52.331+0000] {standard_task_runner.py:83} INFO - Job 452: Subtask save_people_to_excel
[2023-11-10T09:55:52.412+0000] {task_command.py:389} INFO - Running <TaskInstance: people.save_people_to_excel scheduled__2023-11-09T00:00:00+00:00 [running]> on host e9f864b40c90
[2023-11-10T09:55:52.731+0000] {taskinstance.py:1513} INFO - Exporting the following env vars:
AIRFLOW_CTX_DAG_OWNER=***
AIRFLOW_CTX_DAG_ID=people
AIRFLOW_CTX_TASK_ID=save_people_to_excel
AIRFLOW_CTX_EXECUTION_DATE=2023-11-09T00:00:00+00:00
AIRFLOW_CTX_TRY_NUMBER=1
AIRFLOW_CTX_DAG_RUN_ID=scheduled__2023-11-09T00:00:00+00:00
[2023-11-10T09:55:52.834+0000] {base.py:73} INFO - Using connection ID 'postgres' for task execution.
[2023-11-10T09:55:52.937+0000] {python.py:177} INFO - Done. Returned value was: None
[2023-11-10T09:55:52.961+0000] {taskinstance.py:1327} INFO - Marking task as SUCCESS. dag_id=people, task_id=save_people_to_excel, execution_date=20231109T000000, start_date=20231110T095552, end_date=20231110T095552
[2023-11-10T09:55:53.029+0000] {local_task_job.py:159} INFO - Task exited with return code 0
[2023-11-10T09:55:53.050+0000] {taskinstance.py:2582} INFO - 0 downstream tasks scheduled from follow-on schedule check
