[2023-11-07T09:48:31.544+0000] {taskinstance.py:1165} INFO - Dependencies all met for <TaskInstance: customers.save_customers_to_excel scheduled__2023-01-01T00:00:00+00:00 [queued]>
[2023-11-07T09:48:31.590+0000] {taskinstance.py:1165} INFO - Dependencies all met for <TaskInstance: customers.save_customers_to_excel scheduled__2023-01-01T00:00:00+00:00 [queued]>
[2023-11-07T09:48:31.591+0000] {taskinstance.py:1362} INFO - 
--------------------------------------------------------------------------------
[2023-11-07T09:48:31.594+0000] {taskinstance.py:1363} INFO - Starting attempt 1 of 1
[2023-11-07T09:48:31.595+0000] {taskinstance.py:1364} INFO - 
--------------------------------------------------------------------------------
[2023-11-07T09:48:31.622+0000] {taskinstance.py:1383} INFO - Executing <Task(PythonOperator): save_customers_to_excel> on 2023-01-01 00:00:00+00:00
[2023-11-07T09:48:31.633+0000] {standard_task_runner.py:55} INFO - Started process 213 to run task
[2023-11-07T09:48:31.638+0000] {standard_task_runner.py:82} INFO - Running: ['***', 'tasks', 'run', 'customers', 'save_customers_to_excel', 'scheduled__2023-01-01T00:00:00+00:00', '--job-id', '499', '--raw', '--subdir', 'DAGS_FOLDER/customers.py', '--cfg-path', '/tmp/tmp2djvqz39']
[2023-11-07T09:48:31.641+0000] {standard_task_runner.py:83} INFO - Job 499: Subtask save_customers_to_excel
[2023-11-07T09:48:31.774+0000] {task_command.py:376} INFO - Running <TaskInstance: customers.save_customers_to_excel scheduled__2023-01-01T00:00:00+00:00 [running]> on host 7cf1ce11ad7e
[2023-11-07T09:48:32.485+0000] {taskinstance.py:1592} INFO - Exporting the following env vars:
AIRFLOW_CTX_DAG_OWNER=Tetiana
AIRFLOW_CTX_DAG_ID=customers
AIRFLOW_CTX_TASK_ID=save_customers_to_excel
AIRFLOW_CTX_EXECUTION_DATE=2023-01-01T00:00:00+00:00
AIRFLOW_CTX_TRY_NUMBER=1
AIRFLOW_CTX_DAG_RUN_ID=scheduled__2023-01-01T00:00:00+00:00
[2023-11-07T09:48:32.725+0000] {base.py:71} INFO - Using connection ID 'postgres' for task execution.
[2023-11-07T09:48:32.853+0000] {python.py:177} INFO - Done. Returned value was: None
[2023-11-07T09:48:32.874+0000] {taskinstance.py:1406} INFO - Marking task as SUCCESS. dag_id=customers, task_id=save_customers_to_excel, execution_date=20230101T000000, start_date=20231107T094831, end_date=20231107T094832
[2023-11-07T09:48:32.943+0000] {local_task_job.py:164} INFO - Task exited with return code 0
[2023-11-07T09:48:32.973+0000] {local_task_job.py:273} INFO - 0 downstream tasks scheduled from follow-on schedule check
