[2023-11-11T11:32:13.681+0000] {taskinstance.py:1087} INFO - Dependencies all met for <TaskInstance: customers.create_customers_table scheduled__2023-11-10T00:00:00+00:00 [queued]>
[2023-11-11T11:32:13.811+0000] {taskinstance.py:1087} INFO - Dependencies all met for <TaskInstance: customers.create_customers_table scheduled__2023-11-10T00:00:00+00:00 [queued]>
[2023-11-11T11:32:13.816+0000] {taskinstance.py:1283} INFO - 
--------------------------------------------------------------------------------
[2023-11-11T11:32:13.826+0000] {taskinstance.py:1284} INFO - Starting attempt 1 of 1
[2023-11-11T11:32:13.836+0000] {taskinstance.py:1285} INFO - 
--------------------------------------------------------------------------------
[2023-11-11T11:32:13.943+0000] {taskinstance.py:1304} INFO - Executing <Task(PostgresOperator): create_customers_table> on 2023-11-10 00:00:00+00:00
[2023-11-11T11:32:13.997+0000] {standard_task_runner.py:55} INFO - Started process 6493 to run task
[2023-11-11T11:32:14.011+0000] {standard_task_runner.py:82} INFO - Running: ['***', 'tasks', 'run', 'customers', 'create_customers_table', 'scheduled__2023-11-10T00:00:00+00:00', '--job-id', '520', '--raw', '--subdir', 'DAGS_FOLDER/customer.py', '--cfg-path', '/tmp/tmpdbxn572j']
[2023-11-11T11:32:14.021+0000] {standard_task_runner.py:83} INFO - Job 520: Subtask create_customers_table
[2023-11-11T11:32:14.653+0000] {task_command.py:389} INFO - Running <TaskInstance: customers.create_customers_table scheduled__2023-11-10T00:00:00+00:00 [running]> on host ae05fe974d8d
[2023-11-11T11:32:15.751+0000] {taskinstance.py:1513} INFO - Exporting the following env vars:
AIRFLOW_CTX_DAG_OWNER=Tetiana
AIRFLOW_CTX_DAG_ID=customers
AIRFLOW_CTX_TASK_ID=create_customers_table
AIRFLOW_CTX_EXECUTION_DATE=2023-11-10T00:00:00+00:00
AIRFLOW_CTX_TRY_NUMBER=1
AIRFLOW_CTX_DAG_RUN_ID=scheduled__2023-11-10T00:00:00+00:00
[2023-11-11T11:32:15.753+0000] {sql.py:253} INFO - Executing: 
        CREATE TABLE IF NOT EXISTS customers (
            Index INT NOT NULL primary key,
            Customer_Id varchar(100),
            First_Name varchar(100),
            Last_Name varchar(100),
            Company varchar(100),
            City varchar(100),
            Country varchar(100),
            Phone_1 varchar(100),
            Email varchar(100),
            "Subscription Date" date,
            Website varchar(100)
        );
    
[2023-11-11T11:32:15.780+0000] {base.py:73} INFO - Using connection ID 'postgres' for task execution.
[2023-11-11T11:32:16.402+0000] {base.py:73} INFO - Using connection ID 'postgres' for task execution.
[2023-11-11T11:32:16.416+0000] {sql.py:364} INFO - Running statement: 
        CREATE TABLE IF NOT EXISTS customers (
            Index INT NOT NULL primary key,
            Customer_Id varchar(100),
            First_Name varchar(100),
            Last_Name varchar(100),
            Company varchar(100),
            City varchar(100),
            Country varchar(100),
            Phone_1 varchar(100),
            Email varchar(100),
            "Subscription Date" date,
            Website varchar(100)
        );
    , parameters: None
[2023-11-11T11:32:16.460+0000] {taskinstance.py:1327} INFO - Marking task as SUCCESS. dag_id=customers, task_id=create_customers_table, execution_date=20231110T000000, start_date=20231111T113213, end_date=20231111T113216
[2023-11-11T11:32:16.522+0000] {local_task_job.py:159} INFO - Task exited with return code 0
[2023-11-11T11:32:16.607+0000] {taskinstance.py:2582} INFO - 1 downstream tasks scheduled from follow-on schedule check
[2023-11-11T12:11:22.923+0000] {taskinstance.py:1087} INFO - Dependencies all met for <TaskInstance: customers.create_customers_table scheduled__2023-11-10T00:00:00+00:00 [queued]>
[2023-11-11T12:11:22.948+0000] {taskinstance.py:1087} INFO - Dependencies all met for <TaskInstance: customers.create_customers_table scheduled__2023-11-10T00:00:00+00:00 [queued]>
[2023-11-11T12:11:22.953+0000] {taskinstance.py:1283} INFO - 
--------------------------------------------------------------------------------
[2023-11-11T12:11:22.954+0000] {taskinstance.py:1284} INFO - Starting attempt 1 of 1
[2023-11-11T12:11:22.955+0000] {taskinstance.py:1285} INFO - 
--------------------------------------------------------------------------------
[2023-11-11T12:11:23.005+0000] {taskinstance.py:1304} INFO - Executing <Task(PostgresOperator): create_customers_table> on 2023-11-10 00:00:00+00:00
[2023-11-11T12:11:23.041+0000] {standard_task_runner.py:55} INFO - Started process 8748 to run task
[2023-11-11T12:11:23.045+0000] {standard_task_runner.py:82} INFO - Running: ['***', 'tasks', 'run', 'customers', 'create_customers_table', 'scheduled__2023-11-10T00:00:00+00:00', '--job-id', '525', '--raw', '--subdir', 'DAGS_FOLDER/customer.py', '--cfg-path', '/tmp/tmpa36l981w']
[2023-11-11T12:11:23.058+0000] {standard_task_runner.py:83} INFO - Job 525: Subtask create_customers_table
[2023-11-11T12:11:23.220+0000] {task_command.py:389} INFO - Running <TaskInstance: customers.create_customers_table scheduled__2023-11-10T00:00:00+00:00 [running]> on host ae05fe974d8d
[2023-11-11T12:11:25.306+0000] {taskinstance.py:1513} INFO - Exporting the following env vars:
AIRFLOW_CTX_DAG_OWNER=Tetiana
AIRFLOW_CTX_DAG_ID=customers
AIRFLOW_CTX_TASK_ID=create_customers_table
AIRFLOW_CTX_EXECUTION_DATE=2023-11-10T00:00:00+00:00
AIRFLOW_CTX_TRY_NUMBER=1
AIRFLOW_CTX_DAG_RUN_ID=scheduled__2023-11-10T00:00:00+00:00
[2023-11-11T12:11:25.313+0000] {sql.py:253} INFO - Executing: 
        CREATE TABLE IF NOT EXISTS customers (
            Index INT NOT NULL primary key,
            Customer_Id varchar(100),
            First_Name varchar(100),
            Last_Name varchar(100),
            Company varchar(100),
            City varchar(100),
            Country varchar(100),
            Phone_1 varchar(100),
            Email varchar(100),
            "Subscription Date" date,
            Website varchar(100)
        );
    
[2023-11-11T12:11:25.335+0000] {base.py:73} INFO - Using connection ID 'postgres' for task execution.
[2023-11-11T12:11:26.096+0000] {base.py:73} INFO - Using connection ID 'postgres' for task execution.
[2023-11-11T12:11:26.111+0000] {sql.py:364} INFO - Running statement: 
        CREATE TABLE IF NOT EXISTS customers (
            Index INT NOT NULL primary key,
            Customer_Id varchar(100),
            First_Name varchar(100),
            Last_Name varchar(100),
            Company varchar(100),
            City varchar(100),
            Country varchar(100),
            Phone_1 varchar(100),
            Email varchar(100),
            "Subscription Date" date,
            Website varchar(100)
        );
    , parameters: None
[2023-11-11T12:11:26.147+0000] {taskinstance.py:1327} INFO - Marking task as SUCCESS. dag_id=customers, task_id=create_customers_table, execution_date=20231110T000000, start_date=20231111T121122, end_date=20231111T121126
[2023-11-11T12:11:26.234+0000] {local_task_job.py:159} INFO - Task exited with return code 0
[2023-11-11T12:11:26.332+0000] {taskinstance.py:2582} INFO - 1 downstream tasks scheduled from follow-on schedule check
