[2023-11-05T12:57:21.277+0000] {taskinstance.py:1165} INFO - Dependencies all met for <TaskInstance: customers.create_customers_table manual__2023-11-05T12:57:18.575800+00:00 [queued]>
[2023-11-05T12:57:21.296+0000] {taskinstance.py:1165} INFO - Dependencies all met for <TaskInstance: customers.create_customers_table manual__2023-11-05T12:57:18.575800+00:00 [queued]>
[2023-11-05T12:57:21.297+0000] {taskinstance.py:1362} INFO - 
--------------------------------------------------------------------------------
[2023-11-05T12:57:21.298+0000] {taskinstance.py:1363} INFO - Starting attempt 1 of 1
[2023-11-05T12:57:21.298+0000] {taskinstance.py:1364} INFO - 
--------------------------------------------------------------------------------
[2023-11-05T12:57:21.321+0000] {taskinstance.py:1383} INFO - Executing <Task(PostgresOperator): create_customers_table> on 2023-11-05 12:57:18.575800+00:00
[2023-11-05T12:57:21.329+0000] {standard_task_runner.py:55} INFO - Started process 7854 to run task
[2023-11-05T12:57:21.332+0000] {standard_task_runner.py:82} INFO - Running: ['***', 'tasks', 'run', 'customers', 'create_customers_table', 'manual__2023-11-05T12:57:18.575800+00:00', '--job-id', '309', '--raw', '--subdir', 'DAGS_FOLDER/customers.py', '--cfg-path', '/tmp/tmpz74dqkrx']
[2023-11-05T12:57:21.334+0000] {standard_task_runner.py:83} INFO - Job 309: Subtask create_customers_table
[2023-11-05T12:57:21.404+0000] {task_command.py:376} INFO - Running <TaskInstance: customers.create_customers_table manual__2023-11-05T12:57:18.575800+00:00 [running]> on host 9d85c6014d6e
[2023-11-05T12:57:21.498+0000] {taskinstance.py:1592} INFO - Exporting the following env vars:
AIRFLOW_CTX_DAG_OWNER=***
AIRFLOW_CTX_DAG_ID=customers
AIRFLOW_CTX_TASK_ID=create_customers_table
AIRFLOW_CTX_EXECUTION_DATE=2023-11-05T12:57:18.575800+00:00
AIRFLOW_CTX_TRY_NUMBER=1
AIRFLOW_CTX_DAG_RUN_ID=manual__2023-11-05T12:57:18.575800+00:00
[2023-11-05T12:57:21.513+0000] {base.py:71} INFO - Using connection ID 'postgres' for task execution.
[2023-11-05T12:57:21.518+0000] {sql.py:315} INFO - Running statement: 
        CREATE TABLE IF NOT EXISTS customers (
            Index INT NOT NULL primary key,
            Customer_Id varchar(100),
            First_Name varchar(100),
            Last_Name varchar(100),
            Company varchar(100),
            City varchar(100),
            Country varchar(100),
            Phone_1 varchar(100),
            Phone_2 varchar(100),
            Email varchar(100),
            Subscription Date,
            Website varchar(100)
        );
    , parameters: None
[2023-11-05T12:57:21.520+0000] {postgres.py:96} INFO - NOTICE:  relation "customers" already exists, skipping

[2023-11-05T12:57:21.531+0000] {taskinstance.py:1406} INFO - Marking task as SUCCESS. dag_id=customers, task_id=create_customers_table, execution_date=20231105T125718, start_date=20231105T125721, end_date=20231105T125721
[2023-11-05T12:57:21.586+0000] {local_task_job.py:164} INFO - Task exited with return code 0
[2023-11-05T12:57:21.648+0000] {local_task_job.py:273} INFO - 0 downstream tasks scheduled from follow-on schedule check
