[2023-11-03T19:59:02.482+0000] {processor.py:154} INFO - Started process (PID=8380) to work on /opt/airflow/dags/customers.py
[2023-11-03T19:59:02.483+0000] {processor.py:756} INFO - Processing file /opt/airflow/dags/customers.py for tasks to queue
[2023-11-03T19:59:02.484+0000] {logging_mixin.py:120} INFO - [2023-11-03T19:59:02.484+0000] {dagbag.py:537} INFO - Filling up the DagBag from /opt/airflow/dags/customers.py
[2023-11-03T19:59:02.574+0000] {processor.py:766} INFO - DAG(s) dict_keys(['customers']) retrieved from /opt/airflow/dags/customers.py
[2023-11-03T19:59:02.666+0000] {logging_mixin.py:120} INFO - [2023-11-03T19:59:02.666+0000] {dag.py:2585} INFO - Sync 1 DAGs
[2023-11-03T19:59:02.697+0000] {logging_mixin.py:120} INFO - [2023-11-03T19:59:02.697+0000] {dag.py:3340} INFO - Setting next_dagrun for customers to None, run_after=None
[2023-11-03T19:59:02.730+0000] {processor.py:176} INFO - Processing /opt/airflow/dags/customers.py took 0.250 seconds
[2023-11-03T19:59:32.928+0000] {processor.py:154} INFO - Started process (PID=8422) to work on /opt/airflow/dags/customers.py
[2023-11-03T19:59:32.929+0000] {processor.py:756} INFO - Processing file /opt/airflow/dags/customers.py for tasks to queue
[2023-11-03T19:59:32.930+0000] {logging_mixin.py:120} INFO - [2023-11-03T19:59:32.930+0000] {dagbag.py:537} INFO - Filling up the DagBag from /opt/airflow/dags/customers.py
[2023-11-03T19:59:33.029+0000] {processor.py:766} INFO - DAG(s) dict_keys(['customers']) retrieved from /opt/airflow/dags/customers.py
[2023-11-03T19:59:33.072+0000] {logging_mixin.py:120} INFO - [2023-11-03T19:59:33.071+0000] {dag.py:2585} INFO - Sync 1 DAGs
[2023-11-03T19:59:33.106+0000] {logging_mixin.py:120} INFO - [2023-11-03T19:59:33.106+0000] {dag.py:3340} INFO - Setting next_dagrun for customers to None, run_after=None
[2023-11-03T19:59:33.138+0000] {processor.py:176} INFO - Processing /opt/airflow/dags/customers.py took 0.212 seconds
[2023-11-03T19:59:49.013+0000] {processor.py:154} INFO - Started process (PID=8440) to work on /opt/airflow/dags/customers.py
[2023-11-03T19:59:49.015+0000] {processor.py:756} INFO - Processing file /opt/airflow/dags/customers.py for tasks to queue
[2023-11-03T19:59:49.016+0000] {logging_mixin.py:120} INFO - [2023-11-03T19:59:49.016+0000] {dagbag.py:537} INFO - Filling up the DagBag from /opt/airflow/dags/customers.py
[2023-11-03T19:59:49.159+0000] {processor.py:766} INFO - DAG(s) dict_keys(['customers']) retrieved from /opt/airflow/dags/customers.py
[2023-11-03T19:59:49.199+0000] {logging_mixin.py:120} INFO - [2023-11-03T19:59:49.198+0000] {dag.py:2585} INFO - Sync 1 DAGs
[2023-11-03T19:59:49.235+0000] {logging_mixin.py:120} INFO - [2023-11-03T19:59:49.235+0000] {dag.py:3340} INFO - Setting next_dagrun for customers to None, run_after=None
[2023-11-03T19:59:49.274+0000] {processor.py:176} INFO - Processing /opt/airflow/dags/customers.py took 0.263 seconds
[2023-11-03T20:00:19.644+0000] {processor.py:154} INFO - Started process (PID=8472) to work on /opt/airflow/dags/customers.py
[2023-11-03T20:00:19.645+0000] {processor.py:756} INFO - Processing file /opt/airflow/dags/customers.py for tasks to queue
[2023-11-03T20:00:19.646+0000] {logging_mixin.py:120} INFO - [2023-11-03T20:00:19.646+0000] {dagbag.py:537} INFO - Filling up the DagBag from /opt/airflow/dags/customers.py
[2023-11-03T20:00:19.756+0000] {processor.py:766} INFO - DAG(s) dict_keys(['customers']) retrieved from /opt/airflow/dags/customers.py
[2023-11-03T20:00:19.798+0000] {logging_mixin.py:120} INFO - [2023-11-03T20:00:19.798+0000] {dag.py:2585} INFO - Sync 1 DAGs
[2023-11-03T20:00:19.836+0000] {logging_mixin.py:120} INFO - [2023-11-03T20:00:19.836+0000] {dag.py:3340} INFO - Setting next_dagrun for customers to None, run_after=None
[2023-11-03T20:00:19.863+0000] {processor.py:176} INFO - Processing /opt/airflow/dags/customers.py took 0.221 seconds
[2023-11-03T20:00:50.372+0000] {processor.py:154} INFO - Started process (PID=8515) to work on /opt/airflow/dags/customers.py
[2023-11-03T20:00:50.373+0000] {processor.py:756} INFO - Processing file /opt/airflow/dags/customers.py for tasks to queue
[2023-11-03T20:00:50.374+0000] {logging_mixin.py:120} INFO - [2023-11-03T20:00:50.374+0000] {dagbag.py:537} INFO - Filling up the DagBag from /opt/airflow/dags/customers.py
[2023-11-03T20:00:50.468+0000] {processor.py:766} INFO - DAG(s) dict_keys(['customers']) retrieved from /opt/airflow/dags/customers.py
[2023-11-03T20:00:50.512+0000] {logging_mixin.py:120} INFO - [2023-11-03T20:00:50.512+0000] {dag.py:2585} INFO - Sync 1 DAGs
[2023-11-03T20:00:50.543+0000] {logging_mixin.py:120} INFO - [2023-11-03T20:00:50.543+0000] {dag.py:3340} INFO - Setting next_dagrun for customers to None, run_after=None
[2023-11-03T20:00:50.575+0000] {processor.py:176} INFO - Processing /opt/airflow/dags/customers.py took 0.205 seconds
[2023-11-03T20:01:20.942+0000] {processor.py:154} INFO - Started process (PID=8556) to work on /opt/airflow/dags/customers.py
[2023-11-03T20:01:20.943+0000] {processor.py:756} INFO - Processing file /opt/airflow/dags/customers.py for tasks to queue
[2023-11-03T20:01:20.944+0000] {logging_mixin.py:120} INFO - [2023-11-03T20:01:20.943+0000] {dagbag.py:537} INFO - Filling up the DagBag from /opt/airflow/dags/customers.py
[2023-11-03T20:01:21.033+0000] {processor.py:766} INFO - DAG(s) dict_keys(['customers']) retrieved from /opt/airflow/dags/customers.py
[2023-11-03T20:01:21.077+0000] {logging_mixin.py:120} INFO - [2023-11-03T20:01:21.077+0000] {dag.py:2585} INFO - Sync 1 DAGs
[2023-11-03T20:01:21.106+0000] {logging_mixin.py:120} INFO - [2023-11-03T20:01:21.106+0000] {dag.py:3340} INFO - Setting next_dagrun for customers to None, run_after=None
[2023-11-03T20:01:21.137+0000] {processor.py:176} INFO - Processing /opt/airflow/dags/customers.py took 0.198 seconds
[2023-11-03T20:01:51.487+0000] {processor.py:154} INFO - Started process (PID=8588) to work on /opt/airflow/dags/customers.py
[2023-11-03T20:01:51.488+0000] {processor.py:756} INFO - Processing file /opt/airflow/dags/customers.py for tasks to queue
[2023-11-03T20:01:51.490+0000] {logging_mixin.py:120} INFO - [2023-11-03T20:01:51.489+0000] {dagbag.py:537} INFO - Filling up the DagBag from /opt/airflow/dags/customers.py
[2023-11-03T20:01:51.585+0000] {processor.py:766} INFO - DAG(s) dict_keys(['customers']) retrieved from /opt/airflow/dags/customers.py
[2023-11-03T20:01:51.627+0000] {logging_mixin.py:120} INFO - [2023-11-03T20:01:51.627+0000] {dag.py:2585} INFO - Sync 1 DAGs
[2023-11-03T20:01:51.658+0000] {logging_mixin.py:120} INFO - [2023-11-03T20:01:51.658+0000] {dag.py:3340} INFO - Setting next_dagrun for customers to None, run_after=None
[2023-11-03T20:01:51.687+0000] {processor.py:176} INFO - Processing /opt/airflow/dags/customers.py took 0.202 seconds
[2023-11-03T20:02:21.919+0000] {processor.py:154} INFO - Started process (PID=8630) to work on /opt/airflow/dags/customers.py
[2023-11-03T20:02:21.920+0000] {processor.py:756} INFO - Processing file /opt/airflow/dags/customers.py for tasks to queue
[2023-11-03T20:02:21.921+0000] {logging_mixin.py:120} INFO - [2023-11-03T20:02:21.921+0000] {dagbag.py:537} INFO - Filling up the DagBag from /opt/airflow/dags/customers.py
[2023-11-03T20:02:22.013+0000] {processor.py:766} INFO - DAG(s) dict_keys(['customers']) retrieved from /opt/airflow/dags/customers.py
[2023-11-03T20:02:22.056+0000] {logging_mixin.py:120} INFO - [2023-11-03T20:02:22.055+0000] {dag.py:2585} INFO - Sync 1 DAGs
[2023-11-03T20:02:22.084+0000] {logging_mixin.py:120} INFO - [2023-11-03T20:02:22.084+0000] {dag.py:3340} INFO - Setting next_dagrun for customers to None, run_after=None
[2023-11-03T20:02:22.112+0000] {processor.py:176} INFO - Processing /opt/airflow/dags/customers.py took 0.195 seconds
[2023-11-03T20:02:52.502+0000] {processor.py:154} INFO - Started process (PID=8671) to work on /opt/airflow/dags/customers.py
[2023-11-03T20:02:52.503+0000] {processor.py:756} INFO - Processing file /opt/airflow/dags/customers.py for tasks to queue
[2023-11-03T20:02:52.504+0000] {logging_mixin.py:120} INFO - [2023-11-03T20:02:52.504+0000] {dagbag.py:537} INFO - Filling up the DagBag from /opt/airflow/dags/customers.py
[2023-11-03T20:02:52.600+0000] {processor.py:766} INFO - DAG(s) dict_keys(['customers']) retrieved from /opt/airflow/dags/customers.py
[2023-11-03T20:02:52.648+0000] {logging_mixin.py:120} INFO - [2023-11-03T20:02:52.647+0000] {dag.py:2585} INFO - Sync 1 DAGs
[2023-11-03T20:02:52.683+0000] {logging_mixin.py:120} INFO - [2023-11-03T20:02:52.683+0000] {dag.py:3340} INFO - Setting next_dagrun for customers to None, run_after=None
[2023-11-03T20:02:52.711+0000] {processor.py:176} INFO - Processing /opt/airflow/dags/customers.py took 0.212 seconds
[2023-11-03T20:03:22.977+0000] {processor.py:154} INFO - Started process (PID=8704) to work on /opt/airflow/dags/customers.py
[2023-11-03T20:03:22.978+0000] {processor.py:756} INFO - Processing file /opt/airflow/dags/customers.py for tasks to queue
[2023-11-03T20:03:22.979+0000] {logging_mixin.py:120} INFO - [2023-11-03T20:03:22.979+0000] {dagbag.py:537} INFO - Filling up the DagBag from /opt/airflow/dags/customers.py
[2023-11-03T20:03:23.073+0000] {processor.py:766} INFO - DAG(s) dict_keys(['customers']) retrieved from /opt/airflow/dags/customers.py
[2023-11-03T20:03:23.114+0000] {logging_mixin.py:120} INFO - [2023-11-03T20:03:23.114+0000] {dag.py:2585} INFO - Sync 1 DAGs
[2023-11-03T20:03:23.145+0000] {logging_mixin.py:120} INFO - [2023-11-03T20:03:23.145+0000] {dag.py:3340} INFO - Setting next_dagrun for customers to None, run_after=None
[2023-11-03T20:03:23.170+0000] {processor.py:176} INFO - Processing /opt/airflow/dags/customers.py took 0.196 seconds
[2023-11-03T20:03:32.585+0000] {processor.py:154} INFO - Started process (PID=8717) to work on /opt/airflow/dags/customers.py
[2023-11-03T20:03:32.587+0000] {processor.py:756} INFO - Processing file /opt/airflow/dags/customers.py for tasks to queue
[2023-11-03T20:03:32.588+0000] {logging_mixin.py:120} INFO - [2023-11-03T20:03:32.588+0000] {dagbag.py:537} INFO - Filling up the DagBag from /opt/airflow/dags/customers.py
[2023-11-03T20:03:32.717+0000] {processor.py:766} INFO - DAG(s) dict_keys(['customers']) retrieved from /opt/airflow/dags/customers.py
[2023-11-03T20:03:32.757+0000] {logging_mixin.py:120} INFO - [2023-11-03T20:03:32.757+0000] {dag.py:2585} INFO - Sync 1 DAGs
[2023-11-03T20:03:32.790+0000] {logging_mixin.py:120} INFO - [2023-11-03T20:03:32.790+0000] {dag.py:3340} INFO - Setting next_dagrun for customers to None, run_after=None
[2023-11-03T20:03:32.825+0000] {processor.py:176} INFO - Processing /opt/airflow/dags/customers.py took 0.241 seconds
[2023-11-03T20:04:03.348+0000] {processor.py:154} INFO - Started process (PID=8759) to work on /opt/airflow/dags/customers.py
[2023-11-03T20:04:03.349+0000] {processor.py:756} INFO - Processing file /opt/airflow/dags/customers.py for tasks to queue
[2023-11-03T20:04:03.351+0000] {logging_mixin.py:120} INFO - [2023-11-03T20:04:03.351+0000] {dagbag.py:537} INFO - Filling up the DagBag from /opt/airflow/dags/customers.py
[2023-11-03T20:04:03.447+0000] {processor.py:766} INFO - DAG(s) dict_keys(['customers']) retrieved from /opt/airflow/dags/customers.py
[2023-11-03T20:04:03.491+0000] {logging_mixin.py:120} INFO - [2023-11-03T20:04:03.491+0000] {dag.py:2585} INFO - Sync 1 DAGs
[2023-11-03T20:04:03.521+0000] {logging_mixin.py:120} INFO - [2023-11-03T20:04:03.521+0000] {dag.py:3340} INFO - Setting next_dagrun for customers to None, run_after=None
[2023-11-03T20:04:03.546+0000] {processor.py:176} INFO - Processing /opt/airflow/dags/customers.py took 0.201 seconds
[2023-11-03T20:04:33.870+0000] {processor.py:154} INFO - Started process (PID=8791) to work on /opt/airflow/dags/customers.py
[2023-11-03T20:04:33.871+0000] {processor.py:756} INFO - Processing file /opt/airflow/dags/customers.py for tasks to queue
[2023-11-03T20:04:33.873+0000] {logging_mixin.py:120} INFO - [2023-11-03T20:04:33.872+0000] {dagbag.py:537} INFO - Filling up the DagBag from /opt/airflow/dags/customers.py
[2023-11-03T20:04:33.971+0000] {processor.py:766} INFO - DAG(s) dict_keys(['customers']) retrieved from /opt/airflow/dags/customers.py
[2023-11-03T20:04:34.010+0000] {logging_mixin.py:120} INFO - [2023-11-03T20:04:34.010+0000] {dag.py:2585} INFO - Sync 1 DAGs
[2023-11-03T20:04:34.039+0000] {logging_mixin.py:120} INFO - [2023-11-03T20:04:34.039+0000] {dag.py:3340} INFO - Setting next_dagrun for customers to None, run_after=None
[2023-11-03T20:04:34.067+0000] {processor.py:176} INFO - Processing /opt/airflow/dags/customers.py took 0.199 seconds
[2023-11-03T20:05:01.394+0000] {processor.py:154} INFO - Started process (PID=8830) to work on /opt/airflow/dags/customers.py
[2023-11-03T20:05:01.395+0000] {processor.py:756} INFO - Processing file /opt/airflow/dags/customers.py for tasks to queue
[2023-11-03T20:05:01.397+0000] {logging_mixin.py:120} INFO - [2023-11-03T20:05:01.397+0000] {dagbag.py:537} INFO - Filling up the DagBag from /opt/airflow/dags/customers.py
[2023-11-03T20:05:01.541+0000] {processor.py:766} INFO - DAG(s) dict_keys(['customers']) retrieved from /opt/airflow/dags/customers.py
[2023-11-03T20:05:01.644+0000] {logging_mixin.py:120} INFO - [2023-11-03T20:05:01.644+0000] {dag.py:2585} INFO - Sync 1 DAGs
[2023-11-03T20:05:01.680+0000] {logging_mixin.py:120} INFO - [2023-11-03T20:05:01.680+0000] {dag.py:3340} INFO - Setting next_dagrun for customers to None, run_after=None
[2023-11-03T20:05:01.722+0000] {processor.py:176} INFO - Processing /opt/airflow/dags/customers.py took 0.331 seconds
[2023-11-03T20:05:32.465+0000] {processor.py:154} INFO - Started process (PID=8862) to work on /opt/airflow/dags/customers.py
[2023-11-03T20:05:32.467+0000] {processor.py:756} INFO - Processing file /opt/airflow/dags/customers.py for tasks to queue
[2023-11-03T20:05:32.468+0000] {logging_mixin.py:120} INFO - [2023-11-03T20:05:32.467+0000] {dagbag.py:537} INFO - Filling up the DagBag from /opt/airflow/dags/customers.py
[2023-11-03T20:05:32.568+0000] {processor.py:766} INFO - DAG(s) dict_keys(['customers']) retrieved from /opt/airflow/dags/customers.py
[2023-11-03T20:05:32.650+0000] {logging_mixin.py:120} INFO - [2023-11-03T20:05:32.650+0000] {dag.py:2585} INFO - Sync 1 DAGs
[2023-11-03T20:05:32.700+0000] {logging_mixin.py:120} INFO - [2023-11-03T20:05:32.699+0000] {dag.py:3340} INFO - Setting next_dagrun for customers to None, run_after=None
[2023-11-03T20:05:32.724+0000] {processor.py:176} INFO - Processing /opt/airflow/dags/customers.py took 0.262 seconds
[2023-11-03T20:06:03.131+0000] {processor.py:154} INFO - Started process (PID=8904) to work on /opt/airflow/dags/customers.py
[2023-11-03T20:06:03.133+0000] {processor.py:756} INFO - Processing file /opt/airflow/dags/customers.py for tasks to queue
[2023-11-03T20:06:03.134+0000] {logging_mixin.py:120} INFO - [2023-11-03T20:06:03.134+0000] {dagbag.py:537} INFO - Filling up the DagBag from /opt/airflow/dags/customers.py
[2023-11-03T20:06:03.230+0000] {processor.py:766} INFO - DAG(s) dict_keys(['customers']) retrieved from /opt/airflow/dags/customers.py
[2023-11-03T20:06:03.269+0000] {logging_mixin.py:120} INFO - [2023-11-03T20:06:03.269+0000] {dag.py:2585} INFO - Sync 1 DAGs
[2023-11-03T20:06:03.302+0000] {logging_mixin.py:120} INFO - [2023-11-03T20:06:03.302+0000] {dag.py:3340} INFO - Setting next_dagrun for customers to None, run_after=None
[2023-11-03T20:06:03.327+0000] {processor.py:176} INFO - Processing /opt/airflow/dags/customers.py took 0.198 seconds
[2023-11-03T20:06:30.656+0000] {processor.py:154} INFO - Started process (PID=8936) to work on /opt/airflow/dags/customers.py
[2023-11-03T20:06:30.657+0000] {processor.py:756} INFO - Processing file /opt/airflow/dags/customers.py for tasks to queue
[2023-11-03T20:06:30.658+0000] {logging_mixin.py:120} INFO - [2023-11-03T20:06:30.658+0000] {dagbag.py:537} INFO - Filling up the DagBag from /opt/airflow/dags/customers.py
[2023-11-03T20:06:30.791+0000] {processor.py:766} INFO - DAG(s) dict_keys(['customers']) retrieved from /opt/airflow/dags/customers.py
[2023-11-03T20:06:30.889+0000] {logging_mixin.py:120} INFO - [2023-11-03T20:06:30.889+0000] {dag.py:2585} INFO - Sync 1 DAGs
[2023-11-03T20:06:30.919+0000] {logging_mixin.py:120} INFO - [2023-11-03T20:06:30.918+0000] {dag.py:3340} INFO - Setting next_dagrun for customers to None, run_after=None
[2023-11-03T20:06:30.961+0000] {processor.py:176} INFO - Processing /opt/airflow/dags/customers.py took 0.308 seconds
[2023-11-03T20:07:01.233+0000] {processor.py:154} INFO - Started process (PID=8978) to work on /opt/airflow/dags/customers.py
[2023-11-03T20:07:01.234+0000] {processor.py:756} INFO - Processing file /opt/airflow/dags/customers.py for tasks to queue
[2023-11-03T20:07:01.235+0000] {logging_mixin.py:120} INFO - [2023-11-03T20:07:01.235+0000] {dagbag.py:537} INFO - Filling up the DagBag from /opt/airflow/dags/customers.py
[2023-11-03T20:07:01.326+0000] {processor.py:766} INFO - DAG(s) dict_keys(['customers']) retrieved from /opt/airflow/dags/customers.py
[2023-11-03T20:07:01.371+0000] {logging_mixin.py:120} INFO - [2023-11-03T20:07:01.370+0000] {dag.py:2585} INFO - Sync 1 DAGs
[2023-11-03T20:07:01.400+0000] {logging_mixin.py:120} INFO - [2023-11-03T20:07:01.400+0000] {dag.py:3340} INFO - Setting next_dagrun for customers to None, run_after=None
[2023-11-03T20:07:01.425+0000] {processor.py:176} INFO - Processing /opt/airflow/dags/customers.py took 0.195 seconds
[2023-11-03T20:07:31.592+0000] {processor.py:154} INFO - Started process (PID=9010) to work on /opt/airflow/dags/customers.py
[2023-11-03T20:07:31.593+0000] {processor.py:756} INFO - Processing file /opt/airflow/dags/customers.py for tasks to queue
[2023-11-03T20:07:31.595+0000] {logging_mixin.py:120} INFO - [2023-11-03T20:07:31.594+0000] {dagbag.py:537} INFO - Filling up the DagBag from /opt/airflow/dags/customers.py
[2023-11-03T20:07:31.693+0000] {processor.py:766} INFO - DAG(s) dict_keys(['customers']) retrieved from /opt/airflow/dags/customers.py
[2023-11-03T20:07:31.737+0000] {logging_mixin.py:120} INFO - [2023-11-03T20:07:31.736+0000] {dag.py:2585} INFO - Sync 1 DAGs
[2023-11-03T20:07:31.768+0000] {logging_mixin.py:120} INFO - [2023-11-03T20:07:31.767+0000] {dag.py:3340} INFO - Setting next_dagrun for customers to None, run_after=None
[2023-11-03T20:07:31.798+0000] {processor.py:176} INFO - Processing /opt/airflow/dags/customers.py took 0.209 seconds
[2023-11-03T20:08:02.130+0000] {processor.py:154} INFO - Started process (PID=9051) to work on /opt/airflow/dags/customers.py
[2023-11-03T20:08:02.131+0000] {processor.py:756} INFO - Processing file /opt/airflow/dags/customers.py for tasks to queue
[2023-11-03T20:08:02.132+0000] {logging_mixin.py:120} INFO - [2023-11-03T20:08:02.132+0000] {dagbag.py:537} INFO - Filling up the DagBag from /opt/airflow/dags/customers.py
[2023-11-03T20:08:02.224+0000] {processor.py:766} INFO - DAG(s) dict_keys(['customers']) retrieved from /opt/airflow/dags/customers.py
[2023-11-03T20:08:02.264+0000] {logging_mixin.py:120} INFO - [2023-11-03T20:08:02.264+0000] {dag.py:2585} INFO - Sync 1 DAGs
[2023-11-03T20:08:02.294+0000] {logging_mixin.py:120} INFO - [2023-11-03T20:08:02.294+0000] {dag.py:3340} INFO - Setting next_dagrun for customers to None, run_after=None
[2023-11-03T20:08:02.320+0000] {processor.py:176} INFO - Processing /opt/airflow/dags/customers.py took 0.193 seconds
[2023-11-03T20:08:32.497+0000] {processor.py:154} INFO - Started process (PID=9092) to work on /opt/airflow/dags/customers.py
[2023-11-03T20:08:32.498+0000] {processor.py:756} INFO - Processing file /opt/airflow/dags/customers.py for tasks to queue
[2023-11-03T20:08:32.499+0000] {logging_mixin.py:120} INFO - [2023-11-03T20:08:32.499+0000] {dagbag.py:537} INFO - Filling up the DagBag from /opt/airflow/dags/customers.py
[2023-11-03T20:08:32.591+0000] {processor.py:766} INFO - DAG(s) dict_keys(['customers']) retrieved from /opt/airflow/dags/customers.py
[2023-11-03T20:08:32.631+0000] {logging_mixin.py:120} INFO - [2023-11-03T20:08:32.631+0000] {dag.py:2585} INFO - Sync 1 DAGs
[2023-11-03T20:08:32.661+0000] {logging_mixin.py:120} INFO - [2023-11-03T20:08:32.661+0000] {dag.py:3340} INFO - Setting next_dagrun for customers to None, run_after=None
[2023-11-03T20:08:32.688+0000] {processor.py:176} INFO - Processing /opt/airflow/dags/customers.py took 0.194 seconds
[2023-11-03T20:09:02.777+0000] {processor.py:154} INFO - Started process (PID=9124) to work on /opt/airflow/dags/customers.py
[2023-11-03T20:09:02.778+0000] {processor.py:756} INFO - Processing file /opt/airflow/dags/customers.py for tasks to queue
[2023-11-03T20:09:02.779+0000] {logging_mixin.py:120} INFO - [2023-11-03T20:09:02.779+0000] {dagbag.py:537} INFO - Filling up the DagBag from /opt/airflow/dags/customers.py
[2023-11-03T20:09:02.871+0000] {processor.py:766} INFO - DAG(s) dict_keys(['customers']) retrieved from /opt/airflow/dags/customers.py
[2023-11-03T20:09:02.913+0000] {logging_mixin.py:120} INFO - [2023-11-03T20:09:02.913+0000] {dag.py:2585} INFO - Sync 1 DAGs
[2023-11-03T20:09:02.949+0000] {logging_mixin.py:120} INFO - [2023-11-03T20:09:02.949+0000] {dag.py:3340} INFO - Setting next_dagrun for customers to None, run_after=None
[2023-11-03T20:09:02.980+0000] {processor.py:176} INFO - Processing /opt/airflow/dags/customers.py took 0.206 seconds
[2023-11-03T20:09:33.473+0000] {processor.py:154} INFO - Started process (PID=9165) to work on /opt/airflow/dags/customers.py
[2023-11-03T20:09:33.474+0000] {processor.py:756} INFO - Processing file /opt/airflow/dags/customers.py for tasks to queue
[2023-11-03T20:09:33.475+0000] {logging_mixin.py:120} INFO - [2023-11-03T20:09:33.475+0000] {dagbag.py:537} INFO - Filling up the DagBag from /opt/airflow/dags/customers.py
[2023-11-03T20:09:33.567+0000] {processor.py:766} INFO - DAG(s) dict_keys(['customers']) retrieved from /opt/airflow/dags/customers.py
[2023-11-03T20:09:33.609+0000] {logging_mixin.py:120} INFO - [2023-11-03T20:09:33.609+0000] {dag.py:2585} INFO - Sync 1 DAGs
[2023-11-03T20:09:33.641+0000] {logging_mixin.py:120} INFO - [2023-11-03T20:09:33.641+0000] {dag.py:3340} INFO - Setting next_dagrun for customers to None, run_after=None
[2023-11-03T20:09:33.670+0000] {processor.py:176} INFO - Processing /opt/airflow/dags/customers.py took 0.199 seconds
[2023-11-03T20:10:04.095+0000] {processor.py:154} INFO - Started process (PID=9209) to work on /opt/airflow/dags/customers.py
[2023-11-03T20:10:04.096+0000] {processor.py:756} INFO - Processing file /opt/airflow/dags/customers.py for tasks to queue
[2023-11-03T20:10:04.098+0000] {logging_mixin.py:120} INFO - [2023-11-03T20:10:04.097+0000] {dagbag.py:537} INFO - Filling up the DagBag from /opt/airflow/dags/customers.py
[2023-11-03T20:10:04.185+0000] {processor.py:766} INFO - DAG(s) dict_keys(['customers']) retrieved from /opt/airflow/dags/customers.py
[2023-11-03T20:10:04.227+0000] {logging_mixin.py:120} INFO - [2023-11-03T20:10:04.227+0000] {dag.py:2585} INFO - Sync 1 DAGs
[2023-11-03T20:10:04.262+0000] {logging_mixin.py:120} INFO - [2023-11-03T20:10:04.262+0000] {dag.py:3340} INFO - Setting next_dagrun for customers to None, run_after=None
[2023-11-03T20:10:04.287+0000] {processor.py:176} INFO - Processing /opt/airflow/dags/customers.py took 0.194 seconds
[2023-11-03T20:10:34.436+0000] {processor.py:154} INFO - Started process (PID=9243) to work on /opt/airflow/dags/customers.py
[2023-11-03T20:10:34.437+0000] {processor.py:756} INFO - Processing file /opt/airflow/dags/customers.py for tasks to queue
[2023-11-03T20:10:34.438+0000] {logging_mixin.py:120} INFO - [2023-11-03T20:10:34.438+0000] {dagbag.py:537} INFO - Filling up the DagBag from /opt/airflow/dags/customers.py
[2023-11-03T20:10:34.523+0000] {processor.py:766} INFO - DAG(s) dict_keys(['customers']) retrieved from /opt/airflow/dags/customers.py
[2023-11-03T20:10:34.570+0000] {logging_mixin.py:120} INFO - [2023-11-03T20:10:34.569+0000] {dag.py:2585} INFO - Sync 1 DAGs
[2023-11-03T20:10:34.599+0000] {logging_mixin.py:120} INFO - [2023-11-03T20:10:34.599+0000] {dag.py:3340} INFO - Setting next_dagrun for customers to None, run_after=None
[2023-11-03T20:10:34.622+0000] {processor.py:176} INFO - Processing /opt/airflow/dags/customers.py took 0.189 seconds
[2023-11-03T20:11:04.783+0000] {processor.py:154} INFO - Started process (PID=9284) to work on /opt/airflow/dags/customers.py
[2023-11-03T20:11:04.784+0000] {processor.py:756} INFO - Processing file /opt/airflow/dags/customers.py for tasks to queue
[2023-11-03T20:11:04.785+0000] {logging_mixin.py:120} INFO - [2023-11-03T20:11:04.785+0000] {dagbag.py:537} INFO - Filling up the DagBag from /opt/airflow/dags/customers.py
[2023-11-03T20:11:04.869+0000] {processor.py:766} INFO - DAG(s) dict_keys(['customers']) retrieved from /opt/airflow/dags/customers.py
[2023-11-03T20:11:04.912+0000] {logging_mixin.py:120} INFO - [2023-11-03T20:11:04.912+0000] {dag.py:2585} INFO - Sync 1 DAGs
[2023-11-03T20:11:04.943+0000] {logging_mixin.py:120} INFO - [2023-11-03T20:11:04.942+0000] {dag.py:3340} INFO - Setting next_dagrun for customers to None, run_after=None
[2023-11-03T20:11:04.966+0000] {processor.py:176} INFO - Processing /opt/airflow/dags/customers.py took 0.186 seconds
[2023-11-03T20:11:35.402+0000] {processor.py:154} INFO - Started process (PID=9322) to work on /opt/airflow/dags/customers.py
[2023-11-03T20:11:35.404+0000] {processor.py:756} INFO - Processing file /opt/airflow/dags/customers.py for tasks to queue
[2023-11-03T20:11:35.406+0000] {logging_mixin.py:120} INFO - [2023-11-03T20:11:35.406+0000] {dagbag.py:537} INFO - Filling up the DagBag from /opt/airflow/dags/customers.py
[2023-11-03T20:11:35.562+0000] {processor.py:766} INFO - DAG(s) dict_keys(['customers']) retrieved from /opt/airflow/dags/customers.py
[2023-11-03T20:11:35.631+0000] {logging_mixin.py:120} INFO - [2023-11-03T20:11:35.631+0000] {dag.py:2585} INFO - Sync 1 DAGs
[2023-11-03T20:11:35.686+0000] {logging_mixin.py:120} INFO - [2023-11-03T20:11:35.685+0000] {dag.py:3340} INFO - Setting next_dagrun for customers to None, run_after=None
[2023-11-03T20:11:35.728+0000] {processor.py:176} INFO - Processing /opt/airflow/dags/customers.py took 0.329 seconds
[2023-11-03T20:12:05.846+0000] {processor.py:154} INFO - Started process (PID=9356) to work on /opt/airflow/dags/customers.py
[2023-11-03T20:12:05.847+0000] {processor.py:756} INFO - Processing file /opt/airflow/dags/customers.py for tasks to queue
[2023-11-03T20:12:05.848+0000] {logging_mixin.py:120} INFO - [2023-11-03T20:12:05.848+0000] {dagbag.py:537} INFO - Filling up the DagBag from /opt/airflow/dags/customers.py
[2023-11-03T20:12:05.941+0000] {processor.py:766} INFO - DAG(s) dict_keys(['customers']) retrieved from /opt/airflow/dags/customers.py
[2023-11-03T20:12:05.979+0000] {logging_mixin.py:120} INFO - [2023-11-03T20:12:05.979+0000] {dag.py:2585} INFO - Sync 1 DAGs
[2023-11-03T20:12:06.011+0000] {logging_mixin.py:120} INFO - [2023-11-03T20:12:06.010+0000] {dag.py:3340} INFO - Setting next_dagrun for customers to None, run_after=None
[2023-11-03T20:12:06.037+0000] {processor.py:176} INFO - Processing /opt/airflow/dags/customers.py took 0.193 seconds
