[2023-11-07T07:39:10.269+0000] {processor.py:154} INFO - Started process (PID=74) to work on /opt/airflow/dags/customers_origin.py
[2023-11-07T07:39:10.271+0000] {processor.py:756} INFO - Processing file /opt/airflow/dags/customers_origin.py for tasks to queue
[2023-11-07T07:39:10.273+0000] {logging_mixin.py:120} INFO - [2023-11-07T07:39:10.272+0000] {dagbag.py:537} INFO - Filling up the DagBag from /opt/airflow/dags/customers_origin.py
[2023-11-07T07:39:12.352+0000] {processor.py:766} INFO - DAG(s) dict_keys(['customers']) retrieved from /opt/airflow/dags/customers_origin.py
[2023-11-07T07:39:12.404+0000] {logging_mixin.py:120} INFO - [2023-11-07T07:39:12.403+0000] {dag.py:2585} INFO - Sync 1 DAGs
[2023-11-07T07:39:12.874+0000] {logging_mixin.py:120} INFO - [2023-11-07T07:39:12.874+0000] {dag.py:3340} INFO - Setting next_dagrun for customers to None, run_after=None
[2023-11-07T07:39:12.954+0000] {processor.py:176} INFO - Processing /opt/airflow/dags/customers_origin.py took 2.701 seconds
[2023-11-07T07:39:43.391+0000] {processor.py:154} INFO - Started process (PID=122) to work on /opt/airflow/dags/customers_origin.py
[2023-11-07T07:39:43.393+0000] {processor.py:756} INFO - Processing file /opt/airflow/dags/customers_origin.py for tasks to queue
[2023-11-07T07:39:43.394+0000] {logging_mixin.py:120} INFO - [2023-11-07T07:39:43.394+0000] {dagbag.py:537} INFO - Filling up the DagBag from /opt/airflow/dags/customers_origin.py
[2023-11-07T07:39:43.947+0000] {processor.py:766} INFO - DAG(s) dict_keys(['customers']) retrieved from /opt/airflow/dags/customers_origin.py
[2023-11-07T07:39:44.201+0000] {logging_mixin.py:120} INFO - [2023-11-07T07:39:44.201+0000] {dag.py:2585} INFO - Sync 1 DAGs
[2023-11-07T07:39:44.266+0000] {logging_mixin.py:120} INFO - [2023-11-07T07:39:44.266+0000] {dag.py:3340} INFO - Setting next_dagrun for customers to None, run_after=None
[2023-11-07T07:39:44.298+0000] {processor.py:176} INFO - Processing /opt/airflow/dags/customers_origin.py took 0.910 seconds
[2023-11-07T07:40:14.695+0000] {processor.py:154} INFO - Started process (PID=161) to work on /opt/airflow/dags/customers_origin.py
[2023-11-07T07:40:14.696+0000] {processor.py:756} INFO - Processing file /opt/airflow/dags/customers_origin.py for tasks to queue
[2023-11-07T07:40:14.697+0000] {logging_mixin.py:120} INFO - [2023-11-07T07:40:14.697+0000] {dagbag.py:537} INFO - Filling up the DagBag from /opt/airflow/dags/customers_origin.py
[2023-11-07T07:40:15.223+0000] {processor.py:766} INFO - DAG(s) dict_keys(['customers']) retrieved from /opt/airflow/dags/customers_origin.py
[2023-11-07T07:40:15.411+0000] {logging_mixin.py:120} INFO - [2023-11-07T07:40:15.411+0000] {dag.py:2585} INFO - Sync 1 DAGs
[2023-11-07T07:40:15.441+0000] {logging_mixin.py:120} INFO - [2023-11-07T07:40:15.441+0000] {dag.py:3340} INFO - Setting next_dagrun for customers to None, run_after=None
[2023-11-07T07:40:15.469+0000] {processor.py:176} INFO - Processing /opt/airflow/dags/customers_origin.py took 0.778 seconds
[2023-11-07T07:40:46.013+0000] {processor.py:154} INFO - Started process (PID=209) to work on /opt/airflow/dags/customers_origin.py
[2023-11-07T07:40:46.014+0000] {processor.py:756} INFO - Processing file /opt/airflow/dags/customers_origin.py for tasks to queue
[2023-11-07T07:40:46.016+0000] {logging_mixin.py:120} INFO - [2023-11-07T07:40:46.015+0000] {dagbag.py:537} INFO - Filling up the DagBag from /opt/airflow/dags/customers_origin.py
[2023-11-07T07:40:46.510+0000] {processor.py:766} INFO - DAG(s) dict_keys(['customers']) retrieved from /opt/airflow/dags/customers_origin.py
[2023-11-07T07:40:46.757+0000] {logging_mixin.py:120} INFO - [2023-11-07T07:40:46.757+0000] {dag.py:2585} INFO - Sync 1 DAGs
[2023-11-07T07:40:46.788+0000] {logging_mixin.py:120} INFO - [2023-11-07T07:40:46.788+0000] {dag.py:3340} INFO - Setting next_dagrun for customers to None, run_after=None
[2023-11-07T07:40:46.833+0000] {processor.py:176} INFO - Processing /opt/airflow/dags/customers_origin.py took 0.822 seconds
[2023-11-07T07:41:16.945+0000] {processor.py:154} INFO - Started process (PID=257) to work on /opt/airflow/dags/customers_origin.py
[2023-11-07T07:41:16.946+0000] {processor.py:756} INFO - Processing file /opt/airflow/dags/customers_origin.py for tasks to queue
[2023-11-07T07:41:16.947+0000] {logging_mixin.py:120} INFO - [2023-11-07T07:41:16.947+0000] {dagbag.py:537} INFO - Filling up the DagBag from /opt/airflow/dags/customers_origin.py
[2023-11-07T07:41:17.500+0000] {processor.py:766} INFO - DAG(s) dict_keys(['customers']) retrieved from /opt/airflow/dags/customers_origin.py
[2023-11-07T07:41:17.539+0000] {logging_mixin.py:120} INFO - [2023-11-07T07:41:17.539+0000] {dag.py:2585} INFO - Sync 1 DAGs
[2023-11-07T07:41:17.710+0000] {logging_mixin.py:120} INFO - [2023-11-07T07:41:17.709+0000] {dag.py:3340} INFO - Setting next_dagrun for customers to None, run_after=None
[2023-11-07T07:41:17.739+0000] {processor.py:176} INFO - Processing /opt/airflow/dags/customers_origin.py took 0.797 seconds
[2023-11-07T07:41:48.605+0000] {processor.py:154} INFO - Started process (PID=294) to work on /opt/airflow/dags/customers_origin.py
[2023-11-07T07:41:48.607+0000] {processor.py:756} INFO - Processing file /opt/airflow/dags/customers_origin.py for tasks to queue
[2023-11-07T07:41:48.608+0000] {logging_mixin.py:120} INFO - [2023-11-07T07:41:48.608+0000] {dagbag.py:537} INFO - Filling up the DagBag from /opt/airflow/dags/customers_origin.py
[2023-11-07T07:41:49.166+0000] {processor.py:766} INFO - DAG(s) dict_keys(['customers']) retrieved from /opt/airflow/dags/customers_origin.py
[2023-11-07T07:41:49.405+0000] {logging_mixin.py:120} INFO - [2023-11-07T07:41:49.405+0000] {dag.py:2585} INFO - Sync 1 DAGs
[2023-11-07T07:41:49.440+0000] {logging_mixin.py:120} INFO - [2023-11-07T07:41:49.440+0000] {dag.py:3340} INFO - Setting next_dagrun for customers to None, run_after=None
[2023-11-07T07:41:49.468+0000] {processor.py:176} INFO - Processing /opt/airflow/dags/customers_origin.py took 0.870 seconds
[2023-11-07T07:42:20.123+0000] {processor.py:154} INFO - Started process (PID=342) to work on /opt/airflow/dags/customers_origin.py
[2023-11-07T07:42:20.124+0000] {processor.py:756} INFO - Processing file /opt/airflow/dags/customers_origin.py for tasks to queue
[2023-11-07T07:42:20.126+0000] {logging_mixin.py:120} INFO - [2023-11-07T07:42:20.125+0000] {dagbag.py:537} INFO - Filling up the DagBag from /opt/airflow/dags/customers_origin.py
[2023-11-07T07:42:20.629+0000] {processor.py:766} INFO - DAG(s) dict_keys(['customers']) retrieved from /opt/airflow/dags/customers_origin.py
[2023-11-07T07:42:20.810+0000] {logging_mixin.py:120} INFO - [2023-11-07T07:42:20.809+0000] {dag.py:2585} INFO - Sync 1 DAGs
[2023-11-07T07:42:20.841+0000] {logging_mixin.py:120} INFO - [2023-11-07T07:42:20.840+0000] {dag.py:3340} INFO - Setting next_dagrun for customers to None, run_after=None
[2023-11-07T07:42:20.867+0000] {processor.py:176} INFO - Processing /opt/airflow/dags/customers_origin.py took 0.749 seconds
[2023-11-07T07:42:51.000+0000] {processor.py:154} INFO - Started process (PID=390) to work on /opt/airflow/dags/customers_origin.py
[2023-11-07T07:42:51.002+0000] {processor.py:756} INFO - Processing file /opt/airflow/dags/customers_origin.py for tasks to queue
[2023-11-07T07:42:51.003+0000] {logging_mixin.py:120} INFO - [2023-11-07T07:42:51.003+0000] {dagbag.py:537} INFO - Filling up the DagBag from /opt/airflow/dags/customers_origin.py
[2023-11-07T07:42:51.488+0000] {processor.py:766} INFO - DAG(s) dict_keys(['customers']) retrieved from /opt/airflow/dags/customers_origin.py
[2023-11-07T07:42:51.719+0000] {logging_mixin.py:120} INFO - [2023-11-07T07:42:51.718+0000] {dag.py:2585} INFO - Sync 1 DAGs
[2023-11-07T07:42:51.752+0000] {logging_mixin.py:120} INFO - [2023-11-07T07:42:51.751+0000] {dag.py:3340} INFO - Setting next_dagrun for customers to None, run_after=None
[2023-11-07T07:42:51.787+0000] {processor.py:176} INFO - Processing /opt/airflow/dags/customers_origin.py took 0.790 seconds
[2023-11-07T07:43:21.911+0000] {processor.py:154} INFO - Started process (PID=437) to work on /opt/airflow/dags/customers_origin.py
[2023-11-07T07:43:21.913+0000] {processor.py:756} INFO - Processing file /opt/airflow/dags/customers_origin.py for tasks to queue
[2023-11-07T07:43:21.914+0000] {logging_mixin.py:120} INFO - [2023-11-07T07:43:21.914+0000] {dagbag.py:537} INFO - Filling up the DagBag from /opt/airflow/dags/customers_origin.py
[2023-11-07T07:43:22.444+0000] {processor.py:766} INFO - DAG(s) dict_keys(['customers']) retrieved from /opt/airflow/dags/customers_origin.py
[2023-11-07T07:43:22.672+0000] {logging_mixin.py:120} INFO - [2023-11-07T07:43:22.671+0000] {dag.py:2585} INFO - Sync 1 DAGs
[2023-11-07T07:43:22.709+0000] {logging_mixin.py:120} INFO - [2023-11-07T07:43:22.709+0000] {dag.py:3340} INFO - Setting next_dagrun for customers to None, run_after=None
[2023-11-07T07:43:22.742+0000] {processor.py:176} INFO - Processing /opt/airflow/dags/customers_origin.py took 0.835 seconds
[2023-11-07T07:43:53.637+0000] {processor.py:154} INFO - Started process (PID=474) to work on /opt/airflow/dags/customers_origin.py
[2023-11-07T07:43:53.638+0000] {processor.py:756} INFO - Processing file /opt/airflow/dags/customers_origin.py for tasks to queue
[2023-11-07T07:43:53.639+0000] {logging_mixin.py:120} INFO - [2023-11-07T07:43:53.639+0000] {dagbag.py:537} INFO - Filling up the DagBag from /opt/airflow/dags/customers_origin.py
[2023-11-07T07:43:54.162+0000] {processor.py:766} INFO - DAG(s) dict_keys(['customers']) retrieved from /opt/airflow/dags/customers_origin.py
[2023-11-07T07:43:54.408+0000] {logging_mixin.py:120} INFO - [2023-11-07T07:43:54.408+0000] {dag.py:2585} INFO - Sync 1 DAGs
[2023-11-07T07:43:54.442+0000] {logging_mixin.py:120} INFO - [2023-11-07T07:43:54.441+0000] {dag.py:3340} INFO - Setting next_dagrun for customers to None, run_after=None
[2023-11-07T07:43:54.478+0000] {processor.py:176} INFO - Processing /opt/airflow/dags/customers_origin.py took 0.845 seconds
[2023-11-07T07:44:24.977+0000] {processor.py:154} INFO - Started process (PID=523) to work on /opt/airflow/dags/customers_origin.py
[2023-11-07T07:44:24.978+0000] {processor.py:756} INFO - Processing file /opt/airflow/dags/customers_origin.py for tasks to queue
[2023-11-07T07:44:24.979+0000] {logging_mixin.py:120} INFO - [2023-11-07T07:44:24.979+0000] {dagbag.py:537} INFO - Filling up the DagBag from /opt/airflow/dags/customers_origin.py
[2023-11-07T07:44:25.478+0000] {processor.py:766} INFO - DAG(s) dict_keys(['customers']) retrieved from /opt/airflow/dags/customers_origin.py
[2023-11-07T07:44:25.505+0000] {logging_mixin.py:120} INFO - [2023-11-07T07:44:25.505+0000] {dag.py:2585} INFO - Sync 1 DAGs
[2023-11-07T07:44:25.537+0000] {logging_mixin.py:120} INFO - [2023-11-07T07:44:25.537+0000] {dag.py:3340} INFO - Setting next_dagrun for customers to None, run_after=None
[2023-11-07T07:44:25.735+0000] {processor.py:176} INFO - Processing /opt/airflow/dags/customers_origin.py took 0.762 seconds
[2023-11-07T07:44:56.082+0000] {processor.py:154} INFO - Started process (PID=570) to work on /opt/airflow/dags/customers_origin.py
[2023-11-07T07:44:56.083+0000] {processor.py:756} INFO - Processing file /opt/airflow/dags/customers_origin.py for tasks to queue
[2023-11-07T07:44:56.084+0000] {logging_mixin.py:120} INFO - [2023-11-07T07:44:56.084+0000] {dagbag.py:537} INFO - Filling up the DagBag from /opt/airflow/dags/customers_origin.py
[2023-11-07T07:44:56.657+0000] {processor.py:766} INFO - DAG(s) dict_keys(['customers']) retrieved from /opt/airflow/dags/customers_origin.py
[2023-11-07T07:44:57.509+0000] {logging_mixin.py:120} INFO - [2023-11-07T07:44:57.509+0000] {dag.py:2585} INFO - Sync 1 DAGs
[2023-11-07T07:44:57.601+0000] {logging_mixin.py:120} INFO - [2023-11-07T07:44:57.601+0000] {dag.py:3340} INFO - Setting next_dagrun for customers to None, run_after=None
[2023-11-07T07:44:57.723+0000] {processor.py:176} INFO - Processing /opt/airflow/dags/customers_origin.py took 1.647 seconds
[2023-11-07T07:45:28.013+0000] {processor.py:154} INFO - Started process (PID=610) to work on /opt/airflow/dags/customers_origin.py
[2023-11-07T07:45:28.016+0000] {processor.py:756} INFO - Processing file /opt/airflow/dags/customers_origin.py for tasks to queue
[2023-11-07T07:45:28.017+0000] {logging_mixin.py:120} INFO - [2023-11-07T07:45:28.017+0000] {dagbag.py:537} INFO - Filling up the DagBag from /opt/airflow/dags/customers_origin.py
[2023-11-07T07:45:28.579+0000] {processor.py:766} INFO - DAG(s) dict_keys(['customers']) retrieved from /opt/airflow/dags/customers_origin.py
[2023-11-07T07:45:28.608+0000] {logging_mixin.py:120} INFO - [2023-11-07T07:45:28.606+0000] {dag.py:2585} INFO - Sync 1 DAGs
[2023-11-07T07:45:28.769+0000] {logging_mixin.py:120} INFO - [2023-11-07T07:45:28.769+0000] {dag.py:3340} INFO - Setting next_dagrun for customers to None, run_after=None
[2023-11-07T07:45:28.797+0000] {processor.py:176} INFO - Processing /opt/airflow/dags/customers_origin.py took 0.788 seconds
[2023-11-07T07:45:59.450+0000] {processor.py:154} INFO - Started process (PID=657) to work on /opt/airflow/dags/customers_origin.py
[2023-11-07T07:45:59.452+0000] {processor.py:756} INFO - Processing file /opt/airflow/dags/customers_origin.py for tasks to queue
[2023-11-07T07:45:59.453+0000] {logging_mixin.py:120} INFO - [2023-11-07T07:45:59.453+0000] {dagbag.py:537} INFO - Filling up the DagBag from /opt/airflow/dags/customers_origin.py
[2023-11-07T07:46:00.013+0000] {processor.py:766} INFO - DAG(s) dict_keys(['customers']) retrieved from /opt/airflow/dags/customers_origin.py
[2023-11-07T07:46:00.276+0000] {logging_mixin.py:120} INFO - [2023-11-07T07:46:00.275+0000] {dag.py:2585} INFO - Sync 1 DAGs
[2023-11-07T07:46:00.307+0000] {logging_mixin.py:120} INFO - [2023-11-07T07:46:00.306+0000] {dag.py:3340} INFO - Setting next_dagrun for customers to None, run_after=None
[2023-11-07T07:46:00.361+0000] {processor.py:176} INFO - Processing /opt/airflow/dags/customers_origin.py took 0.914 seconds
[2023-11-07T07:46:31.265+0000] {processor.py:154} INFO - Started process (PID=709) to work on /opt/airflow/dags/customers_origin.py
[2023-11-07T07:46:31.266+0000] {processor.py:756} INFO - Processing file /opt/airflow/dags/customers_origin.py for tasks to queue
[2023-11-07T07:46:31.268+0000] {logging_mixin.py:120} INFO - [2023-11-07T07:46:31.268+0000] {dagbag.py:537} INFO - Filling up the DagBag from /opt/airflow/dags/customers_origin.py
[2023-11-07T07:46:31.751+0000] {processor.py:766} INFO - DAG(s) dict_keys(['customers']) retrieved from /opt/airflow/dags/customers_origin.py
[2023-11-07T07:46:31.902+0000] {logging_mixin.py:120} INFO - [2023-11-07T07:46:31.901+0000] {dag.py:2585} INFO - Sync 1 DAGs
[2023-11-07T07:46:31.930+0000] {logging_mixin.py:120} INFO - [2023-11-07T07:46:31.930+0000] {dag.py:3340} INFO - Setting next_dagrun for customers to None, run_after=None
[2023-11-07T07:46:31.957+0000] {processor.py:176} INFO - Processing /opt/airflow/dags/customers_origin.py took 0.695 seconds
[2023-11-07T07:47:02.177+0000] {processor.py:154} INFO - Started process (PID=747) to work on /opt/airflow/dags/customers_origin.py
[2023-11-07T07:47:02.178+0000] {processor.py:756} INFO - Processing file /opt/airflow/dags/customers_origin.py for tasks to queue
[2023-11-07T07:47:02.179+0000] {logging_mixin.py:120} INFO - [2023-11-07T07:47:02.179+0000] {dagbag.py:537} INFO - Filling up the DagBag from /opt/airflow/dags/customers_origin.py
[2023-11-07T07:47:02.885+0000] {processor.py:766} INFO - DAG(s) dict_keys(['customers']) retrieved from /opt/airflow/dags/customers_origin.py
[2023-11-07T07:47:03.070+0000] {logging_mixin.py:120} INFO - [2023-11-07T07:47:03.069+0000] {dag.py:2585} INFO - Sync 1 DAGs
[2023-11-07T07:47:03.136+0000] {logging_mixin.py:120} INFO - [2023-11-07T07:47:03.136+0000] {dag.py:3340} INFO - Setting next_dagrun for customers to None, run_after=None
[2023-11-07T07:47:03.186+0000] {processor.py:176} INFO - Processing /opt/airflow/dags/customers_origin.py took 1.013 seconds
[2023-11-07T07:47:33.336+0000] {processor.py:154} INFO - Started process (PID=797) to work on /opt/airflow/dags/customers_origin.py
[2023-11-07T07:47:33.337+0000] {processor.py:756} INFO - Processing file /opt/airflow/dags/customers_origin.py for tasks to queue
[2023-11-07T07:47:33.339+0000] {logging_mixin.py:120} INFO - [2023-11-07T07:47:33.339+0000] {dagbag.py:537} INFO - Filling up the DagBag from /opt/airflow/dags/customers_origin.py
[2023-11-07T07:47:33.890+0000] {processor.py:766} INFO - DAG(s) dict_keys(['customers']) retrieved from /opt/airflow/dags/customers_origin.py
[2023-11-07T07:47:33.923+0000] {logging_mixin.py:120} INFO - [2023-11-07T07:47:33.922+0000] {dag.py:2585} INFO - Sync 1 DAGs
[2023-11-07T07:47:34.097+0000] {logging_mixin.py:120} INFO - [2023-11-07T07:47:34.097+0000] {dag.py:3340} INFO - Setting next_dagrun for customers to None, run_after=None
[2023-11-07T07:47:34.125+0000] {processor.py:176} INFO - Processing /opt/airflow/dags/customers_origin.py took 0.793 seconds
[2023-11-07T07:48:05.025+0000] {processor.py:154} INFO - Started process (PID=846) to work on /opt/airflow/dags/customers_origin.py
[2023-11-07T07:48:05.026+0000] {processor.py:756} INFO - Processing file /opt/airflow/dags/customers_origin.py for tasks to queue
[2023-11-07T07:48:05.027+0000] {logging_mixin.py:120} INFO - [2023-11-07T07:48:05.027+0000] {dagbag.py:537} INFO - Filling up the DagBag from /opt/airflow/dags/customers_origin.py
[2023-11-07T07:48:05.531+0000] {processor.py:766} INFO - DAG(s) dict_keys(['customers']) retrieved from /opt/airflow/dags/customers_origin.py
[2023-11-07T07:48:05.750+0000] {logging_mixin.py:120} INFO - [2023-11-07T07:48:05.750+0000] {dag.py:2585} INFO - Sync 1 DAGs
[2023-11-07T07:48:05.779+0000] {logging_mixin.py:120} INFO - [2023-11-07T07:48:05.779+0000] {dag.py:3340} INFO - Setting next_dagrun for customers to None, run_after=None
[2023-11-07T07:48:05.808+0000] {processor.py:176} INFO - Processing /opt/airflow/dags/customers_origin.py took 0.786 seconds
[2023-11-07T07:48:35.910+0000] {processor.py:154} INFO - Started process (PID=885) to work on /opt/airflow/dags/customers_origin.py
[2023-11-07T07:48:35.911+0000] {processor.py:756} INFO - Processing file /opt/airflow/dags/customers_origin.py for tasks to queue
[2023-11-07T07:48:35.913+0000] {logging_mixin.py:120} INFO - [2023-11-07T07:48:35.912+0000] {dagbag.py:537} INFO - Filling up the DagBag from /opt/airflow/dags/customers_origin.py
[2023-11-07T07:48:36.410+0000] {processor.py:766} INFO - DAG(s) dict_keys(['customers']) retrieved from /opt/airflow/dags/customers_origin.py
[2023-11-07T07:48:36.570+0000] {logging_mixin.py:120} INFO - [2023-11-07T07:48:36.436+0000] {dag.py:2585} INFO - Sync 1 DAGs
[2023-11-07T07:48:36.600+0000] {logging_mixin.py:120} INFO - [2023-11-07T07:48:36.600+0000] {dag.py:3340} INFO - Setting next_dagrun for customers to None, run_after=None
[2023-11-07T07:48:36.626+0000] {processor.py:176} INFO - Processing /opt/airflow/dags/customers_origin.py took 0.719 seconds
[2023-11-07T07:49:06.748+0000] {processor.py:154} INFO - Started process (PID=933) to work on /opt/airflow/dags/customers_origin.py
[2023-11-07T07:49:06.750+0000] {processor.py:756} INFO - Processing file /opt/airflow/dags/customers_origin.py for tasks to queue
[2023-11-07T07:49:06.751+0000] {logging_mixin.py:120} INFO - [2023-11-07T07:49:06.751+0000] {dagbag.py:537} INFO - Filling up the DagBag from /opt/airflow/dags/customers_origin.py
[2023-11-07T07:49:07.252+0000] {processor.py:766} INFO - DAG(s) dict_keys(['customers']) retrieved from /opt/airflow/dags/customers_origin.py
[2023-11-07T07:49:07.535+0000] {logging_mixin.py:120} INFO - [2023-11-07T07:49:07.534+0000] {dag.py:2585} INFO - Sync 1 DAGs
[2023-11-07T07:49:07.565+0000] {logging_mixin.py:120} INFO - [2023-11-07T07:49:07.564+0000] {dag.py:3340} INFO - Setting next_dagrun for customers to None, run_after=None
[2023-11-07T07:49:07.593+0000] {processor.py:176} INFO - Processing /opt/airflow/dags/customers_origin.py took 0.847 seconds
[2023-11-07T07:49:37.714+0000] {processor.py:154} INFO - Started process (PID=980) to work on /opt/airflow/dags/customers_origin.py
[2023-11-07T07:49:37.715+0000] {processor.py:756} INFO - Processing file /opt/airflow/dags/customers_origin.py for tasks to queue
[2023-11-07T07:49:37.716+0000] {logging_mixin.py:120} INFO - [2023-11-07T07:49:37.716+0000] {dagbag.py:537} INFO - Filling up the DagBag from /opt/airflow/dags/customers_origin.py
[2023-11-07T07:49:38.219+0000] {processor.py:766} INFO - DAG(s) dict_keys(['customers']) retrieved from /opt/airflow/dags/customers_origin.py
[2023-11-07T07:49:38.368+0000] {logging_mixin.py:120} INFO - [2023-11-07T07:49:38.368+0000] {dag.py:2585} INFO - Sync 1 DAGs
[2023-11-07T07:49:38.400+0000] {logging_mixin.py:120} INFO - [2023-11-07T07:49:38.400+0000] {dag.py:3340} INFO - Setting next_dagrun for customers to None, run_after=None
[2023-11-07T07:49:38.427+0000] {processor.py:176} INFO - Processing /opt/airflow/dags/customers_origin.py took 0.715 seconds
[2023-11-07T07:50:08.849+0000] {processor.py:154} INFO - Started process (PID=1018) to work on /opt/airflow/dags/customers_origin.py
[2023-11-07T07:50:08.850+0000] {processor.py:756} INFO - Processing file /opt/airflow/dags/customers_origin.py for tasks to queue
[2023-11-07T07:50:08.851+0000] {logging_mixin.py:120} INFO - [2023-11-07T07:50:08.851+0000] {dagbag.py:537} INFO - Filling up the DagBag from /opt/airflow/dags/customers_origin.py
[2023-11-07T07:50:09.326+0000] {processor.py:766} INFO - DAG(s) dict_keys(['customers']) retrieved from /opt/airflow/dags/customers_origin.py
[2023-11-07T07:50:09.541+0000] {logging_mixin.py:120} INFO - [2023-11-07T07:50:09.541+0000] {dag.py:2585} INFO - Sync 1 DAGs
[2023-11-07T07:50:09.568+0000] {logging_mixin.py:120} INFO - [2023-11-07T07:50:09.568+0000] {dag.py:3340} INFO - Setting next_dagrun for customers to None, run_after=None
[2023-11-07T07:50:09.596+0000] {processor.py:176} INFO - Processing /opt/airflow/dags/customers_origin.py took 0.750 seconds
[2023-11-07T07:50:39.798+0000] {processor.py:154} INFO - Started process (PID=1066) to work on /opt/airflow/dags/customers_origin.py
[2023-11-07T07:50:39.799+0000] {processor.py:756} INFO - Processing file /opt/airflow/dags/customers_origin.py for tasks to queue
[2023-11-07T07:50:39.800+0000] {logging_mixin.py:120} INFO - [2023-11-07T07:50:39.800+0000] {dagbag.py:537} INFO - Filling up the DagBag from /opt/airflow/dags/customers_origin.py
[2023-11-07T07:50:40.285+0000] {processor.py:766} INFO - DAG(s) dict_keys(['customers']) retrieved from /opt/airflow/dags/customers_origin.py
[2023-11-07T07:50:40.312+0000] {logging_mixin.py:120} INFO - [2023-11-07T07:50:40.311+0000] {dag.py:2585} INFO - Sync 1 DAGs
[2023-11-07T07:50:40.474+0000] {logging_mixin.py:120} INFO - [2023-11-07T07:50:40.474+0000] {dag.py:3340} INFO - Setting next_dagrun for customers to None, run_after=None
[2023-11-07T07:50:40.502+0000] {processor.py:176} INFO - Processing /opt/airflow/dags/customers_origin.py took 0.707 seconds
[2023-11-07T07:51:10.685+0000] {processor.py:154} INFO - Started process (PID=1113) to work on /opt/airflow/dags/customers_origin.py
[2023-11-07T07:51:10.686+0000] {processor.py:756} INFO - Processing file /opt/airflow/dags/customers_origin.py for tasks to queue
[2023-11-07T07:51:10.687+0000] {logging_mixin.py:120} INFO - [2023-11-07T07:51:10.687+0000] {dagbag.py:537} INFO - Filling up the DagBag from /opt/airflow/dags/customers_origin.py
[2023-11-07T07:51:11.175+0000] {processor.py:766} INFO - DAG(s) dict_keys(['customers']) retrieved from /opt/airflow/dags/customers_origin.py
[2023-11-07T07:51:11.402+0000] {logging_mixin.py:120} INFO - [2023-11-07T07:51:11.401+0000] {dag.py:2585} INFO - Sync 1 DAGs
[2023-11-07T07:51:11.430+0000] {logging_mixin.py:120} INFO - [2023-11-07T07:51:11.430+0000] {dag.py:3340} INFO - Setting next_dagrun for customers to None, run_after=None
[2023-11-07T07:51:11.462+0000] {processor.py:176} INFO - Processing /opt/airflow/dags/customers_origin.py took 0.780 seconds
[2023-11-07T07:51:41.532+0000] {processor.py:154} INFO - Started process (PID=1151) to work on /opt/airflow/dags/customers_origin.py
[2023-11-07T07:51:41.533+0000] {processor.py:756} INFO - Processing file /opt/airflow/dags/customers_origin.py for tasks to queue
[2023-11-07T07:51:41.534+0000] {logging_mixin.py:120} INFO - [2023-11-07T07:51:41.534+0000] {dagbag.py:537} INFO - Filling up the DagBag from /opt/airflow/dags/customers_origin.py
[2023-11-07T07:51:42.248+0000] {processor.py:766} INFO - DAG(s) dict_keys(['customers']) retrieved from /opt/airflow/dags/customers_origin.py
[2023-11-07T07:51:42.422+0000] {logging_mixin.py:120} INFO - [2023-11-07T07:51:42.286+0000] {dag.py:2585} INFO - Sync 1 DAGs
[2023-11-07T07:51:42.458+0000] {logging_mixin.py:120} INFO - [2023-11-07T07:51:42.458+0000] {dag.py:3340} INFO - Setting next_dagrun for customers to None, run_after=None
[2023-11-07T07:51:42.482+0000] {processor.py:176} INFO - Processing /opt/airflow/dags/customers_origin.py took 0.955 seconds
[2023-11-07T07:52:12.820+0000] {processor.py:154} INFO - Started process (PID=1196) to work on /opt/airflow/dags/customers_origin.py
[2023-11-07T07:52:12.821+0000] {processor.py:756} INFO - Processing file /opt/airflow/dags/customers_origin.py for tasks to queue
[2023-11-07T07:52:12.822+0000] {logging_mixin.py:120} INFO - [2023-11-07T07:52:12.822+0000] {dagbag.py:537} INFO - Filling up the DagBag from /opt/airflow/dags/customers_origin.py
[2023-11-07T07:52:13.338+0000] {processor.py:766} INFO - DAG(s) dict_keys(['customers']) retrieved from /opt/airflow/dags/customers_origin.py
[2023-11-07T07:52:13.574+0000] {logging_mixin.py:120} INFO - [2023-11-07T07:52:13.573+0000] {dag.py:2585} INFO - Sync 1 DAGs
[2023-11-07T07:52:13.606+0000] {logging_mixin.py:120} INFO - [2023-11-07T07:52:13.606+0000] {dag.py:3340} INFO - Setting next_dagrun for customers to None, run_after=None
[2023-11-07T07:52:13.638+0000] {processor.py:176} INFO - Processing /opt/airflow/dags/customers_origin.py took 0.821 seconds
[2023-11-07T07:52:43.773+0000] {processor.py:154} INFO - Started process (PID=1243) to work on /opt/airflow/dags/customers_origin.py
[2023-11-07T07:52:43.775+0000] {processor.py:756} INFO - Processing file /opt/airflow/dags/customers_origin.py for tasks to queue
[2023-11-07T07:52:43.776+0000] {logging_mixin.py:120} INFO - [2023-11-07T07:52:43.776+0000] {dagbag.py:537} INFO - Filling up the DagBag from /opt/airflow/dags/customers_origin.py
[2023-11-07T07:52:44.281+0000] {processor.py:766} INFO - DAG(s) dict_keys(['customers']) retrieved from /opt/airflow/dags/customers_origin.py
[2023-11-07T07:52:44.457+0000] {logging_mixin.py:120} INFO - [2023-11-07T07:52:44.456+0000] {dag.py:2585} INFO - Sync 1 DAGs
[2023-11-07T07:52:44.485+0000] {logging_mixin.py:120} INFO - [2023-11-07T07:52:44.485+0000] {dag.py:3340} INFO - Setting next_dagrun for customers to None, run_after=None
[2023-11-07T07:52:44.515+0000] {processor.py:176} INFO - Processing /opt/airflow/dags/customers_origin.py took 0.745 seconds
[2023-11-07T07:53:14.929+0000] {processor.py:154} INFO - Started process (PID=1283) to work on /opt/airflow/dags/customers_origin.py
[2023-11-07T07:53:14.930+0000] {processor.py:756} INFO - Processing file /opt/airflow/dags/customers_origin.py for tasks to queue
[2023-11-07T07:53:14.931+0000] {logging_mixin.py:120} INFO - [2023-11-07T07:53:14.931+0000] {dagbag.py:537} INFO - Filling up the DagBag from /opt/airflow/dags/customers_origin.py
[2023-11-07T07:53:15.529+0000] {processor.py:766} INFO - DAG(s) dict_keys(['customers']) retrieved from /opt/airflow/dags/customers_origin.py
[2023-11-07T07:53:15.784+0000] {logging_mixin.py:120} INFO - [2023-11-07T07:53:15.783+0000] {dag.py:2585} INFO - Sync 1 DAGs
[2023-11-07T07:53:15.816+0000] {logging_mixin.py:120} INFO - [2023-11-07T07:53:15.816+0000] {dag.py:3340} INFO - Setting next_dagrun for customers to None, run_after=None
[2023-11-07T07:53:15.844+0000] {processor.py:176} INFO - Processing /opt/airflow/dags/customers_origin.py took 0.919 seconds
[2023-11-07T07:53:46.523+0000] {processor.py:154} INFO - Started process (PID=1331) to work on /opt/airflow/dags/customers_origin.py
[2023-11-07T07:53:46.524+0000] {processor.py:756} INFO - Processing file /opt/airflow/dags/customers_origin.py for tasks to queue
[2023-11-07T07:53:46.526+0000] {logging_mixin.py:120} INFO - [2023-11-07T07:53:46.525+0000] {dagbag.py:537} INFO - Filling up the DagBag from /opt/airflow/dags/customers_origin.py
[2023-11-07T07:53:47.045+0000] {processor.py:766} INFO - DAG(s) dict_keys(['customers']) retrieved from /opt/airflow/dags/customers_origin.py
[2023-11-07T07:53:47.087+0000] {logging_mixin.py:120} INFO - [2023-11-07T07:53:47.086+0000] {dag.py:2585} INFO - Sync 1 DAGs
[2023-11-07T07:53:47.259+0000] {logging_mixin.py:120} INFO - [2023-11-07T07:53:47.258+0000] {dag.py:3340} INFO - Setting next_dagrun for customers to None, run_after=None
[2023-11-07T07:53:47.287+0000] {processor.py:176} INFO - Processing /opt/airflow/dags/customers_origin.py took 0.767 seconds
[2023-11-07T07:54:17.686+0000] {processor.py:154} INFO - Started process (PID=1378) to work on /opt/airflow/dags/customers_origin.py
[2023-11-07T07:54:17.687+0000] {processor.py:756} INFO - Processing file /opt/airflow/dags/customers_origin.py for tasks to queue
[2023-11-07T07:54:17.689+0000] {logging_mixin.py:120} INFO - [2023-11-07T07:54:17.689+0000] {dagbag.py:537} INFO - Filling up the DagBag from /opt/airflow/dags/customers_origin.py
[2023-11-07T07:54:18.177+0000] {processor.py:766} INFO - DAG(s) dict_keys(['customers']) retrieved from /opt/airflow/dags/customers_origin.py
[2023-11-07T07:54:18.434+0000] {logging_mixin.py:120} INFO - [2023-11-07T07:54:18.431+0000] {dag.py:2585} INFO - Sync 1 DAGs
[2023-11-07T07:54:18.467+0000] {logging_mixin.py:120} INFO - [2023-11-07T07:54:18.467+0000] {dag.py:3340} INFO - Setting next_dagrun for customers to None, run_after=None
[2023-11-07T07:54:18.510+0000] {processor.py:176} INFO - Processing /opt/airflow/dags/customers_origin.py took 0.827 seconds
[2023-11-07T09:21:31.508+0000] {processor.py:154} INFO - Started process (PID=1406) to work on /opt/airflow/dags/customers_origin.py
[2023-11-07T09:21:31.512+0000] {processor.py:756} INFO - Processing file /opt/airflow/dags/customers_origin.py for tasks to queue
[2023-11-07T09:21:31.518+0000] {logging_mixin.py:120} INFO - [2023-11-07T09:21:31.518+0000] {dagbag.py:537} INFO - Filling up the DagBag from /opt/airflow/dags/customers_origin.py
[2023-11-07T09:21:32.367+0000] {processor.py:766} INFO - DAG(s) dict_keys(['customers']) retrieved from /opt/airflow/dags/customers_origin.py
[2023-11-07T09:21:32.715+0000] {logging_mixin.py:120} INFO - [2023-11-07T09:21:32.714+0000] {dag.py:2585} INFO - Sync 1 DAGs
[2023-11-07T09:21:32.769+0000] {logging_mixin.py:120} INFO - [2023-11-07T09:21:32.769+0000] {dag.py:3340} INFO - Setting next_dagrun for customers to None, run_after=None
[2023-11-07T09:21:32.834+0000] {processor.py:176} INFO - Processing /opt/airflow/dags/customers_origin.py took 1.329 seconds
[2023-11-07T09:22:02.983+0000] {processor.py:154} INFO - Started process (PID=1444) to work on /opt/airflow/dags/customers_origin.py
[2023-11-07T09:22:02.984+0000] {processor.py:756} INFO - Processing file /opt/airflow/dags/customers_origin.py for tasks to queue
[2023-11-07T09:22:02.985+0000] {logging_mixin.py:120} INFO - [2023-11-07T09:22:02.985+0000] {dagbag.py:537} INFO - Filling up the DagBag from /opt/airflow/dags/customers_origin.py
[2023-11-07T09:22:03.642+0000] {processor.py:766} INFO - DAG(s) dict_keys(['customers']) retrieved from /opt/airflow/dags/customers_origin.py
[2023-11-07T09:22:03.879+0000] {logging_mixin.py:120} INFO - [2023-11-07T09:22:03.878+0000] {dag.py:2585} INFO - Sync 1 DAGs
[2023-11-07T09:22:03.916+0000] {logging_mixin.py:120} INFO - [2023-11-07T09:22:03.915+0000] {dag.py:3340} INFO - Setting next_dagrun for customers to None, run_after=None
[2023-11-07T09:22:03.947+0000] {processor.py:176} INFO - Processing /opt/airflow/dags/customers_origin.py took 0.967 seconds
[2023-11-07T09:22:34.540+0000] {processor.py:154} INFO - Started process (PID=1492) to work on /opt/airflow/dags/customers_origin.py
[2023-11-07T09:22:34.542+0000] {processor.py:756} INFO - Processing file /opt/airflow/dags/customers_origin.py for tasks to queue
[2023-11-07T09:22:34.543+0000] {logging_mixin.py:120} INFO - [2023-11-07T09:22:34.543+0000] {dagbag.py:537} INFO - Filling up the DagBag from /opt/airflow/dags/customers_origin.py
[2023-11-07T09:22:35.187+0000] {processor.py:766} INFO - DAG(s) dict_keys(['customers']) retrieved from /opt/airflow/dags/customers_origin.py
[2023-11-07T09:22:35.210+0000] {logging_mixin.py:120} INFO - [2023-11-07T09:22:35.209+0000] {dag.py:2585} INFO - Sync 1 DAGs
[2023-11-07T09:22:35.238+0000] {logging_mixin.py:120} INFO - [2023-11-07T09:22:35.238+0000] {dag.py:3340} INFO - Setting next_dagrun for customers to None, run_after=None
[2023-11-07T09:22:35.265+0000] {processor.py:176} INFO - Processing /opt/airflow/dags/customers_origin.py took 0.727 seconds
[2023-11-07T09:23:05.834+0000] {processor.py:154} INFO - Started process (PID=1531) to work on /opt/airflow/dags/customers_origin.py
[2023-11-07T09:23:05.838+0000] {processor.py:756} INFO - Processing file /opt/airflow/dags/customers_origin.py for tasks to queue
[2023-11-07T09:23:05.840+0000] {logging_mixin.py:120} INFO - [2023-11-07T09:23:05.840+0000] {dagbag.py:537} INFO - Filling up the DagBag from /opt/airflow/dags/customers_origin.py
[2023-11-07T09:23:06.572+0000] {processor.py:766} INFO - DAG(s) dict_keys(['customers']) retrieved from /opt/airflow/dags/customers_origin.py
[2023-11-07T09:23:06.892+0000] {logging_mixin.py:120} INFO - [2023-11-07T09:23:06.891+0000] {dag.py:2585} INFO - Sync 1 DAGs
[2023-11-07T09:23:06.940+0000] {logging_mixin.py:120} INFO - [2023-11-07T09:23:06.940+0000] {dag.py:3340} INFO - Setting next_dagrun for customers to None, run_after=None
[2023-11-07T09:23:06.981+0000] {processor.py:176} INFO - Processing /opt/airflow/dags/customers_origin.py took 1.151 seconds
[2023-11-07T09:23:37.626+0000] {processor.py:154} INFO - Started process (PID=1577) to work on /opt/airflow/dags/customers_origin.py
[2023-11-07T09:23:37.627+0000] {processor.py:756} INFO - Processing file /opt/airflow/dags/customers_origin.py for tasks to queue
[2023-11-07T09:23:37.628+0000] {logging_mixin.py:120} INFO - [2023-11-07T09:23:37.628+0000] {dagbag.py:537} INFO - Filling up the DagBag from /opt/airflow/dags/customers_origin.py
[2023-11-07T09:23:38.252+0000] {processor.py:766} INFO - DAG(s) dict_keys(['customers']) retrieved from /opt/airflow/dags/customers_origin.py
[2023-11-07T09:23:38.286+0000] {logging_mixin.py:120} INFO - [2023-11-07T09:23:38.285+0000] {dag.py:2585} INFO - Sync 1 DAGs
[2023-11-07T09:23:38.501+0000] {logging_mixin.py:120} INFO - [2023-11-07T09:23:38.501+0000] {dag.py:3340} INFO - Setting next_dagrun for customers to None, run_after=None
[2023-11-07T09:23:38.533+0000] {processor.py:176} INFO - Processing /opt/airflow/dags/customers_origin.py took 0.911 seconds
[2023-11-07T09:24:09.337+0000] {processor.py:154} INFO - Started process (PID=1624) to work on /opt/airflow/dags/customers_origin.py
[2023-11-07T09:24:09.340+0000] {processor.py:756} INFO - Processing file /opt/airflow/dags/customers_origin.py for tasks to queue
[2023-11-07T09:24:09.341+0000] {logging_mixin.py:120} INFO - [2023-11-07T09:24:09.341+0000] {dagbag.py:537} INFO - Filling up the DagBag from /opt/airflow/dags/customers_origin.py
[2023-11-07T09:24:09.953+0000] {processor.py:766} INFO - DAG(s) dict_keys(['customers']) retrieved from /opt/airflow/dags/customers_origin.py
[2023-11-07T09:24:10.189+0000] {logging_mixin.py:120} INFO - [2023-11-07T09:24:10.188+0000] {dag.py:2585} INFO - Sync 1 DAGs
[2023-11-07T09:24:10.225+0000] {logging_mixin.py:120} INFO - [2023-11-07T09:24:10.224+0000] {dag.py:3340} INFO - Setting next_dagrun for customers to None, run_after=None
[2023-11-07T09:24:10.261+0000] {processor.py:176} INFO - Processing /opt/airflow/dags/customers_origin.py took 0.928 seconds
[2023-11-07T09:24:43.167+0000] {processor.py:154} INFO - Started process (PID=1662) to work on /opt/airflow/dags/customers_origin.py
[2023-11-07T09:24:43.177+0000] {processor.py:756} INFO - Processing file /opt/airflow/dags/customers_origin.py for tasks to queue
[2023-11-07T09:24:43.191+0000] {logging_mixin.py:120} INFO - [2023-11-07T09:24:43.191+0000] {dagbag.py:537} INFO - Filling up the DagBag from /opt/airflow/dags/customers_origin.py
[2023-11-07T09:24:44.844+0000] {processor.py:766} INFO - DAG(s) dict_keys(['customers']) retrieved from /opt/airflow/dags/customers_origin.py
[2023-11-07T09:24:45.093+0000] {logging_mixin.py:120} INFO - [2023-11-07T09:24:45.092+0000] {dag.py:2585} INFO - Sync 1 DAGs
[2023-11-07T09:24:45.156+0000] {logging_mixin.py:120} INFO - [2023-11-07T09:24:45.156+0000] {dag.py:3340} INFO - Setting next_dagrun for customers to None, run_after=None
[2023-11-07T09:24:45.197+0000] {processor.py:176} INFO - Processing /opt/airflow/dags/customers_origin.py took 2.033 seconds
[2023-11-07T09:25:16.269+0000] {processor.py:154} INFO - Started process (PID=1711) to work on /opt/airflow/dags/customers_origin.py
[2023-11-07T09:25:16.277+0000] {processor.py:756} INFO - Processing file /opt/airflow/dags/customers_origin.py for tasks to queue
[2023-11-07T09:25:16.279+0000] {logging_mixin.py:120} INFO - [2023-11-07T09:25:16.279+0000] {dagbag.py:537} INFO - Filling up the DagBag from /opt/airflow/dags/customers_origin.py
[2023-11-07T09:25:16.997+0000] {processor.py:766} INFO - DAG(s) dict_keys(['customers']) retrieved from /opt/airflow/dags/customers_origin.py
[2023-11-07T09:25:17.378+0000] {logging_mixin.py:120} INFO - [2023-11-07T09:25:17.377+0000] {dag.py:2585} INFO - Sync 1 DAGs
[2023-11-07T09:25:17.409+0000] {logging_mixin.py:120} INFO - [2023-11-07T09:25:17.409+0000] {dag.py:3340} INFO - Setting next_dagrun for customers to None, run_after=None
[2023-11-07T09:25:17.441+0000] {processor.py:176} INFO - Processing /opt/airflow/dags/customers_origin.py took 1.176 seconds
[2023-11-07T09:25:47.762+0000] {processor.py:154} INFO - Started process (PID=1759) to work on /opt/airflow/dags/customers_origin.py
[2023-11-07T09:25:47.763+0000] {processor.py:756} INFO - Processing file /opt/airflow/dags/customers_origin.py for tasks to queue
[2023-11-07T09:25:47.764+0000] {logging_mixin.py:120} INFO - [2023-11-07T09:25:47.764+0000] {dagbag.py:537} INFO - Filling up the DagBag from /opt/airflow/dags/customers_origin.py
[2023-11-07T09:25:48.367+0000] {processor.py:766} INFO - DAG(s) dict_keys(['customers']) retrieved from /opt/airflow/dags/customers_origin.py
[2023-11-07T09:25:48.417+0000] {logging_mixin.py:120} INFO - [2023-11-07T09:25:48.417+0000] {dag.py:2585} INFO - Sync 1 DAGs
[2023-11-07T09:25:48.629+0000] {logging_mixin.py:120} INFO - [2023-11-07T09:25:48.629+0000] {dag.py:3340} INFO - Setting next_dagrun for customers to None, run_after=None
[2023-11-07T09:25:48.670+0000] {processor.py:176} INFO - Processing /opt/airflow/dags/customers_origin.py took 0.911 seconds
[2023-11-07T09:26:19.074+0000] {processor.py:154} INFO - Started process (PID=1799) to work on /opt/airflow/dags/customers_origin.py
[2023-11-07T09:26:19.075+0000] {processor.py:756} INFO - Processing file /opt/airflow/dags/customers_origin.py for tasks to queue
[2023-11-07T09:26:19.077+0000] {logging_mixin.py:120} INFO - [2023-11-07T09:26:19.076+0000] {dagbag.py:537} INFO - Filling up the DagBag from /opt/airflow/dags/customers_origin.py
[2023-11-07T09:26:19.601+0000] {processor.py:766} INFO - DAG(s) dict_keys(['customers']) retrieved from /opt/airflow/dags/customers_origin.py
[2023-11-07T09:26:19.900+0000] {logging_mixin.py:120} INFO - [2023-11-07T09:26:19.900+0000] {dag.py:2585} INFO - Sync 1 DAGs
[2023-11-07T09:26:19.933+0000] {logging_mixin.py:120} INFO - [2023-11-07T09:26:19.933+0000] {dag.py:3340} INFO - Setting next_dagrun for customers to None, run_after=None
[2023-11-07T09:26:19.971+0000] {processor.py:176} INFO - Processing /opt/airflow/dags/customers_origin.py took 0.900 seconds
[2023-11-07T09:26:50.578+0000] {processor.py:154} INFO - Started process (PID=1845) to work on /opt/airflow/dags/customers_origin.py
[2023-11-07T09:26:50.579+0000] {processor.py:756} INFO - Processing file /opt/airflow/dags/customers_origin.py for tasks to queue
[2023-11-07T09:26:50.581+0000] {logging_mixin.py:120} INFO - [2023-11-07T09:26:50.581+0000] {dagbag.py:537} INFO - Filling up the DagBag from /opt/airflow/dags/customers_origin.py
[2023-11-07T09:26:52.385+0000] {processor.py:766} INFO - DAG(s) dict_keys(['customers']) retrieved from /opt/airflow/dags/customers_origin.py
[2023-11-07T09:26:53.142+0000] {logging_mixin.py:120} INFO - [2023-11-07T09:26:53.136+0000] {dag.py:2585} INFO - Sync 1 DAGs
[2023-11-07T09:26:53.318+0000] {logging_mixin.py:120} INFO - [2023-11-07T09:26:53.318+0000] {dag.py:3340} INFO - Setting next_dagrun for customers to None, run_after=None
[2023-11-07T09:26:53.491+0000] {processor.py:176} INFO - Processing /opt/airflow/dags/customers_origin.py took 2.924 seconds
[2023-11-07T09:27:23.886+0000] {processor.py:154} INFO - Started process (PID=1883) to work on /opt/airflow/dags/customers_origin.py
[2023-11-07T09:27:23.887+0000] {processor.py:756} INFO - Processing file /opt/airflow/dags/customers_origin.py for tasks to queue
[2023-11-07T09:27:23.888+0000] {logging_mixin.py:120} INFO - [2023-11-07T09:27:23.888+0000] {dagbag.py:537} INFO - Filling up the DagBag from /opt/airflow/dags/customers_origin.py
[2023-11-07T09:27:24.566+0000] {processor.py:766} INFO - DAG(s) dict_keys(['customers']) retrieved from /opt/airflow/dags/customers_origin.py
[2023-11-07T09:27:24.741+0000] {logging_mixin.py:120} INFO - [2023-11-07T09:27:24.740+0000] {dag.py:2585} INFO - Sync 1 DAGs
[2023-11-07T09:27:24.787+0000] {logging_mixin.py:120} INFO - [2023-11-07T09:27:24.787+0000] {dag.py:3340} INFO - Setting next_dagrun for customers to None, run_after=None
[2023-11-07T09:27:24.856+0000] {processor.py:176} INFO - Processing /opt/airflow/dags/customers_origin.py took 0.973 seconds
[2023-11-07T09:27:55.303+0000] {processor.py:154} INFO - Started process (PID=1933) to work on /opt/airflow/dags/customers_origin.py
[2023-11-07T09:27:55.304+0000] {processor.py:756} INFO - Processing file /opt/airflow/dags/customers_origin.py for tasks to queue
[2023-11-07T09:27:55.305+0000] {logging_mixin.py:120} INFO - [2023-11-07T09:27:55.305+0000] {dagbag.py:537} INFO - Filling up the DagBag from /opt/airflow/dags/customers_origin.py
[2023-11-07T09:27:55.857+0000] {processor.py:766} INFO - DAG(s) dict_keys(['customers']) retrieved from /opt/airflow/dags/customers_origin.py
[2023-11-07T09:27:56.024+0000] {logging_mixin.py:120} INFO - [2023-11-07T09:27:56.023+0000] {dag.py:2585} INFO - Sync 1 DAGs
[2023-11-07T09:27:56.056+0000] {logging_mixin.py:120} INFO - [2023-11-07T09:27:56.056+0000] {dag.py:3340} INFO - Setting next_dagrun for customers to None, run_after=None
[2023-11-07T09:27:56.085+0000] {processor.py:176} INFO - Processing /opt/airflow/dags/customers_origin.py took 0.786 seconds
[2023-11-07T09:28:26.277+0000] {processor.py:154} INFO - Started process (PID=1971) to work on /opt/airflow/dags/customers_origin.py
[2023-11-07T09:28:26.279+0000] {processor.py:756} INFO - Processing file /opt/airflow/dags/customers_origin.py for tasks to queue
[2023-11-07T09:28:26.280+0000] {logging_mixin.py:120} INFO - [2023-11-07T09:28:26.280+0000] {dagbag.py:537} INFO - Filling up the DagBag from /opt/airflow/dags/customers_origin.py
[2023-11-07T09:28:26.941+0000] {processor.py:766} INFO - DAG(s) dict_keys(['customers']) retrieved from /opt/airflow/dags/customers_origin.py
[2023-11-07T09:28:27.056+0000] {logging_mixin.py:120} INFO - [2023-11-07T09:28:27.055+0000] {dag.py:2585} INFO - Sync 1 DAGs
[2023-11-07T09:28:27.087+0000] {logging_mixin.py:120} INFO - [2023-11-07T09:28:27.087+0000] {dag.py:3340} INFO - Setting next_dagrun for customers to None, run_after=None
[2023-11-07T09:28:27.118+0000] {processor.py:176} INFO - Processing /opt/airflow/dags/customers_origin.py took 0.844 seconds
[2023-11-07T09:28:57.544+0000] {processor.py:154} INFO - Started process (PID=2018) to work on /opt/airflow/dags/customers_origin.py
[2023-11-07T09:28:57.547+0000] {processor.py:756} INFO - Processing file /opt/airflow/dags/customers_origin.py for tasks to queue
[2023-11-07T09:28:57.549+0000] {logging_mixin.py:120} INFO - [2023-11-07T09:28:57.548+0000] {dagbag.py:537} INFO - Filling up the DagBag from /opt/airflow/dags/customers_origin.py
[2023-11-07T09:28:58.105+0000] {processor.py:766} INFO - DAG(s) dict_keys(['customers']) retrieved from /opt/airflow/dags/customers_origin.py
[2023-11-07T09:28:58.154+0000] {logging_mixin.py:120} INFO - [2023-11-07T09:28:58.154+0000] {dag.py:2585} INFO - Sync 1 DAGs
[2023-11-07T09:28:58.354+0000] {logging_mixin.py:120} INFO - [2023-11-07T09:28:58.354+0000] {dag.py:3340} INFO - Setting next_dagrun for customers to None, run_after=None
[2023-11-07T09:28:58.385+0000] {processor.py:176} INFO - Processing /opt/airflow/dags/customers_origin.py took 0.844 seconds
[2023-11-07T09:29:28.819+0000] {processor.py:154} INFO - Started process (PID=2065) to work on /opt/airflow/dags/customers_origin.py
[2023-11-07T09:29:28.820+0000] {processor.py:756} INFO - Processing file /opt/airflow/dags/customers_origin.py for tasks to queue
[2023-11-07T09:29:28.821+0000] {logging_mixin.py:120} INFO - [2023-11-07T09:29:28.821+0000] {dagbag.py:537} INFO - Filling up the DagBag from /opt/airflow/dags/customers_origin.py
[2023-11-07T09:29:29.343+0000] {processor.py:766} INFO - DAG(s) dict_keys(['customers']) retrieved from /opt/airflow/dags/customers_origin.py
[2023-11-07T09:29:29.372+0000] {logging_mixin.py:120} INFO - [2023-11-07T09:29:29.371+0000] {dag.py:2585} INFO - Sync 1 DAGs
[2023-11-07T09:29:29.537+0000] {logging_mixin.py:120} INFO - [2023-11-07T09:29:29.536+0000] {dag.py:3340} INFO - Setting next_dagrun for customers to None, run_after=None
[2023-11-07T09:29:29.562+0000] {processor.py:176} INFO - Processing /opt/airflow/dags/customers_origin.py took 0.745 seconds
[2023-11-07T09:29:59.832+0000] {processor.py:154} INFO - Started process (PID=2104) to work on /opt/airflow/dags/customers_origin.py
[2023-11-07T09:29:59.833+0000] {processor.py:756} INFO - Processing file /opt/airflow/dags/customers_origin.py for tasks to queue
[2023-11-07T09:29:59.835+0000] {logging_mixin.py:120} INFO - [2023-11-07T09:29:59.835+0000] {dagbag.py:537} INFO - Filling up the DagBag from /opt/airflow/dags/customers_origin.py
[2023-11-07T09:30:00.407+0000] {processor.py:766} INFO - DAG(s) dict_keys(['customers']) retrieved from /opt/airflow/dags/customers_origin.py
[2023-11-07T09:30:00.574+0000] {logging_mixin.py:120} INFO - [2023-11-07T09:30:00.436+0000] {dag.py:2585} INFO - Sync 1 DAGs
[2023-11-07T09:30:00.605+0000] {logging_mixin.py:120} INFO - [2023-11-07T09:30:00.605+0000] {dag.py:3340} INFO - Setting next_dagrun for customers to None, run_after=None
[2023-11-07T09:30:00.634+0000] {processor.py:176} INFO - Processing /opt/airflow/dags/customers_origin.py took 0.805 seconds
[2023-11-07T09:30:30.835+0000] {processor.py:154} INFO - Started process (PID=2151) to work on /opt/airflow/dags/customers_origin.py
[2023-11-07T09:30:30.836+0000] {processor.py:756} INFO - Processing file /opt/airflow/dags/customers_origin.py for tasks to queue
[2023-11-07T09:30:30.837+0000] {logging_mixin.py:120} INFO - [2023-11-07T09:30:30.837+0000] {dagbag.py:537} INFO - Filling up the DagBag from /opt/airflow/dags/customers_origin.py
[2023-11-07T09:30:31.359+0000] {processor.py:766} INFO - DAG(s) dict_keys(['customers']) retrieved from /opt/airflow/dags/customers_origin.py
[2023-11-07T09:30:31.586+0000] {logging_mixin.py:120} INFO - [2023-11-07T09:30:31.585+0000] {dag.py:2585} INFO - Sync 1 DAGs
[2023-11-07T09:30:31.621+0000] {logging_mixin.py:120} INFO - [2023-11-07T09:30:31.621+0000] {dag.py:3340} INFO - Setting next_dagrun for customers to None, run_after=None
[2023-11-07T09:30:31.649+0000] {processor.py:176} INFO - Processing /opt/airflow/dags/customers_origin.py took 0.817 seconds
[2023-11-07T09:31:02.333+0000] {processor.py:154} INFO - Started process (PID=2198) to work on /opt/airflow/dags/customers_origin.py
[2023-11-07T09:31:02.335+0000] {processor.py:756} INFO - Processing file /opt/airflow/dags/customers_origin.py for tasks to queue
[2023-11-07T09:31:02.336+0000] {logging_mixin.py:120} INFO - [2023-11-07T09:31:02.336+0000] {dagbag.py:537} INFO - Filling up the DagBag from /opt/airflow/dags/customers_origin.py
[2023-11-07T09:31:02.897+0000] {processor.py:766} INFO - DAG(s) dict_keys(['customers']) retrieved from /opt/airflow/dags/customers_origin.py
[2023-11-07T09:31:03.088+0000] {logging_mixin.py:120} INFO - [2023-11-07T09:31:03.087+0000] {dag.py:2585} INFO - Sync 1 DAGs
[2023-11-07T09:31:03.119+0000] {logging_mixin.py:120} INFO - [2023-11-07T09:31:03.119+0000] {dag.py:3340} INFO - Setting next_dagrun for customers to None, run_after=None
[2023-11-07T09:31:03.147+0000] {processor.py:176} INFO - Processing /opt/airflow/dags/customers_origin.py took 0.817 seconds
[2023-11-07T09:31:33.483+0000] {processor.py:154} INFO - Started process (PID=2236) to work on /opt/airflow/dags/customers_origin.py
[2023-11-07T09:31:33.484+0000] {processor.py:756} INFO - Processing file /opt/airflow/dags/customers_origin.py for tasks to queue
[2023-11-07T09:31:33.487+0000] {logging_mixin.py:120} INFO - [2023-11-07T09:31:33.486+0000] {dagbag.py:537} INFO - Filling up the DagBag from /opt/airflow/dags/customers_origin.py
[2023-11-07T09:31:34.102+0000] {processor.py:766} INFO - DAG(s) dict_keys(['customers']) retrieved from /opt/airflow/dags/customers_origin.py
[2023-11-07T09:31:34.132+0000] {logging_mixin.py:120} INFO - [2023-11-07T09:31:34.132+0000] {dag.py:2585} INFO - Sync 1 DAGs
[2023-11-07T09:31:34.172+0000] {logging_mixin.py:120} INFO - [2023-11-07T09:31:34.172+0000] {dag.py:3340} INFO - Setting next_dagrun for customers to None, run_after=None
[2023-11-07T09:31:34.360+0000] {processor.py:176} INFO - Processing /opt/airflow/dags/customers_origin.py took 0.880 seconds
[2023-11-07T09:32:04.634+0000] {processor.py:154} INFO - Started process (PID=2287) to work on /opt/airflow/dags/customers_origin.py
[2023-11-07T09:32:04.635+0000] {processor.py:756} INFO - Processing file /opt/airflow/dags/customers_origin.py for tasks to queue
[2023-11-07T09:32:04.638+0000] {logging_mixin.py:120} INFO - [2023-11-07T09:32:04.637+0000] {dagbag.py:537} INFO - Filling up the DagBag from /opt/airflow/dags/customers_origin.py
[2023-11-07T09:32:05.238+0000] {processor.py:766} INFO - DAG(s) dict_keys(['customers']) retrieved from /opt/airflow/dags/customers_origin.py
[2023-11-07T09:32:05.264+0000] {logging_mixin.py:120} INFO - [2023-11-07T09:32:05.264+0000] {dag.py:2585} INFO - Sync 1 DAGs
[2023-11-07T09:32:05.432+0000] {logging_mixin.py:120} INFO - [2023-11-07T09:32:05.432+0000] {dag.py:3340} INFO - Setting next_dagrun for customers to None, run_after=None
[2023-11-07T09:32:05.460+0000] {processor.py:176} INFO - Processing /opt/airflow/dags/customers_origin.py took 0.830 seconds
[2023-11-07T09:32:35.636+0000] {processor.py:154} INFO - Started process (PID=2328) to work on /opt/airflow/dags/customers_origin.py
[2023-11-07T09:32:35.638+0000] {processor.py:756} INFO - Processing file /opt/airflow/dags/customers_origin.py for tasks to queue
[2023-11-07T09:32:35.639+0000] {logging_mixin.py:120} INFO - [2023-11-07T09:32:35.639+0000] {dagbag.py:537} INFO - Filling up the DagBag from /opt/airflow/dags/customers_origin.py
[2023-11-07T09:32:36.235+0000] {processor.py:766} INFO - DAG(s) dict_keys(['customers']) retrieved from /opt/airflow/dags/customers_origin.py
[2023-11-07T09:32:36.507+0000] {logging_mixin.py:120} INFO - [2023-11-07T09:32:36.506+0000] {dag.py:2585} INFO - Sync 1 DAGs
[2023-11-07T09:32:36.549+0000] {logging_mixin.py:120} INFO - [2023-11-07T09:32:36.549+0000] {dag.py:3340} INFO - Setting next_dagrun for customers to None, run_after=None
[2023-11-07T09:32:36.605+0000] {processor.py:176} INFO - Processing /opt/airflow/dags/customers_origin.py took 0.973 seconds
[2023-11-07T09:33:07.190+0000] {processor.py:154} INFO - Started process (PID=2375) to work on /opt/airflow/dags/customers_origin.py
[2023-11-07T09:33:07.192+0000] {processor.py:756} INFO - Processing file /opt/airflow/dags/customers_origin.py for tasks to queue
[2023-11-07T09:33:07.193+0000] {logging_mixin.py:120} INFO - [2023-11-07T09:33:07.193+0000] {dagbag.py:537} INFO - Filling up the DagBag from /opt/airflow/dags/customers_origin.py
[2023-11-07T09:33:07.788+0000] {processor.py:766} INFO - DAG(s) dict_keys(['customers']) retrieved from /opt/airflow/dags/customers_origin.py
[2023-11-07T09:33:07.969+0000] {logging_mixin.py:120} INFO - [2023-11-07T09:33:07.968+0000] {dag.py:2585} INFO - Sync 1 DAGs
[2023-11-07T09:33:08.002+0000] {logging_mixin.py:120} INFO - [2023-11-07T09:33:08.002+0000] {dag.py:3340} INFO - Setting next_dagrun for customers to None, run_after=None
[2023-11-07T09:33:08.029+0000] {processor.py:176} INFO - Processing /opt/airflow/dags/customers_origin.py took 0.845 seconds
[2023-11-07T09:33:38.599+0000] {processor.py:154} INFO - Started process (PID=2421) to work on /opt/airflow/dags/customers_origin.py
[2023-11-07T09:33:38.601+0000] {processor.py:756} INFO - Processing file /opt/airflow/dags/customers_origin.py for tasks to queue
[2023-11-07T09:33:38.602+0000] {logging_mixin.py:120} INFO - [2023-11-07T09:33:38.602+0000] {dagbag.py:537} INFO - Filling up the DagBag from /opt/airflow/dags/customers_origin.py
[2023-11-07T09:33:39.139+0000] {processor.py:766} INFO - DAG(s) dict_keys(['customers']) retrieved from /opt/airflow/dags/customers_origin.py
[2023-11-07T09:33:39.302+0000] {logging_mixin.py:120} INFO - [2023-11-07T09:33:39.301+0000] {dag.py:2585} INFO - Sync 1 DAGs
[2023-11-07T09:33:39.330+0000] {logging_mixin.py:120} INFO - [2023-11-07T09:33:39.330+0000] {dag.py:3340} INFO - Setting next_dagrun for customers to None, run_after=None
[2023-11-07T09:33:39.357+0000] {processor.py:176} INFO - Processing /opt/airflow/dags/customers_origin.py took 0.760 seconds
[2023-11-07T09:34:09.434+0000] {processor.py:154} INFO - Started process (PID=2461) to work on /opt/airflow/dags/customers_origin.py
[2023-11-07T09:34:09.435+0000] {processor.py:756} INFO - Processing file /opt/airflow/dags/customers_origin.py for tasks to queue
[2023-11-07T09:34:09.436+0000] {logging_mixin.py:120} INFO - [2023-11-07T09:34:09.436+0000] {dagbag.py:537} INFO - Filling up the DagBag from /opt/airflow/dags/customers_origin.py
[2023-11-07T09:34:10.095+0000] {processor.py:766} INFO - DAG(s) dict_keys(['customers']) retrieved from /opt/airflow/dags/customers_origin.py
[2023-11-07T09:34:10.119+0000] {logging_mixin.py:120} INFO - [2023-11-07T09:34:10.119+0000] {dag.py:2585} INFO - Sync 1 DAGs
[2023-11-07T09:34:10.149+0000] {logging_mixin.py:120} INFO - [2023-11-07T09:34:10.149+0000] {dag.py:3340} INFO - Setting next_dagrun for customers to None, run_after=None
[2023-11-07T09:34:10.176+0000] {processor.py:176} INFO - Processing /opt/airflow/dags/customers_origin.py took 0.744 seconds
[2023-11-07T09:34:40.498+0000] {processor.py:154} INFO - Started process (PID=2507) to work on /opt/airflow/dags/customers_origin.py
[2023-11-07T09:34:40.528+0000] {processor.py:756} INFO - Processing file /opt/airflow/dags/customers_origin.py for tasks to queue
[2023-11-07T09:34:40.551+0000] {logging_mixin.py:120} INFO - [2023-11-07T09:34:40.551+0000] {dagbag.py:537} INFO - Filling up the DagBag from /opt/airflow/dags/customers_origin.py
[2023-11-07T09:34:41.125+0000] {processor.py:766} INFO - DAG(s) dict_keys(['customers']) retrieved from /opt/airflow/dags/customers_origin.py
[2023-11-07T09:34:41.361+0000] {logging_mixin.py:120} INFO - [2023-11-07T09:34:41.360+0000] {dag.py:2585} INFO - Sync 1 DAGs
[2023-11-07T09:34:41.391+0000] {logging_mixin.py:120} INFO - [2023-11-07T09:34:41.391+0000] {dag.py:3340} INFO - Setting next_dagrun for customers to None, run_after=None
[2023-11-07T09:34:41.419+0000] {processor.py:176} INFO - Processing /opt/airflow/dags/customers_origin.py took 0.932 seconds
[2023-11-07T09:35:12.680+0000] {processor.py:154} INFO - Started process (PID=2553) to work on /opt/airflow/dags/customers_origin.py
[2023-11-07T09:35:12.682+0000] {processor.py:756} INFO - Processing file /opt/airflow/dags/customers_origin.py for tasks to queue
[2023-11-07T09:35:12.683+0000] {logging_mixin.py:120} INFO - [2023-11-07T09:35:12.683+0000] {dagbag.py:537} INFO - Filling up the DagBag from /opt/airflow/dags/customers_origin.py
[2023-11-07T09:35:13.233+0000] {processor.py:766} INFO - DAG(s) dict_keys(['customers']) retrieved from /opt/airflow/dags/customers_origin.py
[2023-11-07T09:35:13.262+0000] {logging_mixin.py:120} INFO - [2023-11-07T09:35:13.261+0000] {dag.py:2585} INFO - Sync 1 DAGs
[2023-11-07T09:35:13.430+0000] {logging_mixin.py:120} INFO - [2023-11-07T09:35:13.430+0000] {dag.py:3340} INFO - Setting next_dagrun for customers to None, run_after=None
[2023-11-07T09:35:13.456+0000] {processor.py:176} INFO - Processing /opt/airflow/dags/customers_origin.py took 0.780 seconds
[2023-11-07T09:35:43.681+0000] {processor.py:154} INFO - Started process (PID=2591) to work on /opt/airflow/dags/customers_origin.py
[2023-11-07T09:35:43.682+0000] {processor.py:756} INFO - Processing file /opt/airflow/dags/customers_origin.py for tasks to queue
[2023-11-07T09:35:43.683+0000] {logging_mixin.py:120} INFO - [2023-11-07T09:35:43.683+0000] {dagbag.py:537} INFO - Filling up the DagBag from /opt/airflow/dags/customers_origin.py
[2023-11-07T09:35:44.306+0000] {processor.py:766} INFO - DAG(s) dict_keys(['customers']) retrieved from /opt/airflow/dags/customers_origin.py
[2023-11-07T09:35:44.568+0000] {logging_mixin.py:120} INFO - [2023-11-07T09:35:44.567+0000] {dag.py:2585} INFO - Sync 1 DAGs
[2023-11-07T09:35:44.602+0000] {logging_mixin.py:120} INFO - [2023-11-07T09:35:44.602+0000] {dag.py:3340} INFO - Setting next_dagrun for customers to None, run_after=None
[2023-11-07T09:35:44.674+0000] {processor.py:176} INFO - Processing /opt/airflow/dags/customers_origin.py took 0.998 seconds
[2023-11-07T09:36:15.232+0000] {processor.py:154} INFO - Started process (PID=2639) to work on /opt/airflow/dags/customers_origin.py
[2023-11-07T09:36:15.233+0000] {processor.py:756} INFO - Processing file /opt/airflow/dags/customers_origin.py for tasks to queue
[2023-11-07T09:36:15.234+0000] {logging_mixin.py:120} INFO - [2023-11-07T09:36:15.234+0000] {dagbag.py:537} INFO - Filling up the DagBag from /opt/airflow/dags/customers_origin.py
[2023-11-07T09:36:15.848+0000] {processor.py:766} INFO - DAG(s) dict_keys(['customers']) retrieved from /opt/airflow/dags/customers_origin.py
[2023-11-07T09:36:16.235+0000] {logging_mixin.py:120} INFO - [2023-11-07T09:36:16.234+0000] {dag.py:2585} INFO - Sync 1 DAGs
[2023-11-07T09:36:16.266+0000] {logging_mixin.py:120} INFO - [2023-11-07T09:36:16.266+0000] {dag.py:3340} INFO - Setting next_dagrun for customers to None, run_after=None
[2023-11-07T09:36:16.292+0000] {processor.py:176} INFO - Processing /opt/airflow/dags/customers_origin.py took 1.063 seconds
[2023-11-07T09:36:46.491+0000] {processor.py:154} INFO - Started process (PID=2677) to work on /opt/airflow/dags/customers_origin.py
[2023-11-07T09:36:46.492+0000] {processor.py:756} INFO - Processing file /opt/airflow/dags/customers_origin.py for tasks to queue
[2023-11-07T09:36:46.494+0000] {logging_mixin.py:120} INFO - [2023-11-07T09:36:46.493+0000] {dagbag.py:537} INFO - Filling up the DagBag from /opt/airflow/dags/customers_origin.py
[2023-11-07T09:36:47.187+0000] {processor.py:766} INFO - DAG(s) dict_keys(['customers']) retrieved from /opt/airflow/dags/customers_origin.py
[2023-11-07T09:36:47.279+0000] {logging_mixin.py:120} INFO - [2023-11-07T09:36:47.279+0000] {dag.py:2585} INFO - Sync 1 DAGs
[2023-11-07T09:36:47.319+0000] {logging_mixin.py:120} INFO - [2023-11-07T09:36:47.319+0000] {dag.py:3340} INFO - Setting next_dagrun for customers to None, run_after=None
[2023-11-07T09:36:47.362+0000] {processor.py:176} INFO - Processing /opt/airflow/dags/customers_origin.py took 0.874 seconds
[2023-11-07T09:37:17.550+0000] {processor.py:154} INFO - Started process (PID=2724) to work on /opt/airflow/dags/customers_origin.py
[2023-11-07T09:37:17.551+0000] {processor.py:756} INFO - Processing file /opt/airflow/dags/customers_origin.py for tasks to queue
[2023-11-07T09:37:17.553+0000] {logging_mixin.py:120} INFO - [2023-11-07T09:37:17.552+0000] {dagbag.py:537} INFO - Filling up the DagBag from /opt/airflow/dags/customers_origin.py
[2023-11-07T09:37:18.344+0000] {processor.py:766} INFO - DAG(s) dict_keys(['customers']) retrieved from /opt/airflow/dags/customers_origin.py
[2023-11-07T09:37:18.395+0000] {logging_mixin.py:120} INFO - [2023-11-07T09:37:18.394+0000] {dag.py:2585} INFO - Sync 1 DAGs
[2023-11-07T09:37:18.710+0000] {logging_mixin.py:120} INFO - [2023-11-07T09:37:18.710+0000] {dag.py:3340} INFO - Setting next_dagrun for customers to None, run_after=None
[2023-11-07T09:37:18.742+0000] {processor.py:176} INFO - Processing /opt/airflow/dags/customers_origin.py took 1.197 seconds
[2023-11-07T09:37:51.511+0000] {processor.py:154} INFO - Started process (PID=2772) to work on /opt/airflow/dags/customers_origin.py
[2023-11-07T09:37:51.513+0000] {processor.py:756} INFO - Processing file /opt/airflow/dags/customers_origin.py for tasks to queue
[2023-11-07T09:37:51.520+0000] {logging_mixin.py:120} INFO - [2023-11-07T09:37:51.514+0000] {dagbag.py:537} INFO - Filling up the DagBag from /opt/airflow/dags/customers_origin.py
[2023-11-07T09:37:53.718+0000] {processor.py:766} INFO - DAG(s) dict_keys(['customers']) retrieved from /opt/airflow/dags/customers_origin.py
[2023-11-07T09:37:54.363+0000] {logging_mixin.py:120} INFO - [2023-11-07T09:37:54.363+0000] {dag.py:2585} INFO - Sync 1 DAGs
[2023-11-07T09:37:54.422+0000] {logging_mixin.py:120} INFO - [2023-11-07T09:37:54.422+0000] {dag.py:3340} INFO - Setting next_dagrun for customers to None, run_after=None
[2023-11-07T09:37:54.507+0000] {processor.py:176} INFO - Processing /opt/airflow/dags/customers_origin.py took 2.999 seconds
[2023-11-07T09:38:24.703+0000] {processor.py:154} INFO - Started process (PID=2811) to work on /opt/airflow/dags/customers_origin.py
[2023-11-07T09:38:24.704+0000] {processor.py:756} INFO - Processing file /opt/airflow/dags/customers_origin.py for tasks to queue
[2023-11-07T09:38:24.706+0000] {logging_mixin.py:120} INFO - [2023-11-07T09:38:24.706+0000] {dagbag.py:537} INFO - Filling up the DagBag from /opt/airflow/dags/customers_origin.py
[2023-11-07T09:38:25.280+0000] {processor.py:766} INFO - DAG(s) dict_keys(['customers']) retrieved from /opt/airflow/dags/customers_origin.py
[2023-11-07T09:38:25.456+0000] {logging_mixin.py:120} INFO - [2023-11-07T09:38:25.456+0000] {dag.py:2585} INFO - Sync 1 DAGs
[2023-11-07T09:38:25.491+0000] {logging_mixin.py:120} INFO - [2023-11-07T09:38:25.490+0000] {dag.py:3340} INFO - Setting next_dagrun for customers to None, run_after=None
[2023-11-07T09:38:25.518+0000] {processor.py:176} INFO - Processing /opt/airflow/dags/customers_origin.py took 0.817 seconds
[2023-11-07T09:38:55.747+0000] {processor.py:154} INFO - Started process (PID=2859) to work on /opt/airflow/dags/customers_origin.py
[2023-11-07T09:38:55.748+0000] {processor.py:756} INFO - Processing file /opt/airflow/dags/customers_origin.py for tasks to queue
[2023-11-07T09:38:55.749+0000] {logging_mixin.py:120} INFO - [2023-11-07T09:38:55.749+0000] {dagbag.py:537} INFO - Filling up the DagBag from /opt/airflow/dags/customers_origin.py
[2023-11-07T09:38:56.350+0000] {processor.py:766} INFO - DAG(s) dict_keys(['customers']) retrieved from /opt/airflow/dags/customers_origin.py
[2023-11-07T09:38:56.509+0000] {logging_mixin.py:120} INFO - [2023-11-07T09:38:56.508+0000] {dag.py:2585} INFO - Sync 1 DAGs
[2023-11-07T09:38:56.540+0000] {logging_mixin.py:120} INFO - [2023-11-07T09:38:56.539+0000] {dag.py:3340} INFO - Setting next_dagrun for customers to None, run_after=None
[2023-11-07T09:38:56.566+0000] {processor.py:176} INFO - Processing /opt/airflow/dags/customers_origin.py took 0.822 seconds
[2023-11-07T09:39:26.856+0000] {processor.py:154} INFO - Started process (PID=2908) to work on /opt/airflow/dags/customers_origin.py
[2023-11-07T09:39:26.858+0000] {processor.py:756} INFO - Processing file /opt/airflow/dags/customers_origin.py for tasks to queue
[2023-11-07T09:39:26.859+0000] {logging_mixin.py:120} INFO - [2023-11-07T09:39:26.859+0000] {dagbag.py:537} INFO - Filling up the DagBag from /opt/airflow/dags/customers_origin.py
[2023-11-07T09:39:27.498+0000] {processor.py:766} INFO - DAG(s) dict_keys(['customers']) retrieved from /opt/airflow/dags/customers_origin.py
[2023-11-07T09:39:27.716+0000] {logging_mixin.py:120} INFO - [2023-11-07T09:39:27.715+0000] {dag.py:2585} INFO - Sync 1 DAGs
[2023-11-07T09:39:27.751+0000] {logging_mixin.py:120} INFO - [2023-11-07T09:39:27.751+0000] {dag.py:3340} INFO - Setting next_dagrun for customers to None, run_after=None
[2023-11-07T09:39:27.798+0000] {processor.py:176} INFO - Processing /opt/airflow/dags/customers_origin.py took 0.944 seconds
[2023-11-07T09:39:57.967+0000] {processor.py:154} INFO - Started process (PID=2945) to work on /opt/airflow/dags/customers_origin.py
[2023-11-07T09:39:57.968+0000] {processor.py:756} INFO - Processing file /opt/airflow/dags/customers_origin.py for tasks to queue
[2023-11-07T09:39:57.969+0000] {logging_mixin.py:120} INFO - [2023-11-07T09:39:57.969+0000] {dagbag.py:537} INFO - Filling up the DagBag from /opt/airflow/dags/customers_origin.py
[2023-11-07T09:39:58.721+0000] {processor.py:766} INFO - DAG(s) dict_keys(['customers']) retrieved from /opt/airflow/dags/customers_origin.py
[2023-11-07T09:39:58.828+0000] {logging_mixin.py:120} INFO - [2023-11-07T09:39:58.827+0000] {dag.py:2585} INFO - Sync 1 DAGs
[2023-11-07T09:39:58.866+0000] {logging_mixin.py:120} INFO - [2023-11-07T09:39:58.866+0000] {dag.py:3340} INFO - Setting next_dagrun for customers to None, run_after=None
[2023-11-07T09:39:58.897+0000] {processor.py:176} INFO - Processing /opt/airflow/dags/customers_origin.py took 0.933 seconds
[2023-11-07T09:40:29.492+0000] {processor.py:154} INFO - Started process (PID=2993) to work on /opt/airflow/dags/customers_origin.py
[2023-11-07T09:40:29.494+0000] {processor.py:756} INFO - Processing file /opt/airflow/dags/customers_origin.py for tasks to queue
[2023-11-07T09:40:29.496+0000] {logging_mixin.py:120} INFO - [2023-11-07T09:40:29.496+0000] {dagbag.py:537} INFO - Filling up the DagBag from /opt/airflow/dags/customers_origin.py
[2023-11-07T09:40:30.043+0000] {processor.py:766} INFO - DAG(s) dict_keys(['customers']) retrieved from /opt/airflow/dags/customers_origin.py
[2023-11-07T09:40:30.085+0000] {logging_mixin.py:120} INFO - [2023-11-07T09:40:30.085+0000] {dag.py:2585} INFO - Sync 1 DAGs
[2023-11-07T09:40:30.277+0000] {logging_mixin.py:120} INFO - [2023-11-07T09:40:30.277+0000] {dag.py:3340} INFO - Setting next_dagrun for customers to None, run_after=None
[2023-11-07T09:40:30.310+0000] {processor.py:176} INFO - Processing /opt/airflow/dags/customers_origin.py took 0.821 seconds
[2023-11-07T09:41:00.467+0000] {processor.py:154} INFO - Started process (PID=3030) to work on /opt/airflow/dags/customers_origin.py
[2023-11-07T09:41:00.468+0000] {processor.py:756} INFO - Processing file /opt/airflow/dags/customers_origin.py for tasks to queue
[2023-11-07T09:41:00.470+0000] {logging_mixin.py:120} INFO - [2023-11-07T09:41:00.469+0000] {dagbag.py:537} INFO - Filling up the DagBag from /opt/airflow/dags/customers_origin.py
[2023-11-07T09:41:00.995+0000] {processor.py:766} INFO - DAG(s) dict_keys(['customers']) retrieved from /opt/airflow/dags/customers_origin.py
[2023-11-07T09:41:01.022+0000] {logging_mixin.py:120} INFO - [2023-11-07T09:41:01.022+0000] {dag.py:2585} INFO - Sync 1 DAGs
[2023-11-07T09:41:01.190+0000] {logging_mixin.py:120} INFO - [2023-11-07T09:41:01.189+0000] {dag.py:3340} INFO - Setting next_dagrun for customers to None, run_after=None
[2023-11-07T09:41:01.216+0000] {processor.py:176} INFO - Processing /opt/airflow/dags/customers_origin.py took 0.751 seconds
[2023-11-07T09:41:31.370+0000] {processor.py:154} INFO - Started process (PID=3074) to work on /opt/airflow/dags/customers_origin.py
[2023-11-07T09:41:31.371+0000] {processor.py:756} INFO - Processing file /opt/airflow/dags/customers_origin.py for tasks to queue
[2023-11-07T09:41:31.372+0000] {logging_mixin.py:120} INFO - [2023-11-07T09:41:31.372+0000] {dagbag.py:537} INFO - Filling up the DagBag from /opt/airflow/dags/customers_origin.py
[2023-11-07T09:41:31.957+0000] {processor.py:766} INFO - DAG(s) dict_keys(['customers']) retrieved from /opt/airflow/dags/customers_origin.py
[2023-11-07T09:41:32.122+0000] {logging_mixin.py:120} INFO - [2023-11-07T09:41:31.986+0000] {dag.py:2585} INFO - Sync 1 DAGs
[2023-11-07T09:41:32.158+0000] {logging_mixin.py:120} INFO - [2023-11-07T09:41:32.158+0000] {dag.py:3340} INFO - Setting next_dagrun for customers to None, run_after=None
[2023-11-07T09:41:32.202+0000] {processor.py:176} INFO - Processing /opt/airflow/dags/customers_origin.py took 0.834 seconds
[2023-11-07T09:42:04.011+0000] {processor.py:154} INFO - Started process (PID=3120) to work on /opt/airflow/dags/customers_origin.py
[2023-11-07T09:42:04.015+0000] {processor.py:756} INFO - Processing file /opt/airflow/dags/customers_origin.py for tasks to queue
[2023-11-07T09:42:04.018+0000] {logging_mixin.py:120} INFO - [2023-11-07T09:42:04.017+0000] {dagbag.py:537} INFO - Filling up the DagBag from /opt/airflow/dags/customers_origin.py
[2023-11-07T09:42:04.761+0000] {processor.py:766} INFO - DAG(s) dict_keys(['customers']) retrieved from /opt/airflow/dags/customers_origin.py
[2023-11-07T09:42:05.050+0000] {logging_mixin.py:120} INFO - [2023-11-07T09:42:05.049+0000] {dag.py:2585} INFO - Sync 1 DAGs
[2023-11-07T09:42:05.092+0000] {logging_mixin.py:120} INFO - [2023-11-07T09:42:05.092+0000] {dag.py:3340} INFO - Setting next_dagrun for customers to None, run_after=None
[2023-11-07T09:42:05.126+0000] {processor.py:176} INFO - Processing /opt/airflow/dags/customers_origin.py took 1.118 seconds
[2023-11-07T09:42:35.231+0000] {processor.py:154} INFO - Started process (PID=3158) to work on /opt/airflow/dags/customers_origin.py
[2023-11-07T09:42:35.233+0000] {processor.py:756} INFO - Processing file /opt/airflow/dags/customers_origin.py for tasks to queue
[2023-11-07T09:42:35.234+0000] {logging_mixin.py:120} INFO - [2023-11-07T09:42:35.234+0000] {dagbag.py:537} INFO - Filling up the DagBag from /opt/airflow/dags/customers_origin.py
[2023-11-07T09:42:35.834+0000] {processor.py:766} INFO - DAG(s) dict_keys(['customers']) retrieved from /opt/airflow/dags/customers_origin.py
[2023-11-07T09:42:36.037+0000] {logging_mixin.py:120} INFO - [2023-11-07T09:42:36.036+0000] {dag.py:2585} INFO - Sync 1 DAGs
[2023-11-07T09:42:36.070+0000] {logging_mixin.py:120} INFO - [2023-11-07T09:42:36.070+0000] {dag.py:3340} INFO - Setting next_dagrun for customers to None, run_after=None
[2023-11-07T09:42:37.277+0000] {processor.py:176} INFO - Processing /opt/airflow/dags/customers_origin.py took 2.049 seconds
[2023-11-07T09:43:07.543+0000] {processor.py:154} INFO - Started process (PID=3207) to work on /opt/airflow/dags/customers_origin.py
[2023-11-07T09:43:07.544+0000] {processor.py:756} INFO - Processing file /opt/airflow/dags/customers_origin.py for tasks to queue
[2023-11-07T09:43:07.545+0000] {logging_mixin.py:120} INFO - [2023-11-07T09:43:07.545+0000] {dagbag.py:537} INFO - Filling up the DagBag from /opt/airflow/dags/customers_origin.py
[2023-11-07T09:43:08.232+0000] {processor.py:766} INFO - DAG(s) dict_keys(['customers']) retrieved from /opt/airflow/dags/customers_origin.py
[2023-11-07T09:43:08.259+0000] {logging_mixin.py:120} INFO - [2023-11-07T09:43:08.258+0000] {dag.py:2585} INFO - Sync 1 DAGs
[2023-11-07T09:43:08.294+0000] {logging_mixin.py:120} INFO - [2023-11-07T09:43:08.294+0000] {dag.py:3340} INFO - Setting next_dagrun for customers to None, run_after=None
[2023-11-07T09:43:08.333+0000] {processor.py:176} INFO - Processing /opt/airflow/dags/customers_origin.py took 0.793 seconds
[2023-11-07T09:43:39.045+0000] {processor.py:154} INFO - Started process (PID=3243) to work on /opt/airflow/dags/customers_origin.py
[2023-11-07T09:43:39.046+0000] {processor.py:756} INFO - Processing file /opt/airflow/dags/customers_origin.py for tasks to queue
[2023-11-07T09:43:39.047+0000] {logging_mixin.py:120} INFO - [2023-11-07T09:43:39.047+0000] {dagbag.py:537} INFO - Filling up the DagBag from /opt/airflow/dags/customers_origin.py
[2023-11-07T09:43:39.604+0000] {processor.py:766} INFO - DAG(s) dict_keys(['customers']) retrieved from /opt/airflow/dags/customers_origin.py
[2023-11-07T09:43:39.630+0000] {logging_mixin.py:120} INFO - [2023-11-07T09:43:39.629+0000] {dag.py:2585} INFO - Sync 1 DAGs
[2023-11-07T09:43:39.804+0000] {logging_mixin.py:120} INFO - [2023-11-07T09:43:39.804+0000] {dag.py:3340} INFO - Setting next_dagrun for customers to None, run_after=None
[2023-11-07T09:43:39.832+0000] {processor.py:176} INFO - Processing /opt/airflow/dags/customers_origin.py took 0.789 seconds
[2023-11-07T09:44:10.228+0000] {processor.py:154} INFO - Started process (PID=3291) to work on /opt/airflow/dags/customers_origin.py
[2023-11-07T09:44:10.229+0000] {processor.py:756} INFO - Processing file /opt/airflow/dags/customers_origin.py for tasks to queue
[2023-11-07T09:44:10.230+0000] {logging_mixin.py:120} INFO - [2023-11-07T09:44:10.230+0000] {dagbag.py:537} INFO - Filling up the DagBag from /opt/airflow/dags/customers_origin.py
[2023-11-07T09:44:10.788+0000] {processor.py:766} INFO - DAG(s) dict_keys(['customers']) retrieved from /opt/airflow/dags/customers_origin.py
[2023-11-07T09:44:11.116+0000] {logging_mixin.py:120} INFO - [2023-11-07T09:44:11.115+0000] {dag.py:2585} INFO - Sync 1 DAGs
[2023-11-07T09:44:11.154+0000] {logging_mixin.py:120} INFO - [2023-11-07T09:44:11.154+0000] {dag.py:3340} INFO - Setting next_dagrun for customers to None, run_after=None
[2023-11-07T09:44:11.185+0000] {processor.py:176} INFO - Processing /opt/airflow/dags/customers_origin.py took 0.959 seconds
[2023-11-07T09:45:54.523+0000] {processor.py:154} INFO - Started process (PID=61) to work on /opt/airflow/dags/customers_origin.py
[2023-11-07T09:45:54.525+0000] {processor.py:756} INFO - Processing file /opt/airflow/dags/customers_origin.py for tasks to queue
[2023-11-07T09:45:54.527+0000] {logging_mixin.py:120} INFO - [2023-11-07T09:45:54.527+0000] {dagbag.py:537} INFO - Filling up the DagBag from /opt/airflow/dags/customers_origin.py
[2023-11-07T09:45:57.556+0000] {processor.py:766} INFO - DAG(s) dict_keys(['customers']) retrieved from /opt/airflow/dags/customers_origin.py
[2023-11-07T09:45:57.836+0000] {logging_mixin.py:120} INFO - [2023-11-07T09:45:57.835+0000] {dag.py:2585} INFO - Sync 1 DAGs
[2023-11-07T09:45:57.944+0000] {logging_mixin.py:120} INFO - [2023-11-07T09:45:57.944+0000] {dag.py:3340} INFO - Setting next_dagrun for customers to None, run_after=None
[2023-11-07T09:45:58.063+0000] {processor.py:176} INFO - Processing /opt/airflow/dags/customers_origin.py took 3.547 seconds
[2023-11-07T09:46:28.593+0000] {processor.py:154} INFO - Started process (PID=110) to work on /opt/airflow/dags/customers_origin.py
[2023-11-07T09:46:28.596+0000] {processor.py:756} INFO - Processing file /opt/airflow/dags/customers_origin.py for tasks to queue
[2023-11-07T09:46:28.598+0000] {logging_mixin.py:120} INFO - [2023-11-07T09:46:28.598+0000] {dagbag.py:537} INFO - Filling up the DagBag from /opt/airflow/dags/customers_origin.py
[2023-11-07T09:46:29.346+0000] {processor.py:766} INFO - DAG(s) dict_keys(['customers']) retrieved from /opt/airflow/dags/customers_origin.py
[2023-11-07T09:46:29.372+0000] {logging_mixin.py:120} INFO - [2023-11-07T09:46:29.371+0000] {dag.py:2585} INFO - Sync 1 DAGs
[2023-11-07T09:46:29.404+0000] {logging_mixin.py:120} INFO - [2023-11-07T09:46:29.404+0000] {dag.py:3340} INFO - Setting next_dagrun for customers to None, run_after=None
[2023-11-07T09:46:29.431+0000] {processor.py:176} INFO - Processing /opt/airflow/dags/customers_origin.py took 0.841 seconds
[2023-11-07T09:47:00.423+0000] {processor.py:154} INFO - Started process (PID=158) to work on /opt/airflow/dags/customers_origin.py
[2023-11-07T09:47:00.424+0000] {processor.py:756} INFO - Processing file /opt/airflow/dags/customers_origin.py for tasks to queue
[2023-11-07T09:47:00.426+0000] {logging_mixin.py:120} INFO - [2023-11-07T09:47:00.426+0000] {dagbag.py:537} INFO - Filling up the DagBag from /opt/airflow/dags/customers_origin.py
[2023-11-07T09:47:01.169+0000] {processor.py:766} INFO - DAG(s) dict_keys(['customers']) retrieved from /opt/airflow/dags/customers_origin.py
[2023-11-07T09:47:01.270+0000] {logging_mixin.py:120} INFO - [2023-11-07T09:47:01.269+0000] {dag.py:2585} INFO - Sync 1 DAGs
[2023-11-07T09:47:01.308+0000] {logging_mixin.py:120} INFO - [2023-11-07T09:47:01.307+0000] {dag.py:3340} INFO - Setting next_dagrun for customers to None, run_after=None
[2023-11-07T09:47:01.342+0000] {processor.py:176} INFO - Processing /opt/airflow/dags/customers_origin.py took 0.923 seconds
[2023-11-07T09:47:31.628+0000] {processor.py:154} INFO - Started process (PID=197) to work on /opt/airflow/dags/customers_origin.py
[2023-11-07T09:47:31.629+0000] {processor.py:756} INFO - Processing file /opt/airflow/dags/customers_origin.py for tasks to queue
[2023-11-07T09:47:31.630+0000] {logging_mixin.py:120} INFO - [2023-11-07T09:47:31.629+0000] {dagbag.py:537} INFO - Filling up the DagBag from /opt/airflow/dags/customers_origin.py
[2023-11-07T09:47:32.336+0000] {processor.py:766} INFO - DAG(s) dict_keys(['customers']) retrieved from /opt/airflow/dags/customers_origin.py
[2023-11-07T09:47:32.367+0000] {logging_mixin.py:120} INFO - [2023-11-07T09:47:32.366+0000] {dag.py:2585} INFO - Sync 1 DAGs
[2023-11-07T09:47:32.403+0000] {logging_mixin.py:120} INFO - [2023-11-07T09:47:32.402+0000] {dag.py:3340} INFO - Setting next_dagrun for customers to None, run_after=None
[2023-11-07T09:47:32.431+0000] {processor.py:176} INFO - Processing /opt/airflow/dags/customers_origin.py took 0.807 seconds
[2023-11-07T09:48:02.669+0000] {processor.py:154} INFO - Started process (PID=245) to work on /opt/airflow/dags/customers_origin.py
[2023-11-07T09:48:02.670+0000] {processor.py:756} INFO - Processing file /opt/airflow/dags/customers_origin.py for tasks to queue
[2023-11-07T09:48:02.672+0000] {logging_mixin.py:120} INFO - [2023-11-07T09:48:02.671+0000] {dagbag.py:537} INFO - Filling up the DagBag from /opt/airflow/dags/customers_origin.py
[2023-11-07T09:48:03.425+0000] {processor.py:766} INFO - DAG(s) dict_keys(['customers']) retrieved from /opt/airflow/dags/customers_origin.py
[2023-11-07T09:48:03.519+0000] {logging_mixin.py:120} INFO - [2023-11-07T09:48:03.518+0000] {dag.py:2585} INFO - Sync 1 DAGs
[2023-11-07T09:48:03.552+0000] {logging_mixin.py:120} INFO - [2023-11-07T09:48:03.552+0000] {dag.py:3340} INFO - Setting next_dagrun for customers to None, run_after=None
[2023-11-07T09:48:03.584+0000] {processor.py:176} INFO - Processing /opt/airflow/dags/customers_origin.py took 0.918 seconds
[2023-11-07T09:48:34.187+0000] {processor.py:154} INFO - Started process (PID=291) to work on /opt/airflow/dags/customers_origin.py
[2023-11-07T09:48:34.188+0000] {processor.py:756} INFO - Processing file /opt/airflow/dags/customers_origin.py for tasks to queue
[2023-11-07T09:48:34.189+0000] {logging_mixin.py:120} INFO - [2023-11-07T09:48:34.189+0000] {dagbag.py:537} INFO - Filling up the DagBag from /opt/airflow/dags/customers_origin.py
[2023-11-07T09:48:35.172+0000] {processor.py:766} INFO - DAG(s) dict_keys(['customers']) retrieved from /opt/airflow/dags/customers_origin.py
[2023-11-07T09:48:35.216+0000] {logging_mixin.py:120} INFO - [2023-11-07T09:48:35.215+0000] {dag.py:2585} INFO - Sync 1 DAGs
[2023-11-07T09:48:35.254+0000] {logging_mixin.py:120} INFO - [2023-11-07T09:48:35.254+0000] {dag.py:3340} INFO - Setting next_dagrun for customers to None, run_after=None
[2023-11-07T09:48:35.339+0000] {processor.py:176} INFO - Processing /opt/airflow/dags/customers_origin.py took 1.156 seconds
[2023-11-07T09:49:05.895+0000] {processor.py:154} INFO - Started process (PID=341) to work on /opt/airflow/dags/customers_origin.py
[2023-11-07T09:49:05.896+0000] {processor.py:756} INFO - Processing file /opt/airflow/dags/customers_origin.py for tasks to queue
[2023-11-07T09:49:05.897+0000] {logging_mixin.py:120} INFO - [2023-11-07T09:49:05.897+0000] {dagbag.py:537} INFO - Filling up the DagBag from /opt/airflow/dags/customers_origin.py
[2023-11-07T09:49:06.595+0000] {processor.py:766} INFO - DAG(s) dict_keys(['customers']) retrieved from /opt/airflow/dags/customers_origin.py
[2023-11-07T09:49:06.637+0000] {logging_mixin.py:120} INFO - [2023-11-07T09:49:06.636+0000] {dag.py:2585} INFO - Sync 1 DAGs
[2023-11-07T09:49:06.671+0000] {logging_mixin.py:120} INFO - [2023-11-07T09:49:06.671+0000] {dag.py:3340} INFO - Setting next_dagrun for customers to None, run_after=None
[2023-11-07T09:49:06.700+0000] {processor.py:176} INFO - Processing /opt/airflow/dags/customers_origin.py took 0.809 seconds
[2023-11-07T09:49:37.044+0000] {processor.py:154} INFO - Started process (PID=389) to work on /opt/airflow/dags/customers_origin.py
[2023-11-07T09:49:37.047+0000] {processor.py:756} INFO - Processing file /opt/airflow/dags/customers_origin.py for tasks to queue
[2023-11-07T09:49:37.049+0000] {logging_mixin.py:120} INFO - [2023-11-07T09:49:37.049+0000] {dagbag.py:537} INFO - Filling up the DagBag from /opt/airflow/dags/customers_origin.py
[2023-11-07T09:49:37.836+0000] {processor.py:766} INFO - DAG(s) dict_keys(['customers']) retrieved from /opt/airflow/dags/customers_origin.py
[2023-11-07T09:49:37.869+0000] {logging_mixin.py:120} INFO - [2023-11-07T09:49:37.868+0000] {dag.py:2585} INFO - Sync 1 DAGs
[2023-11-07T09:49:37.911+0000] {logging_mixin.py:120} INFO - [2023-11-07T09:49:37.911+0000] {dag.py:3340} INFO - Setting next_dagrun for customers to None, run_after=None
[2023-11-07T09:49:37.944+0000] {processor.py:176} INFO - Processing /opt/airflow/dags/customers_origin.py took 0.903 seconds
[2023-11-07T09:50:08.742+0000] {processor.py:154} INFO - Started process (PID=427) to work on /opt/airflow/dags/customers_origin.py
[2023-11-07T09:50:08.744+0000] {processor.py:756} INFO - Processing file /opt/airflow/dags/customers_origin.py for tasks to queue
[2023-11-07T09:50:08.745+0000] {logging_mixin.py:120} INFO - [2023-11-07T09:50:08.745+0000] {dagbag.py:537} INFO - Filling up the DagBag from /opt/airflow/dags/customers_origin.py
[2023-11-07T09:50:09.767+0000] {processor.py:766} INFO - DAG(s) dict_keys(['customers']) retrieved from /opt/airflow/dags/customers_origin.py
[2023-11-07T09:50:09.837+0000] {logging_mixin.py:120} INFO - [2023-11-07T09:50:09.836+0000] {dag.py:2585} INFO - Sync 1 DAGs
[2023-11-07T09:50:09.919+0000] {logging_mixin.py:120} INFO - [2023-11-07T09:50:09.919+0000] {dag.py:3340} INFO - Setting next_dagrun for customers to None, run_after=None
[2023-11-07T09:50:10.007+0000] {processor.py:176} INFO - Processing /opt/airflow/dags/customers_origin.py took 1.268 seconds
