[2023-11-07T15:28:26.261+0000] {processor.py:154} INFO - Started process (PID=3088) to work on /opt/airflow/dags/ytyy.py
[2023-11-07T15:28:26.262+0000] {processor.py:756} INFO - Processing file /opt/airflow/dags/ytyy.py for tasks to queue
[2023-11-07T15:28:26.264+0000] {logging_mixin.py:120} INFO - [2023-11-07T15:28:26.264+0000] {dagbag.py:537} INFO - Filling up the DagBag from /opt/airflow/dags/ytyy.py
[2023-11-07T15:28:26.306+0000] {logging_mixin.py:120} INFO - [2023-11-07T15:28:26.303+0000] {dagbag.py:342} ERROR - Failed to import: /opt/airflow/dags/ytyy.py
Traceback (most recent call last):
  File "/home/airflow/.local/lib/python3.7/site-packages/airflow/models/dagbag.py", line 338, in parse
    loader.exec_module(new_module)
  File "<frozen importlib._bootstrap_external>", line 724, in exec_module
  File "<frozen importlib._bootstrap_external>", line 860, in get_code
  File "<frozen importlib._bootstrap_external>", line 791, in source_to_code
  File "<frozen importlib._bootstrap>", line 219, in _call_with_frames_removed
  File "/opt/airflow/dags/ytyy.py", line 40
    ---
      ^
SyntaxError: invalid syntax
[2023-11-07T15:28:26.308+0000] {processor.py:768} WARNING - No viable dags retrieved from /opt/airflow/dags/ytyy.py
[2023-11-07T15:28:26.333+0000] {processor.py:176} INFO - Processing /opt/airflow/dags/ytyy.py took 0.074 seconds
[2023-11-07T15:31:31.579+0000] {processor.py:154} INFO - Started process (PID=57) to work on /opt/airflow/dags/ytyy.py
[2023-11-07T15:31:31.586+0000] {processor.py:756} INFO - Processing file /opt/airflow/dags/ytyy.py for tasks to queue
[2023-11-07T15:31:31.589+0000] {logging_mixin.py:120} INFO - [2023-11-07T15:31:31.588+0000] {dagbag.py:537} INFO - Filling up the DagBag from /opt/airflow/dags/ytyy.py
[2023-11-07T15:31:31.637+0000] {logging_mixin.py:120} INFO - [2023-11-07T15:31:31.635+0000] {dagbag.py:342} ERROR - Failed to import: /opt/airflow/dags/ytyy.py
Traceback (most recent call last):
  File "/home/airflow/.local/lib/python3.7/site-packages/airflow/models/dagbag.py", line 338, in parse
    loader.exec_module(new_module)
  File "<frozen importlib._bootstrap_external>", line 724, in exec_module
  File "<frozen importlib._bootstrap_external>", line 860, in get_code
  File "<frozen importlib._bootstrap_external>", line 791, in source_to_code
  File "<frozen importlib._bootstrap>", line 219, in _call_with_frames_removed
  File "/opt/airflow/dags/ytyy.py", line 40
    ---
      ^
SyntaxError: invalid syntax
[2023-11-07T15:31:31.638+0000] {processor.py:768} WARNING - No viable dags retrieved from /opt/airflow/dags/ytyy.py
[2023-11-07T15:31:31.668+0000] {processor.py:176} INFO - Processing /opt/airflow/dags/ytyy.py took 0.094 seconds
[2023-11-07T15:32:02.309+0000] {processor.py:154} INFO - Started process (PID=93) to work on /opt/airflow/dags/ytyy.py
[2023-11-07T15:32:02.310+0000] {processor.py:756} INFO - Processing file /opt/airflow/dags/ytyy.py for tasks to queue
[2023-11-07T15:32:02.312+0000] {logging_mixin.py:120} INFO - [2023-11-07T15:32:02.312+0000] {dagbag.py:537} INFO - Filling up the DagBag from /opt/airflow/dags/ytyy.py
[2023-11-07T15:32:02.347+0000] {logging_mixin.py:120} INFO - [2023-11-07T15:32:02.345+0000] {dagbag.py:342} ERROR - Failed to import: /opt/airflow/dags/ytyy.py
Traceback (most recent call last):
  File "/home/airflow/.local/lib/python3.7/site-packages/airflow/models/dagbag.py", line 338, in parse
    loader.exec_module(new_module)
  File "<frozen importlib._bootstrap_external>", line 724, in exec_module
  File "<frozen importlib._bootstrap_external>", line 860, in get_code
  File "<frozen importlib._bootstrap_external>", line 791, in source_to_code
  File "<frozen importlib._bootstrap>", line 219, in _call_with_frames_removed
  File "/opt/airflow/dags/ytyy.py", line 40
    ---
      ^
SyntaxError: invalid syntax
[2023-11-07T15:32:02.348+0000] {processor.py:768} WARNING - No viable dags retrieved from /opt/airflow/dags/ytyy.py
[2023-11-07T15:32:02.388+0000] {processor.py:176} INFO - Processing /opt/airflow/dags/ytyy.py took 0.082 seconds
[2023-11-07T15:32:32.990+0000] {processor.py:154} INFO - Started process (PID=141) to work on /opt/airflow/dags/ytyy.py
[2023-11-07T15:32:32.992+0000] {processor.py:756} INFO - Processing file /opt/airflow/dags/ytyy.py for tasks to queue
[2023-11-07T15:32:32.993+0000] {logging_mixin.py:120} INFO - [2023-11-07T15:32:32.993+0000] {dagbag.py:537} INFO - Filling up the DagBag from /opt/airflow/dags/ytyy.py
[2023-11-07T15:32:33.029+0000] {logging_mixin.py:120} INFO - [2023-11-07T15:32:33.028+0000] {dagbag.py:342} ERROR - Failed to import: /opt/airflow/dags/ytyy.py
Traceback (most recent call last):
  File "/home/airflow/.local/lib/python3.7/site-packages/airflow/models/dagbag.py", line 338, in parse
    loader.exec_module(new_module)
  File "<frozen importlib._bootstrap_external>", line 724, in exec_module
  File "<frozen importlib._bootstrap_external>", line 860, in get_code
  File "<frozen importlib._bootstrap_external>", line 791, in source_to_code
  File "<frozen importlib._bootstrap>", line 219, in _call_with_frames_removed
  File "/opt/airflow/dags/ytyy.py", line 40
    ---
      ^
SyntaxError: invalid syntax
[2023-11-07T15:32:33.030+0000] {processor.py:768} WARNING - No viable dags retrieved from /opt/airflow/dags/ytyy.py
[2023-11-07T15:32:33.056+0000] {processor.py:176} INFO - Processing /opt/airflow/dags/ytyy.py took 0.069 seconds
[2023-11-07T15:33:03.706+0000] {processor.py:154} INFO - Started process (PID=194) to work on /opt/airflow/dags/ytyy.py
[2023-11-07T15:33:03.707+0000] {processor.py:756} INFO - Processing file /opt/airflow/dags/ytyy.py for tasks to queue
[2023-11-07T15:33:03.709+0000] {logging_mixin.py:120} INFO - [2023-11-07T15:33:03.709+0000] {dagbag.py:537} INFO - Filling up the DagBag from /opt/airflow/dags/ytyy.py
[2023-11-07T15:33:03.740+0000] {logging_mixin.py:120} INFO - [2023-11-07T15:33:03.739+0000] {dagbag.py:342} ERROR - Failed to import: /opt/airflow/dags/ytyy.py
Traceback (most recent call last):
  File "/home/airflow/.local/lib/python3.7/site-packages/airflow/models/dagbag.py", line 338, in parse
    loader.exec_module(new_module)
  File "<frozen importlib._bootstrap_external>", line 724, in exec_module
  File "<frozen importlib._bootstrap_external>", line 860, in get_code
  File "<frozen importlib._bootstrap_external>", line 791, in source_to_code
  File "<frozen importlib._bootstrap>", line 219, in _call_with_frames_removed
  File "/opt/airflow/dags/ytyy.py", line 40
    ---
      ^
SyntaxError: invalid syntax
[2023-11-07T15:33:03.741+0000] {processor.py:768} WARNING - No viable dags retrieved from /opt/airflow/dags/ytyy.py
[2023-11-07T15:33:03.765+0000] {processor.py:176} INFO - Processing /opt/airflow/dags/ytyy.py took 0.062 seconds
[2023-11-07T15:33:34.011+0000] {processor.py:154} INFO - Started process (PID=231) to work on /opt/airflow/dags/ytyy.py
[2023-11-07T15:33:34.012+0000] {processor.py:756} INFO - Processing file /opt/airflow/dags/ytyy.py for tasks to queue
[2023-11-07T15:33:34.014+0000] {logging_mixin.py:120} INFO - [2023-11-07T15:33:34.014+0000] {dagbag.py:537} INFO - Filling up the DagBag from /opt/airflow/dags/ytyy.py
[2023-11-07T15:33:34.048+0000] {logging_mixin.py:120} INFO - [2023-11-07T15:33:34.047+0000] {dagbag.py:342} ERROR - Failed to import: /opt/airflow/dags/ytyy.py
Traceback (most recent call last):
  File "/home/airflow/.local/lib/python3.7/site-packages/airflow/models/dagbag.py", line 338, in parse
    loader.exec_module(new_module)
  File "<frozen importlib._bootstrap_external>", line 724, in exec_module
  File "<frozen importlib._bootstrap_external>", line 860, in get_code
  File "<frozen importlib._bootstrap_external>", line 791, in source_to_code
  File "<frozen importlib._bootstrap>", line 219, in _call_with_frames_removed
  File "/opt/airflow/dags/ytyy.py", line 40
    ---
      ^
SyntaxError: invalid syntax
[2023-11-07T15:33:34.049+0000] {processor.py:768} WARNING - No viable dags retrieved from /opt/airflow/dags/ytyy.py
[2023-11-07T15:33:34.072+0000] {processor.py:176} INFO - Processing /opt/airflow/dags/ytyy.py took 0.064 seconds
[2023-11-07T15:34:04.351+0000] {processor.py:154} INFO - Started process (PID=278) to work on /opt/airflow/dags/ytyy.py
[2023-11-07T15:34:04.353+0000] {processor.py:756} INFO - Processing file /opt/airflow/dags/ytyy.py for tasks to queue
[2023-11-07T15:34:04.354+0000] {logging_mixin.py:120} INFO - [2023-11-07T15:34:04.354+0000] {dagbag.py:537} INFO - Filling up the DagBag from /opt/airflow/dags/ytyy.py
[2023-11-07T15:34:04.392+0000] {logging_mixin.py:120} INFO - [2023-11-07T15:34:04.391+0000] {dagbag.py:342} ERROR - Failed to import: /opt/airflow/dags/ytyy.py
Traceback (most recent call last):
  File "/home/airflow/.local/lib/python3.7/site-packages/airflow/models/dagbag.py", line 338, in parse
    loader.exec_module(new_module)
  File "<frozen importlib._bootstrap_external>", line 724, in exec_module
  File "<frozen importlib._bootstrap_external>", line 860, in get_code
  File "<frozen importlib._bootstrap_external>", line 791, in source_to_code
  File "<frozen importlib._bootstrap>", line 219, in _call_with_frames_removed
  File "/opt/airflow/dags/ytyy.py", line 40
    ---
      ^
SyntaxError: invalid syntax
[2023-11-07T15:34:04.394+0000] {processor.py:768} WARNING - No viable dags retrieved from /opt/airflow/dags/ytyy.py
[2023-11-07T15:34:04.429+0000] {processor.py:176} INFO - Processing /opt/airflow/dags/ytyy.py took 0.084 seconds
[2023-11-07T15:34:35.233+0000] {processor.py:154} INFO - Started process (PID=314) to work on /opt/airflow/dags/ytyy.py
[2023-11-07T15:34:35.244+0000] {processor.py:756} INFO - Processing file /opt/airflow/dags/ytyy.py for tasks to queue
[2023-11-07T15:34:35.255+0000] {logging_mixin.py:120} INFO - [2023-11-07T15:34:35.254+0000] {dagbag.py:537} INFO - Filling up the DagBag from /opt/airflow/dags/ytyy.py
[2023-11-07T15:34:35.335+0000] {logging_mixin.py:120} INFO - [2023-11-07T15:34:35.334+0000] {dagbag.py:342} ERROR - Failed to import: /opt/airflow/dags/ytyy.py
Traceback (most recent call last):
  File "/home/airflow/.local/lib/python3.7/site-packages/airflow/models/dagbag.py", line 338, in parse
    loader.exec_module(new_module)
  File "<frozen importlib._bootstrap_external>", line 724, in exec_module
  File "<frozen importlib._bootstrap_external>", line 860, in get_code
  File "<frozen importlib._bootstrap_external>", line 791, in source_to_code
  File "<frozen importlib._bootstrap>", line 219, in _call_with_frames_removed
  File "/opt/airflow/dags/ytyy.py", line 40
    ---
      ^
SyntaxError: invalid syntax
[2023-11-07T15:34:35.340+0000] {processor.py:768} WARNING - No viable dags retrieved from /opt/airflow/dags/ytyy.py
[2023-11-07T15:34:35.457+0000] {processor.py:176} INFO - Processing /opt/airflow/dags/ytyy.py took 0.236 seconds
[2023-11-07T15:35:06.181+0000] {processor.py:154} INFO - Started process (PID=357) to work on /opt/airflow/dags/ytyy.py
[2023-11-07T15:35:06.182+0000] {processor.py:756} INFO - Processing file /opt/airflow/dags/ytyy.py for tasks to queue
[2023-11-07T15:35:06.184+0000] {logging_mixin.py:120} INFO - [2023-11-07T15:35:06.184+0000] {dagbag.py:537} INFO - Filling up the DagBag from /opt/airflow/dags/ytyy.py
[2023-11-07T15:35:06.228+0000] {logging_mixin.py:120} INFO - [2023-11-07T15:35:06.227+0000] {dagbag.py:342} ERROR - Failed to import: /opt/airflow/dags/ytyy.py
Traceback (most recent call last):
  File "/home/airflow/.local/lib/python3.7/site-packages/airflow/models/dagbag.py", line 338, in parse
    loader.exec_module(new_module)
  File "<frozen importlib._bootstrap_external>", line 724, in exec_module
  File "<frozen importlib._bootstrap_external>", line 860, in get_code
  File "<frozen importlib._bootstrap_external>", line 791, in source_to_code
  File "<frozen importlib._bootstrap>", line 219, in _call_with_frames_removed
  File "/opt/airflow/dags/ytyy.py", line 40
    ---
      ^
SyntaxError: invalid syntax
[2023-11-07T15:35:06.229+0000] {processor.py:768} WARNING - No viable dags retrieved from /opt/airflow/dags/ytyy.py
[2023-11-07T15:35:06.257+0000] {processor.py:176} INFO - Processing /opt/airflow/dags/ytyy.py took 0.083 seconds
[2023-11-07T15:35:36.712+0000] {processor.py:154} INFO - Started process (PID=403) to work on /opt/airflow/dags/ytyy.py
[2023-11-07T15:35:36.713+0000] {processor.py:756} INFO - Processing file /opt/airflow/dags/ytyy.py for tasks to queue
[2023-11-07T15:35:36.715+0000] {logging_mixin.py:120} INFO - [2023-11-07T15:35:36.715+0000] {dagbag.py:537} INFO - Filling up the DagBag from /opt/airflow/dags/ytyy.py
[2023-11-07T15:35:36.755+0000] {logging_mixin.py:120} INFO - [2023-11-07T15:35:36.754+0000] {dagbag.py:342} ERROR - Failed to import: /opt/airflow/dags/ytyy.py
Traceback (most recent call last):
  File "/home/airflow/.local/lib/python3.7/site-packages/airflow/models/dagbag.py", line 338, in parse
    loader.exec_module(new_module)
  File "<frozen importlib._bootstrap_external>", line 724, in exec_module
  File "<frozen importlib._bootstrap_external>", line 860, in get_code
  File "<frozen importlib._bootstrap_external>", line 791, in source_to_code
  File "<frozen importlib._bootstrap>", line 219, in _call_with_frames_removed
  File "/opt/airflow/dags/ytyy.py", line 40
    ---
      ^
SyntaxError: invalid syntax
[2023-11-07T15:35:36.757+0000] {processor.py:768} WARNING - No viable dags retrieved from /opt/airflow/dags/ytyy.py
[2023-11-07T15:35:36.797+0000] {processor.py:176} INFO - Processing /opt/airflow/dags/ytyy.py took 0.088 seconds
[2023-11-07T15:36:07.663+0000] {processor.py:154} INFO - Started process (PID=440) to work on /opt/airflow/dags/ytyy.py
[2023-11-07T15:36:07.664+0000] {processor.py:756} INFO - Processing file /opt/airflow/dags/ytyy.py for tasks to queue
[2023-11-07T15:36:07.666+0000] {logging_mixin.py:120} INFO - [2023-11-07T15:36:07.665+0000] {dagbag.py:537} INFO - Filling up the DagBag from /opt/airflow/dags/ytyy.py
[2023-11-07T15:36:07.699+0000] {logging_mixin.py:120} INFO - [2023-11-07T15:36:07.698+0000] {dagbag.py:342} ERROR - Failed to import: /opt/airflow/dags/ytyy.py
Traceback (most recent call last):
  File "/home/airflow/.local/lib/python3.7/site-packages/airflow/models/dagbag.py", line 338, in parse
    loader.exec_module(new_module)
  File "<frozen importlib._bootstrap_external>", line 724, in exec_module
  File "<frozen importlib._bootstrap_external>", line 860, in get_code
  File "<frozen importlib._bootstrap_external>", line 791, in source_to_code
  File "<frozen importlib._bootstrap>", line 219, in _call_with_frames_removed
  File "/opt/airflow/dags/ytyy.py", line 40
    ---
      ^
SyntaxError: invalid syntax
[2023-11-07T15:36:07.701+0000] {processor.py:768} WARNING - No viable dags retrieved from /opt/airflow/dags/ytyy.py
[2023-11-07T15:36:07.728+0000] {processor.py:176} INFO - Processing /opt/airflow/dags/ytyy.py took 0.069 seconds
[2023-11-07T15:36:37.978+0000] {processor.py:154} INFO - Started process (PID=485) to work on /opt/airflow/dags/ytyy.py
[2023-11-07T15:36:37.979+0000] {processor.py:756} INFO - Processing file /opt/airflow/dags/ytyy.py for tasks to queue
[2023-11-07T15:36:37.981+0000] {logging_mixin.py:120} INFO - [2023-11-07T15:36:37.980+0000] {dagbag.py:537} INFO - Filling up the DagBag from /opt/airflow/dags/ytyy.py
[2023-11-07T15:36:38.019+0000] {logging_mixin.py:120} INFO - [2023-11-07T15:36:38.018+0000] {dagbag.py:342} ERROR - Failed to import: /opt/airflow/dags/ytyy.py
Traceback (most recent call last):
  File "/home/airflow/.local/lib/python3.7/site-packages/airflow/models/dagbag.py", line 338, in parse
    loader.exec_module(new_module)
  File "<frozen importlib._bootstrap_external>", line 724, in exec_module
  File "<frozen importlib._bootstrap_external>", line 860, in get_code
  File "<frozen importlib._bootstrap_external>", line 791, in source_to_code
  File "<frozen importlib._bootstrap>", line 219, in _call_with_frames_removed
  File "/opt/airflow/dags/ytyy.py", line 40
    ---
      ^
SyntaxError: invalid syntax
[2023-11-07T15:36:38.022+0000] {processor.py:768} WARNING - No viable dags retrieved from /opt/airflow/dags/ytyy.py
[2023-11-07T15:36:38.048+0000] {processor.py:176} INFO - Processing /opt/airflow/dags/ytyy.py took 0.074 seconds
[2023-11-07T15:37:08.570+0000] {processor.py:154} INFO - Started process (PID=521) to work on /opt/airflow/dags/ytyy.py
[2023-11-07T15:37:08.576+0000] {processor.py:756} INFO - Processing file /opt/airflow/dags/ytyy.py for tasks to queue
[2023-11-07T15:37:08.577+0000] {logging_mixin.py:120} INFO - [2023-11-07T15:37:08.577+0000] {dagbag.py:537} INFO - Filling up the DagBag from /opt/airflow/dags/ytyy.py
[2023-11-07T15:37:08.628+0000] {logging_mixin.py:120} INFO - [2023-11-07T15:37:08.627+0000] {dagbag.py:342} ERROR - Failed to import: /opt/airflow/dags/ytyy.py
Traceback (most recent call last):
  File "/home/airflow/.local/lib/python3.7/site-packages/airflow/models/dagbag.py", line 338, in parse
    loader.exec_module(new_module)
  File "<frozen importlib._bootstrap_external>", line 724, in exec_module
  File "<frozen importlib._bootstrap_external>", line 860, in get_code
  File "<frozen importlib._bootstrap_external>", line 791, in source_to_code
  File "<frozen importlib._bootstrap>", line 219, in _call_with_frames_removed
  File "/opt/airflow/dags/ytyy.py", line 40
    ---
      ^
SyntaxError: invalid syntax
[2023-11-07T15:37:08.629+0000] {processor.py:768} WARNING - No viable dags retrieved from /opt/airflow/dags/ytyy.py
[2023-11-07T15:37:08.665+0000] {processor.py:176} INFO - Processing /opt/airflow/dags/ytyy.py took 0.098 seconds
[2023-11-07T15:37:38.781+0000] {processor.py:154} INFO - Started process (PID=568) to work on /opt/airflow/dags/ytyy.py
[2023-11-07T15:37:38.782+0000] {processor.py:756} INFO - Processing file /opt/airflow/dags/ytyy.py for tasks to queue
[2023-11-07T15:37:38.783+0000] {logging_mixin.py:120} INFO - [2023-11-07T15:37:38.783+0000] {dagbag.py:537} INFO - Filling up the DagBag from /opt/airflow/dags/ytyy.py
[2023-11-07T15:37:38.819+0000] {logging_mixin.py:120} INFO - [2023-11-07T15:37:38.818+0000] {dagbag.py:342} ERROR - Failed to import: /opt/airflow/dags/ytyy.py
Traceback (most recent call last):
  File "/home/airflow/.local/lib/python3.7/site-packages/airflow/models/dagbag.py", line 338, in parse
    loader.exec_module(new_module)
  File "<frozen importlib._bootstrap_external>", line 724, in exec_module
  File "<frozen importlib._bootstrap_external>", line 860, in get_code
  File "<frozen importlib._bootstrap_external>", line 791, in source_to_code
  File "<frozen importlib._bootstrap>", line 219, in _call_with_frames_removed
  File "/opt/airflow/dags/ytyy.py", line 40
    ---
      ^
SyntaxError: invalid syntax
[2023-11-07T15:37:38.820+0000] {processor.py:768} WARNING - No viable dags retrieved from /opt/airflow/dags/ytyy.py
[2023-11-07T15:37:38.846+0000] {processor.py:176} INFO - Processing /opt/airflow/dags/ytyy.py took 0.068 seconds
[2023-11-07T15:38:08.985+0000] {processor.py:154} INFO - Started process (PID=604) to work on /opt/airflow/dags/ytyy.py
[2023-11-07T15:38:08.986+0000] {processor.py:756} INFO - Processing file /opt/airflow/dags/ytyy.py for tasks to queue
[2023-11-07T15:38:08.988+0000] {logging_mixin.py:120} INFO - [2023-11-07T15:38:08.988+0000] {dagbag.py:537} INFO - Filling up the DagBag from /opt/airflow/dags/ytyy.py
[2023-11-07T15:38:09.023+0000] {logging_mixin.py:120} INFO - [2023-11-07T15:38:09.022+0000] {dagbag.py:342} ERROR - Failed to import: /opt/airflow/dags/ytyy.py
Traceback (most recent call last):
  File "/home/airflow/.local/lib/python3.7/site-packages/airflow/models/dagbag.py", line 338, in parse
    loader.exec_module(new_module)
  File "<frozen importlib._bootstrap_external>", line 724, in exec_module
  File "<frozen importlib._bootstrap_external>", line 860, in get_code
  File "<frozen importlib._bootstrap_external>", line 791, in source_to_code
  File "<frozen importlib._bootstrap>", line 219, in _call_with_frames_removed
  File "/opt/airflow/dags/ytyy.py", line 40
    ---
      ^
SyntaxError: invalid syntax
[2023-11-07T15:38:09.024+0000] {processor.py:768} WARNING - No viable dags retrieved from /opt/airflow/dags/ytyy.py
[2023-11-07T15:38:09.048+0000] {processor.py:176} INFO - Processing /opt/airflow/dags/ytyy.py took 0.065 seconds
[2023-11-07T15:38:39.873+0000] {processor.py:154} INFO - Started process (PID=650) to work on /opt/airflow/dags/ytyy.py
[2023-11-07T15:38:39.876+0000] {processor.py:756} INFO - Processing file /opt/airflow/dags/ytyy.py for tasks to queue
[2023-11-07T15:38:39.878+0000] {logging_mixin.py:120} INFO - [2023-11-07T15:38:39.878+0000] {dagbag.py:537} INFO - Filling up the DagBag from /opt/airflow/dags/ytyy.py
[2023-11-07T15:38:39.931+0000] {logging_mixin.py:120} INFO - [2023-11-07T15:38:39.930+0000] {dagbag.py:342} ERROR - Failed to import: /opt/airflow/dags/ytyy.py
Traceback (most recent call last):
  File "/home/airflow/.local/lib/python3.7/site-packages/airflow/models/dagbag.py", line 338, in parse
    loader.exec_module(new_module)
  File "<frozen importlib._bootstrap_external>", line 724, in exec_module
  File "<frozen importlib._bootstrap_external>", line 860, in get_code
  File "<frozen importlib._bootstrap_external>", line 791, in source_to_code
  File "<frozen importlib._bootstrap>", line 219, in _call_with_frames_removed
  File "/opt/airflow/dags/ytyy.py", line 40
    ---
      ^
SyntaxError: invalid syntax
[2023-11-07T15:38:39.933+0000] {processor.py:768} WARNING - No viable dags retrieved from /opt/airflow/dags/ytyy.py
[2023-11-07T15:38:39.972+0000] {processor.py:176} INFO - Processing /opt/airflow/dags/ytyy.py took 0.102 seconds
[2023-11-07T15:39:10.428+0000] {processor.py:154} INFO - Started process (PID=695) to work on /opt/airflow/dags/ytyy.py
[2023-11-07T15:39:10.431+0000] {processor.py:756} INFO - Processing file /opt/airflow/dags/ytyy.py for tasks to queue
[2023-11-07T15:39:10.433+0000] {logging_mixin.py:120} INFO - [2023-11-07T15:39:10.432+0000] {dagbag.py:537} INFO - Filling up the DagBag from /opt/airflow/dags/ytyy.py
[2023-11-07T15:39:10.470+0000] {logging_mixin.py:120} INFO - [2023-11-07T15:39:10.468+0000] {dagbag.py:342} ERROR - Failed to import: /opt/airflow/dags/ytyy.py
Traceback (most recent call last):
  File "/home/airflow/.local/lib/python3.7/site-packages/airflow/models/dagbag.py", line 338, in parse
    loader.exec_module(new_module)
  File "<frozen importlib._bootstrap_external>", line 724, in exec_module
  File "<frozen importlib._bootstrap_external>", line 860, in get_code
  File "<frozen importlib._bootstrap_external>", line 791, in source_to_code
  File "<frozen importlib._bootstrap>", line 219, in _call_with_frames_removed
  File "/opt/airflow/dags/ytyy.py", line 40
    ---
      ^
SyntaxError: invalid syntax
[2023-11-07T15:39:10.471+0000] {processor.py:768} WARNING - No viable dags retrieved from /opt/airflow/dags/ytyy.py
[2023-11-07T15:39:10.520+0000] {processor.py:176} INFO - Processing /opt/airflow/dags/ytyy.py took 0.096 seconds
[2023-11-07T15:39:41.442+0000] {processor.py:154} INFO - Started process (PID=732) to work on /opt/airflow/dags/ytyy.py
[2023-11-07T15:39:41.444+0000] {processor.py:756} INFO - Processing file /opt/airflow/dags/ytyy.py for tasks to queue
[2023-11-07T15:39:41.446+0000] {logging_mixin.py:120} INFO - [2023-11-07T15:39:41.446+0000] {dagbag.py:537} INFO - Filling up the DagBag from /opt/airflow/dags/ytyy.py
[2023-11-07T15:39:41.482+0000] {logging_mixin.py:120} INFO - [2023-11-07T15:39:41.481+0000] {dagbag.py:342} ERROR - Failed to import: /opt/airflow/dags/ytyy.py
Traceback (most recent call last):
  File "/home/airflow/.local/lib/python3.7/site-packages/airflow/models/dagbag.py", line 338, in parse
    loader.exec_module(new_module)
  File "<frozen importlib._bootstrap_external>", line 724, in exec_module
  File "<frozen importlib._bootstrap_external>", line 860, in get_code
  File "<frozen importlib._bootstrap_external>", line 791, in source_to_code
  File "<frozen importlib._bootstrap>", line 219, in _call_with_frames_removed
  File "/opt/airflow/dags/ytyy.py", line 40
    ---
      ^
SyntaxError: invalid syntax
[2023-11-07T15:39:41.483+0000] {processor.py:768} WARNING - No viable dags retrieved from /opt/airflow/dags/ytyy.py
[2023-11-07T15:39:41.514+0000] {processor.py:176} INFO - Processing /opt/airflow/dags/ytyy.py took 0.074 seconds
[2023-11-07T15:41:14.997+0000] {processor.py:154} INFO - Started process (PID=63) to work on /opt/airflow/dags/ytyy.py
[2023-11-07T15:41:15.000+0000] {processor.py:756} INFO - Processing file /opt/airflow/dags/ytyy.py for tasks to queue
[2023-11-07T15:41:15.009+0000] {logging_mixin.py:120} INFO - [2023-11-07T15:41:15.008+0000] {dagbag.py:537} INFO - Filling up the DagBag from /opt/airflow/dags/ytyy.py
[2023-11-07T15:41:15.066+0000] {logging_mixin.py:120} INFO - [2023-11-07T15:41:15.064+0000] {dagbag.py:342} ERROR - Failed to import: /opt/airflow/dags/ytyy.py
Traceback (most recent call last):
  File "/home/airflow/.local/lib/python3.7/site-packages/airflow/models/dagbag.py", line 338, in parse
    loader.exec_module(new_module)
  File "<frozen importlib._bootstrap_external>", line 724, in exec_module
  File "<frozen importlib._bootstrap_external>", line 860, in get_code
  File "<frozen importlib._bootstrap_external>", line 791, in source_to_code
  File "<frozen importlib._bootstrap>", line 219, in _call_with_frames_removed
  File "/opt/airflow/dags/ytyy.py", line 40
    ---
      ^
SyntaxError: invalid syntax
[2023-11-07T15:41:15.068+0000] {processor.py:768} WARNING - No viable dags retrieved from /opt/airflow/dags/ytyy.py
[2023-11-07T15:41:15.115+0000] {processor.py:176} INFO - Processing /opt/airflow/dags/ytyy.py took 0.122 seconds
[2023-11-07T15:41:45.185+0000] {processor.py:154} INFO - Started process (PID=106) to work on /opt/airflow/dags/ytyy.py
[2023-11-07T15:41:45.186+0000] {processor.py:756} INFO - Processing file /opt/airflow/dags/ytyy.py for tasks to queue
[2023-11-07T15:41:45.187+0000] {logging_mixin.py:120} INFO - [2023-11-07T15:41:45.187+0000] {dagbag.py:537} INFO - Filling up the DagBag from /opt/airflow/dags/ytyy.py
[2023-11-07T15:41:45.209+0000] {logging_mixin.py:120} INFO - [2023-11-07T15:41:45.207+0000] {dagbag.py:342} ERROR - Failed to import: /opt/airflow/dags/ytyy.py
Traceback (most recent call last):
  File "/home/airflow/.local/lib/python3.7/site-packages/airflow/models/dagbag.py", line 338, in parse
    loader.exec_module(new_module)
  File "<frozen importlib._bootstrap_external>", line 724, in exec_module
  File "<frozen importlib._bootstrap_external>", line 860, in get_code
  File "<frozen importlib._bootstrap_external>", line 791, in source_to_code
  File "<frozen importlib._bootstrap>", line 219, in _call_with_frames_removed
  File "/opt/airflow/dags/ytyy.py", line 40
    ---
      ^
SyntaxError: invalid syntax
[2023-11-07T15:41:45.209+0000] {processor.py:768} WARNING - No viable dags retrieved from /opt/airflow/dags/ytyy.py
[2023-11-07T15:41:45.232+0000] {processor.py:176} INFO - Processing /opt/airflow/dags/ytyy.py took 0.049 seconds
[2023-11-07T15:42:16.170+0000] {processor.py:154} INFO - Started process (PID=152) to work on /opt/airflow/dags/ytyy.py
[2023-11-07T15:42:16.171+0000] {processor.py:756} INFO - Processing file /opt/airflow/dags/ytyy.py for tasks to queue
[2023-11-07T15:42:16.173+0000] {logging_mixin.py:120} INFO - [2023-11-07T15:42:16.173+0000] {dagbag.py:537} INFO - Filling up the DagBag from /opt/airflow/dags/ytyy.py
[2023-11-07T15:42:16.213+0000] {logging_mixin.py:120} INFO - [2023-11-07T15:42:16.212+0000] {dagbag.py:342} ERROR - Failed to import: /opt/airflow/dags/ytyy.py
Traceback (most recent call last):
  File "/home/airflow/.local/lib/python3.7/site-packages/airflow/models/dagbag.py", line 338, in parse
    loader.exec_module(new_module)
  File "<frozen importlib._bootstrap_external>", line 724, in exec_module
  File "<frozen importlib._bootstrap_external>", line 860, in get_code
  File "<frozen importlib._bootstrap_external>", line 791, in source_to_code
  File "<frozen importlib._bootstrap>", line 219, in _call_with_frames_removed
  File "/opt/airflow/dags/ytyy.py", line 40
    ---
      ^
SyntaxError: invalid syntax
[2023-11-07T15:42:16.215+0000] {processor.py:768} WARNING - No viable dags retrieved from /opt/airflow/dags/ytyy.py
[2023-11-07T15:42:16.246+0000] {processor.py:176} INFO - Processing /opt/airflow/dags/ytyy.py took 0.081 seconds
[2023-11-07T15:42:47.237+0000] {processor.py:154} INFO - Started process (PID=196) to work on /opt/airflow/dags/ytyy.py
[2023-11-07T15:42:47.238+0000] {processor.py:756} INFO - Processing file /opt/airflow/dags/ytyy.py for tasks to queue
[2023-11-07T15:42:47.241+0000] {logging_mixin.py:120} INFO - [2023-11-07T15:42:47.240+0000] {dagbag.py:537} INFO - Filling up the DagBag from /opt/airflow/dags/ytyy.py
[2023-11-07T15:42:47.298+0000] {logging_mixin.py:120} INFO - [2023-11-07T15:42:47.297+0000] {dagbag.py:342} ERROR - Failed to import: /opt/airflow/dags/ytyy.py
Traceback (most recent call last):
  File "/home/airflow/.local/lib/python3.7/site-packages/airflow/models/dagbag.py", line 338, in parse
    loader.exec_module(new_module)
  File "<frozen importlib._bootstrap_external>", line 724, in exec_module
  File "<frozen importlib._bootstrap_external>", line 860, in get_code
  File "<frozen importlib._bootstrap_external>", line 791, in source_to_code
  File "<frozen importlib._bootstrap>", line 219, in _call_with_frames_removed
  File "/opt/airflow/dags/ytyy.py", line 40
    ---
      ^
SyntaxError: invalid syntax
[2023-11-07T15:42:47.299+0000] {processor.py:768} WARNING - No viable dags retrieved from /opt/airflow/dags/ytyy.py
[2023-11-07T15:42:47.328+0000] {processor.py:176} INFO - Processing /opt/airflow/dags/ytyy.py took 0.096 seconds
[2023-11-07T15:43:17.911+0000] {processor.py:154} INFO - Started process (PID=232) to work on /opt/airflow/dags/ytyy.py
[2023-11-07T15:43:17.912+0000] {processor.py:756} INFO - Processing file /opt/airflow/dags/ytyy.py for tasks to queue
[2023-11-07T15:43:17.914+0000] {logging_mixin.py:120} INFO - [2023-11-07T15:43:17.914+0000] {dagbag.py:537} INFO - Filling up the DagBag from /opt/airflow/dags/ytyy.py
[2023-11-07T15:43:17.948+0000] {logging_mixin.py:120} INFO - [2023-11-07T15:43:17.947+0000] {dagbag.py:342} ERROR - Failed to import: /opt/airflow/dags/ytyy.py
Traceback (most recent call last):
  File "/home/airflow/.local/lib/python3.7/site-packages/airflow/models/dagbag.py", line 338, in parse
    loader.exec_module(new_module)
  File "<frozen importlib._bootstrap_external>", line 724, in exec_module
  File "<frozen importlib._bootstrap_external>", line 860, in get_code
  File "<frozen importlib._bootstrap_external>", line 791, in source_to_code
  File "<frozen importlib._bootstrap>", line 219, in _call_with_frames_removed
  File "/opt/airflow/dags/ytyy.py", line 40
    ---
      ^
SyntaxError: invalid syntax
[2023-11-07T15:43:17.949+0000] {processor.py:768} WARNING - No viable dags retrieved from /opt/airflow/dags/ytyy.py
[2023-11-07T15:43:17.975+0000] {processor.py:176} INFO - Processing /opt/airflow/dags/ytyy.py took 0.066 seconds
[2023-11-07T15:43:48.746+0000] {processor.py:154} INFO - Started process (PID=277) to work on /opt/airflow/dags/ytyy.py
[2023-11-07T15:43:48.748+0000] {processor.py:756} INFO - Processing file /opt/airflow/dags/ytyy.py for tasks to queue
[2023-11-07T15:43:48.749+0000] {logging_mixin.py:120} INFO - [2023-11-07T15:43:48.749+0000] {dagbag.py:537} INFO - Filling up the DagBag from /opt/airflow/dags/ytyy.py
[2023-11-07T15:43:48.784+0000] {logging_mixin.py:120} INFO - [2023-11-07T15:43:48.783+0000] {dagbag.py:342} ERROR - Failed to import: /opt/airflow/dags/ytyy.py
Traceback (most recent call last):
  File "/home/airflow/.local/lib/python3.7/site-packages/airflow/models/dagbag.py", line 338, in parse
    loader.exec_module(new_module)
  File "<frozen importlib._bootstrap_external>", line 724, in exec_module
  File "<frozen importlib._bootstrap_external>", line 860, in get_code
  File "<frozen importlib._bootstrap_external>", line 791, in source_to_code
  File "<frozen importlib._bootstrap>", line 219, in _call_with_frames_removed
  File "/opt/airflow/dags/ytyy.py", line 40
    ---
      ^
SyntaxError: invalid syntax
[2023-11-07T15:43:48.785+0000] {processor.py:768} WARNING - No viable dags retrieved from /opt/airflow/dags/ytyy.py
[2023-11-07T15:43:48.809+0000] {processor.py:176} INFO - Processing /opt/airflow/dags/ytyy.py took 0.065 seconds
[2023-11-07T15:44:18.901+0000] {processor.py:154} INFO - Started process (PID=314) to work on /opt/airflow/dags/ytyy.py
[2023-11-07T15:44:18.902+0000] {processor.py:756} INFO - Processing file /opt/airflow/dags/ytyy.py for tasks to queue
[2023-11-07T15:44:18.904+0000] {logging_mixin.py:120} INFO - [2023-11-07T15:44:18.903+0000] {dagbag.py:537} INFO - Filling up the DagBag from /opt/airflow/dags/ytyy.py
[2023-11-07T15:44:18.944+0000] {logging_mixin.py:120} INFO - [2023-11-07T15:44:18.943+0000] {dagbag.py:342} ERROR - Failed to import: /opt/airflow/dags/ytyy.py
Traceback (most recent call last):
  File "/home/airflow/.local/lib/python3.7/site-packages/airflow/models/dagbag.py", line 338, in parse
    loader.exec_module(new_module)
  File "<frozen importlib._bootstrap_external>", line 724, in exec_module
  File "<frozen importlib._bootstrap_external>", line 860, in get_code
  File "<frozen importlib._bootstrap_external>", line 791, in source_to_code
  File "<frozen importlib._bootstrap>", line 219, in _call_with_frames_removed
  File "/opt/airflow/dags/ytyy.py", line 40
    ---
      ^
SyntaxError: invalid syntax
[2023-11-07T15:44:18.945+0000] {processor.py:768} WARNING - No viable dags retrieved from /opt/airflow/dags/ytyy.py
[2023-11-07T15:44:18.974+0000] {processor.py:176} INFO - Processing /opt/airflow/dags/ytyy.py took 0.076 seconds
[2023-11-07T15:44:49.512+0000] {processor.py:154} INFO - Started process (PID=359) to work on /opt/airflow/dags/ytyy.py
[2023-11-07T15:44:49.513+0000] {processor.py:756} INFO - Processing file /opt/airflow/dags/ytyy.py for tasks to queue
[2023-11-07T15:44:49.515+0000] {logging_mixin.py:120} INFO - [2023-11-07T15:44:49.515+0000] {dagbag.py:537} INFO - Filling up the DagBag from /opt/airflow/dags/ytyy.py
[2023-11-07T15:44:49.552+0000] {logging_mixin.py:120} INFO - [2023-11-07T15:44:49.551+0000] {dagbag.py:342} ERROR - Failed to import: /opt/airflow/dags/ytyy.py
Traceback (most recent call last):
  File "/home/airflow/.local/lib/python3.7/site-packages/airflow/models/dagbag.py", line 338, in parse
    loader.exec_module(new_module)
  File "<frozen importlib._bootstrap_external>", line 724, in exec_module
  File "<frozen importlib._bootstrap_external>", line 860, in get_code
  File "<frozen importlib._bootstrap_external>", line 791, in source_to_code
  File "<frozen importlib._bootstrap>", line 219, in _call_with_frames_removed
  File "/opt/airflow/dags/ytyy.py", line 40
    ---
      ^
SyntaxError: invalid syntax
[2023-11-07T15:44:49.553+0000] {processor.py:768} WARNING - No viable dags retrieved from /opt/airflow/dags/ytyy.py
[2023-11-07T15:44:49.580+0000] {processor.py:176} INFO - Processing /opt/airflow/dags/ytyy.py took 0.071 seconds
[2023-11-07T15:45:20.048+0000] {processor.py:154} INFO - Started process (PID=395) to work on /opt/airflow/dags/ytyy.py
[2023-11-07T15:45:20.049+0000] {processor.py:756} INFO - Processing file /opt/airflow/dags/ytyy.py for tasks to queue
[2023-11-07T15:45:20.051+0000] {logging_mixin.py:120} INFO - [2023-11-07T15:45:20.050+0000] {dagbag.py:537} INFO - Filling up the DagBag from /opt/airflow/dags/ytyy.py
[2023-11-07T15:45:20.089+0000] {logging_mixin.py:120} INFO - [2023-11-07T15:45:20.088+0000] {dagbag.py:342} ERROR - Failed to import: /opt/airflow/dags/ytyy.py
Traceback (most recent call last):
  File "/home/airflow/.local/lib/python3.7/site-packages/airflow/models/dagbag.py", line 338, in parse
    loader.exec_module(new_module)
  File "<frozen importlib._bootstrap_external>", line 724, in exec_module
  File "<frozen importlib._bootstrap_external>", line 860, in get_code
  File "<frozen importlib._bootstrap_external>", line 791, in source_to_code
  File "<frozen importlib._bootstrap>", line 219, in _call_with_frames_removed
  File "/opt/airflow/dags/ytyy.py", line 40
    ---
      ^
SyntaxError: invalid syntax
[2023-11-07T15:45:20.090+0000] {processor.py:768} WARNING - No viable dags retrieved from /opt/airflow/dags/ytyy.py
[2023-11-07T15:45:20.114+0000] {processor.py:176} INFO - Processing /opt/airflow/dags/ytyy.py took 0.069 seconds
[2023-11-07T15:45:50.181+0000] {processor.py:154} INFO - Started process (PID=440) to work on /opt/airflow/dags/ytyy.py
[2023-11-07T15:45:50.182+0000] {processor.py:756} INFO - Processing file /opt/airflow/dags/ytyy.py for tasks to queue
[2023-11-07T15:45:50.183+0000] {logging_mixin.py:120} INFO - [2023-11-07T15:45:50.183+0000] {dagbag.py:537} INFO - Filling up the DagBag from /opt/airflow/dags/ytyy.py
[2023-11-07T15:45:50.205+0000] {logging_mixin.py:120} INFO - [2023-11-07T15:45:50.204+0000] {dagbag.py:342} ERROR - Failed to import: /opt/airflow/dags/ytyy.py
Traceback (most recent call last):
  File "/home/airflow/.local/lib/python3.7/site-packages/airflow/models/dagbag.py", line 338, in parse
    loader.exec_module(new_module)
  File "<frozen importlib._bootstrap_external>", line 724, in exec_module
  File "<frozen importlib._bootstrap_external>", line 860, in get_code
  File "<frozen importlib._bootstrap_external>", line 791, in source_to_code
  File "<frozen importlib._bootstrap>", line 219, in _call_with_frames_removed
  File "/opt/airflow/dags/ytyy.py", line 40
    ---
      ^
SyntaxError: invalid syntax
[2023-11-07T15:45:50.206+0000] {processor.py:768} WARNING - No viable dags retrieved from /opt/airflow/dags/ytyy.py
[2023-11-07T15:45:50.228+0000] {processor.py:176} INFO - Processing /opt/airflow/dags/ytyy.py took 0.049 seconds
[2023-11-07T15:46:20.340+0000] {processor.py:154} INFO - Started process (PID=475) to work on /opt/airflow/dags/ytyy.py
[2023-11-07T15:46:20.341+0000] {processor.py:756} INFO - Processing file /opt/airflow/dags/ytyy.py for tasks to queue
[2023-11-07T15:46:20.344+0000] {logging_mixin.py:120} INFO - [2023-11-07T15:46:20.343+0000] {dagbag.py:537} INFO - Filling up the DagBag from /opt/airflow/dags/ytyy.py
[2023-11-07T15:46:20.367+0000] {logging_mixin.py:120} INFO - [2023-11-07T15:46:20.366+0000] {dagbag.py:342} ERROR - Failed to import: /opt/airflow/dags/ytyy.py
Traceback (most recent call last):
  File "/home/airflow/.local/lib/python3.7/site-packages/airflow/models/dagbag.py", line 338, in parse
    loader.exec_module(new_module)
  File "<frozen importlib._bootstrap_external>", line 724, in exec_module
  File "<frozen importlib._bootstrap_external>", line 860, in get_code
  File "<frozen importlib._bootstrap_external>", line 791, in source_to_code
  File "<frozen importlib._bootstrap>", line 219, in _call_with_frames_removed
  File "/opt/airflow/dags/ytyy.py", line 40
    ---
      ^
SyntaxError: invalid syntax
[2023-11-07T15:46:20.368+0000] {processor.py:768} WARNING - No viable dags retrieved from /opt/airflow/dags/ytyy.py
[2023-11-07T15:46:20.389+0000] {processor.py:176} INFO - Processing /opt/airflow/dags/ytyy.py took 0.056 seconds
[2023-11-07T15:46:51.154+0000] {processor.py:154} INFO - Started process (PID=520) to work on /opt/airflow/dags/ytyy.py
[2023-11-07T15:46:51.155+0000] {processor.py:756} INFO - Processing file /opt/airflow/dags/ytyy.py for tasks to queue
[2023-11-07T15:46:51.157+0000] {logging_mixin.py:120} INFO - [2023-11-07T15:46:51.157+0000] {dagbag.py:537} INFO - Filling up the DagBag from /opt/airflow/dags/ytyy.py
[2023-11-07T15:46:51.191+0000] {logging_mixin.py:120} INFO - [2023-11-07T15:46:51.190+0000] {dagbag.py:342} ERROR - Failed to import: /opt/airflow/dags/ytyy.py
Traceback (most recent call last):
  File "/home/airflow/.local/lib/python3.7/site-packages/airflow/models/dagbag.py", line 338, in parse
    loader.exec_module(new_module)
  File "<frozen importlib._bootstrap_external>", line 724, in exec_module
  File "<frozen importlib._bootstrap_external>", line 860, in get_code
  File "<frozen importlib._bootstrap_external>", line 791, in source_to_code
  File "<frozen importlib._bootstrap>", line 219, in _call_with_frames_removed
  File "/opt/airflow/dags/ytyy.py", line 40
    ---
      ^
SyntaxError: invalid syntax
[2023-11-07T15:46:51.192+0000] {processor.py:768} WARNING - No viable dags retrieved from /opt/airflow/dags/ytyy.py
[2023-11-07T15:46:51.217+0000] {processor.py:176} INFO - Processing /opt/airflow/dags/ytyy.py took 0.066 seconds
[2023-11-07T15:47:21.925+0000] {processor.py:154} INFO - Started process (PID=556) to work on /opt/airflow/dags/ytyy.py
[2023-11-07T15:47:21.927+0000] {processor.py:756} INFO - Processing file /opt/airflow/dags/ytyy.py for tasks to queue
[2023-11-07T15:47:21.929+0000] {logging_mixin.py:120} INFO - [2023-11-07T15:47:21.928+0000] {dagbag.py:537} INFO - Filling up the DagBag from /opt/airflow/dags/ytyy.py
[2023-11-07T15:47:22.014+0000] {logging_mixin.py:120} INFO - [2023-11-07T15:47:22.013+0000] {dagbag.py:342} ERROR - Failed to import: /opt/airflow/dags/ytyy.py
Traceback (most recent call last):
  File "/home/airflow/.local/lib/python3.7/site-packages/airflow/models/dagbag.py", line 338, in parse
    loader.exec_module(new_module)
  File "<frozen importlib._bootstrap_external>", line 724, in exec_module
  File "<frozen importlib._bootstrap_external>", line 860, in get_code
  File "<frozen importlib._bootstrap_external>", line 791, in source_to_code
  File "<frozen importlib._bootstrap>", line 219, in _call_with_frames_removed
  File "/opt/airflow/dags/ytyy.py", line 40
    ---
      ^
SyntaxError: invalid syntax
[2023-11-07T15:47:22.016+0000] {processor.py:768} WARNING - No viable dags retrieved from /opt/airflow/dags/ytyy.py
[2023-11-07T15:47:22.048+0000] {processor.py:176} INFO - Processing /opt/airflow/dags/ytyy.py took 0.125 seconds
[2023-11-07T15:47:53.051+0000] {processor.py:154} INFO - Started process (PID=603) to work on /opt/airflow/dags/ytyy.py
[2023-11-07T15:47:53.053+0000] {processor.py:756} INFO - Processing file /opt/airflow/dags/ytyy.py for tasks to queue
[2023-11-07T15:47:53.054+0000] {logging_mixin.py:120} INFO - [2023-11-07T15:47:53.054+0000] {dagbag.py:537} INFO - Filling up the DagBag from /opt/airflow/dags/ytyy.py
[2023-11-07T15:47:53.099+0000] {logging_mixin.py:120} INFO - [2023-11-07T15:47:53.098+0000] {dagbag.py:342} ERROR - Failed to import: /opt/airflow/dags/ytyy.py
Traceback (most recent call last):
  File "/home/airflow/.local/lib/python3.7/site-packages/airflow/models/dagbag.py", line 338, in parse
    loader.exec_module(new_module)
  File "<frozen importlib._bootstrap_external>", line 724, in exec_module
  File "<frozen importlib._bootstrap_external>", line 860, in get_code
  File "<frozen importlib._bootstrap_external>", line 791, in source_to_code
  File "<frozen importlib._bootstrap>", line 219, in _call_with_frames_removed
  File "/opt/airflow/dags/ytyy.py", line 40
    ---
      ^
SyntaxError: invalid syntax
[2023-11-07T15:47:53.100+0000] {processor.py:768} WARNING - No viable dags retrieved from /opt/airflow/dags/ytyy.py
[2023-11-07T15:47:53.127+0000] {processor.py:176} INFO - Processing /opt/airflow/dags/ytyy.py took 0.085 seconds
