[2023-10-31T21:20:26.550+0000] {taskinstance.py:1165} INFO - Dependencies all met for <TaskInstance: user_processing.extract_user manual__2023-10-31T21:20:22.552852+00:00 [queued]>
[2023-10-31T21:20:26.566+0000] {taskinstance.py:1165} INFO - Dependencies all met for <TaskInstance: user_processing.extract_user manual__2023-10-31T21:20:22.552852+00:00 [queued]>
[2023-10-31T21:20:26.567+0000] {taskinstance.py:1362} INFO - 
--------------------------------------------------------------------------------
[2023-10-31T21:20:26.567+0000] {taskinstance.py:1363} INFO - Starting attempt 1 of 1
[2023-10-31T21:20:26.568+0000] {taskinstance.py:1364} INFO - 
--------------------------------------------------------------------------------
[2023-10-31T21:20:26.585+0000] {taskinstance.py:1383} INFO - Executing <Task(SimpleHttpOperator): extract_user> on 2023-10-31 21:20:22.552852+00:00
[2023-10-31T21:20:26.592+0000] {standard_task_runner.py:55} INFO - Started process 4983 to run task
[2023-10-31T21:20:26.594+0000] {standard_task_runner.py:82} INFO - Running: ['***', 'tasks', 'run', 'user_processing', 'extract_user', 'manual__2023-10-31T21:20:22.552852+00:00', '--job-id', '45', '--raw', '--subdir', 'DAGS_FOLDER/user_processing.py', '--cfg-path', '/tmp/tmp6swwcas6']
[2023-10-31T21:20:26.596+0000] {standard_task_runner.py:83} INFO - Job 45: Subtask extract_user
[2023-10-31T21:20:26.662+0000] {task_command.py:376} INFO - Running <TaskInstance: user_processing.extract_user manual__2023-10-31T21:20:22.552852+00:00 [running]> on host 185b9feffea7
[2023-10-31T21:20:26.749+0000] {taskinstance.py:1592} INFO - Exporting the following env vars:
AIRFLOW_CTX_DAG_OWNER=***
AIRFLOW_CTX_DAG_ID=user_processing
AIRFLOW_CTX_TASK_ID=extract_user
AIRFLOW_CTX_EXECUTION_DATE=2023-10-31T21:20:22.552852+00:00
AIRFLOW_CTX_TRY_NUMBER=1
AIRFLOW_CTX_DAG_RUN_ID=manual__2023-10-31T21:20:22.552852+00:00
[2023-10-31T21:20:26.750+0000] {http.py:121} INFO - Calling HTTP method
[2023-10-31T21:20:26.760+0000] {base.py:71} INFO - Using connection ID 'user_api' for task execution.
[2023-10-31T21:20:26.762+0000] {http.py:148} INFO - Sending 'GET' to url: https://randomuser.me/api/
[2023-10-31T21:20:26.937+0000] {http.py:125} INFO - {"results":[{"gender":"male","name":{"title":"Mr","first":"Nero","last":"da Mata"},"location":{"street":{"number":2103,"name":"Rua Maranhão "},"city":"Brusque","state":"Bahia","country":"Brazil","postcode":57051,"coordinates":{"latitude":"-77.6735","longitude":"-145.8637"},"timezone":{"offset":"-3:00","description":"Brazil, Buenos Aires, Georgetown"}},"email":"nero.damata@example.com","login":{"uuid":"b4536228-25e3-4d39-ab70-52cade96d0d1","username":"heavybear382","password":"poopoo","salt":"jv5l2oJN","md5":"29df7030084489a25cc34e5860461876","sha1":"f4de00a4d5c158b6dfe562c591f0a9f7dee97382","sha256":"2f5236615dac48c685199f1fbaebc649f4a347e6af019a2b6a5b04ea0c7242ae"},"dob":{"date":"1954-09-23T11:52:52.479Z","age":69},"registered":{"date":"2018-05-13T06:33:18.954Z","age":5},"phone":"(89) 6480-8099","cell":"(48) 4226-2131","id":{"name":"CPF","value":"429.496.167-13"},"picture":{"large":"https://randomuser.me/api/portraits/men/67.jpg","medium":"https://randomuser.me/api/portraits/med/men/67.jpg","thumbnail":"https://randomuser.me/api/portraits/thumb/men/67.jpg"},"nat":"BR"}],"info":{"seed":"2abf366bddb2ea18","results":1,"page":1,"version":"1.4"}}
[2023-10-31T21:20:26.968+0000] {taskinstance.py:1406} INFO - Marking task as SUCCESS. dag_id=user_processing, task_id=extract_user, execution_date=20231031T212022, start_date=20231031T212026, end_date=20231031T212026
[2023-10-31T21:20:27.007+0000] {local_task_job.py:164} INFO - Task exited with return code 0
[2023-10-31T21:20:27.049+0000] {local_task_job.py:273} INFO - 0 downstream tasks scheduled from follow-on schedule check
