[2023-11-13T11:21:12.837+0000] {taskinstance.py:1087} INFO - Dependencies all met for <TaskInstance: customers.read_customers manual__2023-11-13T11:21:06.462932+00:00 [queued]>
[2023-11-13T11:21:12.854+0000] {taskinstance.py:1087} INFO - Dependencies all met for <TaskInstance: customers.read_customers manual__2023-11-13T11:21:06.462932+00:00 [queued]>
[2023-11-13T11:21:12.855+0000] {taskinstance.py:1283} INFO - 
--------------------------------------------------------------------------------
[2023-11-13T11:21:12.857+0000] {taskinstance.py:1284} INFO - Starting attempt 1 of 1
[2023-11-13T11:21:12.858+0000] {taskinstance.py:1285} INFO - 
--------------------------------------------------------------------------------
[2023-11-13T11:21:12.880+0000] {taskinstance.py:1304} INFO - Executing <Task(PythonOperator): read_customers> on 2023-11-13 11:21:06.462932+00:00
[2023-11-13T11:21:12.887+0000] {standard_task_runner.py:55} INFO - Started process 6852 to run task
[2023-11-13T11:21:12.891+0000] {standard_task_runner.py:82} INFO - Running: ['***', 'tasks', 'run', 'customers', 'read_customers', 'manual__2023-11-13T11:21:06.462932+00:00', '--job-id', '636', '--raw', '--subdir', 'DAGS_FOLDER/customer.py', '--cfg-path', '/tmp/tmpwatwg1kh']
[2023-11-13T11:21:12.895+0000] {standard_task_runner.py:83} INFO - Job 636: Subtask read_customers
[2023-11-13T11:21:12.987+0000] {task_command.py:389} INFO - Running <TaskInstance: customers.read_customers manual__2023-11-13T11:21:06.462932+00:00 [running]> on host 06d7566f07d2
[2023-11-13T11:21:13.557+0000] {taskinstance.py:1513} INFO - Exporting the following env vars:
AIRFLOW_CTX_DAG_OWNER=Tetiana
AIRFLOW_CTX_DAG_ID=customers
AIRFLOW_CTX_TASK_ID=read_customers
AIRFLOW_CTX_EXECUTION_DATE=2023-11-13T11:21:06.462932+00:00
AIRFLOW_CTX_TRY_NUMBER=1
AIRFLOW_CTX_DAG_RUN_ID=manual__2023-11-13T11:21:06.462932+00:00
[2023-11-13T11:21:13.584+0000] {logging_mixin.py:137} INFO - An error occurred for country Pitcairn Islands: (0) Missing or invalid default region.. Adding '+' to the phone number.
[2023-11-13T11:21:13.591+0000] {logging_mixin.py:137} INFO - An error occurred for country Vietnam: (0) Missing or invalid default region.. Adding '+' to the phone number.
[2023-11-13T11:21:13.614+0000] {logging_mixin.py:137} INFO - An error occurred for country Tanzania: (0) Missing or invalid default region.. Adding '+' to the phone number.
[2023-11-13T11:21:13.632+0000] {logging_mixin.py:137} INFO - An error occurred for country Bolivia: (0) Missing or invalid default region.. Adding '+' to the phone number.
[2023-11-13T11:21:13.655+0000] {base.py:73} INFO - Using connection ID 'postgres' for task execution.
[2023-11-13T11:21:13.701+0000] {sql.py:462} INFO - Done loading. Loaded a total of 50 rows into customers
[2023-11-13T11:21:13.703+0000] {python.py:177} INFO - Done. Returned value was: None
[2023-11-13T11:21:13.729+0000] {taskinstance.py:1327} INFO - Marking task as SUCCESS. dag_id=customers, task_id=read_customers, execution_date=20231113T112106, start_date=20231113T112112, end_date=20231113T112113
[2023-11-13T11:21:13.795+0000] {local_task_job.py:159} INFO - Task exited with return code 0
[2023-11-13T11:21:13.835+0000] {taskinstance.py:2582} INFO - 1 downstream tasks scheduled from follow-on schedule check
